Frame: 123
X_framed shape: (1024,)
X_framed dtype: complex128
X_framed:
[-5.75060039e+01-0.00000000e+00j -2.66164838e+01+4.78429903e+01j
  2.51759735e+01+3.99004475e+01j  3.65412147e+01-2.91279517e+00j
  9.30813556e+00-2.37925791e+01j -1.14176605e+01-1.11380869e+01j
 -8.06561035e+00+4.14981401e+00j  1.07171469e+00+4.81501664e+00j
  2.58944684e+00+2.48657366e-01j  7.69455746e-01-8.58095033e-01j
  3.81697284e-01-3.96920723e-01j  4.91470938e-01-5.61628062e-01j
  3.00161022e-01-8.97116582e-01j -2.26850348e-01-1.27317055e+00j
 -1.34730900e+00-1.06755917e+00j -1.91526864e+00+3.42957018e-01j
 -9.67000019e-01+1.56348652e+00j  1.89528966e-01+1.50881251e+00j
  7.59922619e-01+1.24313741e+00j  1.73959611e+00+8.61585894e-01j
  2.37680460e+00-1.01371368e+00j  4.18801973e-01-3.03639407e+00j
 -2.78035287e+00-1.81165115e+00j -2.79229704e+00+2.00411550e+00j
  1.00693727e+00+3.41872813e+00j  3.76151003e+00+2.36499803e-01j
  1.77642628e+00-3.57968064e+00j -2.51512354e+00-3.26276490e+00j
 -3.96983434e+00+6.39497507e-01j -1.28431416e+00+3.40251146e+00j
  1.90850873e+00+2.29332838e+00j  2.11374977e+00-5.13689334e-01j
  3.94305311e-02-1.45424840e+00j -1.21541182e+00-2.82444520e-02j
 -3.11586678e-01+1.44601175e+00j  1.34934031e+00+1.15982748e+00j
  1.82527394e+00-4.11298258e-01j  7.69634173e-01-1.48045233e+00j
 -3.77134662e-01-1.08540225e+00j -2.72412044e-01-2.82642021e-01j
  3.20147118e-01-6.55726415e-01j -4.47952013e-01-1.65374953e+00j
 -2.32767036e+00-1.06376174e+00j -2.77492504e+00+1.44531118e+00j
 -5.92958736e-01+3.32317708e+00j  2.22514708e+00+2.48349586e+00j
  3.08607583e+00-1.74424738e-01j  1.58713999e+00-2.23081664e+00j
 -7.05247547e-01-2.22908991e+00j -1.86458121e+00-4.93215083e-01j
 -9.86378453e-01+1.23499486e+00j  8.63217538e-01+1.15426726e+00j
  1.45932376e+00-5.73856051e-01j  7.16394533e-02-1.76559334e+00j
 -1.52847846e+00-9.88967091e-01j -1.51050709e+00+6.28851429e-01j
 -2.94472585e-01+1.20331209e+00j  4.79190436e-01+5.49147960e-01j
  2.28855097e-01-1.13087081e-01j -2.76285000e-01-2.95452515e-02j
 -2.74208724e-01+4.08412858e-01j  1.07267974e-01+5.07603454e-01j
  2.44122226e-01+2.34816859e-01j -4.18826069e-03+1.96420877e-01j
  1.26917039e-02+6.65184394e-01j  8.05774895e-01+9.45767255e-01j
  1.76794702e+00+1.65296175e-01j  1.64997321e+00-1.43067532e+00j
  3.23532629e-02-2.42282521e+00j -1.91875107e+00-1.57586791e+00j
 -2.29287115e+00+6.91017307e-01j -4.07479703e-01+2.22326717e+00j
  1.92331303e+00+1.17569396e+00j  1.95987767e+00-1.52415172e+00j
 -5.97501897e-01-2.76792060e+00j -2.91501901e+00-9.99547033e-01j
 -2.49032214e+00+1.80035263e+00j -1.25700926e-01+2.75159153e+00j
  1.54882198e+00+1.52374564e+00j  1.44384901e+00+5.75163307e-02j
  7.19618600e-01-2.89995487e-01j  6.54467498e-01-1.17580934e-01j
  8.91500869e-01-5.69983331e-01j  2.35063042e-01-1.34486535e+00j
 -1.11760517e+00-9.59205517e-01j -1.28631589e+00+7.25643205e-01j
  4.73427358e-01+1.52010294e+00j  1.91521342e+00-1.11752686e-01j
  6.76379445e-01-2.20720411e+00j -1.91025309e+00-1.71533318e+00j
 -2.41083034e+00+9.24689741e-01j -2.79174054e-01+2.31320246e+00j
  1.53450981e+00+1.04898841e+00j  1.08942391e+00-6.48569919e-01j
 -1.98267370e-01-6.82193473e-01j -3.98492946e-01+2.22449268e-01j
  2.42306033e-01+5.05024330e-01j  6.24931401e-01+1.71500242e-01j
  7.61339875e-01-1.40272905e-01j  9.39614124e-01-6.88925340e-01j
  4.92460057e-01-1.66364659e+00j -1.00358110e+00-2.02417679e+00j
 -2.41954735e+00-8.73895562e-01j -2.43448182e+00+9.74808860e-01j
 -1.29122550e+00+2.14346405e+00j  3.93821992e-02+2.42790203e+00j
  1.36913446e+00+2.17234787e+00j  2.64511551e+00+1.06105619e+00j
  2.91231077e+00-1.00469100e+00j  1.44791597e+00-2.79013830e+00j
 -8.61007097e-01-2.92788584e+00j -2.50216242e+00-1.51146002e+00j
 -2.86565287e+00+5.16745981e-01j -1.87138282e+00+2.47686210e+00j
  5.57168430e-01+3.40880894e+00j  3.29354033e+00+1.94437271e+00j
  3.75246696e+00-1.54986105e+00j  8.68182435e-01-3.93014781e+00j
 -2.57096032e+00-2.57935590e+00j -2.81698914e+00+8.28388184e-01j
 -7.65947487e-02+2.11164708e+00j  1.70796093e+00+5.63262271e-02j
  1.83461608e-01-2.12588687e+00j -2.48732203e+00-1.31673299e+00j
 -2.85846219e+00+1.55971616e+00j -5.92944527e-01+3.24202413e+00j
  1.73666705e+00+2.37000937e+00j  2.24122170e+00+5.28929249e-01j
  1.59086854e+00-4.14991929e-01j  1.31706480e+00-6.07088053e-01j
  1.37981473e+00-1.33644749e+00j  3.63739959e-01-2.54591999e+00j
 -1.93742865e+00-2.39245429e+00j -3.31818371e+00+7.37175750e-02j
 -1.76270923e+00+2.74715918e+00j  1.33732642e+00+2.62687699e+00j
  2.45826973e+00-4.53773755e-02j  6.22659707e-01-1.83179521e+00j
 -1.30704528e+00-7.99573378e-01j -8.62283477e-01+9.94527977e-01j
  6.90580947e-01+9.39332456e-01j  8.63536538e-01-3.26289961e-01j
 -1.24540914e-01-5.58216903e-01j -2.77136419e-01+2.65311771e-01j
  5.59707863e-01+3.28940084e-01j  6.72568689e-01-6.30881315e-01j
 -3.54731256e-01-9.67889000e-01j -9.85427015e-01-5.96999128e-02j
 -3.93363836e-01+7.70588827e-01j  4.15734294e-01+5.90149545e-01j
  5.75200056e-01+6.07995793e-02j  4.96603076e-01-1.92374550e-01j
  4.72195977e-01-5.20725361e-01j  6.52199947e-03-9.20625803e-01j
 -7.34928748e-01-6.21774305e-01j -6.81202909e-01+1.95718248e-01j
  6.42877312e-02+1.94310836e-01j -8.35519207e-02-6.37252187e-01j
 -1.30075448e+00-4.41595516e-01j -1.43993624e+00+1.24100011e+00j
  4.10438932e-01+2.04713471e+00j  1.87283660e+00+4.87894243e-01j
  8.90279248e-01-1.32277040e+00j -9.37843110e-01-9.28351613e-01j
 -1.03555932e+00+7.27818815e-01j  3.11855434e-01+1.27083026e+00j
  1.23514859e+00+4.64696943e-01j  1.25021398e+00-5.64261776e-01j
  6.43809162e-01-1.47581246e+00j -8.22597077e-01-1.84294605e+00j
 -2.38171988e+00-5.16167974e-01j -1.89693715e+00+1.92748970e+00j
  7.42223215e-01+2.60364418e+00j  2.36722967e+00+4.39048337e-01j
  9.59312644e-01-1.60568314e+00j -1.07399147e+00-7.89429550e-01j
 -5.29441166e-01+1.18713085e+00j  1.65633721e+00+8.38877031e-01j
  1.83873558e+00-1.75333518e+00j -9.17722098e-01-2.97850988e+00j
 -3.40268909e+00-7.69858318e-01j -2.53051128e+00+2.55690247e+00j
  6.93457535e-01+3.32767590e+00j  2.64595641e+00+1.13216942e+00j
  1.78883668e+00-1.03743252e+00j  2.15650598e-01-1.04865656e+00j
  1.62290026e-01-2.04724947e-01j  7.99643396e-01-6.30036679e-01j
  2.81203450e-02-1.71748015e+00j -1.76257925e+00-1.18217637e+00j
 -2.00574762e+00+1.03042075e+00j  8.04352790e-02+2.22099254e+00j
  2.02242622e+00+7.38869961e-01j  1.40291661e+00-1.58667921e+00j
 -9.14555126e-01-1.89819551e+00j -2.08987351e+00+3.33724844e-02j
 -9.01583688e-01+1.86367664e+00j  1.19654329e+00+1.69469641e+00j
  2.11056058e+00-1.21629558e-01j  1.14315658e+00-1.83514285e+00j
 -7.39949404e-01-2.03001315e+00j -1.91789758e+00-7.02536535e-01j
 -1.55455300e+00+8.26750436e-01j -3.69147480e-01+1.26730987e+00j
  3.18997855e-01+7.28630222e-01j  2.25429149e-01+2.76613555e-01j
  1.02982662e-01+3.15706673e-01j  2.92953275e-01+2.95546849e-01j
  2.79678019e-01-2.79567413e-02j -1.80172553e-01-4.27638954e-02j
 -3.40657971e-01+6.77544161e-01j  6.24709901e-01+1.35609325e+00j
  2.18404229e+00+6.14260490e-01j  2.46312487e+00-1.66234429e+00j
  3.55446120e-01-3.46840120e+00j -2.59950119e+00-2.66691548e+00j
 -3.64654881e+00+2.13777974e-01j -2.15454950e+00+2.53531554e+00j
  3.18583453e-02+2.91192068e+00j  1.53987878e+00+2.17896097e+00j
  2.57852166e+00+1.01691378e+00j  2.96257990e+00-8.85130998e-01j
  1.69620901e+00-2.89837527e+00j -8.52618895e-01-3.29934611e+00j
 -2.75421822e+00-1.71441122e+00j -2.98658967e+00+4.40162667e-01j
 -2.03706860e+00+2.11720121e+00j -2.25336436e-01+3.06057816e+00j
  2.13914315e+00+2.45836549e+00j  3.30133497e+00-1.20314754e-01j
  1.61945549e+00-2.64295464e+00j -1.38775995e+00-2.30771508e+00j
 -2.24158259e+00+4.54733247e-01j -9.05602742e-02+2.15878059e+00j
  2.19941765e+00+8.40418971e-01j  1.98908362e+00-1.69411207e+00j
 -1.38637044e-01-2.72639274e+00j -1.99869381e+00-1.79625217e+00j
 -2.60824999e+00-1.33044873e-01j -2.21886429e+00+1.46049435e+00j
 -8.73657323e-01+2.70425847e+00j  1.35316883e+00+2.72955234e+00j
  3.06021763e+00+7.37002991e-01j  2.31630925e+00-2.06806627e+00j
 -5.86173952e-01-2.88822235e+00j -2.61134974e+00-7.19129939e-01j
 -1.51448686e+00+1.84538414e+00j  1.02850276e+00+1.69423854e+00j
  1.51121103e+00-6.09507185e-01j -6.15872464e-01-1.57913883e+00j
 -2.23672816e+00+3.66664767e-01j -8.86804908e-01+2.84225782e+00j
  2.15388559e+00+2.81853064e+00j  3.86779759e+00+2.29366285e-01j
  2.97198971e+00-2.65994434e+00j  3.81190244e-01-3.96218461e+00j
 -2.33415421e+00-3.13434208e+00j -3.68412144e+00-6.16916963e-01j
 -2.67352227e+00+2.05753881e+00j -2.21480282e-02+2.77359690e+00j
  1.74442831e+00+9.97333309e-01j  8.91634700e-01-1.06848318e+00j
 -1.19778335e+00-8.62486921e-01j -1.60541237e+00+1.27084835e+00j
  3.77360288e-01+2.50297638e+00j  2.41202689e+00+1.21061150e+00j
  2.25588626e+00-1.07317602e+00j  5.01607996e-01-1.90633742e+00j
 -6.19276605e-01-1.05575916e+00j -3.45118086e-01-3.16488433e-01j
 -5.77713043e-02-6.93863980e-01j -9.11995031e-01-1.06564109e+00j
 -1.97808430e+00-2.19245974e-02j -1.45765629e+00+1.85398551e+00j
  7.25726547e-01+2.42647111e+00j  2.41592385e+00+6.94326757e-01j
  1.66350159e+00-1.63995064e+00j -7.06120543e-01-1.94340613e+00j
 -1.82107790e+00+4.32349068e-02j -3.86045706e-01+1.66390707e+00j
  1.49140556e+00+8.25469730e-01j  1.23868671e+00-1.06732279e+00j
 -4.26377716e-01-1.25450903e+00j -7.37663859e-01+1.06730685e-01j
  5.77940650e-01+2.78294028e-01j  7.50371926e-01-1.42595163e+00j
 -1.45968521e+00-2.19309287e+00j -3.38055345e+00-3.20941798e-02j
 -2.21858121e+00+2.91877236e+00j  8.44888086e-01+3.31782447e+00j
  2.43675205e+00+1.19406622e+00j  1.60492961e+00-5.83261706e-01j
  4.26176144e-01-5.16584944e-01j  5.05389035e-01+6.76724992e-02j
  1.03582189e+00-3.11456876e-01j  6.76080725e-01-1.17104097e+00j
 -3.67358472e-01-1.26388074e+00j -9.88582136e-01-4.80884683e-01j
 -7.84821209e-01+3.75428517e-01j -8.47258792e-02+7.86166267e-01j
  7.83508161e-01+5.66684126e-01j  1.29054354e+00-4.60062236e-01j
  5.77812432e-01-1.77048765e+00j -1.24891279e+00-1.88655456e+00j
 -2.39227815e+00-1.90797665e-01j -1.44900804e+00+1.61829909e+00j
  3.25049391e-01+1.54908562e+00j  6.76205159e-01+2.97543857e-01j
 -1.45987388e-01+1.28085155e-01j  9.16414037e-02+1.04721494e+00j
  1.58512771e+00+7.21778201e-01j  1.77851725e+00-1.38790915e+00j
 -5.04527703e-01-2.58244796e+00j -2.76939170e+00-8.22884761e-01j
 -2.14992180e+00+2.11052256e+00j  7.43320081e-01+2.88497749e+00j
  2.69919692e+00+7.40519963e-01j  1.72677215e+00-1.85270014e+00j
 -9.01694203e-01-2.10039235e+00j -2.16194571e+00+1.06240485e-01j
 -6.64156761e-01+2.07517237e+00j  1.66571746e+00+1.45608969e+00j
  1.96591218e+00-8.34488754e-01j  1.06968466e-01-1.90770717e+00j
 -1.43257880e+00-7.41083224e-01j -1.03761903e+00+9.23228670e-01j
  4.58248921e-01+1.26897607e+00j  1.45790649e+00+2.27520374e-01j
  1.18691737e+00-1.19964030e+00j -1.87530400e-01-1.90370542e+00j
 -1.69146202e+00-1.21963791e+00j -2.12396201e+00+4.20967103e-01j
 -1.22414687e+00+1.80004000e+00j  2.97616388e-01+2.18946781e+00j
  1.77773517e+00+1.53033896e+00j  2.54707555e+00-1.59406249e-01j
  1.65297989e+00-2.10493143e+00j -5.99171556e-01-2.47175308e+00j
 -1.90175651e+00-7.42803307e-01j -8.96815788e-01+7.65208395e-01j
  3.81985651e-01+4.52678121e-02j -5.45853643e-01-1.24915080e+00j
 -2.47561456e+00-2.06385688e-01j -2.07153436e+00+2.63015712e+00j
  1.12953806e+00+3.68973026e+00j  3.81481775e+00+1.24584621e+00j
  3.09056668e+00-2.32366982e+00j -1.52297575e-01-3.49455551e+00j
 -2.55799474e+00-1.53285543e+00j -2.11630645e+00+1.10159636e+00j
 -9.72859661e-03+1.78105025e+00j  1.19849450e+00+4.41648573e-01j
  5.14876905e-01-9.09954883e-01j -8.60179450e-01-7.69603529e-01j
 -1.31969991e+00+5.33766058e-01j -3.82195755e-01+1.66569869e+00j
  1.23260364e+00+1.52194169e+00j  2.13514174e+00-4.99977974e-02j
  1.22580779e+00-1.83117438e+00j -9.03297055e-01-1.95240024e+00j
 -2.01428277e+00-7.88140331e-02j -8.07858812e-01+1.67586134e+00j
  1.14198069e+00+1.27175885e+00j  1.43785651e+00-4.68310155e-01j
  1.80955361e-01-1.18313864e+00j -5.75337191e-01-4.68538596e-01j
 -2.09387656e-01+7.78406539e-03j -1.09819123e-01-3.63738458e-01j
 -7.99382747e-01-2.66285026e-01j -8.49468366e-01+8.40651806e-01j
  5.23698750e-01+1.37026548e+00j  1.71963218e+00+6.81159071e-02j
  9.16331370e-01-1.75411045e+00j -1.20871522e+00-1.82982969e+00j
 -2.28529147e+00+2.76015172e-02j -1.28110644e+00+1.79150708e+00j
  4.86974375e-01+1.88209554e+00j  1.36096688e+00+7.93861373e-01j
  1.21055011e+00-1.70986095e-01j  7.75237641e-01-6.62444937e-01j
  2.14216536e-01-9.42206535e-01j -5.43175067e-01-7.39234103e-01j
 -7.79920340e-01+1.48256574e-01j  6.91559608e-02+6.95366527e-01j
  8.59242090e-01-1.47197335e-01j  7.52987478e-04-1.30499083e+00j
 -1.71897260e+00-6.27474963e-01j -1.64439264e+00+1.65997439e+00j
  8.56591551e-01+2.60991771e+00j  2.94952060e+00+5.37314625e-01j
  1.93810876e+00-2.35784060e+00j -1.08082354e+00-2.70366393e+00j
 -2.61489132e+00-2.53685473e-01j -1.14892364e+00+1.98139397e+00j
  1.25785911e+00+1.56600398e+00j  1.74239952e+00-6.24469100e-01j
  9.53023757e-03-1.79516844e+00j -1.61204857e+00-6.83916161e-01j
 -1.21333365e+00+1.09486833e+00j  3.80942950e-01+1.34935939e+00j
  1.02529102e+00+2.13615959e-01j  4.00695669e-01-4.21860040e-01j
  1.18594344e-01-7.04992597e-02j  6.28397773e-01-2.20742944e-01j
  3.25794739e-01-1.26786161e+00j -1.31592623e+00-1.32737131e+00j
 -2.17551714e+00+5.42528238e-01j -6.90985566e-01+2.25899413e+00j
  1.49045290e+00+1.66189097e+00j  1.89165469e+00-3.71207630e-01j
  5.06424576e-01-1.48375233e+00j -8.47104090e-01-9.38202930e-01j
 -1.04321502e+00+2.27437614e-01j -3.42610038e-01+8.84943508e-01j
  4.02935003e-01+7.29700146e-01j  6.31442793e-01+2.57151704e-01j
  6.04799498e-01+2.51831063e-02j  7.73949870e-01-2.32828796e-01j
  6.54229178e-01-9.42585809e-01j -3.40623213e-01-1.33210010e+00j
 -1.24735834e+00-5.06818018e-01j -8.60975810e-01+5.44656590e-01j
 -1.04488054e-01+4.40287262e-01j -3.94011922e-01+1.01312810e-01j
 -6.49417052e-01+9.70965513e-01j  7.71624496e-01+1.71472975e+00j
  2.39415175e+00+2.50115966e-01j  1.58132680e+00-2.13871639e+00j
 -9.70590316e-01-2.41817858e+00j -2.24878127e+00-4.52538850e-01j
 -1.34223509e+00+1.27710236e+00j  1.85503889e-01+1.43304747e+00j
  1.06403463e+00+5.47243084e-01j  9.63982861e-01-6.27643513e-01j
 -1.51734117e-01-1.25773404e+00j -1.35241076e+00-4.61326364e-01j
 -1.03335833e+00+1.08541131e+00j  6.30665628e-01+1.27958880e+00j
  1.30707657e+00-3.51150668e-01j -1.87371384e-01-1.53660635e+00j
 -1.96689342e+00-4.09092706e-01j -1.64655861e+00+1.86419605e+00j
  5.80007494e-01+2.73592214e+00j  2.50165506e+00+1.39914727e+00j
  2.61314872e+00-7.31925399e-01j  1.35680520e+00-2.01408895e+00j
 -3.77666793e-02-2.17176677e+00j -1.15488961e+00-1.80212180e+00j
 -2.23366513e+00-8.93752964e-01j -2.64785431e+00+1.06287439e+00j
 -1.01227186e+00+3.18161371e+00j  2.26695048e+00+3.01220602e+00j
  4.07394022e+00-2.49857502e-01j  2.08158297e+00-3.66462205e+00j
 -1.84340723e+00-3.69273189e+00j -3.77768800e+00-5.98395945e-01j
 -2.47179214e+00+2.30186107e+00j  8.98480487e-02+2.91054019e+00j
  1.90055002e+00+1.71379258e+00j  2.36694368e+00-1.75069336e-01j
  1.35751739e+00-1.85080867e+00j -6.64198068e-01-2.11750663e+00j
 -1.98657421e+00-5.62462851e-01j -1.31773902e+00+1.20752587e+00j
  2.65188551e-01+1.34949966e+00j  8.02696193e-01+2.98181352e-01j
  2.27980674e-01-2.00425160e-01j -5.95357337e-02+1.86409412e-01j
  3.50735374e-01+3.82934984e-01j  6.30080455e-01-5.05447822e-03j
  4.42019225e-01-3.32066277e-01j  3.11193183e-01-3.57605475e-01j
  3.59608386e-01-5.91409213e-01j -5.18085687e-02-1.09934049e+00j
 -1.12304152e+00-1.02254229e+00j -1.85868067e+00+2.26432437e-01j
 -1.13504693e+00+1.80569593e+00j  7.31921978e-01+2.17322568e+00j
  2.18655212e+00+8.99160107e-01j  2.18283663e+00-9.62807601e-01j
  9.33189012e-01-2.24145797e+00j -9.11270575e-01-2.36813918e+00j
 -2.47504475e+00-9.86177440e-01j -2.29670491e+00+1.40659011e+00j
  1.05083025e-01+2.56800027e+00j  2.29547387e+00+7.36263820e-01j
  1.28879603e+00-2.08975166e+00j -1.84693519e+00-2.04640872e+00j
 -2.89250111e+00+9.96447542e-01j -5.23913331e-01+3.04637761e+00j
  2.00222348e+00+1.86972107e+00j  2.04153018e+00-2.98558979e-01j
  8.44802351e-01-9.48179183e-01j  4.15797611e-01-6.65468800e-01j
  4.25362637e-01-8.82637861e-01j -1.78967888e-01-1.26804004e+00j
 -1.06603508e+00-9.05238683e-01j -1.36850492e+00+6.32938612e-02j
 -8.60446227e-01+9.57978164e-01j  2.37771775e-01+1.17316706e+00j
  1.13032595e+00+2.23053529e-01j  5.12787293e-01-1.22297302e+00j
 -1.41787815e+00-1.09098664e+00j -2.00977893e+00+1.20133802e+00j
  3.20443828e-01+2.73306645e+00j  2.77654210e+00+8.30911615e-01j
  1.68190145e+00-2.24808666e+00j -1.58596071e+00-2.08834498e+00j
 -2.25384771e+00+9.90354538e-01j  3.97252397e-01+2.24945581e+00j
  1.96134428e+00+1.11533988e-01j  2.56051403e-01-1.49268459e+00j
 -1.25423505e+00-0.00000000e+00j  2.56051403e-01+1.49268459e+00j
  1.96134428e+00-1.11533988e-01j  3.97252397e-01-2.24945581e+00j
 -2.25384771e+00-9.90354538e-01j -1.58596071e+00+2.08834498e+00j
  1.68190145e+00+2.24808666e+00j  2.77654210e+00-8.30911615e-01j
  3.20443828e-01-2.73306645e+00j -2.00977893e+00-1.20133802e+00j
 -1.41787815e+00+1.09098664e+00j  5.12787293e-01+1.22297302e+00j
  1.13032595e+00-2.23053529e-01j  2.37771775e-01-1.17316706e+00j
 -8.60446227e-01-9.57978164e-01j -1.36850492e+00-6.32938612e-02j
 -1.06603508e+00+9.05238683e-01j -1.78967888e-01+1.26804004e+00j
  4.25362637e-01+8.82637861e-01j  4.15797611e-01+6.65468800e-01j
  8.44802351e-01+9.48179183e-01j  2.04153018e+00+2.98558979e-01j
  2.00222348e+00-1.86972107e+00j -5.23913331e-01-3.04637761e+00j
 -2.89250111e+00-9.96447542e-01j -1.84693519e+00+2.04640872e+00j
  1.28879603e+00+2.08975166e+00j  2.29547387e+00-7.36263820e-01j
  1.05083025e-01-2.56800027e+00j -2.29670491e+00-1.40659011e+00j
 -2.47504475e+00+9.86177440e-01j -9.11270575e-01+2.36813918e+00j
  9.33189012e-01+2.24145797e+00j  2.18283663e+00+9.62807601e-01j
  2.18655212e+00-8.99160107e-01j  7.31921978e-01-2.17322568e+00j
 -1.13504693e+00-1.80569593e+00j -1.85868067e+00-2.26432437e-01j
 -1.12304152e+00+1.02254229e+00j -5.18085687e-02+1.09934049e+00j
  3.59608386e-01+5.91409213e-01j  3.11193183e-01+3.57605475e-01j
  4.42019225e-01+3.32066277e-01j  6.30080455e-01+5.05447822e-03j
  3.50735374e-01-3.82934984e-01j -5.95357337e-02-1.86409412e-01j
  2.27980674e-01+2.00425160e-01j  8.02696193e-01-2.98181352e-01j
  2.65188551e-01-1.34949966e+00j -1.31773902e+00-1.20752587e+00j
 -1.98657421e+00+5.62462851e-01j -6.64198068e-01+2.11750663e+00j
  1.35751739e+00+1.85080867e+00j  2.36694368e+00+1.75069336e-01j
  1.90055002e+00-1.71379258e+00j  8.98480487e-02-2.91054019e+00j
 -2.47179214e+00-2.30186107e+00j -3.77768800e+00+5.98395945e-01j
 -1.84340723e+00+3.69273189e+00j  2.08158297e+00+3.66462205e+00j
  4.07394022e+00+2.49857502e-01j  2.26695048e+00-3.01220602e+00j
 -1.01227186e+00-3.18161371e+00j -2.64785431e+00-1.06287439e+00j
 -2.23366513e+00+8.93752964e-01j -1.15488961e+00+1.80212180e+00j
 -3.77666793e-02+2.17176677e+00j  1.35680520e+00+2.01408895e+00j
  2.61314872e+00+7.31925399e-01j  2.50165506e+00-1.39914727e+00j
  5.80007494e-01-2.73592214e+00j -1.64655861e+00-1.86419605e+00j
 -1.96689342e+00+4.09092706e-01j -1.87371384e-01+1.53660635e+00j
  1.30707657e+00+3.51150668e-01j  6.30665628e-01-1.27958880e+00j
 -1.03335833e+00-1.08541131e+00j -1.35241076e+00+4.61326364e-01j
 -1.51734117e-01+1.25773404e+00j  9.63982861e-01+6.27643513e-01j
  1.06403463e+00-5.47243084e-01j  1.85503889e-01-1.43304747e+00j
 -1.34223509e+00-1.27710236e+00j -2.24878127e+00+4.52538850e-01j
 -9.70590316e-01+2.41817858e+00j  1.58132680e+00+2.13871639e+00j
  2.39415175e+00-2.50115966e-01j  7.71624496e-01-1.71472975e+00j
 -6.49417052e-01-9.70965513e-01j -3.94011922e-01-1.01312810e-01j
 -1.04488054e-01-4.40287262e-01j -8.60975810e-01-5.44656590e-01j
 -1.24735834e+00+5.06818018e-01j -3.40623213e-01+1.33210010e+00j
  6.54229178e-01+9.42585809e-01j  7.73949870e-01+2.32828796e-01j
  6.04799498e-01-2.51831063e-02j  6.31442793e-01-2.57151704e-01j
  4.02935003e-01-7.29700146e-01j -3.42610038e-01-8.84943508e-01j
 -1.04321502e+00-2.27437614e-01j -8.47104090e-01+9.38202930e-01j
  5.06424576e-01+1.48375233e+00j  1.89165469e+00+3.71207630e-01j
  1.49045290e+00-1.66189097e+00j -6.90985566e-01-2.25899413e+00j
 -2.17551714e+00-5.42528238e-01j -1.31592623e+00+1.32737131e+00j
  3.25794739e-01+1.26786161e+00j  6.28397773e-01+2.20742944e-01j
  1.18594344e-01+7.04992597e-02j  4.00695669e-01+4.21860040e-01j
  1.02529102e+00-2.13615959e-01j  3.80942950e-01-1.34935939e+00j
 -1.21333365e+00-1.09486833e+00j -1.61204857e+00+6.83916161e-01j
  9.53023757e-03+1.79516844e+00j  1.74239952e+00+6.24469100e-01j
  1.25785911e+00-1.56600398e+00j -1.14892364e+00-1.98139397e+00j
 -2.61489132e+00+2.53685473e-01j -1.08082354e+00+2.70366393e+00j
  1.93810876e+00+2.35784060e+00j  2.94952060e+00-5.37314625e-01j
  8.56591551e-01-2.60991771e+00j -1.64439264e+00-1.65997439e+00j
 -1.71897260e+00+6.27474963e-01j  7.52987478e-04+1.30499083e+00j
  8.59242090e-01+1.47197335e-01j  6.91559608e-02-6.95366527e-01j
 -7.79920340e-01-1.48256574e-01j -5.43175067e-01+7.39234103e-01j
  2.14216536e-01+9.42206535e-01j  7.75237641e-01+6.62444937e-01j
  1.21055011e+00+1.70986095e-01j  1.36096688e+00-7.93861373e-01j
  4.86974375e-01-1.88209554e+00j -1.28110644e+00-1.79150708e+00j
 -2.28529147e+00-2.76015172e-02j -1.20871522e+00+1.82982969e+00j
  9.16331370e-01+1.75411045e+00j  1.71963218e+00-6.81159071e-02j
  5.23698750e-01-1.37026548e+00j -8.49468366e-01-8.40651806e-01j
 -7.99382747e-01+2.66285026e-01j -1.09819123e-01+3.63738458e-01j
 -2.09387656e-01-7.78406539e-03j -5.75337191e-01+4.68538596e-01j
  1.80955361e-01+1.18313864e+00j  1.43785651e+00+4.68310155e-01j
  1.14198069e+00-1.27175885e+00j -8.07858812e-01-1.67586134e+00j
 -2.01428277e+00+7.88140331e-02j -9.03297055e-01+1.95240024e+00j
  1.22580779e+00+1.83117438e+00j  2.13514174e+00+4.99977974e-02j
  1.23260364e+00-1.52194169e+00j -3.82195755e-01-1.66569869e+00j
 -1.31969991e+00-5.33766058e-01j -8.60179450e-01+7.69603529e-01j
  5.14876905e-01+9.09954883e-01j  1.19849450e+00-4.41648573e-01j
 -9.72859661e-03-1.78105025e+00j -2.11630645e+00-1.10159636e+00j
 -2.55799474e+00+1.53285543e+00j -1.52297575e-01+3.49455551e+00j
  3.09056668e+00+2.32366982e+00j  3.81481775e+00-1.24584621e+00j
  1.12953806e+00-3.68973026e+00j -2.07153436e+00-2.63015712e+00j
 -2.47561456e+00+2.06385688e-01j -5.45853643e-01+1.24915080e+00j
  3.81985651e-01-4.52678121e-02j -8.96815788e-01-7.65208395e-01j
 -1.90175651e+00+7.42803307e-01j -5.99171556e-01+2.47175308e+00j
  1.65297989e+00+2.10493143e+00j  2.54707555e+00+1.59406249e-01j
  1.77773517e+00-1.53033896e+00j  2.97616388e-01-2.18946781e+00j
 -1.22414687e+00-1.80004000e+00j -2.12396201e+00-4.20967103e-01j
 -1.69146202e+00+1.21963791e+00j -1.87530400e-01+1.90370542e+00j
  1.18691737e+00+1.19964030e+00j  1.45790649e+00-2.27520374e-01j
  4.58248921e-01-1.26897607e+00j -1.03761903e+00-9.23228670e-01j
 -1.43257880e+00+7.41083224e-01j  1.06968466e-01+1.90770717e+00j
  1.96591218e+00+8.34488754e-01j  1.66571746e+00-1.45608969e+00j
 -6.64156761e-01-2.07517237e+00j -2.16194571e+00-1.06240485e-01j
 -9.01694203e-01+2.10039235e+00j  1.72677215e+00+1.85270014e+00j
  2.69919692e+00-7.40519963e-01j  7.43320081e-01-2.88497749e+00j
 -2.14992180e+00-2.11052256e+00j -2.76939170e+00+8.22884761e-01j
 -5.04527703e-01+2.58244796e+00j  1.77851725e+00+1.38790915e+00j
  1.58512771e+00-7.21778201e-01j  9.16414037e-02-1.04721494e+00j
 -1.45987388e-01-1.28085155e-01j  6.76205159e-01-2.97543857e-01j
  3.25049391e-01-1.54908562e+00j -1.44900804e+00-1.61829909e+00j
 -2.39227815e+00+1.90797665e-01j -1.24891279e+00+1.88655456e+00j
  5.77812432e-01+1.77048765e+00j  1.29054354e+00+4.60062236e-01j
  7.83508161e-01-5.66684126e-01j -8.47258792e-02-7.86166267e-01j
 -7.84821209e-01-3.75428517e-01j -9.88582136e-01+4.80884683e-01j
 -3.67358472e-01+1.26388074e+00j  6.76080725e-01+1.17104097e+00j
  1.03582189e+00+3.11456876e-01j  5.05389035e-01-6.76724992e-02j
  4.26176144e-01+5.16584944e-01j  1.60492961e+00+5.83261706e-01j
  2.43675205e+00-1.19406622e+00j  8.44888086e-01-3.31782447e+00j
 -2.21858121e+00-2.91877236e+00j -3.38055345e+00+3.20941798e-02j
 -1.45968521e+00+2.19309287e+00j  7.50371926e-01+1.42595163e+00j
  5.77940650e-01-2.78294028e-01j -7.37663859e-01-1.06730685e-01j
 -4.26377716e-01+1.25450903e+00j  1.23868671e+00+1.06732279e+00j
  1.49140556e+00-8.25469730e-01j -3.86045706e-01-1.66390707e+00j
 -1.82107790e+00-4.32349068e-02j -7.06120543e-01+1.94340613e+00j
  1.66350159e+00+1.63995064e+00j  2.41592385e+00-6.94326757e-01j
  7.25726547e-01-2.42647111e+00j -1.45765629e+00-1.85398551e+00j
 -1.97808430e+00+2.19245974e-02j -9.11995031e-01+1.06564109e+00j
 -5.77713043e-02+6.93863980e-01j -3.45118086e-01+3.16488433e-01j
 -6.19276605e-01+1.05575916e+00j  5.01607996e-01+1.90633742e+00j
  2.25588626e+00+1.07317602e+00j  2.41202689e+00-1.21061150e+00j
  3.77360288e-01-2.50297638e+00j -1.60541237e+00-1.27084835e+00j
 -1.19778335e+00+8.62486921e-01j  8.91634700e-01+1.06848318e+00j
  1.74442831e+00-9.97333309e-01j -2.21480282e-02-2.77359690e+00j
 -2.67352227e+00-2.05753881e+00j -3.68412144e+00+6.16916963e-01j
 -2.33415421e+00+3.13434208e+00j  3.81190244e-01+3.96218461e+00j
  2.97198971e+00+2.65994434e+00j  3.86779759e+00-2.29366285e-01j
  2.15388559e+00-2.81853064e+00j -8.86804908e-01-2.84225782e+00j
 -2.23672816e+00-3.66664767e-01j -6.15872464e-01+1.57913883e+00j
  1.51121103e+00+6.09507185e-01j  1.02850276e+00-1.69423854e+00j
 -1.51448686e+00-1.84538414e+00j -2.61134974e+00+7.19129939e-01j
 -5.86173952e-01+2.88822235e+00j  2.31630925e+00+2.06806627e+00j
  3.06021763e+00-7.37002991e-01j  1.35316883e+00-2.72955234e+00j
 -8.73657323e-01-2.70425847e+00j -2.21886429e+00-1.46049435e+00j
 -2.60824999e+00+1.33044873e-01j -1.99869381e+00+1.79625217e+00j
 -1.38637044e-01+2.72639274e+00j  1.98908362e+00+1.69411207e+00j
  2.19941765e+00-8.40418971e-01j -9.05602742e-02-2.15878059e+00j
 -2.24158259e+00-4.54733247e-01j -1.38775995e+00+2.30771508e+00j
  1.61945549e+00+2.64295464e+00j  3.30133497e+00+1.20314754e-01j
  2.13914315e+00-2.45836549e+00j -2.25336436e-01-3.06057816e+00j
 -2.03706860e+00-2.11720121e+00j -2.98658967e+00-4.40162667e-01j
 -2.75421822e+00+1.71441122e+00j -8.52618895e-01+3.29934611e+00j
  1.69620901e+00+2.89837527e+00j  2.96257990e+00+8.85130998e-01j
  2.57852166e+00-1.01691378e+00j  1.53987878e+00-2.17896097e+00j
  3.18583453e-02-2.91192068e+00j -2.15454950e+00-2.53531554e+00j
 -3.64654881e+00-2.13777974e-01j -2.59950119e+00+2.66691548e+00j
  3.55446120e-01+3.46840120e+00j  2.46312487e+00+1.66234429e+00j
  2.18404229e+00-6.14260490e-01j  6.24709901e-01-1.35609325e+00j
 -3.40657971e-01-6.77544161e-01j -1.80172553e-01+4.27638954e-02j
  2.79678019e-01+2.79567413e-02j  2.92953275e-01-2.95546849e-01j
  1.02982662e-01-3.15706673e-01j  2.25429149e-01-2.76613555e-01j
  3.18997855e-01-7.28630222e-01j -3.69147480e-01-1.26730987e+00j
 -1.55455300e+00-8.26750436e-01j -1.91789758e+00+7.02536535e-01j
 -7.39949404e-01+2.03001315e+00j  1.14315658e+00+1.83514285e+00j
  2.11056058e+00+1.21629558e-01j  1.19654329e+00-1.69469641e+00j
 -9.01583688e-01-1.86367664e+00j -2.08987351e+00-3.33724844e-02j
 -9.14555126e-01+1.89819551e+00j  1.40291661e+00+1.58667921e+00j
  2.02242622e+00-7.38869961e-01j  8.04352790e-02-2.22099254e+00j
 -2.00574762e+00-1.03042075e+00j -1.76257925e+00+1.18217637e+00j
  2.81203450e-02+1.71748015e+00j  7.99643396e-01+6.30036679e-01j
  1.62290026e-01+2.04724947e-01j  2.15650598e-01+1.04865656e+00j
  1.78883668e+00+1.03743252e+00j  2.64595641e+00-1.13216942e+00j
  6.93457535e-01-3.32767590e+00j -2.53051128e+00-2.55690247e+00j
 -3.40268909e+00+7.69858318e-01j -9.17722098e-01+2.97850988e+00j
  1.83873558e+00+1.75333518e+00j  1.65633721e+00-8.38877031e-01j
 -5.29441166e-01-1.18713085e+00j -1.07399147e+00+7.89429550e-01j
  9.59312644e-01+1.60568314e+00j  2.36722967e+00-4.39048337e-01j
  7.42223215e-01-2.60364418e+00j -1.89693715e+00-1.92748970e+00j
 -2.38171988e+00+5.16167974e-01j -8.22597077e-01+1.84294605e+00j
  6.43809162e-01+1.47581246e+00j  1.25021398e+00+5.64261776e-01j
  1.23514859e+00-4.64696943e-01j  3.11855434e-01-1.27083026e+00j
 -1.03555932e+00-7.27818815e-01j -9.37843110e-01+9.28351613e-01j
  8.90279248e-01+1.32277040e+00j  1.87283660e+00-4.87894243e-01j
  4.10438932e-01-2.04713471e+00j -1.43993624e+00-1.24100011e+00j
 -1.30075448e+00+4.41595516e-01j -8.35519207e-02+6.37252187e-01j
  6.42877312e-02-1.94310836e-01j -6.81202909e-01-1.95718248e-01j
 -7.34928748e-01+6.21774305e-01j  6.52199947e-03+9.20625803e-01j
  4.72195977e-01+5.20725361e-01j  4.96603076e-01+1.92374550e-01j
  5.75200056e-01-6.07995793e-02j  4.15734294e-01-5.90149545e-01j
 -3.93363836e-01-7.70588827e-01j -9.85427015e-01+5.96999128e-02j
 -3.54731256e-01+9.67889000e-01j  6.72568689e-01+6.30881315e-01j
  5.59707863e-01-3.28940084e-01j -2.77136419e-01-2.65311771e-01j
 -1.24540914e-01+5.58216903e-01j  8.63536538e-01+3.26289961e-01j
  6.90580947e-01-9.39332456e-01j -8.62283477e-01-9.94527977e-01j
 -1.30704528e+00+7.99573378e-01j  6.22659707e-01+1.83179521e+00j
  2.45826973e+00+4.53773755e-02j  1.33732642e+00-2.62687699e+00j
 -1.76270923e+00-2.74715918e+00j -3.31818371e+00-7.37175750e-02j
 -1.93742865e+00+2.39245429e+00j  3.63739959e-01+2.54591999e+00j
  1.37981473e+00+1.33644749e+00j  1.31706480e+00+6.07088053e-01j
  1.59086854e+00+4.14991929e-01j  2.24122170e+00-5.28929249e-01j
  1.73666705e+00-2.37000937e+00j -5.92944527e-01-3.24202413e+00j
 -2.85846219e+00-1.55971616e+00j -2.48732203e+00+1.31673299e+00j
  1.83461608e-01+2.12588687e+00j  1.70796093e+00-5.63262271e-02j
 -7.65947487e-02-2.11164708e+00j -2.81698914e+00-8.28388184e-01j
 -2.57096032e+00+2.57935590e+00j  8.68182435e-01+3.93014781e+00j
  3.75246696e+00+1.54986105e+00j  3.29354033e+00-1.94437271e+00j
  5.57168430e-01-3.40880894e+00j -1.87138282e+00-2.47686210e+00j
 -2.86565287e+00-5.16745981e-01j -2.50216242e+00+1.51146002e+00j
 -8.61007097e-01+2.92788584e+00j  1.44791597e+00+2.79013830e+00j
  2.91231077e+00+1.00469100e+00j  2.64511551e+00-1.06105619e+00j
  1.36913446e+00-2.17234787e+00j  3.93821992e-02-2.42790203e+00j
 -1.29122550e+00-2.14346405e+00j -2.43448182e+00-9.74808860e-01j
 -2.41954735e+00+8.73895562e-01j -1.00358110e+00+2.02417679e+00j
  4.92460057e-01+1.66364659e+00j  9.39614124e-01+6.88925340e-01j
  7.61339875e-01+1.40272905e-01j  6.24931401e-01-1.71500242e-01j
  2.42306033e-01-5.05024330e-01j -3.98492946e-01-2.22449268e-01j
 -1.98267370e-01+6.82193473e-01j  1.08942391e+00+6.48569919e-01j
  1.53450981e+00-1.04898841e+00j -2.79174054e-01-2.31320246e+00j
 -2.41083034e+00-9.24689741e-01j -1.91025309e+00+1.71533318e+00j
  6.76379445e-01+2.20720411e+00j  1.91521342e+00+1.11752686e-01j
  4.73427358e-01-1.52010294e+00j -1.28631589e+00-7.25643205e-01j
 -1.11760517e+00+9.59205517e-01j  2.35063042e-01+1.34486535e+00j
  8.91500869e-01+5.69983331e-01j  6.54467498e-01+1.17580934e-01j
  7.19618600e-01+2.89995487e-01j  1.44384901e+00-5.75163307e-02j
  1.54882198e+00-1.52374564e+00j -1.25700926e-01-2.75159153e+00j
 -2.49032214e+00-1.80035263e+00j -2.91501901e+00+9.99547033e-01j
 -5.97501897e-01+2.76792060e+00j  1.95987767e+00+1.52415172e+00j
  1.92331303e+00-1.17569396e+00j -4.07479703e-01-2.22326717e+00j
 -2.29287115e+00-6.91017307e-01j -1.91875107e+00+1.57586791e+00j
  3.23532629e-02+2.42282521e+00j  1.64997321e+00+1.43067532e+00j
  1.76794702e+00-1.65296175e-01j  8.05774895e-01-9.45767255e-01j
  1.26917039e-02-6.65184394e-01j -4.18826069e-03-1.96420877e-01j
  2.44122226e-01-2.34816859e-01j  1.07267974e-01-5.07603454e-01j
 -2.74208724e-01-4.08412858e-01j -2.76285000e-01+2.95452515e-02j
  2.28855097e-01+1.13087081e-01j  4.79190436e-01-5.49147960e-01j
 -2.94472585e-01-1.20331209e+00j -1.51050709e+00-6.28851429e-01j
 -1.52847846e+00+9.88967091e-01j  7.16394533e-02+1.76559334e+00j
  1.45932376e+00+5.73856051e-01j  8.63217538e-01-1.15426726e+00j
 -9.86378453e-01-1.23499486e+00j -1.86458121e+00+4.93215083e-01j
 -7.05247547e-01+2.22908991e+00j  1.58713999e+00+2.23081664e+00j
  3.08607583e+00+1.74424738e-01j  2.22514708e+00-2.48349586e+00j
 -5.92958736e-01-3.32317708e+00j -2.77492504e+00-1.44531118e+00j
 -2.32767036e+00+1.06376174e+00j -4.47952013e-01+1.65374953e+00j
  3.20147118e-01+6.55726415e-01j -2.72412044e-01+2.82642021e-01j
 -3.77134662e-01+1.08540225e+00j  7.69634173e-01+1.48045233e+00j
  1.82527394e+00+4.11298258e-01j  1.34934031e+00-1.15982748e+00j
 -3.11586678e-01-1.44601175e+00j -1.21541182e+00+2.82444520e-02j
  3.94305311e-02+1.45424840e+00j  2.11374977e+00+5.13689334e-01j
  1.90850873e+00-2.29332838e+00j -1.28431416e+00-3.40251146e+00j
 -3.96983434e+00-6.39497507e-01j -2.51512354e+00+3.26276490e+00j
  1.77642628e+00+3.57968064e+00j  3.76151003e+00-2.36499803e-01j
  1.00693727e+00-3.41872813e+00j -2.79229704e+00-2.00411550e+00j
 -2.78035287e+00+1.81165115e+00j  4.18801973e-01+3.03639407e+00j
  2.37680460e+00+1.01371368e+00j  1.73959611e+00-8.61585894e-01j
  7.59922619e-01-1.24313741e+00j  1.89528966e-01-1.50881251e+00j
 -9.67000019e-01-1.56348652e+00j -1.91526864e+00-3.42957018e-01j
 -1.34730900e+00+1.06755917e+00j -2.26850348e-01+1.27317055e+00j
  3.00161022e-01+8.97116582e-01j  4.91470938e-01+5.61628062e-01j
  3.81697284e-01+3.96920723e-01j  7.69455746e-01+8.58095033e-01j
  2.58944684e+00-2.48657366e-01j  1.07171469e+00-4.81501664e+00j
 -8.06561035e+00-4.14981401e+00j -1.14176605e+01+1.11380869e+01j
  9.30813556e+00+2.37925791e+01j  3.65412147e+01+2.91279517e+00j
  2.51759735e+01-3.99004475e+01j -2.66164838e+01-4.78429903e+01j]
