Frame: 59
X_framed shape: (1024,)
X_framed dtype: complex128
X_framed:
[ 1.41954423e+02-0.00000000e+00j  8.08146940e+01-1.06837676e+02j
 -3.04122520e+01-1.07894202e+02j -7.62440573e+01-3.00723234e+01j
 -4.33988045e+01+2.60586913e+01j -2.96293215e+00+2.41072585e+01j
  4.46080134e+00+4.77325488e+00j -2.25451351e+00+5.29117109e-01j
 -2.28610493e+00+3.72814594e+00j  5.97416161e-01+2.90074050e+00j
  5.37136757e-01+9.77759932e-01j  7.53580527e-02+8.16489233e-01j
  2.55681153e-01+4.59500998e-01j -3.05893474e-01+1.73689231e-01j
 -4.14883617e-01+9.65855477e-01j  7.39225773e-01+1.09951848e+00j
  1.22603281e+00-1.43403187e-01j  3.94999874e-01-9.39173559e-01j
 -2.69396841e-01-7.88907591e-01j -6.09424940e-01-7.57621535e-01j
 -1.41614781e+00-4.76650096e-01j -1.77542545e+00+8.94231105e-01j
 -4.69260768e-01+2.12372500e+00j  1.35732169e+00+1.46352578e+00j
  1.51905723e+00-4.32746508e-01j -7.43489905e-02-1.21320386e+00j
 -1.21562213e+00+4.95624189e-03j -3.38563354e-01+1.40188449e+00j
  1.25725399e+00+9.14033284e-01j  1.20850820e+00-7.08142951e-01j
 -2.30841639e-01-9.64940913e-01j -5.17733282e-01+2.90050337e-01j
  8.17428350e-01+4.83179874e-01j  1.14973788e+00-1.18009918e+00j
 -7.18723342e-01-2.05987006e+00j -2.28366106e+00-4.89705488e-01j
 -1.47252114e+00+1.37685594e+00j  5.13585760e-02+1.27786671e+00j
  9.72226311e-02+4.37764710e-01j -3.29805160e-01+8.43718062e-01j
  6.41587962e-01+1.48022471e+00j  1.91987711e+00+3.50746650e-01j
  1.16237347e+00-1.53613445e+00j -1.00431011e+00-1.44447093e+00j
 -1.62118629e+00+6.63102297e-01j  1.45149278e-01+1.92431455e+00j
  1.87249978e+00+7.84102186e-01j  1.53734873e+00-1.01125613e+00j
  1.75204436e-01-1.29797704e+00j -1.59260109e-01-5.74986639e-01j
  2.99248334e-01-7.50715797e-01j -4.01965394e-01-1.67881237e+00j
 -2.28419399e+00-1.09311427e+00j -2.65918810e+00+1.52195062e+00j
 -1.44208477e-01+3.27241974e+00j  2.65809284e+00+1.76321119e+00j
  2.58199457e+00-1.22796142e+00j  3.01416671e-01-2.32260400e+00j
 -1.20629480e+00-1.22022952e+00j -1.12958714e+00-1.15432424e-01j
 -8.80430696e-01+2.20317518e-01j -8.18687795e-01+7.39159986e-01j
 -1.88968165e-02+1.34267003e+00j  1.20606367e+00+8.25737948e-01j
  1.33452859e+00-6.47417106e-01j  1.07961924e-01-1.46558325e+00j
 -1.13099641e+00-9.08937849e-01j -1.42346232e+00+2.47216625e-01j
 -8.99175553e-01+1.18409266e+00j  1.11288659e-01+1.58339932e+00j
  1.22792785e+00+1.15403799e+00j  1.69824540e+00-4.11574747e-02j
  1.10024122e+00-1.16140301e+00j -1.77605202e-02-1.43502570e+00j
 -8.92407053e-01-9.41837728e-01j -1.25698544e+00-6.08835716e-02j
 -9.17584400e-01+9.38642182e-01j  2.31602603e-01+1.37682199e+00j
  1.32342467e+00+5.43959516e-01j  1.04102363e+00-8.61664215e-01j
 -3.59463425e-01-1.09373817e+00j -9.58561445e-01+1.70018337e-01j
  1.67557242e-01+1.09682416e+00j  1.52268845e+00+2.17609194e-01j
  1.24098259e+00-1.55317444e+00j -5.39701716e-01-2.23414170e+00j
 -2.12376307e+00-1.15006231e+00j -2.23464672e+00+6.88697547e-01j
 -9.82119243e-01+1.83085476e+00j  4.75054799e-01+1.56526190e+00j
  9.23795834e-01+4.55915766e-01j  2.86719252e-01-1.57055666e-01j
 -2.32169233e-01+3.09162941e-01j  2.83901446e-01+9.00226631e-01j
  1.17137929e+00+4.84055904e-01j  1.16791954e+00-6.19806414e-01j
  1.73725411e-01-1.13652202e+00j -7.04545027e-01-5.00786741e-01j
 -4.67673323e-01+5.67346196e-01j  7.64812620e-01+7.59085399e-01j
  1.59320199e+00-5.82220034e-01j  4.91328075e-01-2.28286045e+00j
 -1.98472690e+00-2.00891007e+00j -2.97662676e+00+6.75238936e-01j
 -8.47363195e-01+2.88096530e+00j  2.06789445e+00+1.84599226e+00j
  2.25961706e+00-1.13808125e+00j -2.67349797e-01-2.39309866e+00j
 -2.28324548e+00-7.02372174e-01j -1.69234825e+00+1.65267343e+00j
  4.41630203e-01+2.22418322e+00j  1.89945836e+00+8.80153241e-01j
  1.66141948e+00-8.72457551e-01j  2.72955272e-01-1.63332966e+00j
 -1.03438544e+00-1.04302232e+00j -1.32711521e+00+2.52895707e-01j
 -5.03516652e-01+1.22563359e+00j  7.68355252e-01+1.14875182e+00j
  1.47101377e+00+4.84477065e-02j  9.64035781e-01-1.16559039e+00j
 -2.46990933e-01-1.39521441e+00j -9.21059189e-01-6.66626752e-01j
 -7.52234245e-01-1.22992481e-01j -7.51313198e-01-1.63074273e-01j
 -1.26835324e+00+2.56299973e-01j -1.01410696e+00+1.51421851e+00j
  6.80313465e-01+2.00484780e+00j  2.06296042e+00+4.95535675e-01j
  1.23336476e+00-1.46587598e+00j -8.26117252e-01-1.45379495e+00j
 -1.49315845e+00+3.26828192e-01j -1.99600265e-01+1.43306440e+00j
  1.08840273e+00+7.09727312e-01j  9.10143489e-01-5.08250658e-01j
 -3.89097837e-02-7.46528376e-01j -5.14454586e-01-1.68799035e-01j
 -3.31407570e-01+3.73428256e-01j  1.18664351e-01+5.62164567e-01j
  5.90399966e-01+3.56080986e-01j  7.09792208e-01-2.28765637e-01j
  1.76136470e-01-6.20683412e-01j -3.72027279e-01-1.75813368e-01j
  4.52421017e-02+5.10632682e-01j  9.77104800e-01+1.44064844e-01j
  8.60177924e-01-1.07651789e+00j -4.59441495e-01-1.41519059e+00j
 -1.22285607e+00-3.14670928e-01j -5.08144923e-01+6.02682107e-01j
  3.00751713e-01+1.69088131e-01j -7.25302394e-02-4.72508141e-01j
 -6.46759115e-01-1.72526558e-02j -6.97967572e-02+6.22939842e-01j
  7.93296219e-01-4.95991789e-02j  2.01210442e-01-1.31604107e+00j
 -1.47320530e+00-1.20289512e+00j -2.21963195e+00+4.49936129e-01j
 -1.33178755e+00+1.93483946e+00j  9.13375688e-02+2.25310060e+00j
  1.19114650e+00+1.84360196e+00j  2.03415445e+00+1.07413367e+00j
  2.48715676e+00-2.09950496e-01j  2.00901530e+00-1.74037144e+00j
  5.17101728e-01-2.70739718e+00j -1.40269697e+00-2.44759137e+00j
 -2.74387314e+00-7.81802291e-01j -2.34420102e+00+1.53173601e+00j
 -1.15467737e-01+2.60458613e+00j  1.90921649e+00+1.21990509e+00j
  1.51291849e+00-1.04347303e+00j -5.57824228e-01-1.36884265e+00j
 -1.34293704e+00+4.38360771e-01j  2.24534917e-01+1.65611573e+00j
  1.95898093e+00+4.94872914e-01j  1.56097132e+00-1.64551838e+00j
 -5.39081330e-01-2.26089178e+00j -2.01902724e+00-7.69213906e-01j
 -1.43920610e+00+1.06531500e+00j  2.36286487e-01+1.26486683e+00j
  8.61294965e-01-5.12854250e-02j -1.70020442e-01-8.73821446e-01j
 -1.17783238e+00-7.24131279e-02j -7.26207195e-01+1.09567425e+00j
  3.61582728e-01+1.10337596e+00j  6.54641325e-01+4.14497979e-01j
  4.09200840e-01+2.57915244e-01j  6.79984509e-01+4.22874012e-01j
  1.23702333e+00-1.14254590e-01j  9.37773692e-01-1.20191259e+00j
 -3.61035327e-01-1.55002026e+00j -1.36538065e+00-5.11534074e-01j
 -8.36518789e-01+8.74965020e-01j  7.15503599e-01+8.43450291e-01j
  1.18132173e+00-8.42147715e-01j -5.58414301e-01-2.00067590e+00j
 -2.60053416e+00-6.04506696e-01j -2.16364321e+00+2.11173570e+00j
  4.99846955e-01+2.99650427e+00j  2.42204735e+00+1.24734038e+00j
  2.00827895e+00-8.86013837e-01j  4.99970332e-01-1.54320236e+00j
 -5.51317628e-01-1.02884224e+00j -8.85136103e-01-1.96535652e-01j
 -5.76074788e-01+6.12173716e-01j  3.50860358e-01+8.95997894e-01j
  1.18643258e+00+1.77836173e-01j  1.01570777e+00-1.01005897e+00j
 -6.69570823e-02-1.59290439e+00j -1.21026044e+00-1.20186477e+00j
 -1.82738090e+00-1.50563580e-01j -1.63102953e+00+1.17512720e+00j
 -4.35130281e-01+2.15227891e+00j  1.28295123e+00+1.93601955e+00j
  2.30745277e+00+4.30949021e-01j  1.86425921e+00-1.29632003e+00j
  4.23744744e-01-2.08941833e+00j -1.00170737e+00-1.72128585e+00j
 -1.79106001e+00-6.23897391e-01j -1.70715735e+00+7.02885023e-01j
 -7.14807661e-01+1.64520043e+00j  6.70656264e-01+1.54986861e+00j
  1.43862503e+00+4.64275228e-01j  1.10075862e+00-6.58861127e-01j
  2.35509195e-01-1.02922792e+00j -4.32143887e-01-7.97974517e-01j
 -8.34202697e-01-3.40581652e-01j -9.37103529e-01+3.84895599e-01j
 -3.21755790e-01+1.10689209e+00j  7.94244491e-01+9.51026648e-01j
  1.21134605e+00-1.79156750e-01j  4.06649296e-01-1.01769323e+00j
 -5.52277407e-01-6.81252311e-01j -6.16000772e-01+1.33761803e-01j
 -6.38473996e-02+4.50789772e-01j  4.19309675e-01+1.95130347e-01j
  5.47706992e-01-4.09256093e-01j -1.49601419e-02-1.07404449e+00j
 -1.23186080e+00-9.13373031e-01j -1.83070340e+00+5.19674888e-01j
 -7.85105958e-01+1.86242206e+00j  7.55641123e-01+1.63669786e+00j
  1.17098651e+00+6.48481726e-01j  1.06966470e+00+3.61930190e-01j
  1.70021678e+00+3.70055283e-02j  1.94417493e+00-1.61931439e+00j
  5.73772322e-02-3.19473190e+00j -2.69251189e+00-2.27337860e+00j
 -3.42830743e+00+5.45246442e-01j -1.86229262e+00+2.50311875e+00j
 -4.95992323e-02+2.72440615e+00j  1.20526569e+00+2.39937600e+00j
  2.64636911e+00+1.69419998e+00j  3.75949992e+00-4.31874944e-01j
  2.65364825e+00-3.35451215e+00j -7.78996285e-01-4.37756718e+00j
 -3.69145738e+00-2.08195700e+00j -3.39155071e+00+1.40608824e+00j
 -7.02696045e-01+2.71462175e+00j  1.06945975e+00+1.33874586e+00j
  4.94853067e-01+4.78514799e-02j -2.34366474e-01+7.43425432e-01j
  1.06662883e+00+1.61303051e+00j  2.86620994e+00+8.76486463e-02j
  2.07486282e+00-2.77649960e+00j -1.11262631e+00-3.49728413e+00j
 -3.30549051e+00-1.14254363e+00j -2.57400988e+00+1.62911063e+00j
 -3.97972620e-01+2.43845241e+00j  1.10967627e+00+1.58968468e+00j
  1.52170832e+00+4.02073533e-01j  1.25757346e+00-5.96695560e-01j
  4.51159957e-01-1.22500958e+00j -5.99414481e-01-1.06334903e+00j
 -1.08349071e+00-1.15762378e-01j -5.21649963e-01+7.36272636e-01j
  4.35271043e-01+5.47754204e-01j  4.93400217e-01-4.64957647e-01j
 -7.06323784e-01-7.86677514e-01j -1.57350824e+00+6.67300751e-01j
 -1.30914856e-01+2.48310209e+00j  2.81386199e+00+1.71386699e+00j
  3.53063227e+00-2.00073752e+00j -2.65086041e-03-4.71660940e+00j
 -4.52666964e+00-2.60389024e+00j -4.81243030e+00+2.73027208e+00j
 -1.52165732e-01+5.61131211e+00j  4.56690795e+00+2.96217884e+00j
  4.52098029e+00-2.21581335e+00j  2.24040760e-01-4.44343017e+00j
 -3.37846747e+00-1.78724657e+00j -2.48221754e+00+2.28536351e+00j
  1.44417141e+00+2.96894046e+00j  3.52348362e+00-3.51450137e-01j
  1.34618108e+00-3.56092217e+00j -2.36275687e+00-3.05374574e+00j
 -3.62412789e+00+1.32958709e-01j -1.93203756e+00+2.52058795e+00j
  3.93846455e-01+2.64819339e+00j  1.77289208e+00+1.48467251e+00j
  2.16870289e+00-3.93636082e-03j  1.62606731e+00-1.46561287e+00j
  1.54154354e-01-2.25381191e+00j -1.49144766e+00-1.75410065e+00j
 -2.28186965e+00-2.65961440e-01j -1.83845430e+00+1.28381467e+00j
 -5.08159954e-01+2.04196084e+00j  8.16736558e-01+1.60827091e+00j
  1.15191773e+00+5.53819156e-01j  6.44912589e-01+1.68771833e-01j
  7.48382190e-01+6.46859776e-01j  1.97407136e+00+3.20543253e-01j
  2.38107387e+00-1.85488537e+00j  1.41439982e-02-3.88149762e+00j
 -3.68060797e+00-2.66718883e+00j -4.73312862e+00+1.70311374e+00j
 -1.28032755e+00+5.22183498e+00j  3.80132431e+00+4.11738029e+00j
  5.62758691e+00-8.66948848e-01j  2.45142247e+00-5.04046711e+00j
 -2.52994024e+00-4.65840144e+00j -4.73073809e+00-6.64709914e-01j
 -2.90399061e+00+2.84482853e+00j  3.05707415e-01+3.20641244e+00j
  1.87334271e+00+1.33716173e+00j  1.33233888e+00-2.18255265e-01j
  3.93474863e-01-2.09394093e-01j  6.31833764e-01+4.31539386e-01j
  1.74505911e+00-3.57157662e-02j  1.84264979e+00-1.96831663e+00j
 -2.99887351e-01-3.49180862e+00j -3.29281082e+00-2.39621170e+00j
 -4.21333668e+00+1.02609042e+00j -1.87503825e+00+3.86433730e+00j
  1.73169971e+00+3.61934271e+00j  3.52723903e+00+7.06049090e-01j
  2.27388072e+00-2.21192779e+00j -6.08568344e-01-2.76856716e+00j
 -2.49097414e+00-7.97297362e-01j -1.82332828e+00+1.64329152e+00j
  4.16716465e-01+2.19281092e+00j  1.71508927e+00+6.62505968e-01j
  9.64035845e-01-7.65068644e-01j -1.78017453e-01-4.32383245e-01j
  2.19975727e-01+4.73975354e-01j  1.31607526e+00-1.74440868e-01j
  7.12515726e-01-1.85763060e+00j -1.54359960e+00-1.85344272e+00j
 -2.52193014e+00+5.01253482e-01j -7.04218284e-01+2.38259843e+00j
  1.58106663e+00+1.50310343e+00j  1.59018187e+00-5.78383409e-01j
  7.45676957e-02-1.05980769e+00j -4.10831455e-01-6.03830937e-02j
  3.96065066e-01+2.34186482e-01j  6.61963891e-01-6.30987733e-01j
 -1.70351054e-01-1.13864605e+00j -9.20764395e-01-7.00038771e-01j
 -1.12172917e+00-1.20990906e-01j -1.27857319e+00+4.95129341e-01j
 -9.23117220e-01+1.63043013e+00j  8.33354671e-01+2.25549581e+00j
  2.72457600e+00+6.91057020e-01j  2.17499706e+00-2.11216846e+00j
 -7.16750371e-01-2.96820624e+00j -2.74044487e+00-8.71441824e-01j
 -1.95665615e+00+1.57300491e+00j  2.16671710e-02+2.01254467e+00j
  1.05660955e+00+1.08450983e+00j  1.18807447e+00+2.58046359e-01j
  1.10852818e+00-4.39280665e-01j  4.85802620e-01-1.14931148e+00j
 -6.65738174e-01-1.02144931e+00j -1.09729842e+00+1.25654476e-01j
 -2.67203508e-01+9.26146032e-01j  6.22814505e-01+5.26669435e-01j
  5.94587210e-01-1.96801912e-01j  1.91429184e-01-3.48823145e-01j
  9.56376366e-02-2.41428536e-01j  1.08682939e-01-3.24385553e-01j
 -3.57342955e-02-4.59905392e-01j -2.89360977e-01-5.36849180e-01j
 -7.57211939e-01-4.70116164e-01j -1.26718844e+00+1.94469485e-01j
 -9.20497667e-01+1.38948090e+00j  5.96426494e-01+1.84101222e+00j
  1.90724001e+00+6.47767545e-01j  1.52633218e+00-1.08644465e+00j
 -1.19810566e-02-1.52178038e+00j -8.44078644e-01-5.34903779e-01j
 -2.97403139e-01+2.42539147e-01j  3.16123330e-01-2.41137829e-01j
 -3.45272768e-01-9.61103788e-01j -1.52283926e+00-2.53685708e-01j
 -1.15844331e+00+1.47903246e+00j  8.97536917e-01+1.79146410e+00j
  1.96128069e+00-2.24032760e-01j  2.45324281e-01-1.90890644e+00j
 -1.92283613e+00-5.93675148e-01j -1.09176205e+00+2.02464636e+00j
  1.95828283e+00+1.90227753e+00j  2.89879339e+00-1.36022741e+00j
 -1.93237010e-02-3.61330691e+00j -3.41513867e+00-1.80742127e+00j
 -3.30735611e+00+2.01537520e+00j -6.27644505e-02+3.60193520e+00j
  2.55818251e+00+1.69853853e+00j  2.11555102e+00-1.04022068e+00j
 -1.29485643e-01-1.62232588e+00j -1.24191004e+00+4.67656195e-02j
 -4.08382928e-03+1.54745473e+00j  2.00185229e+00+8.44675138e-01j
  2.28845197e+00-1.56326646e+00j  1.20080946e-01-3.22014586e+00j
 -2.67949465e+00-2.23063896e+00j -3.47682642e+00+7.79583753e-01j
 -1.42214712e+00+3.17532409e+00j  1.66573034e+00+2.82816051e+00j
  3.02643864e+00+1.63791396e-01j  1.58810145e+00-2.28259604e+00j
 -1.08179080e+00-2.32813138e+00j -2.38697170e+00-1.92170245e-01j
 -1.25791160e+00+1.85711264e+00j  9.18543794e-01+1.87738513e+00j
  1.92791305e+00+1.38082270e-01j  1.02229052e+00-1.47266004e+00j
 -6.79207238e-01-1.56150218e+00j -1.66543774e+00-2.91360228e-01j
 -1.24897711e+00+1.25010531e+00j  3.16459799e-01+1.89502730e+00j
  1.92103109e+00+9.03048403e-01j  1.98307137e+00-1.23094109e+00j
 -1.90488624e-02-2.52588345e+00j -2.31386009e+00-1.34366975e+00j
 -2.40673927e+00+1.33139540e+00j -1.59586324e-01+2.69502947e+00j
  1.94934247e+00+1.52606574e+00j  2.00738336e+00-4.98555957e-01j
  7.55888819e-01-1.33374874e+00j -9.22972423e-02-1.00196040e+00j
 -2.34096426e-01-7.09098685e-01j -4.95997166e-01-7.72873083e-01j
 -1.16532700e+00-4.97025396e-01j -1.56363114e+00+5.82037495e-01j
 -8.04153760e-01+1.99058119e+00j  1.27373832e+00+2.40794727e+00j
  3.29338803e+00+6.29933470e-01j  2.93338645e+00-2.57965818e+00j
 -2.96530830e-01-4.20199118e+00j -3.46783976e+00-2.23456996e+00j
 -3.35613366e+00+1.28696046e+00j -6.54131060e-01+2.61979166e+00j
  1.14834349e+00+1.17316252e+00j  6.19439414e-01-3.25708039e-01j
 -3.99394325e-01-1.40705148e-01j -2.53006578e-01+6.10812982e-01j
  4.16994526e-01+5.09696343e-01j  4.17669321e-01-8.92938301e-02j
 -9.37854150e-02-1.48207390e-01j -1.66799223e-01+3.60391454e-01j
  4.45959549e-01+5.34996886e-01j  9.02365723e-01-1.54583700e-01j
  3.34568695e-01-1.00488245e+00j -8.33330534e-01-8.23331404e-01j
 -1.21511865e+00+3.85893424e-01j -3.53542708e-01+1.28186440e+00j
  7.09079380e-01+1.07790595e+00j  1.14502997e+00+3.88153433e-01j
  1.22929329e+00-2.37647901e-01j  1.05464324e+00-1.01452965e+00j
  1.50761162e-01-1.64014674e+00j -1.03787780e+00-1.22064292e+00j
 -1.25286983e+00-6.89529215e-02j -5.43172764e-01+3.99949036e-01j
 -2.84207544e-01+1.21640736e-02j -7.57257245e-01+2.11458976e-02j
 -8.29064710e-01+7.39084064e-01j -1.82794861e-01+1.16169725e+00j
  3.54019601e-01+1.02768464e+00j  7.25681496e-01+9.90592808e-01j
  1.57945106e+00+7.39219118e-01j  2.24290447e+00-6.89985645e-01j
  1.14262011e+00-2.55352275e+00j -1.39935043e+00-2.64385692e+00j
 -2.89042494e+00-4.30033714e-01j -1.84757996e+00+1.89593006e+00j
  3.55838651e-01+2.21949749e+00j  1.55128686e+00+9.20868658e-01j
  1.36993514e+00-3.03001557e-01j  8.27039982e-01-8.34200910e-01j
  3.23364709e-01-1.18051389e+00j -5.53557510e-01-1.33437129e+00j
 -1.53736362e+00-5.84497011e-01j -1.45356244e+00+9.13561315e-01j
  3.18270368e-02+1.65087115e+00j  1.41264179e+00+5.90417053e-01j
  9.64823799e-01-1.15906020e+00j -9.24793050e-01-1.39799159e+00j
 -1.91459191e+00+3.94421123e-01j -5.57371354e-01+2.11829572e+00j
  1.65155135e+00+1.56039822e+00j  2.06023965e+00-6.43844895e-01j
  3.84727372e-01-1.83272325e+00j -1.11041771e+00-9.82129392e-01j
 -1.03484160e+00+2.85503268e-01j -3.76508845e-01+6.54550439e-01j
 -2.95003657e-02+7.36018525e-01j  6.51361693e-01+8.81570406e-01j
  1.63742247e+00+2.36513992e-03j  1.15536461e+00-1.90069835e+00j
 -1.34689216e+00-2.42648589e+00j -3.23502136e+00-2.20353316e-02j
 -1.78664863e+00+3.09361925e+00j  1.89289885e+00+3.26665109e+00j
  3.84284513e+00-0.00000000e+00j  1.89289885e+00-3.26665109e+00j
 -1.78664863e+00-3.09361925e+00j -3.23502136e+00+2.20353316e-02j
 -1.34689216e+00+2.42648589e+00j  1.15536461e+00+1.90069835e+00j
  1.63742247e+00-2.36513992e-03j  6.51361693e-01-8.81570406e-01j
 -2.95003657e-02-7.36018525e-01j -3.76508845e-01-6.54550439e-01j
 -1.03484160e+00-2.85503268e-01j -1.11041771e+00+9.82129392e-01j
  3.84727372e-01+1.83272325e+00j  2.06023965e+00+6.43844895e-01j
  1.65155135e+00-1.56039822e+00j -5.57371354e-01-2.11829572e+00j
 -1.91459191e+00-3.94421123e-01j -9.24793050e-01+1.39799159e+00j
  9.64823799e-01+1.15906020e+00j  1.41264179e+00-5.90417053e-01j
  3.18270368e-02-1.65087115e+00j -1.45356244e+00-9.13561315e-01j
 -1.53736362e+00+5.84497011e-01j -5.53557510e-01+1.33437129e+00j
  3.23364709e-01+1.18051389e+00j  8.27039982e-01+8.34200910e-01j
  1.36993514e+00+3.03001557e-01j  1.55128686e+00-9.20868658e-01j
  3.55838651e-01-2.21949749e+00j -1.84757996e+00-1.89593006e+00j
 -2.89042494e+00+4.30033714e-01j -1.39935043e+00+2.64385692e+00j
  1.14262011e+00+2.55352275e+00j  2.24290447e+00+6.89985645e-01j
  1.57945106e+00-7.39219118e-01j  7.25681496e-01-9.90592808e-01j
  3.54019601e-01-1.02768464e+00j -1.82794861e-01-1.16169725e+00j
 -8.29064710e-01-7.39084064e-01j -7.57257245e-01-2.11458976e-02j
 -2.84207544e-01-1.21640736e-02j -5.43172764e-01-3.99949036e-01j
 -1.25286983e+00+6.89529215e-02j -1.03787780e+00+1.22064292e+00j
  1.50761162e-01+1.64014674e+00j  1.05464324e+00+1.01452965e+00j
  1.22929329e+00+2.37647901e-01j  1.14502997e+00-3.88153433e-01j
  7.09079380e-01-1.07790595e+00j -3.53542708e-01-1.28186440e+00j
 -1.21511865e+00-3.85893424e-01j -8.33330534e-01+8.23331404e-01j
  3.34568695e-01+1.00488245e+00j  9.02365723e-01+1.54583700e-01j
  4.45959549e-01-5.34996886e-01j -1.66799223e-01-3.60391454e-01j
 -9.37854150e-02+1.48207390e-01j  4.17669321e-01+8.92938301e-02j
  4.16994526e-01-5.09696343e-01j -2.53006578e-01-6.10812982e-01j
 -3.99394325e-01+1.40705148e-01j  6.19439414e-01+3.25708039e-01j
  1.14834349e+00-1.17316252e+00j -6.54131060e-01-2.61979166e+00j
 -3.35613366e+00-1.28696046e+00j -3.46783976e+00+2.23456996e+00j
 -2.96530830e-01+4.20199118e+00j  2.93338645e+00+2.57965818e+00j
  3.29338803e+00-6.29933470e-01j  1.27373832e+00-2.40794727e+00j
 -8.04153760e-01-1.99058119e+00j -1.56363114e+00-5.82037495e-01j
 -1.16532700e+00+4.97025396e-01j -4.95997166e-01+7.72873083e-01j
 -2.34096426e-01+7.09098685e-01j -9.22972423e-02+1.00196040e+00j
  7.55888819e-01+1.33374874e+00j  2.00738336e+00+4.98555957e-01j
  1.94934247e+00-1.52606574e+00j -1.59586324e-01-2.69502947e+00j
 -2.40673927e+00-1.33139540e+00j -2.31386009e+00+1.34366975e+00j
 -1.90488624e-02+2.52588345e+00j  1.98307137e+00+1.23094109e+00j
  1.92103109e+00-9.03048403e-01j  3.16459799e-01-1.89502730e+00j
 -1.24897711e+00-1.25010531e+00j -1.66543774e+00+2.91360228e-01j
 -6.79207238e-01+1.56150218e+00j  1.02229052e+00+1.47266004e+00j
  1.92791305e+00-1.38082270e-01j  9.18543794e-01-1.87738513e+00j
 -1.25791160e+00-1.85711264e+00j -2.38697170e+00+1.92170245e-01j
 -1.08179080e+00+2.32813138e+00j  1.58810145e+00+2.28259604e+00j
  3.02643864e+00-1.63791396e-01j  1.66573034e+00-2.82816051e+00j
 -1.42214712e+00-3.17532409e+00j -3.47682642e+00-7.79583753e-01j
 -2.67949465e+00+2.23063896e+00j  1.20080946e-01+3.22014586e+00j
  2.28845197e+00+1.56326646e+00j  2.00185229e+00-8.44675138e-01j
 -4.08382928e-03-1.54745473e+00j -1.24191004e+00-4.67656195e-02j
 -1.29485643e-01+1.62232588e+00j  2.11555102e+00+1.04022068e+00j
  2.55818251e+00-1.69853853e+00j -6.27644505e-02-3.60193520e+00j
 -3.30735611e+00-2.01537520e+00j -3.41513867e+00+1.80742127e+00j
 -1.93237010e-02+3.61330691e+00j  2.89879339e+00+1.36022741e+00j
  1.95828283e+00-1.90227753e+00j -1.09176205e+00-2.02464636e+00j
 -1.92283613e+00+5.93675148e-01j  2.45324281e-01+1.90890644e+00j
  1.96128069e+00+2.24032760e-01j  8.97536917e-01-1.79146410e+00j
 -1.15844331e+00-1.47903246e+00j -1.52283926e+00+2.53685708e-01j
 -3.45272768e-01+9.61103788e-01j  3.16123330e-01+2.41137829e-01j
 -2.97403139e-01-2.42539147e-01j -8.44078644e-01+5.34903779e-01j
 -1.19810566e-02+1.52178038e+00j  1.52633218e+00+1.08644465e+00j
  1.90724001e+00-6.47767545e-01j  5.96426494e-01-1.84101222e+00j
 -9.20497667e-01-1.38948090e+00j -1.26718844e+00-1.94469485e-01j
 -7.57211939e-01+4.70116164e-01j -2.89360977e-01+5.36849180e-01j
 -3.57342955e-02+4.59905392e-01j  1.08682939e-01+3.24385553e-01j
  9.56376366e-02+2.41428536e-01j  1.91429184e-01+3.48823145e-01j
  5.94587210e-01+1.96801912e-01j  6.22814505e-01-5.26669435e-01j
 -2.67203508e-01-9.26146032e-01j -1.09729842e+00-1.25654476e-01j
 -6.65738174e-01+1.02144931e+00j  4.85802620e-01+1.14931148e+00j
  1.10852818e+00+4.39280665e-01j  1.18807447e+00-2.58046359e-01j
  1.05660955e+00-1.08450983e+00j  2.16671710e-02-2.01254467e+00j
 -1.95665615e+00-1.57300491e+00j -2.74044487e+00+8.71441824e-01j
 -7.16750371e-01+2.96820624e+00j  2.17499706e+00+2.11216846e+00j
  2.72457600e+00-6.91057020e-01j  8.33354671e-01-2.25549581e+00j
 -9.23117220e-01-1.63043013e+00j -1.27857319e+00-4.95129341e-01j
 -1.12172917e+00+1.20990906e-01j -9.20764395e-01+7.00038771e-01j
 -1.70351054e-01+1.13864605e+00j  6.61963891e-01+6.30987733e-01j
  3.96065066e-01-2.34186482e-01j -4.10831455e-01+6.03830937e-02j
  7.45676957e-02+1.05980769e+00j  1.59018187e+00+5.78383409e-01j
  1.58106663e+00-1.50310343e+00j -7.04218284e-01-2.38259843e+00j
 -2.52193014e+00-5.01253482e-01j -1.54359960e+00+1.85344272e+00j
  7.12515726e-01+1.85763060e+00j  1.31607526e+00+1.74440868e-01j
  2.19975727e-01-4.73975354e-01j -1.78017453e-01+4.32383245e-01j
  9.64035845e-01+7.65068644e-01j  1.71508927e+00-6.62505968e-01j
  4.16716465e-01-2.19281092e+00j -1.82332828e+00-1.64329152e+00j
 -2.49097414e+00+7.97297362e-01j -6.08568344e-01+2.76856716e+00j
  2.27388072e+00+2.21192779e+00j  3.52723903e+00-7.06049090e-01j
  1.73169971e+00-3.61934271e+00j -1.87503825e+00-3.86433730e+00j
 -4.21333668e+00-1.02609042e+00j -3.29281082e+00+2.39621170e+00j
 -2.99887351e-01+3.49180862e+00j  1.84264979e+00+1.96831663e+00j
  1.74505911e+00+3.57157662e-02j  6.31833764e-01-4.31539386e-01j
  3.93474863e-01+2.09394093e-01j  1.33233888e+00+2.18255265e-01j
  1.87334271e+00-1.33716173e+00j  3.05707415e-01-3.20641244e+00j
 -2.90399061e+00-2.84482853e+00j -4.73073809e+00+6.64709914e-01j
 -2.52994024e+00+4.65840144e+00j  2.45142247e+00+5.04046711e+00j
  5.62758691e+00+8.66948848e-01j  3.80132431e+00-4.11738029e+00j
 -1.28032755e+00-5.22183498e+00j -4.73312862e+00-1.70311374e+00j
 -3.68060797e+00+2.66718883e+00j  1.41439982e-02+3.88149762e+00j
  2.38107387e+00+1.85488537e+00j  1.97407136e+00-3.20543253e-01j
  7.48382190e-01-6.46859776e-01j  6.44912589e-01-1.68771833e-01j
  1.15191773e+00-5.53819156e-01j  8.16736558e-01-1.60827091e+00j
 -5.08159954e-01-2.04196084e+00j -1.83845430e+00-1.28381467e+00j
 -2.28186965e+00+2.65961440e-01j -1.49144766e+00+1.75410065e+00j
  1.54154354e-01+2.25381191e+00j  1.62606731e+00+1.46561287e+00j
  2.16870289e+00+3.93636082e-03j  1.77289208e+00-1.48467251e+00j
  3.93846455e-01-2.64819339e+00j -1.93203756e+00-2.52058795e+00j
 -3.62412789e+00-1.32958709e-01j -2.36275687e+00+3.05374574e+00j
  1.34618108e+00+3.56092217e+00j  3.52348362e+00+3.51450137e-01j
  1.44417141e+00-2.96894046e+00j -2.48221754e+00-2.28536351e+00j
 -3.37846747e+00+1.78724657e+00j  2.24040760e-01+4.44343017e+00j
  4.52098029e+00+2.21581335e+00j  4.56690795e+00-2.96217884e+00j
 -1.52165732e-01-5.61131211e+00j -4.81243030e+00-2.73027208e+00j
 -4.52666964e+00+2.60389024e+00j -2.65086041e-03+4.71660940e+00j
  3.53063227e+00+2.00073752e+00j  2.81386199e+00-1.71386699e+00j
 -1.30914856e-01-2.48310209e+00j -1.57350824e+00-6.67300751e-01j
 -7.06323784e-01+7.86677514e-01j  4.93400217e-01+4.64957647e-01j
  4.35271043e-01-5.47754204e-01j -5.21649963e-01-7.36272636e-01j
 -1.08349071e+00+1.15762378e-01j -5.99414481e-01+1.06334903e+00j
  4.51159957e-01+1.22500958e+00j  1.25757346e+00+5.96695560e-01j
  1.52170832e+00-4.02073533e-01j  1.10967627e+00-1.58968468e+00j
 -3.97972620e-01-2.43845241e+00j -2.57400988e+00-1.62911063e+00j
 -3.30549051e+00+1.14254363e+00j -1.11262631e+00+3.49728413e+00j
  2.07486282e+00+2.77649960e+00j  2.86620994e+00-8.76486463e-02j
  1.06662883e+00-1.61303051e+00j -2.34366474e-01-7.43425432e-01j
  4.94853067e-01-4.78514799e-02j  1.06945975e+00-1.33874586e+00j
 -7.02696045e-01-2.71462175e+00j -3.39155071e+00-1.40608824e+00j
 -3.69145738e+00+2.08195700e+00j -7.78996285e-01+4.37756718e+00j
  2.65364825e+00+3.35451215e+00j  3.75949992e+00+4.31874944e-01j
  2.64636911e+00-1.69419998e+00j  1.20526569e+00-2.39937600e+00j
 -4.95992323e-02-2.72440615e+00j -1.86229262e+00-2.50311875e+00j
 -3.42830743e+00-5.45246442e-01j -2.69251189e+00+2.27337860e+00j
  5.73772322e-02+3.19473190e+00j  1.94417493e+00+1.61931439e+00j
  1.70021678e+00-3.70055283e-02j  1.06966470e+00-3.61930190e-01j
  1.17098651e+00-6.48481726e-01j  7.55641123e-01-1.63669786e+00j
 -7.85105958e-01-1.86242206e+00j -1.83070340e+00-5.19674888e-01j
 -1.23186080e+00+9.13373031e-01j -1.49601419e-02+1.07404449e+00j
  5.47706992e-01+4.09256093e-01j  4.19309675e-01-1.95130347e-01j
 -6.38473996e-02-4.50789772e-01j -6.16000772e-01-1.33761803e-01j
 -5.52277407e-01+6.81252311e-01j  4.06649296e-01+1.01769323e+00j
  1.21134605e+00+1.79156750e-01j  7.94244491e-01-9.51026648e-01j
 -3.21755790e-01-1.10689209e+00j -9.37103529e-01-3.84895599e-01j
 -8.34202697e-01+3.40581652e-01j -4.32143887e-01+7.97974517e-01j
  2.35509195e-01+1.02922792e+00j  1.10075862e+00+6.58861127e-01j
  1.43862503e+00-4.64275228e-01j  6.70656264e-01-1.54986861e+00j
 -7.14807661e-01-1.64520043e+00j -1.70715735e+00-7.02885023e-01j
 -1.79106001e+00+6.23897391e-01j -1.00170737e+00+1.72128585e+00j
  4.23744744e-01+2.08941833e+00j  1.86425921e+00+1.29632003e+00j
  2.30745277e+00-4.30949021e-01j  1.28295123e+00-1.93601955e+00j
 -4.35130281e-01-2.15227891e+00j -1.63102953e+00-1.17512720e+00j
 -1.82738090e+00+1.50563580e-01j -1.21026044e+00+1.20186477e+00j
 -6.69570823e-02+1.59290439e+00j  1.01570777e+00+1.01005897e+00j
  1.18643258e+00-1.77836173e-01j  3.50860358e-01-8.95997894e-01j
 -5.76074788e-01-6.12173716e-01j -8.85136103e-01+1.96535652e-01j
 -5.51317628e-01+1.02884224e+00j  4.99970332e-01+1.54320236e+00j
  2.00827895e+00+8.86013837e-01j  2.42204735e+00-1.24734038e+00j
  4.99846955e-01-2.99650427e+00j -2.16364321e+00-2.11173570e+00j
 -2.60053416e+00+6.04506696e-01j -5.58414301e-01+2.00067590e+00j
  1.18132173e+00+8.42147715e-01j  7.15503599e-01-8.43450291e-01j
 -8.36518789e-01-8.74965020e-01j -1.36538065e+00+5.11534074e-01j
 -3.61035327e-01+1.55002026e+00j  9.37773692e-01+1.20191259e+00j
  1.23702333e+00+1.14254590e-01j  6.79984509e-01-4.22874012e-01j
  4.09200840e-01-2.57915244e-01j  6.54641325e-01-4.14497979e-01j
  3.61582728e-01-1.10337596e+00j -7.26207195e-01-1.09567425e+00j
 -1.17783238e+00+7.24131279e-02j -1.70020442e-01+8.73821446e-01j
  8.61294965e-01+5.12854250e-02j  2.36286487e-01-1.26486683e+00j
 -1.43920610e+00-1.06531500e+00j -2.01902724e+00+7.69213906e-01j
 -5.39081330e-01+2.26089178e+00j  1.56097132e+00+1.64551838e+00j
  1.95898093e+00-4.94872914e-01j  2.24534917e-01-1.65611573e+00j
 -1.34293704e+00-4.38360771e-01j -5.57824228e-01+1.36884265e+00j
  1.51291849e+00+1.04347303e+00j  1.90921649e+00-1.21990509e+00j
 -1.15467737e-01-2.60458613e+00j -2.34420102e+00-1.53173601e+00j
 -2.74387314e+00+7.81802291e-01j -1.40269697e+00+2.44759137e+00j
  5.17101728e-01+2.70739718e+00j  2.00901530e+00+1.74037144e+00j
  2.48715676e+00+2.09950496e-01j  2.03415445e+00-1.07413367e+00j
  1.19114650e+00-1.84360196e+00j  9.13375688e-02-2.25310060e+00j
 -1.33178755e+00-1.93483946e+00j -2.21963195e+00-4.49936129e-01j
 -1.47320530e+00+1.20289512e+00j  2.01210442e-01+1.31604107e+00j
  7.93296219e-01+4.95991789e-02j -6.97967572e-02-6.22939842e-01j
 -6.46759115e-01+1.72526558e-02j -7.25302394e-02+4.72508141e-01j
  3.00751713e-01-1.69088131e-01j -5.08144923e-01-6.02682107e-01j
 -1.22285607e+00+3.14670928e-01j -4.59441495e-01+1.41519059e+00j
  8.60177924e-01+1.07651789e+00j  9.77104800e-01-1.44064844e-01j
  4.52421017e-02-5.10632682e-01j -3.72027279e-01+1.75813368e-01j
  1.76136470e-01+6.20683412e-01j  7.09792208e-01+2.28765637e-01j
  5.90399966e-01-3.56080986e-01j  1.18664351e-01-5.62164567e-01j
 -3.31407570e-01-3.73428256e-01j -5.14454586e-01+1.68799035e-01j
 -3.89097837e-02+7.46528376e-01j  9.10143489e-01+5.08250658e-01j
  1.08840273e+00-7.09727312e-01j -1.99600265e-01-1.43306440e+00j
 -1.49315845e+00-3.26828192e-01j -8.26117252e-01+1.45379495e+00j
  1.23336476e+00+1.46587598e+00j  2.06296042e+00-4.95535675e-01j
  6.80313465e-01-2.00484780e+00j -1.01410696e+00-1.51421851e+00j
 -1.26835324e+00-2.56299973e-01j -7.51313198e-01+1.63074273e-01j
 -7.52234245e-01+1.22992481e-01j -9.21059189e-01+6.66626752e-01j
 -2.46990933e-01+1.39521441e+00j  9.64035781e-01+1.16559039e+00j
  1.47101377e+00-4.84477065e-02j  7.68355252e-01-1.14875182e+00j
 -5.03516652e-01-1.22563359e+00j -1.32711521e+00-2.52895707e-01j
 -1.03438544e+00+1.04302232e+00j  2.72955272e-01+1.63332966e+00j
  1.66141948e+00+8.72457551e-01j  1.89945836e+00-8.80153241e-01j
  4.41630203e-01-2.22418322e+00j -1.69234825e+00-1.65267343e+00j
 -2.28324548e+00+7.02372174e-01j -2.67349797e-01+2.39309866e+00j
  2.25961706e+00+1.13808125e+00j  2.06789445e+00-1.84599226e+00j
 -8.47363195e-01-2.88096530e+00j -2.97662676e+00-6.75238936e-01j
 -1.98472690e+00+2.00891007e+00j  4.91328075e-01+2.28286045e+00j
  1.59320199e+00+5.82220034e-01j  7.64812620e-01-7.59085399e-01j
 -4.67673323e-01-5.67346196e-01j -7.04545027e-01+5.00786741e-01j
  1.73725411e-01+1.13652202e+00j  1.16791954e+00+6.19806414e-01j
  1.17137929e+00-4.84055904e-01j  2.83901446e-01-9.00226631e-01j
 -2.32169233e-01-3.09162941e-01j  2.86719252e-01+1.57055666e-01j
  9.23795834e-01-4.55915766e-01j  4.75054799e-01-1.56526190e+00j
 -9.82119243e-01-1.83085476e+00j -2.23464672e+00-6.88697547e-01j
 -2.12376307e+00+1.15006231e+00j -5.39701716e-01+2.23414170e+00j
  1.24098259e+00+1.55317444e+00j  1.52268845e+00-2.17609194e-01j
  1.67557242e-01-1.09682416e+00j -9.58561445e-01-1.70018337e-01j
 -3.59463425e-01+1.09373817e+00j  1.04102363e+00+8.61664215e-01j
  1.32342467e+00-5.43959516e-01j  2.31602603e-01-1.37682199e+00j
 -9.17584400e-01-9.38642182e-01j -1.25698544e+00+6.08835716e-02j
 -8.92407053e-01+9.41837728e-01j -1.77605202e-02+1.43502570e+00j
  1.10024122e+00+1.16140301e+00j  1.69824540e+00+4.11574747e-02j
  1.22792785e+00-1.15403799e+00j  1.11288659e-01-1.58339932e+00j
 -8.99175553e-01-1.18409266e+00j -1.42346232e+00-2.47216625e-01j
 -1.13099641e+00+9.08937849e-01j  1.07961924e-01+1.46558325e+00j
  1.33452859e+00+6.47417106e-01j  1.20606367e+00-8.25737948e-01j
 -1.88968165e-02-1.34267003e+00j -8.18687795e-01-7.39159986e-01j
 -8.80430696e-01-2.20317518e-01j -1.12958714e+00+1.15432424e-01j
 -1.20629480e+00+1.22022952e+00j  3.01416671e-01+2.32260400e+00j
  2.58199457e+00+1.22796142e+00j  2.65809284e+00-1.76321119e+00j
 -1.44208477e-01-3.27241974e+00j -2.65918810e+00-1.52195062e+00j
 -2.28419399e+00+1.09311427e+00j -4.01965394e-01+1.67881237e+00j
  2.99248334e-01+7.50715797e-01j -1.59260109e-01+5.74986639e-01j
  1.75204436e-01+1.29797704e+00j  1.53734873e+00+1.01125613e+00j
  1.87249978e+00-7.84102186e-01j  1.45149278e-01-1.92431455e+00j
 -1.62118629e+00-6.63102297e-01j -1.00431011e+00+1.44447093e+00j
  1.16237347e+00+1.53613445e+00j  1.91987711e+00-3.50746650e-01j
  6.41587962e-01-1.48022471e+00j -3.29805160e-01-8.43718062e-01j
  9.72226311e-02-4.37764710e-01j  5.13585760e-02-1.27786671e+00j
 -1.47252114e+00-1.37685594e+00j -2.28366106e+00+4.89705488e-01j
 -7.18723342e-01+2.05987006e+00j  1.14973788e+00+1.18009918e+00j
  8.17428350e-01-4.83179874e-01j -5.17733282e-01-2.90050337e-01j
 -2.30841639e-01+9.64940913e-01j  1.20850820e+00+7.08142951e-01j
  1.25725399e+00-9.14033284e-01j -3.38563354e-01-1.40188449e+00j
 -1.21562213e+00-4.95624189e-03j -7.43489905e-02+1.21320386e+00j
  1.51905723e+00+4.32746508e-01j  1.35732169e+00-1.46352578e+00j
 -4.69260768e-01-2.12372500e+00j -1.77542545e+00-8.94231105e-01j
 -1.41614781e+00+4.76650096e-01j -6.09424940e-01+7.57621535e-01j
 -2.69396841e-01+7.88907591e-01j  3.94999874e-01+9.39173559e-01j
  1.22603281e+00+1.43403187e-01j  7.39225773e-01-1.09951848e+00j
 -4.14883617e-01-9.65855477e-01j -3.05893474e-01-1.73689231e-01j
  2.55681153e-01-4.59500998e-01j  7.53580527e-02-8.16489233e-01j
  5.37136757e-01-9.77759932e-01j  5.97416161e-01-2.90074050e+00j
 -2.28610493e+00-3.72814594e+00j -2.25451351e+00-5.29117109e-01j
  4.46080134e+00-4.77325488e+00j -2.96293215e+00-2.41072585e+01j
 -4.33988045e+01-2.60586913e+01j -7.62440573e+01+3.00723234e+01j
 -3.04122520e+01+1.07894202e+02j  8.08146940e+01+1.06837676e+02j]
