Frame: 79
X_framed shape: (1024,)
X_framed dtype: complex128
X_framed:
[-1.33523816e+01-0.00000000e+00j -4.56913126e+00+1.21077406e+01j
  8.78558684e+00+7.79153119e+00j  8.78387502e+00-4.52660381e+00j
 -8.04417865e-01-7.55893719e+00j -5.09577101e+00-1.30735013e+00j
 -1.76322323e+00+2.74237712e+00j  1.26892598e+00+1.42943340e+00j
  1.19186035e+00-4.29960955e-01j  4.83232520e-01-1.12603238e+00j
 -5.96588343e-01-1.66420631e+00j -2.44655999e+00-8.33855308e-01j
 -2.68584362e+00+1.95674225e+00j  6.37462653e-02+3.78606304e+00j
  3.19077121e+00+2.30345124e+00j  3.71672522e+00-9.80653970e-01j
  1.67039786e+00-3.22352839e+00j -1.06618715e+00-3.20385347e+00j
 -2.75650055e+00-1.37884890e+00j -2.55756415e+00+8.57981155e-01j
 -9.57441516e-01+1.97086498e+00j  5.56007640e-01+1.47881515e+00j
  8.67598754e-01+2.94037139e-01j  1.36170226e-01-2.95575855e-01j
 -5.42690800e-01+2.19107664e-01j -1.80916673e-01+1.14785838e+00j
  1.05180170e+00+1.23698580e+00j  1.88789730e+00+9.18974535e-02j
  1.45253120e+00-1.29446231e+00j  2.43471956e-01-1.83282650e+00j
 -8.10391025e-01-1.52950346e+00j -1.50571769e+00-8.80788254e-01j
 -1.94353002e+00+1.09549458e-01j -1.67707514e+00+1.51384343e+00j
 -1.87765160e-01+2.55884646e+00j  1.89854354e+00+2.01994983e+00j
  2.80690845e+00-1.85341011e-01j  1.41947548e+00-2.24467645e+00j
 -1.02239694e+00-2.08069037e+00j -1.89492228e+00+6.18171432e-02j
 -3.34272175e-01+1.55020972e+00j  1.48098810e+00+5.69259981e-01j
  1.08671829e+00-1.45807564e+00j -9.97472707e-01-1.77098901e+00j
 -2.07986821e+00+3.14965025e-02j -9.59681254e-01+1.68491489e+00j
  8.22445650e-01+1.46463366e+00j  1.42703121e+00+3.66955082e-02j
  7.10920130e-01-1.10415720e+00j -5.64336006e-01-1.30184773e+00j
 -1.70021492e+00-3.89047656e-01j -1.67982150e+00+1.41493014e+00j
  1.63338147e-01+2.60116292e+00j  2.35823240e+00+1.48044638e+00j
  2.38617479e+00-1.01811112e+00j  3.57860793e-01-1.97766432e+00j
 -8.69474667e-01-7.25046746e-01j -9.08795667e-02+2.23156914e-01j
  5.61851854e-01-6.02565960e-01j -5.21171793e-01-1.37363719e+00j
 -1.78304389e+00-3.21247639e-01j -1.27406070e+00+1.37479258e+00j
  3.72018849e-01+1.70311208e+00j  1.35945230e+00+6.87004540e-01j
  1.25996377e+00-3.93026461e-01j  7.06208577e-01-1.00350503e+00j
 -1.97938976e-02-1.26305034e+00j -8.52430044e-01-1.03359127e+00j
 -1.33323507e+00-2.37465837e-01j -1.10747272e+00+6.19290016e-01j
 -4.86770504e-01+1.01792499e+00j  8.80198038e-02+1.03355928e+00j
  6.31415975e-01+8.58807059e-01j  1.12922857e+00+2.84488784e-01j
  1.03718746e+00-7.08615973e-01j  1.58319972e-02-1.33609295e+00j
 -1.21491599e+00-7.99423289e-01j -1.53312379e+00+6.02389823e-01j
 -6.21727184e-01+1.82214931e+00j  1.04763728e+00+2.05911080e+00j
  2.67649687e+00+8.58188556e-01j  2.91255733e+00-1.66471995e+00j
  6.12614277e-01-3.74710772e+00j -2.84431349e+00-2.80921464e+00j
 -3.78873124e+00+9.29218734e-01j -8.54071533e-01+3.45352378e+00j
  2.43124942e+00+1.89157541e+00j  2.19372772e+00-1.31042060e+00j
 -3.90989261e-01-1.94962053e+00j -1.35551178e+00-1.17165056e-01j
 -8.84256227e-02+7.46513475e-01j  5.01980953e-01-3.06244541e-01j
 -6.68899847e-01-7.24268657e-01j -1.20940656e+00+7.30471489e-01j
  4.50997519e-01+1.74996064e+00j  2.21414083e+00+2.17900649e-01j
  1.32635384e+00-2.28688909e+00j -1.52225153e+00-2.51729433e+00j
 -2.97246718e+00-2.70181269e-02j -1.45727106e+00+2.19898885e+00j
  8.02416034e-01+1.75831352e+00j  9.81185888e-01-4.29610171e-02j
 -4.54877934e-01-3.04665478e-01j -7.18446851e-01+1.18992726e+00j
  9.87235042e-01+1.85156561e+00j  2.38186369e+00+3.46062629e-01j
  1.69065164e+00-1.53754678e+00j  6.02498323e-02-1.82868255e+00j
 -6.77242274e-01-1.06866253e+00j -7.24726968e-01-7.21767136e-01j
 -1.22285591e+00-5.79217122e-01j -1.78537986e+00+4.74276160e-01j
 -9.91510921e-01+2.02878769e+00j  1.13035826e+00+2.26707220e+00j
  2.64468552e+00+4.40727728e-01j  1.91875368e+00-1.93823061e+00j
 -4.90061704e-01-2.65316889e+00j -2.38553302e+00-1.06707112e+00j
 -2.12356392e+00+1.28798523e+00j -1.74787344e-01+2.30327280e+00j
  1.54597426e+00+1.40704358e+00j  1.83531264e+00-1.61299020e-01j
  1.16212656e+00-1.15668196e+00j  3.49376435e-01-1.58523566e+00j
 -6.53839229e-01-1.75388310e+00j -1.94773010e+00-1.18975017e+00j
 -2.65833773e+00+4.87524957e-01j -1.83281248e+00+2.43989265e+00j
  2.97743383e-01+3.32580275e+00j  2.64021882e+00+2.49071064e+00j
  3.95569127e+00+4.12405356e-02j  2.99904874e+00-3.01517467e+00j
 -3.86073766e-01-4.37859997e+00j -3.72784907e+00-2.16700788e+00j
 -3.52027939e+00+2.06788457e+00j  4.60030476e-01+3.93750636e+00j
  4.05886448e+00+1.13294235e+00j  3.21855720e+00-3.56780938e+00j
 -1.48937183e+00-5.27093625e+00j -5.60122505e+00-2.10196196e+00j
 -5.29841257e+00+3.15327422e+00j -9.10739775e-01+5.87913000e+00j
  3.54532994e+00+3.97403837e+00j  4.36117193e+00-2.32423673e-01j
  1.82473636e+00-2.66176087e+00j -7.02792256e-01-1.98421885e+00j
 -1.14270195e+00-3.19060800e-01j -4.69197701e-01+3.46504370e-01j
 -9.33530586e-02+3.14494105e-01j  1.32695198e-01+3.46607674e-01j
  5.15848565e-01+1.05165369e-01j  4.11830082e-01-5.36761707e-01j
 -3.52134841e-01-6.87354884e-01j -7.92429928e-01-1.05496160e-02j
 -4.16810523e-01+5.94246120e-01j  8.32735561e-02+5.92589919e-01j
  2.93673401e-01+4.50104712e-01j  5.43845540e-01+3.33586612e-01j
  7.20752244e-01-8.61953810e-02j  3.94415890e-01-4.66802722e-01j
  7.32603922e-02-2.42152783e-01j  4.77773341e-01-6.43388317e-02j
  8.23315325e-01-8.82052374e-01j -1.96526859e-01-1.87572614e+00j
 -1.97388208e+00-1.30641518e+00j -2.46130656e+00+7.55994719e-01j
 -9.71254187e-01+2.31971816e+00j  1.03408731e+00+1.99820822e+00j
  1.82184560e+00+3.67716014e-01j  1.00767202e+00-9.82239060e-01j
 -3.76920048e-01-9.08376061e-01j -7.68438306e-01+3.35975921e-01j
  4.05129955e-01+1.10036809e+00j  1.68740578e+00+2.64877457e-02j
  1.01576215e+00-1.88774024e+00j -1.34480699e+00-2.03595903e+00j
 -2.53771909e+00+2.84551933e-01j -8.03237984e-01+2.38077277e+00j
  1.75702409e+00+1.56985402e+00j  1.87403390e+00-9.34704746e-01j
 -1.96017371e-01-1.70078202e+00j -1.22010087e+00-1.80283296e-01j
 -1.29579708e-01+7.95105332e-01j  6.71906484e-01-6.37445948e-02j
 -8.77476441e-02-6.76646102e-01j -4.69610663e-01+6.79132923e-02j
  4.42428539e-01+1.49624474e-01j  3.25051979e-01-1.25109135e+00j
 -1.79141399e+00-1.36734876e+00j -2.74419683e+00+1.26154451e+00j
 -2.92649261e-01+3.37099193e+00j  2.66413914e+00+1.87989384e+00j
  2.45409012e+00-1.11662108e+00j  1.73877618e-01-1.81673732e+00j
 -6.84420304e-01-4.44212644e-01j  2.07028927e-01+2.39774215e-02j
  3.14840382e-01-1.01004027e+00j -1.16182457e+00-1.25479228e+00j
 -2.05579643e+00+4.37043602e-01j -6.76790739e-01+2.11060641e+00j
  1.48344019e+00+1.46065498e+00j  1.62835237e+00-7.50081760e-01j
 -3.59967565e-01-1.49457970e+00j -1.51090769e+00+2.30914317e-01j
 -2.91865137e-02+1.75507813e+00j  1.91011288e+00+6.36224299e-01j
  1.41595142e+00-1.61390686e+00j -7.70895427e-01-1.93000804e+00j
 -1.74228240e+00-3.10937080e-01j -9.71061506e-01+7.71580277e-01j
 -4.07824653e-01+6.05609977e-01j -6.58807064e-01+7.88890331e-01j
 -1.64047252e-01+1.76344148e+00j  1.56842145e+00+1.77007991e+00j
  2.60642733e+00-6.58954978e-02j  1.48825139e+00-1.92707491e+00j
 -4.38773219e-01-1.84275211e+00j -9.99771774e-01-5.03112693e-01j
 -3.05415455e-01+3.40374001e-02j -1.48716801e-01-4.58981026e-01j
 -8.83000218e-01-3.99993458e-01j -1.00515899e+00+6.21161745e-01j
 -1.18346754e-02+1.10941759e+00j  6.22008454e-01+4.47648540e-01j
  2.19413555e-01+9.45431913e-02j  3.40438121e-01+7.40047017e-01j
  1.80262054e+00+5.30871089e-01j  2.38854868e+00-1.81630406e+00j
 -6.18050158e-02-3.98017034e+00j -3.73615329e+00-2.75630085e+00j
 -4.72780380e+00+1.25400719e+00j -2.06492771e+00+4.27834945e+00j
  1.58910286e+00+4.06378140e+00j  3.60720426e+00+1.55865720e+00j
  3.32583229e+00-1.35712554e+00j  1.06466778e+00-3.18146013e+00j
 -1.90473881e+00-2.50446334e+00j -2.90803977e+00+5.35456276e-01j
 -5.12188994e-01+2.82245971e+00j  2.56933292e+00+1.42114226e+00j
  2.34328377e+00-1.98685835e+00j -8.53505616e-01-2.99124902e+00j
 -2.86910776e+00-6.07184617e-01j -1.72809464e+00+1.83298040e+00j
  3.64674175e-01+1.91114597e+00j  1.14377458e+00+7.32746645e-01j
  9.42368922e-01-3.03607674e-02j  6.87835527e-01-4.03236251e-01j
  2.67360667e-01-7.00995624e-01j -3.03566078e-01-5.28669237e-01j
 -3.56846326e-01+3.59791126e-02j  1.29244768e-01+1.73598133e-01j
  3.26115448e-01-2.91133170e-01j -7.83868928e-02-6.43927621e-01j
 -5.85427182e-01-5.09475087e-01j -8.96644316e-01-1.15971641e-01j
 -1.01748609e+00+5.02344773e-01j -5.66606036e-01+1.31757326e+00j
  6.81439020e-01+1.52474055e+00j  1.67998985e+00+3.86587989e-01j
  1.07617864e+00-1.11631540e+00j -5.15486866e-01-1.10449087e+00j
 -9.05769906e-01+3.58912001e-01j  4.44398897e-01+1.02094490e+00j
  1.43990612e+00-2.16245244e-01j  5.35414606e-01-1.61234166e+00j
 -1.04846018e+00-1.37255424e+00j -1.56667378e+00-1.30851066e-01j
 -1.19025619e+00+7.51741904e-01j -6.81660251e-01+1.31874242e+00j
  3.02307966e-01+1.78921569e+00j  1.78210279e+00+1.21998693e+00j
  2.22096532e+00-6.90411465e-01j  6.65538220e-01-2.14090179e+00j
 -1.31365263e+00-1.44478756e+00j -1.52467699e+00+4.96110526e-01j
  2.40632722e-02+1.40479181e+00j  1.42812815e+00+4.24755273e-01j
  1.21273086e+00-1.29258880e+00j -4.50628977e-01-2.06909681e+00j
 -2.20158902e+00-1.10135084e+00j -2.57396355e+00+1.07235525e+00j
 -9.97869143e-01+2.93757907e+00j  1.71560817e+00+2.94784716e+00j
  3.64499308e+00+6.28798699e-01j  2.91664873e+00-2.60636093e+00j
 -3.60468610e-01-3.93902686e+00j -3.25927793e+00-1.81512091e+00j
 -2.76575093e+00+1.57481201e+00j  1.81080925e-01+2.36009930e+00j
  1.53694151e+00+1.60350570e-01j -1.42587020e-01-1.30200242e+00j
 -1.68395677e+00+1.28110310e-01j -5.10653227e-01+1.86429319e+00j
  1.34556648e+00+1.09543946e+00j  9.56287475e-01-6.65388703e-01j
 -6.65197602e-01-4.53510240e-01j -5.88601046e-01+1.22951828e+00j
  1.24121032e+00+1.59544617e+00j  2.37527085e+00+9.67171904e-03j
  1.70976469e+00-1.68608639e+00j  2.77045357e-01-2.23262186e+00j
 -9.43894054e-01-1.89452341e+00j -1.79205352e+00-1.04025244e+00j
 -2.01237649e+00+2.27820201e-01j -1.30753613e+00+1.34780335e+00j
 -1.20929282e-01+1.62091790e+00j  7.35214311e-01+1.12984006e+00j
  1.06228621e+00+4.76003845e-01j  1.14463701e+00-1.51116689e-01j
  9.16962902e-01-8.93850141e-01j  7.85568867e-02-1.42559717e+00j
 -1.01001561e+00-1.09630457e+00j -1.39861111e+00-1.60047705e-02j
 -8.01105208e-01+8.00995509e-01j -4.22874968e-02+7.38508753e-01j
  1.34474815e-01+3.02795713e-01j -6.12722101e-02+1.55402315e-01j
 -1.87796152e-01+2.75360710e-01j -2.08834065e-01+5.10940125e-01j
  3.81642226e-02+9.14834337e-01j  8.65562878e-01+1.05428020e+00j
  1.73157751e+00+2.05853125e-01j  1.47454594e+00-1.24935115e+00j
  5.23905027e-02-1.88800522e+00j -1.18402437e+00-1.15272375e+00j
 -1.31778863e+00-5.53643367e-03j -8.08332204e-01+5.87304439e-01j
 -4.19527857e-01+7.15892807e-01j -1.96313840e-01+9.20071447e-01j
  3.72604570e-01+1.27806710e+00j  1.56695849e+00+1.09844852e+00j
  2.54186728e+00-4.55883457e-01j  1.62227409e+00-2.74640839e+00j
 -1.30404292e+00-3.31437506e+00j -3.44358000e+00-8.76179973e-01j
 -2.29939108e+00+2.08694062e+00j  4.85641352e-01+2.22342668e+00j
  1.24927278e+00+1.49788994e-01j -2.90514915e-01-6.10385379e-01j
 -9.66816779e-01+8.85362607e-01j  6.70591663e-01+1.89192019e+00j
  2.39093530e+00+4.94758704e-01j  1.89405171e+00-1.80187596e+00j
 -2.78533497e-01-2.58219844e+00j -2.05532055e+00-1.37463292e+00j
 -2.22764198e+00+5.47363662e-01j -1.08441522e+00+1.76971264e+00j
  2.77157811e-01+1.80515702e+00j  1.07632018e+00+1.20771618e+00j
  1.49578815e+00+5.98611530e-01j  1.85298337e+00-2.38887192e-01j
  1.57621727e+00-1.53630218e+00j  1.48018839e-01-2.36816142e+00j
 -1.46127441e+00-1.71088843e+00j -1.82225131e+00-2.01342865e-01j
 -1.05198374e+00+6.65985467e-01j -3.62085990e-01+5.81711453e-01j
 -2.30930064e-01+3.05133187e-01j -3.24794839e-01+2.43298541e-01j
 -4.35333324e-01+3.68580937e-01j -4.00404668e-01+7.03142746e-01j
  1.73853995e-02+9.83874667e-01j  5.20076256e-01+8.07613383e-01j
  6.21246470e-01+4.86799535e-01j  7.03830370e-01+5.20603577e-01j
  1.29566591e+00+3.53404845e-01j  1.61853299e+00-6.91841549e-01j
  7.05251527e-01-1.69269967e+00j -5.47804646e-01-1.34494747e+00j
 -5.68217563e-01-3.75267079e-01j  1.36909240e-01-5.36687822e-01j
 -3.57352745e-01-1.56738030e+00j -2.16574801e+00-1.33896666e+00j
 -3.04999233e+00+8.97194542e-01j -1.40927248e+00+3.13558779e+00j
  1.49789570e+00+2.97733547e+00j  2.89376110e+00+5.09727118e-01j
  1.61613223e+00-1.74501325e+00j -6.22750628e-01-1.70300223e+00j
 -1.38324360e+00-3.05186993e-02j -4.13566173e-01+1.01421916e+00j
  5.17114697e-01+6.17076226e-01j  4.09157224e-01+2.94039111e-02j
  1.58781490e-01+2.01652763e-01j  6.31246808e-01+3.92603650e-01j
  1.14065595e+00-2.81900738e-01j  6.71977917e-01-1.24287555e+00j
 -4.40425087e-01-1.34624882e+00j -1.06246976e+00-5.93910211e-01j
 -9.26177485e-01+6.79504303e-02j -7.16162038e-01+2.90489284e-01j
 -6.82815524e-01+5.90131892e-01j -2.97103036e-01+1.08055533e+00j
  5.26436425e-01+1.10753826e+00j  1.05279156e+00+4.88166106e-01j
  1.00433002e+00-9.72309722e-02j  9.45387720e-01-4.26019412e-01j
  8.87450654e-01-1.06819852e+00j  1.47789106e-02-1.84437836e+00j
 -1.55545636e+00-1.54040211e+00j -2.33060226e+00+1.31037942e-01j
 -1.44210730e+00+1.79640726e+00j  3.28745808e-01+2.17694009e+00j
  1.78544512e+00+1.19693251e+00j  2.12263009e+00-6.15638509e-01j
  8.12545146e-01-2.21652268e+00j -1.49594397e+00-2.02518683e+00j
 -2.55392449e+00+1.98251587e-01j -1.07684531e+00+2.11078866e+00j
  1.00197344e+00+1.57772178e+00j  1.08326235e+00-1.27752113e-01j
 -2.05010163e-01-2.99742933e-01j -2.47170519e-01+9.34522457e-01j
  1.21306164e+00+1.10866066e+00j  1.89947330e+00-3.74865201e-01j
  9.21127724e-01-1.52800067e+00j -1.20627131e-01-1.31765804e+00j
 -2.87340839e-01-9.92630910e-01j -7.04437799e-01-1.22518729e+00j
 -1.83202813e+00-6.90221952e-01j -1.93513741e+00+1.16269952e+00j
  3.20964039e-02+2.24969581e+00j  1.97188502e+00+7.31763966e-01j
  1.20364431e+00-1.75760859e+00j -1.55938772e+00-1.92207628e+00j
 -2.85125921e+00+7.48740026e-01j -8.79875191e-01+3.19578816e+00j
  2.27871728e+00+2.59593120e+00j  3.32369364e+00-3.49679864e-01j
  1.55713137e+00-2.57949337e+00j -8.12162868e-01-2.40243779e+00j
 -1.78467273e+00-9.35841673e-01j -1.61939293e+00+1.53542586e-01j
 -1.36076291e+00+8.02303326e-01j -9.00930813e-01+1.58256165e+00j
  2.51552303e-01+2.05513677e+00j  1.53408764e+00+1.51694294e+00j
  2.06935161e+00+3.14945793e-01j  1.83194732e+00-8.19339114e-01j
  1.07217384e+00-1.65534510e+00j -1.39586049e-01-1.86766147e+00j
 -1.09159328e+00-1.06353221e+00j -8.52476568e-01-3.77901905e-02j
 -8.24475251e-02-1.52422168e-01j -4.42006123e-01-9.61810014e-01j
 -1.73910801e+00-5.71923194e-01j -1.89835952e+00+1.17228897e+00j
 -3.00321319e-01+2.15684116e+00j  1.14098430e+00+1.27916285e+00j
  9.87706403e-01+4.14250811e-02j  2.76923939e-01-2.19730157e-02j
  4.65338361e-01+4.02760269e-01j  1.05629596e+00-4.40938894e-02j
  6.97988109e-01-9.77539438e-01j -3.68708757e-01-9.75079852e-01j
 -6.53254969e-01-6.54867266e-02j  5.08237989e-02+2.49554942e-01j
  2.72981536e-01-4.42157509e-01j -5.72798391e-01-7.01311478e-01j
 -1.06832647e+00+2.33938267e-01j -2.57140625e-01+9.84644335e-01j
  5.61113932e-01+4.02341361e-01j  7.28053032e-02-3.15928124e-01j
 -6.20039351e-01+2.98054531e-01j  1.42830744e-01+1.23867996e+00j
  1.51822105e+00+5.96124517e-01j  1.34352026e+00-1.08331031e+00j
 -2.65693423e-01-1.48550678e+00j -1.01880108e+00-2.49920393e-01j
 -1.48472046e-01+5.12102921e-01j  4.75383751e-01-2.51300749e-01j
 -4.02828565e-01-8.91299533e-01j -1.33796410e+00+5.12003274e-02j
 -6.42621781e-01+1.39917085e+00j  9.12976811e-01+1.29082604e+00j
  1.48215353e+00-2.16399402e-02j  8.35271595e-01-9.76595526e-01j
  4.27301662e-02-1.08086309e+00j -4.39942131e-01-9.01710435e-01j
 -8.65926245e-01-6.51323345e-01j -1.22034901e+00-1.45993359e-01j
 -1.29298772e+00+5.71786208e-01j -9.72358438e-01+1.42014681e+00j
  8.81341294e-02+2.19263473e+00j  1.94641001e+00+1.93288026e+00j
  3.20625890e+00-1.57167844e-01j  2.05793114e+00-2.77087528e+00j
 -9.18413691e-01-3.24751709e+00j -2.76414329e+00-1.04433580e+00j
 -1.85776612e+00+1.24202731e+00j  8.29305718e-03+1.31806352e+00j
  3.65864311e-01+8.72007062e-02j -6.04568949e-01-1.51184796e-01j
 -9.12752974e-01+9.44330408e-01j  1.92011232e-01+1.75696231e+00j
  1.59016845e+00+1.20599645e+00j  2.05724958e+00-2.62006687e-01j
  1.28660175e+00-1.62846504e+00j -3.11847903e-01-1.99477505e+00j
 -1.65268960e+00-9.09463633e-01j -1.46272649e+00+8.45874440e-01j
  1.46034616e-01+1.49229507e+00j  1.33219966e+00+3.61808963e-01j
  7.88836414e-01-1.03545967e+00j -5.36488210e-01-1.04595394e+00j
 -9.65765206e-01-8.61947831e-03j -3.28505976e-01+6.36640210e-01j
  3.32894471e-01+3.91320094e-01j  3.95680604e-01-1.48948182e-01j
  5.40390398e-02-4.17198267e-01j -3.07104127e-01-3.18926530e-01j
 -4.53396252e-01-0.00000000e+00j -3.07104127e-01+3.18926530e-01j
  5.40390398e-02+4.17198267e-01j  3.95680604e-01+1.48948182e-01j
  3.32894471e-01-3.91320094e-01j -3.28505976e-01-6.36640210e-01j
 -9.65765206e-01+8.61947831e-03j -5.36488210e-01+1.04595394e+00j
  7.88836414e-01+1.03545967e+00j  1.33219966e+00-3.61808963e-01j
  1.46034616e-01-1.49229507e+00j -1.46272649e+00-8.45874440e-01j
 -1.65268960e+00+9.09463633e-01j -3.11847903e-01+1.99477505e+00j
  1.28660175e+00+1.62846504e+00j  2.05724958e+00+2.62006687e-01j
  1.59016845e+00-1.20599645e+00j  1.92011232e-01-1.75696231e+00j
 -9.12752974e-01-9.44330408e-01j -6.04568949e-01+1.51184796e-01j
  3.65864311e-01-8.72007062e-02j  8.29305718e-03-1.31806352e+00j
 -1.85776612e+00-1.24202731e+00j -2.76414329e+00+1.04433580e+00j
 -9.18413691e-01+3.24751709e+00j  2.05793114e+00+2.77087528e+00j
  3.20625890e+00+1.57167844e-01j  1.94641001e+00-1.93288026e+00j
  8.81341294e-02-2.19263473e+00j -9.72358438e-01-1.42014681e+00j
 -1.29298772e+00-5.71786208e-01j -1.22034901e+00+1.45993359e-01j
 -8.65926245e-01+6.51323345e-01j -4.39942131e-01+9.01710435e-01j
  4.27301662e-02+1.08086309e+00j  8.35271595e-01+9.76595526e-01j
  1.48215353e+00+2.16399402e-02j  9.12976811e-01-1.29082604e+00j
 -6.42621781e-01-1.39917085e+00j -1.33796410e+00-5.12003274e-02j
 -4.02828565e-01+8.91299533e-01j  4.75383751e-01+2.51300749e-01j
 -1.48472046e-01-5.12102921e-01j -1.01880108e+00+2.49920393e-01j
 -2.65693423e-01+1.48550678e+00j  1.34352026e+00+1.08331031e+00j
  1.51822105e+00-5.96124517e-01j  1.42830744e-01-1.23867996e+00j
 -6.20039351e-01-2.98054531e-01j  7.28053032e-02+3.15928124e-01j
  5.61113932e-01-4.02341361e-01j -2.57140625e-01-9.84644335e-01j
 -1.06832647e+00-2.33938267e-01j -5.72798391e-01+7.01311478e-01j
  2.72981536e-01+4.42157509e-01j  5.08237989e-02-2.49554942e-01j
 -6.53254969e-01+6.54867266e-02j -3.68708757e-01+9.75079852e-01j
  6.97988109e-01+9.77539438e-01j  1.05629596e+00+4.40938894e-02j
  4.65338361e-01-4.02760269e-01j  2.76923939e-01+2.19730157e-02j
  9.87706403e-01-4.14250811e-02j  1.14098430e+00-1.27916285e+00j
 -3.00321319e-01-2.15684116e+00j -1.89835952e+00-1.17228897e+00j
 -1.73910801e+00+5.71923194e-01j -4.42006123e-01+9.61810014e-01j
 -8.24475251e-02+1.52422168e-01j -8.52476568e-01+3.77901905e-02j
 -1.09159328e+00+1.06353221e+00j -1.39586049e-01+1.86766147e+00j
  1.07217384e+00+1.65534510e+00j  1.83194732e+00+8.19339114e-01j
  2.06935161e+00-3.14945793e-01j  1.53408764e+00-1.51694294e+00j
  2.51552303e-01-2.05513677e+00j -9.00930813e-01-1.58256165e+00j
 -1.36076291e+00-8.02303326e-01j -1.61939293e+00-1.53542586e-01j
 -1.78467273e+00+9.35841673e-01j -8.12162868e-01+2.40243779e+00j
  1.55713137e+00+2.57949337e+00j  3.32369364e+00+3.49679864e-01j
  2.27871728e+00-2.59593120e+00j -8.79875191e-01-3.19578816e+00j
 -2.85125921e+00-7.48740026e-01j -1.55938772e+00+1.92207628e+00j
  1.20364431e+00+1.75760859e+00j  1.97188502e+00-7.31763966e-01j
  3.20964039e-02-2.24969581e+00j -1.93513741e+00-1.16269952e+00j
 -1.83202813e+00+6.90221952e-01j -7.04437799e-01+1.22518729e+00j
 -2.87340839e-01+9.92630910e-01j -1.20627131e-01+1.31765804e+00j
  9.21127724e-01+1.52800067e+00j  1.89947330e+00+3.74865201e-01j
  1.21306164e+00-1.10866066e+00j -2.47170519e-01-9.34522457e-01j
 -2.05010163e-01+2.99742933e-01j  1.08326235e+00+1.27752113e-01j
  1.00197344e+00-1.57772178e+00j -1.07684531e+00-2.11078866e+00j
 -2.55392449e+00-1.98251587e-01j -1.49594397e+00+2.02518683e+00j
  8.12545146e-01+2.21652268e+00j  2.12263009e+00+6.15638509e-01j
  1.78544512e+00-1.19693251e+00j  3.28745808e-01-2.17694009e+00j
 -1.44210730e+00-1.79640726e+00j -2.33060226e+00-1.31037942e-01j
 -1.55545636e+00+1.54040211e+00j  1.47789106e-02+1.84437836e+00j
  8.87450654e-01+1.06819852e+00j  9.45387720e-01+4.26019412e-01j
  1.00433002e+00+9.72309722e-02j  1.05279156e+00-4.88166106e-01j
  5.26436425e-01-1.10753826e+00j -2.97103036e-01-1.08055533e+00j
 -6.82815524e-01-5.90131892e-01j -7.16162038e-01-2.90489284e-01j
 -9.26177485e-01-6.79504303e-02j -1.06246976e+00+5.93910211e-01j
 -4.40425087e-01+1.34624882e+00j  6.71977917e-01+1.24287555e+00j
  1.14065595e+00+2.81900738e-01j  6.31246808e-01-3.92603650e-01j
  1.58781490e-01-2.01652763e-01j  4.09157224e-01-2.94039111e-02j
  5.17114697e-01-6.17076226e-01j -4.13566173e-01-1.01421916e+00j
 -1.38324360e+00+3.05186993e-02j -6.22750628e-01+1.70300223e+00j
  1.61613223e+00+1.74501325e+00j  2.89376110e+00-5.09727118e-01j
  1.49789570e+00-2.97733547e+00j -1.40927248e+00-3.13558779e+00j
 -3.04999233e+00-8.97194542e-01j -2.16574801e+00+1.33896666e+00j
 -3.57352745e-01+1.56738030e+00j  1.36909240e-01+5.36687822e-01j
 -5.68217563e-01+3.75267079e-01j -5.47804646e-01+1.34494747e+00j
  7.05251527e-01+1.69269967e+00j  1.61853299e+00+6.91841549e-01j
  1.29566591e+00-3.53404845e-01j  7.03830370e-01-5.20603577e-01j
  6.21246470e-01-4.86799535e-01j  5.20076256e-01-8.07613383e-01j
  1.73853995e-02-9.83874667e-01j -4.00404668e-01-7.03142746e-01j
 -4.35333324e-01-3.68580937e-01j -3.24794839e-01-2.43298541e-01j
 -2.30930064e-01-3.05133187e-01j -3.62085990e-01-5.81711453e-01j
 -1.05198374e+00-6.65985467e-01j -1.82225131e+00+2.01342865e-01j
 -1.46127441e+00+1.71088843e+00j  1.48018839e-01+2.36816142e+00j
  1.57621727e+00+1.53630218e+00j  1.85298337e+00+2.38887192e-01j
  1.49578815e+00-5.98611530e-01j  1.07632018e+00-1.20771618e+00j
  2.77157811e-01-1.80515702e+00j -1.08441522e+00-1.76971264e+00j
 -2.22764198e+00-5.47363662e-01j -2.05532055e+00+1.37463292e+00j
 -2.78533497e-01+2.58219844e+00j  1.89405171e+00+1.80187596e+00j
  2.39093530e+00-4.94758704e-01j  6.70591663e-01-1.89192019e+00j
 -9.66816779e-01-8.85362607e-01j -2.90514915e-01+6.10385379e-01j
  1.24927278e+00-1.49788994e-01j  4.85641352e-01-2.22342668e+00j
 -2.29939108e+00-2.08694062e+00j -3.44358000e+00+8.76179973e-01j
 -1.30404292e+00+3.31437506e+00j  1.62227409e+00+2.74640839e+00j
  2.54186728e+00+4.55883457e-01j  1.56695849e+00-1.09844852e+00j
  3.72604570e-01-1.27806710e+00j -1.96313840e-01-9.20071447e-01j
 -4.19527857e-01-7.15892807e-01j -8.08332204e-01-5.87304439e-01j
 -1.31778863e+00+5.53643367e-03j -1.18402437e+00+1.15272375e+00j
  5.23905027e-02+1.88800522e+00j  1.47454594e+00+1.24935115e+00j
  1.73157751e+00-2.05853125e-01j  8.65562878e-01-1.05428020e+00j
  3.81642226e-02-9.14834337e-01j -2.08834065e-01-5.10940125e-01j
 -1.87796152e-01-2.75360710e-01j -6.12722101e-02-1.55402315e-01j
  1.34474815e-01-3.02795713e-01j -4.22874968e-02-7.38508753e-01j
 -8.01105208e-01-8.00995509e-01j -1.39861111e+00+1.60047705e-02j
 -1.01001561e+00+1.09630457e+00j  7.85568867e-02+1.42559717e+00j
  9.16962902e-01+8.93850141e-01j  1.14463701e+00+1.51116689e-01j
  1.06228621e+00-4.76003845e-01j  7.35214311e-01-1.12984006e+00j
 -1.20929282e-01-1.62091790e+00j -1.30753613e+00-1.34780335e+00j
 -2.01237649e+00-2.27820201e-01j -1.79205352e+00+1.04025244e+00j
 -9.43894054e-01+1.89452341e+00j  2.77045357e-01+2.23262186e+00j
  1.70976469e+00+1.68608639e+00j  2.37527085e+00-9.67171904e-03j
  1.24121032e+00-1.59544617e+00j -5.88601046e-01-1.22951828e+00j
 -6.65197602e-01+4.53510240e-01j  9.56287475e-01+6.65388703e-01j
  1.34556648e+00-1.09543946e+00j -5.10653227e-01-1.86429319e+00j
 -1.68395677e+00-1.28110310e-01j -1.42587020e-01+1.30200242e+00j
  1.53694151e+00-1.60350570e-01j  1.81080925e-01-2.36009930e+00j
 -2.76575093e+00-1.57481201e+00j -3.25927793e+00+1.81512091e+00j
 -3.60468610e-01+3.93902686e+00j  2.91664873e+00+2.60636093e+00j
  3.64499308e+00-6.28798699e-01j  1.71560817e+00-2.94784716e+00j
 -9.97869143e-01-2.93757907e+00j -2.57396355e+00-1.07235525e+00j
 -2.20158902e+00+1.10135084e+00j -4.50628977e-01+2.06909681e+00j
  1.21273086e+00+1.29258880e+00j  1.42812815e+00-4.24755273e-01j
  2.40632722e-02-1.40479181e+00j -1.52467699e+00-4.96110526e-01j
 -1.31365263e+00+1.44478756e+00j  6.65538220e-01+2.14090179e+00j
  2.22096532e+00+6.90411465e-01j  1.78210279e+00-1.21998693e+00j
  3.02307966e-01-1.78921569e+00j -6.81660251e-01-1.31874242e+00j
 -1.19025619e+00-7.51741904e-01j -1.56667378e+00+1.30851066e-01j
 -1.04846018e+00+1.37255424e+00j  5.35414606e-01+1.61234166e+00j
  1.43990612e+00+2.16245244e-01j  4.44398897e-01-1.02094490e+00j
 -9.05769906e-01-3.58912001e-01j -5.15486866e-01+1.10449087e+00j
  1.07617864e+00+1.11631540e+00j  1.67998985e+00-3.86587989e-01j
  6.81439020e-01-1.52474055e+00j -5.66606036e-01-1.31757326e+00j
 -1.01748609e+00-5.02344773e-01j -8.96644316e-01+1.15971641e-01j
 -5.85427182e-01+5.09475087e-01j -7.83868928e-02+6.43927621e-01j
  3.26115448e-01+2.91133170e-01j  1.29244768e-01-1.73598133e-01j
 -3.56846326e-01-3.59791126e-02j -3.03566078e-01+5.28669237e-01j
  2.67360667e-01+7.00995624e-01j  6.87835527e-01+4.03236251e-01j
  9.42368922e-01+3.03607674e-02j  1.14377458e+00-7.32746645e-01j
  3.64674175e-01-1.91114597e+00j -1.72809464e+00-1.83298040e+00j
 -2.86910776e+00+6.07184617e-01j -8.53505616e-01+2.99124902e+00j
  2.34328377e+00+1.98685835e+00j  2.56933292e+00-1.42114226e+00j
 -5.12188994e-01-2.82245971e+00j -2.90803977e+00-5.35456276e-01j
 -1.90473881e+00+2.50446334e+00j  1.06466778e+00+3.18146013e+00j
  3.32583229e+00+1.35712554e+00j  3.60720426e+00-1.55865720e+00j
  1.58910286e+00-4.06378140e+00j -2.06492771e+00-4.27834945e+00j
 -4.72780380e+00-1.25400719e+00j -3.73615329e+00+2.75630085e+00j
 -6.18050158e-02+3.98017034e+00j  2.38854868e+00+1.81630406e+00j
  1.80262054e+00-5.30871089e-01j  3.40438121e-01-7.40047017e-01j
  2.19413555e-01-9.45431913e-02j  6.22008454e-01-4.47648540e-01j
 -1.18346754e-02-1.10941759e+00j -1.00515899e+00-6.21161745e-01j
 -8.83000218e-01+3.99993458e-01j -1.48716801e-01+4.58981026e-01j
 -3.05415455e-01-3.40374001e-02j -9.99771774e-01+5.03112693e-01j
 -4.38773219e-01+1.84275211e+00j  1.48825139e+00+1.92707491e+00j
  2.60642733e+00+6.58954978e-02j  1.56842145e+00-1.77007991e+00j
 -1.64047252e-01-1.76344148e+00j -6.58807064e-01-7.88890331e-01j
 -4.07824653e-01-6.05609977e-01j -9.71061506e-01-7.71580277e-01j
 -1.74228240e+00+3.10937080e-01j -7.70895427e-01+1.93000804e+00j
  1.41595142e+00+1.61390686e+00j  1.91011288e+00-6.36224299e-01j
 -2.91865137e-02-1.75507813e+00j -1.51090769e+00-2.30914317e-01j
 -3.59967565e-01+1.49457970e+00j  1.62835237e+00+7.50081760e-01j
  1.48344019e+00-1.46065498e+00j -6.76790739e-01-2.11060641e+00j
 -2.05579643e+00-4.37043602e-01j -1.16182457e+00+1.25479228e+00j
  3.14840382e-01+1.01004027e+00j  2.07028927e-01-2.39774215e-02j
 -6.84420304e-01+4.44212644e-01j  1.73877618e-01+1.81673732e+00j
  2.45409012e+00+1.11662108e+00j  2.66413914e+00-1.87989384e+00j
 -2.92649261e-01-3.37099193e+00j -2.74419683e+00-1.26154451e+00j
 -1.79141399e+00+1.36734876e+00j  3.25051979e-01+1.25109135e+00j
  4.42428539e-01-1.49624474e-01j -4.69610663e-01-6.79132923e-02j
 -8.77476441e-02+6.76646102e-01j  6.71906484e-01+6.37445948e-02j
 -1.29579708e-01-7.95105332e-01j -1.22010087e+00+1.80283296e-01j
 -1.96017371e-01+1.70078202e+00j  1.87403390e+00+9.34704746e-01j
  1.75702409e+00-1.56985402e+00j -8.03237984e-01-2.38077277e+00j
 -2.53771909e+00-2.84551933e-01j -1.34480699e+00+2.03595903e+00j
  1.01576215e+00+1.88774024e+00j  1.68740578e+00-2.64877457e-02j
  4.05129955e-01-1.10036809e+00j -7.68438306e-01-3.35975921e-01j
 -3.76920048e-01+9.08376061e-01j  1.00767202e+00+9.82239060e-01j
  1.82184560e+00-3.67716014e-01j  1.03408731e+00-1.99820822e+00j
 -9.71254187e-01-2.31971816e+00j -2.46130656e+00-7.55994719e-01j
 -1.97388208e+00+1.30641518e+00j -1.96526859e-01+1.87572614e+00j
  8.23315325e-01+8.82052374e-01j  4.77773341e-01+6.43388317e-02j
  7.32603922e-02+2.42152783e-01j  3.94415890e-01+4.66802722e-01j
  7.20752244e-01+8.61953810e-02j  5.43845540e-01-3.33586612e-01j
  2.93673401e-01-4.50104712e-01j  8.32735561e-02-5.92589919e-01j
 -4.16810523e-01-5.94246120e-01j -7.92429928e-01+1.05496160e-02j
 -3.52134841e-01+6.87354884e-01j  4.11830082e-01+5.36761707e-01j
  5.15848565e-01-1.05165369e-01j  1.32695198e-01-3.46607674e-01j
 -9.33530586e-02-3.14494105e-01j -4.69197701e-01-3.46504370e-01j
 -1.14270195e+00+3.19060800e-01j -7.02792256e-01+1.98421885e+00j
  1.82473636e+00+2.66176087e+00j  4.36117193e+00+2.32423673e-01j
  3.54532994e+00-3.97403837e+00j -9.10739775e-01-5.87913000e+00j
 -5.29841257e+00-3.15327422e+00j -5.60122505e+00+2.10196196e+00j
 -1.48937183e+00+5.27093625e+00j  3.21855720e+00+3.56780938e+00j
  4.05886448e+00-1.13294235e+00j  4.60030476e-01-3.93750636e+00j
 -3.52027939e+00-2.06788457e+00j -3.72784907e+00+2.16700788e+00j
 -3.86073766e-01+4.37859997e+00j  2.99904874e+00+3.01517467e+00j
  3.95569127e+00-4.12405356e-02j  2.64021882e+00-2.49071064e+00j
  2.97743383e-01-3.32580275e+00j -1.83281248e+00-2.43989265e+00j
 -2.65833773e+00-4.87524957e-01j -1.94773010e+00+1.18975017e+00j
 -6.53839229e-01+1.75388310e+00j  3.49376435e-01+1.58523566e+00j
  1.16212656e+00+1.15668196e+00j  1.83531264e+00+1.61299020e-01j
  1.54597426e+00-1.40704358e+00j -1.74787344e-01-2.30327280e+00j
 -2.12356392e+00-1.28798523e+00j -2.38553302e+00+1.06707112e+00j
 -4.90061704e-01+2.65316889e+00j  1.91875368e+00+1.93823061e+00j
  2.64468552e+00-4.40727728e-01j  1.13035826e+00-2.26707220e+00j
 -9.91510921e-01-2.02878769e+00j -1.78537986e+00-4.74276160e-01j
 -1.22285591e+00+5.79217122e-01j -7.24726968e-01+7.21767136e-01j
 -6.77242274e-01+1.06866253e+00j  6.02498323e-02+1.82868255e+00j
  1.69065164e+00+1.53754678e+00j  2.38186369e+00-3.46062629e-01j
  9.87235042e-01-1.85156561e+00j -7.18446851e-01-1.18992726e+00j
 -4.54877934e-01+3.04665478e-01j  9.81185888e-01+4.29610171e-02j
  8.02416034e-01-1.75831352e+00j -1.45727106e+00-2.19898885e+00j
 -2.97246718e+00+2.70181269e-02j -1.52225153e+00+2.51729433e+00j
  1.32635384e+00+2.28688909e+00j  2.21414083e+00-2.17900649e-01j
  4.50997519e-01-1.74996064e+00j -1.20940656e+00-7.30471489e-01j
 -6.68899847e-01+7.24268657e-01j  5.01980953e-01+3.06244541e-01j
 -8.84256227e-02-7.46513475e-01j -1.35551178e+00+1.17165056e-01j
 -3.90989261e-01+1.94962053e+00j  2.19372772e+00+1.31042060e+00j
  2.43124942e+00-1.89157541e+00j -8.54071533e-01-3.45352378e+00j
 -3.78873124e+00-9.29218734e-01j -2.84431349e+00+2.80921464e+00j
  6.12614277e-01+3.74710772e+00j  2.91255733e+00+1.66471995e+00j
  2.67649687e+00-8.58188556e-01j  1.04763728e+00-2.05911080e+00j
 -6.21727184e-01-1.82214931e+00j -1.53312379e+00-6.02389823e-01j
 -1.21491599e+00+7.99423289e-01j  1.58319972e-02+1.33609295e+00j
  1.03718746e+00+7.08615973e-01j  1.12922857e+00-2.84488784e-01j
  6.31415975e-01-8.58807059e-01j  8.80198038e-02-1.03355928e+00j
 -4.86770504e-01-1.01792499e+00j -1.10747272e+00-6.19290016e-01j
 -1.33323507e+00+2.37465837e-01j -8.52430044e-01+1.03359127e+00j
 -1.97938976e-02+1.26305034e+00j  7.06208577e-01+1.00350503e+00j
  1.25996377e+00+3.93026461e-01j  1.35945230e+00-6.87004540e-01j
  3.72018849e-01-1.70311208e+00j -1.27406070e+00-1.37479258e+00j
 -1.78304389e+00+3.21247639e-01j -5.21171793e-01+1.37363719e+00j
  5.61851854e-01+6.02565960e-01j -9.08795667e-02-2.23156914e-01j
 -8.69474667e-01+7.25046746e-01j  3.57860793e-01+1.97766432e+00j
  2.38617479e+00+1.01811112e+00j  2.35823240e+00-1.48044638e+00j
  1.63338147e-01-2.60116292e+00j -1.67982150e+00-1.41493014e+00j
 -1.70021492e+00+3.89047656e-01j -5.64336006e-01+1.30184773e+00j
  7.10920130e-01+1.10415720e+00j  1.42703121e+00-3.66955082e-02j
  8.22445650e-01-1.46463366e+00j -9.59681254e-01-1.68491489e+00j
 -2.07986821e+00-3.14965025e-02j -9.97472707e-01+1.77098901e+00j
  1.08671829e+00+1.45807564e+00j  1.48098810e+00-5.69259981e-01j
 -3.34272175e-01-1.55020972e+00j -1.89492228e+00-6.18171432e-02j
 -1.02239694e+00+2.08069037e+00j  1.41947548e+00+2.24467645e+00j
  2.80690845e+00+1.85341011e-01j  1.89854354e+00-2.01994983e+00j
 -1.87765160e-01-2.55884646e+00j -1.67707514e+00-1.51384343e+00j
 -1.94353002e+00-1.09549458e-01j -1.50571769e+00+8.80788254e-01j
 -8.10391025e-01+1.52950346e+00j  2.43471956e-01+1.83282650e+00j
  1.45253120e+00+1.29446231e+00j  1.88789730e+00-9.18974535e-02j
  1.05180170e+00-1.23698580e+00j -1.80916673e-01-1.14785838e+00j
 -5.42690800e-01-2.19107664e-01j  1.36170226e-01+2.95575855e-01j
  8.67598754e-01-2.94037139e-01j  5.56007640e-01-1.47881515e+00j
 -9.57441516e-01-1.97086498e+00j -2.55756415e+00-8.57981155e-01j
 -2.75650055e+00+1.37884890e+00j -1.06618715e+00+3.20385347e+00j
  1.67039786e+00+3.22352839e+00j  3.71672522e+00+9.80653970e-01j
  3.19077121e+00-2.30345124e+00j  6.37462653e-02-3.78606304e+00j
 -2.68584362e+00-1.95674225e+00j -2.44655999e+00+8.33855308e-01j
 -5.96588343e-01+1.66420631e+00j  4.83232520e-01+1.12603238e+00j
  1.19186035e+00+4.29960955e-01j  1.26892598e+00-1.42943340e+00j
 -1.76322323e+00-2.74237712e+00j -5.09577101e+00+1.30735013e+00j
 -8.04417865e-01+7.55893719e+00j  8.78387502e+00+4.52660381e+00j
  8.78558684e+00-7.79153119e+00j -4.56913126e+00-1.21077406e+01j]
