Frame: 68
X_framed shape: (1024,)
X_framed dtype: complex128
X_framed:
[-1.50760061e+02-0.00000000e+00j -8.31741869e+01+1.15469293e+02j
  3.77704880e+01+1.13033670e+02j  8.33320050e+01+2.58881094e+01j
  4.31101623e+01-3.25589845e+01j -7.18337359e-01-2.60347524e+01j
 -6.03032578e+00-3.82646935e+00j  2.27245165e+00-3.77592721e-01j
  1.82017453e+00-4.08833021e+00j -1.05086998e+00-2.76580891e+00j
 -5.97204739e-01-1.12624827e+00j -7.68502446e-01-1.23910641e+00j
 -1.35113179e+00+1.33548547e-01j  3.59879849e-01+1.21191644e+00j
  1.64530405e+00-4.54087886e-01j  1.81329732e-01-1.83073636e+00j
 -1.16352798e+00-8.04220565e-01j -6.81472731e-01+1.55829071e-01j
 -4.58922064e-01-7.49438194e-02j -9.89638819e-01+4.10675040e-01j
 -2.72530832e-01+1.63381302e+00j  1.59414328e+00+1.31775671e+00j
  2.09190120e+00-7.46410932e-01j  3.80533955e-01-2.05210382e+00j
 -1.40251756e+00-1.02442763e+00j -1.06259943e+00+8.83603869e-01j
  8.26291533e-01+1.10658576e+00j  1.63682433e+00-7.36268286e-01j
  6.21454925e-02-2.30656613e+00j -2.23449682e+00-1.54182720e+00j
 -2.81194913e+00+9.13169499e-01j -1.15957688e+00+2.81084895e+00j
  1.27124509e+00+2.70030944e+00j  2.63834584e+00+8.70193205e-01j
  2.13277876e+00-1.09712628e+00j  6.49894373e-01-1.75708672e+00j
 -3.18848592e-01-1.32139886e+00j -6.81016369e-01-9.49440430e-01j
 -1.27990882e+00-5.57385104e-01j -1.58145598e+00+7.21248540e-01j
 -2.90060079e-01+1.98080800e+00j  1.66687667e+00+1.28431407e+00j
  1.80103175e+00-8.16616426e-01j  5.11301940e-02-1.59761614e+00j
 -9.86833258e-01-3.85767839e-01j -2.08805361e-01+6.15878352e-01j
  6.90711406e-01+1.16942719e-01j  4.62937057e-01-6.95465804e-01j
 -1.38292724e-01-8.04964365e-01j -4.83508723e-01-6.69500338e-01j
 -9.42317648e-01-4.39745110e-01j -1.20922302e+00+4.17798935e-01j
 -3.64571745e-01+1.30711697e+00j  9.80135921e-01+8.14774569e-01j
  9.66126897e-01-7.36885530e-01j -6.32388100e-01-1.23625339e+00j
 -1.75853990e+00+2.57766661e-01j -7.25442091e-01+2.14630148e+00j
  1.78260568e+00+2.18068237e+00j  3.43232095e+00-2.48958343e-01j
  2.24148312e+00-3.46709159e+00j -1.55285347e+00-4.54489799e+00j
 -4.99983528e+00-1.84258523e+00j -4.81050724e+00+2.77654999e+00j
 -9.74900184e-01+5.28605011e+00j  2.96792973e+00+3.74889313e+00j
  3.86365493e+00+2.51333881e-01j  2.06908782e+00-1.92652018e+00j
  6.99786407e-02-1.85738310e+00j -7.48949112e-01-8.70254276e-01j
 -7.88308117e-01-5.93520154e-02j -4.88896673e-01+6.13127697e-01j
  4.00184733e-01+1.00298427e+00j  1.50930470e+00+2.84892277e-01j
  1.36868425e+00-1.40281122e+00j -5.04533687e-01-2.13675194e+00j
 -2.09491822e+00-5.99961517e-01j -1.26386007e+00+1.50958773e+00j
  9.40944852e-01+1.44565638e+00j  1.49408516e+00-5.67780991e-01j
 -2.07645380e-01-1.56163767e+00j -1.51858174e+00-2.22206827e-01j
 -5.84711600e-01+1.30709448e+00j  1.06363776e+00+8.12050406e-01j
  1.03329897e+00-8.60770390e-01j -5.54141517e-01-1.33540599e+00j
 -1.56627856e+00-1.12793797e-02j -7.61688915e-01+1.47601647e+00j
  9.64635618e-01+1.44067200e+00j  1.80506608e+00-1.27245068e-01j
  8.41285351e-01-1.70551254e+00j -1.08174991e+00-1.67531410e+00j
 -2.04071857e+00+4.22030336e-02j -1.03228677e+00+1.69141144e+00j
  7.37514948e-01+1.59741565e+00j  1.31686155e+00+2.66164366e-01j
  6.20260558e-01-4.21672112e-01j  3.12648375e-01-3.71617448e-02j
  9.81118765e-01-1.03353587e-01j  1.10414040e+00-1.38524931e+00j
 -4.48067969e-01-2.36943252e+00j -2.42392404e+00-1.41520442e+00j
 -2.78608258e+00+8.70349110e-01j -1.25222800e+00+2.46857646e+00j
  6.97234558e-01+2.30945256e+00j  1.62964830e+00+1.00695739e+00j
  1.32368539e+00-1.49455663e-01j  6.09170171e-01-4.14817388e-01j
  3.99740855e-01-1.28999622e-01j  7.03128013e-01-1.66833398e-01j
  7.30540961e-01-7.51312345e-01j  8.27727938e-02-1.18633964e+00j
 -7.04844195e-01-8.99766271e-01j -9.55763632e-01-1.48895299e-01j
 -5.74904295e-01+4.49302287e-01j  7.87478974e-02+4.87246516e-01j
  4.35642445e-01-8.09542047e-02j -7.65042843e-04-7.32959805e-01j
 -9.68882336e-01-5.89585479e-01j -1.38976161e+00+5.13712284e-01j
 -6.26748559e-01+1.57537502e+00j  6.83902104e-01+1.63112849e+00j
  1.58321682e+00+8.01407974e-01j  1.79269187e+00-3.50966690e-01j
  1.24443704e+00-1.52992596e+00j -2.21427565e-01-2.11959913e+00j
 -1.82740914e+00-1.18525895e+00j -1.86127042e+00+8.37284060e-01j
 -3.09984890e-02+1.75325050e+00j  1.41861844e+00+4.12280530e-01j
  5.96623330e-01-1.28191345e+00j -1.18118206e+00-9.68118345e-01j
 -1.40846151e+00+7.07277642e-01j -1.35661212e-01+1.40669861e+00j
  7.13145140e-01+8.01657790e-01j  7.58272330e-01+2.99347372e-01j
  9.90271286e-01-2.16210197e-02j  9.38906599e-01-1.03829878e+00j
 -5.75701044e-01-1.70138088e+00j -2.14790986e+00-1.46624254e-01j
 -1.02390845e+00+2.27794707e+00j  1.97872072e+00+1.97962979e+00j
  2.72636962e+00-1.13030662e+00j  7.40872481e-02-2.82420543e+00j
 -2.08581035e+00-1.02684912e+00j -1.07850232e+00+9.42067386e-01j
  3.04962996e-01+1.59068493e-01j -9.45102532e-01-8.60440763e-01j
 -2.34314687e+00+1.10077063e+00j -1.65181919e-01+3.57583384e+00j
  3.43390556e+00+2.11189427e+00j  3.35405543e+00-1.88820073e+00j
 -5.71040304e-02-3.08722871e+00j -1.75931011e+00-8.14603680e-01j
 -4.15241569e-01+5.60848710e-01j  3.37315577e-01-5.24312623e-01j
 -1.00588330e+00-9.80166325e-01j -1.69207642e+00+5.91438612e-01j
 -3.51359619e-01+1.70754979e+00j  8.74892353e-01+1.00730449e+00j
  7.54984985e-01+2.29612325e-01j  7.16797583e-01+3.09811960e-01j
  1.36335035e+00-1.02976445e-01j  1.21451621e+00-1.47194773e+00j
 -3.83734382e-01-2.20773594e+00j -2.03696716e+00-1.23078261e+00j
 -2.31528413e+00+6.93642382e-01j -1.07327061e+00+2.20079977e+00j
  9.47799029e-01+2.33585288e+00j  2.48849325e+00+8.35022014e-01j
  2.32879372e+00-1.42638884e+00j  4.35180178e-01-2.78393268e+00j
 -1.83653518e+00-2.22037248e+00j -2.92056974e+00-1.55744467e-01j
 -2.11655686e+00+2.03072823e+00j  4.36514784e-02+2.86438302e+00j
  1.99393085e+00+1.77499601e+00j  2.31533509e+00-2.35222798e-01j
  1.13752730e+00-1.48407003e+00j -1.82793065e-01-1.36265690e+00j
 -7.24066617e-01-5.83071335e-01j -5.78796636e-01+7.55819798e-02j
 -9.77249008e-02+3.44696310e-01j  4.12876557e-01+8.11032946e-02j
  4.20915488e-01-6.48853487e-01j -4.40482312e-01-1.14401577e+00j
 -1.61227768e+00-5.23324692e-01j -1.79093113e+00+1.16322931e+00j
 -1.98601486e-01+2.51026193e+00j  2.17865006e+00+1.80085472e+00j
  2.90779223e+00-9.68425810e-01j  6.00357314e-01-3.20590919e+00j
 -2.73432201e+00-2.10428976e+00j -3.25479543e+00+1.59125615e+00j
 -4.98140338e-02+3.70652101e+00j  3.17437579e+00+1.69469030e+00j
  2.63903028e+00-1.86392501e+00j -5.52019479e-01-2.58112113e+00j
 -2.03041018e+00-6.26277000e-02j -1.02958463e-01+1.82970908e+00j
  2.19664304e+00+3.78623317e-01j  1.40211308e+00-2.43961221e+00j
 -1.76976980e+00-2.71415747e+00j -3.36625006e+00+2.47998403e-01j
 -1.28897856e+00+2.96008807e+00j  1.95620118e+00+2.16945694e+00j
  2.45763974e+00-9.64925876e-01j -6.31450824e-02-2.50434783e+00j
 -2.24630991e+00-9.57785312e-01j -1.87633074e+00+1.31533816e+00j
 -1.88498955e-01+1.99856720e+00j  9.80234504e-01+1.41150276e+00j
  1.49808237e+00+5.55753793e-01j  1.50481661e+00-5.24836835e-01j
  5.51244231e-01-1.37386162e+00j -7.05092640e-01-9.01727072e-01j
 -6.18975021e-01+3.75515932e-01j  6.40804122e-01+4.47409915e-01j
  8.87292104e-01-9.72472164e-01j -7.10385986e-01-1.70252614e+00j
 -2.21876503e+00-2.86462234e-01j -1.56847025e+00+1.92836696e+00j
  8.36565218e-01+2.46456144e+00j  2.51123386e+00+5.59568018e-01j
  1.55192701e+00-1.76162342e+00j -8.36912629e-01-1.70667904e+00j
 -1.31192314e+00+5.02775218e-01j  9.06615637e-01+1.25593979e+00j
  2.15351320e+00-1.23051122e+00j -3.97537638e-01-3.48808178e+00j
 -3.86393004e+00-1.67424872e+00j -3.66165719e+00+2.38070813e+00j
 -2.63350738e-01+3.94576905e+00j  2.19852509e+00+2.24396185e+00j
  2.26652108e+00+2.56840809e-01j  1.70410912e+00-6.69608131e-01j
  1.11883293e+00-1.52960444e+00j -4.27896648e-01-2.02047431e+00j
 -2.03619108e+00-6.42604418e-01j -1.38360549e+00+1.69969031e+00j
  1.21039107e+00+2.00491887e+00j  2.49736662e+00-3.64270451e-01j
  8.16023073e-01-2.44903634e+00j -1.63433120e+00-1.78018888e+00j
 -1.98217741e+00+4.86968571e-01j -2.86663432e-01+1.54530284e+00j
  1.11949736e+00+5.09198884e-01j  6.85566406e-01-1.05123893e+00j
 -9.39678073e-01-1.25911125e+00j -1.91914521e+00+1.96418567e-01j
 -1.07999891e+00+1.89046917e+00j  8.86254914e-01+2.04909029e+00j
  2.00833967e+00+4.60031472e-01j  1.22902004e+00-1.15035971e+00j
 -3.05021196e-01-1.15150931e+00j -7.59616519e-01+2.22080695e-02j
  8.64519505e-02+6.65405543e-01j  8.82122235e-01+6.10970158e-02j
  6.02459497e-01-9.24613978e-01j -4.40650141e-01-1.15951007e+00j
 -1.23640805e+00-4.01416295e-01j -1.10593214e+00+6.95509571e-01j
 -1.91144112e-01+1.27359016e+00j  8.07452865e-01+9.91197809e-01j
  1.31571347e+00+1.22359309e-01j  1.12982176e+00-9.16191008e-01j
  1.62899024e-01-1.66827686e+00j -1.29006327e+00-1.42878890e+00j
 -2.10310755e+00+6.42161032e-02j -1.29375421e+00+1.68504831e+00j
  4.37192081e-01+1.89490448e+00j  1.39828500e+00+7.70752368e-01j
  1.17012736e+00-2.59785604e-01j  7.17894444e-01-6.44756893e-01j
  3.51157425e-01-1.00205280e+00j -5.36721844e-01-1.23475537e+00j
 -1.57524018e+00-4.10462174e-01j -1.37975155e+00+1.16040381e+00j
  1.17327176e-01+1.80266711e+00j  1.29962606e+00+9.74811411e-01j
  1.35048870e+00-8.32703369e-02j  1.05594683e+00-6.65981132e-01j
  6.65735555e-01-1.33993587e+00j -5.98960068e-01-1.81266568e+00j
 -2.14956757e+00-7.03913226e-01j -1.88268109e+00+1.56208448e+00j
  3.73243848e-01+2.38148774e+00j  1.96515044e+00+8.09203160e-01j
  1.32566206e+00-8.97400933e-01j  8.77239365e-02-9.20970684e-01j
 -6.44561704e-02-3.24466943e-01j  1.30684457e-01-4.43004179e-01j
 -3.18196787e-01-5.93583152e-01j -6.24333575e-01+3.34031281e-02j
  4.89209642e-02+5.44727643e-01j  8.35296849e-01-8.84345695e-02j
  4.50544999e-01-1.24989635e+00j -9.89569161e-01-1.47893574e+00j
 -2.08110997e+00-2.04671776e-01j -1.54854713e+00+1.55920625e+00j
  2.86645805e-01+2.03562623e+00j  1.51085001e+00+7.33707494e-01j
  9.53176086e-01-6.64179636e-01j -1.39208780e-01-6.28437453e-01j
 -2.29774411e-01-3.70025663e-03j  2.31470918e-02-1.05677559e-01j
 -4.42516039e-01-1.91887848e-01j -6.02731403e-01+6.81714682e-01j
  5.84847623e-01+1.15848847e+00j  1.53221409e+00-9.62045428e-02j
  5.22776718e-01-1.46321066e+00j -1.00060782e+00-8.89667977e-01j
 -7.91494337e-01+4.82457023e-01j  3.14995193e-01+3.60498271e-01j
  4.42725198e-02-6.62389991e-01j -1.21753576e+00-2.96453489e-01j
 -1.11275178e+00+1.34641521e+00j  6.64637441e-01+1.87946857e+00j
  1.87605899e+00+4.73511204e-01j  1.21714517e+00-1.02737874e+00j
 -3.68519725e-02-1.06302704e+00j -3.61700374e-01-3.44764165e-01j
 -8.59854671e-02-1.40341787e-01j -1.61374527e-01-2.46638948e-01j
 -2.95592625e-01+6.61072510e-02j  1.95239285e-01+3.12482991e-01j
  6.43485689e-01-3.26167255e-01j -4.16358487e-02-1.09464313e+00j
 -1.15880581e+00-5.52956573e-01j -8.98299425e-01+8.13473995e-01j
  6.47955535e-01+8.52530595e-01j  1.07467752e+00-9.42839095e-01j
 -9.47915238e-01-2.12152503e+00j -3.31084166e+00-3.77432294e-01j
 -2.81501580e+00+3.06211663e+00j  6.91063467e-01+4.55772046e+00j
  3.88701406e+00+2.41636679e+00j  3.89155766e+00-1.12216046e+00j
  1.47870661e+00-2.74190024e+00j -3.73047322e-01-1.91579482e+00j
 -3.69955327e-01-8.77466270e-01j -5.68188069e-02-1.18210293e+00j
 -1.07624081e+00-1.69528426e+00j -2.56056071e+00-5.46598293e-01j
 -2.23709748e+00+1.82949274e+00j  2.46460878e-01+2.83261695e+00j
  2.34673348e+00+1.06684876e+00j  1.67165726e+00-1.50093788e+00j
 -7.94193326e-01-1.83463911e+00j -1.86725097e+00+2.05873426e-01j
 -4.00335430e-01+1.74618996e+00j  1.34827309e+00+9.11339575e-01j
  1.10688354e+00-7.92571024e-01j -3.65898132e-01-1.00486668e+00j
 -8.69190530e-01+1.60660879e-01j -4.06331414e-02+8.41631997e-01j
  6.94519561e-01+4.18468458e-01j  7.10663891e-01-1.09801611e-01j
  7.39901521e-01-3.36709759e-01j  8.84025457e-01-1.02592430e+00j
  3.15054930e-02-2.13798466e+00j -2.03405723e+00-2.09505062e+00j
 -3.51512357e+00-6.56687012e-03j -2.72590954e+00+2.66206492e+00j
 -2.67520461e-01+3.79242658e+00j  2.01162535e+00+3.00295050e+00j
  3.19807452e+00+1.25741652e+00j  3.25878292e+00-7.78657766e-01j
  1.98256365e+00-2.54988530e+00j -3.07194076e-01-2.85790353e+00j
 -1.83664602e+00-1.21136878e+00j -1.15605998e+00+6.67722075e-01j
  5.64023665e-01+6.18684048e-01j  8.61135653e-01-9.60016720e-01j
 -6.29282990e-01-1.68543411e+00j -1.90152308e+00-5.67152572e-01j
 -1.56482456e+00+9.88703081e-01j -3.06144765e-01+1.50641448e+00j
  6.77121764e-01+1.00411960e+00j  9.84159308e-01+1.01635801e-01j
  5.42580707e-01-7.66914786e-01j -5.68317881e-01-9.59536854e-01j
 -1.45803829e+00+5.40527117e-02j -9.54473851e-01+1.54985955e+00j
  7.56514708e-01+1.92699206e+00j  2.04724046e+00+6.43838662e-01j
  1.73352779e+00-1.09661610e+00j  2.76913663e-01-1.81241704e+00j
 -1.00811225e+00-1.18229634e+00j -1.26425477e+00+2.95673705e-02j
 -5.60806239e-01+8.40938432e-01j  3.87479768e-01+7.52259872e-01j
  8.26608565e-01-1.92440232e-02j  4.65839515e-01-8.37535252e-01j
 -4.85648518e-01-1.09634515e+00j -1.43629420e+00-4.26016242e-01j
 -1.49786069e+00+9.58728986e-01j -2.47915475e-01+1.91067207e+00j
  1.26095185e+00+1.31874718e+00j  1.39155212e+00-1.45951542e-01j
  3.27871125e-01-5.80467747e-01j  3.56147633e-02+2.59216860e-01j
  1.08626528e+00+4.21608181e-01j  1.55725633e+00-9.54783512e-01j
  2.89699234e-01-2.03494928e+00j -1.08189724e+00-1.41678206e+00j
 -1.07497104e+00-4.82379713e-01j -9.37897789e-01-6.34312271e-01j
 -2.02062610e+00-5.28915384e-01j -2.77801545e+00+1.39757827e+00j
 -1.12927541e+00+3.61596852e+00j  1.88771817e+00+3.51419195e+00j
  3.55549827e+00+1.25222658e+00j  3.22030155e+00-9.98962840e-01j
  2.08218235e+00-2.33387753e+00j  5.91206188e-01-3.11314885e+00j
 -1.37723381e+00-2.96795384e+00j -2.84587730e+00-1.37505906e+00j
 -2.66576005e+00+6.56855704e-01j -1.38601097e+00+1.62469677e+00j
 -3.83882421e-01+1.52813623e+00j  4.91140237e-02+1.31496422e+00j
  4.52131314e-01+1.27351602e+00j  1.03385253e+00+1.09679924e+00j
  1.65910404e+00+5.38599290e-01j  1.96957699e+00-5.87053384e-01j
  1.26549577e+00-1.96397665e+00j -5.02618173e-01-2.39109151e+00j
 -1.92872865e+00-1.21406893e+00j -1.80895613e+00+3.59989066e-01j
 -9.16620021e-01+8.99218627e-01j -5.64451429e-01+8.10576016e-01j
 -4.60373247e-01+1.15339674e+00j  3.13563628e-01+1.56614799e+00j
  1.36586944e+00+1.09674552e+00j  1.69250853e+00-2.96335028e-02j
  1.21609349e+00-9.59610001e-01j  3.57413151e-01-1.40922842e+00j
 -7.11675638e-01-1.22422191e+00j -1.38636997e+00-9.21749559e-02j
 -6.40470329e-01+1.28685063e+00j  1.16845406e+00+1.19168237e+00j
  1.87817874e+00-7.21488769e-01j  2.72013794e-01-2.24530178e+00j
 -1.81132951e+00-1.34361889e+00j -1.76323639e+00+8.25815133e-01j
  6.91789662e-02+1.43219960e+00j  9.68178115e-01+7.75031326e-02j
 -8.92522118e-03-8.57833327e-01j -8.99022436e-01-1.23858691e-01j
 -3.33415225e-01+7.02097945e-01j  4.23764497e-01+2.32120523e-01j
 -9.64180623e-03-5.43253521e-01j -9.54604146e-01-2.61143389e-01j
 -1.15572259e+00+8.07476329e-01j -4.16749523e-01+1.72807526e+00j
  9.34557580e-01+1.94139838e+00j  2.29325948e+00+9.71681059e-01j
  2.44235234e+00-9.51285545e-01j  9.41818039e-01-2.22064238e+00j
 -6.81746275e-01-1.74665442e+00j -1.01664929e+00-6.53877437e-01j
 -7.82119861e-01-2.49551532e-01j -9.13522836e-01+4.93605773e-02j
 -6.34137893e-01+8.23068110e-01j  5.09968921e-01+9.24205716e-01j
  1.05415000e+00-2.27137038e-01j  1.82381480e-01-1.04973113e+00j
 -5.89429961e-01-5.66181025e-01j -2.87561317e-01-1.99738675e-01j
 -3.85073255e-01-8.32594939e-01j -1.78836585e+00-7.57400557e-01j
 -2.52675961e+00+1.25520799e+00j -7.50249676e-01+3.21998013e+00j
  1.99893524e+00+2.60225211e+00j  2.77433172e+00+7.14759509e-02j
  1.20691468e+00-1.50682715e+00j -3.82440974e-01-8.83121396e-01j
 -2.02765164e-01+4.14947396e-01j  1.04505560e+00+3.74514122e-01j
  1.33723418e+00-1.08119795e+00j -1.54006220e-01-2.07879787e+00j
 -1.91251046e+00-1.06554688e+00j -1.78630453e+00+1.05464802e+00j
  1.31037988e-01+1.80684205e+00j  1.39954273e+00+4.44822180e-01j
  5.83457950e-01-9.29645462e-01j -7.14166676e-01-4.22134759e-01j
 -3.34090921e-01+9.08765007e-01j  1.24389606e+00+7.64734005e-01j
  1.71835148e+00-1.04391211e+00j  1.33573125e-01-2.46359558e+00j
 -2.08024043e+00-1.81412246e+00j -2.81139563e+00+4.59441103e-01j
 -1.38015798e+00+2.31602153e+00j  7.44599402e-01+2.15136464e+00j
  1.48848526e+00+6.06359966e-01j  7.55161647e-01-2.32791527e-01j
  4.20932903e-01+1.54904897e-01j  1.15723003e+00+3.07614407e-02j
  1.15871693e+00-1.39458765e+00j -6.91659552e-01-2.16902804e+00j
 -2.50261345e+00-5.95241596e-01j -1.96375289e+00+1.94671112e+00j
  5.15578432e-01+2.87548519e+00j  2.74471095e+00+1.45456201e+00j
  3.14286551e+00-1.24237104e+00j  1.21619649e+00-3.54642316e+00j
 -2.23940281e+00-3.48414909e+00j -4.44614630e+00-1.89853533e-01j
 -2.59760901e+00+3.81378668e+00j  2.11024582e+00+4.15428294e+00j
  4.66092109e+00-0.00000000e+00j  2.11024582e+00-4.15428294e+00j
 -2.59760901e+00-3.81378668e+00j -4.44614630e+00+1.89853533e-01j
 -2.23940281e+00+3.48414909e+00j  1.21619649e+00+3.54642316e+00j
  3.14286551e+00+1.24237104e+00j  2.74471095e+00-1.45456201e+00j
  5.15578432e-01-2.87548519e+00j -1.96375289e+00-1.94671112e+00j
 -2.50261345e+00+5.95241596e-01j -6.91659552e-01+2.16902804e+00j
  1.15871693e+00+1.39458765e+00j  1.15723003e+00-3.07614407e-02j
  4.20932903e-01-1.54904897e-01j  7.55161647e-01+2.32791527e-01j
  1.48848526e+00-6.06359966e-01j  7.44599402e-01-2.15136464e+00j
 -1.38015798e+00-2.31602153e+00j -2.81139563e+00-4.59441103e-01j
 -2.08024043e+00+1.81412246e+00j  1.33573125e-01+2.46359558e+00j
  1.71835148e+00+1.04391211e+00j  1.24389606e+00-7.64734005e-01j
 -3.34090921e-01-9.08765007e-01j -7.14166676e-01+4.22134759e-01j
  5.83457950e-01+9.29645462e-01j  1.39954273e+00-4.44822180e-01j
  1.31037988e-01-1.80684205e+00j -1.78630453e+00-1.05464802e+00j
 -1.91251046e+00+1.06554688e+00j -1.54006220e-01+2.07879787e+00j
  1.33723418e+00+1.08119795e+00j  1.04505560e+00-3.74514122e-01j
 -2.02765164e-01-4.14947396e-01j -3.82440974e-01+8.83121396e-01j
  1.20691468e+00+1.50682715e+00j  2.77433172e+00-7.14759509e-02j
  1.99893524e+00-2.60225211e+00j -7.50249676e-01-3.21998013e+00j
 -2.52675961e+00-1.25520799e+00j -1.78836585e+00+7.57400557e-01j
 -3.85073255e-01+8.32594939e-01j -2.87561317e-01+1.99738675e-01j
 -5.89429961e-01+5.66181025e-01j  1.82381480e-01+1.04973113e+00j
  1.05415000e+00+2.27137038e-01j  5.09968921e-01-9.24205716e-01j
 -6.34137893e-01-8.23068110e-01j -9.13522836e-01-4.93605773e-02j
 -7.82119861e-01+2.49551532e-01j -1.01664929e+00+6.53877437e-01j
 -6.81746275e-01+1.74665442e+00j  9.41818039e-01+2.22064238e+00j
  2.44235234e+00+9.51285545e-01j  2.29325948e+00-9.71681059e-01j
  9.34557580e-01-1.94139838e+00j -4.16749523e-01-1.72807526e+00j
 -1.15572259e+00-8.07476329e-01j -9.54604146e-01+2.61143389e-01j
 -9.64180623e-03+5.43253521e-01j  4.23764497e-01-2.32120523e-01j
 -3.33415225e-01-7.02097945e-01j -8.99022436e-01+1.23858691e-01j
 -8.92522118e-03+8.57833327e-01j  9.68178115e-01-7.75031326e-02j
  6.91789662e-02-1.43219960e+00j -1.76323639e+00-8.25815133e-01j
 -1.81132951e+00+1.34361889e+00j  2.72013794e-01+2.24530178e+00j
  1.87817874e+00+7.21488769e-01j  1.16845406e+00-1.19168237e+00j
 -6.40470329e-01-1.28685063e+00j -1.38636997e+00+9.21749559e-02j
 -7.11675638e-01+1.22422191e+00j  3.57413151e-01+1.40922842e+00j
  1.21609349e+00+9.59610001e-01j  1.69250853e+00+2.96335028e-02j
  1.36586944e+00-1.09674552e+00j  3.13563628e-01-1.56614799e+00j
 -4.60373247e-01-1.15339674e+00j -5.64451429e-01-8.10576016e-01j
 -9.16620021e-01-8.99218627e-01j -1.80895613e+00-3.59989066e-01j
 -1.92872865e+00+1.21406893e+00j -5.02618173e-01+2.39109151e+00j
  1.26549577e+00+1.96397665e+00j  1.96957699e+00+5.87053384e-01j
  1.65910404e+00-5.38599290e-01j  1.03385253e+00-1.09679924e+00j
  4.52131314e-01-1.27351602e+00j  4.91140237e-02-1.31496422e+00j
 -3.83882421e-01-1.52813623e+00j -1.38601097e+00-1.62469677e+00j
 -2.66576005e+00-6.56855704e-01j -2.84587730e+00+1.37505906e+00j
 -1.37723381e+00+2.96795384e+00j  5.91206188e-01+3.11314885e+00j
  2.08218235e+00+2.33387753e+00j  3.22030155e+00+9.98962840e-01j
  3.55549827e+00-1.25222658e+00j  1.88771817e+00-3.51419195e+00j
 -1.12927541e+00-3.61596852e+00j -2.77801545e+00-1.39757827e+00j
 -2.02062610e+00+5.28915384e-01j -9.37897789e-01+6.34312271e-01j
 -1.07497104e+00+4.82379713e-01j -1.08189724e+00+1.41678206e+00j
  2.89699234e-01+2.03494928e+00j  1.55725633e+00+9.54783512e-01j
  1.08626528e+00-4.21608181e-01j  3.56147633e-02-2.59216860e-01j
  3.27871125e-01+5.80467747e-01j  1.39155212e+00+1.45951542e-01j
  1.26095185e+00-1.31874718e+00j -2.47915475e-01-1.91067207e+00j
 -1.49786069e+00-9.58728986e-01j -1.43629420e+00+4.26016242e-01j
 -4.85648518e-01+1.09634515e+00j  4.65839515e-01+8.37535252e-01j
  8.26608565e-01+1.92440232e-02j  3.87479768e-01-7.52259872e-01j
 -5.60806239e-01-8.40938432e-01j -1.26425477e+00-2.95673705e-02j
 -1.00811225e+00+1.18229634e+00j  2.76913663e-01+1.81241704e+00j
  1.73352779e+00+1.09661610e+00j  2.04724046e+00-6.43838662e-01j
  7.56514708e-01-1.92699206e+00j -9.54473851e-01-1.54985955e+00j
 -1.45803829e+00-5.40527117e-02j -5.68317881e-01+9.59536854e-01j
  5.42580707e-01+7.66914786e-01j  9.84159308e-01-1.01635801e-01j
  6.77121764e-01-1.00411960e+00j -3.06144765e-01-1.50641448e+00j
 -1.56482456e+00-9.88703081e-01j -1.90152308e+00+5.67152572e-01j
 -6.29282990e-01+1.68543411e+00j  8.61135653e-01+9.60016720e-01j
  5.64023665e-01-6.18684048e-01j -1.15605998e+00-6.67722075e-01j
 -1.83664602e+00+1.21136878e+00j -3.07194076e-01+2.85790353e+00j
  1.98256365e+00+2.54988530e+00j  3.25878292e+00+7.78657766e-01j
  3.19807452e+00-1.25741652e+00j  2.01162535e+00-3.00295050e+00j
 -2.67520461e-01-3.79242658e+00j -2.72590954e+00-2.66206492e+00j
 -3.51512357e+00+6.56687012e-03j -2.03405723e+00+2.09505062e+00j
  3.15054930e-02+2.13798466e+00j  8.84025457e-01+1.02592430e+00j
  7.39901521e-01+3.36709759e-01j  7.10663891e-01+1.09801611e-01j
  6.94519561e-01-4.18468458e-01j -4.06331414e-02-8.41631997e-01j
 -8.69190530e-01-1.60660879e-01j -3.65898132e-01+1.00486668e+00j
  1.10688354e+00+7.92571024e-01j  1.34827309e+00-9.11339575e-01j
 -4.00335430e-01-1.74618996e+00j -1.86725097e+00-2.05873426e-01j
 -7.94193326e-01+1.83463911e+00j  1.67165726e+00+1.50093788e+00j
  2.34673348e+00-1.06684876e+00j  2.46460878e-01-2.83261695e+00j
 -2.23709748e+00-1.82949274e+00j -2.56056071e+00+5.46598293e-01j
 -1.07624081e+00+1.69528426e+00j -5.68188069e-02+1.18210293e+00j
 -3.69955327e-01+8.77466270e-01j -3.73047322e-01+1.91579482e+00j
  1.47870661e+00+2.74190024e+00j  3.89155766e+00+1.12216046e+00j
  3.88701406e+00-2.41636679e+00j  6.91063467e-01-4.55772046e+00j
 -2.81501580e+00-3.06211663e+00j -3.31084166e+00+3.77432294e-01j
 -9.47915238e-01+2.12152503e+00j  1.07467752e+00+9.42839095e-01j
  6.47955535e-01-8.52530595e-01j -8.98299425e-01-8.13473995e-01j
 -1.15880581e+00+5.52956573e-01j -4.16358487e-02+1.09464313e+00j
  6.43485689e-01+3.26167255e-01j  1.95239285e-01-3.12482991e-01j
 -2.95592625e-01-6.61072510e-02j -1.61374527e-01+2.46638948e-01j
 -8.59854671e-02+1.40341787e-01j -3.61700374e-01+3.44764165e-01j
 -3.68519725e-02+1.06302704e+00j  1.21714517e+00+1.02737874e+00j
  1.87605899e+00-4.73511204e-01j  6.64637441e-01-1.87946857e+00j
 -1.11275178e+00-1.34641521e+00j -1.21753576e+00+2.96453489e-01j
  4.42725198e-02+6.62389991e-01j  3.14995193e-01-3.60498271e-01j
 -7.91494337e-01-4.82457023e-01j -1.00060782e+00+8.89667977e-01j
  5.22776718e-01+1.46321066e+00j  1.53221409e+00+9.62045428e-02j
  5.84847623e-01-1.15848847e+00j -6.02731403e-01-6.81714682e-01j
 -4.42516039e-01+1.91887848e-01j  2.31470918e-02+1.05677559e-01j
 -2.29774411e-01+3.70025663e-03j -1.39208780e-01+6.28437453e-01j
  9.53176086e-01+6.64179636e-01j  1.51085001e+00-7.33707494e-01j
  2.86645805e-01-2.03562623e+00j -1.54854713e+00-1.55920625e+00j
 -2.08110997e+00+2.04671776e-01j -9.89569161e-01+1.47893574e+00j
  4.50544999e-01+1.24989635e+00j  8.35296849e-01+8.84345695e-02j
  4.89209642e-02-5.44727643e-01j -6.24333575e-01-3.34031281e-02j
 -3.18196787e-01+5.93583152e-01j  1.30684457e-01+4.43004179e-01j
 -6.44561704e-02+3.24466943e-01j  8.77239365e-02+9.20970684e-01j
  1.32566206e+00+8.97400933e-01j  1.96515044e+00-8.09203160e-01j
  3.73243848e-01-2.38148774e+00j -1.88268109e+00-1.56208448e+00j
 -2.14956757e+00+7.03913226e-01j -5.98960068e-01+1.81266568e+00j
  6.65735555e-01+1.33993587e+00j  1.05594683e+00+6.65981132e-01j
  1.35048870e+00+8.32703369e-02j  1.29962606e+00-9.74811411e-01j
  1.17327176e-01-1.80266711e+00j -1.37975155e+00-1.16040381e+00j
 -1.57524018e+00+4.10462174e-01j -5.36721844e-01+1.23475537e+00j
  3.51157425e-01+1.00205280e+00j  7.17894444e-01+6.44756893e-01j
  1.17012736e+00+2.59785604e-01j  1.39828500e+00-7.70752368e-01j
  4.37192081e-01-1.89490448e+00j -1.29375421e+00-1.68504831e+00j
 -2.10310755e+00-6.42161032e-02j -1.29006327e+00+1.42878890e+00j
  1.62899024e-01+1.66827686e+00j  1.12982176e+00+9.16191008e-01j
  1.31571347e+00-1.22359309e-01j  8.07452865e-01-9.91197809e-01j
 -1.91144112e-01-1.27359016e+00j -1.10593214e+00-6.95509571e-01j
 -1.23640805e+00+4.01416295e-01j -4.40650141e-01+1.15951007e+00j
  6.02459497e-01+9.24613978e-01j  8.82122235e-01-6.10970158e-02j
  8.64519505e-02-6.65405543e-01j -7.59616519e-01-2.22080695e-02j
 -3.05021196e-01+1.15150931e+00j  1.22902004e+00+1.15035971e+00j
  2.00833967e+00-4.60031472e-01j  8.86254914e-01-2.04909029e+00j
 -1.07999891e+00-1.89046917e+00j -1.91914521e+00-1.96418567e-01j
 -9.39678073e-01+1.25911125e+00j  6.85566406e-01+1.05123893e+00j
  1.11949736e+00-5.09198884e-01j -2.86663432e-01-1.54530284e+00j
 -1.98217741e+00-4.86968571e-01j -1.63433120e+00+1.78018888e+00j
  8.16023073e-01+2.44903634e+00j  2.49736662e+00+3.64270451e-01j
  1.21039107e+00-2.00491887e+00j -1.38360549e+00-1.69969031e+00j
 -2.03619108e+00+6.42604418e-01j -4.27896648e-01+2.02047431e+00j
  1.11883293e+00+1.52960444e+00j  1.70410912e+00+6.69608131e-01j
  2.26652108e+00-2.56840809e-01j  2.19852509e+00-2.24396185e+00j
 -2.63350738e-01-3.94576905e+00j -3.66165719e+00-2.38070813e+00j
 -3.86393004e+00+1.67424872e+00j -3.97537638e-01+3.48808178e+00j
  2.15351320e+00+1.23051122e+00j  9.06615637e-01-1.25593979e+00j
 -1.31192314e+00-5.02775218e-01j -8.36912629e-01+1.70667904e+00j
  1.55192701e+00+1.76162342e+00j  2.51123386e+00-5.59568018e-01j
  8.36565218e-01-2.46456144e+00j -1.56847025e+00-1.92836696e+00j
 -2.21876503e+00+2.86462234e-01j -7.10385986e-01+1.70252614e+00j
  8.87292104e-01+9.72472164e-01j  6.40804122e-01-4.47409915e-01j
 -6.18975021e-01-3.75515932e-01j -7.05092640e-01+9.01727072e-01j
  5.51244231e-01+1.37386162e+00j  1.50481661e+00+5.24836835e-01j
  1.49808237e+00-5.55753793e-01j  9.80234504e-01-1.41150276e+00j
 -1.88498955e-01-1.99856720e+00j -1.87633074e+00-1.31533816e+00j
 -2.24630991e+00+9.57785312e-01j -6.31450824e-02+2.50434783e+00j
  2.45763974e+00+9.64925876e-01j  1.95620118e+00-2.16945694e+00j
 -1.28897856e+00-2.96008807e+00j -3.36625006e+00-2.47998403e-01j
 -1.76976980e+00+2.71415747e+00j  1.40211308e+00+2.43961221e+00j
  2.19664304e+00-3.78623317e-01j -1.02958463e-01-1.82970908e+00j
 -2.03041018e+00+6.26277000e-02j -5.52019479e-01+2.58112113e+00j
  2.63903028e+00+1.86392501e+00j  3.17437579e+00-1.69469030e+00j
 -4.98140338e-02-3.70652101e+00j -3.25479543e+00-1.59125615e+00j
 -2.73432201e+00+2.10428976e+00j  6.00357314e-01+3.20590919e+00j
  2.90779223e+00+9.68425810e-01j  2.17865006e+00-1.80085472e+00j
 -1.98601486e-01-2.51026193e+00j -1.79093113e+00-1.16322931e+00j
 -1.61227768e+00+5.23324692e-01j -4.40482312e-01+1.14401577e+00j
  4.20915488e-01+6.48853487e-01j  4.12876557e-01-8.11032946e-02j
 -9.77249008e-02-3.44696310e-01j -5.78796636e-01-7.55819798e-02j
 -7.24066617e-01+5.83071335e-01j -1.82793065e-01+1.36265690e+00j
  1.13752730e+00+1.48407003e+00j  2.31533509e+00+2.35222798e-01j
  1.99393085e+00-1.77499601e+00j  4.36514784e-02-2.86438302e+00j
 -2.11655686e+00-2.03072823e+00j -2.92056974e+00+1.55744467e-01j
 -1.83653518e+00+2.22037248e+00j  4.35180178e-01+2.78393268e+00j
  2.32879372e+00+1.42638884e+00j  2.48849325e+00-8.35022014e-01j
  9.47799029e-01-2.33585288e+00j -1.07327061e+00-2.20079977e+00j
 -2.31528413e+00-6.93642382e-01j -2.03696716e+00+1.23078261e+00j
 -3.83734382e-01+2.20773594e+00j  1.21451621e+00+1.47194773e+00j
  1.36335035e+00+1.02976445e-01j  7.16797583e-01-3.09811960e-01j
  7.54984985e-01-2.29612325e-01j  8.74892353e-01-1.00730449e+00j
 -3.51359619e-01-1.70754979e+00j -1.69207642e+00-5.91438612e-01j
 -1.00588330e+00+9.80166325e-01j  3.37315577e-01+5.24312623e-01j
 -4.15241569e-01-5.60848710e-01j -1.75931011e+00+8.14603680e-01j
 -5.71040304e-02+3.08722871e+00j  3.35405543e+00+1.88820073e+00j
  3.43390556e+00-2.11189427e+00j -1.65181919e-01-3.57583384e+00j
 -2.34314687e+00-1.10077063e+00j -9.45102532e-01+8.60440763e-01j
  3.04962996e-01-1.59068493e-01j -1.07850232e+00-9.42067386e-01j
 -2.08581035e+00+1.02684912e+00j  7.40872481e-02+2.82420543e+00j
  2.72636962e+00+1.13030662e+00j  1.97872072e+00-1.97962979e+00j
 -1.02390845e+00-2.27794707e+00j -2.14790986e+00+1.46624254e-01j
 -5.75701044e-01+1.70138088e+00j  9.38906599e-01+1.03829878e+00j
  9.90271286e-01+2.16210197e-02j  7.58272330e-01-2.99347372e-01j
  7.13145140e-01-8.01657790e-01j -1.35661212e-01-1.40669861e+00j
 -1.40846151e+00-7.07277642e-01j -1.18118206e+00+9.68118345e-01j
  5.96623330e-01+1.28191345e+00j  1.41861844e+00-4.12280530e-01j
 -3.09984890e-02-1.75325050e+00j -1.86127042e+00-8.37284060e-01j
 -1.82740914e+00+1.18525895e+00j -2.21427565e-01+2.11959913e+00j
  1.24443704e+00+1.52992596e+00j  1.79269187e+00+3.50966690e-01j
  1.58321682e+00-8.01407974e-01j  6.83902104e-01-1.63112849e+00j
 -6.26748559e-01-1.57537502e+00j -1.38976161e+00-5.13712284e-01j
 -9.68882336e-01+5.89585479e-01j -7.65042843e-04+7.32959805e-01j
  4.35642445e-01+8.09542047e-02j  7.87478974e-02-4.87246516e-01j
 -5.74904295e-01-4.49302287e-01j -9.55763632e-01+1.48895299e-01j
 -7.04844195e-01+8.99766271e-01j  8.27727938e-02+1.18633964e+00j
  7.30540961e-01+7.51312345e-01j  7.03128013e-01+1.66833398e-01j
  3.99740855e-01+1.28999622e-01j  6.09170171e-01+4.14817388e-01j
  1.32368539e+00+1.49455663e-01j  1.62964830e+00-1.00695739e+00j
  6.97234558e-01-2.30945256e+00j -1.25222800e+00-2.46857646e+00j
 -2.78608258e+00-8.70349110e-01j -2.42392404e+00+1.41520442e+00j
 -4.48067969e-01+2.36943252e+00j  1.10414040e+00+1.38524931e+00j
  9.81118765e-01+1.03353587e-01j  3.12648375e-01+3.71617448e-02j
  6.20260558e-01+4.21672112e-01j  1.31686155e+00-2.66164366e-01j
  7.37514948e-01-1.59741565e+00j -1.03228677e+00-1.69141144e+00j
 -2.04071857e+00-4.22030336e-02j -1.08174991e+00+1.67531410e+00j
  8.41285351e-01+1.70551254e+00j  1.80506608e+00+1.27245068e-01j
  9.64635618e-01-1.44067200e+00j -7.61688915e-01-1.47601647e+00j
 -1.56627856e+00+1.12793797e-02j -5.54141517e-01+1.33540599e+00j
  1.03329897e+00+8.60770390e-01j  1.06363776e+00-8.12050406e-01j
 -5.84711600e-01-1.30709448e+00j -1.51858174e+00+2.22206827e-01j
 -2.07645380e-01+1.56163767e+00j  1.49408516e+00+5.67780991e-01j
  9.40944852e-01-1.44565638e+00j -1.26386007e+00-1.50958773e+00j
 -2.09491822e+00+5.99961517e-01j -5.04533687e-01+2.13675194e+00j
  1.36868425e+00+1.40281122e+00j  1.50930470e+00-2.84892277e-01j
  4.00184733e-01-1.00298427e+00j -4.88896673e-01-6.13127697e-01j
 -7.88308117e-01+5.93520154e-02j -7.48949112e-01+8.70254276e-01j
  6.99786407e-02+1.85738310e+00j  2.06908782e+00+1.92652018e+00j
  3.86365493e+00-2.51333881e-01j  2.96792973e+00-3.74889313e+00j
 -9.74900184e-01-5.28605011e+00j -4.81050724e+00-2.77654999e+00j
 -4.99983528e+00+1.84258523e+00j -1.55285347e+00+4.54489799e+00j
  2.24148312e+00+3.46709159e+00j  3.43232095e+00+2.48958343e-01j
  1.78260568e+00-2.18068237e+00j -7.25442091e-01-2.14630148e+00j
 -1.75853990e+00-2.57766661e-01j -6.32388100e-01+1.23625339e+00j
  9.66126897e-01+7.36885530e-01j  9.80135921e-01-8.14774569e-01j
 -3.64571745e-01-1.30711697e+00j -1.20922302e+00-4.17798935e-01j
 -9.42317648e-01+4.39745110e-01j -4.83508723e-01+6.69500338e-01j
 -1.38292724e-01+8.04964365e-01j  4.62937057e-01+6.95465804e-01j
  6.90711406e-01-1.16942719e-01j -2.08805361e-01-6.15878352e-01j
 -9.86833258e-01+3.85767839e-01j  5.11301940e-02+1.59761614e+00j
  1.80103175e+00+8.16616426e-01j  1.66687667e+00-1.28431407e+00j
 -2.90060079e-01-1.98080800e+00j -1.58145598e+00-7.21248540e-01j
 -1.27990882e+00+5.57385104e-01j -6.81016369e-01+9.49440430e-01j
 -3.18848592e-01+1.32139886e+00j  6.49894373e-01+1.75708672e+00j
  2.13277876e+00+1.09712628e+00j  2.63834584e+00-8.70193205e-01j
  1.27124509e+00-2.70030944e+00j -1.15957688e+00-2.81084895e+00j
 -2.81194913e+00-9.13169499e-01j -2.23449682e+00+1.54182720e+00j
  6.21454925e-02+2.30656613e+00j  1.63682433e+00+7.36268286e-01j
  8.26291533e-01-1.10658576e+00j -1.06259943e+00-8.83603869e-01j
 -1.40251756e+00+1.02442763e+00j  3.80533955e-01+2.05210382e+00j
  2.09190120e+00+7.46410932e-01j  1.59414328e+00-1.31775671e+00j
 -2.72530832e-01-1.63381302e+00j -9.89638819e-01-4.10675040e-01j
 -4.58922064e-01+7.49438194e-02j -6.81472731e-01-1.55829071e-01j
 -1.16352798e+00+8.04220565e-01j  1.81329732e-01+1.83073636e+00j
  1.64530405e+00+4.54087886e-01j  3.59879849e-01-1.21191644e+00j
 -1.35113179e+00-1.33548547e-01j -7.68502446e-01+1.23910641e+00j
 -5.97204739e-01+1.12624827e+00j -1.05086998e+00+2.76580891e+00j
  1.82017453e+00+4.08833021e+00j  2.27245165e+00+3.77592721e-01j
 -6.03032578e+00+3.82646935e+00j -7.18337359e-01+2.60347524e+01j
  4.31101623e+01+3.25589845e+01j  8.33320050e+01-2.58881094e+01j
  3.77704880e+01-1.13033670e+02j -8.31741869e+01-1.15469293e+02j]
