Frame: 32
X_framed shape: (1024,)
X_framed dtype: complex128
X_framed:
[-9.10454147e+01-0.00000000e+00j  2.32120948e+01-6.94769970e+01j
  2.44457999e+01+1.65533720e+01j  2.83444338e-01+5.95192204e+00j
 -1.20749616e+00+2.31118044e+00j  1.13735370e+00-5.15747541e-01j
 -1.97052435e+00-3.01925192e-01j -1.96747191e-02+3.07060460e+00j
 -5.80694055e-01-2.03924944e+00j  8.49156815e-01-1.00024697e+00j
 -3.03184110e-01+1.64997594e+00j -1.36568726e+00+5.35438100e-01j
  2.85233665e+00-1.81808384e-01j  7.46145642e-01-8.13192347e-01j
 -3.58034622e+00+1.35224931e+00j  1.54229683e+00-1.02989056e+00j
 -3.14244560e+00-4.71981056e-01j  2.35257117e+00+2.08892094e+00j
  2.52152971e+00-2.78457355e+00j -3.59761386e+00+4.39950843e+00j
  9.03635550e-01-7.34868438e+00j  1.98127368e+00+7.56233297e+00j
 -2.19855223e+00-4.42344524e+00j  9.11541055e-01+2.62047441e+00j
  2.11121015e+00-2.68882945e+00j -3.89216890e+00+1.64659595e+00j
  9.14280211e-01-9.33921264e-01j  7.57497745e-01+1.36902071e+00j
 -2.16575191e+00-8.24698807e-01j  5.35869630e+00+3.75118047e-01j
 -4.92687586e+00+9.47660313e-02j  1.28020325e+00-1.65669026e+00j
  2.24973183e+00+1.07560305e+00j -2.85607042e+00+1.31399246e+00j
 -1.42944850e+00-8.23421478e-01j  5.23943635e+00+2.75553848e-01j
 -4.98150528e+00-1.98684855e+00j  4.91430266e+00+1.52222485e-01j
 -3.28166402e+00+2.23014037e+00j  2.81257495e-01-2.27374555e+00j
 -2.93152516e+00+3.52155211e+00j  4.32703143e+00-3.79564261e+00j
  1.41313683e+00+2.02989389e+00j -4.99438386e+00-1.88231463e-01j
  3.49108733e+00-4.78167943e-01j -1.18567685e+00+1.33381953e+00j
 -2.75952942e-02-1.92088883e+00j -8.77339607e-01+7.65202379e-01j
 -5.13095819e-01-2.52744948e+00j  3.40000389e+00+4.07682778e+00j
 -1.26832856e+00+7.06429822e-02j -8.57618304e-01-2.13241448e+00j
 -1.61258002e+00+1.41519435e+00j  2.81446980e+00-9.16766309e-01j
 -4.74220185e-01-8.63166887e-01j -2.93311769e+00+2.27335371e+00j
  4.73528636e+00-3.93658849e+00j -2.11346761e+00+4.91630900e+00j
 -1.48083169e+00-3.66057827e+00j  2.77690187e+00+1.00591091e+00j
 -2.62194023e+00+2.09046548e+00j  1.56121834e+00-2.83437953e+00j
 -1.40114351e+00+2.92004599e+00j  3.43485536e+00-4.81102873e+00j
 -2.93102684e+00+3.01684083e+00j -1.20614161e+00-3.19489285e-01j
  2.66951518e+00+1.71118823e-01j -4.93516531e-01+5.59487315e-01j
 -2.64205627e+00-4.99840365e-01j  1.97344787e+00+1.91536217e-01j
  4.41356727e+00+8.93983250e-01j -7.41004529e+00-3.25100112e+00j
  3.02838225e+00+3.00605133e+00j  2.14989894e-01+1.65607815e-02j
  5.59768396e-01-2.11174042e+00j -2.42956322e+00+1.35206299e+00j
  1.86626344e+00+6.17489496e-01j -8.37508230e-01+1.77508587e+00j
  2.85664062e+00-4.60937224e+00j -2.65020697e+00+2.25973132e+00j
  3.81211995e-01-2.95138594e-01j  1.76809929e+00-8.12102602e-02j
 -3.28549123e+00+3.81466914e-01j  1.53655683e+00+1.33822784e+00j
  2.62563276e+00-3.92828886e+00j -5.73954752e+00+2.08812688e+00j
  3.35897486e+00+2.82598228e+00j  1.85501703e+00-4.52818574e+00j
 -1.42048666e+00+3.15012655e+00j -2.53647290e+00+6.98711212e-01j
  3.66068633e+00-4.14712727e+00j -2.31820985e+00+1.85413240e+00j
  6.44802911e-02+3.52478582e+00j  1.31020117e-01-3.99278149e+00j
  7.87960492e-01-1.49610907e+00j  1.72281258e+00+4.54132251e+00j
 -2.87360661e+00-4.57493671e+00j -1.27861841e+00+4.78956813e+00j
  4.11963370e+00-2.49583618e+00j -3.32655477e+00-6.65206321e-01j
  3.39301690e+00+3.15487702e+00j -2.27595535e+00-2.91384039e+00j
 -2.50320809e-01-3.33844871e+00j -1.16897385e+00+8.04414037e+00j
  3.41064929e+00-3.52200940e+00j -1.32062146e+00-3.52508064e+00j
 -1.67991750e+00+2.45658813e+00j  6.51376113e-01+5.36701484e-01j
  7.78815127e-01+1.09533908e+00j -4.54571765e-01+7.99874063e-01j
  2.59443265e+00-3.48419086e+00j -4.08427257e+00+8.47841869e-01j
  8.44352010e-01+2.24549407e+00j  1.87258030e+00-1.72428961e+00j
 -1.15750752e+00-1.01543455e+00j -1.21607098e+00+1.99129937e+00j
  1.50911540e+00+2.48383844e-01j  1.47020928e+00-2.25295675e+00j
 -2.67606927e+00+7.02779734e-01j  2.44389144e+00-2.82863537e-01j
 -3.92969371e+00+2.99904946e+00j  5.00052084e+00-3.57357489e+00j
 -4.91583012e+00+1.54803183e+00j  3.08524581e+00+5.95159200e-01j
  9.16339597e-01+4.90991131e-01j -3.23958777e+00-4.14897558e+00j
  2.50473939e+00+3.57425900e+00j -4.62863405e-01+3.75403020e-01j
 -6.40164134e-01-2.68391050e+00j  8.92069244e-01+1.32153375e+00j
 -1.58645537e+00+1.34894155e+00j  4.57368092e-01-1.21663657e+00j
  1.92083169e+00-6.79553357e-01j -6.47040697e-01+2.51516731e+00j
 -2.22388854e+00-2.21583349e+00j  2.83146244e+00+1.32799385e+00j
 -2.71806051e+00-6.12663940e-01j  1.30062561e+00+2.04129229e-01j
 -6.26976946e-01+3.26324044e-01j  2.88711026e+00-9.54200221e-01j
 -4.20349890e+00-1.12236648e+00j  6.34933463e-01+1.61832285e+00j
  2.95311412e+00-9.37616305e-02j -1.89057803e+00-2.40144638e-01j
 -1.01325692e-01-1.49087354e+00j  1.43454249e+00+3.71799934e+00j
  3.24561778e-01-1.41196525e+00j -1.95046749e+00-1.90881433e+00j
 -2.06626577e-01+3.10346345e+00j  2.08032548e+00-2.26352235e+00j
 -2.57441299e+00-4.03556909e-01j  2.20142589e+00+9.74092133e-01j
  3.75436170e-01-1.68749721e+00j -3.79236953e+00+1.85033289e+00j
  4.11191666e+00+7.45517340e-01j -2.08816064e-01-2.09328919e+00j
 -2.62671214e+00+1.16025714e+00j -1.52875289e+00-1.30793332e+00j
  4.14218134e+00+2.18499589e+00j -6.12867247e-01+3.23124307e-01j
  1.66127212e+00-3.13180642e+00j -5.45834269e+00+3.09161168e+00j
  5.30113438e+00-2.25336833e+00j -4.59146990e+00+4.50938595e-01j
  4.71852217e+00-1.09039596e+00j -2.72755833e+00+3.74623382e+00j
 -1.34550146e+00-4.23850238e+00j  3.09175733e+00+4.33438690e+00j
 -4.14088911e+00-3.84817953e+00j  5.63080317e+00+9.82997806e-01j
 -4.76698695e+00+3.97726778e+00j  2.59458177e+00-7.97325689e+00j
 -3.98018928e-01+7.38844188e+00j -2.93234385e+00-1.64884615e+00j
  3.09731604e+00-1.10656367e+00j  1.68981361e+00-2.22663168e+00j
 -2.96455921e+00+3.90286692e+00j  1.12051102e+00-1.67715205e+00j
  7.61168066e-01-1.27176240e+00j -2.29047064e+00+2.36393259e-01j
  3.66070094e+00+1.18863476e+00j -5.88557794e+00-4.28143439e-01j
  2.37609498e+00+4.07425325e+00j  5.12484655e+00-6.13930727e+00j
 -5.46734310e+00+1.83356329e+00j  3.29317819e+00-1.36270565e+00j
 -2.90846519e+00+2.53171889e+00j -1.20839300e+00-9.67180424e-01j
  3.19068963e+00+8.42202676e-01j -9.91739883e-01+1.89384062e+00j
 -6.33551096e-01-4.03953681e+00j  9.96712211e-01-9.24971325e-03j
 -1.92138219e-01+9.56464865e-01j -5.67592486e-01+2.31544301e+00j
  3.60552232e-01+1.10875756e+00j  1.48880305e-01-4.92429768e+00j
  3.56121137e-01+1.14304155e+00j  2.11379474e-01+8.78939489e-01j
 -6.32254725e-01-3.63876757e-01j -6.44238511e-01-5.92714379e-01j
  1.67781963e+00+2.71321623e+00j -2.85789183e+00-1.85978799e+00j
  2.81988505e-01+1.71638681e-01j  3.64566749e+00-8.76378498e-01j
 -2.25748076e+00+2.62596196e+00j  5.58823936e-02-2.01834349e+00j
 -2.12028552e-01+6.08009988e-01j  7.31727501e-03+6.48808713e-01j
  1.01639011e+00-2.70815247e+00j  1.02118048e+00+2.99531196e+00j
 -4.56432344e+00-2.21298693e+00j  4.02430799e+00+9.20642599e-02j
 -6.99549505e-01+5.87431159e-01j -2.18614558e+00+1.78832006e+00j
  5.01018774e+00-2.56066080e+00j -5.88790981e+00+9.61069262e-01j
  2.84428989e+00+2.16467167e+00j -1.10585040e+00-2.65009028e+00j
  1.14682068e+00-9.88618504e-01j -9.62824677e-01+2.15096390e+00j
  1.84275798e+00-2.29183244e+00j -3.12246850e-01+2.07246883e+00j
 -2.90373132e+00-1.42928369e+00j  2.69205578e+00+4.58525394e+00j
 -1.04955645e+00-6.61664839e+00j -1.12471879e+00+4.79143431e+00j
  2.81037751e+00-6.18968674e-01j  8.83675372e-01-3.81475217e+00j
 -5.66270749e+00+4.61775922e+00j  5.11023019e+00-2.84326298e+00j
 -1.56376661e+00+7.06297532e-01j  1.41856848e+00+1.60315658e+00j
 -3.52823537e+00-2.73311230e+00j  2.30155626e+00+3.36627651e+00j
 -7.82695402e-01-3.19240702e+00j -1.32318122e-01+1.76615905e+00j
  9.44285097e-01-1.90612438e+00j  1.10471799e+00-1.28913794e-01j
 -3.05658704e+00+2.32492348e+00j  2.12968711e+00+1.24677867e+00j
 -7.91615617e-01-2.25490172e+00j -1.52359658e-01-2.54842098e+00j
  8.50357943e-01+5.93688307e+00j -9.10831013e-01-4.20230721e+00j
  4.72879586e-03+1.03757666e+00j  1.30815434e+00+1.54589462e+00j
  6.31962182e-01-3.82290369e+00j -2.64770673e+00+4.14975370e+00j
  1.17327839e+00-2.63472882e+00j  1.04205748e+00+9.15543237e-01j
 -1.58455071e+00-2.42416495e+00j  1.26080739e+00+3.13024968e+00j
 -1.88921952e+00+7.17377178e-01j  1.44939062e+00-2.49299115e+00j
 -3.94586803e-01+5.53089887e-01j -2.18054615e-01+5.56088261e-02j
  1.51064106e+00+3.45238732e-01j -3.42883075e-01-1.68889663e+00j
 -1.93826724e+00+6.18434714e+00j  2.59393647e+00-7.88949329e+00j
 -3.41705541e+00+2.60383449e+00j  1.44901379e+00+2.55091337e+00j
 -6.34201774e-01-1.36329253e+00j  5.54893433e+00-3.65868892e+00j
 -6.24678395e+00+5.53289915e+00j  2.63590843e+00-2.76031516e+00j
 -2.51836083e+00+8.76992563e-01j  2.45478822e+00-2.24875239e+00j
 -8.01148270e-01+3.70500748e+00j -1.12683222e+00-3.87182072e+00j
  9.22415759e-01+2.20882082e+00j  3.41638677e+00+2.71202972e-01j
 -3.93917879e+00-5.67427539e-01j  1.09745122e+00+2.54701685e-02j
 -2.29088230e-01+3.21846133e-03j -8.04984687e-01-1.25063287e+00j
  1.71723905e+00+3.22912318e+00j -2.68461374e+00-5.04295671e+00j
  2.49206020e+00+5.57601149e+00j -1.49389919e+00-6.42830477e+00j
 -2.33258141e+00+7.63279432e+00j  5.10011774e+00-4.07296173e+00j
 -2.52817001e+00+1.63752576e-01j  7.50314194e-01+3.78278416e-01j
  2.15004190e+00-2.03401774e-01j -2.05279599e+00-4.54259290e-01j
 -2.18197414e+00-2.43342928e-01j  2.53068875e+00+1.09083882e+00j
 -2.42817006e+00+1.63457279e+00j  2.16810203e+00-1.12940299e+00j
  2.77380673e-02-3.63922068e+00j -1.12347160e+00+6.57551329e+00j
  2.02738633e+00-7.22614772e+00j -1.51798098e+00+3.02932421e+00j
 -1.90236956e-01-5.19265047e-01j -6.82402498e-01+1.48442923e+00j
 -1.92106253e-01-3.87212312e-01j  3.55170066e+00+7.97043843e-01j
 -3.14444250e+00-3.45736972e+00j  1.53072931e-01+2.11813982e+00j
  3.46052604e+00+2.89420721e+00j -7.06470583e+00-1.64732886e+00j
  7.96217521e+00-2.32140655e+00j -5.64465553e+00+2.39145177e+00j
  1.88307725e+00-1.83355198e+00j  4.65738082e-01+1.51115324e+00j
 -3.40800169e-01-1.87529556e+00j  1.91327668e+00+1.63308822e+00j
 -5.38972635e+00-2.16125555e+00j  4.57927274e+00+2.50429239e+00j
 -1.97652540e-01-4.22979214e-02j -1.88787491e+00-1.45091983e+00j
 -8.02920612e-01+1.77647065e+00j  3.77067715e+00-2.55753421e+00j
 -1.48281584e+00+3.12287643e+00j -6.66374389e-01-2.23712734e+00j
 -7.61437567e-01-3.60895437e-01j -5.85481543e-01+2.64674242e+00j
  1.68285498e+00-1.37792613e+00j  7.02597453e-01-3.37208312e+00j
 -1.70243296e+00+6.02149516e+00j  2.11451285e+00-3.78690944e+00j
 -3.30580782e+00-1.34308092e-01j  3.91108822e+00+2.41379957e+00j
 -2.88903119e+00-2.87384125e+00j  5.70355082e-01+2.18919391e+00j
  8.87965767e-02-2.48397482e+00j  1.25679410e+00+2.45628985e+00j
 -3.64355697e+00+1.26283529e+00j  3.99134260e+00-2.23164218e+00j
 -5.47293015e-01-1.54295218e-01j -5.19754591e-01+3.16583502e+00j
 -1.38316618e+00-6.03997068e+00j -7.08264149e-01+4.34112014e+00j
  3.93433544e+00-1.82515389e+00j -1.21614855e+00+4.00359530e-02j
 -1.16222894e+00+2.95680963e+00j -8.52111248e-01-2.90939773e+00j
  1.98852440e+00+6.10688268e-01j -3.89959828e-01-8.03034884e-01j
 -1.48285900e+00-3.19841668e-01j  1.41569176e+00+3.42191976e-01j
 -9.57465847e-01+3.49905432e+00j  1.03035841e+00-3.67022632e+00j
 -2.39406316e+00+2.86236230e+00j  4.17703361e+00-1.75387529e+00j
 -2.62859927e+00-2.96124207e+00j  7.50519891e-01+4.04635685e+00j
  1.74506131e-01-2.46517144e-01j -3.38138194e+00-2.91639615e+00j
  4.48003811e+00+2.70216424e+00j -1.32181147e+00-1.95413456e+00j
 -2.30302201e+00+7.82251186e-01j  2.26694207e+00+2.23844752e+00j
 -3.51790254e-01-1.07371199e+00j  2.47501702e+00-1.23694250e+00j
 -4.20173305e+00+1.85636001e-01j  8.13336758e-01+1.97643314e+00j
  1.23937268e+00-2.53750878e+00j -1.86405957e-01+9.97361158e-01j
  1.39433281e-01-1.84888222e+00j  1.12433613e-01+2.59727137e+00j
  5.38223544e-01+1.86659340e-01j -2.06984808e+00-2.38876773e-01j
 -1.14968182e+00-2.69808388e+00j  3.91541817e+00+2.79370295e+00j
 -1.22587057e+00-9.99267635e-01j -1.77626223e+00+7.55882812e-01j
  4.69497768e+00-2.31372656e+00j -5.30235689e+00+1.76572773e+00j
  1.67948465e+00+3.44641374e-01j  4.72605546e-01-7.71234261e-01j
  9.13677927e-01-6.94268218e-01j -1.76422736e+00+3.24182828e+00j
  2.46183328e+00-3.42340757e+00j -3.16053400e+00-6.77543949e-02j
 -1.07407007e-01+5.07261676e+00j  2.14574651e+00-6.61262228e+00j
  5.19261340e-01+4.42602882e+00j -1.47138545e+00-2.14170868e+00j
  1.34393942e+00+1.36006501e+00j -3.76494640e+00-2.10469196e+00j
  3.00251723e+00+3.60440646e-01j  3.01507949e+00+2.36255268e+00j
 -7.53453629e+00-3.57553795e+00j  5.88339907e+00+2.70527713e+00j
 -2.56543916e+00-6.23139210e-01j  3.96023706e+00+1.80494570e+00j
 -3.59116181e+00-1.37898314e+00j -1.04739991e+00-2.89799961e+00j
 -8.45350770e-01+3.44181727e+00j  3.68778271e+00-1.16207896e+00j
 -9.62592928e-01+2.48605419e+00j  1.91338998e+00-4.20484676e+00j
 -2.35178947e+00+3.40137883e+00j -1.85231758e+00-1.42339419e+00j
  3.38252450e+00-1.94971875e-01j -2.71361366e+00-6.49072408e-01j
  2.79686820e+00+1.52481993e+00j -1.03498105e+00-2.13511263e+00j
 -1.12318011e+00+1.49212278e+00j -2.30593296e+00-9.18851372e-02j
  5.48433933e+00+1.92465908e+00j -1.35718126e+00-4.39722770e+00j
 -6.05930016e-01+3.54572501e+00j  5.89589825e-01-2.03180776e-01j
 -3.41843921e+00-6.36405964e-03j  3.84496596e+00-4.38815809e-01j
 -2.59030966e+00-3.68117384e+00j -1.12495730e+00+4.68428098e+00j
  2.72401518e+00-1.39771597e+00j  6.39207158e-01+1.94752418e-01j
  8.63621811e-01-1.20038929e+00j -4.73013877e+00-1.59984975e-01j
  2.92463047e+00+4.04070000e+00j  1.43064480e+00-3.86337895e+00j
 -2.89353388e+00+1.89331432e+00j  6.37402954e-01-2.22989538e+00j
  2.20760894e+00+1.51957713e+00j -3.21790821e+00+1.26650531e+00j
  2.10645781e+00-2.17480357e+00j  9.54734262e-01+5.69365816e-01j
 -2.89218796e+00-2.04618452e+00j  1.01362758e+00+3.07405540e+00j
 -4.26264725e-03+1.33485117e+00j  9.56365918e-01-5.40155439e+00j
  4.12138106e-01+4.80074524e+00j -3.54808835e-01-2.73526656e-01j
 -2.40064465e+00-2.53740054e+00j  1.15271198e+00+1.40348705e+00j
  1.88540172e+00+1.65772330e+00j -2.96650568e+00-4.23389168e+00j
  4.70237268e+00+4.01062265e+00j -2.27198505e+00-2.89206502e+00j
 -2.02171537e+00+5.37751528e-01j  1.59656693e+00+1.42832211e+00j
 -1.79314422e+00-1.40131685e+00j  1.78622443e+00-3.26161340e-01j
  1.04705401e+00+4.70901657e+00j -2.81935174e+00-7.34727797e+00j
  1.35028425e+00+5.43386503e+00j  1.63400416e+00-8.10065453e-01j
 -7.92748252e-01-2.49308447e+00j -2.26546160e-01+1.72818530e+00j
 -2.75763631e+00+2.09156425e-01j  3.84859963e+00-3.43652288e+00j
 -3.01664530e+00+4.79502385e+00j  3.83907329e-01-2.56513955e-01j
  2.99940513e+00-2.42129087e+00j -3.48370039e+00+1.20318098e+00j
  2.20583208e+00-7.18403095e-01j -7.11676478e-01+2.32924606e+00j
  5.97014660e-01-2.76779870e+00j -1.67502760e+00-1.69203327e+00j
  4.14295602e+00+4.88266817e+00j -4.52873255e+00-4.61722892e+00j
  2.07667838e+00+4.28718925e+00j -1.99188990e+00-1.38077357e+00j
  2.44868723e+00+2.51817263e-01j -6.49247557e-01-2.54450478e+00j
 -9.28282262e-01-9.65201834e-01j -2.52679001e-03+4.38157471e+00j
  1.60566491e+00-1.81573688e-01j -1.15627737e+00-1.07295567e+00j
 -2.28646089e-01-3.73115781e-01j -3.19401351e-01-1.74574586e+00j
  2.09930284e+00+1.71130674e+00j -2.92175340e+00+2.57813657e-01j
  3.83352869e+00-1.42353396e+00j -1.96417413e+00+3.61949840e+00j
 -1.57876548e+00-6.38853176e+00j  1.84752939e+00+5.95438041e+00j
 -1.67063054e+00-3.50747910e+00j  2.47549540e-01+3.76714227e+00j
 -1.49848923e+00-3.86045290e+00j  5.81977686e+00+2.72609027e+00j
 -3.85716916e+00-2.64847913e-01j -1.17349665e+00-3.89777972e+00j
  4.21062377e+00+5.50338638e+00j -4.44687286e+00-4.11623848e+00j
  2.90643046e+00+1.74501075e+00j -1.71043125e+00+5.09667172e-02j
  1.70894742e+00-1.03400085e+00j -2.71304551e+00+9.65147572e-01j
  1.19325561e+00+4.94891412e-01j  2.00499375e+00-1.47357657e+00j
 -3.22447943e+00-5.04040256e-01j  2.08493392e+00+3.38846769e+00j
  5.37575185e-01-3.95698329e+00j -3.35605350e+00+2.47856575e+00j
  3.28003524e+00+2.07952619e+00j -3.97417074e-01-5.69632354e+00j
  1.69473404e-01+4.28426306e+00j -1.63551372e+00-1.62391698e+00j
  2.19252891e+00+1.47829169e+00j -3.68141604e+00-2.53376877e+00j
  3.13598905e+00+2.09113470e+00j  4.97370011e-01-2.34377209e+00j
 -3.66973843e+00+7.79154852e-01j  3.49174515e+00+2.89948121e+00j
 -3.06237760e-01-3.12917478e+00j -7.73188092e-01+2.24633752e+00j
  4.66056366e-01-2.31098258e+00j -2.59839920e+00+2.03542513e+00j
  2.72385419e+00+6.41095727e-01j -3.92676655e-01-3.54356518e+00j
 -2.39122277e+00+2.92338304e+00j  5.23277388e+00-2.23392067e+00j
 -2.40762262e+00+1.53943053e+00j -4.54688773e+00+2.60290320e+00j
  7.15829067e+00-5.38199688e+00j -2.41897612e+00+3.37754810e+00j
 -1.64007183e+00-0.00000000e+00j -2.41897612e+00-3.37754810e+00j
  7.15829067e+00+5.38199688e+00j -4.54688773e+00-2.60290320e+00j
 -2.40762262e+00-1.53943053e+00j  5.23277388e+00+2.23392067e+00j
 -2.39122277e+00-2.92338304e+00j -3.92676655e-01+3.54356518e+00j
  2.72385419e+00-6.41095727e-01j -2.59839920e+00-2.03542513e+00j
  4.66056366e-01+2.31098258e+00j -7.73188092e-01-2.24633752e+00j
 -3.06237760e-01+3.12917478e+00j  3.49174515e+00-2.89948121e+00j
 -3.66973843e+00-7.79154852e-01j  4.97370011e-01+2.34377209e+00j
  3.13598905e+00-2.09113470e+00j -3.68141604e+00+2.53376877e+00j
  2.19252891e+00-1.47829169e+00j -1.63551372e+00+1.62391698e+00j
  1.69473404e-01-4.28426306e+00j -3.97417074e-01+5.69632354e+00j
  3.28003524e+00-2.07952619e+00j -3.35605350e+00-2.47856575e+00j
  5.37575185e-01+3.95698329e+00j  2.08493392e+00-3.38846769e+00j
 -3.22447943e+00+5.04040256e-01j  2.00499375e+00+1.47357657e+00j
  1.19325561e+00-4.94891412e-01j -2.71304551e+00-9.65147572e-01j
  1.70894742e+00+1.03400085e+00j -1.71043125e+00-5.09667172e-02j
  2.90643046e+00-1.74501075e+00j -4.44687286e+00+4.11623848e+00j
  4.21062377e+00-5.50338638e+00j -1.17349665e+00+3.89777972e+00j
 -3.85716916e+00+2.64847913e-01j  5.81977686e+00-2.72609027e+00j
 -1.49848923e+00+3.86045290e+00j  2.47549540e-01-3.76714227e+00j
 -1.67063054e+00+3.50747910e+00j  1.84752939e+00-5.95438041e+00j
 -1.57876548e+00+6.38853176e+00j -1.96417413e+00-3.61949840e+00j
  3.83352869e+00+1.42353396e+00j -2.92175340e+00-2.57813657e-01j
  2.09930284e+00-1.71130674e+00j -3.19401351e-01+1.74574586e+00j
 -2.28646089e-01+3.73115781e-01j -1.15627737e+00+1.07295567e+00j
  1.60566491e+00+1.81573688e-01j -2.52679001e-03-4.38157471e+00j
 -9.28282262e-01+9.65201834e-01j -6.49247557e-01+2.54450478e+00j
  2.44868723e+00-2.51817263e-01j -1.99188990e+00+1.38077357e+00j
  2.07667838e+00-4.28718925e+00j -4.52873255e+00+4.61722892e+00j
  4.14295602e+00-4.88266817e+00j -1.67502760e+00+1.69203327e+00j
  5.97014660e-01+2.76779870e+00j -7.11676478e-01-2.32924606e+00j
  2.20583208e+00+7.18403095e-01j -3.48370039e+00-1.20318098e+00j
  2.99940513e+00+2.42129087e+00j  3.83907329e-01+2.56513955e-01j
 -3.01664530e+00-4.79502385e+00j  3.84859963e+00+3.43652288e+00j
 -2.75763631e+00-2.09156425e-01j -2.26546160e-01-1.72818530e+00j
 -7.92748252e-01+2.49308447e+00j  1.63400416e+00+8.10065453e-01j
  1.35028425e+00-5.43386503e+00j -2.81935174e+00+7.34727797e+00j
  1.04705401e+00-4.70901657e+00j  1.78622443e+00+3.26161340e-01j
 -1.79314422e+00+1.40131685e+00j  1.59656693e+00-1.42832211e+00j
 -2.02171537e+00-5.37751528e-01j -2.27198505e+00+2.89206502e+00j
  4.70237268e+00-4.01062265e+00j -2.96650568e+00+4.23389168e+00j
  1.88540172e+00-1.65772330e+00j  1.15271198e+00-1.40348705e+00j
 -2.40064465e+00+2.53740054e+00j -3.54808835e-01+2.73526656e-01j
  4.12138106e-01-4.80074524e+00j  9.56365918e-01+5.40155439e+00j
 -4.26264725e-03-1.33485117e+00j  1.01362758e+00-3.07405540e+00j
 -2.89218796e+00+2.04618452e+00j  9.54734262e-01-5.69365816e-01j
  2.10645781e+00+2.17480357e+00j -3.21790821e+00-1.26650531e+00j
  2.20760894e+00-1.51957713e+00j  6.37402954e-01+2.22989538e+00j
 -2.89353388e+00-1.89331432e+00j  1.43064480e+00+3.86337895e+00j
  2.92463047e+00-4.04070000e+00j -4.73013877e+00+1.59984975e-01j
  8.63621811e-01+1.20038929e+00j  6.39207158e-01-1.94752418e-01j
  2.72401518e+00+1.39771597e+00j -1.12495730e+00-4.68428098e+00j
 -2.59030966e+00+3.68117384e+00j  3.84496596e+00+4.38815809e-01j
 -3.41843921e+00+6.36405964e-03j  5.89589825e-01+2.03180776e-01j
 -6.05930016e-01-3.54572501e+00j -1.35718126e+00+4.39722770e+00j
  5.48433933e+00-1.92465908e+00j -2.30593296e+00+9.18851372e-02j
 -1.12318011e+00-1.49212278e+00j -1.03498105e+00+2.13511263e+00j
  2.79686820e+00-1.52481993e+00j -2.71361366e+00+6.49072408e-01j
  3.38252450e+00+1.94971875e-01j -1.85231758e+00+1.42339419e+00j
 -2.35178947e+00-3.40137883e+00j  1.91338998e+00+4.20484676e+00j
 -9.62592928e-01-2.48605419e+00j  3.68778271e+00+1.16207896e+00j
 -8.45350770e-01-3.44181727e+00j -1.04739991e+00+2.89799961e+00j
 -3.59116181e+00+1.37898314e+00j  3.96023706e+00-1.80494570e+00j
 -2.56543916e+00+6.23139210e-01j  5.88339907e+00-2.70527713e+00j
 -7.53453629e+00+3.57553795e+00j  3.01507949e+00-2.36255268e+00j
  3.00251723e+00-3.60440646e-01j -3.76494640e+00+2.10469196e+00j
  1.34393942e+00-1.36006501e+00j -1.47138545e+00+2.14170868e+00j
  5.19261340e-01-4.42602882e+00j  2.14574651e+00+6.61262228e+00j
 -1.07407007e-01-5.07261676e+00j -3.16053400e+00+6.77543949e-02j
  2.46183328e+00+3.42340757e+00j -1.76422736e+00-3.24182828e+00j
  9.13677927e-01+6.94268218e-01j  4.72605546e-01+7.71234261e-01j
  1.67948465e+00-3.44641374e-01j -5.30235689e+00-1.76572773e+00j
  4.69497768e+00+2.31372656e+00j -1.77626223e+00-7.55882812e-01j
 -1.22587057e+00+9.99267635e-01j  3.91541817e+00-2.79370295e+00j
 -1.14968182e+00+2.69808388e+00j -2.06984808e+00+2.38876773e-01j
  5.38223544e-01-1.86659340e-01j  1.12433613e-01-2.59727137e+00j
  1.39433281e-01+1.84888222e+00j -1.86405957e-01-9.97361158e-01j
  1.23937268e+00+2.53750878e+00j  8.13336758e-01-1.97643314e+00j
 -4.20173305e+00-1.85636001e-01j  2.47501702e+00+1.23694250e+00j
 -3.51790254e-01+1.07371199e+00j  2.26694207e+00-2.23844752e+00j
 -2.30302201e+00-7.82251186e-01j -1.32181147e+00+1.95413456e+00j
  4.48003811e+00-2.70216424e+00j -3.38138194e+00+2.91639615e+00j
  1.74506131e-01+2.46517144e-01j  7.50519891e-01-4.04635685e+00j
 -2.62859927e+00+2.96124207e+00j  4.17703361e+00+1.75387529e+00j
 -2.39406316e+00-2.86236230e+00j  1.03035841e+00+3.67022632e+00j
 -9.57465847e-01-3.49905432e+00j  1.41569176e+00-3.42191976e-01j
 -1.48285900e+00+3.19841668e-01j -3.89959828e-01+8.03034884e-01j
  1.98852440e+00-6.10688268e-01j -8.52111248e-01+2.90939773e+00j
 -1.16222894e+00-2.95680963e+00j -1.21614855e+00-4.00359530e-02j
  3.93433544e+00+1.82515389e+00j -7.08264149e-01-4.34112014e+00j
 -1.38316618e+00+6.03997068e+00j -5.19754591e-01-3.16583502e+00j
 -5.47293015e-01+1.54295218e-01j  3.99134260e+00+2.23164218e+00j
 -3.64355697e+00-1.26283529e+00j  1.25679410e+00-2.45628985e+00j
  8.87965767e-02+2.48397482e+00j  5.70355082e-01-2.18919391e+00j
 -2.88903119e+00+2.87384125e+00j  3.91108822e+00-2.41379957e+00j
 -3.30580782e+00+1.34308092e-01j  2.11451285e+00+3.78690944e+00j
 -1.70243296e+00-6.02149516e+00j  7.02597453e-01+3.37208312e+00j
  1.68285498e+00+1.37792613e+00j -5.85481543e-01-2.64674242e+00j
 -7.61437567e-01+3.60895437e-01j -6.66374389e-01+2.23712734e+00j
 -1.48281584e+00-3.12287643e+00j  3.77067715e+00+2.55753421e+00j
 -8.02920612e-01-1.77647065e+00j -1.88787491e+00+1.45091983e+00j
 -1.97652540e-01+4.22979214e-02j  4.57927274e+00-2.50429239e+00j
 -5.38972635e+00+2.16125555e+00j  1.91327668e+00-1.63308822e+00j
 -3.40800169e-01+1.87529556e+00j  4.65738082e-01-1.51115324e+00j
  1.88307725e+00+1.83355198e+00j -5.64465553e+00-2.39145177e+00j
  7.96217521e+00+2.32140655e+00j -7.06470583e+00+1.64732886e+00j
  3.46052604e+00-2.89420721e+00j  1.53072931e-01-2.11813982e+00j
 -3.14444250e+00+3.45736972e+00j  3.55170066e+00-7.97043843e-01j
 -1.92106253e-01+3.87212312e-01j -6.82402498e-01-1.48442923e+00j
 -1.90236956e-01+5.19265047e-01j -1.51798098e+00-3.02932421e+00j
  2.02738633e+00+7.22614772e+00j -1.12347160e+00-6.57551329e+00j
  2.77380673e-02+3.63922068e+00j  2.16810203e+00+1.12940299e+00j
 -2.42817006e+00-1.63457279e+00j  2.53068875e+00-1.09083882e+00j
 -2.18197414e+00+2.43342928e-01j -2.05279599e+00+4.54259290e-01j
  2.15004190e+00+2.03401774e-01j  7.50314194e-01-3.78278416e-01j
 -2.52817001e+00-1.63752576e-01j  5.10011774e+00+4.07296173e+00j
 -2.33258141e+00-7.63279432e+00j -1.49389919e+00+6.42830477e+00j
  2.49206020e+00-5.57601149e+00j -2.68461374e+00+5.04295671e+00j
  1.71723905e+00-3.22912318e+00j -8.04984687e-01+1.25063287e+00j
 -2.29088230e-01-3.21846133e-03j  1.09745122e+00-2.54701685e-02j
 -3.93917879e+00+5.67427539e-01j  3.41638677e+00-2.71202972e-01j
  9.22415759e-01-2.20882082e+00j -1.12683222e+00+3.87182072e+00j
 -8.01148270e-01-3.70500748e+00j  2.45478822e+00+2.24875239e+00j
 -2.51836083e+00-8.76992563e-01j  2.63590843e+00+2.76031516e+00j
 -6.24678395e+00-5.53289915e+00j  5.54893433e+00+3.65868892e+00j
 -6.34201774e-01+1.36329253e+00j  1.44901379e+00-2.55091337e+00j
 -3.41705541e+00-2.60383449e+00j  2.59393647e+00+7.88949329e+00j
 -1.93826724e+00-6.18434714e+00j -3.42883075e-01+1.68889663e+00j
  1.51064106e+00-3.45238732e-01j -2.18054615e-01-5.56088261e-02j
 -3.94586803e-01-5.53089887e-01j  1.44939062e+00+2.49299115e+00j
 -1.88921952e+00-7.17377178e-01j  1.26080739e+00-3.13024968e+00j
 -1.58455071e+00+2.42416495e+00j  1.04205748e+00-9.15543237e-01j
  1.17327839e+00+2.63472882e+00j -2.64770673e+00-4.14975370e+00j
  6.31962182e-01+3.82290369e+00j  1.30815434e+00-1.54589462e+00j
  4.72879586e-03-1.03757666e+00j -9.10831013e-01+4.20230721e+00j
  8.50357943e-01-5.93688307e+00j -1.52359658e-01+2.54842098e+00j
 -7.91615617e-01+2.25490172e+00j  2.12968711e+00-1.24677867e+00j
 -3.05658704e+00-2.32492348e+00j  1.10471799e+00+1.28913794e-01j
  9.44285097e-01+1.90612438e+00j -1.32318122e-01-1.76615905e+00j
 -7.82695402e-01+3.19240702e+00j  2.30155626e+00-3.36627651e+00j
 -3.52823537e+00+2.73311230e+00j  1.41856848e+00-1.60315658e+00j
 -1.56376661e+00-7.06297532e-01j  5.11023019e+00+2.84326298e+00j
 -5.66270749e+00-4.61775922e+00j  8.83675372e-01+3.81475217e+00j
  2.81037751e+00+6.18968674e-01j -1.12471879e+00-4.79143431e+00j
 -1.04955645e+00+6.61664839e+00j  2.69205578e+00-4.58525394e+00j
 -2.90373132e+00+1.42928369e+00j -3.12246850e-01-2.07246883e+00j
  1.84275798e+00+2.29183244e+00j -9.62824677e-01-2.15096390e+00j
  1.14682068e+00+9.88618504e-01j -1.10585040e+00+2.65009028e+00j
  2.84428989e+00-2.16467167e+00j -5.88790981e+00-9.61069262e-01j
  5.01018774e+00+2.56066080e+00j -2.18614558e+00-1.78832006e+00j
 -6.99549505e-01-5.87431159e-01j  4.02430799e+00-9.20642599e-02j
 -4.56432344e+00+2.21298693e+00j  1.02118048e+00-2.99531196e+00j
  1.01639011e+00+2.70815247e+00j  7.31727501e-03-6.48808713e-01j
 -2.12028552e-01-6.08009988e-01j  5.58823936e-02+2.01834349e+00j
 -2.25748076e+00-2.62596196e+00j  3.64566749e+00+8.76378498e-01j
  2.81988505e-01-1.71638681e-01j -2.85789183e+00+1.85978799e+00j
  1.67781963e+00-2.71321623e+00j -6.44238511e-01+5.92714379e-01j
 -6.32254725e-01+3.63876757e-01j  2.11379474e-01-8.78939489e-01j
  3.56121137e-01-1.14304155e+00j  1.48880305e-01+4.92429768e+00j
  3.60552232e-01-1.10875756e+00j -5.67592486e-01-2.31544301e+00j
 -1.92138219e-01-9.56464865e-01j  9.96712211e-01+9.24971325e-03j
 -6.33551096e-01+4.03953681e+00j -9.91739883e-01-1.89384062e+00j
  3.19068963e+00-8.42202676e-01j -1.20839300e+00+9.67180424e-01j
 -2.90846519e+00-2.53171889e+00j  3.29317819e+00+1.36270565e+00j
 -5.46734310e+00-1.83356329e+00j  5.12484655e+00+6.13930727e+00j
  2.37609498e+00-4.07425325e+00j -5.88557794e+00+4.28143439e-01j
  3.66070094e+00-1.18863476e+00j -2.29047064e+00-2.36393259e-01j
  7.61168066e-01+1.27176240e+00j  1.12051102e+00+1.67715205e+00j
 -2.96455921e+00-3.90286692e+00j  1.68981361e+00+2.22663168e+00j
  3.09731604e+00+1.10656367e+00j -2.93234385e+00+1.64884615e+00j
 -3.98018928e-01-7.38844188e+00j  2.59458177e+00+7.97325689e+00j
 -4.76698695e+00-3.97726778e+00j  5.63080317e+00-9.82997806e-01j
 -4.14088911e+00+3.84817953e+00j  3.09175733e+00-4.33438690e+00j
 -1.34550146e+00+4.23850238e+00j -2.72755833e+00-3.74623382e+00j
  4.71852217e+00+1.09039596e+00j -4.59146990e+00-4.50938595e-01j
  5.30113438e+00+2.25336833e+00j -5.45834269e+00-3.09161168e+00j
  1.66127212e+00+3.13180642e+00j -6.12867247e-01-3.23124307e-01j
  4.14218134e+00-2.18499589e+00j -1.52875289e+00+1.30793332e+00j
 -2.62671214e+00-1.16025714e+00j -2.08816064e-01+2.09328919e+00j
  4.11191666e+00-7.45517340e-01j -3.79236953e+00-1.85033289e+00j
  3.75436170e-01+1.68749721e+00j  2.20142589e+00-9.74092133e-01j
 -2.57441299e+00+4.03556909e-01j  2.08032548e+00+2.26352235e+00j
 -2.06626577e-01-3.10346345e+00j -1.95046749e+00+1.90881433e+00j
  3.24561778e-01+1.41196525e+00j  1.43454249e+00-3.71799934e+00j
 -1.01325692e-01+1.49087354e+00j -1.89057803e+00+2.40144638e-01j
  2.95311412e+00+9.37616305e-02j  6.34933463e-01-1.61832285e+00j
 -4.20349890e+00+1.12236648e+00j  2.88711026e+00+9.54200221e-01j
 -6.26976946e-01-3.26324044e-01j  1.30062561e+00-2.04129229e-01j
 -2.71806051e+00+6.12663940e-01j  2.83146244e+00-1.32799385e+00j
 -2.22388854e+00+2.21583349e+00j -6.47040697e-01-2.51516731e+00j
  1.92083169e+00+6.79553357e-01j  4.57368092e-01+1.21663657e+00j
 -1.58645537e+00-1.34894155e+00j  8.92069244e-01-1.32153375e+00j
 -6.40164134e-01+2.68391050e+00j -4.62863405e-01-3.75403020e-01j
  2.50473939e+00-3.57425900e+00j -3.23958777e+00+4.14897558e+00j
  9.16339597e-01-4.90991131e-01j  3.08524581e+00-5.95159200e-01j
 -4.91583012e+00-1.54803183e+00j  5.00052084e+00+3.57357489e+00j
 -3.92969371e+00-2.99904946e+00j  2.44389144e+00+2.82863537e-01j
 -2.67606927e+00-7.02779734e-01j  1.47020928e+00+2.25295675e+00j
  1.50911540e+00-2.48383844e-01j -1.21607098e+00-1.99129937e+00j
 -1.15750752e+00+1.01543455e+00j  1.87258030e+00+1.72428961e+00j
  8.44352010e-01-2.24549407e+00j -4.08427257e+00-8.47841869e-01j
  2.59443265e+00+3.48419086e+00j -4.54571765e-01-7.99874063e-01j
  7.78815127e-01-1.09533908e+00j  6.51376113e-01-5.36701484e-01j
 -1.67991750e+00-2.45658813e+00j -1.32062146e+00+3.52508064e+00j
  3.41064929e+00+3.52200940e+00j -1.16897385e+00-8.04414037e+00j
 -2.50320809e-01+3.33844871e+00j -2.27595535e+00+2.91384039e+00j
  3.39301690e+00-3.15487702e+00j -3.32655477e+00+6.65206321e-01j
  4.11963370e+00+2.49583618e+00j -1.27861841e+00-4.78956813e+00j
 -2.87360661e+00+4.57493671e+00j  1.72281258e+00-4.54132251e+00j
  7.87960492e-01+1.49610907e+00j  1.31020117e-01+3.99278149e+00j
  6.44802911e-02-3.52478582e+00j -2.31820985e+00-1.85413240e+00j
  3.66068633e+00+4.14712727e+00j -2.53647290e+00-6.98711212e-01j
 -1.42048666e+00-3.15012655e+00j  1.85501703e+00+4.52818574e+00j
  3.35897486e+00-2.82598228e+00j -5.73954752e+00-2.08812688e+00j
  2.62563276e+00+3.92828886e+00j  1.53655683e+00-1.33822784e+00j
 -3.28549123e+00-3.81466914e-01j  1.76809929e+00+8.12102602e-02j
  3.81211995e-01+2.95138594e-01j -2.65020697e+00-2.25973132e+00j
  2.85664062e+00+4.60937224e+00j -8.37508230e-01-1.77508587e+00j
  1.86626344e+00-6.17489496e-01j -2.42956322e+00-1.35206299e+00j
  5.59768396e-01+2.11174042e+00j  2.14989894e-01-1.65607815e-02j
  3.02838225e+00-3.00605133e+00j -7.41004529e+00+3.25100112e+00j
  4.41356727e+00-8.93983250e-01j  1.97344787e+00-1.91536217e-01j
 -2.64205627e+00+4.99840365e-01j -4.93516531e-01-5.59487315e-01j
  2.66951518e+00-1.71118823e-01j -1.20614161e+00+3.19489285e-01j
 -2.93102684e+00-3.01684083e+00j  3.43485536e+00+4.81102873e+00j
 -1.40114351e+00-2.92004599e+00j  1.56121834e+00+2.83437953e+00j
 -2.62194023e+00-2.09046548e+00j  2.77690187e+00-1.00591091e+00j
 -1.48083169e+00+3.66057827e+00j -2.11346761e+00-4.91630900e+00j
  4.73528636e+00+3.93658849e+00j -2.93311769e+00-2.27335371e+00j
 -4.74220185e-01+8.63166887e-01j  2.81446980e+00+9.16766309e-01j
 -1.61258002e+00-1.41519435e+00j -8.57618304e-01+2.13241448e+00j
 -1.26832856e+00-7.06429822e-02j  3.40000389e+00-4.07682778e+00j
 -5.13095819e-01+2.52744948e+00j -8.77339607e-01-7.65202379e-01j
 -2.75952942e-02+1.92088883e+00j -1.18567685e+00-1.33381953e+00j
  3.49108733e+00+4.78167943e-01j -4.99438386e+00+1.88231463e-01j
  1.41313683e+00-2.02989389e+00j  4.32703143e+00+3.79564261e+00j
 -2.93152516e+00-3.52155211e+00j  2.81257495e-01+2.27374555e+00j
 -3.28166402e+00-2.23014037e+00j  4.91430266e+00-1.52222485e-01j
 -4.98150528e+00+1.98684855e+00j  5.23943635e+00-2.75553848e-01j
 -1.42944850e+00+8.23421478e-01j -2.85607042e+00-1.31399246e+00j
  2.24973183e+00-1.07560305e+00j  1.28020325e+00+1.65669026e+00j
 -4.92687586e+00-9.47660313e-02j  5.35869630e+00-3.75118047e-01j
 -2.16575191e+00+8.24698807e-01j  7.57497745e-01-1.36902071e+00j
  9.14280211e-01+9.33921264e-01j -3.89216890e+00-1.64659595e+00j
  2.11121015e+00+2.68882945e+00j  9.11541055e-01-2.62047441e+00j
 -2.19855223e+00+4.42344524e+00j  1.98127368e+00-7.56233297e+00j
  9.03635550e-01+7.34868438e+00j -3.59761386e+00-4.39950843e+00j
  2.52152971e+00+2.78457355e+00j  2.35257117e+00-2.08892094e+00j
 -3.14244560e+00+4.71981056e-01j  1.54229683e+00+1.02989056e+00j
 -3.58034622e+00-1.35224931e+00j  7.46145642e-01+8.13192347e-01j
  2.85233665e+00+1.81808384e-01j -1.36568726e+00-5.35438100e-01j
 -3.03184110e-01-1.64997594e+00j  8.49156815e-01+1.00024697e+00j
 -5.80694055e-01+2.03924944e+00j -1.96747191e-02-3.07060460e+00j
 -1.97052435e+00+3.01925192e-01j  1.13735370e+00+5.15747541e-01j
 -1.20749616e+00-2.31118044e+00j  2.83444338e-01-5.95192204e+00j
  2.44457999e+01-1.65533720e+01j  2.32120948e+01+6.94769970e+01j]
