Frame: 56
X_framed shape: (1024,)
X_framed dtype: complex128
X_framed:
[-1.82708988e+01-0.00000000e+00j -1.87428685e+01+7.71390095e+00j
 -1.30659176e+01+1.94739878e+01j  3.43222803e+00+2.39003921e+01j
  1.72209407e+01+1.23955158e+01j  1.52364862e+01-3.25562963e+00j
  4.58027960e+00-7.89982904e+00j -9.20228711e-01-3.61270057e+00j
 -1.48613083e-01-6.03020838e-01j  6.24119226e-01-8.35424138e-01j
  5.50832788e-02-9.62390692e-01j -2.40626986e-01-5.89462277e-01j
 -5.59823200e-01-2.87528052e-01j -6.49979926e-01+7.10990789e-01j
  7.60114980e-01+1.44920603e+00j  2.28819430e+00+5.44439611e-03j
  1.32789764e+00-2.26568723e+00j -1.27340584e+00-2.27970390e+00j
 -2.38838126e+00-5.41889677e-02j -1.17384062e+00+1.77752050e+00j
  6.77270841e-01+1.80054418e+00j  1.68453599e+00+5.88747472e-01j
  1.46699297e+00-8.36902697e-01j  2.43605794e-01-1.58202202e+00j
 -1.12740767e+00-1.01654466e+00j -1.40502576e+00+5.07121699e-01j
 -1.78467331e-01+1.55335280e+00j  1.37175192e+00+9.45699225e-01j
  1.51588093e+00-7.46997639e-01j  1.97024496e-02-1.58020155e+00j
 -1.32883061e+00-5.01987441e-01j -7.97030608e-01+1.19404403e+00j
  1.07942853e+00+1.35451499e+00j  2.08687757e+00-3.90207792e-01j
  9.77259992e-01-2.18060706e+00j -1.10936365e+00-2.13154851e+00j
 -2.06314464e+00-4.87859925e-01j -1.33766859e+00+8.45248134e-01j
 -3.83796202e-01+8.63556021e-01j -2.91289225e-01+6.01090944e-01j
 -1.87453196e-01+1.03700938e+00j  8.67451719e-01+1.19161380e+00j
  1.70227058e+00-8.28860383e-02j  7.34033624e-01-1.58004571e+00j
 -1.08993154e+00-1.23441924e+00j -1.38180344e+00+5.28715885e-01j
  6.68459947e-02+1.27301930e+00j  1.02882711e+00+2.07805620e-01j
  2.72952505e-01-8.10174191e-01j -7.83211188e-01-2.54330473e-01j
 -4.31231585e-01+9.33102403e-01j  9.14063150e-01+9.82103550e-01j
  1.61682822e+00-2.62839415e-01j  1.01932907e+00-1.58497614e+00j
 -3.50893857e-01-2.10172541e+00j -1.85004401e+00-1.58210843e+00j
 -2.74910840e+00+2.74729924e-02j -2.10291941e+00+2.02231348e+00j
 -7.30903555e-02+2.76718817e+00j  1.48815627e+00+1.65182871e+00j
  1.34569209e+00+3.04705524e-01j  7.43599487e-01+2.45862318e-01j
  1.24622554e+00+4.98289177e-01j  1.97681648e+00-5.56645644e-01j
  1.10893197e+00-2.16243647e+00j -9.59362451e-01-2.23891859e+00j
 -2.11927607e+00-5.65626105e-01j -1.50389722e+00+1.14784003e+00j
 -4.33692453e-02+1.69946724e+00j  1.25423460e+00+1.15999867e+00j
  1.90986217e+00-1.29467539e-01j  1.44617997e+00-1.70880495e+00j
 -2.37358953e-01-2.56186742e+00j -2.17920930e+00-1.81052427e+00j
 -2.97797804e+00+2.42538679e-01j -1.99874490e+00+2.29105154e+00j
  2.05951299e-01+2.98106465e+00j  2.16758824e+00+1.76957891e+00j
  2.38914900e+00-4.17160630e-01j  8.84095069e-01-1.62672513e+00j
 -4.78903089e-01-1.00107076e+00j -2.79086510e-01-2.15611786e-02j
  4.02053236e-01-3.68265310e-01j -2.60141688e-01-1.24540359e+00j
 -1.73331825e+00-6.40385570e-01j -1.80569435e+00+1.33138410e+00j
  3.54384566e-02+2.45272591e+00j  1.96544634e+00+1.53629470e+00j
  2.38417036e+00-3.96001130e-01j  1.33638124e+00-1.84082227e+00j
 -2.94493115e-01-2.04768568e+00j -1.40649595e+00-9.86401122e-01j
 -1.07525809e+00+3.66234518e-01j  1.72364473e-01+4.18494521e-01j
  3.43603756e-01-9.04307802e-01j -1.31262761e+00-1.44353973e+00j
 -2.73618268e+00+2.85452054e-01j -1.74493726e+00+2.68258980e+00j
  9.09819111e-01+3.13600080e+00j  2.71205369e+00+1.34271091e+00j
  2.46791334e+00-8.79671521e-01j  9.06685139e-01-1.95974888e+00j
 -6.46334830e-01-1.54550030e+00j -1.10544503e+00-2.71036259e-01j
 -2.80892840e-01+5.00587839e-01j  5.39911082e-01-1.42217483e-01j
 -1.05354557e-01-1.18621887e+00j -1.60052635e+00-7.71269120e-01j
 -1.85909110e+00+9.94627478e-01j -4.27871324e-01+2.04637138e+00j
  9.26906901e-01+1.47621877e+00j  1.12400320e+00+5.97680532e-01j
  1.11874958e+00+3.53593306e-01j  1.58633955e+00-1.52060217e-01j
  1.39906082e+00-1.48606732e+00j -2.44757513e-01-2.23113047e+00j
 -1.87532468e+00-1.06812668e+00j -1.63631507e+00+8.64656861e-01j
 -4.63955610e-02+1.43388724e+00j  8.60528085e-01+5.10840065e-01j
  5.30249346e-01-2.45092797e-01j  2.04830488e-01-1.71488193e-01j
  4.28832851e-01-2.64526156e-01j  2.00850552e-01-9.27257260e-01j
 -9.05653138e-01-9.86982415e-01j -1.57041927e+00+2.39051111e-01j
 -7.12290214e-01+1.48584888e+00j  7.18876898e-01+1.32662192e+00j
  1.18137081e+00+2.43416762e-01j  7.46730149e-01-3.78502144e-01j
  5.07777059e-01-4.33170075e-01j  5.01294038e-01-8.17070042e-01j
 -2.41649716e-01-1.42817979e+00j -1.67715717e+00-9.76682333e-01j
 -2.17675845e+00+9.28363948e-01j -5.85676037e-01+2.61965395e+00j
  1.89660551e+00+2.13255781e+00j  2.82277196e+00-2.53848377e-01j
  1.41324246e+00-2.18043801e+00j -5.87383507e-01-2.07895455e+00j
 -1.35544376e+00-8.74904575e-01j -1.20547284e+00-1.57264144e-01j
 -1.32650842e+00+2.38171325e-01j -1.30858767e+00+1.33914670e+00j
  1.80606420e-01+2.43607246e+00j  2.48452159e+00+1.52465791e+00j
  2.93342545e+00-1.35875649e+00j  4.97387610e-01-3.31565020e+00j
 -2.36201400e+00-2.20477393e+00j -2.80503665e+00+5.01237423e-01j
 -1.16050147e+00+1.93379602e+00j  2.62595450e-01+1.57875229e+00j
  6.72058278e-01+9.50586328e-01j  9.59781192e-01+6.02278448e-01j
  1.20809967e+00-1.43913078e-01j  5.68527519e-01-9.96154429e-01j
 -5.83423342e-01-7.60701413e-01j -7.80649017e-01+3.96383168e-01j
  1.77572820e-01+9.70220018e-01j  1.02352937e+00+4.19832060e-01j
  1.06075559e+00-4.26372019e-01j  6.25353004e-01-9.82068277e-01j
 -4.32764501e-02-1.20480707e+00j -7.43953824e-01-8.77606120e-01j
 -8.45941566e-01-1.48479763e-01j -3.26548704e-01+6.24623075e-02j
 -2.89618531e-01-4.73937781e-01j -1.21433000e+00-5.31163007e-01j
 -1.85124228e+00+7.25936130e-01j -9.12965140e-01+2.26638637e+00j
  1.15815472e+00+2.42682839e+00j  2.67907337e+00+7.33193477e-01j
  2.19710629e+00-1.67769659e+00j -2.42616727e-01-2.68654808e+00j
 -2.45043154e+00-9.66604190e-01j -1.82314955e+00+1.87465718e+00j
  1.09974494e+00+2.36107032e+00j  2.50737406e+00-2.49159442e-01j
  4.07490336e-01-2.32057015e+00j -2.14658257e+00-7.88492857e-01j
 -1.26729097e+00+2.19207114e+00j  2.05034830e+00+2.22938931e+00j
  3.34689434e+00-1.02693538e+00j  9.26441077e-01-3.61585651e+00j
 -2.33182341e+00-2.81257448e+00j -3.32956040e+00-4.87738026e-02j
 -2.13550978e+00+2.01505697e+00j -3.48079189e-01+2.66989605e+00j
  1.40893246e+00+2.33059265e+00j  2.82677063e+00+7.98415789e-01j
  2.62470928e+00-1.70820585e+00j  1.62009283e-01-3.13815938e+00j
 -2.42626547e+00-1.59614869e+00j -2.05684638e+00+1.43409523e+00j
  9.79022292e-01+2.07752855e+00j  2.54863167e+00-8.51998395e-01j
 -8.88630211e-02-3.53096463e+00j -4.00670705e+00-1.77234765e+00j
 -3.92547991e+00+2.97222353e+00j  6.07376254e-01+4.98713400e+00j
  4.32212290e+00+1.84673589e+00j  3.24335684e+00-2.48482969e+00j
 -4.97809532e-01-3.32292165e+00j -2.49060611e+00-9.64906105e-01j
 -1.69467613e+00+1.24462180e+00j -1.12902177e-02+1.69722678e+00j
  1.14274215e+00+9.19935967e-01j  1.30630774e+00-4.03203546e-01j
  1.80654878e-01-1.33921030e+00j -1.32762425e+00-6.09490597e-01j
 -1.13883231e+00+1.31501987e+00j  1.01382876e+00+1.85258880e+00j
  2.44356918e+00-1.77675098e-01j  1.05534695e+00-2.45048345e+00j
 -1.63840504e+00-2.19238410e+00j -2.65738793e+00+1.83571757e-01j
 -1.34560773e+00+2.07770356e+00j  5.51428868e-01+2.15973514e+00j
  1.65388221e+00+1.19808063e+00j  2.07574700e+00+5.83694189e-02j
  1.96932035e+00-1.34439625e+00j  6.88135847e-01-2.74184257e+00j
 -1.70523944e+00-2.71784556e+00j -3.33244650e+00-5.43645060e-01j
 -2.49319492e+00+2.07611415e+00j -1.55925545e-01+2.80509750e+00j
  1.33152982e+00+1.73935882e+00j  1.54624280e+00+7.36530696e-01j
  1.78906733e+00+1.59282009e-01j  1.95238990e+00-1.10980325e+00j
  5.69538501e-01-2.50119290e+00j -1.71130012e+00-1.85253495e+00j
 -2.05035679e+00+6.09757169e-01j  1.01485222e-01+1.69371148e+00j
  1.64785199e+00-1.46805070e-02j  4.60809175e-01-1.92488488e+00j
 -1.66514942e+00-1.51850029e+00j -2.26209138e+00+3.22416653e-01j
 -1.42303945e+00+1.65983190e+00j -1.90352289e-01+2.18955937e+00j
  1.29465356e+00+1.98592526e+00j  2.43181615e+00+5.34713471e-01j
  1.86586520e+00-1.41802518e+00j  1.78244080e-05-1.86842742e+00j
 -9.30080509e-01-6.61096303e-01j -3.03374739e-01+1.19899243e-01j
  1.26239536e-01-3.63686608e-01j -4.83821243e-01-6.71843054e-01j
 -9.20646109e-01-5.22543082e-02j -5.42536775e-01+4.51470727e-01j
 -2.50669823e-01+3.29732252e-01j -3.84083446e-01+3.90418790e-01j
 -1.31809843e-01+7.90949688e-01j  5.40163368e-01+6.05308192e-01j
  5.13500283e-01-2.03605488e-01j -4.19260606e-01-3.13856836e-01j
 -8.06478429e-01+8.31646038e-01j  4.05047375e-01+1.83335718e+00j
  2.15172720e+00+1.11431516e+00j  2.51422549e+00-8.89376389e-01j
  1.17892599e+00-2.29733383e+00j -4.20436708e-01-2.23179888e+00j
 -1.28660288e+00-1.50291996e+00j -1.80439199e+00-7.78822666e-01j
 -2.15443892e+00+3.64063638e-01j -1.44815470e+00+1.85983635e+00j
  4.84232465e-01+2.24263512e+00j  1.86073545e+00+6.77738889e-01j
  1.02193223e+00-1.21344287e+00j -1.04374611e+00-1.09057340e+00j
 -1.67546955e+00+1.01657860e+00j  1.76597650e-01+2.60808303e+00j
  2.69451357e+00+1.68369924e+00j  3.35054755e+00-1.04960542e+00j
  1.60741682e+00-3.20029385e+00j -9.49812083e-01-3.30917618e+00j
 -2.65866043e+00-1.82209120e+00j -3.06046599e+00+1.80096357e-01j
 -2.23492827e+00+2.05304835e+00j -1.93891061e-01+3.07330686e+00j
  2.25346298e+00+2.15576027e+00j  3.06045988e+00-6.63319890e-01j
  9.08673931e-01-3.03368878e+00j -2.42169720e+00-2.21485666e+00j
 -3.20502534e+00+1.32764024e+00j -2.13699563e-01+3.63878780e+00j
  3.19292134e+00+1.87211038e+00j  3.03197611e+00-1.86677621e+00j
 -1.56998712e-01-3.20189618e+00j -2.38970225e+00-1.22176765e+00j
 -1.79657324e+00+1.07236252e+00j -1.66583804e-01+1.54725517e+00j
  7.58596456e-01+9.45832803e-01j  1.12319160e+00+2.08139643e-01j
  9.88606914e-01-7.34974858e-01j -4.07818868e-02-1.26751923e+00j
 -9.99181838e-01-4.93805920e-01j -5.28349052e-01+5.63867565e-01j
  4.61712274e-01+2.32635951e-01j  1.35437020e-01-7.36884506e-01j
 -8.95878218e-01-4.49011785e-01j -7.28534570e-01+5.82815929e-01j
  1.74865432e-01+4.55748832e-01j -1.32816876e-01-3.82114285e-01j
 -1.23985318e+00+1.60878784e-01j -8.10033970e-01+1.84285590e+00j
  1.31950313e+00+2.08808274e+00j  2.51755368e+00+1.00608081e-01j
  1.27807910e+00-1.75539124e+00j -6.15087243e-01-1.40426388e+00j
 -8.01619458e-01+1.08392530e-01j  3.81500278e-01+4.14846994e-01j
  7.24054252e-01-7.31518136e-01j -5.01611096e-01-1.34635474e+00j
 -1.60154358e+00-2.64744770e-01j -1.01989255e+00+1.23379816e+00j
  5.33401968e-01+1.33371722e+00j  1.21816116e+00+7.83445657e-02j
  4.43666082e-01-9.46336045e-01j -6.90862827e-01-6.83845506e-01j
 -9.19063697e-01+3.73261108e-01j -1.46760897e-01+1.02415627e+00j
  7.14563612e-01+7.43270550e-01j  9.59053112e-01+5.14030219e-02j
  7.85488994e-01-4.23857033e-01j  5.97836377e-01-7.75057595e-01j
  1.64112147e-01-1.23522729e+00j -7.99325856e-01-1.31904171e+00j
 -1.66738319e+00-4.55556372e-01j -1.51707062e+00+8.74570431e-01j
 -4.19788383e-01+1.58800443e+00j  7.36549033e-01+1.29948182e+00j
  1.34424405e+00+3.99657306e-01j  1.24816930e+00-6.74070951e-01j
  4.00334566e-01-1.46954029e+00j -8.48025618e-01-1.41149391e+00j
 -1.64709056e+00-4.52121722e-01j -1.53539179e+00+6.55223338e-01j
 -9.39299791e-01+1.28739774e+00j -3.42769781e-01+1.60558674e+00j
  4.19961516e-01+1.86555045e+00j  1.58913390e+00+1.69165031e+00j
  2.68522497e+00+5.23335273e-01j  2.69481177e+00-1.47584886e+00j
  1.00809548e+00-3.12459936e+00j -1.64102591e+00-2.90520343e+00j
 -3.18584247e+00-5.04458754e-01j -2.04330887e+00+2.16321581e+00j
  7.02693366e-01+2.52714481e+00j  2.10618893e+00+5.14290626e-01j
  1.05341566e+00-1.15938996e+00j -2.96397755e-01-7.28848638e-01j
  9.40791758e-02+1.99237363e-01j  9.95848916e-01-5.17914151e-01j
  1.12402274e-01-1.91414677e+00j -1.92697535e+00-1.44282144e+00j
 -2.37216772e+00+8.07074505e-01j -6.29207744e-01+2.13000805e+00j
  9.63654028e-01+1.32835585e+00j  8.96954411e-01+1.91373315e-01j
  4.98409624e-01+2.26010157e-01j  1.16695021e+00+2.88627942e-01j
  1.72421955e+00-1.09929623e+00j  2.86237523e-01-2.80275779e+00j
 -2.46331260e+00-2.37594976e+00j -3.77472847e+00+4.53709457e-01j
 -2.18427184e+00+3.29192046e+00j  1.03104971e+00+3.77677691e+00j
  3.39407914e+00+1.61870325e+00j  3.18829522e+00-1.53146029e+00j
  5.73437703e-01-3.22735423e+00j -2.21157775e+00-2.04359235e+00j
 -2.63750056e+00+7.44724433e-01j -7.46805379e-01+2.29611814e+00j
  1.02466745e+00+1.69524259e+00j  1.42279698e+00+6.43114065e-01j
  1.57740692e+00+1.13922238e-01j  1.88222097e+00-9.61604832e-01j
  7.84157746e-01-2.54762053e+00j -1.74001079e+00-2.33953082e+00j
 -2.78328340e+00+2.85445146e-01j -8.19442203e-01+2.29069860e+00j
  1.53146619e+00+1.31405970e+00j  1.44255266e+00-8.06609413e-01j
 -8.55114221e-02-1.25275533e+00j -6.00782188e-01-4.11198696e-01j
 -2.26039898e-01-2.56406925e-01j -5.98284201e-01-6.43053762e-01j
 -1.46789806e+00+2.62385961e-03j -1.09552101e+00+1.47807220e+00j
  6.45683220e-01+1.84696572e+00j  1.82799771e+00+4.21594336e-01j
  1.18233193e+00-1.22036296e+00j -3.53451317e-01-1.46205976e+00j
 -1.19980788e+00-5.28679506e-01j -1.05810820e+00+3.84037955e-01j
 -5.96532492e-01+8.02048962e-01j -1.40360623e-01+9.64655069e-01j
  3.59896226e-01+8.93894913e-01j  6.54048211e-01+5.11402136e-01j
  5.31411119e-01+2.25208684e-01j  4.69155523e-01+3.97338430e-01j
  1.00579018e+00+5.37438370e-01j  1.74764957e+00-1.19974748e-01j
  1.73200243e+00-1.49239772e+00j  5.12984174e-01-2.65742968e+00j
 -1.45203370e+00-2.63415145e+00j -2.98616733e+00-1.02723421e+00j
 -2.77237952e+00+1.37151302e+00j -7.00468553e-01+2.68257084e+00j
  1.41119343e+00+1.73164285e+00j  1.58653023e+00-2.94647224e-01j
  1.08074069e-01-1.13340920e+00j -9.85613680e-01-2.28095164e-01j
 -5.77672846e-01+9.45660931e-01j  5.55063300e-01+1.05231926e+00j
  1.17279969e+00+1.93061680e-01j  8.40501046e-01-7.37242708e-01j
 -4.39913030e-02-9.92646272e-01j -6.86064408e-01-4.53500537e-01j
 -5.64120764e-01+2.59197883e-01j -1.38616883e-02+4.23252287e-01j
  2.43270897e-01+1.09671777e-01j  1.29373219e-01-8.60761135e-02j
  9.85153667e-02-7.72916263e-02j  1.53742973e-01-2.57166731e-01j
 -1.61848333e-01-5.51254499e-01j -8.13799518e-01-3.47656987e-01j
 -1.05664893e+00+5.45102340e-01j -3.17970694e-01+1.42060732e+00j
  1.01282302e+00+1.31837250e+00j  1.78907905e+00+5.96580935e-02j
  1.19494348e+00-1.37819959e+00j -3.06251376e-01-1.73446110e+00j
 -1.39799280e+00-8.10550518e-01j -1.36040292e+00+4.21336282e-01j
 -6.12913455e-01+1.08217105e+00j  1.98945972e-01+1.12027937e+00j
  8.61843978e-01+7.27282605e-01j  1.16387525e+00-7.89474230e-02j
  7.10750793e-01-9.52568588e-01j -3.50953241e-01-1.10435815e+00j
 -1.05374666e+00-2.46266786e-01j -6.22951620e-01+7.73567322e-01j
  4.66243727e-01+8.14709733e-01j  9.30241189e-01-1.53662072e-01j
  2.38869851e-01-9.45394599e-01j -7.07464211e-01-6.56879566e-01j
 -8.29492309e-01+1.81895602e-01j -3.28281868e-01+5.14062383e-01j
 -1.19888170e-01+3.52139769e-01j -2.23455566e-01+4.78225180e-01j
  1.10527445e-01+8.67229369e-01j  8.60103742e-01+7.06269378e-01j
  1.15816050e+00-1.02144101e-01j  7.18743849e-01-7.69548902e-01j
  7.72636882e-02-8.88381307e-01j -4.32220121e-01-6.46691878e-01j
 -7.09223642e-01-7.61352441e-02j -3.31788125e-01+6.30025964e-01j
  6.68107913e-01+5.87513650e-01j  1.08163524e+00-5.56029693e-01j
  5.08237554e-02-1.51424019e+00j -1.35303114e+00-9.51261335e-01j
 -1.50680456e+00+5.27382120e-01j -4.35509468e-01+1.32288607e+00j
  6.16492525e-01+9.56253873e-01j  9.07810387e-01+9.05791578e-02j
  4.69999022e-01-5.75501699e-01j -2.93043821e-01-5.53491492e-01j
 -5.66712369e-01+1.81424559e-01j  1.24528024e-01+6.83827144e-01j
  8.62457259e-01+7.59992490e-02j  4.55200955e-01-8.69496176e-01j
 -5.49374867e-01-7.64252576e-01j -7.01541432e-01+9.53411367e-02j
 -7.80316932e-02+3.19681395e-01j  6.64726476e-02-1.67567467e-01j
 -4.39326771e-01-2.74231201e-01j -6.82166116e-01+2.37646786e-01j
 -3.80644029e-01+6.71030855e-01j  2.73303157e-02+7.60238243e-01j
  3.86264952e-01+6.88617899e-01j  7.04014108e-01+4.31758995e-01j
  7.94678185e-01+5.21753663e-02j  7.52520664e-01-1.97384800e-01j
  8.23712201e-01-5.13165164e-01j  5.99444964e-01-1.17961562e+00j
 -3.98972939e-01-1.55557094e+00j -1.44121352e+00-8.24987683e-01j
 -1.38322770e+00+4.34450521e-01j -4.66329631e-01+9.46154779e-01j
  1.80147393e-01+6.14840299e-01j  3.12662877e-01+2.15364375e-01j
  3.21870000e-01-1.33640546e-01j -2.08553954e-02-5.91280219e-01j
 -9.01959820e-01-5.10161395e-01j -1.36959581e+00+5.71009863e-01j
 -5.74303827e-01+1.65295550e+00j  7.11755005e-01+1.59639796e+00j
  1.33674871e+00+8.21300534e-01j  1.49857987e+00+1.99898961e-01j
  1.69405938e+00-5.70388224e-01j  1.21051958e+00-1.81179511e+00j
 -4.85210698e-01-2.34717667e+00j -2.00570949e+00-1.12058412e+00j
 -1.73968688e+00+6.63365914e-01j -4.38077605e-01+1.07377269e+00j
 -5.52356349e-02+3.97791118e-01j -6.03362448e-01+4.74412917e-01j
 -2.97366787e-01+1.48966938e+00j  1.27394464e+00+1.60046981e+00j
  2.23300941e+00-0.00000000e+00j  1.27394464e+00-1.60046981e+00j
 -2.97366787e-01-1.48966938e+00j -6.03362448e-01-4.74412917e-01j
 -5.52356349e-02-3.97791118e-01j -4.38077605e-01-1.07377269e+00j
 -1.73968688e+00-6.63365914e-01j -2.00570949e+00+1.12058412e+00j
 -4.85210698e-01+2.34717667e+00j  1.21051958e+00+1.81179511e+00j
  1.69405938e+00+5.70388224e-01j  1.49857987e+00-1.99898961e-01j
  1.33674871e+00-8.21300534e-01j  7.11755005e-01-1.59639796e+00j
 -5.74303827e-01-1.65295550e+00j -1.36959581e+00-5.71009863e-01j
 -9.01959820e-01+5.10161395e-01j -2.08553954e-02+5.91280219e-01j
  3.21870000e-01+1.33640546e-01j  3.12662877e-01-2.15364375e-01j
  1.80147393e-01-6.14840299e-01j -4.66329631e-01-9.46154779e-01j
 -1.38322770e+00-4.34450521e-01j -1.44121352e+00+8.24987683e-01j
 -3.98972939e-01+1.55557094e+00j  5.99444964e-01+1.17961562e+00j
  8.23712201e-01+5.13165164e-01j  7.52520664e-01+1.97384800e-01j
  7.94678185e-01-5.21753663e-02j  7.04014108e-01-4.31758995e-01j
  3.86264952e-01-6.88617899e-01j  2.73303157e-02-7.60238243e-01j
 -3.80644029e-01-6.71030855e-01j -6.82166116e-01-2.37646786e-01j
 -4.39326771e-01+2.74231201e-01j  6.64726476e-02+1.67567467e-01j
 -7.80316932e-02-3.19681395e-01j -7.01541432e-01-9.53411367e-02j
 -5.49374867e-01+7.64252576e-01j  4.55200955e-01+8.69496176e-01j
  8.62457259e-01-7.59992490e-02j  1.24528024e-01-6.83827144e-01j
 -5.66712369e-01-1.81424559e-01j -2.93043821e-01+5.53491492e-01j
  4.69999022e-01+5.75501699e-01j  9.07810387e-01-9.05791578e-02j
  6.16492525e-01-9.56253873e-01j -4.35509468e-01-1.32288607e+00j
 -1.50680456e+00-5.27382120e-01j -1.35303114e+00+9.51261335e-01j
  5.08237554e-02+1.51424019e+00j  1.08163524e+00+5.56029693e-01j
  6.68107913e-01-5.87513650e-01j -3.31788125e-01-6.30025964e-01j
 -7.09223642e-01+7.61352441e-02j -4.32220121e-01+6.46691878e-01j
  7.72636882e-02+8.88381307e-01j  7.18743849e-01+7.69548902e-01j
  1.15816050e+00+1.02144101e-01j  8.60103742e-01-7.06269378e-01j
  1.10527445e-01-8.67229369e-01j -2.23455566e-01-4.78225180e-01j
 -1.19888170e-01-3.52139769e-01j -3.28281868e-01-5.14062383e-01j
 -8.29492309e-01-1.81895602e-01j -7.07464211e-01+6.56879566e-01j
  2.38869851e-01+9.45394599e-01j  9.30241189e-01+1.53662072e-01j
  4.66243727e-01-8.14709733e-01j -6.22951620e-01-7.73567322e-01j
 -1.05374666e+00+2.46266786e-01j -3.50953241e-01+1.10435815e+00j
  7.10750793e-01+9.52568588e-01j  1.16387525e+00+7.89474230e-02j
  8.61843978e-01-7.27282605e-01j  1.98945972e-01-1.12027937e+00j
 -6.12913455e-01-1.08217105e+00j -1.36040292e+00-4.21336282e-01j
 -1.39799280e+00+8.10550518e-01j -3.06251376e-01+1.73446110e+00j
  1.19494348e+00+1.37819959e+00j  1.78907905e+00-5.96580935e-02j
  1.01282302e+00-1.31837250e+00j -3.17970694e-01-1.42060732e+00j
 -1.05664893e+00-5.45102340e-01j -8.13799518e-01+3.47656987e-01j
 -1.61848333e-01+5.51254499e-01j  1.53742973e-01+2.57166731e-01j
  9.85153667e-02+7.72916263e-02j  1.29373219e-01+8.60761135e-02j
  2.43270897e-01-1.09671777e-01j -1.38616883e-02-4.23252287e-01j
 -5.64120764e-01-2.59197883e-01j -6.86064408e-01+4.53500537e-01j
 -4.39913030e-02+9.92646272e-01j  8.40501046e-01+7.37242708e-01j
  1.17279969e+00-1.93061680e-01j  5.55063300e-01-1.05231926e+00j
 -5.77672846e-01-9.45660931e-01j -9.85613680e-01+2.28095164e-01j
  1.08074069e-01+1.13340920e+00j  1.58653023e+00+2.94647224e-01j
  1.41119343e+00-1.73164285e+00j -7.00468553e-01-2.68257084e+00j
 -2.77237952e+00-1.37151302e+00j -2.98616733e+00+1.02723421e+00j
 -1.45203370e+00+2.63415145e+00j  5.12984174e-01+2.65742968e+00j
  1.73200243e+00+1.49239772e+00j  1.74764957e+00+1.19974748e-01j
  1.00579018e+00-5.37438370e-01j  4.69155523e-01-3.97338430e-01j
  5.31411119e-01-2.25208684e-01j  6.54048211e-01-5.11402136e-01j
  3.59896226e-01-8.93894913e-01j -1.40360623e-01-9.64655069e-01j
 -5.96532492e-01-8.02048962e-01j -1.05810820e+00-3.84037955e-01j
 -1.19980788e+00+5.28679506e-01j -3.53451317e-01+1.46205976e+00j
  1.18233193e+00+1.22036296e+00j  1.82799771e+00-4.21594336e-01j
  6.45683220e-01-1.84696572e+00j -1.09552101e+00-1.47807220e+00j
 -1.46789806e+00-2.62385961e-03j -5.98284201e-01+6.43053762e-01j
 -2.26039898e-01+2.56406925e-01j -6.00782188e-01+4.11198696e-01j
 -8.55114221e-02+1.25275533e+00j  1.44255266e+00+8.06609413e-01j
  1.53146619e+00-1.31405970e+00j -8.19442203e-01-2.29069860e+00j
 -2.78328340e+00-2.85445146e-01j -1.74001079e+00+2.33953082e+00j
  7.84157746e-01+2.54762053e+00j  1.88222097e+00+9.61604832e-01j
  1.57740692e+00-1.13922238e-01j  1.42279698e+00-6.43114065e-01j
  1.02466745e+00-1.69524259e+00j -7.46805379e-01-2.29611814e+00j
 -2.63750056e+00-7.44724433e-01j -2.21157775e+00+2.04359235e+00j
  5.73437703e-01+3.22735423e+00j  3.18829522e+00+1.53146029e+00j
  3.39407914e+00-1.61870325e+00j  1.03104971e+00-3.77677691e+00j
 -2.18427184e+00-3.29192046e+00j -3.77472847e+00-4.53709457e-01j
 -2.46331260e+00+2.37594976e+00j  2.86237523e-01+2.80275779e+00j
  1.72421955e+00+1.09929623e+00j  1.16695021e+00-2.88627942e-01j
  4.98409624e-01-2.26010157e-01j  8.96954411e-01-1.91373315e-01j
  9.63654028e-01-1.32835585e+00j -6.29207744e-01-2.13000805e+00j
 -2.37216772e+00-8.07074505e-01j -1.92697535e+00+1.44282144e+00j
  1.12402274e-01+1.91414677e+00j  9.95848916e-01+5.17914151e-01j
  9.40791758e-02-1.99237363e-01j -2.96397755e-01+7.28848638e-01j
  1.05341566e+00+1.15938996e+00j  2.10618893e+00-5.14290626e-01j
  7.02693366e-01-2.52714481e+00j -2.04330887e+00-2.16321581e+00j
 -3.18584247e+00+5.04458754e-01j -1.64102591e+00+2.90520343e+00j
  1.00809548e+00+3.12459936e+00j  2.69481177e+00+1.47584886e+00j
  2.68522497e+00-5.23335273e-01j  1.58913390e+00-1.69165031e+00j
  4.19961516e-01-1.86555045e+00j -3.42769781e-01-1.60558674e+00j
 -9.39299791e-01-1.28739774e+00j -1.53539179e+00-6.55223338e-01j
 -1.64709056e+00+4.52121722e-01j -8.48025618e-01+1.41149391e+00j
  4.00334566e-01+1.46954029e+00j  1.24816930e+00+6.74070951e-01j
  1.34424405e+00-3.99657306e-01j  7.36549033e-01-1.29948182e+00j
 -4.19788383e-01-1.58800443e+00j -1.51707062e+00-8.74570431e-01j
 -1.66738319e+00+4.55556372e-01j -7.99325856e-01+1.31904171e+00j
  1.64112147e-01+1.23522729e+00j  5.97836377e-01+7.75057595e-01j
  7.85488994e-01+4.23857033e-01j  9.59053112e-01-5.14030219e-02j
  7.14563612e-01-7.43270550e-01j -1.46760897e-01-1.02415627e+00j
 -9.19063697e-01-3.73261108e-01j -6.90862827e-01+6.83845506e-01j
  4.43666082e-01+9.46336045e-01j  1.21816116e+00-7.83445657e-02j
  5.33401968e-01-1.33371722e+00j -1.01989255e+00-1.23379816e+00j
 -1.60154358e+00+2.64744770e-01j -5.01611096e-01+1.34635474e+00j
  7.24054252e-01+7.31518136e-01j  3.81500278e-01-4.14846994e-01j
 -8.01619458e-01-1.08392530e-01j -6.15087243e-01+1.40426388e+00j
  1.27807910e+00+1.75539124e+00j  2.51755368e+00-1.00608081e-01j
  1.31950313e+00-2.08808274e+00j -8.10033970e-01-1.84285590e+00j
 -1.23985318e+00-1.60878784e-01j -1.32816876e-01+3.82114285e-01j
  1.74865432e-01-4.55748832e-01j -7.28534570e-01-5.82815929e-01j
 -8.95878218e-01+4.49011785e-01j  1.35437020e-01+7.36884506e-01j
  4.61712274e-01-2.32635951e-01j -5.28349052e-01-5.63867565e-01j
 -9.99181838e-01+4.93805920e-01j -4.07818868e-02+1.26751923e+00j
  9.88606914e-01+7.34974858e-01j  1.12319160e+00-2.08139643e-01j
  7.58596456e-01-9.45832803e-01j -1.66583804e-01-1.54725517e+00j
 -1.79657324e+00-1.07236252e+00j -2.38970225e+00+1.22176765e+00j
 -1.56998712e-01+3.20189618e+00j  3.03197611e+00+1.86677621e+00j
  3.19292134e+00-1.87211038e+00j -2.13699563e-01-3.63878780e+00j
 -3.20502534e+00-1.32764024e+00j -2.42169720e+00+2.21485666e+00j
  9.08673931e-01+3.03368878e+00j  3.06045988e+00+6.63319890e-01j
  2.25346298e+00-2.15576027e+00j -1.93891061e-01-3.07330686e+00j
 -2.23492827e+00-2.05304835e+00j -3.06046599e+00-1.80096357e-01j
 -2.65866043e+00+1.82209120e+00j -9.49812083e-01+3.30917618e+00j
  1.60741682e+00+3.20029385e+00j  3.35054755e+00+1.04960542e+00j
  2.69451357e+00-1.68369924e+00j  1.76597650e-01-2.60808303e+00j
 -1.67546955e+00-1.01657860e+00j -1.04374611e+00+1.09057340e+00j
  1.02193223e+00+1.21344287e+00j  1.86073545e+00-6.77738889e-01j
  4.84232465e-01-2.24263512e+00j -1.44815470e+00-1.85983635e+00j
 -2.15443892e+00-3.64063638e-01j -1.80439199e+00+7.78822666e-01j
 -1.28660288e+00+1.50291996e+00j -4.20436708e-01+2.23179888e+00j
  1.17892599e+00+2.29733383e+00j  2.51422549e+00+8.89376389e-01j
  2.15172720e+00-1.11431516e+00j  4.05047375e-01-1.83335718e+00j
 -8.06478429e-01-8.31646038e-01j -4.19260606e-01+3.13856836e-01j
  5.13500283e-01+2.03605488e-01j  5.40163368e-01-6.05308192e-01j
 -1.31809843e-01-7.90949688e-01j -3.84083446e-01-3.90418790e-01j
 -2.50669823e-01-3.29732252e-01j -5.42536775e-01-4.51470727e-01j
 -9.20646109e-01+5.22543082e-02j -4.83821243e-01+6.71843054e-01j
  1.26239536e-01+3.63686608e-01j -3.03374739e-01-1.19899243e-01j
 -9.30080509e-01+6.61096303e-01j  1.78244080e-05+1.86842742e+00j
  1.86586520e+00+1.41802518e+00j  2.43181615e+00-5.34713471e-01j
  1.29465356e+00-1.98592526e+00j -1.90352289e-01-2.18955937e+00j
 -1.42303945e+00-1.65983190e+00j -2.26209138e+00-3.22416653e-01j
 -1.66514942e+00+1.51850029e+00j  4.60809175e-01+1.92488488e+00j
  1.64785199e+00+1.46805070e-02j  1.01485222e-01-1.69371148e+00j
 -2.05035679e+00-6.09757169e-01j -1.71130012e+00+1.85253495e+00j
  5.69538501e-01+2.50119290e+00j  1.95238990e+00+1.10980325e+00j
  1.78906733e+00-1.59282009e-01j  1.54624280e+00-7.36530696e-01j
  1.33152982e+00-1.73935882e+00j -1.55925545e-01-2.80509750e+00j
 -2.49319492e+00-2.07611415e+00j -3.33244650e+00+5.43645060e-01j
 -1.70523944e+00+2.71784556e+00j  6.88135847e-01+2.74184257e+00j
  1.96932035e+00+1.34439625e+00j  2.07574700e+00-5.83694189e-02j
  1.65388221e+00-1.19808063e+00j  5.51428868e-01-2.15973514e+00j
 -1.34560773e+00-2.07770356e+00j -2.65738793e+00-1.83571757e-01j
 -1.63840504e+00+2.19238410e+00j  1.05534695e+00+2.45048345e+00j
  2.44356918e+00+1.77675098e-01j  1.01382876e+00-1.85258880e+00j
 -1.13883231e+00-1.31501987e+00j -1.32762425e+00+6.09490597e-01j
  1.80654878e-01+1.33921030e+00j  1.30630774e+00+4.03203546e-01j
  1.14274215e+00-9.19935967e-01j -1.12902177e-02-1.69722678e+00j
 -1.69467613e+00-1.24462180e+00j -2.49060611e+00+9.64906105e-01j
 -4.97809532e-01+3.32292165e+00j  3.24335684e+00+2.48482969e+00j
  4.32212290e+00-1.84673589e+00j  6.07376254e-01-4.98713400e+00j
 -3.92547991e+00-2.97222353e+00j -4.00670705e+00+1.77234765e+00j
 -8.88630211e-02+3.53096463e+00j  2.54863167e+00+8.51998395e-01j
  9.79022292e-01-2.07752855e+00j -2.05684638e+00-1.43409523e+00j
 -2.42626547e+00+1.59614869e+00j  1.62009283e-01+3.13815938e+00j
  2.62470928e+00+1.70820585e+00j  2.82677063e+00-7.98415789e-01j
  1.40893246e+00-2.33059265e+00j -3.48079189e-01-2.66989605e+00j
 -2.13550978e+00-2.01505697e+00j -3.32956040e+00+4.87738026e-02j
 -2.33182341e+00+2.81257448e+00j  9.26441077e-01+3.61585651e+00j
  3.34689434e+00+1.02693538e+00j  2.05034830e+00-2.22938931e+00j
 -1.26729097e+00-2.19207114e+00j -2.14658257e+00+7.88492857e-01j
  4.07490336e-01+2.32057015e+00j  2.50737406e+00+2.49159442e-01j
  1.09974494e+00-2.36107032e+00j -1.82314955e+00-1.87465718e+00j
 -2.45043154e+00+9.66604190e-01j -2.42616727e-01+2.68654808e+00j
  2.19710629e+00+1.67769659e+00j  2.67907337e+00-7.33193477e-01j
  1.15815472e+00-2.42682839e+00j -9.12965140e-01-2.26638637e+00j
 -1.85124228e+00-7.25936130e-01j -1.21433000e+00+5.31163007e-01j
 -2.89618531e-01+4.73937781e-01j -3.26548704e-01-6.24623075e-02j
 -8.45941566e-01+1.48479763e-01j -7.43953824e-01+8.77606120e-01j
 -4.32764501e-02+1.20480707e+00j  6.25353004e-01+9.82068277e-01j
  1.06075559e+00+4.26372019e-01j  1.02352937e+00-4.19832060e-01j
  1.77572820e-01-9.70220018e-01j -7.80649017e-01-3.96383168e-01j
 -5.83423342e-01+7.60701413e-01j  5.68527519e-01+9.96154429e-01j
  1.20809967e+00+1.43913078e-01j  9.59781192e-01-6.02278448e-01j
  6.72058278e-01-9.50586328e-01j  2.62595450e-01-1.57875229e+00j
 -1.16050147e+00-1.93379602e+00j -2.80503665e+00-5.01237423e-01j
 -2.36201400e+00+2.20477393e+00j  4.97387610e-01+3.31565020e+00j
  2.93342545e+00+1.35875649e+00j  2.48452159e+00-1.52465791e+00j
  1.80606420e-01-2.43607246e+00j -1.30858767e+00-1.33914670e+00j
 -1.32650842e+00-2.38171325e-01j -1.20547284e+00+1.57264144e-01j
 -1.35544376e+00+8.74904575e-01j -5.87383507e-01+2.07895455e+00j
  1.41324246e+00+2.18043801e+00j  2.82277196e+00+2.53848377e-01j
  1.89660551e+00-2.13255781e+00j -5.85676037e-01-2.61965395e+00j
 -2.17675845e+00-9.28363948e-01j -1.67715717e+00+9.76682333e-01j
 -2.41649716e-01+1.42817979e+00j  5.01294038e-01+8.17070042e-01j
  5.07777059e-01+4.33170075e-01j  7.46730149e-01+3.78502144e-01j
  1.18137081e+00-2.43416762e-01j  7.18876898e-01-1.32662192e+00j
 -7.12290214e-01-1.48584888e+00j -1.57041927e+00-2.39051111e-01j
 -9.05653138e-01+9.86982415e-01j  2.00850552e-01+9.27257260e-01j
  4.28832851e-01+2.64526156e-01j  2.04830488e-01+1.71488193e-01j
  5.30249346e-01+2.45092797e-01j  8.60528085e-01-5.10840065e-01j
 -4.63955610e-02-1.43388724e+00j -1.63631507e+00-8.64656861e-01j
 -1.87532468e+00+1.06812668e+00j -2.44757513e-01+2.23113047e+00j
  1.39906082e+00+1.48606732e+00j  1.58633955e+00+1.52060217e-01j
  1.11874958e+00-3.53593306e-01j  1.12400320e+00-5.97680532e-01j
  9.26906901e-01-1.47621877e+00j -4.27871324e-01-2.04637138e+00j
 -1.85909110e+00-9.94627478e-01j -1.60052635e+00+7.71269120e-01j
 -1.05354557e-01+1.18621887e+00j  5.39911082e-01+1.42217483e-01j
 -2.80892840e-01-5.00587839e-01j -1.10544503e+00+2.71036259e-01j
 -6.46334830e-01+1.54550030e+00j  9.06685139e-01+1.95974888e+00j
  2.46791334e+00+8.79671521e-01j  2.71205369e+00-1.34271091e+00j
  9.09819111e-01-3.13600080e+00j -1.74493726e+00-2.68258980e+00j
 -2.73618268e+00-2.85452054e-01j -1.31262761e+00+1.44353973e+00j
  3.43603756e-01+9.04307802e-01j  1.72364473e-01-4.18494521e-01j
 -1.07525809e+00-3.66234518e-01j -1.40649595e+00+9.86401122e-01j
 -2.94493115e-01+2.04768568e+00j  1.33638124e+00+1.84082227e+00j
  2.38417036e+00+3.96001130e-01j  1.96544634e+00-1.53629470e+00j
  3.54384566e-02-2.45272591e+00j -1.80569435e+00-1.33138410e+00j
 -1.73331825e+00+6.40385570e-01j -2.60141688e-01+1.24540359e+00j
  4.02053236e-01+3.68265310e-01j -2.79086510e-01+2.15611786e-02j
 -4.78903089e-01+1.00107076e+00j  8.84095069e-01+1.62672513e+00j
  2.38914900e+00+4.17160630e-01j  2.16758824e+00-1.76957891e+00j
  2.05951299e-01-2.98106465e+00j -1.99874490e+00-2.29105154e+00j
 -2.97797804e+00-2.42538679e-01j -2.17920930e+00+1.81052427e+00j
 -2.37358953e-01+2.56186742e+00j  1.44617997e+00+1.70880495e+00j
  1.90986217e+00+1.29467539e-01j  1.25423460e+00-1.15999867e+00j
 -4.33692453e-02-1.69946724e+00j -1.50389722e+00-1.14784003e+00j
 -2.11927607e+00+5.65626105e-01j -9.59362451e-01+2.23891859e+00j
  1.10893197e+00+2.16243647e+00j  1.97681648e+00+5.56645644e-01j
  1.24622554e+00-4.98289177e-01j  7.43599487e-01-2.45862318e-01j
  1.34569209e+00-3.04705524e-01j  1.48815627e+00-1.65182871e+00j
 -7.30903555e-02-2.76718817e+00j -2.10291941e+00-2.02231348e+00j
 -2.74910840e+00-2.74729924e-02j -1.85004401e+00+1.58210843e+00j
 -3.50893857e-01+2.10172541e+00j  1.01932907e+00+1.58497614e+00j
  1.61682822e+00+2.62839415e-01j  9.14063150e-01-9.82103550e-01j
 -4.31231585e-01-9.33102403e-01j -7.83211188e-01+2.54330473e-01j
  2.72952505e-01+8.10174191e-01j  1.02882711e+00-2.07805620e-01j
  6.68459947e-02-1.27301930e+00j -1.38180344e+00-5.28715885e-01j
 -1.08993154e+00+1.23441924e+00j  7.34033624e-01+1.58004571e+00j
  1.70227058e+00+8.28860383e-02j  8.67451719e-01-1.19161380e+00j
 -1.87453196e-01-1.03700938e+00j -2.91289225e-01-6.01090944e-01j
 -3.83796202e-01-8.63556021e-01j -1.33766859e+00-8.45248134e-01j
 -2.06314464e+00+4.87859925e-01j -1.10936365e+00+2.13154851e+00j
  9.77259992e-01+2.18060706e+00j  2.08687757e+00+3.90207792e-01j
  1.07942853e+00-1.35451499e+00j -7.97030608e-01-1.19404403e+00j
 -1.32883061e+00+5.01987441e-01j  1.97024496e-02+1.58020155e+00j
  1.51588093e+00+7.46997639e-01j  1.37175192e+00-9.45699225e-01j
 -1.78467331e-01-1.55335280e+00j -1.40502576e+00-5.07121699e-01j
 -1.12740767e+00+1.01654466e+00j  2.43605794e-01+1.58202202e+00j
  1.46699297e+00+8.36902697e-01j  1.68453599e+00-5.88747472e-01j
  6.77270841e-01-1.80054418e+00j -1.17384062e+00-1.77752050e+00j
 -2.38838126e+00+5.41889677e-02j -1.27340584e+00+2.27970390e+00j
  1.32789764e+00+2.26568723e+00j  2.28819430e+00-5.44439611e-03j
  7.60114980e-01-1.44920603e+00j -6.49979926e-01-7.10990789e-01j
 -5.59823200e-01+2.87528052e-01j -2.40626986e-01+5.89462277e-01j
  5.50832788e-02+9.62390692e-01j  6.24119226e-01+8.35424138e-01j
 -1.48613083e-01+6.03020838e-01j -9.20228711e-01+3.61270057e+00j
  4.58027960e+00+7.89982904e+00j  1.52364862e+01+3.25562963e+00j
  1.72209407e+01-1.23955158e+01j  3.43222803e+00-2.39003921e+01j
 -1.30659176e+01-1.94739878e+01j -1.87428685e+01-7.71390095e+00j]
