Frame: 73
X_framed shape: (1024,)
X_framed dtype: complex128
X_framed:
[ 1.46679008e+02-0.00000000e+00j  8.24288732e+01-1.11333917e+02j
 -3.36998481e+01-1.11221035e+02j -8.02008219e+01-2.93187776e+01j
 -4.50531565e+01+2.83381827e+01j -3.71905218e+00+2.57888280e+01j
  3.53964569e+00+7.08905835e+00j -1.54459254e+00+4.08648643e+00j
  1.12030385e+00+6.23239795e+00j  4.68217871e+00+2.38604521e+00j
  2.82691330e+00-1.59051567e+00j  3.86166637e-01-1.65223765e+00j
 -7.00188775e-02-1.16773080e+00j -6.02421336e-01-1.37254202e+00j
 -1.44283493e+00-1.04138230e+00j -1.96209519e+00-3.84688065e-01j
 -2.40619807e+00+7.10216302e-01j -1.65299364e+00+2.53606338e+00j
  9.88437512e-01+2.91139507e+00j  2.58177414e+00+3.44344476e-01j
  6.40813647e-01-2.02340749e+00j -2.05922591e+00-8.17395822e-01j
 -1.59196550e+00+1.96352669e+00j  9.88355937e-01+2.27173015e+00j
  1.90937087e+00+2.82188565e-01j  7.02439679e-01-7.74276042e-01j
 -2.97957527e-02-8.74916167e-02j  6.12109252e-01+3.00179025e-01j
  1.02316798e+00-4.59977709e-01j  4.76548111e-01-1.12314374e+00j
 -1.11598683e-01-1.19268624e+00j -6.59400710e-01-1.35786939e+00j
 -1.91082565e+00-1.14165076e+00j -2.92710399e+00+6.60791394e-01j
 -1.75477176e+00+3.07684710e+00j  1.19774555e+00+3.49471446e+00j
  3.17678537e+00+1.32956053e+00j  2.62010907e+00-1.22644142e+00j
  6.38747655e-01-2.10013617e+00j -8.39511836e-01-1.23082625e+00j
 -8.98457793e-01+1.16093225e-01j  5.19155220e-02+6.69583091e-01j
  8.32158719e-01+9.22468987e-02j  6.26074315e-01-7.97158581e-01j
 -1.96880713e-01-9.97460818e-01j -6.91171141e-01-4.71095769e-01j
 -5.29635149e-01+4.27990215e-02j -1.96383073e-01+6.13923144e-02j
 -2.39466237e-01-1.53868594e-01j -5.66155902e-01-3.15678069e-03j
 -4.82138915e-01+5.81312097e-01j  3.06693424e-01+7.75999510e-01j
  8.81782934e-01-5.05189542e-02j  1.77975622e-01-1.00676991e+00j
 -1.12682942e+00-5.62358521e-01j -1.09373204e+00+1.02921086e+00j
  6.45320791e-01+1.57155943e+00j  1.88211754e+00-6.81581931e-02j
  6.83884364e-01-1.99569609e+00j -1.72061877e+00-1.61073793e+00j
 -2.38838640e+00+7.94391491e-01j -6.11307385e-01+2.39302072e+00j
  1.34089652e+00+1.69032908e+00j  1.62057811e+00+1.61647729e-01j
  9.76837373e-01-4.60652527e-01j  7.37134594e-01-5.09518653e-01j
  6.31816851e-01-8.93336372e-01j -5.38452491e-03-1.20368911e+00j
 -6.23699682e-01-8.35418269e-01j -6.22357217e-01-3.99415354e-01j
 -6.50941808e-01-4.53624298e-01j -1.22274215e+00-2.37096562e-01j
 -1.40621904e+00+8.36212732e-01j -3.72185151e-01+1.75105410e+00j
  1.02589446e+00+1.37954938e+00j  1.54150164e+00+1.55719360e-01j
  1.12439405e+00-9.27839249e-01j  1.45071653e-01-1.57521716e+00j
 -1.32520824e+00-1.39842141e+00j -2.34823321e+00+2.37956634e-01j
 -1.32922601e+00+2.32347795e+00j  1.17433029e+00+2.40178397e+00j
  2.22437221e+00+2.45153876e-01j  7.84632540e-01-1.17770718e+00j
 -4.52198023e-01-2.38658604e-01j  4.66544144e-01+7.22845395e-01j
  1.48348321e+00-4.20417232e-01j  2.93348181e-01-1.83649733e+00j
 -1.57089717e+00-9.83513826e-01j -1.36086427e+00+1.10209942e+00j
  5.93327960e-01+1.67298893e+00j  1.91434702e+00+2.77638435e-01j
  1.53659836e+00-1.49109102e+00j -1.45939780e-02-2.37823564e+00j
 -1.86428774e+00-1.85955824e+00j -2.82814770e+00+5.99974778e-02j
 -1.87783464e+00+2.19401334e+00j  4.57777022e-01+2.77819363e+00j
  2.35605377e+00+1.33703612e+00j  2.50014479e+00-1.02433521e+00j
  7.59898782e-01-2.78815341e+00j -2.00579323e+00-2.59092052e+00j
 -3.76524702e+00+7.33667160e-02j -2.42218559e+00+3.43099660e+00j
  1.42413422e+00+4.18353871e+00j  4.14131367e+00+1.22800281e+00j
  2.99127899e+00-2.46908645e+00j -4.64141887e-01-3.12512432e+00j
 -2.20963473e+00-6.53243635e-01j -7.28831928e-01+1.37984387e+00j
  1.20396303e+00+4.73424047e-01j  5.04146918e-01-1.41322304e+00j
 -1.55604686e+00-8.17145493e-01j -1.15927440e+00+1.58584358e+00j
  1.66582624e+00+1.58582656e+00j  2.35577223e+00-1.62254821e+00j
 -9.61836342e-01-3.33488674e+00j -3.84784731e+00-4.64861413e-01j
 -2.06612021e+00+3.34518168e+00j  2.05753603e+00+3.04892517e+00j
  3.25538032e+00-6.96717665e-01j  4.48688989e-01-3.13441747e+00j
 -2.84135342e+00-1.72213401e+00j -3.20542821e+00+1.80961430e+00j
 -3.62394532e-01+4.00699822e+00j  3.04052982e+00+2.79948253e+00j
  3.77779207e+00-5.84760469e-01j  1.49368759e+00-2.59021041e+00j
 -6.17127724e-01-1.55881739e+00j -8.35494299e-02+1.02177926e-02j
  1.31001462e+00-7.76237806e-01j  4.13214917e-01-2.80311843e+00j
 -2.43223151e+00-2.74491885e+00j -3.97650672e+00+4.58551260e-02j
 -2.51722599e+00+2.89917082e+00j  4.07702973e-01+3.37490104e+00j
  2.28186072e+00+1.61993837e+00j  2.08652254e+00-4.66475590e-01j
  7.29090568e-01-1.28947321e+00j -2.41462853e-01-8.40918686e-01j
 -2.79585357e-01-2.58512340e-01j -6.75554460e-02-2.17516058e-01j
 -1.51219357e-01-3.50650046e-01j -3.18508053e-01-3.58075545e-01j
 -5.91973093e-01-4.31809653e-01j -1.33001672e+00-1.50640213e-01j
 -1.73015490e+00+1.30938652e+00j -1.73978524e-01+3.01712846e+00j
  2.78888653e+00+2.41999951e+00j  3.91620311e+00-8.92546514e-01j
  1.50476380e+00-3.60427559e+00j -1.77602237e+00-2.85645372e+00j
 -2.47179917e+00-2.10357506e-01j -1.05068019e+00+9.59932252e-01j
 -3.77986911e-01+4.40253123e-01j -8.56465105e-01+5.82549383e-01j
 -3.40096658e-01+1.72290912e+00j  1.54192103e+00+1.59643033e+00j
  2.32520734e+00-5.25889273e-01j  6.40407384e-01-2.20997719e+00j
 -1.51006670e+00-1.41390357e+00j -1.67001513e+00+6.37231358e-01j
 -1.73121652e-01+1.50248308e+00j  9.65259634e-01+7.88014344e-01j
  9.84515202e-01-1.44218213e-01j  6.20458665e-01-5.67729242e-01j
  2.86754563e-01-8.35413784e-01j -3.15014236e-01-9.91467230e-01j
 -1.01580075e+00-5.41655762e-01j -1.06762511e+00+3.84503230e-01j
 -3.73332601e-01+9.21298168e-01j  3.00395705e-01+7.38276176e-01j
  5.62628257e-01+3.66535242e-01j  7.64398935e-01+2.21929140e-02j
  8.13457697e-01-7.08179531e-01j -7.30988236e-02-1.50756228e+00j
 -1.65140121e+00-1.02468588e+00j -2.03652308e+00+9.57060368e-01j
 -2.53462918e-01+2.29077225e+00j  1.67619375e+00+1.16236229e+00j
  1.23802961e+00-8.67705656e-01j -6.50139935e-01-8.33190841e-01j
 -8.03502190e-01+1.03541189e+00j  1.23222323e+00+1.51268005e+00j
  2.37040122e+00-5.42123393e-01j  8.30623173e-01-2.42323418e+00j
 -1.32469852e+00-1.91021259e+00j -1.81202432e+00-2.92703358e-01j
 -1.29437487e+00+4.98311325e-01j -1.13259580e+00+8.99873211e-01j
 -6.81403370e-01+1.83782174e+00j  9.63792324e-01+2.27441618e+00j
  2.57187318e+00+9.10775881e-01j  2.31670087e+00-1.28357603e+00j
  4.89546093e-01-2.18744281e+00j -9.24641996e-01-1.27190739e+00j
 -7.23742092e-01-1.68287309e-02j  2.80083196e-01-3.67894822e-02j
  2.56199284e-01-1.20119926e+00j -1.36145474e+00-1.57257367e+00j
 -2.66804638e+00+1.89767386e-01j -1.50515411e+00+2.48252986e+00j
  1.16810527e+00+2.47528791e+00j  2.22447515e+00+2.54685952e-01j
  9.26481764e-01-1.21733860e+00j -2.48401242e-01-6.95220311e-01j
  5.41043378e-02-1.40167414e-01j  1.77928950e-01-7.57150986e-01j
 -9.22798971e-01-9.30661493e-01j -1.54472461e+00+3.93080573e-01j
 -4.60473166e-01+1.48914880e+00j  7.45574037e-01+9.36658066e-01j
  5.90135824e-01+8.92375467e-02j  2.79739777e-01+3.43507599e-01j
  1.12510229e+00+4.31377839e-01j  1.63717289e+00-1.09194640e+00j
 -1.05531354e-01-2.58556535e+00j -2.65932337e+00-1.39969704e+00j
 -2.68092083e+00+1.72128120e+00j  2.04034292e-01+3.11087936e+00j
  2.58284565e+00+1.14256595e+00j  1.78754977e+00-1.58500659e+00j
 -7.53636628e-01-1.82100554e+00j -1.74772858e+00+2.60120382e-01j
 -2.71105601e-01+1.81000891e+00j  1.63271057e+00+1.13498951e+00j
  1.94443808e+00-7.15635689e-01j  7.52038627e-01-1.89000579e+00j
 -6.79073789e-01-1.80068203e+00j -1.56164067e+00-9.41334686e-01j
 -1.76395251e+00+1.77228402e-01j -1.28015919e+00+1.20773651e+00j
 -2.37685792e-01+1.75563771e+00j  9.93052178e-01+1.54630224e+00j
  1.94640934e+00+4.98936436e-01j  1.94778384e+00-1.23365395e+00j
  3.31552675e-01-2.66578863e+00j -2.20451817e+00-2.11746513e+00j
 -3.22619327e+00+6.15875689e-01j -1.31573039e+00+2.95445461e+00j
  1.45949962e+00+2.40977992e+00j  2.03066830e+00+1.39241611e-01j
  6.39268021e-01-7.62982815e-01j  5.19242567e-02+1.05080096e-01j
  1.01229676e+00+3.79676731e-01j  1.49246364e+00-8.75926647e-01j
  3.73335782e-01-1.95686170e+00j -1.07490503e+00-1.59960497e+00j
 -1.64522488e+00-5.21858079e-01j -1.57151895e+00+4.48916025e-01j
 -1.06154462e+00+1.40145000e+00j  3.16637987e-01+1.98148178e+00j
  2.06195563e+00+1.03627036e+00j  2.27409156e+00-1.40811520e+00j
 -3.81836365e-02-3.10441517e+00j -2.97251204e+00-1.85684004e+00j
 -3.42188366e+00+1.46729617e+00j -8.45683954e-01+3.52558046e+00j
  1.94642841e+00+2.49275323e+00j  2.40195982e+00+1.26432339e-01j
  1.16261164e+00-1.00889982e+00j  2.62203248e-01-7.90045677e-01j
  6.52817899e-02-5.43176392e-01j -2.04364723e-01-4.53358960e-01j
 -3.81418594e-01+1.22125678e-02j  8.64244742e-02+3.94689122e-01j
  6.14803829e-01-8.43553120e-04j  3.79039717e-01-6.30971084e-01j
 -2.18893515e-01-6.38565749e-01j -4.11768363e-01-2.72890970e-01j
 -3.68284669e-01-1.22308896e-01j -4.92336473e-01+1.80078436e-02j
 -4.51797571e-01+4.61757716e-01j  1.31232071e-01+7.54971429e-01j
  8.10208103e-01+3.27262707e-01j  8.09325277e-01-5.93818030e-01j
 -6.02669421e-02-1.17304431e+00j -1.18027332e+00-7.32239082e-01j
 -1.51169749e+00+6.36009937e-01j -4.19323489e-01+1.86545987e+00j
  1.45022872e+00+1.62661751e+00j  2.39452685e+00-2.40279918e-01j
  1.31153960e+00-2.19141062e+00j -9.51295842e-01-2.40569934e+00j
 -2.37961724e+00-7.38274545e-01j -1.94267234e+00+1.20759306e+00j
 -4.41374271e-01+1.99107414e+00j  8.85798923e-01+1.63517580e+00j
  1.71402421e+00+7.47224957e-01j  2.00726561e+00-6.03480983e-01j
  1.13675788e+00-2.15192244e+00j -1.02044292e+00-2.53966465e+00j
 -2.78133894e+00-7.68259358e-01j -2.16518130e+00+1.79065365e+00j
  3.26312848e-01+2.48549699e+00j  1.92800843e+00+6.98383702e-01j
  1.00606357e+00-1.23934611e+00j -8.92284121e-01-1.01173630e+00j
 -1.15405405e+00+7.27209032e-01j  3.95799598e-01+1.37728627e+00j
  1.36637222e+00+7.35507361e-02j  3.46857278e-01-1.10716828e+00j
 -9.52288425e-01-3.26108434e-01j -3.52534459e-01+1.10892127e+00j
  1.28744962e+00+7.54869810e-01j  1.35279931e+00-1.03973900e+00j
 -3.68037738e-01-1.62103726e+00j -1.34439357e+00-2.17087288e-01j
 -3.07885941e-01+9.13248783e-01j  8.50891720e-01+1.04219745e-01j
  1.54497041e-01-1.17058814e+00j -1.38649757e+00-6.74858106e-01j
 -1.32979858e+00+1.12764427e+00j  5.20733103e-01+1.70019513e+00j
  1.73647721e+00+1.04123459e-01j  6.55859684e-01-1.60830038e+00j
 -1.30613544e+00-1.21230444e+00j -1.64314328e+00+6.83653238e-01j
 -1.38109623e-01+1.62780380e+00j  1.11113541e+00+7.17978547e-01j
  7.70644363e-01-4.81835360e-01j -1.48710338e-01-4.83499021e-01j
 -2.07658494e-01+1.34896044e-01j  2.69411451e-01+4.46375861e-02j
 -1.42511751e-02-5.56386309e-01j -9.99637421e-01-2.65540437e-01j
 -1.11337589e+00+1.15568615e+00j  3.81898652e-01+2.08037289e+00j
  2.10032711e+00+1.20175226e+00j  2.35392620e+00-6.52045167e-01j
  1.30284871e+00-1.81826437e+00j  1.87528857e-01-2.01791864e+00j
 -7.44113341e-01-1.95729417e+00j -1.95041759e+00-1.43790096e+00j
 -2.71887174e+00+2.74957211e-01j -1.60907499e+00+2.30673566e+00j
  9.13439251e-01+2.44697150e+00j  2.19728859e+00+2.80334161e-01j
  7.87002148e-01-1.62706393e+00j -1.31079983e+00-9.33246691e-01j
 -1.18882462e+00+1.20129501e+00j  9.48895214e-01+1.65023128e+00j
  2.07930644e+00-3.43291452e-01j  5.57300124e-01-2.17859781e+00j
 -1.76148763e+00-1.50798187e+00j -2.17000853e+00+8.23369171e-01j
 -4.02960577e-01+2.23175805e+00j  1.59677803e+00+1.49259283e+00j
  2.04933198e+00-4.92029233e-01j  6.62777453e-01-1.94805745e+00j
 -1.35887584e+00-1.53274514e+00j -2.01862274e+00+5.36442137e-01j
 -3.78736294e-01+2.14869420e+00j  1.88422259e+00+1.32293449e+00j
  2.10654930e+00-1.12116002e+00j  6.18150863e-02-2.35572077e+00j
 -1.79049519e+00-1.20584780e+00j -1.67342677e+00+6.19629891e-01j
 -4.29619002e-01+1.19563595e+00j  2.36033328e-01+6.44747529e-01j
 -7.89025435e-03+3.07259994e-01j -1.16208071e-01+7.80748584e-01j
  7.84545514e-01+1.18858303e+00j  1.99338788e+00+2.23702490e-01j
  1.64894127e+00-1.80646353e+00j -6.60503568e-01-2.58179231e+00j
 -2.49964882e+00-7.50158782e-01j -1.62258248e+00+1.58235948e+00j
  5.17613423e-01+1.58437354e+00j  9.05442108e-01-1.00580096e-02j
 -2.89676089e-01-2.91848145e-01j -3.50585385e-01+9.27377303e-01j
  1.17152722e+00+1.07004148e+00j  1.80205539e+00-6.23497950e-01j
  3.66466319e-01-1.86918546e+00j -1.23880712e+00-1.05018834e+00j
 -1.06036764e+00+5.26442635e-01j  2.97145464e-01+7.62779941e-01j
  7.84706574e-01-4.52236884e-01j -3.88620265e-01-1.27598607e+00j
 -1.73654719e+00-2.90435697e-01j -1.31850682e+00+1.54668055e+00j
  5.88055683e-01+1.98990253e+00j  1.75720213e+00+6.16984921e-01j
  1.26505669e+00-6.72901683e-01j  5.73993194e-01-8.20010115e-01j
  5.44491300e-01-1.03213070e+00j -1.54046072e-01-1.89545306e+00j
 -2.10701944e+00-1.64388935e+00j -3.12288408e+00+7.84856776e-01j
 -1.28406736e+00+3.17752191e+00j  1.79270200e+00+2.74853504e+00j
  2.86013294e+00+2.59932012e-03j  1.14936103e+00-1.99120638e+00j
 -1.03377976e+00-1.42399539e+00j -1.31288025e+00+4.84098345e-01j
  2.06061844e-01+1.28444985e+00j  1.38432705e+00+1.33604218e-01j
  6.72505583e-01-1.39332020e+00j -1.08432422e+00-1.31968014e+00j
 -1.81231220e+00+3.26509222e-01j -7.68837800e-01+1.75457045e+00j
  8.91494724e-01+1.69228762e+00j  1.78659823e+00+4.68777102e-01j
  1.50075879e+00-8.95565834e-01j  3.53147661e-01-1.58285290e+00j
 -9.06775776e-01-1.14028694e+00j -1.26735536e+00+1.61958608e-01j
 -3.12770399e-01+1.14997270e+00j  1.05180594e+00+7.69519012e-01j
  1.40310201e+00-6.73838150e-01j  3.13511247e-01-1.79611701e+00j
 -1.29825942e+00-1.55584628e+00j -2.13722617e+00-1.17913077e-01j
 -1.60827435e+00+1.45206152e+00j -1.59499339e-01+2.11832895e+00j
  1.24622855e+00+1.63521268e+00j  1.97595765e+00+4.57827469e-01j
  1.88177428e+00-9.26637617e-01j  8.57809158e-01-2.08293232e+00j
 -9.15976143e-01-2.22478721e+00j -2.29780344e+00-8.37078252e-01j
 -1.99988081e+00+1.11375874e+00j -3.99117560e-01+1.87183152e+00j
  7.47544205e-01+1.14602385e+00j  7.14577809e-01+3.57432393e-01j
  5.37209977e-01+3.46687232e-01j  1.01257337e+00+3.04904131e-01j
  1.42088047e+00-6.04176861e-01j  7.00002762e-01-1.83134707e+00j
 -1.07831914e+00-2.03894835e+00j -2.54739102e+00-4.79819318e-01j
 -2.01875852e+00+1.94978080e+00j  6.13383966e-01+2.86116275e+00j
  2.80982074e+00+8.42690408e-01j  1.92666727e+00-2.05925736e+00j
 -9.68968836e-01-2.38912283e+00j -2.20234148e+00-6.71598437e-02j
 -7.12115793e-01+1.55594932e+00j  8.01741112e-01+8.19867900e-01j
  5.03261081e-01-2.80037785e-01j -1.55747362e-01-3.83632565e-02j
  2.90384616e-01+3.90744747e-01j  7.91500314e-01-2.87534315e-01j
  7.06047823e-02-1.06814919e+00j -9.86309251e-01-5.66862399e-01j
 -8.60929918e-01+5.86336302e-01j  1.86926486e-01+8.10184250e-01j
  6.28992240e-01-4.80707549e-02j -7.77838441e-02-6.15138541e-01j
 -7.79550167e-01-2.99355896e-03j -2.76664159e-01+9.01228191e-01j
  8.81302371e-01+6.10478881e-01j  9.80418873e-01-7.80562792e-01j
 -4.74542483e-01-1.49159175e+00j -1.93042113e+00-3.75926588e-01j
 -1.72159019e+00+1.61436414e+00j  9.72546454e-02+2.69017857e+00j
  2.19949611e+00+1.99509471e+00j  3.20618158e+00-1.49289201e-01j
  2.22710014e+00-2.54497944e+00j -4.42254695e-01-3.38542544e+00j
 -2.78242563e+00-1.67679537e+00j -2.65037772e+00+1.13560963e+00j
 -4.10526578e-01+2.33715870e+00j  1.36061528e+00+1.17315915e+00j
  1.14503717e+00-4.38185532e-01j  2.64556508e-02-7.18313550e-01j
 -3.67478492e-01-2.73461485e-02j  9.65268691e-02+3.81185989e-01j
  6.19533852e-01+9.70006209e-02j  6.92221960e-01-5.59084413e-01j
  1.66065021e-01-1.16042185e+00j -8.11593962e-01-1.17715776e+00j
 -1.53468555e+00-3.35290297e-01j -1.31698269e+00+7.52166039e-01j
 -4.76585129e-01+1.16604323e+00j  8.29818158e-02+8.99041232e-01j
  1.51261564e-01+6.64966985e-01j  2.13712353e-01+7.22192237e-01j
  4.85680305e-01+7.80700468e-01j  8.65200037e-01+7.14647483e-01j
  1.41298933e+00+4.16591467e-01j  1.86905884e+00-5.41597783e-01j
  1.27953486e+00-1.97648501e+00j -5.97781441e-01-2.43828522e+00j
 -2.09412112e+00-9.81273790e-01j -1.52827793e+00+9.01738008e-01j
  7.13472431e-02+1.01051321e+00j  2.73454752e-01-1.36128953e-01j
 -7.72818691e-01-2.50116510e-02j -4.05570559e-01+1.43753444e+00j
  1.77779710e+00+1.26676347e+00j  2.39880635e+00-1.53858113e+00j
 -5.15761820e-01-3.40788509e+00j -3.69903748e+00-1.16831531e+00j
 -2.89103027e+00+2.86052365e+00j  1.07448188e+00+3.83902189e+00j
  3.55459163e+00+9.24117532e-01j  2.29747119e+00-2.21965325e+00j
 -5.16906259e-01-2.57382339e+00j -1.87347130e+00-7.61832607e-01j
 -1.16076244e+00+8.22824417e-01j  1.48132994e-01+8.47256580e-01j
  4.72515758e-01-1.30153847e-01j -3.80619805e-01-5.86922130e-01j
 -1.10600745e+00+2.52663206e-01j -4.66277454e-01+1.41477982e+00j
  1.03635506e+00+1.32801268e+00j  1.71155632e+00-1.16605176e-01j
  7.97496407e-01-1.42800326e+00j -7.55817463e-01-1.33167603e+00j
 -1.48479988e+00-0.00000000e+00j -7.55817463e-01+1.33167603e+00j
  7.97496407e-01+1.42800326e+00j  1.71155632e+00+1.16605176e-01j
  1.03635506e+00-1.32801268e+00j -4.66277454e-01-1.41477982e+00j
 -1.10600745e+00-2.52663206e-01j -3.80619805e-01+5.86922130e-01j
  4.72515758e-01+1.30153847e-01j  1.48132994e-01-8.47256580e-01j
 -1.16076244e+00-8.22824417e-01j -1.87347130e+00+7.61832607e-01j
 -5.16906259e-01+2.57382339e+00j  2.29747119e+00+2.21965325e+00j
  3.55459163e+00-9.24117532e-01j  1.07448188e+00-3.83902189e+00j
 -2.89103027e+00-2.86052365e+00j -3.69903748e+00+1.16831531e+00j
 -5.15761820e-01+3.40788509e+00j  2.39880635e+00+1.53858113e+00j
  1.77779710e+00-1.26676347e+00j -4.05570559e-01-1.43753444e+00j
 -7.72818691e-01+2.50116510e-02j  2.73454752e-01+1.36128953e-01j
  7.13472431e-02-1.01051321e+00j -1.52827793e+00-9.01738008e-01j
 -2.09412112e+00+9.81273790e-01j -5.97781441e-01+2.43828522e+00j
  1.27953486e+00+1.97648501e+00j  1.86905884e+00+5.41597783e-01j
  1.41298933e+00-4.16591467e-01j  8.65200037e-01-7.14647483e-01j
  4.85680305e-01-7.80700468e-01j  2.13712353e-01-7.22192237e-01j
  1.51261564e-01-6.64966985e-01j  8.29818158e-02-8.99041232e-01j
 -4.76585129e-01-1.16604323e+00j -1.31698269e+00-7.52166039e-01j
 -1.53468555e+00+3.35290297e-01j -8.11593962e-01+1.17715776e+00j
  1.66065021e-01+1.16042185e+00j  6.92221960e-01+5.59084413e-01j
  6.19533852e-01-9.70006209e-02j  9.65268691e-02-3.81185989e-01j
 -3.67478492e-01+2.73461485e-02j  2.64556508e-02+7.18313550e-01j
  1.14503717e+00+4.38185532e-01j  1.36061528e+00-1.17315915e+00j
 -4.10526578e-01-2.33715870e+00j -2.65037772e+00-1.13560963e+00j
 -2.78242563e+00+1.67679537e+00j -4.42254695e-01+3.38542544e+00j
  2.22710014e+00+2.54497944e+00j  3.20618158e+00+1.49289201e-01j
  2.19949611e+00-1.99509471e+00j  9.72546454e-02-2.69017857e+00j
 -1.72159019e+00-1.61436414e+00j -1.93042113e+00+3.75926588e-01j
 -4.74542483e-01+1.49159175e+00j  9.80418873e-01+7.80562792e-01j
  8.81302371e-01-6.10478881e-01j -2.76664159e-01-9.01228191e-01j
 -7.79550167e-01+2.99355896e-03j -7.77838441e-02+6.15138541e-01j
  6.28992240e-01+4.80707549e-02j  1.86926486e-01-8.10184250e-01j
 -8.60929918e-01-5.86336302e-01j -9.86309251e-01+5.66862399e-01j
  7.06047823e-02+1.06814919e+00j  7.91500314e-01+2.87534315e-01j
  2.90384616e-01-3.90744747e-01j -1.55747362e-01+3.83632565e-02j
  5.03261081e-01+2.80037785e-01j  8.01741112e-01-8.19867900e-01j
 -7.12115793e-01-1.55594932e+00j -2.20234148e+00+6.71598437e-02j
 -9.68968836e-01+2.38912283e+00j  1.92666727e+00+2.05925736e+00j
  2.80982074e+00-8.42690408e-01j  6.13383966e-01-2.86116275e+00j
 -2.01875852e+00-1.94978080e+00j -2.54739102e+00+4.79819318e-01j
 -1.07831914e+00+2.03894835e+00j  7.00002762e-01+1.83134707e+00j
  1.42088047e+00+6.04176861e-01j  1.01257337e+00-3.04904131e-01j
  5.37209977e-01-3.46687232e-01j  7.14577809e-01-3.57432393e-01j
  7.47544205e-01-1.14602385e+00j -3.99117560e-01-1.87183152e+00j
 -1.99988081e+00-1.11375874e+00j -2.29780344e+00+8.37078252e-01j
 -9.15976143e-01+2.22478721e+00j  8.57809158e-01+2.08293232e+00j
  1.88177428e+00+9.26637617e-01j  1.97595765e+00-4.57827469e-01j
  1.24622855e+00-1.63521268e+00j -1.59499339e-01-2.11832895e+00j
 -1.60827435e+00-1.45206152e+00j -2.13722617e+00+1.17913077e-01j
 -1.29825942e+00+1.55584628e+00j  3.13511247e-01+1.79611701e+00j
  1.40310201e+00+6.73838150e-01j  1.05180594e+00-7.69519012e-01j
 -3.12770399e-01-1.14997270e+00j -1.26735536e+00-1.61958608e-01j
 -9.06775776e-01+1.14028694e+00j  3.53147661e-01+1.58285290e+00j
  1.50075879e+00+8.95565834e-01j  1.78659823e+00-4.68777102e-01j
  8.91494724e-01-1.69228762e+00j -7.68837800e-01-1.75457045e+00j
 -1.81231220e+00-3.26509222e-01j -1.08432422e+00+1.31968014e+00j
  6.72505583e-01+1.39332020e+00j  1.38432705e+00-1.33604218e-01j
  2.06061844e-01-1.28444985e+00j -1.31288025e+00-4.84098345e-01j
 -1.03377976e+00+1.42399539e+00j  1.14936103e+00+1.99120638e+00j
  2.86013294e+00-2.59932012e-03j  1.79270200e+00-2.74853504e+00j
 -1.28406736e+00-3.17752191e+00j -3.12288408e+00-7.84856776e-01j
 -2.10701944e+00+1.64388935e+00j -1.54046072e-01+1.89545306e+00j
  5.44491300e-01+1.03213070e+00j  5.73993194e-01+8.20010115e-01j
  1.26505669e+00+6.72901683e-01j  1.75720213e+00-6.16984921e-01j
  5.88055683e-01-1.98990253e+00j -1.31850682e+00-1.54668055e+00j
 -1.73654719e+00+2.90435697e-01j -3.88620265e-01+1.27598607e+00j
  7.84706574e-01+4.52236884e-01j  2.97145464e-01-7.62779941e-01j
 -1.06036764e+00-5.26442635e-01j -1.23880712e+00+1.05018834e+00j
  3.66466319e-01+1.86918546e+00j  1.80205539e+00+6.23497950e-01j
  1.17152722e+00-1.07004148e+00j -3.50585385e-01-9.27377303e-01j
 -2.89676089e-01+2.91848145e-01j  9.05442108e-01+1.00580096e-02j
  5.17613423e-01-1.58437354e+00j -1.62258248e+00-1.58235948e+00j
 -2.49964882e+00+7.50158782e-01j -6.60503568e-01+2.58179231e+00j
  1.64894127e+00+1.80646353e+00j  1.99338788e+00-2.23702490e-01j
  7.84545514e-01-1.18858303e+00j -1.16208071e-01-7.80748584e-01j
 -7.89025435e-03-3.07259994e-01j  2.36033328e-01-6.44747529e-01j
 -4.29619002e-01-1.19563595e+00j -1.67342677e+00-6.19629891e-01j
 -1.79049519e+00+1.20584780e+00j  6.18150863e-02+2.35572077e+00j
  2.10654930e+00+1.12116002e+00j  1.88422259e+00-1.32293449e+00j
 -3.78736294e-01-2.14869420e+00j -2.01862274e+00-5.36442137e-01j
 -1.35887584e+00+1.53274514e+00j  6.62777453e-01+1.94805745e+00j
  2.04933198e+00+4.92029233e-01j  1.59677803e+00-1.49259283e+00j
 -4.02960577e-01-2.23175805e+00j -2.17000853e+00-8.23369171e-01j
 -1.76148763e+00+1.50798187e+00j  5.57300124e-01+2.17859781e+00j
  2.07930644e+00+3.43291452e-01j  9.48895214e-01-1.65023128e+00j
 -1.18882462e+00-1.20129501e+00j -1.31079983e+00+9.33246691e-01j
  7.87002148e-01+1.62706393e+00j  2.19728859e+00-2.80334161e-01j
  9.13439251e-01-2.44697150e+00j -1.60907499e+00-2.30673566e+00j
 -2.71887174e+00-2.74957211e-01j -1.95041759e+00+1.43790096e+00j
 -7.44113341e-01+1.95729417e+00j  1.87528857e-01+2.01791864e+00j
  1.30284871e+00+1.81826437e+00j  2.35392620e+00+6.52045167e-01j
  2.10032711e+00-1.20175226e+00j  3.81898652e-01-2.08037289e+00j
 -1.11337589e+00-1.15568615e+00j -9.99637421e-01+2.65540437e-01j
 -1.42511751e-02+5.56386309e-01j  2.69411451e-01-4.46375861e-02j
 -2.07658494e-01-1.34896044e-01j -1.48710338e-01+4.83499021e-01j
  7.70644363e-01+4.81835360e-01j  1.11113541e+00-7.17978547e-01j
 -1.38109623e-01-1.62780380e+00j -1.64314328e+00-6.83653238e-01j
 -1.30613544e+00+1.21230444e+00j  6.55859684e-01+1.60830038e+00j
  1.73647721e+00-1.04123459e-01j  5.20733103e-01-1.70019513e+00j
 -1.32979858e+00-1.12764427e+00j -1.38649757e+00+6.74858106e-01j
  1.54497041e-01+1.17058814e+00j  8.50891720e-01-1.04219745e-01j
 -3.07885941e-01-9.13248783e-01j -1.34439357e+00+2.17087288e-01j
 -3.68037738e-01+1.62103726e+00j  1.35279931e+00+1.03973900e+00j
  1.28744962e+00-7.54869810e-01j -3.52534459e-01-1.10892127e+00j
 -9.52288425e-01+3.26108434e-01j  3.46857278e-01+1.10716828e+00j
  1.36637222e+00-7.35507361e-02j  3.95799598e-01-1.37728627e+00j
 -1.15405405e+00-7.27209032e-01j -8.92284121e-01+1.01173630e+00j
  1.00606357e+00+1.23934611e+00j  1.92800843e+00-6.98383702e-01j
  3.26312848e-01-2.48549699e+00j -2.16518130e+00-1.79065365e+00j
 -2.78133894e+00+7.68259358e-01j -1.02044292e+00+2.53966465e+00j
  1.13675788e+00+2.15192244e+00j  2.00726561e+00+6.03480983e-01j
  1.71402421e+00-7.47224957e-01j  8.85798923e-01-1.63517580e+00j
 -4.41374271e-01-1.99107414e+00j -1.94267234e+00-1.20759306e+00j
 -2.37961724e+00+7.38274545e-01j -9.51295842e-01+2.40569934e+00j
  1.31153960e+00+2.19141062e+00j  2.39452685e+00+2.40279918e-01j
  1.45022872e+00-1.62661751e+00j -4.19323489e-01-1.86545987e+00j
 -1.51169749e+00-6.36009937e-01j -1.18027332e+00+7.32239082e-01j
 -6.02669421e-02+1.17304431e+00j  8.09325277e-01+5.93818030e-01j
  8.10208103e-01-3.27262707e-01j  1.31232071e-01-7.54971429e-01j
 -4.51797571e-01-4.61757716e-01j -4.92336473e-01-1.80078436e-02j
 -3.68284669e-01+1.22308896e-01j -4.11768363e-01+2.72890970e-01j
 -2.18893515e-01+6.38565749e-01j  3.79039717e-01+6.30971084e-01j
  6.14803829e-01+8.43553120e-04j  8.64244742e-02-3.94689122e-01j
 -3.81418594e-01-1.22125678e-02j -2.04364723e-01+4.53358960e-01j
  6.52817899e-02+5.43176392e-01j  2.62203248e-01+7.90045677e-01j
  1.16261164e+00+1.00889982e+00j  2.40195982e+00-1.26432339e-01j
  1.94642841e+00-2.49275323e+00j -8.45683954e-01-3.52558046e+00j
 -3.42188366e+00-1.46729617e+00j -2.97251204e+00+1.85684004e+00j
 -3.81836365e-02+3.10441517e+00j  2.27409156e+00+1.40811520e+00j
  2.06195563e+00-1.03627036e+00j  3.16637987e-01-1.98148178e+00j
 -1.06154462e+00-1.40145000e+00j -1.57151895e+00-4.48916025e-01j
 -1.64522488e+00+5.21858079e-01j -1.07490503e+00+1.59960497e+00j
  3.73335782e-01+1.95686170e+00j  1.49246364e+00+8.75926647e-01j
  1.01229676e+00-3.79676731e-01j  5.19242567e-02-1.05080096e-01j
  6.39268021e-01+7.62982815e-01j  2.03066830e+00-1.39241611e-01j
  1.45949962e+00-2.40977992e+00j -1.31573039e+00-2.95445461e+00j
 -3.22619327e+00-6.15875689e-01j -2.20451817e+00+2.11746513e+00j
  3.31552675e-01+2.66578863e+00j  1.94778384e+00+1.23365395e+00j
  1.94640934e+00-4.98936436e-01j  9.93052178e-01-1.54630224e+00j
 -2.37685792e-01-1.75563771e+00j -1.28015919e+00-1.20773651e+00j
 -1.76395251e+00-1.77228402e-01j -1.56164067e+00+9.41334686e-01j
 -6.79073789e-01+1.80068203e+00j  7.52038627e-01+1.89000579e+00j
  1.94443808e+00+7.15635689e-01j  1.63271057e+00-1.13498951e+00j
 -2.71105601e-01-1.81000891e+00j -1.74772858e+00-2.60120382e-01j
 -7.53636628e-01+1.82100554e+00j  1.78754977e+00+1.58500659e+00j
  2.58284565e+00-1.14256595e+00j  2.04034292e-01-3.11087936e+00j
 -2.68092083e+00-1.72128120e+00j -2.65932337e+00+1.39969704e+00j
 -1.05531354e-01+2.58556535e+00j  1.63717289e+00+1.09194640e+00j
  1.12510229e+00-4.31377839e-01j  2.79739777e-01-3.43507599e-01j
  5.90135824e-01-8.92375467e-02j  7.45574037e-01-9.36658066e-01j
 -4.60473166e-01-1.48914880e+00j -1.54472461e+00-3.93080573e-01j
 -9.22798971e-01+9.30661493e-01j  1.77928950e-01+7.57150986e-01j
  5.41043378e-02+1.40167414e-01j -2.48401242e-01+6.95220311e-01j
  9.26481764e-01+1.21733860e+00j  2.22447515e+00-2.54685952e-01j
  1.16810527e+00-2.47528791e+00j -1.50515411e+00-2.48252986e+00j
 -2.66804638e+00-1.89767386e-01j -1.36145474e+00+1.57257367e+00j
  2.56199284e-01+1.20119926e+00j  2.80083196e-01+3.67894822e-02j
 -7.23742092e-01+1.68287309e-02j -9.24641996e-01+1.27190739e+00j
  4.89546093e-01+2.18744281e+00j  2.31670087e+00+1.28357603e+00j
  2.57187318e+00-9.10775881e-01j  9.63792324e-01-2.27441618e+00j
 -6.81403370e-01-1.83782174e+00j -1.13259580e+00-8.99873211e-01j
 -1.29437487e+00-4.98311325e-01j -1.81202432e+00+2.92703358e-01j
 -1.32469852e+00+1.91021259e+00j  8.30623173e-01+2.42323418e+00j
  2.37040122e+00+5.42123393e-01j  1.23222323e+00-1.51268005e+00j
 -8.03502190e-01-1.03541189e+00j -6.50139935e-01+8.33190841e-01j
  1.23802961e+00+8.67705656e-01j  1.67619375e+00-1.16236229e+00j
 -2.53462918e-01-2.29077225e+00j -2.03652308e+00-9.57060368e-01j
 -1.65140121e+00+1.02468588e+00j -7.30988236e-02+1.50756228e+00j
  8.13457697e-01+7.08179531e-01j  7.64398935e-01-2.21929140e-02j
  5.62628257e-01-3.66535242e-01j  3.00395705e-01-7.38276176e-01j
 -3.73332601e-01-9.21298168e-01j -1.06762511e+00-3.84503230e-01j
 -1.01580075e+00+5.41655762e-01j -3.15014236e-01+9.91467230e-01j
  2.86754563e-01+8.35413784e-01j  6.20458665e-01+5.67729242e-01j
  9.84515202e-01+1.44218213e-01j  9.65259634e-01-7.88014344e-01j
 -1.73121652e-01-1.50248308e+00j -1.67001513e+00-6.37231358e-01j
 -1.51006670e+00+1.41390357e+00j  6.40407384e-01+2.20997719e+00j
  2.32520734e+00+5.25889273e-01j  1.54192103e+00-1.59643033e+00j
 -3.40096658e-01-1.72290912e+00j -8.56465105e-01-5.82549383e-01j
 -3.77986911e-01-4.40253123e-01j -1.05068019e+00-9.59932252e-01j
 -2.47179917e+00+2.10357506e-01j -1.77602237e+00+2.85645372e+00j
  1.50476380e+00+3.60427559e+00j  3.91620311e+00+8.92546514e-01j
  2.78888653e+00-2.41999951e+00j -1.73978524e-01-3.01712846e+00j
 -1.73015490e+00-1.30938652e+00j -1.33001672e+00+1.50640213e-01j
 -5.91973093e-01+4.31809653e-01j -3.18508053e-01+3.58075545e-01j
 -1.51219357e-01+3.50650046e-01j -6.75554460e-02+2.17516058e-01j
 -2.79585357e-01+2.58512340e-01j -2.41462853e-01+8.40918686e-01j
  7.29090568e-01+1.28947321e+00j  2.08652254e+00+4.66475590e-01j
  2.28186072e+00-1.61993837e+00j  4.07702973e-01-3.37490104e+00j
 -2.51722599e+00-2.89917082e+00j -3.97650672e+00-4.58551260e-02j
 -2.43223151e+00+2.74491885e+00j  4.13214917e-01+2.80311843e+00j
  1.31001462e+00+7.76237806e-01j -8.35494299e-02-1.02177926e-02j
 -6.17127724e-01+1.55881739e+00j  1.49368759e+00+2.59021041e+00j
  3.77779207e+00+5.84760469e-01j  3.04052982e+00-2.79948253e+00j
 -3.62394532e-01-4.00699822e+00j -3.20542821e+00-1.80961430e+00j
 -2.84135342e+00+1.72213401e+00j  4.48688989e-01+3.13441747e+00j
  3.25538032e+00+6.96717665e-01j  2.05753603e+00-3.04892517e+00j
 -2.06612021e+00-3.34518168e+00j -3.84784731e+00+4.64861413e-01j
 -9.61836342e-01+3.33488674e+00j  2.35577223e+00+1.62254821e+00j
  1.66582624e+00-1.58582656e+00j -1.15927440e+00-1.58584358e+00j
 -1.55604686e+00+8.17145493e-01j  5.04146918e-01+1.41322304e+00j
  1.20396303e+00-4.73424047e-01j -7.28831928e-01-1.37984387e+00j
 -2.20963473e+00+6.53243635e-01j -4.64141887e-01+3.12512432e+00j
  2.99127899e+00+2.46908645e+00j  4.14131367e+00-1.22800281e+00j
  1.42413422e+00-4.18353871e+00j -2.42218559e+00-3.43099660e+00j
 -3.76524702e+00-7.33667160e-02j -2.00579323e+00+2.59092052e+00j
  7.59898782e-01+2.78815341e+00j  2.50014479e+00+1.02433521e+00j
  2.35605377e+00-1.33703612e+00j  4.57777022e-01-2.77819363e+00j
 -1.87783464e+00-2.19401334e+00j -2.82814770e+00-5.99974778e-02j
 -1.86428774e+00+1.85955824e+00j -1.45939780e-02+2.37823564e+00j
  1.53659836e+00+1.49109102e+00j  1.91434702e+00-2.77638435e-01j
  5.93327960e-01-1.67298893e+00j -1.36086427e+00-1.10209942e+00j
 -1.57089717e+00+9.83513826e-01j  2.93348181e-01+1.83649733e+00j
  1.48348321e+00+4.20417232e-01j  4.66544144e-01-7.22845395e-01j
 -4.52198023e-01+2.38658604e-01j  7.84632540e-01+1.17770718e+00j
  2.22437221e+00-2.45153876e-01j  1.17433029e+00-2.40178397e+00j
 -1.32922601e+00-2.32347795e+00j -2.34823321e+00-2.37956634e-01j
 -1.32520824e+00+1.39842141e+00j  1.45071653e-01+1.57521716e+00j
  1.12439405e+00+9.27839249e-01j  1.54150164e+00-1.55719360e-01j
  1.02589446e+00-1.37954938e+00j -3.72185151e-01-1.75105410e+00j
 -1.40621904e+00-8.36212732e-01j -1.22274215e+00+2.37096562e-01j
 -6.50941808e-01+4.53624298e-01j -6.22357217e-01+3.99415354e-01j
 -6.23699682e-01+8.35418269e-01j -5.38452491e-03+1.20368911e+00j
  6.31816851e-01+8.93336372e-01j  7.37134594e-01+5.09518653e-01j
  9.76837373e-01+4.60652527e-01j  1.62057811e+00-1.61647729e-01j
  1.34089652e+00-1.69032908e+00j -6.11307385e-01-2.39302072e+00j
 -2.38838640e+00-7.94391491e-01j -1.72061877e+00+1.61073793e+00j
  6.83884364e-01+1.99569609e+00j  1.88211754e+00+6.81581931e-02j
  6.45320791e-01-1.57155943e+00j -1.09373204e+00-1.02921086e+00j
 -1.12682942e+00+5.62358521e-01j  1.77975622e-01+1.00676991e+00j
  8.81782934e-01+5.05189542e-02j  3.06693424e-01-7.75999510e-01j
 -4.82138915e-01-5.81312097e-01j -5.66155902e-01+3.15678069e-03j
 -2.39466237e-01+1.53868594e-01j -1.96383073e-01-6.13923144e-02j
 -5.29635149e-01-4.27990215e-02j -6.91171141e-01+4.71095769e-01j
 -1.96880713e-01+9.97460818e-01j  6.26074315e-01+7.97158581e-01j
  8.32158719e-01-9.22468987e-02j  5.19155220e-02-6.69583091e-01j
 -8.98457793e-01-1.16093225e-01j -8.39511836e-01+1.23082625e+00j
  6.38747655e-01+2.10013617e+00j  2.62010907e+00+1.22644142e+00j
  3.17678537e+00-1.32956053e+00j  1.19774555e+00-3.49471446e+00j
 -1.75477176e+00-3.07684710e+00j -2.92710399e+00-6.60791394e-01j
 -1.91082565e+00+1.14165076e+00j -6.59400710e-01+1.35786939e+00j
 -1.11598683e-01+1.19268624e+00j  4.76548111e-01+1.12314374e+00j
  1.02316798e+00+4.59977709e-01j  6.12109252e-01-3.00179025e-01j
 -2.97957527e-02+8.74916167e-02j  7.02439679e-01+7.74276042e-01j
  1.90937087e+00-2.82188565e-01j  9.88355937e-01-2.27173015e+00j
 -1.59196550e+00-1.96352669e+00j -2.05922591e+00+8.17395822e-01j
  6.40813647e-01+2.02340749e+00j  2.58177414e+00-3.44344476e-01j
  9.88437512e-01-2.91139507e+00j -1.65299364e+00-2.53606338e+00j
 -2.40619807e+00-7.10216302e-01j -1.96209519e+00+3.84688065e-01j
 -1.44283493e+00+1.04138230e+00j -6.02421336e-01+1.37254202e+00j
 -7.00188775e-02+1.16773080e+00j  3.86166637e-01+1.65223765e+00j
  2.82691330e+00+1.59051567e+00j  4.68217871e+00-2.38604521e+00j
  1.12030385e+00-6.23239795e+00j -1.54459254e+00-4.08648643e+00j
  3.53964569e+00-7.08905835e+00j -3.71905218e+00-2.57888280e+01j
 -4.50531565e+01-2.83381827e+01j -8.02008219e+01+2.93187776e+01j
 -3.36998481e+01+1.11221035e+02j  8.24288732e+01+1.11333917e+02j]
