Frame: 29
X_framed shape: (1024,)
X_framed dtype: complex128
X_framed:
[-2.84995273e+02-0.00000000e+00j  1.95871672e+02+1.48168880e+02j
 -5.19038672e+01-5.23161664e+01j -5.92149146e+00-7.09443057e+00j
  9.31369928e+00-6.91145366e-01j -7.56959415e+00+8.90175406e-01j
  2.22596683e+00-3.01720160e+00j -1.66114691e+00+2.44462923e+00j
  3.82297483e+00-4.04237783e+00j -3.44230373e+00+4.21292134e-01j
  3.81712854e+00+9.56669016e-01j -2.98494723e+00+7.09339624e-01j
  8.12814956e-01+2.33870389e-01j -7.15083258e-01-1.00910537e+00j
 -1.48376435e-01+2.29975048e-01j  2.40789738e+00-2.44060156e+00j
 -1.85620049e+00+4.74702650e+00j -9.00514434e-01-2.12343978e+00j
  2.32104239e+00-1.61252127e+00j -1.13896596e+00+1.00138481e+00j
  1.93690871e+00+3.63771666e-01j -2.61474929e+00-2.59899517e+00j
 -1.21622149e+00+3.09030326e+00j  3.10077692e+00+1.18380002e-01j
 -1.63161606e+00+2.95833505e-01j -7.78805467e-03-4.67729641e-01j
  2.36406219e+00-1.60275835e+00j -3.17584038e+00-1.83414554e+00j
  2.07741809e+00+5.58633630e+00j -5.49596668e-02-4.69053789e+00j
 -1.75667909e+00+4.41455542e+00j  1.47108368e+00-3.94650256e+00j
 -6.50692940e-01+3.83441350e-01j  1.93126824e+00+3.09546706e-01j
 -3.79808478e+00+2.43253496e+00j  3.20871099e+00-2.88600632e+00j
 -9.98116865e-01+4.31576386e+00j  4.52855861e-01-7.71325451e+00j
 -6.21085563e-01+7.39683165e+00j -6.46956995e-01-3.13660549e+00j
  2.04502731e+00-9.91491181e-01j -3.06962464e+00+2.15942694e+00j
  2.83038298e+00-1.70559691e+00j -1.46362509e+00+2.44381159e+00j
  9.07731435e-01-1.79129220e+00j -1.88793651e+00+9.69448078e-01j
  2.36861707e+00-1.83027296e+00j -1.26352173e+00+9.06364899e-01j
  1.54638153e-01-3.79786698e+00j -8.36863439e-01+8.18198489e+00j
  2.24965004e+00-3.65449353e+00j  1.07803464e-02-1.46523097e+00j
 -3.06713763e+00+8.41986006e-01j  2.17339199e+00-1.16978527e+00j
  1.85252880e+00+3.43247852e+00j -3.76938288e+00-4.83865735e+00j
  1.85042891e+00+4.21927044e+00j -2.08837985e+00-1.60711418e+00j
  3.28992069e+00-7.92047805e-01j  7.72779330e-02+3.15845821e+00j
 -3.03820586e+00-5.32708894e+00j  2.21217741e+00+4.86854970e+00j
 -2.72401590e+00-1.64223213e+00j  4.23272102e+00-5.22594730e-01j
 -2.77718397e+00-2.29370365e+00j  6.30051847e-02+5.83577158e+00j
 -5.17364984e-01-4.12175788e+00j  3.72203894e-02-1.22765748e+00j
  2.47775018e+00+5.08522269e+00j  3.72234574e-01-5.87888485e+00j
 -3.73969245e+00+3.64306098e+00j  3.00010915e+00-1.63405812e+00j
 -2.83674444e+00+4.00809279e-01j  1.55585819e+00+1.20891533e+00j
  8.48211577e-01-8.75121478e-01j -1.38715352e+00+7.97270350e-01j
  2.01563274e+00+3.07270695e-01j -2.71854511e+00-3.68902988e+00j
  3.22932646e+00+4.53997028e+00j -4.16052263e+00-3.24111383e+00j
  3.53048846e+00+5.51657173e+00j -2.41072412e+00-8.16286126e+00j
  1.04235666e+00+4.04935339e+00j  2.30193984e+00+2.60375193e+00j
 -4.56561081e+00-4.50136872e+00j  2.91407436e+00+1.14065917e+00j
  9.12827480e-01+2.53131522e+00j -6.50378612e-01-1.91395562e+00j
 -3.77048162e+00-7.27909151e-01j  4.89049081e+00+1.73223560e+00j
 -2.33457380e+00-3.46003022e+00j  1.32656648e+00+5.20761456e+00j
 -3.32724141e+00-2.48703331e+00j  3.88177718e+00-3.05623080e+00j
 -9.33514680e-01+3.64527739e+00j -1.47238533e+00+3.46813938e-02j
  1.04049921e+00-1.46256817e+00j  9.55294626e-01+2.46775601e+00j
 -3.01406426e+00-5.09217947e+00j  2.24384762e+00+6.24100215e+00j
 -2.05806420e+00-4.26766585e+00j  2.36598081e+00+2.28141372e+00j
  1.35340016e+00-6.96553625e-01j -7.93477106e-01-7.66998310e-01j
 -1.81934063e-01+1.06934293e+00j -4.55069148e+00+1.09717322e+00j
  4.81697366e+00-2.15584405e+00j -2.72990009e+00-1.24643808e+00j
  4.07261660e+00+1.36875154e+00j -3.22427078e+00+4.86233045e-01j
 -2.23788016e-02+2.41246613e-01j  4.95391959e-01+3.10262383e-01j
 -7.49753944e-01-3.35224519e-01j  1.92919467e+00-1.82112183e+00j
 -3.86443638e-01+5.66522060e-01j -1.01207808e+00+3.54474233e+00j
  1.35516778e+00-3.20326522e+00j -6.53510782e-01+2.34598661e-01j
 -2.17270088e+00+1.87825659e-02j  2.03619671e+00+1.26225015e+00j
 -1.23207905e+00-1.05953459e+00j  2.83198012e+00-4.07506151e-01j
 -2.08773602e+00+2.54531540e+00j -1.19857778e+00-5.79670864e+00j
  3.79669846e+00+4.22457264e+00j -4.21724817e+00+2.54037561e-01j
  3.66983013e+00-1.32414264e+00j -2.04453592e+00+1.95326194e+00j
 -7.51389691e-01-2.05738795e+00j  2.19079541e+00+2.91284132e+00j
 -3.22769980e+00-2.00062238e+00j  2.30927544e+00-1.50755503e+00j
 -1.65199379e+00+1.20462851e+00j  5.95231013e+00+4.66028500e-01j
 -6.92404456e+00-5.07544760e-01j  2.07830304e+00+2.69137788e+00j
  1.71098720e+00-3.20752626e+00j -2.80495689e+00-2.48896968e+00j
  3.34268554e+00+6.44991007e+00j -3.54463086e+00-4.90927022e+00j
  3.63582419e+00+1.73048547e+00j -3.87669330e+00-1.25868370e+00j
  3.86277088e+00+2.58617824e+00j -3.46103479e+00-4.93608568e-01j
  2.06823669e+00-1.46230531e+00j -8.88808238e-01-1.14002310e+00j
 -5.07651881e-01+2.46968188e+00j  1.86081889e+00-2.75415269e+00j
 -1.30480236e+00+4.62915491e+00j  6.63895600e-01-2.97799096e+00j
 -4.28882620e-01+9.89706876e-01j -1.01971359e+00-2.83137655e+00j
  3.43032546e+00+3.91918930e+00j -2.36411989e+00-3.34776434e+00j
 -3.65303715e+00+2.97728803e+00j  5.67214026e+00-2.13774947e+00j
 -1.17145602e+00+1.01951231e+00j -2.42747800e+00+4.29865874e-01j
  2.74519600e+00-7.72489819e-01j -2.26702133e+00-2.09872565e+00j
 -3.39908895e-01+2.96221630e+00j  3.23407234e+00-1.74723288e+00j
 -2.23769119e+00+1.04176844e+00j  3.33271729e-01+1.26884548e+00j
 -1.73603718e-01-1.91125148e+00j  1.00828771e+00+8.36677215e-01j
 -2.73617976e+00+8.11925441e-01j  3.86562163e+00-2.38432808e+00j
 -2.17972557e+00+1.81150705e+00j -2.47650009e-02-2.23118445e+00j
  7.12035812e-02+3.24407040e+00j  1.21097013e+00-5.23575660e-01j
 -1.35871454e+00-3.20896154e+00j  4.54623323e-01+1.62198617e+00j
  1.38242079e+00+1.97684465e+00j -4.82624023e+00+2.76647856e-01j
  3.19636018e+00-1.99530173e+00j -4.16388363e-01-2.35737602e-01j
  3.62819565e+00+7.97189908e-01j -4.95520784e+00-1.15860990e+00j
  1.89338326e+00+3.19515373e-01j  1.73863313e-01+1.32209066e+00j
  1.20816324e+00-4.73731350e-01j -1.03975528e+00+7.61921085e-01j
 -3.84186582e-01-3.89498933e+00j -6.57087721e-01+5.08654374e+00j
  7.10843691e-02+5.95049674e-01j  2.23145480e+00-8.02610079e+00j
 -2.74175848e+00+6.80996750e+00j  1.06499656e+00-3.02272995e+00j
 -5.36155375e-01+3.93667659e+00j  1.33470040e-01-3.51365856e+00j
  3.54101196e+00+1.26298180e+00j -3.49749043e+00-2.03154326e+00j
 -5.98242017e-01+3.89996387e+00j -3.85025106e-01-1.97664229e+00j
  2.39290682e+00-5.77580604e-01j -2.99334947e+00-8.15504682e-01j
  4.19326915e+00+2.20225437e+00j -3.56060689e+00-7.46281300e-01j
  4.98885123e+00+1.12702929e+00j -7.21401499e+00-1.60977454e+00j
  6.27868478e+00+1.49192894e-01j -3.38468696e+00-8.62599634e-01j
 -1.38997985e-01-5.83776287e-01j  3.95881037e+00+3.24452277e+00j
 -5.81773622e+00+3.44479957e-01j  4.61438065e+00-5.27878886e+00j
 -3.94726238e+00+5.38807581e+00j  1.84774231e+00-4.88784893e+00j
 -1.05028128e-01+3.84255000e+00j -4.21316701e-01+7.17264373e-01j
 -8.62497128e-01-3.03674307e+00j  3.59406392e+00+1.91482837e+00j
  8.15726395e-01-2.57244783e+00j -5.55709648e+00+4.40783904e+00j
  4.04084648e+00-2.03724840e+00j -2.15772031e-01-2.63747463e+00j
 -3.83481244e+00+8.16360932e-01j  5.32157485e+00+3.74114374e+00j
 -3.91329188e+00-1.75190890e-01j  3.60809528e-01-3.61333670e+00j
  2.07038994e+00+2.56725309e-01j -2.16734672e+00+1.47583572e+00j
  3.27759037e+00-2.01224519e-02j -2.55677255e+00-5.91740093e-01j
  7.25387850e-01-3.45594866e-01j -3.60375704e-01+2.16996299e+00j
 -4.43430364e-01-3.47271611e+00j -9.25030789e-01+4.13155819e+00j
  1.32461237e+00-4.09854538e+00j  1.11137120e+00+2.99951335e+00j
 -2.35952644e+00-1.82148200e+00j  3.18304499e+00-4.01933059e-01j
 -2.87343347e+00+3.47718856e+00j  1.94797661e+00-4.49140677e+00j
 -2.37881896e+00+3.11483494e+00j  3.05533561e+00-6.75476917e-01j
 -4.69797315e+00-3.18235687e-01j  3.60697777e+00-7.19756234e-01j
  8.47052966e-01+2.58299659e+00j -2.12985442e+00-3.22139124e+00j
  3.36141761e+00+2.39524678e+00j -5.12407822e+00-3.43832423e-01j
  3.55622833e+00-1.40221157e+00j -3.04065883e-01+4.04330831e-01j
 -1.83129036e+00+2.06367617e-01j  1.76034626e+00-1.54647445e+00j
 -1.89097860e+00+3.21422906e+00j  3.10996968e+00+1.40414351e+00j
 -2.56323333e+00-7.03386307e+00j  1.46508825e+00+3.96712069e+00j
 -1.61799637e+00+6.07604052e-01j -3.52820401e-01+1.20057357e+00j
  2.29049312e+00-3.54920521e+00j -2.30968751e+00+3.58932380e+00j
  3.42583295e+00-3.32957076e+00j -2.82833231e+00+1.73773531e+00j
  1.44932749e+00+1.11139339e+00j -1.82793665e+00-1.63592956e+00j
  1.06727466e+00+4.65226660e-01j  3.57195134e-01-1.70137189e+00j
 -1.85852394e+00+1.28767642e+00j  2.74678467e+00+2.31421110e-01j
 -2.45835078e+00+1.47035574e+00j  5.59149471e-01-3.34880509e+00j
  1.36041096e+00+1.58044202e+00j  7.25413751e-01+3.38301387e+00j
 -3.06468898e+00-3.44051114e+00j  7.39187725e-01-1.31330486e+00j
  9.51683631e-01+2.57596767e+00j  3.68735457e-03+1.41090665e+00j
  6.25228966e-01-6.67041931e+00j -1.91642202e+00+7.48846611e+00j
  3.87809548e-01-5.30786591e+00j  2.17532550e+00+4.68686747e+00j
 -1.62200296e+00-5.73848649e-01j -1.02469372e+00-4.17201371e+00j
  3.31172776e+00+7.56834014e-01j -3.30230999e+00+2.80278994e+00j
  3.33867061e+00+7.45679351e-01j -5.15273611e+00-5.19446948e+00j
  2.19005390e+00+4.37454925e+00j  2.64206934e+00-2.95304781e+00j
 -1.27502148e+00+4.10844655e+00j -8.46213078e-01-2.97746173e+00j
  8.95604630e-01+2.25762055e+00j -2.31699739e+00-3.50488459e+00j
  2.70794940e+00+4.53058392e+00j  5.05978745e-01-3.94432458e+00j
 -8.37215803e-01+1.30158492e-01j -9.20681303e-01-6.72053998e-02j
 -2.78308920e+00+3.73058045e+00j  2.95962596e+00-9.71923120e-01j
  9.81795943e-01-3.49135029e+00j -8.26122813e-01+1.55774371e+00j
  2.48629629e+00-1.18117130e+00j -4.89921853e+00+4.61364958e+00j
  3.43308498e+00-4.42789341e+00j -1.04737657e+00+1.09430465e+00j
 -7.85123662e-02+1.11557306e+00j -1.32097531e+00-2.78543729e+00j
  7.34377337e-01+3.85884535e+00j  2.50496147e-01-1.46786920e+00j
  2.89934078e+00-3.92860480e-01j -2.60371602e+00-1.28767468e+00j
 -9.97199693e-01+2.16612357e+00j  2.02207784e+00+6.70005499e-01j
 -2.29921258e+00-3.26470359e+00j  3.01587045e+00+4.17938863e-01j
 -3.11671709e+00+2.15995739e+00j  2.99906388e+00+9.24194715e-01j
 -2.08400874e+00-3.62060116e+00j -1.29036087e+00+1.74916988e+00j
  3.73083524e+00+7.63532220e-01j -3.31342475e+00+8.00546090e-02j
  1.64204515e+00-3.04425813e+00j  2.75667111e-01+4.30541735e+00j
  2.37293588e-01-2.35086779e+00j -2.87005221e+00-1.42398714e+00j
  2.71485360e+00+3.48235141e+00j  5.69444999e-01-2.09141742e+00j
 -4.99823818e-01+1.61922870e+00j -1.33795145e+00-3.19279213e+00j
  7.21240563e-01+4.40610514e+00j -5.92768723e-01-2.88252073e+00j
  1.97138771e+00+1.15318859e+00j -1.52768861e+00-3.36029037e+00j
 -2.10073115e+00+1.81438436e+00j  3.38200956e+00+1.39439698e+00j
 -1.35343887e+00+2.24195621e+00j -1.15819842e+00-5.62223590e+00j
  4.84368761e+00+4.25316279e+00j -5.72574387e+00-2.47829436e+00j
  2.51882132e+00+8.66090697e-01j -1.72710062e-01+2.23726083e+00j
 -1.56351179e+00-4.21795069e+00j  1.77967035e+00+2.59662086e+00j
 -9.51421918e-02-1.75645727e-01j  2.34895171e+00+2.17411876e+00j
 -3.86566067e+00-3.98386640e+00j  8.00490870e-01+6.46916786e-01j
  2.20436524e+00+8.97440558e-01j -2.37405251e+00-3.63093106e-01j
  7.31650872e-01+1.53295233e+00j -1.08053546e+00-1.31488336e+00j
  1.60116386e+00-1.96865990e+00j -2.87475940e+00+4.14253367e+00j
  4.31827907e+00-2.21706165e+00j -1.71374301e+00-6.09988202e-01j
  1.81233049e-01+7.47694614e-01j -2.58963336e+00+9.27721095e-01j
  4.16072557e+00-2.16731663e+00j -4.27555990e+00+1.24349735e+00j
  2.94504504e+00-5.05875035e-01j -3.74619634e-02+1.74933337e+00j
 -2.00176877e+00-1.01067010e+00j  2.56986764e+00-3.37268015e-01j
 -2.62934937e+00-4.60457479e-01j  2.53714406e+00+1.39500491e+00j
 -1.56071876e+00-2.88700546e+00j  1.24840853e+00+3.84620811e+00j
 -1.59671142e+00-2.18742969e+00j  1.19148503e+00+3.23527972e-01j
 -1.22660998e+00+2.13693353e+00j -6.74472992e-01-3.71306978e+00j
  1.91304547e+00+8.84177201e-01j  6.59895423e-01-6.36050149e-02j
 -3.50584783e-01+1.44575123e+00j -4.12977238e+00+2.95701467e+00j
  5.85721190e+00-6.96549524e+00j -3.66861999e+00+3.54228517e+00j
  1.60517959e+00+1.46752951e+00j  4.72044359e-02-2.09966714e+00j
  1.02956024e+00+5.36726268e-01j -1.46064009e+00-1.01074994e+00j
 -1.45840786e+00+2.66791688e+00j  4.04280070e-01-2.55389496e+00j
  1.69686430e+00+1.30698608e+00j -7.42431939e-01-2.82537595e-01j
  2.70848398e-01-1.86917418e-02j -5.81570495e-01-3.52284135e-01j
 -5.49582478e-01-6.31608898e-01j  1.10333827e+00-1.89850694e-01j
 -8.80832931e-01+1.93498006e+00j  2.45029188e+00-2.07837905e+00j
 -2.22259958e+00+3.03402869e+00j  3.51278332e-01-9.17848064e-01j
 -1.70839778e+00-8.91898184e-01j  4.84406515e+00+7.54747414e-01j
 -3.56544159e+00-5.20586040e+00j -1.30324275e+00+7.43432046e+00j
  6.30879808e+00-3.87126258e+00j -8.09321944e+00+1.98319755e+00j
  3.58336390e+00-2.98270873e+00j  1.30595016e-01+4.14984011e+00j
 -5.79991339e-01-6.03949054e+00j  2.24965912e+00+5.44524656e+00j
 -2.34030874e+00-7.49835090e-01j  3.86832472e-01-2.20519508e+00j
  7.96357323e-01+3.87957292e+00j -4.10785174e+00-4.30971815e+00j
  4.61827501e+00+9.36232693e-01j  1.23585039e+00+1.01090277e+00j
 -4.81713259e+00-1.87427141e+00j  4.89275502e+00+4.72860122e+00j
 -4.86473798e+00-4.32254006e+00j  4.43825052e+00+4.06092271e+00j
 -1.58178049e+00-4.82997115e+00j -1.58691418e+00+1.33306891e+00j
  1.15976298e+00+1.49023444e+00j  5.99285065e-01-2.03924873e+00j
 -3.23093099e-01+2.02567888e+00j -1.06908312e+00-1.88545718e+00j
 -3.79199225e-01-8.80755568e-01j  1.94928070e+00+4.80197417e+00j
  1.33439548e+00-3.04555949e+00j -3.32305730e+00-2.31804199e-01j
  2.15483247e-01+2.07265114e+00j -1.65878773e-01-4.01343277e+00j
  1.10812537e+00+3.57520653e+00j  2.17048328e+00-2.34857135e+00j
 -1.82091672e+00+1.60155704e-01j -4.69473172e-01+1.61442172e+00j
  1.41944319e+00+6.82781346e-02j -5.78508691e+00-1.36761652e+00j
  6.21602463e+00+1.23625297e+00j -1.39248774e+00-3.90079892e-01j
  2.07519409e+00-1.16843284e+00j -4.43897927e+00+9.94772763e-01j
  1.38268180e+00+4.85361731e-02j  2.01814667e+00-3.66645325e-01j
 -9.48530511e-01+1.69663221e+00j -3.47045002e+00-2.97394027e+00j
  6.78600712e+00+2.24270559e+00j -7.68136195e+00+9.43978836e-01j
  7.80465146e+00-3.13421980e+00j -5.48958808e+00+1.91042009e+00j
  3.62961017e-01+1.59668125e+00j  1.85989257e+00-4.48654130e+00j
  1.99057942e+00+2.40843895e+00j -3.51494185e+00+1.99932654e+00j
  4.92104136e-02-3.38648996e+00j  2.72918154e+00+7.34835668e-01j
 -2.67961318e+00+1.45523863e+00j  2.86079828e-01-1.54326030e+00j
  6.68786060e-01+2.40722021e+00j  9.38707504e-01-3.05358213e+00j
 -2.24738950e+00+6.16031810e-01j  5.72580401e-01+2.25990437e+00j
  8.61292452e-01+8.06982443e-01j  5.15392981e-01-4.97519009e+00j
 -2.14276378e+00+3.41489912e+00j  4.68472221e+00-5.59295115e-01j
 -2.93410386e+00-1.97950993e+00j -3.64567764e+00+2.60459837e+00j
  5.54072121e+00+1.51543984e+00j -3.28219833e+00-3.57109561e+00j
  2.29707173e-01+1.38165891e+00j -1.78245265e+00-1.49874639e+00j
  3.80809674e+00+3.60253944e+00j  6.19808164e-01-3.81234948e+00j
 -2.30412703e-01+3.77447949e+00j -2.41311746e+00-5.59325040e+00j
 -7.88954909e-01+7.24494970e+00j  2.23132020e+00-3.74259290e+00j
 -9.58667888e-01-1.82105809e+00j  2.16247080e+00+2.33775087e+00j
 -2.46194881e+00+3.55999505e-01j -1.34514504e+00-2.26373582e+00j
  3.77348979e+00-2.88059502e-01j -2.37160951e+00+3.62332724e+00j
  8.13880413e-01-1.34858527e+00j -1.20097113e+00-3.64764913e+00j
  2.33824299e+00+3.48447997e+00j -3.09525334e+00+2.26525773e+00j
  1.83681693e+00-3.50510683e+00j  1.13886233e+00-2.56096950e-01j
 -1.59182767e+00+1.68405440e+00j  1.16783571e+00+1.00121325e+00j
 -2.47671707e+00-2.17943956e+00j  1.62191571e+00+9.10436824e-01j
  9.10986763e-01+1.42967899e+00j  1.03040084e+00-6.59538510e+00j
 -3.89812488e+00+8.08478219e+00j  2.59226167e+00-3.62718014e+00j
 -8.92888002e-03-1.06431747e+00j -1.93482070e+00+3.26588399e+00j
  4.18991172e+00-5.20924759e+00j -6.60900233e+00+5.11057506e+00j
  5.61278411e+00-1.95593066e+00j -1.36594447e+00-2.64992481e-01j
 -3.70284651e+00-2.03302308e-01j  5.43278463e+00+1.25885240e+00j
 -1.65211353e+00+2.28176465e-01j -1.04015356e+00-1.29832242e+00j
  2.24356926e+00+2.20633304e+00j -4.99027271e+00-3.72760435e+00j
  4.85227576e+00+3.20957102e+00j -2.99190420e+00-3.26858650e+00j
  1.14811238e+00+2.78549817e+00j  2.01893529e+00+3.70791324e-02j
 -2.96928633e+00-1.51805338e+00j  2.10870937e+00+1.02015467e+00j
 -3.10738541e+00+7.88728564e-01j  4.12191411e+00-7.37865141e-01j
 -1.38665337e+00-2.52572263e+00j -9.77902978e-01+3.21111889e+00j
 -7.95241476e-01-1.76216495e+00j  2.58941814e+00+2.99909350e+00j
 -1.10923734e+00-1.83720558e+00j -2.19345473e+00-2.38078732e+00j
  3.81206375e+00-0.00000000e+00j -2.19345473e+00+2.38078732e+00j
 -1.10923734e+00+1.83720558e+00j  2.58941814e+00-2.99909350e+00j
 -7.95241476e-01+1.76216495e+00j -9.77902978e-01-3.21111889e+00j
 -1.38665337e+00+2.52572263e+00j  4.12191411e+00+7.37865141e-01j
 -3.10738541e+00-7.88728564e-01j  2.10870937e+00-1.02015467e+00j
 -2.96928633e+00+1.51805338e+00j  2.01893529e+00-3.70791324e-02j
  1.14811238e+00-2.78549817e+00j -2.99190420e+00+3.26858650e+00j
  4.85227576e+00-3.20957102e+00j -4.99027271e+00+3.72760435e+00j
  2.24356926e+00-2.20633304e+00j -1.04015356e+00+1.29832242e+00j
 -1.65211353e+00-2.28176465e-01j  5.43278463e+00-1.25885240e+00j
 -3.70284651e+00+2.03302308e-01j -1.36594447e+00+2.64992481e-01j
  5.61278411e+00+1.95593066e+00j -6.60900233e+00-5.11057506e+00j
  4.18991172e+00+5.20924759e+00j -1.93482070e+00-3.26588399e+00j
 -8.92888002e-03+1.06431747e+00j  2.59226167e+00+3.62718014e+00j
 -3.89812488e+00-8.08478219e+00j  1.03040084e+00+6.59538510e+00j
  9.10986763e-01-1.42967899e+00j  1.62191571e+00-9.10436824e-01j
 -2.47671707e+00+2.17943956e+00j  1.16783571e+00-1.00121325e+00j
 -1.59182767e+00-1.68405440e+00j  1.13886233e+00+2.56096950e-01j
  1.83681693e+00+3.50510683e+00j -3.09525334e+00-2.26525773e+00j
  2.33824299e+00-3.48447997e+00j -1.20097113e+00+3.64764913e+00j
  8.13880413e-01+1.34858527e+00j -2.37160951e+00-3.62332724e+00j
  3.77348979e+00+2.88059502e-01j -1.34514504e+00+2.26373582e+00j
 -2.46194881e+00-3.55999505e-01j  2.16247080e+00-2.33775087e+00j
 -9.58667888e-01+1.82105809e+00j  2.23132020e+00+3.74259290e+00j
 -7.88954909e-01-7.24494970e+00j -2.41311746e+00+5.59325040e+00j
 -2.30412703e-01-3.77447949e+00j  6.19808164e-01+3.81234948e+00j
  3.80809674e+00-3.60253944e+00j -1.78245265e+00+1.49874639e+00j
  2.29707173e-01-1.38165891e+00j -3.28219833e+00+3.57109561e+00j
  5.54072121e+00-1.51543984e+00j -3.64567764e+00-2.60459837e+00j
 -2.93410386e+00+1.97950993e+00j  4.68472221e+00+5.59295115e-01j
 -2.14276378e+00-3.41489912e+00j  5.15392981e-01+4.97519009e+00j
  8.61292452e-01-8.06982443e-01j  5.72580401e-01-2.25990437e+00j
 -2.24738950e+00-6.16031810e-01j  9.38707504e-01+3.05358213e+00j
  6.68786060e-01-2.40722021e+00j  2.86079828e-01+1.54326030e+00j
 -2.67961318e+00-1.45523863e+00j  2.72918154e+00-7.34835668e-01j
  4.92104136e-02+3.38648996e+00j -3.51494185e+00-1.99932654e+00j
  1.99057942e+00-2.40843895e+00j  1.85989257e+00+4.48654130e+00j
  3.62961017e-01-1.59668125e+00j -5.48958808e+00-1.91042009e+00j
  7.80465146e+00+3.13421980e+00j -7.68136195e+00-9.43978836e-01j
  6.78600712e+00-2.24270559e+00j -3.47045002e+00+2.97394027e+00j
 -9.48530511e-01-1.69663221e+00j  2.01814667e+00+3.66645325e-01j
  1.38268180e+00-4.85361731e-02j -4.43897927e+00-9.94772763e-01j
  2.07519409e+00+1.16843284e+00j -1.39248774e+00+3.90079892e-01j
  6.21602463e+00-1.23625297e+00j -5.78508691e+00+1.36761652e+00j
  1.41944319e+00-6.82781346e-02j -4.69473172e-01-1.61442172e+00j
 -1.82091672e+00-1.60155704e-01j  2.17048328e+00+2.34857135e+00j
  1.10812537e+00-3.57520653e+00j -1.65878773e-01+4.01343277e+00j
  2.15483247e-01-2.07265114e+00j -3.32305730e+00+2.31804199e-01j
  1.33439548e+00+3.04555949e+00j  1.94928070e+00-4.80197417e+00j
 -3.79199225e-01+8.80755568e-01j -1.06908312e+00+1.88545718e+00j
 -3.23093099e-01-2.02567888e+00j  5.99285065e-01+2.03924873e+00j
  1.15976298e+00-1.49023444e+00j -1.58691418e+00-1.33306891e+00j
 -1.58178049e+00+4.82997115e+00j  4.43825052e+00-4.06092271e+00j
 -4.86473798e+00+4.32254006e+00j  4.89275502e+00-4.72860122e+00j
 -4.81713259e+00+1.87427141e+00j  1.23585039e+00-1.01090277e+00j
  4.61827501e+00-9.36232693e-01j -4.10785174e+00+4.30971815e+00j
  7.96357323e-01-3.87957292e+00j  3.86832472e-01+2.20519508e+00j
 -2.34030874e+00+7.49835090e-01j  2.24965912e+00-5.44524656e+00j
 -5.79991339e-01+6.03949054e+00j  1.30595016e-01-4.14984011e+00j
  3.58336390e+00+2.98270873e+00j -8.09321944e+00-1.98319755e+00j
  6.30879808e+00+3.87126258e+00j -1.30324275e+00-7.43432046e+00j
 -3.56544159e+00+5.20586040e+00j  4.84406515e+00-7.54747414e-01j
 -1.70839778e+00+8.91898184e-01j  3.51278332e-01+9.17848064e-01j
 -2.22259958e+00-3.03402869e+00j  2.45029188e+00+2.07837905e+00j
 -8.80832931e-01-1.93498006e+00j  1.10333827e+00+1.89850694e-01j
 -5.49582478e-01+6.31608898e-01j -5.81570495e-01+3.52284135e-01j
  2.70848398e-01+1.86917418e-02j -7.42431939e-01+2.82537595e-01j
  1.69686430e+00-1.30698608e+00j  4.04280070e-01+2.55389496e+00j
 -1.45840786e+00-2.66791688e+00j -1.46064009e+00+1.01074994e+00j
  1.02956024e+00-5.36726268e-01j  4.72044359e-02+2.09966714e+00j
  1.60517959e+00-1.46752951e+00j -3.66861999e+00-3.54228517e+00j
  5.85721190e+00+6.96549524e+00j -4.12977238e+00-2.95701467e+00j
 -3.50584783e-01-1.44575123e+00j  6.59895423e-01+6.36050149e-02j
  1.91304547e+00-8.84177201e-01j -6.74472992e-01+3.71306978e+00j
 -1.22660998e+00-2.13693353e+00j  1.19148503e+00-3.23527972e-01j
 -1.59671142e+00+2.18742969e+00j  1.24840853e+00-3.84620811e+00j
 -1.56071876e+00+2.88700546e+00j  2.53714406e+00-1.39500491e+00j
 -2.62934937e+00+4.60457479e-01j  2.56986764e+00+3.37268015e-01j
 -2.00176877e+00+1.01067010e+00j -3.74619634e-02-1.74933337e+00j
  2.94504504e+00+5.05875035e-01j -4.27555990e+00-1.24349735e+00j
  4.16072557e+00+2.16731663e+00j -2.58963336e+00-9.27721095e-01j
  1.81233049e-01-7.47694614e-01j -1.71374301e+00+6.09988202e-01j
  4.31827907e+00+2.21706165e+00j -2.87475940e+00-4.14253367e+00j
  1.60116386e+00+1.96865990e+00j -1.08053546e+00+1.31488336e+00j
  7.31650872e-01-1.53295233e+00j -2.37405251e+00+3.63093106e-01j
  2.20436524e+00-8.97440558e-01j  8.00490870e-01-6.46916786e-01j
 -3.86566067e+00+3.98386640e+00j  2.34895171e+00-2.17411876e+00j
 -9.51421918e-02+1.75645727e-01j  1.77967035e+00-2.59662086e+00j
 -1.56351179e+00+4.21795069e+00j -1.72710062e-01-2.23726083e+00j
  2.51882132e+00-8.66090697e-01j -5.72574387e+00+2.47829436e+00j
  4.84368761e+00-4.25316279e+00j -1.15819842e+00+5.62223590e+00j
 -1.35343887e+00-2.24195621e+00j  3.38200956e+00-1.39439698e+00j
 -2.10073115e+00-1.81438436e+00j -1.52768861e+00+3.36029037e+00j
  1.97138771e+00-1.15318859e+00j -5.92768723e-01+2.88252073e+00j
  7.21240563e-01-4.40610514e+00j -1.33795145e+00+3.19279213e+00j
 -4.99823818e-01-1.61922870e+00j  5.69444999e-01+2.09141742e+00j
  2.71485360e+00-3.48235141e+00j -2.87005221e+00+1.42398714e+00j
  2.37293588e-01+2.35086779e+00j  2.75667111e-01-4.30541735e+00j
  1.64204515e+00+3.04425813e+00j -3.31342475e+00-8.00546090e-02j
  3.73083524e+00-7.63532220e-01j -1.29036087e+00-1.74916988e+00j
 -2.08400874e+00+3.62060116e+00j  2.99906388e+00-9.24194715e-01j
 -3.11671709e+00-2.15995739e+00j  3.01587045e+00-4.17938863e-01j
 -2.29921258e+00+3.26470359e+00j  2.02207784e+00-6.70005499e-01j
 -9.97199693e-01-2.16612357e+00j -2.60371602e+00+1.28767468e+00j
  2.89934078e+00+3.92860480e-01j  2.50496147e-01+1.46786920e+00j
  7.34377337e-01-3.85884535e+00j -1.32097531e+00+2.78543729e+00j
 -7.85123662e-02-1.11557306e+00j -1.04737657e+00-1.09430465e+00j
  3.43308498e+00+4.42789341e+00j -4.89921853e+00-4.61364958e+00j
  2.48629629e+00+1.18117130e+00j -8.26122813e-01-1.55774371e+00j
  9.81795943e-01+3.49135029e+00j  2.95962596e+00+9.71923120e-01j
 -2.78308920e+00-3.73058045e+00j -9.20681303e-01+6.72053998e-02j
 -8.37215803e-01-1.30158492e-01j  5.05978745e-01+3.94432458e+00j
  2.70794940e+00-4.53058392e+00j -2.31699739e+00+3.50488459e+00j
  8.95604630e-01-2.25762055e+00j -8.46213078e-01+2.97746173e+00j
 -1.27502148e+00-4.10844655e+00j  2.64206934e+00+2.95304781e+00j
  2.19005390e+00-4.37454925e+00j -5.15273611e+00+5.19446948e+00j
  3.33867061e+00-7.45679351e-01j -3.30230999e+00-2.80278994e+00j
  3.31172776e+00-7.56834014e-01j -1.02469372e+00+4.17201371e+00j
 -1.62200296e+00+5.73848649e-01j  2.17532550e+00-4.68686747e+00j
  3.87809548e-01+5.30786591e+00j -1.91642202e+00-7.48846611e+00j
  6.25228966e-01+6.67041931e+00j  3.68735457e-03-1.41090665e+00j
  9.51683631e-01-2.57596767e+00j  7.39187725e-01+1.31330486e+00j
 -3.06468898e+00+3.44051114e+00j  7.25413751e-01-3.38301387e+00j
  1.36041096e+00-1.58044202e+00j  5.59149471e-01+3.34880509e+00j
 -2.45835078e+00-1.47035574e+00j  2.74678467e+00-2.31421110e-01j
 -1.85852394e+00-1.28767642e+00j  3.57195134e-01+1.70137189e+00j
  1.06727466e+00-4.65226660e-01j -1.82793665e+00+1.63592956e+00j
  1.44932749e+00-1.11139339e+00j -2.82833231e+00-1.73773531e+00j
  3.42583295e+00+3.32957076e+00j -2.30968751e+00-3.58932380e+00j
  2.29049312e+00+3.54920521e+00j -3.52820401e-01-1.20057357e+00j
 -1.61799637e+00-6.07604052e-01j  1.46508825e+00-3.96712069e+00j
 -2.56323333e+00+7.03386307e+00j  3.10996968e+00-1.40414351e+00j
 -1.89097860e+00-3.21422906e+00j  1.76034626e+00+1.54647445e+00j
 -1.83129036e+00-2.06367617e-01j -3.04065883e-01-4.04330831e-01j
  3.55622833e+00+1.40221157e+00j -5.12407822e+00+3.43832423e-01j
  3.36141761e+00-2.39524678e+00j -2.12985442e+00+3.22139124e+00j
  8.47052966e-01-2.58299659e+00j  3.60697777e+00+7.19756234e-01j
 -4.69797315e+00+3.18235687e-01j  3.05533561e+00+6.75476917e-01j
 -2.37881896e+00-3.11483494e+00j  1.94797661e+00+4.49140677e+00j
 -2.87343347e+00-3.47718856e+00j  3.18304499e+00+4.01933059e-01j
 -2.35952644e+00+1.82148200e+00j  1.11137120e+00-2.99951335e+00j
  1.32461237e+00+4.09854538e+00j -9.25030789e-01-4.13155819e+00j
 -4.43430364e-01+3.47271611e+00j -3.60375704e-01-2.16996299e+00j
  7.25387850e-01+3.45594866e-01j -2.55677255e+00+5.91740093e-01j
  3.27759037e+00+2.01224519e-02j -2.16734672e+00-1.47583572e+00j
  2.07038994e+00-2.56725309e-01j  3.60809528e-01+3.61333670e+00j
 -3.91329188e+00+1.75190890e-01j  5.32157485e+00-3.74114374e+00j
 -3.83481244e+00-8.16360932e-01j -2.15772031e-01+2.63747463e+00j
  4.04084648e+00+2.03724840e+00j -5.55709648e+00-4.40783904e+00j
  8.15726395e-01+2.57244783e+00j  3.59406392e+00-1.91482837e+00j
 -8.62497128e-01+3.03674307e+00j -4.21316701e-01-7.17264373e-01j
 -1.05028128e-01-3.84255000e+00j  1.84774231e+00+4.88784893e+00j
 -3.94726238e+00-5.38807581e+00j  4.61438065e+00+5.27878886e+00j
 -5.81773622e+00-3.44479957e-01j  3.95881037e+00-3.24452277e+00j
 -1.38997985e-01+5.83776287e-01j -3.38468696e+00+8.62599634e-01j
  6.27868478e+00-1.49192894e-01j -7.21401499e+00+1.60977454e+00j
  4.98885123e+00-1.12702929e+00j -3.56060689e+00+7.46281300e-01j
  4.19326915e+00-2.20225437e+00j -2.99334947e+00+8.15504682e-01j
  2.39290682e+00+5.77580604e-01j -3.85025106e-01+1.97664229e+00j
 -5.98242017e-01-3.89996387e+00j -3.49749043e+00+2.03154326e+00j
  3.54101196e+00-1.26298180e+00j  1.33470040e-01+3.51365856e+00j
 -5.36155375e-01-3.93667659e+00j  1.06499656e+00+3.02272995e+00j
 -2.74175848e+00-6.80996750e+00j  2.23145480e+00+8.02610079e+00j
  7.10843691e-02-5.95049674e-01j -6.57087721e-01-5.08654374e+00j
 -3.84186582e-01+3.89498933e+00j -1.03975528e+00-7.61921085e-01j
  1.20816324e+00+4.73731350e-01j  1.73863313e-01-1.32209066e+00j
  1.89338326e+00-3.19515373e-01j -4.95520784e+00+1.15860990e+00j
  3.62819565e+00-7.97189908e-01j -4.16388363e-01+2.35737602e-01j
  3.19636018e+00+1.99530173e+00j -4.82624023e+00-2.76647856e-01j
  1.38242079e+00-1.97684465e+00j  4.54623323e-01-1.62198617e+00j
 -1.35871454e+00+3.20896154e+00j  1.21097013e+00+5.23575660e-01j
  7.12035812e-02-3.24407040e+00j -2.47650009e-02+2.23118445e+00j
 -2.17972557e+00-1.81150705e+00j  3.86562163e+00+2.38432808e+00j
 -2.73617976e+00-8.11925441e-01j  1.00828771e+00-8.36677215e-01j
 -1.73603718e-01+1.91125148e+00j  3.33271729e-01-1.26884548e+00j
 -2.23769119e+00-1.04176844e+00j  3.23407234e+00+1.74723288e+00j
 -3.39908895e-01-2.96221630e+00j -2.26702133e+00+2.09872565e+00j
  2.74519600e+00+7.72489819e-01j -2.42747800e+00-4.29865874e-01j
 -1.17145602e+00-1.01951231e+00j  5.67214026e+00+2.13774947e+00j
 -3.65303715e+00-2.97728803e+00j -2.36411989e+00+3.34776434e+00j
  3.43032546e+00-3.91918930e+00j -1.01971359e+00+2.83137655e+00j
 -4.28882620e-01-9.89706876e-01j  6.63895600e-01+2.97799096e+00j
 -1.30480236e+00-4.62915491e+00j  1.86081889e+00+2.75415269e+00j
 -5.07651881e-01-2.46968188e+00j -8.88808238e-01+1.14002310e+00j
  2.06823669e+00+1.46230531e+00j -3.46103479e+00+4.93608568e-01j
  3.86277088e+00-2.58617824e+00j -3.87669330e+00+1.25868370e+00j
  3.63582419e+00-1.73048547e+00j -3.54463086e+00+4.90927022e+00j
  3.34268554e+00-6.44991007e+00j -2.80495689e+00+2.48896968e+00j
  1.71098720e+00+3.20752626e+00j  2.07830304e+00-2.69137788e+00j
 -6.92404456e+00+5.07544760e-01j  5.95231013e+00-4.66028500e-01j
 -1.65199379e+00-1.20462851e+00j  2.30927544e+00+1.50755503e+00j
 -3.22769980e+00+2.00062238e+00j  2.19079541e+00-2.91284132e+00j
 -7.51389691e-01+2.05738795e+00j -2.04453592e+00-1.95326194e+00j
  3.66983013e+00+1.32414264e+00j -4.21724817e+00-2.54037561e-01j
  3.79669846e+00-4.22457264e+00j -1.19857778e+00+5.79670864e+00j
 -2.08773602e+00-2.54531540e+00j  2.83198012e+00+4.07506151e-01j
 -1.23207905e+00+1.05953459e+00j  2.03619671e+00-1.26225015e+00j
 -2.17270088e+00-1.87825659e-02j -6.53510782e-01-2.34598661e-01j
  1.35516778e+00+3.20326522e+00j -1.01207808e+00-3.54474233e+00j
 -3.86443638e-01-5.66522060e-01j  1.92919467e+00+1.82112183e+00j
 -7.49753944e-01+3.35224519e-01j  4.95391959e-01-3.10262383e-01j
 -2.23788016e-02-2.41246613e-01j -3.22427078e+00-4.86233045e-01j
  4.07261660e+00-1.36875154e+00j -2.72990009e+00+1.24643808e+00j
  4.81697366e+00+2.15584405e+00j -4.55069148e+00-1.09717322e+00j
 -1.81934063e-01-1.06934293e+00j -7.93477106e-01+7.66998310e-01j
  1.35340016e+00+6.96553625e-01j  2.36598081e+00-2.28141372e+00j
 -2.05806420e+00+4.26766585e+00j  2.24384762e+00-6.24100215e+00j
 -3.01406426e+00+5.09217947e+00j  9.55294626e-01-2.46775601e+00j
  1.04049921e+00+1.46256817e+00j -1.47238533e+00-3.46813938e-02j
 -9.33514680e-01-3.64527739e+00j  3.88177718e+00+3.05623080e+00j
 -3.32724141e+00+2.48703331e+00j  1.32656648e+00-5.20761456e+00j
 -2.33457380e+00+3.46003022e+00j  4.89049081e+00-1.73223560e+00j
 -3.77048162e+00+7.27909151e-01j -6.50378612e-01+1.91395562e+00j
  9.12827480e-01-2.53131522e+00j  2.91407436e+00-1.14065917e+00j
 -4.56561081e+00+4.50136872e+00j  2.30193984e+00-2.60375193e+00j
  1.04235666e+00-4.04935339e+00j -2.41072412e+00+8.16286126e+00j
  3.53048846e+00-5.51657173e+00j -4.16052263e+00+3.24111383e+00j
  3.22932646e+00-4.53997028e+00j -2.71854511e+00+3.68902988e+00j
  2.01563274e+00-3.07270695e-01j -1.38715352e+00-7.97270350e-01j
  8.48211577e-01+8.75121478e-01j  1.55585819e+00-1.20891533e+00j
 -2.83674444e+00-4.00809279e-01j  3.00010915e+00+1.63405812e+00j
 -3.73969245e+00-3.64306098e+00j  3.72234574e-01+5.87888485e+00j
  2.47775018e+00-5.08522269e+00j  3.72203894e-02+1.22765748e+00j
 -5.17364984e-01+4.12175788e+00j  6.30051847e-02-5.83577158e+00j
 -2.77718397e+00+2.29370365e+00j  4.23272102e+00+5.22594730e-01j
 -2.72401590e+00+1.64223213e+00j  2.21217741e+00-4.86854970e+00j
 -3.03820586e+00+5.32708894e+00j  7.72779330e-02-3.15845821e+00j
  3.28992069e+00+7.92047805e-01j -2.08837985e+00+1.60711418e+00j
  1.85042891e+00-4.21927044e+00j -3.76938288e+00+4.83865735e+00j
  1.85252880e+00-3.43247852e+00j  2.17339199e+00+1.16978527e+00j
 -3.06713763e+00-8.41986006e-01j  1.07803464e-02+1.46523097e+00j
  2.24965004e+00+3.65449353e+00j -8.36863439e-01-8.18198489e+00j
  1.54638153e-01+3.79786698e+00j -1.26352173e+00-9.06364899e-01j
  2.36861707e+00+1.83027296e+00j -1.88793651e+00-9.69448078e-01j
  9.07731435e-01+1.79129220e+00j -1.46362509e+00-2.44381159e+00j
  2.83038298e+00+1.70559691e+00j -3.06962464e+00-2.15942694e+00j
  2.04502731e+00+9.91491181e-01j -6.46956995e-01+3.13660549e+00j
 -6.21085563e-01-7.39683165e+00j  4.52855861e-01+7.71325451e+00j
 -9.98116865e-01-4.31576386e+00j  3.20871099e+00+2.88600632e+00j
 -3.79808478e+00-2.43253496e+00j  1.93126824e+00-3.09546706e-01j
 -6.50692940e-01-3.83441350e-01j  1.47108368e+00+3.94650256e+00j
 -1.75667909e+00-4.41455542e+00j -5.49596668e-02+4.69053789e+00j
  2.07741809e+00-5.58633630e+00j -3.17584038e+00+1.83414554e+00j
  2.36406219e+00+1.60275835e+00j -7.78805467e-03+4.67729641e-01j
 -1.63161606e+00-2.95833505e-01j  3.10077692e+00-1.18380002e-01j
 -1.21622149e+00-3.09030326e+00j -2.61474929e+00+2.59899517e+00j
  1.93690871e+00-3.63771666e-01j -1.13896596e+00-1.00138481e+00j
  2.32104239e+00+1.61252127e+00j -9.00514434e-01+2.12343978e+00j
 -1.85620049e+00-4.74702650e+00j  2.40789738e+00+2.44060156e+00j
 -1.48376435e-01-2.29975048e-01j -7.15083258e-01+1.00910537e+00j
  8.12814956e-01-2.33870389e-01j -2.98494723e+00-7.09339624e-01j
  3.81712854e+00-9.56669016e-01j -3.44230373e+00-4.21292134e-01j
  3.82297483e+00+4.04237783e+00j -1.66114691e+00-2.44462923e+00j
  2.22596683e+00+3.01720160e+00j -7.56959415e+00-8.90175406e-01j
  9.31369928e+00+6.91145366e-01j -5.92149146e+00+7.09443057e+00j
 -5.19038672e+01+5.23161664e+01j  1.95871672e+02-1.48168880e+02j]
