Frame: 1
X_framed shape: (1024,)
X_framed dtype: complex128
X_framed:
[ 4.14330177e+01-0.00000000e+00j -8.36612354e+00-3.80916276e+01j
 -1.18336998e+01-2.83367005e+00j  2.25668601e+00+5.77062612e+00j
 -2.59743076e+00-7.68824293e-01j  4.42633380e-01+4.16577513e+00j
 -9.39122383e-01-1.30537603e+00j -2.37337092e+00-2.69279748e-01j
  6.00095371e+00+2.29018871e+00j -5.77956241e+00-3.13344876e+00j
  4.41014322e+00+3.57813334e+00j -2.09795112e+00+5.53788422e-01j
  2.06522342e-01-2.62889170e+00j -6.22819725e-01+1.19961296e+00j
  2.40577506e+00-2.47159489e+00j -4.10925078e+00+3.60236734e+00j
  4.25053710e+00-7.78326727e-01j -2.11475007e+00-2.16873482e+00j
 -4.20397888e-01+4.84891042e+00j -1.29299266e+00-4.68501653e+00j
  3.68213281e+00+2.62336568e+00j -7.35288147e-01-2.23395145e+00j
 -3.41726796e+00+2.05763691e+00j  4.79088714e+00-1.17703133e+00j
 -4.66024797e+00+1.52097153e+00j  3.90512255e+00-4.03792226e+00j
 -5.42889591e+00+4.75613092e+00j  5.32853566e+00-3.35056257e+00j
  6.98292239e-01+2.35587179e+00j -2.85310396e+00+1.49951412e+00j
  1.28709475e+00-4.14974438e+00j -1.62300133e+00+1.26808346e-01j
  1.91316236e+00+3.39137320e+00j -2.96088686e+00-3.01739946e+00j
  2.96729914e+00+4.53083364e-01j -3.54232425e+00+3.03823769e+00j
  4.85231569e+00-3.55077553e+00j -2.42638296e-01+7.51579305e-01j
 -3.26304384e+00+7.48898751e-01j -2.70013315e-01+1.09880311e-01j
  1.33182890e+00+2.15017073e+00j  5.49640781e-01-5.61950966e+00j
 -1.07052783e+00+3.90924185e+00j  1.43890872e+00+4.34906310e-01j
 -1.21448341e+00-3.08639617e+00j  2.68118973e+00+5.27074132e+00j
 -2.80662743e+00-5.19094312e+00j -4.74896909e-01+1.29704924e+00j
 -3.13718818e-01+1.84231615e-01j  3.76110427e+00+2.01024537e+00j
 -2.66865114e+00-2.57529085e+00j -2.66351376e+00+1.44537646e+00j
  4.49979677e+00-3.19523534e+00j -1.53247027e+00+4.59190628e+00j
 -1.51978566e+00-1.97683339e+00j  7.32657389e-01+2.35606305e-01j
  3.79130637e+00-2.11392411e+00j -3.31848770e+00+3.52974082e+00j
 -8.79320366e-01+2.12622091e-01j  1.16807561e+00-3.82862892e+00j
  3.96269100e-01+2.35522787e+00j -1.82545470e+00-4.25744114e-01j
  2.29054099e+00-6.67624735e-01j -1.05165187e+00+3.01014488e+00j
 -1.03885543e+00-4.81938230e+00j  2.17874083e+00+3.25609249e+00j
  9.38551598e-02+5.03987838e-01j -6.82415604e-01-2.52303323e+00j
 -1.47021200e+00+1.04530347e+00j  2.01617924e+00+3.44657327e-01j
 -4.27875418e+00+9.82916358e-01j  7.86844117e+00-2.79928825e-02j
 -7.07750367e+00-1.90327106e+00j  2.82703105e+00-3.17152627e-01j
 -4.79579744e-02+2.18205996e+00j  4.84953532e-01+2.55901899e-01j
 -3.89205938e+00-3.44615566e+00j  4.45844799e+00+5.02262897e+00j
 -9.64119377e-01-3.61230393e+00j -4.19654610e-02-2.73866735e-01j
  7.32468077e-02+1.71959048e+00j -1.52979381e+00-1.10946614e+00j
  2.41840264e+00-1.25557778e+00j -1.83482493e+00+3.44002861e+00j
 -4.20846508e-01-2.13892647e+00j  3.69051295e+00+3.11929853e+00j
 -5.28009363e+00-5.92304992e+00j  3.78127594e+00+3.09695501e+00j
 -8.14746105e-01-1.10128332e-01j -1.81562744e+00+1.27777590e+00j
  1.61750356e+00-1.68044572e+00j  8.62291478e-01+1.68395255e+00j
 -2.84927841e+00-2.88605567e+00j  2.37411780e+00+2.01527906e+00j
 -4.01557881e-01+1.87450065e+00j -6.16462130e-02-2.26312209e+00j
 -1.00922832e+00+2.22745164e+00j  9.37771782e-01-3.41990841e+00j
  1.27681356e+00+2.40919148e-01j -6.68234955e-02+3.83392933e+00j
 -1.10082813e+00-3.16553945e+00j -2.23376859e+00-8.79736940e-01j
  2.40336503e+00+4.71577118e-01j  1.53130812e+00+7.01977524e-01j
 -5.83144345e-01-1.26034742e+00j -3.26435378e+00+2.48494114e+00j
 -4.64580329e-01+3.45306921e-01j  2.54739240e+00-1.13627919e+00j
  1.11380120e+00+1.06106700e+00j  7.50789220e-01-1.92197985e+00j
 -3.57334171e+00-8.47971727e-01j  2.65960969e-01+1.72487476e+00j
  1.97801427e+00-6.05290204e-01j  1.53576826e+00+7.24534764e-01j
 -4.73495249e+00-7.58875447e-01j  5.13457854e+00+1.21240724e+00j
 -4.76692907e+00+1.10917691e+00j  5.29760008e+00-3.76172136e+00j
 -5.37671576e+00+2.41136693e+00j  2.87923307e+00-1.58609619e+00j
 -1.87113108e+00+4.64791098e-01j  2.94854075e+00+2.35138559e+00j
 -1.90175131e+00-3.61090710e+00j -6.12075619e-01+1.63563665e+00j
  3.97354658e-01+2.84020780e+00j  7.23586841e-01-4.76340917e+00j
 -2.16094701e-01+1.42013591e+00j -1.47764061e+00+2.63598024e+00j
  2.00589703e+00-4.70538820e+00j  7.44884372e-01+4.06440026e+00j
 -1.53151056e+00-1.06406883e-01j -1.20441995e+00-2.74337603e+00j
  2.25796260e+00+3.53490993e+00j -3.04558751e-01-2.14118022e+00j
  1.82169579e+00-7.38226180e-01j -5.94448281e+00+2.07475929e-01j
  4.56752986e+00+1.77513315e+00j -1.09880523e+00-2.49491385e+00j
  1.69729701e+00+4.10859296e+00j -2.48660107e+00-4.51704491e+00j
 -6.30103588e-01+1.73739912e+00j  2.37591059e+00-2.19708054e-01j
 -1.12775613e+00+1.13954038e-01j  2.26411194e-01+1.92948665e+00j
 -5.82195847e-01-2.41543790e+00j  3.05389483e+00+4.91698368e-01j
 -3.61023583e+00-1.18540617e+00j  1.77129105e-02+3.46825608e+00j
  2.06522810e+00-4.02097357e+00j -1.22551234e+00+1.45146601e+00j
  8.69465993e-01+3.60273556e+00j -6.76418713e-01-3.16002742e+00j
  4.70622533e-01-1.85318319e+00j  8.73689429e-02+2.89167512e+00j
 -3.61486400e-01-2.42599134e+00j -1.84790522e+00+1.28910530e+00j
  3.40125735e+00-1.05946985e+00j -3.29260064e+00+2.71367933e+00j
  3.62995104e+00-2.32279032e+00j -3.98417395e+00+2.51385731e+00j
  4.04397006e+00-1.84404917e+00j -1.98335275e+00+2.88559888e-01j
  4.28836967e-01-1.77070176e-01j -1.10519536e-01-1.56940190e+00j
 -2.20929914e+00+2.92052161e+00j  2.80808495e+00-2.15363545e+00j
 -1.13160950e+00+1.47700304e+00j -5.62051939e-01-8.81495701e-01j
 -4.65696417e-01-6.90159651e-01j  3.40431389e+00+2.15123027e+00j
 -1.31962527e+00-1.84618440e+00j -2.04482151e+00-2.53828927e-01j
 -4.41050804e-01-7.33481510e-01j  2.83064807e+00+3.92853592e+00j
 -6.50016176e-01-2.71382682e+00j -1.71026245e+00-2.72032739e-01j
  1.60023631e+00+1.10537665e+00j -1.05610081e+00-8.00273115e-01j
  7.21752554e-01+2.35486187e+00j  1.34397508e+00-5.65311238e+00j
 -3.22220537e+00+7.90341236e+00j  3.55355806e+00-4.08258098e+00j
 -1.31295884e+00-2.13315261e+00j -3.35667243e+00+1.29070213e+00j
  3.75524332e+00+3.34515281e-01j  4.94815910e-01-1.49977450e+00j
 -2.66979135e+00+4.58634254e+00j  2.29969744e+00-4.35014649e+00j
 -7.26166491e-01+3.79550507e+00j -2.21552102e+00-3.05943522e+00j
  3.93431979e+00+1.21838798e+00j -4.09697246e+00-3.80091041e-01j
  3.19405493e+00+7.44361593e-01j  6.04490408e-01-2.80851583e+00j
 -2.46482829e+00+3.16353138e+00j -7.17950452e-01+3.52034257e-01j
  1.11506729e+00-4.28607995e+00j  1.81145245e+00+2.11768905e+00j
 -2.74966738e+00+3.49563499e+00j  2.47125259e+00-4.22458632e+00j
 -3.41725374e+00+1.64977846e+00j  3.59829573e+00+1.83961731e-01j
  4.78498723e-02+1.84996097e-01j -3.67553327e+00-5.02232092e-01j
  5.34506235e+00+8.62251275e-01j -5.67203872e+00-2.55108507e+00j
  2.98945771e+00+9.96760542e-01j -9.70210874e-02+5.25708602e-01j
  1.80798646e-01+6.58027309e-01j  1.40580119e-01+8.38459279e-01j
  3.70135393e-01-4.74821698e+00j -3.99488117e+00+7.21607156e+00j
  4.97622013e+00-4.71946313e+00j -2.62705975e+00+2.55124228e-01j
  1.91383870e+00+1.20462912e+00j -2.48725080e+00-2.61411750e-02j
  1.89037868e+00-2.29442077e+00j -2.73962075e-02+2.24425581e+00j
 -7.76935881e-01-1.47988969e+00j -1.15973012e+00+3.14003902e-01j
  2.52263503e+00+1.63463023e+00j -4.33574721e+00+1.10758172e+00j
  4.40224277e+00-2.91959557e+00j -5.18627499e-02-6.90479028e-01j
 -1.44971622e+00+9.82802255e-01j  1.78959941e+00+4.79528676e-01j
 -3.58628344e+00-7.54426793e-01j  1.44789863e+00+2.43014376e+00j
  2.18262304e+00-9.50324394e-01j -4.30605713e+00-2.35803963e+00j
  3.55277580e+00+3.27323106e+00j  1.43587070e+00-2.36487499e-01j
 -1.60177302e+00-1.97674268e+00j -3.01211352e+00+2.92513394e-01j
  2.37069608e+00+5.44879550e-02j  1.99541825e-01-2.96828499e+00j
  8.38835919e-01+5.16268464e+00j -3.20644268e+00-1.45929830e+00j
  3.35653445e+00+2.04733333e+00j -1.10724913e+00-5.01965581e+00j
  2.85282970e-01+2.45394999e+00j -9.16364428e-01+3.01714535e-01j
  2.03168210e+00+2.00842853e-01j -3.74292795e+00-1.86198807e+00j
  3.67769036e+00+2.33893199e+00j -2.32499772e+00+1.36546246e+00j
 -3.03080393e-01-5.69820323e+00j  2.31610761e+00+5.94376737e+00j
 -1.24565447e+00-4.38115681e+00j  1.83571753e+00+8.87963967e-01j
 -4.70070809e+00+2.94482415e+00j  2.72474414e+00-3.11905931e+00j
  1.79340405e+00+1.90138713e+00j -1.64810526e+00+9.64755673e-01j
  8.47474175e-01-5.19099485e+00j -2.18292307e+00+4.60860670e+00j
  1.91264115e+00-1.24430256e+00j -1.06286700e+00+8.03663463e-01j
  3.20610681e+00-9.25323716e-01j -5.96199029e+00+1.66215821e+00j
  4.89785771e+00-2.72936865e+00j -1.46897999e+00+2.36517536e+00j
 -1.34491030e+00-2.22571867e+00j  1.65281381e+00+8.15523517e-01j
 -6.51334005e-02+4.26920958e-01j -4.13822493e-02+1.04415244e+00j
  5.51650826e-01-2.26924842e+00j -1.89346000e+00+1.73430064e+00j
  3.16837391e-01-1.54546998e-01j  5.58984845e-01-1.95288198e+00j
  1.35867496e+00+4.81454297e+00j -3.48444362e-01-5.92023248e+00j
  1.83304865e-01+2.45370079e+00j -2.74166557e+00+1.73312746e+00j
  3.05516340e+00-4.55818259e+00j -2.05955234e+00+4.77112901e+00j
 -1.36010167e-01-3.52015011e+00j  3.34919030e-01+2.98235679e+00j
  3.37885758e+00-6.69959648e-01j -6.12539634e+00+3.95670813e-01j
  4.80472459e+00-9.45998195e-01j -1.82829379e+00-3.45736535e+00j
 -1.99677833e-01+3.99815468e+00j  1.89049781e-01+1.74055549e+00j
 -7.49510113e-01-3.38029009e+00j  3.75318713e+00+2.04535996e+00j
 -3.14242160e+00-2.16992407e+00j -8.46035837e-02+7.12940350e-01j
 -8.55634705e-01+1.25106890e+00j  3.01904652e+00-8.02748102e-01j
 -1.64685243e+00+1.09193402e+00j  6.09511574e-01-3.68746525e+00j
 -2.17424772e+00+7.09175184e+00j  3.14376486e+00-7.31542747e+00j
 -3.04409353e+00+2.63320343e+00j  2.21769216e+00-1.02644720e+00j
 -3.38345037e-01+2.32483299e+00j  2.70147014e-01+1.44570321e+00j
 -3.64597171e+00-5.90610151e+00j  5.81282484e+00+4.53346391e+00j
 -3.26699396e+00-2.79160195e-02j -1.64069687e+00-3.32802531e+00j
  5.24656872e+00+2.30291296e+00j -3.15601754e+00+7.16633221e-01j
 -3.36161792e+00+7.32274511e-01j  4.51850657e+00-3.96142454e+00j
 -4.36280435e-01+2.65631976e+00j -1.85541002e+00-2.57015139e-02j
  3.21522494e+00+2.61468809e-01j -3.31455303e+00+1.59468573e+00j
  1.69989435e+00-5.96549278e+00j -1.55178460e+00+6.27524629e+00j
  1.35973172e+00-3.99455069e+00j -3.29993024e-01+3.47633310e+00j
  7.49513973e-01-9.42120507e-01j -3.15853308e+00-4.21624257e+00j
  6.84020577e+00+5.85580095e+00j -7.23717933e+00-4.89607452e+00j
  3.58175384e+00+7.00859098e-01j -4.25123361e-01+4.47336478e+00j
 -3.23845558e+00-3.83121045e+00j  4.05064463e+00+1.36071001e+00j
 -3.36311637e-01+9.48284735e-01j  1.59151118e+00-8.28020095e-01j
 -4.85022725e+00-1.87271183e+00j  3.86031052e+00+2.27053414e+00j
 -2.20189370e+00-2.14415725e+00j  4.73984559e-01+3.19199962e+00j
  3.95437044e-01-9.31331785e-01j  2.33939398e+00-4.23123082e+00j
 -5.53281474e+00+4.14360825e+00j  4.02563374e+00-1.90512905e+00j
 -1.53946223e+00-1.31755757e+00j  1.40443347e+00+4.51782067e+00j
 -5.74860350e-01-2.35593088e+00j  1.07924177e+00+1.43347846e+00j
 -3.57878721e+00-3.82911209e+00j  3.00025777e+00+5.01240379e+00j
 -1.49935395e+00-2.26197618e+00j -7.84300818e-01-2.67171236e+00j
  3.71067145e+00+2.97197759e+00j -1.35525512e+00+3.70810992e-01j
 -2.63243375e+00+6.61456886e-01j  4.14792291e+00-1.64778156e+00j
 -3.30246332e+00-9.46199375e-01j  1.64512207e-01+1.15920629e+00j
  2.25515774e+00-2.21001414e-01j  2.18336148e-01-1.33110973e+00j
 -2.28337398e+00+2.87195439e+00j -1.03301679e+00-1.69819707e+00j
  1.87179464e+00+2.16584006e-01j -2.54123312e-01+7.77086495e-01j
  1.09609724e+00-1.99169706e+00j -4.69160491e+00+2.51925829e+00j
  6.33955118e+00-1.65675354e+00j -1.55019512e+00+1.17999528e+00j
 -3.50415606e+00-1.57876446e+00j  3.86939784e+00-2.10462255e-01j
 -2.66662127e-02+1.71370460e+00j -1.92760092e+00+2.91952339e-01j
 -2.12202077e-01-1.48541588e+00j  2.18979874e-01-1.41063497e+00j
 -6.44258983e-01+2.56645648e+00j  2.66393033e+00-5.91681511e-01j
 -3.92749726e+00+7.40431353e-01j  5.38054800e+00-1.29927786e+00j
 -4.67671847e+00+5.26361784e-01j  3.25268310e+00+1.66689259e+00j
 -2.15760807e+00-1.80311677e+00j -9.64084637e-01-7.43850435e-01j
  1.71023558e+00+2.83966436e-01j  1.04510442e+00+8.59473550e-01j
 -1.55963391e+00-1.82682613e+00j  6.22822592e-01+2.85611885e+00j
  1.15084867e+00+5.31317947e-01j -4.37488092e-01-3.83738586e+00j
 -2.39028097e+00+3.00891670e+00j -8.66219010e-01-1.96333967e+00j
  2.52166431e+00+1.41673470e+00j -3.97217563e-01-2.82477736e-01j
  2.95073100e+00+5.26519790e-01j -4.00409900e+00-1.78319443e+00j
  1.28749033e+00-8.11484733e-02j -2.16607896e+00+2.30635346e+00j
  4.71635973e+00-1.90437277e+00j -1.67790155e+00+1.12978591e+00j
 -1.21812162e+00+5.20729161e-01j -2.77762911e-03-2.52782783e+00j
  8.11350113e-01-5.59973542e-02j -2.54825225e+00+5.10592535e+00j
  2.55283649e-01-4.96781377e+00j  5.17914005e+00+1.50638537e+00j
 -3.73674793e+00-1.74858679e+00j  6.61977515e-01+2.54829678e+00j
 -2.80666260e+00-9.34644921e-01j  2.92269572e+00+2.84255531e+00j
 -2.78753541e-01-4.19108901e+00j -1.61522513e+00+2.76922947e+00j
  2.55967256e+00-1.35446552e+00j  2.66009089e-03-2.81319923e+00j
 -1.91744251e+00+3.09246917e+00j  3.67032732e-01+1.80233850e+00j
  1.20005488e+00-2.92344382e+00j -3.86067716e-01+4.01344495e+00j
 -1.78831240e+00-4.65494261e+00j  1.61140987e+00+8.46452348e-01j
  1.95333339e+00-5.97261425e-01j -1.93736932e+00+1.60309089e+00j
 -2.35661709e+00-2.35261144e-02j  7.95084804e-02+1.48877684e+00j
  4.02972172e+00-3.16733314e+00j -1.31083054e+00+2.48846738e+00j
 -1.58453218e+00-2.23193818e+00j  2.00647616e+00+1.96597485e+00j
 -1.24212485e+00-1.30013871e+00j  2.35401453e+00+9.52879054e-01j
 -6.62339351e+00-9.29573809e-01j  6.46843146e+00-5.88264232e-01j
 -1.62084708e+00+1.87015598e+00j -2.21104730e+00-1.38075554e+00j
  3.65923439e+00+1.42467384e+00j -2.51159829e+00-1.60063721e+00j
 -2.69517881e-01+1.69308226e+00j  2.19796949e+00-2.79260108e+00j
 -8.46022018e-01+2.86670338e+00j -2.37685557e-01-2.74130404e+00j
 -2.31805332e+00+2.74342926e+00j  3.11125131e+00-1.29424115e+00j
 -2.64114442e+00+8.17601788e-01j -5.92312131e-02+8.99994897e-01j
  6.90491603e+00-1.56750195e+00j -7.46143293e+00+1.29071078e+00j
  1.75298497e+00-3.57410654e+00j -4.64953113e-02+5.24388218e+00j
  2.25825603e+00-4.99462202e+00j -2.20235149e+00+8.14823363e-01j
 -4.14215267e-01+2.50927106e+00j  1.15048548e+00-2.08777900e+00j
 -4.35115494e-01+2.47926202e+00j  5.25352412e-01-3.35629418e+00j
 -1.47834895e+00+2.96814811e+00j  2.60588265e+00-2.42769690e+00j
 -5.36014801e-01+4.49456554e+00j -4.88207000e-01-6.99387489e+00j
 -3.23488936e+00+5.69262606e+00j  1.10664560e+00-1.70920052e+00j
  5.72806707e+00-3.50673713e-01j -4.54185592e+00+9.30065435e-01j
  3.96396339e-01-3.13992351e+00j -1.45261791e+00+3.61358612e+00j
  3.13309727e+00-1.30383973e+00j -2.23840111e+00+2.66135537e-01j
  2.58985769e+00-4.93429844e-01j -6.07034190e+00+1.75679489e-01j
  8.21490733e+00-1.18070023e-01j -6.56047525e+00+3.10192335e+00j
  3.25234241e+00-5.29272974e+00j -1.04178473e+00+1.44101285e+00j
 -5.50166090e-01+1.99365884e+00j -2.45823588e-01-1.32495630e+00j
  1.36182503e+00-1.64677427e-01j  1.71003216e+00+2.34224291e+00j
 -1.70430100e+00-2.70701020e+00j  6.20668906e-01+4.08503653e-01j
 -8.02617343e-01+6.82432941e-01j -2.51772951e+00-3.53134922e+00j
  2.85652543e+00+7.52881872e+00j  4.47168064e-01-7.03029943e+00j
 -7.88096590e-01+3.01578163e+00j -1.29331636e+00+5.89923168e-01j
  1.34871004e+00-2.13862599e+00j  1.62631122e+00+3.13114637e+00j
 -4.33940550e+00-2.57186859e+00j  4.66734274e+00+8.28336165e-01j
 -1.09537397e+00-2.62318428e-01j -3.81205310e+00-9.38321354e-01j
  4.46986439e+00+3.94488042e+00j -3.39593751e+00-6.31553298e+00j
  2.22949687e+00+4.29287148e+00j -8.39765567e-01-8.76855694e-01j
  7.19182567e-01-3.19347293e-01j -9.33544645e-01+1.81898493e+00j
  1.47156112e+00-1.21661635e+00j -3.57353233e-01+6.25685043e-02j
 -7.46330680e-01-8.21768750e-01j -6.32721236e-01-9.66621980e-01j
 -2.07896781e+00+2.49526800e+00j  6.68091896e+00-1.39313694e+00j
 -4.98955499e+00+1.47883698e+00j  2.40602490e+00-3.08356719e+00j
 -2.33292265e+00+2.45497142e+00j  1.73748926e-01+1.19604882e-01j
  2.72396815e+00-1.02127658e+00j -2.85118802e+00+9.80594860e-01j
  8.59556478e-01-3.28089377e-01j -1.70631341e+00-1.82527992e+00j
  4.77236144e+00+3.27355429e+00j -2.85165681e+00-6.77822491e-01j
 -4.86497524e-01-2.40293085e+00j  7.30344853e-01+6.27614887e-01j
 -1.46328866e+00+3.49675157e+00j  2.38771317e+00-4.35484767e+00j
 -2.84161874e+00+1.44897968e+00j  4.51089146e+00-1.02698775e-01j
 -3.67114271e+00+2.20414593e+00j -1.87283344e+00-3.93691664e+00j
  4.00906641e+00+2.58439760e+00j  4.47960638e-01+2.26654932e+00j
 -3.68634393e+00-7.07067700e+00j  4.86506991e+00+5.44521769e+00j
 -6.21888958e+00-1.46389857e+00j  4.76700433e+00+7.34808035e-01j
 -2.98570355e+00-0.00000000e+00j  4.76700433e+00-7.34808035e-01j
 -6.21888958e+00+1.46389857e+00j  4.86506991e+00-5.44521769e+00j
 -3.68634393e+00+7.07067700e+00j  4.47960638e-01-2.26654932e+00j
  4.00906641e+00-2.58439760e+00j -1.87283344e+00+3.93691664e+00j
 -3.67114271e+00-2.20414593e+00j  4.51089146e+00+1.02698775e-01j
 -2.84161874e+00-1.44897968e+00j  2.38771317e+00+4.35484767e+00j
 -1.46328866e+00-3.49675157e+00j  7.30344853e-01-6.27614887e-01j
 -4.86497524e-01+2.40293085e+00j -2.85165681e+00+6.77822491e-01j
  4.77236144e+00-3.27355429e+00j -1.70631341e+00+1.82527992e+00j
  8.59556478e-01+3.28089377e-01j -2.85118802e+00-9.80594860e-01j
  2.72396815e+00+1.02127658e+00j  1.73748926e-01-1.19604882e-01j
 -2.33292265e+00-2.45497142e+00j  2.40602490e+00+3.08356719e+00j
 -4.98955499e+00-1.47883698e+00j  6.68091896e+00+1.39313694e+00j
 -2.07896781e+00-2.49526800e+00j -6.32721236e-01+9.66621980e-01j
 -7.46330680e-01+8.21768750e-01j -3.57353233e-01-6.25685043e-02j
  1.47156112e+00+1.21661635e+00j -9.33544645e-01-1.81898493e+00j
  7.19182567e-01+3.19347293e-01j -8.39765567e-01+8.76855694e-01j
  2.22949687e+00-4.29287148e+00j -3.39593751e+00+6.31553298e+00j
  4.46986439e+00-3.94488042e+00j -3.81205310e+00+9.38321354e-01j
 -1.09537397e+00+2.62318428e-01j  4.66734274e+00-8.28336165e-01j
 -4.33940550e+00+2.57186859e+00j  1.62631122e+00-3.13114637e+00j
  1.34871004e+00+2.13862599e+00j -1.29331636e+00-5.89923168e-01j
 -7.88096590e-01-3.01578163e+00j  4.47168064e-01+7.03029943e+00j
  2.85652543e+00-7.52881872e+00j -2.51772951e+00+3.53134922e+00j
 -8.02617343e-01-6.82432941e-01j  6.20668906e-01-4.08503653e-01j
 -1.70430100e+00+2.70701020e+00j  1.71003216e+00-2.34224291e+00j
  1.36182503e+00+1.64677427e-01j -2.45823588e-01+1.32495630e+00j
 -5.50166090e-01-1.99365884e+00j -1.04178473e+00-1.44101285e+00j
  3.25234241e+00+5.29272974e+00j -6.56047525e+00-3.10192335e+00j
  8.21490733e+00+1.18070023e-01j -6.07034190e+00-1.75679489e-01j
  2.58985769e+00+4.93429844e-01j -2.23840111e+00-2.66135537e-01j
  3.13309727e+00+1.30383973e+00j -1.45261791e+00-3.61358612e+00j
  3.96396339e-01+3.13992351e+00j -4.54185592e+00-9.30065435e-01j
  5.72806707e+00+3.50673713e-01j  1.10664560e+00+1.70920052e+00j
 -3.23488936e+00-5.69262606e+00j -4.88207000e-01+6.99387489e+00j
 -5.36014801e-01-4.49456554e+00j  2.60588265e+00+2.42769690e+00j
 -1.47834895e+00-2.96814811e+00j  5.25352412e-01+3.35629418e+00j
 -4.35115494e-01-2.47926202e+00j  1.15048548e+00+2.08777900e+00j
 -4.14215267e-01-2.50927106e+00j -2.20235149e+00-8.14823363e-01j
  2.25825603e+00+4.99462202e+00j -4.64953113e-02-5.24388218e+00j
  1.75298497e+00+3.57410654e+00j -7.46143293e+00-1.29071078e+00j
  6.90491603e+00+1.56750195e+00j -5.92312131e-02-8.99994897e-01j
 -2.64114442e+00-8.17601788e-01j  3.11125131e+00+1.29424115e+00j
 -2.31805332e+00-2.74342926e+00j -2.37685557e-01+2.74130404e+00j
 -8.46022018e-01-2.86670338e+00j  2.19796949e+00+2.79260108e+00j
 -2.69517881e-01-1.69308226e+00j -2.51159829e+00+1.60063721e+00j
  3.65923439e+00-1.42467384e+00j -2.21104730e+00+1.38075554e+00j
 -1.62084708e+00-1.87015598e+00j  6.46843146e+00+5.88264232e-01j
 -6.62339351e+00+9.29573809e-01j  2.35401453e+00-9.52879054e-01j
 -1.24212485e+00+1.30013871e+00j  2.00647616e+00-1.96597485e+00j
 -1.58453218e+00+2.23193818e+00j -1.31083054e+00-2.48846738e+00j
  4.02972172e+00+3.16733314e+00j  7.95084804e-02-1.48877684e+00j
 -2.35661709e+00+2.35261144e-02j -1.93736932e+00-1.60309089e+00j
  1.95333339e+00+5.97261425e-01j  1.61140987e+00-8.46452348e-01j
 -1.78831240e+00+4.65494261e+00j -3.86067716e-01-4.01344495e+00j
  1.20005488e+00+2.92344382e+00j  3.67032732e-01-1.80233850e+00j
 -1.91744251e+00-3.09246917e+00j  2.66009089e-03+2.81319923e+00j
  2.55967256e+00+1.35446552e+00j -1.61522513e+00-2.76922947e+00j
 -2.78753541e-01+4.19108901e+00j  2.92269572e+00-2.84255531e+00j
 -2.80666260e+00+9.34644921e-01j  6.61977515e-01-2.54829678e+00j
 -3.73674793e+00+1.74858679e+00j  5.17914005e+00-1.50638537e+00j
  2.55283649e-01+4.96781377e+00j -2.54825225e+00-5.10592535e+00j
  8.11350113e-01+5.59973542e-02j -2.77762911e-03+2.52782783e+00j
 -1.21812162e+00-5.20729161e-01j -1.67790155e+00-1.12978591e+00j
  4.71635973e+00+1.90437277e+00j -2.16607896e+00-2.30635346e+00j
  1.28749033e+00+8.11484733e-02j -4.00409900e+00+1.78319443e+00j
  2.95073100e+00-5.26519790e-01j -3.97217563e-01+2.82477736e-01j
  2.52166431e+00-1.41673470e+00j -8.66219010e-01+1.96333967e+00j
 -2.39028097e+00-3.00891670e+00j -4.37488092e-01+3.83738586e+00j
  1.15084867e+00-5.31317947e-01j  6.22822592e-01-2.85611885e+00j
 -1.55963391e+00+1.82682613e+00j  1.04510442e+00-8.59473550e-01j
  1.71023558e+00-2.83966436e-01j -9.64084637e-01+7.43850435e-01j
 -2.15760807e+00+1.80311677e+00j  3.25268310e+00-1.66689259e+00j
 -4.67671847e+00-5.26361784e-01j  5.38054800e+00+1.29927786e+00j
 -3.92749726e+00-7.40431353e-01j  2.66393033e+00+5.91681511e-01j
 -6.44258983e-01-2.56645648e+00j  2.18979874e-01+1.41063497e+00j
 -2.12202077e-01+1.48541588e+00j -1.92760092e+00-2.91952339e-01j
 -2.66662127e-02-1.71370460e+00j  3.86939784e+00+2.10462255e-01j
 -3.50415606e+00+1.57876446e+00j -1.55019512e+00-1.17999528e+00j
  6.33955118e+00+1.65675354e+00j -4.69160491e+00-2.51925829e+00j
  1.09609724e+00+1.99169706e+00j -2.54123312e-01-7.77086495e-01j
  1.87179464e+00-2.16584006e-01j -1.03301679e+00+1.69819707e+00j
 -2.28337398e+00-2.87195439e+00j  2.18336148e-01+1.33110973e+00j
  2.25515774e+00+2.21001414e-01j  1.64512207e-01-1.15920629e+00j
 -3.30246332e+00+9.46199375e-01j  4.14792291e+00+1.64778156e+00j
 -2.63243375e+00-6.61456886e-01j -1.35525512e+00-3.70810992e-01j
  3.71067145e+00-2.97197759e+00j -7.84300818e-01+2.67171236e+00j
 -1.49935395e+00+2.26197618e+00j  3.00025777e+00-5.01240379e+00j
 -3.57878721e+00+3.82911209e+00j  1.07924177e+00-1.43347846e+00j
 -5.74860350e-01+2.35593088e+00j  1.40443347e+00-4.51782067e+00j
 -1.53946223e+00+1.31755757e+00j  4.02563374e+00+1.90512905e+00j
 -5.53281474e+00-4.14360825e+00j  2.33939398e+00+4.23123082e+00j
  3.95437044e-01+9.31331785e-01j  4.73984559e-01-3.19199962e+00j
 -2.20189370e+00+2.14415725e+00j  3.86031052e+00-2.27053414e+00j
 -4.85022725e+00+1.87271183e+00j  1.59151118e+00+8.28020095e-01j
 -3.36311637e-01-9.48284735e-01j  4.05064463e+00-1.36071001e+00j
 -3.23845558e+00+3.83121045e+00j -4.25123361e-01-4.47336478e+00j
  3.58175384e+00-7.00859098e-01j -7.23717933e+00+4.89607452e+00j
  6.84020577e+00-5.85580095e+00j -3.15853308e+00+4.21624257e+00j
  7.49513973e-01+9.42120507e-01j -3.29993024e-01-3.47633310e+00j
  1.35973172e+00+3.99455069e+00j -1.55178460e+00-6.27524629e+00j
  1.69989435e+00+5.96549278e+00j -3.31455303e+00-1.59468573e+00j
  3.21522494e+00-2.61468809e-01j -1.85541002e+00+2.57015139e-02j
 -4.36280435e-01-2.65631976e+00j  4.51850657e+00+3.96142454e+00j
 -3.36161792e+00-7.32274511e-01j -3.15601754e+00-7.16633221e-01j
  5.24656872e+00-2.30291296e+00j -1.64069687e+00+3.32802531e+00j
 -3.26699396e+00+2.79160195e-02j  5.81282484e+00-4.53346391e+00j
 -3.64597171e+00+5.90610151e+00j  2.70147014e-01-1.44570321e+00j
 -3.38345037e-01-2.32483299e+00j  2.21769216e+00+1.02644720e+00j
 -3.04409353e+00-2.63320343e+00j  3.14376486e+00+7.31542747e+00j
 -2.17424772e+00-7.09175184e+00j  6.09511574e-01+3.68746525e+00j
 -1.64685243e+00-1.09193402e+00j  3.01904652e+00+8.02748102e-01j
 -8.55634705e-01-1.25106890e+00j -8.46035837e-02-7.12940350e-01j
 -3.14242160e+00+2.16992407e+00j  3.75318713e+00-2.04535996e+00j
 -7.49510113e-01+3.38029009e+00j  1.89049781e-01-1.74055549e+00j
 -1.99677833e-01-3.99815468e+00j -1.82829379e+00+3.45736535e+00j
  4.80472459e+00+9.45998195e-01j -6.12539634e+00-3.95670813e-01j
  3.37885758e+00+6.69959648e-01j  3.34919030e-01-2.98235679e+00j
 -1.36010167e-01+3.52015011e+00j -2.05955234e+00-4.77112901e+00j
  3.05516340e+00+4.55818259e+00j -2.74166557e+00-1.73312746e+00j
  1.83304865e-01-2.45370079e+00j -3.48444362e-01+5.92023248e+00j
  1.35867496e+00-4.81454297e+00j  5.58984845e-01+1.95288198e+00j
  3.16837391e-01+1.54546998e-01j -1.89346000e+00-1.73430064e+00j
  5.51650826e-01+2.26924842e+00j -4.13822493e-02-1.04415244e+00j
 -6.51334005e-02-4.26920958e-01j  1.65281381e+00-8.15523517e-01j
 -1.34491030e+00+2.22571867e+00j -1.46897999e+00-2.36517536e+00j
  4.89785771e+00+2.72936865e+00j -5.96199029e+00-1.66215821e+00j
  3.20610681e+00+9.25323716e-01j -1.06286700e+00-8.03663463e-01j
  1.91264115e+00+1.24430256e+00j -2.18292307e+00-4.60860670e+00j
  8.47474175e-01+5.19099485e+00j -1.64810526e+00-9.64755673e-01j
  1.79340405e+00-1.90138713e+00j  2.72474414e+00+3.11905931e+00j
 -4.70070809e+00-2.94482415e+00j  1.83571753e+00-8.87963967e-01j
 -1.24565447e+00+4.38115681e+00j  2.31610761e+00-5.94376737e+00j
 -3.03080393e-01+5.69820323e+00j -2.32499772e+00-1.36546246e+00j
  3.67769036e+00-2.33893199e+00j -3.74292795e+00+1.86198807e+00j
  2.03168210e+00-2.00842853e-01j -9.16364428e-01-3.01714535e-01j
  2.85282970e-01-2.45394999e+00j -1.10724913e+00+5.01965581e+00j
  3.35653445e+00-2.04733333e+00j -3.20644268e+00+1.45929830e+00j
  8.38835919e-01-5.16268464e+00j  1.99541825e-01+2.96828499e+00j
  2.37069608e+00-5.44879550e-02j -3.01211352e+00-2.92513394e-01j
 -1.60177302e+00+1.97674268e+00j  1.43587070e+00+2.36487499e-01j
  3.55277580e+00-3.27323106e+00j -4.30605713e+00+2.35803963e+00j
  2.18262304e+00+9.50324394e-01j  1.44789863e+00-2.43014376e+00j
 -3.58628344e+00+7.54426793e-01j  1.78959941e+00-4.79528676e-01j
 -1.44971622e+00-9.82802255e-01j -5.18627499e-02+6.90479028e-01j
  4.40224277e+00+2.91959557e+00j -4.33574721e+00-1.10758172e+00j
  2.52263503e+00-1.63463023e+00j -1.15973012e+00-3.14003902e-01j
 -7.76935881e-01+1.47988969e+00j -2.73962075e-02-2.24425581e+00j
  1.89037868e+00+2.29442077e+00j -2.48725080e+00+2.61411750e-02j
  1.91383870e+00-1.20462912e+00j -2.62705975e+00-2.55124228e-01j
  4.97622013e+00+4.71946313e+00j -3.99488117e+00-7.21607156e+00j
  3.70135393e-01+4.74821698e+00j  1.40580119e-01-8.38459279e-01j
  1.80798646e-01-6.58027309e-01j -9.70210874e-02-5.25708602e-01j
  2.98945771e+00-9.96760542e-01j -5.67203872e+00+2.55108507e+00j
  5.34506235e+00-8.62251275e-01j -3.67553327e+00+5.02232092e-01j
  4.78498723e-02-1.84996097e-01j  3.59829573e+00-1.83961731e-01j
 -3.41725374e+00-1.64977846e+00j  2.47125259e+00+4.22458632e+00j
 -2.74966738e+00-3.49563499e+00j  1.81145245e+00-2.11768905e+00j
  1.11506729e+00+4.28607995e+00j -7.17950452e-01-3.52034257e-01j
 -2.46482829e+00-3.16353138e+00j  6.04490408e-01+2.80851583e+00j
  3.19405493e+00-7.44361593e-01j -4.09697246e+00+3.80091041e-01j
  3.93431979e+00-1.21838798e+00j -2.21552102e+00+3.05943522e+00j
 -7.26166491e-01-3.79550507e+00j  2.29969744e+00+4.35014649e+00j
 -2.66979135e+00-4.58634254e+00j  4.94815910e-01+1.49977450e+00j
  3.75524332e+00-3.34515281e-01j -3.35667243e+00-1.29070213e+00j
 -1.31295884e+00+2.13315261e+00j  3.55355806e+00+4.08258098e+00j
 -3.22220537e+00-7.90341236e+00j  1.34397508e+00+5.65311238e+00j
  7.21752554e-01-2.35486187e+00j -1.05610081e+00+8.00273115e-01j
  1.60023631e+00-1.10537665e+00j -1.71026245e+00+2.72032739e-01j
 -6.50016176e-01+2.71382682e+00j  2.83064807e+00-3.92853592e+00j
 -4.41050804e-01+7.33481510e-01j -2.04482151e+00+2.53828927e-01j
 -1.31962527e+00+1.84618440e+00j  3.40431389e+00-2.15123027e+00j
 -4.65696417e-01+6.90159651e-01j -5.62051939e-01+8.81495701e-01j
 -1.13160950e+00-1.47700304e+00j  2.80808495e+00+2.15363545e+00j
 -2.20929914e+00-2.92052161e+00j -1.10519536e-01+1.56940190e+00j
  4.28836967e-01+1.77070176e-01j -1.98335275e+00-2.88559888e-01j
  4.04397006e+00+1.84404917e+00j -3.98417395e+00-2.51385731e+00j
  3.62995104e+00+2.32279032e+00j -3.29260064e+00-2.71367933e+00j
  3.40125735e+00+1.05946985e+00j -1.84790522e+00-1.28910530e+00j
 -3.61486400e-01+2.42599134e+00j  8.73689429e-02-2.89167512e+00j
  4.70622533e-01+1.85318319e+00j -6.76418713e-01+3.16002742e+00j
  8.69465993e-01-3.60273556e+00j -1.22551234e+00-1.45146601e+00j
  2.06522810e+00+4.02097357e+00j  1.77129105e-02-3.46825608e+00j
 -3.61023583e+00+1.18540617e+00j  3.05389483e+00-4.91698368e-01j
 -5.82195847e-01+2.41543790e+00j  2.26411194e-01-1.92948665e+00j
 -1.12775613e+00-1.13954038e-01j  2.37591059e+00+2.19708054e-01j
 -6.30103588e-01-1.73739912e+00j -2.48660107e+00+4.51704491e+00j
  1.69729701e+00-4.10859296e+00j -1.09880523e+00+2.49491385e+00j
  4.56752986e+00-1.77513315e+00j -5.94448281e+00-2.07475929e-01j
  1.82169579e+00+7.38226180e-01j -3.04558751e-01+2.14118022e+00j
  2.25796260e+00-3.53490993e+00j -1.20441995e+00+2.74337603e+00j
 -1.53151056e+00+1.06406883e-01j  7.44884372e-01-4.06440026e+00j
  2.00589703e+00+4.70538820e+00j -1.47764061e+00-2.63598024e+00j
 -2.16094701e-01-1.42013591e+00j  7.23586841e-01+4.76340917e+00j
  3.97354658e-01-2.84020780e+00j -6.12075619e-01-1.63563665e+00j
 -1.90175131e+00+3.61090710e+00j  2.94854075e+00-2.35138559e+00j
 -1.87113108e+00-4.64791098e-01j  2.87923307e+00+1.58609619e+00j
 -5.37671576e+00-2.41136693e+00j  5.29760008e+00+3.76172136e+00j
 -4.76692907e+00-1.10917691e+00j  5.13457854e+00-1.21240724e+00j
 -4.73495249e+00+7.58875447e-01j  1.53576826e+00-7.24534764e-01j
  1.97801427e+00+6.05290204e-01j  2.65960969e-01-1.72487476e+00j
 -3.57334171e+00+8.47971727e-01j  7.50789220e-01+1.92197985e+00j
  1.11380120e+00-1.06106700e+00j  2.54739240e+00+1.13627919e+00j
 -4.64580329e-01-3.45306921e-01j -3.26435378e+00-2.48494114e+00j
 -5.83144345e-01+1.26034742e+00j  1.53130812e+00-7.01977524e-01j
  2.40336503e+00-4.71577118e-01j -2.23376859e+00+8.79736940e-01j
 -1.10082813e+00+3.16553945e+00j -6.68234955e-02-3.83392933e+00j
  1.27681356e+00-2.40919148e-01j  9.37771782e-01+3.41990841e+00j
 -1.00922832e+00-2.22745164e+00j -6.16462130e-02+2.26312209e+00j
 -4.01557881e-01-1.87450065e+00j  2.37411780e+00-2.01527906e+00j
 -2.84927841e+00+2.88605567e+00j  8.62291478e-01-1.68395255e+00j
  1.61750356e+00+1.68044572e+00j -1.81562744e+00-1.27777590e+00j
 -8.14746105e-01+1.10128332e-01j  3.78127594e+00-3.09695501e+00j
 -5.28009363e+00+5.92304992e+00j  3.69051295e+00-3.11929853e+00j
 -4.20846508e-01+2.13892647e+00j -1.83482493e+00-3.44002861e+00j
  2.41840264e+00+1.25557778e+00j -1.52979381e+00+1.10946614e+00j
  7.32468077e-02-1.71959048e+00j -4.19654610e-02+2.73866735e-01j
 -9.64119377e-01+3.61230393e+00j  4.45844799e+00-5.02262897e+00j
 -3.89205938e+00+3.44615566e+00j  4.84953532e-01-2.55901899e-01j
 -4.79579744e-02-2.18205996e+00j  2.82703105e+00+3.17152627e-01j
 -7.07750367e+00+1.90327106e+00j  7.86844117e+00+2.79928825e-02j
 -4.27875418e+00-9.82916358e-01j  2.01617924e+00-3.44657327e-01j
 -1.47021200e+00-1.04530347e+00j -6.82415604e-01+2.52303323e+00j
  9.38551598e-02-5.03987838e-01j  2.17874083e+00-3.25609249e+00j
 -1.03885543e+00+4.81938230e+00j -1.05165187e+00-3.01014488e+00j
  2.29054099e+00+6.67624735e-01j -1.82545470e+00+4.25744114e-01j
  3.96269100e-01-2.35522787e+00j  1.16807561e+00+3.82862892e+00j
 -8.79320366e-01-2.12622091e-01j -3.31848770e+00-3.52974082e+00j
  3.79130637e+00+2.11392411e+00j  7.32657389e-01-2.35606305e-01j
 -1.51978566e+00+1.97683339e+00j -1.53247027e+00-4.59190628e+00j
  4.49979677e+00+3.19523534e+00j -2.66351376e+00-1.44537646e+00j
 -2.66865114e+00+2.57529085e+00j  3.76110427e+00-2.01024537e+00j
 -3.13718818e-01-1.84231615e-01j -4.74896909e-01-1.29704924e+00j
 -2.80662743e+00+5.19094312e+00j  2.68118973e+00-5.27074132e+00j
 -1.21448341e+00+3.08639617e+00j  1.43890872e+00-4.34906310e-01j
 -1.07052783e+00-3.90924185e+00j  5.49640781e-01+5.61950966e+00j
  1.33182890e+00-2.15017073e+00j -2.70013315e-01-1.09880311e-01j
 -3.26304384e+00-7.48898751e-01j -2.42638296e-01-7.51579305e-01j
  4.85231569e+00+3.55077553e+00j -3.54232425e+00-3.03823769e+00j
  2.96729914e+00-4.53083364e-01j -2.96088686e+00+3.01739946e+00j
  1.91316236e+00-3.39137320e+00j -1.62300133e+00-1.26808346e-01j
  1.28709475e+00+4.14974438e+00j -2.85310396e+00-1.49951412e+00j
  6.98292239e-01-2.35587179e+00j  5.32853566e+00+3.35056257e+00j
 -5.42889591e+00-4.75613092e+00j  3.90512255e+00+4.03792226e+00j
 -4.66024797e+00-1.52097153e+00j  4.79088714e+00+1.17703133e+00j
 -3.41726796e+00-2.05763691e+00j -7.35288147e-01+2.23395145e+00j
  3.68213281e+00-2.62336568e+00j -1.29299266e+00+4.68501653e+00j
 -4.20397888e-01-4.84891042e+00j -2.11475007e+00+2.16873482e+00j
  4.25053710e+00+7.78326727e-01j -4.10925078e+00-3.60236734e+00j
  2.40577506e+00+2.47159489e+00j -6.22819725e-01-1.19961296e+00j
  2.06522342e-01+2.62889170e+00j -2.09795112e+00-5.53788422e-01j
  4.41014322e+00-3.57813334e+00j -5.77956241e+00+3.13344876e+00j
  6.00095371e+00-2.29018871e+00j -2.37337092e+00+2.69279748e-01j
 -9.39122383e-01+1.30537603e+00j  4.42633380e-01-4.16577513e+00j
 -2.59743076e+00+7.68824293e-01j  2.25668601e+00-5.77062612e+00j
 -1.18336998e+01+2.83367005e+00j -8.36612354e+00+3.80916276e+01j]
