Frame: 88
X_framed shape: (1024,)
X_framed dtype: complex128
X_framed:
[ 1.34560271e+02-0.00000000e+00j  7.91522697e+01-9.96964493e+01j
 -2.38725147e+01-1.04745667e+02j -7.16092394e+01-3.57562665e+01j
 -4.75764238e+01+1.98513655e+01j -1.01987499e+01+2.56995063e+01j
  2.82749005e+00+1.14534111e+01j  1.93022868e+00+4.63935136e+00j
  2.21601649e+00+3.01866159e+00j  2.57820743e+00+2.90570359e-01j
  9.02877061e-01-1.47345353e+00j -4.85382845e-01-1.63206056e+00j
 -1.82372864e+00-1.76271126e+00j -3.86342557e+00-4.35831244e-01j
 -3.91016413e+00+2.98079825e+00j -6.65759514e-01+5.11247042e+00j
  2.81329063e+00+3.72676541e+00j  3.77614414e+00+6.83038706e-01j
  2.57744820e+00-1.57968452e+00j  5.98291374e-01-2.28186224e+00j
 -1.01744192e+00-1.48788010e+00j -1.31416235e+00+1.31245541e-02j
 -3.72723668e-01+8.49738363e-01j  6.02904828e-01+4.33663115e-01j
  6.19679744e-01-5.78813560e-01j -3.91899170e-01-1.11827771e+00j
 -1.62957447e+00-3.55376665e-01j -1.62155530e+00+1.54198162e+00j
  4.35796674e-01+2.79691483e+00j  3.03384887e+00+1.48641036e+00j
  3.34924089e+00-1.81928558e+00j  5.24133678e-01-4.02488166e+00j
 -2.92990682e+00-2.80152637e+00j -3.69156224e+00+6.63502117e-01j
 -1.30778566e+00+2.86796312e+00j  1.33708686e+00+1.91754448e+00j
  1.45616257e+00-4.15929693e-01j -4.00693362e-01-1.06572058e+00j
 -1.34937023e+00+4.84654587e-01j -4.64714846e-02+1.79788605e+00j
  1.65247220e+00+9.17434973e-01j  1.35364920e+00-9.66334750e-01j
 -4.79660862e-01-1.18647512e+00j -1.07552590e+00+5.63822828e-01j
  6.71022617e-01+1.59310625e+00j  2.38284564e+00-3.18792366e-03j
  1.44180338e+00-2.46478286e+00j -1.32683711e+00-2.72217356e+00j
 -2.87045357e+00-4.74656267e-01j -1.85268097e+00+1.81277854e+00j
  3.08911870e-01+2.18354697e+00j  1.65147372e+00+8.62987824e-01j
  1.44692278e+00-7.49455007e-01j  2.37736922e-01-1.48406841e+00j
 -9.14317453e-01-1.11459838e+00j -1.41482780e+00-2.57494178e-01j
 -1.45979170e+00+6.19147117e-01j -1.07641093e+00+1.64545444e+00j
  2.60847070e-01+2.46013539e+00j  2.19225729e+00+1.88268896e+00j
  3.02412929e+00-1.93288298e-01j  1.98892313e+00-2.03269138e+00j
  3.88449378e-01-2.45792267e+00j -7.39804478e-01-2.22088900e+00j
 -1.95827412e+00-1.75609753e+00j -3.06725517e+00-8.16666663e-02j
 -2.22070781e+00+2.41199250e+00j  6.34200185e-01+3.02614023e+00j
  2.38470947e+00+8.29276894e-01j  1.19530014e+00-1.22312962e+00j
 -5.23808986e-01-6.92724258e-01j -9.77779768e-02+6.45662790e-01j
  1.24715518e+00+1.01965980e-01j  8.69838493e-01-1.58663716e+00j
 -1.04666447e+00-1.88488694e+00j -2.27171783e+00-3.14318508e-01j
 -1.69125372e+00+1.54524253e+00j  1.11069804e-01+2.21713180e+00j
  1.77451255e+00+1.13457891e+00j  1.72030229e+00-9.76163349e-01j
 -3.38635625e-01-1.91957543e+00j -2.11611503e+00-2.60306591e-01j
 -1.15062927e+00+2.14299492e+00j  1.52678059e+00+2.13692349e+00j
  2.53814127e+00-2.77662416e-01j  8.90063967e-01-1.98611718e+00j
 -9.44172365e-01-1.24712989e+00j -8.20502697e-01+2.85226783e-01j
  4.16925893e-01+3.63341574e-01j  5.89165661e-01-8.95118510e-01j
 -8.76645632e-01-1.46691632e+00j -2.23401249e+00-5.35998542e-02j
 -1.44828914e+00+2.10794850e+00j  1.05216817e+00+2.38513620e+00j
  2.36047154e+00+1.70240034e-01j  7.93507303e-01-1.77959763e+00j
 -1.43153663e+00-8.69140468e-01j -1.10257566e+00+1.49340042e+00j
  1.31474689e+00+1.82919513e+00j  2.44115490e+00-3.47203254e-01j
  9.67538139e-01-2.11134999e+00j -9.18549452e-01-1.60819443e+00j
 -1.20641289e+00-1.70109256e-01j -4.75462159e-01+4.30457490e-01j
  4.51085343e-03+3.12747454e-01j  2.66197269e-01+1.96374217e-01j
  6.53882948e-01-1.80157004e-01j  5.39651981e-01-1.11011200e+00j
 -6.58150825e-01-1.70370762e+00j -2.10608289e+00-9.02193772e-01j
 -2.35769298e+00+9.02020246e-01j -1.13646887e+00+2.23385393e+00j
  4.96750371e-01+2.24457113e+00j  1.51589081e+00+1.32518800e+00j
  1.74091227e+00+2.19682963e-01j  1.39460043e+00-7.02209434e-01j
  6.35585237e-01-1.24939055e+00j -2.65507642e-01-1.20454240e+00j
 -8.51061039e-01-6.13893032e-01j -8.64696251e-01+1.14151214e-01j
 -4.42245201e-01+5.76504306e-01j  1.10204029e-01+6.08613956e-01j
  4.69178665e-01+2.57571662e-01j  4.20870329e-01-1.76515822e-01j
  1.45999878e-01-3.36166626e-01j  2.11634995e-02-3.20931312e-01j
 -9.43506731e-02-4.98450532e-01j -6.56458171e-01-5.90957846e-01j
 -1.27608746e+00+9.88712913e-02j -9.30335857e-01+1.22232635e+00j
  2.45129853e-01+1.50000225e+00j  8.97766547e-01+8.01363339e-01j
  7.49707249e-01+4.03802089e-01j  1.02848787e+00+5.43396854e-01j
  1.85531006e+00-1.49589630e-01j  1.52931494e+00-1.83259953e+00j
 -4.37208221e-01-2.48773202e+00j -1.98288988e+00-1.08052862e+00j
 -1.57293449e+00+6.73500578e-01j -3.06210577e-01+1.05453770e+00j
  3.29786535e-01+5.44191294e-01j  4.49930332e-01+8.47593021e-02j
  3.57679534e-01-4.33442511e-01j -3.74989177e-01-7.92615869e-01j
 -1.26255176e+00-4.91852948e-02j -8.06440102e-01+1.35057256e+00j
  8.70708207e-01+1.47485524e+00j  1.66364929e+00-5.81500673e-02j
  6.83747063e-01-1.29512358e+00j -5.33650200e-01-1.04021123e+00j
 -8.16190557e-01-3.35947493e-01j -8.91584691e-01-2.99794362e-02j
 -1.19378752e+00+6.52126513e-01j -5.54014135e-01+1.95387392e+00j
  1.54713881e+00+2.21992060e+00j  3.27722026e+00+1.90608249e-01j
  2.48953583e+00-2.76447474e+00j -5.76372709e-01-3.98334814e+00j
 -3.56041290e+00-2.27818550e+00j -4.17496488e+00+1.19741511e+00j
 -1.83656256e+00+3.93741669e+00j  1.78050651e+00+3.75374917e+00j
  3.61573952e+00+7.44845333e-01j  2.03361182e+00-2.12696288e+00j
 -8.99573054e-01-1.86966335e+00j -1.47197863e+00+7.54099693e-01j
  9.05154267e-01+1.93762136e+00j  2.82577056e+00-8.65777554e-02j
  1.64727025e+00-2.67464972e+00j -9.56446391e-01-2.72028000e+00j
 -1.87183610e+00-9.44801866e-01j -1.12625979e+00-1.26605325e-01j
 -1.08499902e+00-5.76698793e-01j -2.18311700e+00-1.85504554e-01j
 -2.40596363e+00+1.65045042e+00j -8.24708688e-01+3.08129438e+00j
  1.16442428e+00+2.87849619e+00j  2.39119922e+00+1.76238562e+00j
  3.04890156e+00+3.37244429e-01j  2.90550964e+00-1.59812288e+00j
  1.16101094e+00-3.19036098e+00j -1.28214024e+00-2.80202898e+00j
 -2.20098315e+00-8.63052978e-01j -1.42763516e+00+3.17612276e-01j
 -1.01647446e+00+2.51578266e-01j -1.40738854e+00+7.87412068e-01j
 -6.32734330e-01+2.20517425e+00j  1.68101493e+00+2.15044675e+00j
  2.85472080e+00-2.65746429e-01j  1.21587661e+00-2.44250915e+00j
 -1.22346282e+00-2.01245539e+00j -1.80156716e+00-6.97845822e-02j
 -6.91822200e-01+9.10989989e-01j  1.44008094e-01+4.32354402e-01j
 -1.63811208e-01-1.41082385e-01j -7.87605010e-01+2.53552754e-01j
 -5.18225803e-01+1.29146424e+00j  9.04487147e-01+1.66259340e+00j
  2.25729518e+00+3.95496878e-01j  1.86275020e+00-1.71777911e+00j
 -2.65945443e-01-2.55796051e+00j -2.04451390e+00-1.22646812e+00j
 -1.85989336e+00+7.03874929e-01j -5.37175483e-01+1.34623059e+00j
  2.06346355e-01+8.80119812e-01j  2.33374473e-01+6.39470894e-01j
  5.78526549e-01+7.62486664e-01j  1.27535490e+00+2.60713011e-01j
  1.17760534e+00-9.26049378e-01j -2.83560448e-02-1.48461946e+00j
 -1.02737105e+00-7.11023967e-01j -7.64404805e-01+2.68123698e-01j
 -1.06921807e-01+1.96265874e-01j -4.02095532e-01-2.41719764e-01j
 -1.02772976e+00+4.23984752e-01j -2.39674958e-01+1.61558033e+00j
  1.58309259e+00+1.17437026e+00j  1.88044651e+00-9.90366083e-01j
 -1.49631862e-01-2.13853016e+00j -1.95081945e+00-6.87619604e-01j
 -1.32161226e+00+1.34925727e+00j  4.77354768e-01+1.48932270e+00j
  1.06312193e+00+2.53307387e-01j  4.20319149e-01-3.60647079e-01j
  5.21940003e-02-9.24978789e-02j  1.96878854e-01-1.07374312e-02j
  4.81433290e-02-1.58860757e-01j -1.84752805e-01+2.30678152e-01j
  4.57405610e-01+7.56643896e-01j  1.56858079e+00+7.96780152e-02j
  1.35817428e+00-1.68972143e+00j -6.97507631e-01-2.43514284e+00j
 -2.49825381e+00-7.58708340e-01j -1.76937199e+00+1.73057230e+00j
  8.11368629e-01+2.17724083e+00j  2.34580988e+00+1.04857769e-01j
  1.31944860e+00-2.16502012e+00j -1.00623826e+00-2.54561943e+00j
 -2.65968962e+00-1.09407719e+00j -2.78443758e+00+9.90246576e-01j
 -1.46583854e+00+2.56510066e+00j  5.44467501e-01+2.73232344e+00j
  1.87057893e+00+1.46163045e+00j  1.75553643e+00+4.19688216e-02j
  1.10458301e+00-4.16700158e-01j  1.00715949e+00-5.14640211e-01j
  8.82385299e-01-1.21107397e+00j -2.78142192e-01-1.73476316e+00j
 -1.54699955e+00-7.45490436e-01j -1.07556062e+00+9.09656534e-01j
  6.52780078e-01+8.75487771e-01j  8.92816723e-01-9.50834770e-01j
 -1.21141295e+00-1.58800586e+00j -2.63976019e+00+7.30487851e-01j
 -5.87425037e-01+3.25132162e+00j  2.89253659e+00+2.14241098e+00j
  3.20538485e+00-1.70806406e+00j -2.41626743e-01-3.47594136e+00j
 -3.07555777e+00-1.07877931e+00j -2.06956936e+00+2.18653069e+00j
  9.34556571e-01+2.56159492e+00j  2.35154970e+00+4.01584204e-01j
  1.35379657e+00-1.48372093e+00j -3.74297063e-01-1.61407822e+00j
 -1.29215953e+00-5.19140409e-01j -1.04005219e+00+6.84619028e-01j
 -6.35563919e-02+1.20001503e+00j  8.80817954e-01+8.45699776e-01j
  1.27522803e+00-8.44489796e-04j  1.03206949e+00-8.86900909e-01j
  2.05696702e-01-1.43257774e+00j -8.52262212e-01-1.17201379e+00j
 -1.27732162e+00-1.36303558e-01j -6.61272049e-01+6.82971537e-01j
  1.40685763e-01+5.31434110e-01j  2.59832288e-01+2.54455409e-03j
  8.49191977e-02-1.64434510e-01j  8.34677143e-02-3.53428945e-01j
 -3.76408590e-01-7.84369233e-01j -1.46326085e+00-3.81577675e-01j
 -1.61945545e+00+1.27951057e+00j  1.32921136e-01+2.32604687e+00j
  1.92906058e+00+1.07282944e+00j  1.43013093e+00-9.69560658e-01j
 -4.40467436e-01-1.01584541e+00j -6.81429093e-01+6.76230123e-01j
  1.11424323e+00+1.04694921e+00j  1.93222709e+00-1.00292254e+00j
 -1.00030467e-01-2.66021121e+00j -2.65595429e+00-1.23977122e+00j
 -2.37884690e+00+1.78789027e+00j  4.12752734e-01+2.77404936e+00j
  2.31296485e+00+8.25849922e-01j  1.45502319e+00-1.40705153e+00j
 -5.93761754e-01-1.55097524e+00j -1.51098439e+00-3.45649021e-02j
 -7.99510826e-01+1.38110044e+00j  6.87783927e-01+1.70543357e+00j
  2.02868869e+00+7.96673555e-01j  2.32234188e+00-1.03348098e+00j
  9.45059381e-01-2.64736613e+00j -1.36019721e+00-2.53950247e+00j
 -2.64581959e+00-5.89497219e-01j -1.84518109e+00+1.44681549e+00j
  3.35054970e-03+1.89136007e+00j  1.17768284e+00+8.86758391e-01j
  1.13616375e+00-3.13664354e-01j  4.25477916e-01-9.28353086e-01j
 -3.69452846e-01-8.80606742e-01j -8.35664789e-01-3.12857301e-01j
 -6.62799077e-01+3.33241809e-01j -1.32679782e-01+4.38612831e-01j
 -5.62581034e-03+9.10525575e-02j -3.25010874e-01+9.70588815e-02j
 -2.42722775e-01+5.58636461e-01j  3.73750918e-01+5.41516682e-01j
  4.58302210e-01-1.34955238e-01j -2.58536936e-01-2.43439515e-01j
 -3.69387788e-01+6.28917906e-01j  7.60004900e-01+8.89338829e-01j
  1.38324901e+00-4.20968375e-01j  1.14026636e-01-1.49335145e+00j
 -1.32297902e+00-4.48055858e-01j -5.44837529e-01+1.24934017e+00j
  1.42820754e+00+7.57662347e-01j  1.40377623e+00-1.54486472e+00j
 -1.07272445e+00-2.31808178e+00j -2.84017535e+00-1.58255301e-01j
 -1.60449901e+00+2.35910111e+00j  9.98795645e-01+2.33358835e+00j
  1.90120837e+00+3.05540483e-01j  6.40816881e-01-9.15263047e-01j
 -5.07128602e-01-1.13585735e-01j  1.68970229e-01+1.08734967e+00j
  1.76206759e+00+6.81501778e-01j  2.19397102e+00-1.22935085e+00j
  7.15867085e-01-2.84851294e+00j -1.61999409e+00-2.75585802e+00j
 -3.23913849e+00-9.02940788e-01j -3.02175811e+00+1.71857564e+00j
 -7.50591590e-01+3.44876976e+00j  2.23468037e+00+2.69006978e+00j
  3.36817929e+00-3.47224073e-01j  1.33856234e+00-2.95752350e+00j
 -1.89855450e+00-2.48939520e+00j -3.00565807e+00+4.50320270e-01j
 -1.13325131e+00+2.68864066e+00j  1.43857560e+00+2.30247132e+00j
  2.41024728e+00+3.21436841e-01j  1.67326404e+00-1.30789672e+00j
  3.45138734e-01-1.83162499e+00j -7.96837002e-01-1.48340715e+00j
 -1.43026830e+00-6.12732889e-01j -1.38664451e+00+3.81066898e-01j
 -8.02741797e-01+1.05262459e+00j -5.44673017e-02+1.24686211e+00j
  6.35264268e-01+1.08729625e+00j  1.24223913e+00+6.26362005e-01j
  1.64275692e+00-2.45008015e-01j  1.41011059e+00-1.52054881e+00j
  2.44687222e-02-2.60500575e+00j -2.24178293e+00-2.25454105e+00j
 -3.67229595e+00+1.51054555e-01j -2.48993650e+00+3.08114592e+00j
  6.91397832e-01+3.88523874e+00j  3.09657853e+00+1.88068025e+00j
  2.95444293e+00-8.75066170e-01j  1.09242792e+00-2.21706340e+00j
 -7.57396736e-01-1.77547796e+00j -1.51824302e+00-2.59803295e-01j
 -7.04457356e-01+1.21778175e+00j  1.12092183e+00+1.17998684e+00j
  1.91406390e+00-7.14813100e-01j  3.27987000e-01-2.35120279e+00j
 -1.90277508e+00-1.50270172e+00j -1.96728960e+00+7.98783856e-01j
 -5.98605965e-02+1.52436453e+00j  8.92039110e-01+6.38220635e-02j
 -4.26423086e-01-9.65288124e-01j -1.85763091e+00+3.93022704e-01j
 -8.41631070e-01+2.65548692e+00j  2.13908772e+00+2.81674967e+00j
  4.06719867e+00+6.06893263e-02j  2.82796826e+00-3.25774976e+00j
 -5.15018088e-01-4.19665304e+00j -3.00891815e+00-2.31439990e+00j
 -3.06655241e+00+1.82587135e-01j -1.85385370e+00+1.27538838e+00j
 -1.21414818e+00+1.34760280e+00j -1.03795360e+00+1.91687790e+00j
  1.44811009e-01+2.83373105e+00j  2.24606057e+00+2.32623777e+00j
  3.12896625e+00+6.37586413e-02j  1.78942755e+00-1.73083573e+00j
  1.70007269e-01-1.44554449e+00j  2.04058552e-01-5.80677783e-01j
  7.38874394e-01-1.16269599e+00j -3.39847503e-01-2.24308818e+00j
 -2.32792469e+00-1.51069399e+00j -2.75624118e+00+8.06380149e-01j
 -1.19498310e+00+2.41383796e+00j  7.28617058e-01+2.37189638e+00j
  2.10963061e+00+1.32259405e+00j  2.74804894e+00-5.78466549e-01j
  1.55019762e+00-2.92463740e+00j -1.74198066e+00-3.39104790e+00j
 -4.15688773e+00-3.47374234e-01j -2.48047828e+00+3.51035022e+00j
  1.73943596e+00+3.77383599e+00j  3.72480231e+00+3.81772554e-01j
  1.92724049e+00-2.42185592e+00j -5.48647976e-01-2.20995438e+00j
 -1.17753471e+00-8.59969152e-01j -9.95224253e-01-4.12192218e-01j
 -1.40137135e+00-8.45618872e-02j -1.41003285e+00+1.13370724e+00j
  3.18288879e-02+1.92761974e+00j  1.46697799e+00+8.61139838e-01j
  9.71482663e-01-7.85181670e-01j -6.15618815e-01-7.03272012e-01j
 -7.96726808e-01+8.40261218e-01j  7.52697334e-01+1.35107823e+00j
  1.70651438e+00-3.43271408e-02j  7.78270155e-01-1.28900192e+00j
 -3.62025697e-01-8.82106515e-01j -1.24339193e-01-1.94983729e-01j
  2.15484158e-01-7.95846169e-01j -9.92601783e-01-1.33403420e+00j
 -2.31040447e+00+1.65288670e-01j -1.23289888e+00+2.41576271e+00j
  1.51387559e+00+2.41546425e+00j  2.78752244e+00-2.87184736e-02j
  1.39146953e+00-2.21515366e+00j -9.91303757e-01-2.23393827e+00j
 -2.33117406e+00-4.09605488e-01j -1.62874082e+00+1.81366827e+00j
  8.50843088e-01+2.52393111e+00j  2.96133386e+00+5.09677200e-01j
  2.12054805e+00-2.60590848e+00j -1.17593487e+00-3.38010125e+00j
 -3.40153307e+00-9.47837554e-01j -2.57812780e+00+1.85574334e+00j
 -3.79728802e-01+2.57739996e+00j  1.00909975e+00+1.74600447e+00j
  1.40943698e+00+7.65270966e-01j  1.35371423e+00-5.92008380e-02j
  8.58128531e-01-6.54709862e-01j  2.22151641e-01-6.39432656e-01j
  1.06963714e-01-2.76574679e-01j  3.71736728e-01-3.45834676e-01j
  2.02789343e-01-8.30070856e-01j -5.34726866e-01-9.11043386e-01j
 -1.08582368e+00-2.31300513e-01j -8.39875337e-01+6.71182420e-01j
  6.82233706e-02+1.03335385e+00j  9.71551019e-01+4.85468911e-01j
  1.08175810e+00-7.21530567e-01j -2.29168817e-02-1.68822575e+00j
 -1.80515170e+00-1.26832927e+00j -2.64386145e+00+8.58973483e-01j
 -1.03917448e+00+3.14579935e+00j  2.24375021e+00+2.94659839e+00j
  3.86666806e+00-3.86524802e-01j  1.46256086e+00-3.59294281e+00j
 -2.63841043e+00-2.74029635e+00j -3.52481281e+00+1.44232724e+00j
 -3.28823034e-02+3.92186443e+00j  3.58361063e+00+1.81296300e+00j
  3.32067400e+00-2.11542641e+00j  1.60615262e-01-3.62843329e+00j
 -2.34584876e+00-2.14057937e+00j -2.73192479e+00+1.10979175e-01j
 -1.81661829e+00+1.67624444e+00j -2.98662108e-01+2.39736230e+00j
  1.43079163e+00+1.95629559e+00j  2.29535073e+00+3.21169523e-01j
  1.57942502e+00-1.22551124e+00j  2.89336812e-01-1.46586610e+00j
 -2.59413316e-01-9.80283758e-01j -4.16120903e-01-8.66574532e-01j
 -1.02961169e+00-6.71120918e-01j -1.31583895e+00+4.36666918e-01j
 -1.46374990e-01+1.35720021e+00j  1.28416886e+00+4.50862177e-01j
  8.04997578e-01-1.28137396e+00j -9.94223896e-01-1.28380846e+00j
 -1.38464479e+00+3.39733665e-01j -3.68639533e-02+8.53612876e-01j
  3.66288855e-01-4.11156520e-01j -1.15035871e+00-8.04355177e-01j
 -1.97189371e+00+1.02107935e+00j -2.85677454e-01+2.60999944e+00j
  1.85439281e+00+1.70287148e+00j  1.96289886e+00-2.69783194e-01j
  8.20857791e-01-9.57343172e-01j  3.42105577e-01-7.29307798e-01j
  1.85884375e-01-1.01445970e+00j -8.35225363e-01-1.21391141e+00j
 -1.86993680e+00-9.16078892e-03j -1.23267070e+00+1.80543461e+00j
  7.58546298e-01+2.27223738e+00j  2.29279940e+00+9.86529729e-01j
  2.36521623e+00-9.14540594e-01j  1.10070876e+00-2.29734779e+00j
 -8.27704893e-01-2.31573337e+00j -1.98434359e+00-7.67595019e-01j
 -1.21005881e+00+8.08460446e-01j  1.92816505e-01+4.71147507e-01j
 -2.92533510e-01-8.24266152e-01j -2.07279290e+00-5.19802771e-02j
 -1.57115899e+00+2.67864077e+00j  1.88485776e+00+3.28864637e+00j
  4.02949518e+00-0.00000000e+00j  1.88485776e+00-3.28864637e+00j
 -1.57115899e+00-2.67864077e+00j -2.07279290e+00+5.19802771e-02j
 -2.92533510e-01+8.24266152e-01j  1.92816505e-01-4.71147507e-01j
 -1.21005881e+00-8.08460446e-01j -1.98434359e+00+7.67595019e-01j
 -8.27704893e-01+2.31573337e+00j  1.10070876e+00+2.29734779e+00j
  2.36521623e+00+9.14540594e-01j  2.29279940e+00-9.86529729e-01j
  7.58546298e-01-2.27223738e+00j -1.23267070e+00-1.80543461e+00j
 -1.86993680e+00+9.16078892e-03j -8.35225363e-01+1.21391141e+00j
  1.85884375e-01+1.01445970e+00j  3.42105577e-01+7.29307798e-01j
  8.20857791e-01+9.57343172e-01j  1.96289886e+00+2.69783194e-01j
  1.85439281e+00-1.70287148e+00j -2.85677454e-01-2.60999944e+00j
 -1.97189371e+00-1.02107935e+00j -1.15035871e+00+8.04355177e-01j
  3.66288855e-01+4.11156520e-01j -3.68639533e-02-8.53612876e-01j
 -1.38464479e+00-3.39733665e-01j -9.94223896e-01+1.28380846e+00j
  8.04997578e-01+1.28137396e+00j  1.28416886e+00-4.50862177e-01j
 -1.46374990e-01-1.35720021e+00j -1.31583895e+00-4.36666918e-01j
 -1.02961169e+00+6.71120918e-01j -4.16120903e-01+8.66574532e-01j
 -2.59413316e-01+9.80283758e-01j  2.89336812e-01+1.46586610e+00j
  1.57942502e+00+1.22551124e+00j  2.29535073e+00-3.21169523e-01j
  1.43079163e+00-1.95629559e+00j -2.98662108e-01-2.39736230e+00j
 -1.81661829e+00-1.67624444e+00j -2.73192479e+00-1.10979175e-01j
 -2.34584876e+00+2.14057937e+00j  1.60615262e-01+3.62843329e+00j
  3.32067400e+00+2.11542641e+00j  3.58361063e+00-1.81296300e+00j
 -3.28823034e-02-3.92186443e+00j -3.52481281e+00-1.44232724e+00j
 -2.63841043e+00+2.74029635e+00j  1.46256086e+00+3.59294281e+00j
  3.86666806e+00+3.86524802e-01j  2.24375021e+00-2.94659839e+00j
 -1.03917448e+00-3.14579935e+00j -2.64386145e+00-8.58973483e-01j
 -1.80515170e+00+1.26832927e+00j -2.29168817e-02+1.68822575e+00j
  1.08175810e+00+7.21530567e-01j  9.71551019e-01-4.85468911e-01j
  6.82233706e-02-1.03335385e+00j -8.39875337e-01-6.71182420e-01j
 -1.08582368e+00+2.31300513e-01j -5.34726866e-01+9.11043386e-01j
  2.02789343e-01+8.30070856e-01j  3.71736728e-01+3.45834676e-01j
  1.06963714e-01+2.76574679e-01j  2.22151641e-01+6.39432656e-01j
  8.58128531e-01+6.54709862e-01j  1.35371423e+00+5.92008380e-02j
  1.40943698e+00-7.65270966e-01j  1.00909975e+00-1.74600447e+00j
 -3.79728802e-01-2.57739996e+00j -2.57812780e+00-1.85574334e+00j
 -3.40153307e+00+9.47837554e-01j -1.17593487e+00+3.38010125e+00j
  2.12054805e+00+2.60590848e+00j  2.96133386e+00-5.09677200e-01j
  8.50843088e-01-2.52393111e+00j -1.62874082e+00-1.81366827e+00j
 -2.33117406e+00+4.09605488e-01j -9.91303757e-01+2.23393827e+00j
  1.39146953e+00+2.21515366e+00j  2.78752244e+00+2.87184736e-02j
  1.51387559e+00-2.41546425e+00j -1.23289888e+00-2.41576271e+00j
 -2.31040447e+00-1.65288670e-01j -9.92601783e-01+1.33403420e+00j
  2.15484158e-01+7.95846169e-01j -1.24339193e-01+1.94983729e-01j
 -3.62025697e-01+8.82106515e-01j  7.78270155e-01+1.28900192e+00j
  1.70651438e+00+3.43271408e-02j  7.52697334e-01-1.35107823e+00j
 -7.96726808e-01-8.40261218e-01j -6.15618815e-01+7.03272012e-01j
  9.71482663e-01+7.85181670e-01j  1.46697799e+00-8.61139838e-01j
  3.18288879e-02-1.92761974e+00j -1.41003285e+00-1.13370724e+00j
 -1.40137135e+00+8.45618872e-02j -9.95224253e-01+4.12192218e-01j
 -1.17753471e+00+8.59969152e-01j -5.48647976e-01+2.20995438e+00j
  1.92724049e+00+2.42185592e+00j  3.72480231e+00-3.81772554e-01j
  1.73943596e+00-3.77383599e+00j -2.48047828e+00-3.51035022e+00j
 -4.15688773e+00+3.47374234e-01j -1.74198066e+00+3.39104790e+00j
  1.55019762e+00+2.92463740e+00j  2.74804894e+00+5.78466549e-01j
  2.10963061e+00-1.32259405e+00j  7.28617058e-01-2.37189638e+00j
 -1.19498310e+00-2.41383796e+00j -2.75624118e+00-8.06380149e-01j
 -2.32792469e+00+1.51069399e+00j -3.39847503e-01+2.24308818e+00j
  7.38874394e-01+1.16269599e+00j  2.04058552e-01+5.80677783e-01j
  1.70007269e-01+1.44554449e+00j  1.78942755e+00+1.73083573e+00j
  3.12896625e+00-6.37586413e-02j  2.24606057e+00-2.32623777e+00j
  1.44811009e-01-2.83373105e+00j -1.03795360e+00-1.91687790e+00j
 -1.21414818e+00-1.34760280e+00j -1.85385370e+00-1.27538838e+00j
 -3.06655241e+00-1.82587135e-01j -3.00891815e+00+2.31439990e+00j
 -5.15018088e-01+4.19665304e+00j  2.82796826e+00+3.25774976e+00j
  4.06719867e+00-6.06893263e-02j  2.13908772e+00-2.81674967e+00j
 -8.41631070e-01-2.65548692e+00j -1.85763091e+00-3.93022704e-01j
 -4.26423086e-01+9.65288124e-01j  8.92039110e-01-6.38220635e-02j
 -5.98605965e-02-1.52436453e+00j -1.96728960e+00-7.98783856e-01j
 -1.90277508e+00+1.50270172e+00j  3.27987000e-01+2.35120279e+00j
  1.91406390e+00+7.14813100e-01j  1.12092183e+00-1.17998684e+00j
 -7.04457356e-01-1.21778175e+00j -1.51824302e+00+2.59803295e-01j
 -7.57396736e-01+1.77547796e+00j  1.09242792e+00+2.21706340e+00j
  2.95444293e+00+8.75066170e-01j  3.09657853e+00-1.88068025e+00j
  6.91397832e-01-3.88523874e+00j -2.48993650e+00-3.08114592e+00j
 -3.67229595e+00-1.51054555e-01j -2.24178293e+00+2.25454105e+00j
  2.44687222e-02+2.60500575e+00j  1.41011059e+00+1.52054881e+00j
  1.64275692e+00+2.45008015e-01j  1.24223913e+00-6.26362005e-01j
  6.35264268e-01-1.08729625e+00j -5.44673017e-02-1.24686211e+00j
 -8.02741797e-01-1.05262459e+00j -1.38664451e+00-3.81066898e-01j
 -1.43026830e+00+6.12732889e-01j -7.96837002e-01+1.48340715e+00j
  3.45138734e-01+1.83162499e+00j  1.67326404e+00+1.30789672e+00j
  2.41024728e+00-3.21436841e-01j  1.43857560e+00-2.30247132e+00j
 -1.13325131e+00-2.68864066e+00j -3.00565807e+00-4.50320270e-01j
 -1.89855450e+00+2.48939520e+00j  1.33856234e+00+2.95752350e+00j
  3.36817929e+00+3.47224073e-01j  2.23468037e+00-2.69006978e+00j
 -7.50591590e-01-3.44876976e+00j -3.02175811e+00-1.71857564e+00j
 -3.23913849e+00+9.02940788e-01j -1.61999409e+00+2.75585802e+00j
  7.15867085e-01+2.84851294e+00j  2.19397102e+00+1.22935085e+00j
  1.76206759e+00-6.81501778e-01j  1.68970229e-01-1.08734967e+00j
 -5.07128602e-01+1.13585735e-01j  6.40816881e-01+9.15263047e-01j
  1.90120837e+00-3.05540483e-01j  9.98795645e-01-2.33358835e+00j
 -1.60449901e+00-2.35910111e+00j -2.84017535e+00+1.58255301e-01j
 -1.07272445e+00+2.31808178e+00j  1.40377623e+00+1.54486472e+00j
  1.42820754e+00-7.57662347e-01j -5.44837529e-01-1.24934017e+00j
 -1.32297902e+00+4.48055858e-01j  1.14026636e-01+1.49335145e+00j
  1.38324901e+00+4.20968375e-01j  7.60004900e-01-8.89338829e-01j
 -3.69387788e-01-6.28917906e-01j -2.58536936e-01+2.43439515e-01j
  4.58302210e-01+1.34955238e-01j  3.73750918e-01-5.41516682e-01j
 -2.42722775e-01-5.58636461e-01j -3.25010874e-01-9.70588815e-02j
 -5.62581034e-03-9.10525575e-02j -1.32679782e-01-4.38612831e-01j
 -6.62799077e-01-3.33241809e-01j -8.35664789e-01+3.12857301e-01j
 -3.69452846e-01+8.80606742e-01j  4.25477916e-01+9.28353086e-01j
  1.13616375e+00+3.13664354e-01j  1.17768284e+00-8.86758391e-01j
  3.35054970e-03-1.89136007e+00j -1.84518109e+00-1.44681549e+00j
 -2.64581959e+00+5.89497219e-01j -1.36019721e+00+2.53950247e+00j
  9.45059381e-01+2.64736613e+00j  2.32234188e+00+1.03348098e+00j
  2.02868869e+00-7.96673555e-01j  6.87783927e-01-1.70543357e+00j
 -7.99510826e-01-1.38110044e+00j -1.51098439e+00+3.45649021e-02j
 -5.93761754e-01+1.55097524e+00j  1.45502319e+00+1.40705153e+00j
  2.31296485e+00-8.25849922e-01j  4.12752734e-01-2.77404936e+00j
 -2.37884690e+00-1.78789027e+00j -2.65595429e+00+1.23977122e+00j
 -1.00030467e-01+2.66021121e+00j  1.93222709e+00+1.00292254e+00j
  1.11424323e+00-1.04694921e+00j -6.81429093e-01-6.76230123e-01j
 -4.40467436e-01+1.01584541e+00j  1.43013093e+00+9.69560658e-01j
  1.92906058e+00-1.07282944e+00j  1.32921136e-01-2.32604687e+00j
 -1.61945545e+00-1.27951057e+00j -1.46326085e+00+3.81577675e-01j
 -3.76408590e-01+7.84369233e-01j  8.34677143e-02+3.53428945e-01j
  8.49191977e-02+1.64434510e-01j  2.59832288e-01-2.54455409e-03j
  1.40685763e-01-5.31434110e-01j -6.61272049e-01-6.82971537e-01j
 -1.27732162e+00+1.36303558e-01j -8.52262212e-01+1.17201379e+00j
  2.05696702e-01+1.43257774e+00j  1.03206949e+00+8.86900909e-01j
  1.27522803e+00+8.44489796e-04j  8.80817954e-01-8.45699776e-01j
 -6.35563919e-02-1.20001503e+00j -1.04005219e+00-6.84619028e-01j
 -1.29215953e+00+5.19140409e-01j -3.74297063e-01+1.61407822e+00j
  1.35379657e+00+1.48372093e+00j  2.35154970e+00-4.01584204e-01j
  9.34556571e-01-2.56159492e+00j -2.06956936e+00-2.18653069e+00j
 -3.07555777e+00+1.07877931e+00j -2.41626743e-01+3.47594136e+00j
  3.20538485e+00+1.70806406e+00j  2.89253659e+00-2.14241098e+00j
 -5.87425037e-01-3.25132162e+00j -2.63976019e+00-7.30487851e-01j
 -1.21141295e+00+1.58800586e+00j  8.92816723e-01+9.50834770e-01j
  6.52780078e-01-8.75487771e-01j -1.07556062e+00-9.09656534e-01j
 -1.54699955e+00+7.45490436e-01j -2.78142192e-01+1.73476316e+00j
  8.82385299e-01+1.21107397e+00j  1.00715949e+00+5.14640211e-01j
  1.10458301e+00+4.16700158e-01j  1.75553643e+00-4.19688216e-02j
  1.87057893e+00-1.46163045e+00j  5.44467501e-01-2.73232344e+00j
 -1.46583854e+00-2.56510066e+00j -2.78443758e+00-9.90246576e-01j
 -2.65968962e+00+1.09407719e+00j -1.00623826e+00+2.54561943e+00j
  1.31944860e+00+2.16502012e+00j  2.34580988e+00-1.04857769e-01j
  8.11368629e-01-2.17724083e+00j -1.76937199e+00-1.73057230e+00j
 -2.49825381e+00+7.58708340e-01j -6.97507631e-01+2.43514284e+00j
  1.35817428e+00+1.68972143e+00j  1.56858079e+00-7.96780152e-02j
  4.57405610e-01-7.56643896e-01j -1.84752805e-01-2.30678152e-01j
  4.81433290e-02+1.58860757e-01j  1.96878854e-01+1.07374312e-02j
  5.21940003e-02+9.24978789e-02j  4.20319149e-01+3.60647079e-01j
  1.06312193e+00-2.53307387e-01j  4.77354768e-01-1.48932270e+00j
 -1.32161226e+00-1.34925727e+00j -1.95081945e+00+6.87619604e-01j
 -1.49631862e-01+2.13853016e+00j  1.88044651e+00+9.90366083e-01j
  1.58309259e+00-1.17437026e+00j -2.39674958e-01-1.61558033e+00j
 -1.02772976e+00-4.23984752e-01j -4.02095532e-01+2.41719764e-01j
 -1.06921807e-01-1.96265874e-01j -7.64404805e-01-2.68123698e-01j
 -1.02737105e+00+7.11023967e-01j -2.83560448e-02+1.48461946e+00j
  1.17760534e+00+9.26049378e-01j  1.27535490e+00-2.60713011e-01j
  5.78526549e-01-7.62486664e-01j  2.33374473e-01-6.39470894e-01j
  2.06346355e-01-8.80119812e-01j -5.37175483e-01-1.34623059e+00j
 -1.85989336e+00-7.03874929e-01j -2.04451390e+00+1.22646812e+00j
 -2.65945443e-01+2.55796051e+00j  1.86275020e+00+1.71777911e+00j
  2.25729518e+00-3.95496878e-01j  9.04487147e-01-1.66259340e+00j
 -5.18225803e-01-1.29146424e+00j -7.87605010e-01-2.53552754e-01j
 -1.63811208e-01+1.41082385e-01j  1.44008094e-01-4.32354402e-01j
 -6.91822200e-01-9.10989989e-01j -1.80156716e+00+6.97845822e-02j
 -1.22346282e+00+2.01245539e+00j  1.21587661e+00+2.44250915e+00j
  2.85472080e+00+2.65746429e-01j  1.68101493e+00-2.15044675e+00j
 -6.32734330e-01-2.20517425e+00j -1.40738854e+00-7.87412068e-01j
 -1.01647446e+00-2.51578266e-01j -1.42763516e+00-3.17612276e-01j
 -2.20098315e+00+8.63052978e-01j -1.28214024e+00+2.80202898e+00j
  1.16101094e+00+3.19036098e+00j  2.90550964e+00+1.59812288e+00j
  3.04890156e+00-3.37244429e-01j  2.39119922e+00-1.76238562e+00j
  1.16442428e+00-2.87849619e+00j -8.24708688e-01-3.08129438e+00j
 -2.40596363e+00-1.65045042e+00j -2.18311700e+00+1.85504554e-01j
 -1.08499902e+00+5.76698793e-01j -1.12625979e+00+1.26605325e-01j
 -1.87183610e+00+9.44801866e-01j -9.56446391e-01+2.72028000e+00j
  1.64727025e+00+2.67464972e+00j  2.82577056e+00+8.65777554e-02j
  9.05154267e-01-1.93762136e+00j -1.47197863e+00-7.54099693e-01j
 -8.99573054e-01+1.86966335e+00j  2.03361182e+00+2.12696288e+00j
  3.61573952e+00-7.44845333e-01j  1.78050651e+00-3.75374917e+00j
 -1.83656256e+00-3.93741669e+00j -4.17496488e+00-1.19741511e+00j
 -3.56041290e+00+2.27818550e+00j -5.76372709e-01+3.98334814e+00j
  2.48953583e+00+2.76447474e+00j  3.27722026e+00-1.90608249e-01j
  1.54713881e+00-2.21992060e+00j -5.54014135e-01-1.95387392e+00j
 -1.19378752e+00-6.52126513e-01j -8.91584691e-01+2.99794362e-02j
 -8.16190557e-01+3.35947493e-01j -5.33650200e-01+1.04021123e+00j
  6.83747063e-01+1.29512358e+00j  1.66364929e+00+5.81500673e-02j
  8.70708207e-01-1.47485524e+00j -8.06440102e-01-1.35057256e+00j
 -1.26255176e+00+4.91852948e-02j -3.74989177e-01+7.92615869e-01j
  3.57679534e-01+4.33442511e-01j  4.49930332e-01-8.47593021e-02j
  3.29786535e-01-5.44191294e-01j -3.06210577e-01-1.05453770e+00j
 -1.57293449e+00-6.73500578e-01j -1.98288988e+00+1.08052862e+00j
 -4.37208221e-01+2.48773202e+00j  1.52931494e+00+1.83259953e+00j
  1.85531006e+00+1.49589630e-01j  1.02848787e+00-5.43396854e-01j
  7.49707249e-01-4.03802089e-01j  8.97766547e-01-8.01363339e-01j
  2.45129853e-01-1.50000225e+00j -9.30335857e-01-1.22232635e+00j
 -1.27608746e+00-9.88712913e-02j -6.56458171e-01+5.90957846e-01j
 -9.43506731e-02+4.98450532e-01j  2.11634995e-02+3.20931312e-01j
  1.45999878e-01+3.36166626e-01j  4.20870329e-01+1.76515822e-01j
  4.69178665e-01-2.57571662e-01j  1.10204029e-01-6.08613956e-01j
 -4.42245201e-01-5.76504306e-01j -8.64696251e-01-1.14151214e-01j
 -8.51061039e-01+6.13893032e-01j -2.65507642e-01+1.20454240e+00j
  6.35585237e-01+1.24939055e+00j  1.39460043e+00+7.02209434e-01j
  1.74091227e+00-2.19682963e-01j  1.51589081e+00-1.32518800e+00j
  4.96750371e-01-2.24457113e+00j -1.13646887e+00-2.23385393e+00j
 -2.35769298e+00-9.02020246e-01j -2.10608289e+00+9.02193772e-01j
 -6.58150825e-01+1.70370762e+00j  5.39651981e-01+1.11011200e+00j
  6.53882948e-01+1.80157004e-01j  2.66197269e-01-1.96374217e-01j
  4.51085343e-03-3.12747454e-01j -4.75462159e-01-4.30457490e-01j
 -1.20641289e+00+1.70109256e-01j -9.18549452e-01+1.60819443e+00j
  9.67538139e-01+2.11134999e+00j  2.44115490e+00+3.47203254e-01j
  1.31474689e+00-1.82919513e+00j -1.10257566e+00-1.49340042e+00j
 -1.43153663e+00+8.69140468e-01j  7.93507303e-01+1.77959763e+00j
  2.36047154e+00-1.70240034e-01j  1.05216817e+00-2.38513620e+00j
 -1.44828914e+00-2.10794850e+00j -2.23401249e+00+5.35998542e-02j
 -8.76645632e-01+1.46691632e+00j  5.89165661e-01+8.95118510e-01j
  4.16925893e-01-3.63341574e-01j -8.20502697e-01-2.85226783e-01j
 -9.44172365e-01+1.24712989e+00j  8.90063967e-01+1.98611718e+00j
  2.53814127e+00+2.77662416e-01j  1.52678059e+00-2.13692349e+00j
 -1.15062927e+00-2.14299492e+00j -2.11611503e+00+2.60306591e-01j
 -3.38635625e-01+1.91957543e+00j  1.72030229e+00+9.76163349e-01j
  1.77451255e+00-1.13457891e+00j  1.11069804e-01-2.21713180e+00j
 -1.69125372e+00-1.54524253e+00j -2.27171783e+00+3.14318508e-01j
 -1.04666447e+00+1.88488694e+00j  8.69838493e-01+1.58663716e+00j
  1.24715518e+00-1.01965980e-01j -9.77779768e-02-6.45662790e-01j
 -5.23808986e-01+6.92724258e-01j  1.19530014e+00+1.22312962e+00j
  2.38470947e+00-8.29276894e-01j  6.34200185e-01-3.02614023e+00j
 -2.22070781e+00-2.41199250e+00j -3.06725517e+00+8.16666663e-02j
 -1.95827412e+00+1.75609753e+00j -7.39804478e-01+2.22088900e+00j
  3.88449378e-01+2.45792267e+00j  1.98892313e+00+2.03269138e+00j
  3.02412929e+00+1.93288298e-01j  2.19225729e+00-1.88268896e+00j
  2.60847070e-01-2.46013539e+00j -1.07641093e+00-1.64545444e+00j
 -1.45979170e+00-6.19147117e-01j -1.41482780e+00+2.57494178e-01j
 -9.14317453e-01+1.11459838e+00j  2.37736922e-01+1.48406841e+00j
  1.44692278e+00+7.49455007e-01j  1.65147372e+00-8.62987824e-01j
  3.08911870e-01-2.18354697e+00j -1.85268097e+00-1.81277854e+00j
 -2.87045357e+00+4.74656267e-01j -1.32683711e+00+2.72217356e+00j
  1.44180338e+00+2.46478286e+00j  2.38284564e+00+3.18792366e-03j
  6.71022617e-01-1.59310625e+00j -1.07552590e+00-5.63822828e-01j
 -4.79660862e-01+1.18647512e+00j  1.35364920e+00+9.66334750e-01j
  1.65247220e+00-9.17434973e-01j -4.64714846e-02-1.79788605e+00j
 -1.34937023e+00-4.84654587e-01j -4.00693362e-01+1.06572058e+00j
  1.45616257e+00+4.15929693e-01j  1.33708686e+00-1.91754448e+00j
 -1.30778566e+00-2.86796312e+00j -3.69156224e+00-6.63502117e-01j
 -2.92990682e+00+2.80152637e+00j  5.24133678e-01+4.02488166e+00j
  3.34924089e+00+1.81928558e+00j  3.03384887e+00-1.48641036e+00j
  4.35796674e-01-2.79691483e+00j -1.62155530e+00-1.54198162e+00j
 -1.62957447e+00+3.55376665e-01j -3.91899170e-01+1.11827771e+00j
  6.19679744e-01+5.78813560e-01j  6.02904828e-01-4.33663115e-01j
 -3.72723668e-01-8.49738363e-01j -1.31416235e+00-1.31245541e-02j
 -1.01744192e+00+1.48788010e+00j  5.98291374e-01+2.28186224e+00j
  2.57744820e+00+1.57968452e+00j  3.77614414e+00-6.83038706e-01j
  2.81329063e+00-3.72676541e+00j -6.65759514e-01-5.11247042e+00j
 -3.91016413e+00-2.98079825e+00j -3.86342557e+00+4.35831244e-01j
 -1.82372864e+00+1.76271126e+00j -4.85382845e-01+1.63206056e+00j
  9.02877061e-01+1.47345353e+00j  2.57820743e+00-2.90570359e-01j
  2.21601649e+00-3.01866159e+00j  1.93022868e+00-4.63935136e+00j
  2.82749005e+00-1.14534111e+01j -1.01987499e+01-2.56995063e+01j
 -4.75764238e+01-1.98513655e+01j -7.16092394e+01+3.57562665e+01j
 -2.38725147e+01+1.04745667e+02j  7.91522697e+01+9.96964493e+01j]
