Frame: 87
X_framed shape: (1024,)
X_framed dtype: complex128
X_framed:
[ 1.49608293e+02-0.00000000e+00j  8.24572577e+01-1.14771338e+02j
 -3.77536968e+01-1.12474346e+02j -8.33506389e+01-2.60333970e+01j
 -4.40110240e+01+3.23932310e+01j -5.85888191e-01+2.70232088e+01j
  5.72789257e+00+5.95889892e+00j -9.07449128e-01+2.42551434e+00j
  7.70783740e-01+4.88279174e+00j  3.87174237e+00+1.54668870e+00j
  1.86044920e+00-2.18903033e+00j -1.30663938e+00-2.16400488e+00j
 -2.90804441e+00-1.93436616e-01j -2.43400011e+00+2.60687975e+00j
  9.61353466e-01+3.89971861e+00j  3.98432441e+00+7.75856850e-01j
  1.90817164e+00-3.46030867e+00j -2.76963983e+00-2.82967093e+00j
 -3.61864872e+00+1.50433169e+00j -3.48217822e-01+3.53704603e+00j
  2.19965831e+00+1.82234216e+00j  2.01688108e+00-3.61661674e-01j
  8.40207323e-01-1.10949612e+00j -2.75704656e-02-9.98118895e-01j
 -5.51749777e-01-5.35755367e-01j -5.51289169e-01+1.20346412e-01j
 -2.03644281e-02+3.61104920e-01j  2.48580996e-01-5.98236179e-02j
 -2.02213801e-01-2.94477015e-01j -4.90747355e-01+3.07449605e-01j
  2.69979689e-01+8.27532120e-01j  1.17790036e+00+6.69548184e-02j
  6.94814495e-01-1.21174792e+00j -6.89712180e-01-1.20818044e+00j
 -1.07602645e+00-8.65140852e-02j -3.77800515e-01+3.05841680e-01j
 -3.61519575e-01-2.19777931e-01j -1.23448606e+00+1.48515828e-01j
 -9.56339490e-01+1.74625210e+00j  1.25069394e+00+2.25120937e+00j
  3.01370654e+00+7.42756390e-02j  1.75384823e+00-2.87895724e+00j
 -1.70416577e+00-3.25317979e+00j -3.85038013e+00-3.92545504e-01j
 -2.62570324e+00+2.84853034e+00j  3.96022307e-01+3.60707277e+00j
  2.42531955e+00+2.06244309e+00j  2.71008430e+00+2.02976743e-01j
  2.22068342e+00-1.05940121e+00j  1.40140435e+00-2.02682585e+00j
 -6.08901340e-03-2.53679528e+00j -1.59410906e+00-1.91043551e+00j
 -2.23810160e+00-2.35404467e-01j -1.30464595e+00+1.29893744e+00j
  4.83807347e-01+1.29425507e+00j  1.23591605e+00-4.18863000e-01j
 -3.07780875e-01-1.88987024e+00j -2.60378807e+00-8.06466135e-01j
 -2.54893564e+00+2.10635446e+00j  1.98080599e-01+3.42478309e+00j
  2.47127503e+00+1.79409717e+00j  2.31339540e+00-3.38850037e-01j
  1.35885778e+00-1.04110163e+00j  9.95771005e-01-1.49568253e+00j
 -1.32755465e-01-2.44672307e+00j -2.53595060e+00-1.85721514e+00j
 -3.45342278e+00+1.24139372e+00j -8.89835319e-01+3.87322725e+00j
  2.79636493e+00+2.93967077e+00j  3.93333204e+00-5.57651377e-01j
  1.91472012e+00-3.31724565e+00j -1.27704155e+00-3.54016043e+00j
 -3.60811802e+00-1.37247404e+00j -3.57056900e+00+2.03786895e+00j
 -6.19245044e-01+4.38295358e+00j  3.33443793e+00+3.29593363e+00j
  4.72979654e+00-7.47860225e-01j  2.16667648e+00-4.11349987e+00j
 -1.76267356e+00-3.85289173e+00j -3.45547275e+00-8.79631973e-01j
 -2.20275503e+00+1.54853805e+00j -2.65159177e-01+1.69271047e+00j
  3.20954069e-01+7.08326155e-01j -9.13320933e-02+4.28038970e-01j
 -1.23364597e-02+8.98992258e-01j  7.51463344e-01+8.76642476e-01j
  1.07909621e+00+8.49408920e-02j  6.02081575e-01-4.49222046e-01j
  2.26170778e-01-2.99081444e-01j  3.47361202e-01-2.63536886e-01j
  1.74549871e-01-6.41451420e-01j -5.23390177e-01-5.11835998e-01j
 -6.02616211e-01+4.18583965e-01j  4.68575341e-01+7.89400081e-01j
  1.22320945e+00-3.25383992e-01j  2.54868402e-01-1.53716188e+00j
 -1.34253914e+00-9.69830244e-01j -1.33489546e+00+7.74517186e-01j
  2.99498741e-01+1.29231335e+00j  1.20782315e+00-1.08140694e-01j
  5.45245734e-02-1.33708059e+00j -1.52936894e+00-4.87097528e-01j
 -1.17800308e+00+1.46400828e+00j  9.79853837e-01+1.87615395e+00j
  2.31875955e+00-1.26273860e-01j  9.20477434e-01-2.31777396e+00j
 -1.80054468e+00-1.88066271e+00j -2.45696116e+00+9.12048330e-01j
 -2.03005515e-02+2.55699175e+00j  2.36962418e+00+7.68802758e-01j
  1.39903530e+00-2.09297505e+00j -1.64906034e+00-2.05032947e+00j
 -2.58012856e+00+8.32737741e-01j -2.73538080e-01+2.62086906e+00j
  2.02817319e+00+1.22951580e+00j  1.66023361e+00-1.10118407e+00j
 -2.55975842e-01-1.60493933e+00j -1.32717169e+00-3.88751901e-01j
 -9.47120576e-01+8.96535709e-01j  1.60445035e-01+1.36391414e+00j
  1.29622381e+00+8.58899052e-01j  1.71640110e+00-4.91339248e-01j
  8.04918078e-01-1.82287422e+00j -9.61881547e-01-1.91101650e+00j
 -2.18311507e+00-4.94612978e-01j -1.83763418e+00+1.43913508e+00j
  1.53669848e-02+2.46392382e+00j  2.16556828e+00+1.49549971e+00j
  2.57730186e+00-1.13015918e+00j  2.62596784e-01-2.97283239e+00j
 -2.65170928e+00-1.64241333e+00j -2.69225808e+00+1.70048836e+00j
  3.31774784e-01+3.10600728e+00j  2.68954646e+00+1.01701843e+00j
  1.78386209e+00-1.62261349e+00j -5.16856834e-01-1.69689510e+00j
 -1.09775087e+00-1.92482576e-02j  4.45492461e-02+6.60015027e-01j
  6.79134084e-01-1.68844209e-01j  5.65763645e-02-7.83642923e-01j
 -5.10354644e-01-3.71330817e-01j -2.30237677e-01+3.52143861e-02j
  2.27391003e-02-3.31966052e-01j -5.64783133e-01-6.89009012e-01j
 -1.33063339e+00-8.59693724e-02j -1.16439585e+00+1.06998642e+00j
 -6.18677225e-02+1.62794346e+00j  1.03940028e+00+1.11952033e+00j
  1.34164530e+00-7.58485093e-03j  6.46882023e-01-9.22595380e-01j
 -5.19211549e-01-8.27404359e-01j -9.82785585e-01+3.02800907e-01j
 -9.52258012e-02+1.22715820e+00j  1.11934923e+00+7.79042784e-01j
  1.21369875e+00-4.05046737e-01j  4.30086440e-01-8.82634005e-01j
 -2.37176093e-02-6.58647938e-01j -1.69683117e-01-6.21266725e-01j
 -6.64725888e-01-4.93630173e-01j -8.60252958e-01+3.53801696e-01j
  5.29674643e-02+9.36357899e-01j  8.82383309e-01+1.48120185e-01j
  2.07929261e-01-7.27042424e-01j -6.35865495e-01+4.25749889e-02j
  4.74462909e-01+1.07391394e+00j  2.19670653e+00-3.37859972e-01j
  1.05280709e+00-3.18587175e+00j -2.77417591e+00-3.22137054e+00j
 -4.60717723e+00+6.93489670e-01j -1.74774610e+00+4.09212427e+00j
  2.23996525e+00+2.89677172e+00j  2.43470800e+00-6.80919201e-01j
 -3.62186391e-01-1.51274338e+00j -1.29286826e+00+7.51363318e-01j
  7.75094865e-01+1.73835457e+00j  1.96967654e+00-1.55473512e-01j
  4.26756097e-01-1.49155893e+00j -7.50447248e-01-2.88459843e-01j
  4.54614624e-01+5.50094901e-01j  1.17946840e+00-1.05236115e+00j
 -8.73612571e-01-2.18227869e+00j -2.82558776e+00-8.92172384e-02j
 -1.32805693e+00+2.67870328e+00j  1.80750073e+00+2.26657469e+00j
  2.58773562e+00-5.74363250e-01j  6.36130043e-01-2.25406256e+00j
 -1.38476722e+00-1.52256055e+00j -1.86254140e+00+2.05505578e-01j
 -9.55421187e-01+1.56734295e+00j  7.55344910e-01+1.77237077e+00j
  2.06659650e+00+3.20893572e-01j  1.42006927e+00-1.78478037e+00j
 -8.89799713e-01-2.27507979e+00j -2.45425121e+00-5.08323870e-01j
 -1.84341813e+00+1.56671646e+00j -1.59865224e-01+2.21319231e+00j
  1.16702573e+00+1.68919882e+00j  1.94405869e+00+6.52299131e-01j
  1.96492246e+00-8.44343838e-01j  6.49575227e-01-2.04461139e+00j
 -1.24217810e+00-1.57806584e+00j -1.78438791e+00+2.90131221e-01j
 -5.32280867e-01+1.56744501e+00j  9.52069963e-01+1.25131548e+00j
  1.53964938e+00+2.02869785e-01j  1.47225287e+00-8.19221159e-01j
  8.25451167e-01-1.83211593e+00j -7.00604978e-01-2.27091044e+00j
 -2.28985063e+00-1.21161366e+00j -2.42384136e+00+8.03662508e-01j
 -1.01771272e+00+2.05685124e+00j  5.36894730e-01+1.87019835e+00j
  1.36650489e+00+9.73422659e-01j  1.59557786e+00-7.26585160e-02j
  1.16750453e+00-1.19062908e+00j -1.35929514e-01-1.78492741e+00j
 -1.58935795e+00-1.04470283e+00j -1.85925736e+00+6.80604154e-01j
 -5.89313303e-01+1.93398731e+00j  1.16592699e+00+1.66863427e+00j
  2.02252653e+00+1.37924060e-01j  1.34156540e+00-1.46213084e+00j
 -3.30306638e-01-1.84126484e+00j -1.49130488e+00-6.81049932e-01j
 -1.02559799e+00+7.36485989e-01j  2.71487907e-01+7.38288393e-01j
  4.15225218e-01-4.54153801e-01j -9.64501678e-01-7.01232008e-01j
 -1.68984650e+00+1.03024530e+00j  6.80626698e-02+2.74098816e+00j
  2.89605320e+00+1.75744877e+00j  3.50849198e+00-1.61064854e+00j
  7.31754865e-01-4.06075074e+00j -2.92706670e+00-2.95827058e+00j
 -3.88825012e+00+6.92964551e-01j -1.35843735e+00+3.20671563e+00j
  1.68968506e+00+2.21433165e+00j  1.88866452e+00-5.23947741e-01j
 -3.01088799e-01-1.27163649e+00j -1.21866498e+00+6.22589467e-01j
  6.58207311e-01+1.78579905e+00j  2.34059081e+00-2.06669780e-02j
  9.58575021e-01-2.31293593e+00j -1.69860699e+00-1.71848790e+00j
 -2.01804150e+00+8.48445000e-01j  3.89510858e-03+1.91643162e+00j
  1.42186581e+00+7.40989910e-01j  1.12258510e+00-4.90479990e-01j
  5.64532594e-01-7.28997833e-01j  4.25286866e-01-9.84804988e-01j
 -2.45466185e-01-1.52479783e+00j -1.53345232e+00-1.17771421e+00j
 -2.02884561e+00+2.97876799e-01j -1.11844850e+00+1.48174869e+00j
  5.42169046e-02+1.42493668e+00j  4.24437698e-01+8.61427909e-01j
  4.02372292e-01+7.75469580e-01j  8.82102267e-01+9.13734834e-01j
  1.72978625e+00+3.28979627e-01j  1.85492234e+00-1.13981821e+00j
  5.53072240e-01-2.41626043e+00j -1.51413009e+00-2.19189913e+00j
 -2.73078079e+00-2.98011777e-01j -1.96303329e+00+1.92430769e+00j
  3.10803210e-01+2.67349001e+00j  2.25112980e+00+1.28023603e+00j
  2.20663591e+00-1.05246366e+00j  3.24600958e-01-2.21649686e+00j
 -1.45527893e+00-1.28840871e+00j -1.46172209e+00+4.13564246e-01j
 -2.48069359e-01+9.12324805e-01j  2.35211789e-01+1.06440536e-01j
 -5.93427538e-01-2.04436554e-01j -1.08289890e+00+9.79494009e-01j
  2.65764068e-01+2.21114428e+00j  2.44922961e+00+1.41143113e+00j
  2.92713202e+00-1.23090331e+00j  7.84270117e-01-3.11546481e+00j
 -1.87878213e+00-2.22863104e+00j -2.29563925e+00+2.95070972e-01j
 -4.59310999e-01+1.46467613e+00j  8.92237535e-01+2.58137649e-01j
  5.44113937e-03-1.12875634e+00j -1.58710337e+00-4.97733683e-01j
 -1.48631557e+00+1.32909261e+00j  2.12266987e-01+1.99888035e+00j
  1.48387144e+00+9.42441143e-01j  1.29599919e+00-4.05860604e-01j
  3.54389591e-01-8.77620890e-01j -3.94365852e-01-4.99772563e-01j
 -5.16027313e-01+2.84483266e-01j  1.98343881e-01+8.98983385e-01j
  1.39469734e+00+4.83641404e-01j  1.73271300e+00-1.19035876e+00j
  1.26934476e-01-2.66380595e+00j -2.35456806e+00-1.93417090e+00j
 -3.03970475e+00+8.31018952e-01j -8.93995466e-01+2.81075076e+00j
  1.72459039e+00+1.81529702e+00j  1.84445568e+00-7.31050112e-01j
 -2.23472267e-01-1.60925977e+00j -1.50729477e+00-1.29466723e-01j
 -6.10986007e-01+1.30677521e+00j  7.57884482e-01+9.36191245e-01j
  7.48837409e-01-1.99742101e-01j -1.66403697e-01-3.38694806e-01j
 -3.99621711e-01+5.35969614e-01j  5.34008326e-01+1.07540654e+00j
  1.65511253e+00+3.12496747e-01j  1.56645003e+00-1.37339063e+00j
 -2.14484420e-01-2.38652775e+00j -2.33520696e+00-1.25051268e+00j
 -2.48583101e+00+1.46557744e+00j -3.72737930e-02+3.11954066e+00j
  2.74994621e+00+1.81782396e+00j  3.09104198e+00-1.22268928e+00j
  8.25132972e-01-3.02880818e+00j -1.64734841e+00-2.19836683e+00j
 -2.22270636e+00-4.04358403e-02j -1.02526645e+00+1.34237979e+00j
  4.21287451e-01+1.20916815e+00j  1.06637887e+00+2.53330748e-01j
  8.96628949e-01-7.15001499e-01j  1.43666271e-01-1.37996610e+00j
 -1.07476088e+00-1.37892891e+00j -2.09313523e+00-2.46574863e-01j
 -1.75832561e+00+1.50373816e+00j -3.84389434e-02+2.24160300e+00j
  1.34986525e+00+1.25527872e+00j  1.17874366e+00+1.86988320e-02j
  6.05705416e-01-2.72848139e-02j  1.09514101e+00+9.61577992e-02j
  1.53214303e+00-1.17793046e+00j -2.83944057e-02-2.61138976e+00j
 -2.49013066e+00-1.65908906e+00j -2.77169928e+00+1.13664544e+00j
 -5.82328408e-01+2.53240763e+00j  1.14883193e+00+1.45222035e+00j
  8.90697295e-01+2.11821019e-01j  3.54315709e-01+4.27395682e-01j
  1.06877008e+00+7.88382939e-01j  1.96923746e+00-2.13163879e-01j
  1.43888086e+00-1.81045900e+00j -2.48755530e-01-2.30025420e+00j
 -1.53432233e+00-1.33987838e+00j -1.56746339e+00-6.09620622e-02j
 -9.31729960e-01+4.74134680e-01j -6.20777850e-01+4.25817922e-01j
 -6.43036606e-01+6.27863072e-01j -2.22225141e-01+1.06901435e+00j
  5.91160546e-01+8.76722206e-01j  7.66925957e-01+4.23006469e-02j
  1.44216502e-01-3.09623009e-01j -1.78432084e-01+1.45194324e-01j
  2.25744685e-01+4.37594631e-01j  5.82336736e-01+1.28502832e-01j
  5.44769834e-01-2.42389584e-01j  4.11219555e-01-5.51946723e-01j
 -6.43001333e-02-9.21819236e-01j -9.86240805e-01-6.37503454e-01j
 -1.19330023e+00+5.98833886e-01j -3.43496667e-02+1.34195200e+00j
  9.94107181e-01+5.72385233e-01j  6.45588328e-01-3.34888561e-01j
  1.64914324e-01-1.08569451e-01j  7.38409016e-01-1.93010580e-02j
  8.71265171e-01-1.26547553e+00j -9.39739055e-01-2.07201744e+00j
 -2.85961339e+00-2.98409706e-01j -1.96677556e+00+2.63977481e+00j
  1.29067776e+00+3.25127792e+00j  3.40480629e+00+6.74114118e-01j
  2.26652795e+00-2.24969379e+00j -4.58971255e-01-2.63020289e+00j
 -1.75974031e+00-8.32173187e-01j -9.72309483e-01+5.71828291e-01j
  3.73905057e-02+3.78168442e-01j -7.81990511e-04-2.13422874e-01j
 -3.25331774e-01-1.85983066e-01j -3.25268021e-01-1.48913335e-01j
 -7.43197865e-01-2.79324251e-01j -1.40492872e+00+5.71206786e-01j
 -5.31813372e-01+2.08753068e+00j  1.74315211e+00+1.76446874e+00j
  2.28577018e+00-7.92592651e-01j -6.68226442e-02-2.09259638e+00j
 -1.80811267e+00-1.47057537e-01j -2.33578261e-01+1.81234875e+00j
  1.87506546e+00+5.62755044e-01j  9.86502730e-01-1.62526072e+00j
 -1.11347816e+00-1.09138766e+00j -7.56933613e-01+7.72798909e-01j
  9.38406260e-01+3.22880064e-01j  2.77656792e-01-1.51634499e+00j
 -2.05061961e+00-8.67812572e-01j -1.91650342e+00+2.01725081e+00j
  1.15012300e+00+2.87487874e+00j  3.10052927e+00+3.13417862e-01j
  1.66753893e+00-2.31382940e+00j -9.05596225e-01-2.20555283e+00j
 -1.81971748e+00-3.24939029e-01j -8.95849459e-01+1.07569713e+00j
  5.48261911e-01+1.05752436e+00j  1.31662256e+00-1.45578661e-01j
  6.60376233e-01-1.58579552e+00j -1.12557030e+00-1.86583616e+00j
 -2.51193268e+00-4.37064875e-01j -2.23434524e+00+1.60684727e+00j
 -5.47366250e-01+2.73994241e+00j  1.37959906e+00+2.33772196e+00j
  2.40129010e+00+7.15029671e-01j  1.83386302e+00-1.03177465e+00j
  2.37830189e-01-1.45315260e+00j -5.93395203e-01-3.68848494e-01j
  1.93856726e-01+4.55524139e-01j  1.06591506e+00-3.21609804e-01j
  3.59233763e-01-1.47306936e+00j -1.03888177e+00-1.13263890e+00j
 -1.17319000e+00+1.73725519e-01j -2.30666529e-01+5.20617129e-01j
 -3.03256304e-02-1.65771634e-01j -8.28646051e-01-1.68273564e-01j
 -9.64098805e-01+9.47223652e-01j  2.42619582e-01+1.58141205e+00j
  1.36291237e+00+7.61964472e-01j  1.19933948e+00-4.00628126e-01j
  4.83264142e-01-6.59231252e-01j  3.50306998e-01-4.52136200e-01j
  5.01478407e-01-7.78802742e-01j -3.10121032e-02-1.41391841e+00j
 -1.19552572e+00-1.33813905e+00j -2.01823257e+00-2.64083459e-01j
 -1.85546698e+00+1.15683927e+00j -7.81442630e-01+2.19277722e+00j
  8.45837018e-01+2.37030564e+00j  2.42214446e+00+1.31094400e+00j
  2.86331216e+00-8.81738473e-01j  1.28475770e+00-2.91317076e+00j
 -1.54298940e+00-2.87667388e+00j -3.16224218e+00-4.33958618e-01j
 -2.00002082e+00+2.13840630e+00j  4.54445098e-01+2.40828324e+00j
  1.54736443e+00+8.92591680e-01j  1.09600105e+00-6.57114705e-02j
  9.79383823e-01-8.60122421e-02j  1.39107351e+00-8.37224620e-01j
  4.36526830e-01-2.31366684e+00j -2.05612111e+00-2.11683856e+00j
 -3.31558069e+00+6.32807152e-01j -1.42767713e+00+3.34064117e+00j
  1.89883557e+00+3.20344845e+00j  3.59693309e+00+5.68146294e-01j
  2.70483118e+00-2.05073104e+00j  6.08249938e-01-2.96438614e+00j
 -1.06542029e+00-2.39855879e+00j -1.86663335e+00-1.37124110e+00j
 -2.17021846e+00-3.54833203e-01j -2.07058805e+00+7.83230517e-01j
 -1.19008240e+00+1.80686365e+00j  2.69431112e-01+1.85830345e+00j
  1.08277565e+00+7.26896453e-01j  4.53485099e-01-3.03042712e-01j
 -5.69854461e-01+1.13294755e-01j -2.19710669e-01+1.35900149e+00j
  1.46444481e+00+1.37659168e+00j  2.30864117e+00-5.23279735e-01j
  7.81104750e-01-2.33665240e+00j -1.67471908e+00-1.73481129e+00j
 -2.22546036e+00+7.65972552e-01j -2.93569770e-01+2.33168407e+00j
  1.84494697e+00+1.44129838e+00j  2.18352342e+00-5.94377674e-01j
  9.76342569e-01-1.91135296e+00j -6.38334293e-01-1.98461444e+00j
 -1.91612166e+00-9.00443173e-01j -1.94431843e+00+1.01906835e+00j
 -1.36280949e-01+2.27138821e+00j  2.01881830e+00+1.20395241e+00j
  2.01204743e+00-1.27366367e+00j -1.57417348e-01-2.26150223e+00j
 -1.71593478e+00-8.32073799e-01j -1.03493613e+00+7.41858505e-01j
  2.64215913e-01+4.20024840e-01j -8.41678841e-02-8.32493157e-01j
 -1.80781490e+00-5.77224149e-01j -2.35821399e+00+1.80023515e+00j
  5.32475312e-02+3.92713103e+00j  3.82765273e+00+2.71440741e+00j
  4.89040485e+00-1.75548764e+00j  1.29471936e+00-5.25617599e+00j
 -3.69497162e+00-3.88867454e+00j -4.99682125e+00+9.79111386e-01j
 -1.75469401e+00+4.29519030e+00j  2.18461730e+00+3.41357192e+00j
  3.38070794e+00+2.96821291e-01j  1.93632891e+00-1.93973778e+00j
 -1.62554495e-01-2.14514091e+00j -1.35066051e+00-9.20021669e-01j
 -1.09086690e+00+4.55071759e-01j -4.45167701e-02+8.13972411e-01j
  4.79159734e-01+2.42973258e-01j  2.71210617e-01-7.37678697e-02j
  3.97589382e-01+5.12732924e-02j  8.41870116e-01-5.48895105e-01j
  4.36553066e-02-1.70233739e+00j -1.94773916e+00-1.25876152e+00j
 -2.43375249e+00+1.25595724e+00j -7.98473228e-02+2.92469570e+00j
  2.50967894e+00+1.47194388e+00j  2.39521249e+00-1.33825494e+00j
  2.15639640e-01-2.47903136e+00j -1.58519781e+00-1.57765222e+00j
 -2.12595456e+00-0.00000000e+00j -1.58519781e+00+1.57765222e+00j
  2.15639640e-01+2.47903136e+00j  2.39521249e+00+1.33825494e+00j
  2.50967894e+00-1.47194388e+00j -7.98473228e-02-2.92469570e+00j
 -2.43375249e+00-1.25595724e+00j -1.94773916e+00+1.25876152e+00j
  4.36553066e-02+1.70233739e+00j  8.41870116e-01+5.48895105e-01j
  3.97589382e-01-5.12732924e-02j  2.71210617e-01+7.37678697e-02j
  4.79159734e-01-2.42973258e-01j -4.45167701e-02-8.13972411e-01j
 -1.09086690e+00-4.55071759e-01j -1.35066051e+00+9.20021669e-01j
 -1.62554495e-01+2.14514091e+00j  1.93632891e+00+1.93973778e+00j
  3.38070794e+00-2.96821291e-01j  2.18461730e+00-3.41357192e+00j
 -1.75469401e+00-4.29519030e+00j -4.99682125e+00-9.79111386e-01j
 -3.69497162e+00+3.88867454e+00j  1.29471936e+00+5.25617599e+00j
  4.89040485e+00+1.75548764e+00j  3.82765273e+00-2.71440741e+00j
  5.32475312e-02-3.92713103e+00j -2.35821399e+00-1.80023515e+00j
 -1.80781490e+00+5.77224149e-01j -8.41678841e-02+8.32493157e-01j
  2.64215913e-01-4.20024840e-01j -1.03493613e+00-7.41858505e-01j
 -1.71593478e+00+8.32073799e-01j -1.57417348e-01+2.26150223e+00j
  2.01204743e+00+1.27366367e+00j  2.01881830e+00-1.20395241e+00j
 -1.36280949e-01-2.27138821e+00j -1.94431843e+00-1.01906835e+00j
 -1.91612166e+00+9.00443173e-01j -6.38334293e-01+1.98461444e+00j
  9.76342569e-01+1.91135296e+00j  2.18352342e+00+5.94377674e-01j
  1.84494697e+00-1.44129838e+00j -2.93569770e-01-2.33168407e+00j
 -2.22546036e+00-7.65972552e-01j -1.67471908e+00+1.73481129e+00j
  7.81104750e-01+2.33665240e+00j  2.30864117e+00+5.23279735e-01j
  1.46444481e+00-1.37659168e+00j -2.19710669e-01-1.35900149e+00j
 -5.69854461e-01-1.13294755e-01j  4.53485099e-01+3.03042712e-01j
  1.08277565e+00-7.26896453e-01j  2.69431112e-01-1.85830345e+00j
 -1.19008240e+00-1.80686365e+00j -2.07058805e+00-7.83230517e-01j
 -2.17021846e+00+3.54833203e-01j -1.86663335e+00+1.37124110e+00j
 -1.06542029e+00+2.39855879e+00j  6.08249938e-01+2.96438614e+00j
  2.70483118e+00+2.05073104e+00j  3.59693309e+00-5.68146294e-01j
  1.89883557e+00-3.20344845e+00j -1.42767713e+00-3.34064117e+00j
 -3.31558069e+00-6.32807152e-01j -2.05612111e+00+2.11683856e+00j
  4.36526830e-01+2.31366684e+00j  1.39107351e+00+8.37224620e-01j
  9.79383823e-01+8.60122421e-02j  1.09600105e+00+6.57114705e-02j
  1.54736443e+00-8.92591680e-01j  4.54445098e-01-2.40828324e+00j
 -2.00002082e+00-2.13840630e+00j -3.16224218e+00+4.33958618e-01j
 -1.54298940e+00+2.87667388e+00j  1.28475770e+00+2.91317076e+00j
  2.86331216e+00+8.81738473e-01j  2.42214446e+00-1.31094400e+00j
  8.45837018e-01-2.37030564e+00j -7.81442630e-01-2.19277722e+00j
 -1.85546698e+00-1.15683927e+00j -2.01823257e+00+2.64083459e-01j
 -1.19552572e+00+1.33813905e+00j -3.10121032e-02+1.41391841e+00j
  5.01478407e-01+7.78802742e-01j  3.50306998e-01+4.52136200e-01j
  4.83264142e-01+6.59231252e-01j  1.19933948e+00+4.00628126e-01j
  1.36291237e+00-7.61964472e-01j  2.42619582e-01-1.58141205e+00j
 -9.64098805e-01-9.47223652e-01j -8.28646051e-01+1.68273564e-01j
 -3.03256304e-02+1.65771634e-01j -2.30666529e-01-5.20617129e-01j
 -1.17319000e+00-1.73725519e-01j -1.03888177e+00+1.13263890e+00j
  3.59233763e-01+1.47306936e+00j  1.06591506e+00+3.21609804e-01j
  1.93856726e-01-4.55524139e-01j -5.93395203e-01+3.68848494e-01j
  2.37830189e-01+1.45315260e+00j  1.83386302e+00+1.03177465e+00j
  2.40129010e+00-7.15029671e-01j  1.37959906e+00-2.33772196e+00j
 -5.47366250e-01-2.73994241e+00j -2.23434524e+00-1.60684727e+00j
 -2.51193268e+00+4.37064875e-01j -1.12557030e+00+1.86583616e+00j
  6.60376233e-01+1.58579552e+00j  1.31662256e+00+1.45578661e-01j
  5.48261911e-01-1.05752436e+00j -8.95849459e-01-1.07569713e+00j
 -1.81971748e+00+3.24939029e-01j -9.05596225e-01+2.20555283e+00j
  1.66753893e+00+2.31382940e+00j  3.10052927e+00-3.13417862e-01j
  1.15012300e+00-2.87487874e+00j -1.91650342e+00-2.01725081e+00j
 -2.05061961e+00+8.67812572e-01j  2.77656792e-01+1.51634499e+00j
  9.38406260e-01-3.22880064e-01j -7.56933613e-01-7.72798909e-01j
 -1.11347816e+00+1.09138766e+00j  9.86502730e-01+1.62526072e+00j
  1.87506546e+00-5.62755044e-01j -2.33578261e-01-1.81234875e+00j
 -1.80811267e+00+1.47057537e-01j -6.68226442e-02+2.09259638e+00j
  2.28577018e+00+7.92592651e-01j  1.74315211e+00-1.76446874e+00j
 -5.31813372e-01-2.08753068e+00j -1.40492872e+00-5.71206786e-01j
 -7.43197865e-01+2.79324251e-01j -3.25268021e-01+1.48913335e-01j
 -3.25331774e-01+1.85983066e-01j -7.81990511e-04+2.13422874e-01j
  3.73905057e-02-3.78168442e-01j -9.72309483e-01-5.71828291e-01j
 -1.75974031e+00+8.32173187e-01j -4.58971255e-01+2.63020289e+00j
  2.26652795e+00+2.24969379e+00j  3.40480629e+00-6.74114118e-01j
  1.29067776e+00-3.25127792e+00j -1.96677556e+00-2.63977481e+00j
 -2.85961339e+00+2.98409706e-01j -9.39739055e-01+2.07201744e+00j
  8.71265171e-01+1.26547553e+00j  7.38409016e-01+1.93010580e-02j
  1.64914324e-01+1.08569451e-01j  6.45588328e-01+3.34888561e-01j
  9.94107181e-01-5.72385233e-01j -3.43496667e-02-1.34195200e+00j
 -1.19330023e+00-5.98833886e-01j -9.86240805e-01+6.37503454e-01j
 -6.43001333e-02+9.21819236e-01j  4.11219555e-01+5.51946723e-01j
  5.44769834e-01+2.42389584e-01j  5.82336736e-01-1.28502832e-01j
  2.25744685e-01-4.37594631e-01j -1.78432084e-01-1.45194324e-01j
  1.44216502e-01+3.09623009e-01j  7.66925957e-01-4.23006469e-02j
  5.91160546e-01-8.76722206e-01j -2.22225141e-01-1.06901435e+00j
 -6.43036606e-01-6.27863072e-01j -6.20777850e-01-4.25817922e-01j
 -9.31729960e-01-4.74134680e-01j -1.56746339e+00+6.09620622e-02j
 -1.53432233e+00+1.33987838e+00j -2.48755530e-01+2.30025420e+00j
  1.43888086e+00+1.81045900e+00j  1.96923746e+00+2.13163879e-01j
  1.06877008e+00-7.88382939e-01j  3.54315709e-01-4.27395682e-01j
  8.90697295e-01-2.11821019e-01j  1.14883193e+00-1.45222035e+00j
 -5.82328408e-01-2.53240763e+00j -2.77169928e+00-1.13664544e+00j
 -2.49013066e+00+1.65908906e+00j -2.83944057e-02+2.61138976e+00j
  1.53214303e+00+1.17793046e+00j  1.09514101e+00-9.61577992e-02j
  6.05705416e-01+2.72848139e-02j  1.17874366e+00-1.86988320e-02j
  1.34986525e+00-1.25527872e+00j -3.84389434e-02-2.24160300e+00j
 -1.75832561e+00-1.50373816e+00j -2.09313523e+00+2.46574863e-01j
 -1.07476088e+00+1.37892891e+00j  1.43666271e-01+1.37996610e+00j
  8.96628949e-01+7.15001499e-01j  1.06637887e+00-2.53330748e-01j
  4.21287451e-01-1.20916815e+00j -1.02526645e+00-1.34237979e+00j
 -2.22270636e+00+4.04358403e-02j -1.64734841e+00+2.19836683e+00j
  8.25132972e-01+3.02880818e+00j  3.09104198e+00+1.22268928e+00j
  2.74994621e+00-1.81782396e+00j -3.72737930e-02-3.11954066e+00j
 -2.48583101e+00-1.46557744e+00j -2.33520696e+00+1.25051268e+00j
 -2.14484420e-01+2.38652775e+00j  1.56645003e+00+1.37339063e+00j
  1.65511253e+00-3.12496747e-01j  5.34008326e-01-1.07540654e+00j
 -3.99621711e-01-5.35969614e-01j -1.66403697e-01+3.38694806e-01j
  7.48837409e-01+1.99742101e-01j  7.57884482e-01-9.36191245e-01j
 -6.10986007e-01-1.30677521e+00j -1.50729477e+00+1.29466723e-01j
 -2.23472267e-01+1.60925977e+00j  1.84445568e+00+7.31050112e-01j
  1.72459039e+00-1.81529702e+00j -8.93995466e-01-2.81075076e+00j
 -3.03970475e+00-8.31018952e-01j -2.35456806e+00+1.93417090e+00j
  1.26934476e-01+2.66380595e+00j  1.73271300e+00+1.19035876e+00j
  1.39469734e+00-4.83641404e-01j  1.98343881e-01-8.98983385e-01j
 -5.16027313e-01-2.84483266e-01j -3.94365852e-01+4.99772563e-01j
  3.54389591e-01+8.77620890e-01j  1.29599919e+00+4.05860604e-01j
  1.48387144e+00-9.42441143e-01j  2.12266987e-01-1.99888035e+00j
 -1.48631557e+00-1.32909261e+00j -1.58710337e+00+4.97733683e-01j
  5.44113937e-03+1.12875634e+00j  8.92237535e-01-2.58137649e-01j
 -4.59310999e-01-1.46467613e+00j -2.29563925e+00-2.95070972e-01j
 -1.87878213e+00+2.22863104e+00j  7.84270117e-01+3.11546481e+00j
  2.92713202e+00+1.23090331e+00j  2.44922961e+00-1.41143113e+00j
  2.65764068e-01-2.21114428e+00j -1.08289890e+00-9.79494009e-01j
 -5.93427538e-01+2.04436554e-01j  2.35211789e-01-1.06440536e-01j
 -2.48069359e-01-9.12324805e-01j -1.46172209e+00-4.13564246e-01j
 -1.45527893e+00+1.28840871e+00j  3.24600958e-01+2.21649686e+00j
  2.20663591e+00+1.05246366e+00j  2.25112980e+00-1.28023603e+00j
  3.10803210e-01-2.67349001e+00j -1.96303329e+00-1.92430769e+00j
 -2.73078079e+00+2.98011777e-01j -1.51413009e+00+2.19189913e+00j
  5.53072240e-01+2.41626043e+00j  1.85492234e+00+1.13981821e+00j
  1.72978625e+00-3.28979627e-01j  8.82102267e-01-9.13734834e-01j
  4.02372292e-01-7.75469580e-01j  4.24437698e-01-8.61427909e-01j
  5.42169046e-02-1.42493668e+00j -1.11844850e+00-1.48174869e+00j
 -2.02884561e+00-2.97876799e-01j -1.53345232e+00+1.17771421e+00j
 -2.45466185e-01+1.52479783e+00j  4.25286866e-01+9.84804988e-01j
  5.64532594e-01+7.28997833e-01j  1.12258510e+00+4.90479990e-01j
  1.42186581e+00-7.40989910e-01j  3.89510858e-03-1.91643162e+00j
 -2.01804150e+00-8.48445000e-01j -1.69860699e+00+1.71848790e+00j
  9.58575021e-01+2.31293593e+00j  2.34059081e+00+2.06669780e-02j
  6.58207311e-01-1.78579905e+00j -1.21866498e+00-6.22589467e-01j
 -3.01088799e-01+1.27163649e+00j  1.88866452e+00+5.23947741e-01j
  1.68968506e+00-2.21433165e+00j -1.35843735e+00-3.20671563e+00j
 -3.88825012e+00-6.92964551e-01j -2.92706670e+00+2.95827058e+00j
  7.31754865e-01+4.06075074e+00j  3.50849198e+00+1.61064854e+00j
  2.89605320e+00-1.75744877e+00j  6.80626698e-02-2.74098816e+00j
 -1.68984650e+00-1.03024530e+00j -9.64501678e-01+7.01232008e-01j
  4.15225218e-01+4.54153801e-01j  2.71487907e-01-7.38288393e-01j
 -1.02559799e+00-7.36485989e-01j -1.49130488e+00+6.81049932e-01j
 -3.30306638e-01+1.84126484e+00j  1.34156540e+00+1.46213084e+00j
  2.02252653e+00-1.37924060e-01j  1.16592699e+00-1.66863427e+00j
 -5.89313303e-01-1.93398731e+00j -1.85925736e+00-6.80604154e-01j
 -1.58935795e+00+1.04470283e+00j -1.35929514e-01+1.78492741e+00j
  1.16750453e+00+1.19062908e+00j  1.59557786e+00+7.26585160e-02j
  1.36650489e+00-9.73422659e-01j  5.36894730e-01-1.87019835e+00j
 -1.01771272e+00-2.05685124e+00j -2.42384136e+00-8.03662508e-01j
 -2.28985063e+00+1.21161366e+00j -7.00604978e-01+2.27091044e+00j
  8.25451167e-01+1.83211593e+00j  1.47225287e+00+8.19221159e-01j
  1.53964938e+00-2.02869785e-01j  9.52069963e-01-1.25131548e+00j
 -5.32280867e-01-1.56744501e+00j -1.78438791e+00-2.90131221e-01j
 -1.24217810e+00+1.57806584e+00j  6.49575227e-01+2.04461139e+00j
  1.96492246e+00+8.44343838e-01j  1.94405869e+00-6.52299131e-01j
  1.16702573e+00-1.68919882e+00j -1.59865224e-01-2.21319231e+00j
 -1.84341813e+00-1.56671646e+00j -2.45425121e+00+5.08323870e-01j
 -8.89799713e-01+2.27507979e+00j  1.42006927e+00+1.78478037e+00j
  2.06659650e+00-3.20893572e-01j  7.55344910e-01-1.77237077e+00j
 -9.55421187e-01-1.56734295e+00j -1.86254140e+00-2.05505578e-01j
 -1.38476722e+00+1.52256055e+00j  6.36130043e-01+2.25406256e+00j
  2.58773562e+00+5.74363250e-01j  1.80750073e+00-2.26657469e+00j
 -1.32805693e+00-2.67870328e+00j -2.82558776e+00+8.92172384e-02j
 -8.73612571e-01+2.18227869e+00j  1.17946840e+00+1.05236115e+00j
  4.54614624e-01-5.50094901e-01j -7.50447248e-01+2.88459843e-01j
  4.26756097e-01+1.49155893e+00j  1.96967654e+00+1.55473512e-01j
  7.75094865e-01-1.73835457e+00j -1.29286826e+00-7.51363318e-01j
 -3.62186391e-01+1.51274338e+00j  2.43470800e+00+6.80919201e-01j
  2.23996525e+00-2.89677172e+00j -1.74774610e+00-4.09212427e+00j
 -4.60717723e+00-6.93489670e-01j -2.77417591e+00+3.22137054e+00j
  1.05280709e+00+3.18587175e+00j  2.19670653e+00+3.37859972e-01j
  4.74462909e-01-1.07391394e+00j -6.35865495e-01-4.25749889e-02j
  2.07929261e-01+7.27042424e-01j  8.82383309e-01-1.48120185e-01j
  5.29674643e-02-9.36357899e-01j -8.60252958e-01-3.53801696e-01j
 -6.64725888e-01+4.93630173e-01j -1.69683117e-01+6.21266725e-01j
 -2.37176093e-02+6.58647938e-01j  4.30086440e-01+8.82634005e-01j
  1.21369875e+00+4.05046737e-01j  1.11934923e+00-7.79042784e-01j
 -9.52258012e-02-1.22715820e+00j -9.82785585e-01-3.02800907e-01j
 -5.19211549e-01+8.27404359e-01j  6.46882023e-01+9.22595380e-01j
  1.34164530e+00+7.58485093e-03j  1.03940028e+00-1.11952033e+00j
 -6.18677225e-02-1.62794346e+00j -1.16439585e+00-1.06998642e+00j
 -1.33063339e+00+8.59693724e-02j -5.64783133e-01+6.89009012e-01j
  2.27391003e-02+3.31966052e-01j -2.30237677e-01-3.52143861e-02j
 -5.10354644e-01+3.71330817e-01j  5.65763645e-02+7.83642923e-01j
  6.79134084e-01+1.68844209e-01j  4.45492461e-02-6.60015027e-01j
 -1.09775087e+00+1.92482576e-02j -5.16856834e-01+1.69689510e+00j
  1.78386209e+00+1.62261349e+00j  2.68954646e+00-1.01701843e+00j
  3.31774784e-01-3.10600728e+00j -2.69225808e+00-1.70048836e+00j
 -2.65170928e+00+1.64241333e+00j  2.62596784e-01+2.97283239e+00j
  2.57730186e+00+1.13015918e+00j  2.16556828e+00-1.49549971e+00j
  1.53669848e-02-2.46392382e+00j -1.83763418e+00-1.43913508e+00j
 -2.18311507e+00+4.94612978e-01j -9.61881547e-01+1.91101650e+00j
  8.04918078e-01+1.82287422e+00j  1.71640110e+00+4.91339248e-01j
  1.29622381e+00-8.58899052e-01j  1.60445035e-01-1.36391414e+00j
 -9.47120576e-01-8.96535709e-01j -1.32717169e+00+3.88751901e-01j
 -2.55975842e-01+1.60493933e+00j  1.66023361e+00+1.10118407e+00j
  2.02817319e+00-1.22951580e+00j -2.73538080e-01-2.62086906e+00j
 -2.58012856e+00-8.32737741e-01j -1.64906034e+00+2.05032947e+00j
  1.39903530e+00+2.09297505e+00j  2.36962418e+00-7.68802758e-01j
 -2.03005515e-02-2.55699175e+00j -2.45696116e+00-9.12048330e-01j
 -1.80054468e+00+1.88066271e+00j  9.20477434e-01+2.31777396e+00j
  2.31875955e+00+1.26273860e-01j  9.79853837e-01-1.87615395e+00j
 -1.17800308e+00-1.46400828e+00j -1.52936894e+00+4.87097528e-01j
  5.45245734e-02+1.33708059e+00j  1.20782315e+00+1.08140694e-01j
  2.99498741e-01-1.29231335e+00j -1.33489546e+00-7.74517186e-01j
 -1.34253914e+00+9.69830244e-01j  2.54868402e-01+1.53716188e+00j
  1.22320945e+00+3.25383992e-01j  4.68575341e-01-7.89400081e-01j
 -6.02616211e-01-4.18583965e-01j -5.23390177e-01+5.11835998e-01j
  1.74549871e-01+6.41451420e-01j  3.47361202e-01+2.63536886e-01j
  2.26170778e-01+2.99081444e-01j  6.02081575e-01+4.49222046e-01j
  1.07909621e+00-8.49408920e-02j  7.51463344e-01-8.76642476e-01j
 -1.23364597e-02-8.98992258e-01j -9.13320933e-02-4.28038970e-01j
  3.20954069e-01-7.08326155e-01j -2.65159177e-01-1.69271047e+00j
 -2.20275503e+00-1.54853805e+00j -3.45547275e+00+8.79631973e-01j
 -1.76267356e+00+3.85289173e+00j  2.16667648e+00+4.11349987e+00j
  4.72979654e+00+7.47860225e-01j  3.33443793e+00-3.29593363e+00j
 -6.19245044e-01-4.38295358e+00j -3.57056900e+00-2.03786895e+00j
 -3.60811802e+00+1.37247404e+00j -1.27704155e+00+3.54016043e+00j
  1.91472012e+00+3.31724565e+00j  3.93333204e+00+5.57651377e-01j
  2.79636493e+00-2.93967077e+00j -8.89835319e-01-3.87322725e+00j
 -3.45342278e+00-1.24139372e+00j -2.53595060e+00+1.85721514e+00j
 -1.32755465e-01+2.44672307e+00j  9.95771005e-01+1.49568253e+00j
  1.35885778e+00+1.04110163e+00j  2.31339540e+00+3.38850037e-01j
  2.47127503e+00-1.79409717e+00j  1.98080599e-01-3.42478309e+00j
 -2.54893564e+00-2.10635446e+00j -2.60378807e+00+8.06466135e-01j
 -3.07780875e-01+1.88987024e+00j  1.23591605e+00+4.18863000e-01j
  4.83807347e-01-1.29425507e+00j -1.30464595e+00-1.29893744e+00j
 -2.23810160e+00+2.35404467e-01j -1.59410906e+00+1.91043551e+00j
 -6.08901340e-03+2.53679528e+00j  1.40140435e+00+2.02682585e+00j
  2.22068342e+00+1.05940121e+00j  2.71008430e+00-2.02976743e-01j
  2.42531955e+00-2.06244309e+00j  3.96022307e-01-3.60707277e+00j
 -2.62570324e+00-2.84853034e+00j -3.85038013e+00+3.92545504e-01j
 -1.70416577e+00+3.25317979e+00j  1.75384823e+00+2.87895724e+00j
  3.01370654e+00-7.42756390e-02j  1.25069394e+00-2.25120937e+00j
 -9.56339490e-01-1.74625210e+00j -1.23448606e+00-1.48515828e-01j
 -3.61519575e-01+2.19777931e-01j -3.77800515e-01-3.05841680e-01j
 -1.07602645e+00+8.65140852e-02j -6.89712180e-01+1.20818044e+00j
  6.94814495e-01+1.21174792e+00j  1.17790036e+00-6.69548184e-02j
  2.69979689e-01-8.27532120e-01j -4.90747355e-01-3.07449605e-01j
 -2.02213801e-01+2.94477015e-01j  2.48580996e-01+5.98236179e-02j
 -2.03644281e-02-3.61104920e-01j -5.51289169e-01-1.20346412e-01j
 -5.51749777e-01+5.35755367e-01j -2.75704656e-02+9.98118895e-01j
  8.40207323e-01+1.10949612e+00j  2.01688108e+00+3.61661674e-01j
  2.19965831e+00-1.82234216e+00j -3.48217822e-01-3.53704603e+00j
 -3.61864872e+00-1.50433169e+00j -2.76963983e+00+2.82967093e+00j
  1.90817164e+00+3.46030867e+00j  3.98432441e+00-7.75856850e-01j
  9.61353466e-01-3.89971861e+00j -2.43400011e+00-2.60687975e+00j
 -2.90804441e+00+1.93436616e-01j -1.30663938e+00+2.16400488e+00j
  1.86044920e+00+2.18903033e+00j  3.87174237e+00-1.54668870e+00j
  7.70783740e-01-4.88279174e+00j -9.07449128e-01-2.42551434e+00j
  5.72789257e+00-5.95889892e+00j -5.85888191e-01-2.70232088e+01j
 -4.40110240e+01-3.23932310e+01j -8.33506389e+01+2.60333970e+01j
 -3.77536968e+01+1.12474346e+02j  8.24572577e+01+1.14771338e+02j]
