Frame: 91
X_framed shape: (1024,)
X_framed dtype: complex128
X_framed:
[ 6.92166862-0.00000000e+00j  4.08090154-4.98505989e+00j
 -1.05464251-5.02385471e+00j -3.01180368-1.44884469e+00j
 -1.31453538+7.90016231e-01j  0.20069834+1.61465573e-01j
 -0.25082241-6.01458544e-01j -0.62937203+4.85680452e-02j
  0.28884537+2.75042875e-01j  0.5327324 -1.03313652e+00j
 -1.23959248-1.68108637e+00j -2.78330496+2.28058910e-01j
 -1.49006838+2.79470224e+00j  1.57368466+2.84205232e+00j
  3.14214904+2.41788169e-01j  1.87896599-2.33765869e+00j
 -0.76983445-2.77785868e+00j -2.65574465-1.01606493e+00j
 -2.40117341+1.57589840e+00j -0.03801643+2.91827919e+00j
  2.45548947+1.57475207e+00j  2.49357045-1.28594774e+00j
  0.04763871-2.53738930e+00j -1.86714425-9.63454976e-01j
 -1.16932301+1.00162208e+00j  0.46318039+8.55725182e-01j
  0.47925674-3.90757936e-01j -0.55533818-3.20392729e-01j
 -0.34379423+7.40404025e-01j  0.94739734+4.84314112e-01j
  0.86645443-1.16562176e+00j -1.11851679-1.58910937e+00j
 -2.38151909+4.40759776e-01j -0.87551907+2.64477073e+00j
  1.9052256 +2.27955261e+00j  2.93218949-2.72865443e-01j
  1.45634814-2.27511967e+00j -0.56328893-2.20000236e+00j
 -1.39587699-1.07390329e+00j -1.37435113-3.31604797e-01j
 -1.46079405+1.13771953e-01j -1.46567492+9.16246637e-01j
 -0.75973458+1.73140029e+00j  0.34162291+1.83050127e+00j
  1.14615915+1.33152226e+00j  1.63562158+6.45345918e-01j
  1.84361944-3.52874685e-01j  1.22488817-1.50497034e+00j
 -0.23460121-1.80341991e+00j -1.31591269-7.62308186e-01j
 -1.01363235+5.86569927e-01j  0.15674663+9.36429978e-01j
  0.94167592+1.67313034e-01j  0.68912149-8.51895846e-01j
 -0.31749906-1.19102700e+00j -1.17922343-5.20850209e-01j
 -1.09856623+5.64055582e-01j -0.21187683+1.07351297e+00j
  0.62165997+7.09798891e-01j  0.87663071-5.78442159e-02j
  0.54088387-7.97164467e-01j -0.35780842-1.13538654e+00j
 -1.37617746-5.27429655e-01j -1.45303954+8.48168079e-01j
 -0.27929446+1.67765090e+00j  0.92373119+1.16504901e+00j
  1.09250774+1.87573985e-01j  0.72478699-2.32233267e-01j
  0.5814889 -3.86220477e-01j  0.32393995-7.52100740e-01j
 -0.39976079-7.70088939e-01j -0.79236757+5.18473411e-03j
 -0.14835196+6.49051945e-01j  0.63266141+1.16753188e-01j
  0.13897477-8.63665953e-01j -1.2345012 -5.05061776e-01j
 -1.37184795+1.34703166e+00j  0.67450168+2.43837988e+00j
  2.89546387+8.85186943e-01j  2.59077256-2.04338989e+00j
 -0.10357769-3.27946740e+00j -2.40952824-1.76212026e+00j
 -2.419985  +6.15949908e-01j -0.87390299+1.73172425e+00j
  0.51681745+1.32524397e+00j  0.94923923+3.32248458e-01j
  0.57411055-4.14585992e-01j -0.10638299-5.45205198e-01j
 -0.57611407-1.09194559e-01j -0.52720058+5.80772084e-01j
  0.17629752+1.11707783e+00j  1.39363204+8.32934438e-01j
  2.06879265-7.91284336e-01j  0.74421479-2.69623391e+00j
 -2.05487637-2.48926651e+00j -3.35902806+3.11688981e-01j
 -1.50651143+2.76765004e+00j  1.1908611 +2.26627689e+00j
  1.68366988+1.63928270e-01j  0.40124766-5.93580512e-01j
 -0.16831483+2.26225717e-01j  0.56828947+7.26043054e-01j
  1.32907976+1.83403491e-01j  1.47483779-7.47484465e-01j
  1.07729696-1.79410389e+00j -0.2749851 -2.68840358e+00j
 -2.464407  -2.18380773e+00j -3.62847981+3.20258369e-01j
 -2.11806757+2.93066075e+00j  0.82475015+3.07743076e+00j
  2.22945279+9.32123151e-01j  1.21912233-7.30562815e-01j
  0.02428145-3.20026457e-01j  0.61526587+4.92134277e-01j
  1.75527818-5.39619292e-01j  0.8432058 -2.63068146e+00j
 -2.04779803-2.82529918e+00j -3.92679968-1.75795403e-01j
 -2.80506979+2.89400777e+00j  0.01126706+3.81374257e+00j
  2.14354507+2.66889694e+00j  2.93097238+1.00969192e+00j
  3.00713229-5.23523887e-01j  2.45546653-2.15157595e+00j
  0.75862973-3.47113505e+00j -1.81082616-3.29736047e+00j
 -3.67093398-1.06226128e+00j -3.12989091+2.01909919e+00j
 -0.25119559+3.49964068e+00j  2.59605924+1.95010994e+00j
  2.76878784-1.20175500e+00j  0.26028762-2.83543536e+00j
 -2.17069418-1.55594752e+00j -2.23244659+8.38710287e-01j
 -0.58941066+1.83144399e+00j  0.567927  +1.18197050e+00j
  0.52339941+5.18993451e-01j  0.43139882+6.73411190e-01j
  1.12520166+7.34040655e-01j  1.80420715-2.57059606e-01j
  1.21746999-1.71136754e+00j -0.5306512 -2.08608426e+00j
 -1.85612271-7.62252895e-01j -1.39411809+1.03053203e+00j
  0.32547674+1.41325669e+00j  1.28776321+6.49553665e-02j
  0.3831717 -1.23767796e+00j -1.12509534-8.02152415e-01j
 -1.234059  +7.80310362e-01j  0.1899027 +1.49754840e+00j
  1.43727426+5.50598684e-01j  1.23647816-9.33336740e-01j
 -0.03731736-1.52574540e+00j -1.16092156-8.60587009e-01j
 -1.21946233+3.30233189e-01j -0.34105211+8.63203592e-01j
  0.2488056 +3.21234879e-01j -0.29484186-1.10639002e-01j
 -0.80341861+8.07541923e-01j  0.46091315+1.94281439e+00j
  2.60439216+9.30878785e-01j  2.69327205-1.95081444e+00j
  0.04636319-3.58527251e+00j -2.67105262-2.31286297e+00j
 -3.27355429+2.26638110e-01j -2.22079369+2.10474266e+00j
 -0.46086709+3.01852150e+00j  1.74376478+2.67075612e+00j
  3.18783618+5.22446132e-01j  2.20874131-2.04293788e+00j
 -0.33559614-2.47207425e+00j -1.57442042-7.68867647e-01j
 -0.77378849+4.21081238e-01j -0.10932771-2.49524176e-02j
 -0.81474622-3.43520078e-01j -1.39302273+7.71804501e-01j
 -0.33650344+2.09769200e+00j  1.63838838+1.86351232e+00j
  2.70209306-2.69698227e-02j  1.83503921-2.15355507e+00j
 -0.46207895-2.84110349e+00j -2.45922131-1.42383675e+00j
 -2.52711846+9.81344978e-01j -0.76339175+2.37576610e+00j
  1.17474145+1.88820619e+00j  1.90444   +3.32372753e-01j
  1.29313313-1.01273493e+00j  0.02837178-1.33306740e+00j
 -0.83153024-5.27946813e-01j -0.4773192 +4.96613034e-01j
  0.57911935+4.56285267e-01j  0.84740842-6.14616524e-01j
 -0.07794406-1.26416176e+00j -0.97023112-7.84217463e-01j
 -1.02901211-1.00269878e-01j -0.96350637+9.28428593e-02j
 -1.31220068+4.96617176e-01j -1.21237258+1.66258598e+00j
  0.18678295+2.62789210e+00j  2.14831435+2.09144103e+00j
  3.10770478+1.84245250e-01j  2.48169747-1.73209335e+00j
  1.01465035-2.68580516e+00j -0.50765467-2.80350501e+00j
 -2.08687537-2.29657461e+00j -3.51372831-6.15164510e-01j
 -3.33690564+2.28907386e+00j -0.45523181+4.35211644e+00j
  3.29079469+3.02853688e+00j  4.20498538-1.00176933e+00j
  1.26709033-3.74337898e+00j -2.21605993-2.57974700e+00j
 -2.66753923+5.59275888e-01j -0.46265751+1.96489622e+00j
  1.24524272+7.25930318e-01j  0.75462393-9.42248957e-01j
 -0.74620299-1.07397941e+00j -1.48831975+4.11422395e-02j
 -1.16687515+1.18975966e+00j -0.25040591+1.93941683e+00j
  1.25541572+2.10926982e+00j  2.96827095+8.31245961e-01j
  3.05411308-2.00990584e+00j  0.23675754-4.01025498e+00j
 -3.2842708 -2.43900252e+00j -3.57675495+1.53415467e+00j
 -0.26877212+3.47974977e+00j  2.55703962+1.48277205e+00j
  1.88850887-1.36451703e+00j -0.427693  -1.59464896e+00j
 -1.03493743+8.85983562e-02j  0.22083751+7.85630498e-01j
  1.04558014-2.24681409e-01j  0.38072028-1.31589966e+00j
 -0.867203  -1.30917883e+00j -1.67676344-3.77483532e-01j
 -1.61048352+9.45416322e-01j -0.44676952+1.93166551e+00j
  1.2536204 +1.54503416e+00j  1.8550477 -2.52671237e-01j
  0.48530249-1.65098779e+00j -1.34658763-9.93654940e-01j
 -1.51430213+8.67729659e-01j -0.10769209+1.80867974e+00j
  1.21552586+1.37030228e+00j  1.94590956+4.86978902e-01j
  2.42321279-8.94337323e-01j  1.5970716 -3.07002380e+00j
 -1.56347362-4.02156884e+00j -4.64716408-1.36279801e+00j
 -3.81133388+2.99292884e+00j  0.29173548+4.25986837e+00j
  2.80693229+1.57746014e+00j  1.70408369-9.19992172e-01j
  0.03936007-7.26007766e-01j  0.1345277 +4.07339796e-02j
  0.3633595 -4.06701733e-01j -0.5482123 -4.64712324e-01j
 -0.73293187+9.12219104e-01j  0.99779904+1.57657339e+00j
  2.45138885-9.00633009e-02j  1.51374964-2.23081943e+00j
 -0.64028643-2.44069899e+00j -1.69765553-1.08464196e+00j
 -1.36744541-3.65526157e-02j -0.96777452+6.18933759e-02j
 -1.27701272+9.86559927e-02j -1.66804397+1.01520665e+00j
 -0.85887334+2.47350141e+00j  1.38410431+2.78789678e+00j
  3.23010714+8.19532731e-01j  2.55769252-1.98646400e+00j
 -0.08656318-2.86063726e+00j -1.90031447-1.27014054e+00j
 -1.52727698+5.19181808e-01j -0.46225587+8.49048669e-01j
 -0.19467845+6.08384412e-01j -0.0544102 +9.45712229e-01j
  0.93115254+1.08535513e+00j  1.83099053-1.02319384e-01j
  1.1142369 -1.78149784e+00j -0.87239289-2.05738298e+00j
 -2.21785435-4.90668069e-01j -1.68811654+1.51010561e+00j
  0.27562014+2.24437719e+00j  2.06715215+9.69611172e-01j
  1.8729757 -1.40560181e+00j -0.55889658-2.39326557e+00j
 -2.6213252 -3.68478313e-01j -1.37973426+2.51410546e+00j
  1.9318639 +2.30921583e+00j  2.81293639-9.53650944e-01j
  0.0242085 -2.73199321e+00j -2.32517785-6.61012308e-01j
 -1.04810081+1.95098463e+00j  1.57072925+1.50111214e+00j
  1.9744379 -8.05221994e-01j  0.42949131-1.91948842e+00j
 -0.89225992-1.52619347e+00j -1.6222608 -7.81134987e-01j
 -2.09740533+4.39344285e-01j -1.37175446+2.16495281e+00j
  0.90593923+2.69570462e+00j  2.74859776+9.10168725e-01j
  2.22508119-1.56776292e+00j  0.08280703-2.38433466e+00j
 -1.50962608-1.27440958e+00j -1.5459115 +3.06490943e-01j
 -0.54138151+1.11960569e+00j  0.53407916+8.55269324e-01j
  0.89056402-1.00483971e-01j  0.25314746-8.89366260e-01j
 -0.81064095-6.93996429e-01j -1.19099754+4.59020243e-01j
 -0.26293476+1.50114297e+00j  1.31097688+1.22423805e+00j
  2.01671612-4.12431515e-01j  1.02001392-2.03064709e+00j
 -0.88190588-2.22198550e+00j -2.19479771-9.83068685e-01j
 -2.27869228+6.43930012e-01j -1.43434484+1.87991580e+00j
 -0.01933103+2.42745932e+00j  1.57147195+1.93372377e+00j
  2.43257615+3.36161796e-01j  1.76549993-1.40546330e+00j
  0.04942359-1.89153367e+00j -1.13783974-8.32357086e-01j
 -0.78093345+4.64964751e-01j  0.35734071+5.16077870e-01j
  0.61214932-5.23456327e-01j -0.402835  -1.02386735e+00j
 -1.2338971 -1.69598073e-01j -0.77997669+8.54670133e-01j
  0.07072848+8.48268880e-01j  0.21096337+4.91539613e-01j
  0.32631597+6.95817840e-01j  1.2146751 +5.19846287e-01j
  1.54439693-9.91415546e-01j -0.13681426-2.22150527e+00j
 -2.28363331-9.97045838e-01j -2.04734707+1.69212200e+00j
  0.55212194+2.67814485e+00j  2.60243912+8.51781181e-01j
  2.05717835-1.73607921e+00j -0.31901088-2.61513642e+00j
 -2.31801321-1.18276659e+00j -2.28547776+1.25172907e+00j
 -0.26708764+2.60811324e+00j  1.95859033+1.71293826e+00j
  2.43825567-5.26253553e-01j  0.99878748-2.03407604e+00j
 -0.77256759-1.75014351e+00j -1.38474446-4.34133111e-01j
 -0.7638654 +4.72033129e-01j  0.00952086+2.73079620e-01j
 -0.13817591-4.24888801e-01j -1.09851235-3.36660973e-01j
 -1.50807517+9.75861951e-01j -0.31804871+2.28864120e+00j
  1.72409821+2.00204835e+00j  2.78095864+6.40999450e-02j
  1.91848106-1.97671870e+00j -0.11292223-2.59221170e+00j
 -1.7510131 -1.51506111e+00j -1.88879607+2.12947147e-01j
 -0.75635245+1.08514718e+00j  0.17883432+5.48595009e-01j
 -0.22150617-2.26362360e-01j -1.18261393+3.09804144e-01j
 -0.84000721+1.86513741e+00j  1.1626829 +2.39106246e+00j
  2.89400935+7.22990173e-01j  2.41937618-1.78558827e+00j
  0.08427639-2.78815910e+00j -1.95752831-1.46095906e+00j
 -1.93365019+8.55716601e-01j  0.03058557+1.96599066e+00j
  1.95244694+7.09123206e-01j  1.616807  -1.70987436e+00j
 -0.9347226 -2.46156110e+00j -2.81344152-2.64031309e-01j
 -1.5092206 +2.51924510e+00j  1.64314474+2.51792550e+00j
  3.01308925-2.38634511e-01j  1.40320927-2.54601721e+00j
 -0.94619936-2.43199434e+00j -1.95564298-1.00439488e+00j
 -1.86792823+1.39476805e-01j -1.5636234 +9.15104312e-01j
 -0.9721052 +1.68800085e+00j  0.21304419+2.09284486e+00j
  1.59663091+1.50452458e+00j  2.19809946-1.22301980e-01j
  1.16968421-1.78645230e+00j -0.97884299-1.80859973e+00j
 -2.06028119+2.08788142e-01j -0.64589271+2.09206056e+00j
  1.60093943+1.59648132e+00j  2.08523516-4.05156273e-01j
  0.92797855-1.50724640e+00j -0.06256031-1.41794887e+00j
 -0.6767337 -1.22789790e+00j -1.48197666-6.27993091e-01j
 -1.44602804+8.12541466e-01j  0.10825875+1.40165551e+00j
  1.05752299-2.28381564e-02j -0.32773179-1.15977519e+00j
 -1.78038993+2.90320760e-01j -0.44809246+2.29323012e+00j
  2.10331924+1.50259960e+00j  2.20584971-1.24127637e+00j
 -0.21261079-2.27040846e+00j -1.90290066-5.89758499e-01j
 -1.16044572+1.36654420e+00j  0.64149994+1.58475367e+00j
  1.66372993+3.69046257e-01j  1.39302795-1.04188393e+00j
  0.24638763-1.76802944e+00j -1.02488271-1.48863947e+00j
 -1.73314042-4.97925344e-01j -1.72188295+6.33359903e-01j
 -1.11544148+1.64119831e+00j  0.19224899+2.23212035e+00j
  1.87038695+1.61842096e+00j  2.5069129 -3.35674564e-01j
  1.17129516-1.98791998e+00j -0.76354478-1.62798935e+00j
 -1.1097751 -8.01266939e-03j  0.09692939+6.01866429e-01j
  0.82753464-3.79202932e-01j  0.06620206-1.37446077e+00j
 -1.19844892-1.14507461e+00j -1.76222009-2.27662493e-02j
 -1.35250457+1.11887549e+00j -0.26591373+1.61939373e+00j
  0.77419293+1.11771119e+00j  0.86852079+1.07529359e-01j
  0.13754046-2.03647172e-01j -0.10652874+4.33016821e-01j
  0.70338148+7.12547396e-01j  1.33955999-2.41392998e-01j
  0.59426564-1.40016568e+00j -0.90561633-1.26915779e+00j
 -1.57832065+1.27939695e-01j -0.7873971 +1.46394288e+00j
  0.74371426+1.63064577e+00j  1.83979582+5.82475291e-01j
  1.83743449-8.82965929e-01j  0.92014819-1.91885061e+00j
 -0.375141  -2.23645326e+00j -1.75882247-1.82006323e+00j
 -2.86237006-4.44256808e-01j -2.74441061+1.72304945e+00j
 -0.81200144+3.32067841e+00j  1.80176295+2.80582455e+00j
  2.92670639+4.67025425e-01j  1.77062664-1.53995331e+00j
 -0.11995809-1.56430578e+00j -0.71138165-2.62036512e-01j
  0.18885863+3.95193810e-01j  0.94439066-4.41270059e-01j
  0.24514423-1.62460217e+00j -1.38956024-1.58918686e+00j
 -2.45659406-1.24289524e-01j -2.10627204+1.76929939e+00j
 -0.4634007 +3.01918533e+00j  1.82910988+2.85248759e+00j
  3.5721231 +9.28606989e-01j  3.36197885-1.91134470e+00j
  1.02722511-3.72796848e+00j -1.83911307-3.24044036e+00j
 -3.42453477-9.67134173e-01j -3.04967212+1.70677582e+00j
 -0.86756993+3.49778366e+00j  2.24738992+3.13878885e+00j
  4.16556085+1.94968550e-01j  2.82977707-3.37748220e+00j
 -0.98023308-4.33973470e+00j -3.82141364-1.80874748e+00j
 -3.38621783+1.60604870e+00j -0.82944253+2.97149217e+00j
  1.2234417 +2.01065247e+00j  1.6093914 +4.10097418e-01j
  0.9560164 -4.91610052e-01j  0.25758805-5.62274807e-01j
 -0.0405376 -2.80355010e-01j -0.00711022-5.70663860e-02j
  0.13835642-2.64143030e-02j  0.23404433-1.80278955e-01j
  0.10681914-4.45172633e-01j -0.3514636 -5.11142720e-01j
 -0.77688328+1.01954222e-03j -0.47053985+8.22070680e-01j
  0.57998975+9.91114088e-01j  1.34463794+8.04876349e-02j
  1.00557635-1.07887650e+00j -0.00787802-1.49859167e+00j
 -0.86044097-1.21443527e+00j -1.45147605-6.72133716e-01j
 -1.86532964+2.70737169e-01j -1.45079505+1.66093038e+00j
  0.25986947+2.38289090e+00j  2.06166129+1.21740893e+00j
  1.98256907-1.07129692e+00j -0.07782182-2.10686125e+00j
 -1.87940449-8.03717868e-01j -1.57351087+1.23276761e+00j
  0.13674065+1.84163651e+00j  1.26632137+8.53649699e-01j
  1.03611728-2.75546178e-01j  0.23212081-5.08437492e-01j
 -0.15460834-0.00000000e+00j  0.23212081+5.08437492e-01j
  1.03611728+2.75546178e-01j  1.26632137-8.53649699e-01j
  0.13674065-1.84163651e+00j -1.57351087-1.23276761e+00j
 -1.87940449+8.03717868e-01j -0.07782182+2.10686125e+00j
  1.98256907+1.07129692e+00j  2.06166129-1.21740893e+00j
  0.25986947-2.38289090e+00j -1.45079505-1.66093038e+00j
 -1.86532964-2.70737169e-01j -1.45147605+6.72133716e-01j
 -0.86044097+1.21443527e+00j -0.00787802+1.49859167e+00j
  1.00557635+1.07887650e+00j  1.34463794-8.04876349e-02j
  0.57998975-9.91114088e-01j -0.47053985-8.22070680e-01j
 -0.77688328-1.01954222e-03j -0.3514636 +5.11142720e-01j
  0.10681914+4.45172633e-01j  0.23404433+1.80278955e-01j
  0.13835642+2.64143030e-02j -0.00711022+5.70663860e-02j
 -0.0405376 +2.80355010e-01j  0.25758805+5.62274807e-01j
  0.9560164 +4.91610052e-01j  1.6093914 -4.10097418e-01j
  1.2234417 -2.01065247e+00j -0.82944253-2.97149217e+00j
 -3.38621783-1.60604870e+00j -3.82141364+1.80874748e+00j
 -0.98023308+4.33973470e+00j  2.82977707+3.37748220e+00j
  4.16556085-1.94968550e-01j  2.24738992-3.13878885e+00j
 -0.86756993-3.49778366e+00j -3.04967212-1.70677582e+00j
 -3.42453477+9.67134173e-01j -1.83911307+3.24044036e+00j
  1.02722511+3.72796848e+00j  3.36197885+1.91134470e+00j
  3.5721231 -9.28606989e-01j  1.82910988-2.85248759e+00j
 -0.4634007 -3.01918533e+00j -2.10627204-1.76929939e+00j
 -2.45659406+1.24289524e-01j -1.38956024+1.58918686e+00j
  0.24514423+1.62460217e+00j  0.94439066+4.41270059e-01j
  0.18885863-3.95193810e-01j -0.71138165+2.62036512e-01j
 -0.11995809+1.56430578e+00j  1.77062664+1.53995331e+00j
  2.92670639-4.67025425e-01j  1.80176295-2.80582455e+00j
 -0.81200144-3.32067841e+00j -2.74441061-1.72304945e+00j
 -2.86237006+4.44256808e-01j -1.75882247+1.82006323e+00j
 -0.375141  +2.23645326e+00j  0.92014819+1.91885061e+00j
  1.83743449+8.82965929e-01j  1.83979582-5.82475291e-01j
  0.74371426-1.63064577e+00j -0.7873971 -1.46394288e+00j
 -1.57832065-1.27939695e-01j -0.90561633+1.26915779e+00j
  0.59426564+1.40016568e+00j  1.33955999+2.41392998e-01j
  0.70338148-7.12547396e-01j -0.10652874-4.33016821e-01j
  0.13754046+2.03647172e-01j  0.86852079-1.07529359e-01j
  0.77419293-1.11771119e+00j -0.26591373-1.61939373e+00j
 -1.35250457-1.11887549e+00j -1.76222009+2.27662493e-02j
 -1.19844892+1.14507461e+00j  0.06620206+1.37446077e+00j
  0.82753464+3.79202932e-01j  0.09692939-6.01866429e-01j
 -1.1097751 +8.01266939e-03j -0.76354478+1.62798935e+00j
  1.17129516+1.98791998e+00j  2.5069129 +3.35674564e-01j
  1.87038695-1.61842096e+00j  0.19224899-2.23212035e+00j
 -1.11544148-1.64119831e+00j -1.72188295-6.33359903e-01j
 -1.73314042+4.97925344e-01j -1.02488271+1.48863947e+00j
  0.24638763+1.76802944e+00j  1.39302795+1.04188393e+00j
  1.66372993-3.69046257e-01j  0.64149994-1.58475367e+00j
 -1.16044572-1.36654420e+00j -1.90290066+5.89758499e-01j
 -0.21261079+2.27040846e+00j  2.20584971+1.24127637e+00j
  2.10331924-1.50259960e+00j -0.44809246-2.29323012e+00j
 -1.78038993-2.90320760e-01j -0.32773179+1.15977519e+00j
  1.05752299+2.28381564e-02j  0.10825875-1.40165551e+00j
 -1.44602804-8.12541466e-01j -1.48197666+6.27993091e-01j
 -0.6767337 +1.22789790e+00j -0.06256031+1.41794887e+00j
  0.92797855+1.50724640e+00j  2.08523516+4.05156273e-01j
  1.60093943-1.59648132e+00j -0.64589271-2.09206056e+00j
 -2.06028119-2.08788142e-01j -0.97884299+1.80859973e+00j
  1.16968421+1.78645230e+00j  2.19809946+1.22301980e-01j
  1.59663091-1.50452458e+00j  0.21304419-2.09284486e+00j
 -0.9721052 -1.68800085e+00j -1.5636234 -9.15104312e-01j
 -1.86792823-1.39476805e-01j -1.95564298+1.00439488e+00j
 -0.94619936+2.43199434e+00j  1.40320927+2.54601721e+00j
  3.01308925+2.38634511e-01j  1.64314474-2.51792550e+00j
 -1.5092206 -2.51924510e+00j -2.81344152+2.64031309e-01j
 -0.9347226 +2.46156110e+00j  1.616807  +1.70987436e+00j
  1.95244694-7.09123206e-01j  0.03058557-1.96599066e+00j
 -1.93365019-8.55716601e-01j -1.95752831+1.46095906e+00j
  0.08427639+2.78815910e+00j  2.41937618+1.78558827e+00j
  2.89400935-7.22990173e-01j  1.1626829 -2.39106246e+00j
 -0.84000721-1.86513741e+00j -1.18261393-3.09804144e-01j
 -0.22150617+2.26362360e-01j  0.17883432-5.48595009e-01j
 -0.75635245-1.08514718e+00j -1.88879607-2.12947147e-01j
 -1.7510131 +1.51506111e+00j -0.11292223+2.59221170e+00j
  1.91848106+1.97671870e+00j  2.78095864-6.40999450e-02j
  1.72409821-2.00204835e+00j -0.31804871-2.28864120e+00j
 -1.50807517-9.75861951e-01j -1.09851235+3.36660973e-01j
 -0.13817591+4.24888801e-01j  0.00952086-2.73079620e-01j
 -0.7638654 -4.72033129e-01j -1.38474446+4.34133111e-01j
 -0.77256759+1.75014351e+00j  0.99878748+2.03407604e+00j
  2.43825567+5.26253553e-01j  1.95859033-1.71293826e+00j
 -0.26708764-2.60811324e+00j -2.28547776-1.25172907e+00j
 -2.31801321+1.18276659e+00j -0.31901088+2.61513642e+00j
  2.05717835+1.73607921e+00j  2.60243912-8.51781181e-01j
  0.55212194-2.67814485e+00j -2.04734707-1.69212200e+00j
 -2.28363331+9.97045838e-01j -0.13681426+2.22150527e+00j
  1.54439693+9.91415546e-01j  1.2146751 -5.19846287e-01j
  0.32631597-6.95817840e-01j  0.21096337-4.91539613e-01j
  0.07072848-8.48268880e-01j -0.77997669-8.54670133e-01j
 -1.2338971 +1.69598073e-01j -0.402835  +1.02386735e+00j
  0.61214932+5.23456327e-01j  0.35734071-5.16077870e-01j
 -0.78093345-4.64964751e-01j -1.13783974+8.32357086e-01j
  0.04942359+1.89153367e+00j  1.76549993+1.40546330e+00j
  2.43257615-3.36161796e-01j  1.57147195-1.93372377e+00j
 -0.01933103-2.42745932e+00j -1.43434484-1.87991580e+00j
 -2.27869228-6.43930012e-01j -2.19479771+9.83068685e-01j
 -0.88190588+2.22198550e+00j  1.02001392+2.03064709e+00j
  2.01671612+4.12431515e-01j  1.31097688-1.22423805e+00j
 -0.26293476-1.50114297e+00j -1.19099754-4.59020243e-01j
 -0.81064095+6.93996429e-01j  0.25314746+8.89366260e-01j
  0.89056402+1.00483971e-01j  0.53407916-8.55269324e-01j
 -0.54138151-1.11960569e+00j -1.5459115 -3.06490943e-01j
 -1.50962608+1.27440958e+00j  0.08280703+2.38433466e+00j
  2.22508119+1.56776292e+00j  2.74859776-9.10168725e-01j
  0.90593923-2.69570462e+00j -1.37175446-2.16495281e+00j
 -2.09740533-4.39344285e-01j -1.6222608 +7.81134987e-01j
 -0.89225992+1.52619347e+00j  0.42949131+1.91948842e+00j
  1.9744379 +8.05221994e-01j  1.57072925-1.50111214e+00j
 -1.04810081-1.95098463e+00j -2.32517785+6.61012308e-01j
  0.0242085 +2.73199321e+00j  2.81293639+9.53650944e-01j
  1.9318639 -2.30921583e+00j -1.37973426-2.51410546e+00j
 -2.6213252 +3.68478313e-01j -0.55889658+2.39326557e+00j
  1.8729757 +1.40560181e+00j  2.06715215-9.69611172e-01j
  0.27562014-2.24437719e+00j -1.68811654-1.51010561e+00j
 -2.21785435+4.90668069e-01j -0.87239289+2.05738298e+00j
  1.1142369 +1.78149784e+00j  1.83099053+1.02319384e-01j
  0.93115254-1.08535513e+00j -0.0544102 -9.45712229e-01j
 -0.19467845-6.08384412e-01j -0.46225587-8.49048669e-01j
 -1.52727698-5.19181808e-01j -1.90031447+1.27014054e+00j
 -0.08656318+2.86063726e+00j  2.55769252+1.98646400e+00j
  3.23010714-8.19532731e-01j  1.38410431-2.78789678e+00j
 -0.85887334-2.47350141e+00j -1.66804397-1.01520665e+00j
 -1.27701272-9.86559927e-02j -0.96777452-6.18933759e-02j
 -1.36744541+3.65526157e-02j -1.69765553+1.08464196e+00j
 -0.64028643+2.44069899e+00j  1.51374964+2.23081943e+00j
  2.45138885+9.00633009e-02j  0.99779904-1.57657339e+00j
 -0.73293187-9.12219104e-01j -0.5482123 +4.64712324e-01j
  0.3633595 +4.06701733e-01j  0.1345277 -4.07339796e-02j
  0.03936007+7.26007766e-01j  1.70408369+9.19992172e-01j
  2.80693229-1.57746014e+00j  0.29173548-4.25986837e+00j
 -3.81133388-2.99292884e+00j -4.64716408+1.36279801e+00j
 -1.56347362+4.02156884e+00j  1.5970716 +3.07002380e+00j
  2.42321279+8.94337323e-01j  1.94590956-4.86978902e-01j
  1.21552586-1.37030228e+00j -0.10769209-1.80867974e+00j
 -1.51430213-8.67729659e-01j -1.34658763+9.93654940e-01j
  0.48530249+1.65098779e+00j  1.8550477 +2.52671237e-01j
  1.2536204 -1.54503416e+00j -0.44676952-1.93166551e+00j
 -1.61048352-9.45416322e-01j -1.67676344+3.77483532e-01j
 -0.867203  +1.30917883e+00j  0.38072028+1.31589966e+00j
  1.04558014+2.24681409e-01j  0.22083751-7.85630498e-01j
 -1.03493743-8.85983562e-02j -0.427693  +1.59464896e+00j
  1.88850887+1.36451703e+00j  2.55703962-1.48277205e+00j
 -0.26877212-3.47974977e+00j -3.57675495-1.53415467e+00j
 -3.2842708 +2.43900252e+00j  0.23675754+4.01025498e+00j
  3.05411308+2.00990584e+00j  2.96827095-8.31245961e-01j
  1.25541572-2.10926982e+00j -0.25040591-1.93941683e+00j
 -1.16687515-1.18975966e+00j -1.48831975-4.11422395e-02j
 -0.74620299+1.07397941e+00j  0.75462393+9.42248957e-01j
  1.24524272-7.25930318e-01j -0.46265751-1.96489622e+00j
 -2.66753923-5.59275888e-01j -2.21605993+2.57974700e+00j
  1.26709033+3.74337898e+00j  4.20498538+1.00176933e+00j
  3.29079469-3.02853688e+00j -0.45523181-4.35211644e+00j
 -3.33690564-2.28907386e+00j -3.51372831+6.15164510e-01j
 -2.08687537+2.29657461e+00j -0.50765467+2.80350501e+00j
  1.01465035+2.68580516e+00j  2.48169747+1.73209335e+00j
  3.10770478-1.84245250e-01j  2.14831435-2.09144103e+00j
  0.18678295-2.62789210e+00j -1.21237258-1.66258598e+00j
 -1.31220068-4.96617176e-01j -0.96350637-9.28428593e-02j
 -1.02901211+1.00269878e-01j -0.97023112+7.84217463e-01j
 -0.07794406+1.26416176e+00j  0.84740842+6.14616524e-01j
  0.57911935-4.56285267e-01j -0.4773192 -4.96613034e-01j
 -0.83153024+5.27946813e-01j  0.02837178+1.33306740e+00j
  1.29313313+1.01273493e+00j  1.90444   -3.32372753e-01j
  1.17474145-1.88820619e+00j -0.76339175-2.37576610e+00j
 -2.52711846-9.81344978e-01j -2.45922131+1.42383675e+00j
 -0.46207895+2.84110349e+00j  1.83503921+2.15355507e+00j
  2.70209306+2.69698227e-02j  1.63838838-1.86351232e+00j
 -0.33650344-2.09769200e+00j -1.39302273-7.71804501e-01j
 -0.81474622+3.43520078e-01j -0.10932771+2.49524176e-02j
 -0.77378849-4.21081238e-01j -1.57442042+7.68867647e-01j
 -0.33559614+2.47207425e+00j  2.20874131+2.04293788e+00j
  3.18783618-5.22446132e-01j  1.74376478-2.67075612e+00j
 -0.46086709-3.01852150e+00j -2.22079369-2.10474266e+00j
 -3.27355429-2.26638110e-01j -2.67105262+2.31286297e+00j
  0.04636319+3.58527251e+00j  2.69327205+1.95081444e+00j
  2.60439216-9.30878785e-01j  0.46091315-1.94281439e+00j
 -0.80341861-8.07541923e-01j -0.29484186+1.10639002e-01j
  0.2488056 -3.21234879e-01j -0.34105211-8.63203592e-01j
 -1.21946233-3.30233189e-01j -1.16092156+8.60587009e-01j
 -0.03731736+1.52574540e+00j  1.23647816+9.33336740e-01j
  1.43727426-5.50598684e-01j  0.1899027 -1.49754840e+00j
 -1.234059  -7.80310362e-01j -1.12509534+8.02152415e-01j
  0.3831717 +1.23767796e+00j  1.28776321-6.49553665e-02j
  0.32547674-1.41325669e+00j -1.39411809-1.03053203e+00j
 -1.85612271+7.62252895e-01j -0.5306512 +2.08608426e+00j
  1.21746999+1.71136754e+00j  1.80420715+2.57059606e-01j
  1.12520166-7.34040655e-01j  0.43139882-6.73411190e-01j
  0.52339941-5.18993451e-01j  0.567927  -1.18197050e+00j
 -0.58941066-1.83144399e+00j -2.23244659-8.38710287e-01j
 -2.17069418+1.55594752e+00j  0.26028762+2.83543536e+00j
  2.76878784+1.20175500e+00j  2.59605924-1.95010994e+00j
 -0.25119559-3.49964068e+00j -3.12989091-2.01909919e+00j
 -3.67093398+1.06226128e+00j -1.81082616+3.29736047e+00j
  0.75862973+3.47113505e+00j  2.45546653+2.15157595e+00j
  3.00713229+5.23523887e-01j  2.93097238-1.00969192e+00j
  2.14354507-2.66889694e+00j  0.01126706-3.81374257e+00j
 -2.80506979-2.89400777e+00j -3.92679968+1.75795403e-01j
 -2.04779803+2.82529918e+00j  0.8432058 +2.63068146e+00j
  1.75527818+5.39619292e-01j  0.61526587-4.92134277e-01j
  0.02428145+3.20026457e-01j  1.21912233+7.30562815e-01j
  2.22945279-9.32123151e-01j  0.82475015-3.07743076e+00j
 -2.11806757-2.93066075e+00j -3.62847981-3.20258369e-01j
 -2.464407  +2.18380773e+00j -0.2749851 +2.68840358e+00j
  1.07729696+1.79410389e+00j  1.47483779+7.47484465e-01j
  1.32907976-1.83403491e-01j  0.56828947-7.26043054e-01j
 -0.16831483-2.26225717e-01j  0.40124766+5.93580512e-01j
  1.68366988-1.63928270e-01j  1.1908611 -2.26627689e+00j
 -1.50651143-2.76765004e+00j -3.35902806-3.11688981e-01j
 -2.05487637+2.48926651e+00j  0.74421479+2.69623391e+00j
  2.06879265+7.91284336e-01j  1.39363204-8.32934438e-01j
  0.17629752-1.11707783e+00j -0.52720058-5.80772084e-01j
 -0.57611407+1.09194559e-01j -0.10638299+5.45205198e-01j
  0.57411055+4.14585992e-01j  0.94923923-3.32248458e-01j
  0.51681745-1.32524397e+00j -0.87390299-1.73172425e+00j
 -2.419985  -6.15949908e-01j -2.40952824+1.76212026e+00j
 -0.10357769+3.27946740e+00j  2.59077256+2.04338989e+00j
  2.89546387-8.85186943e-01j  0.67450168-2.43837988e+00j
 -1.37184795-1.34703166e+00j -1.2345012 +5.05061776e-01j
  0.13897477+8.63665953e-01j  0.63266141-1.16753188e-01j
 -0.14835196-6.49051945e-01j -0.79236757-5.18473411e-03j
 -0.39976079+7.70088939e-01j  0.32393995+7.52100740e-01j
  0.5814889 +3.86220477e-01j  0.72478699+2.32233267e-01j
  1.09250774-1.87573985e-01j  0.92373119-1.16504901e+00j
 -0.27929446-1.67765090e+00j -1.45303954-8.48168079e-01j
 -1.37617746+5.27429655e-01j -0.35780842+1.13538654e+00j
  0.54088387+7.97164467e-01j  0.87663071+5.78442159e-02j
  0.62165997-7.09798891e-01j -0.21187683-1.07351297e+00j
 -1.09856623-5.64055582e-01j -1.17922343+5.20850209e-01j
 -0.31749906+1.19102700e+00j  0.68912149+8.51895846e-01j
  0.94167592-1.67313034e-01j  0.15674663-9.36429978e-01j
 -1.01363235-5.86569927e-01j -1.31591269+7.62308186e-01j
 -0.23460121+1.80341991e+00j  1.22488817+1.50497034e+00j
  1.84361944+3.52874685e-01j  1.63562158-6.45345918e-01j
  1.14615915-1.33152226e+00j  0.34162291-1.83050127e+00j
 -0.75973458-1.73140029e+00j -1.46567492-9.16246637e-01j
 -1.46079405-1.13771953e-01j -1.37435113+3.31604797e-01j
 -1.39587699+1.07390329e+00j -0.56328893+2.20000236e+00j
  1.45634814+2.27511967e+00j  2.93218949+2.72865443e-01j
  1.9052256 -2.27955261e+00j -0.87551907-2.64477073e+00j
 -2.38151909-4.40759776e-01j -1.11851679+1.58910937e+00j
  0.86645443+1.16562176e+00j  0.94739734-4.84314112e-01j
 -0.34379423-7.40404025e-01j -0.55533818+3.20392729e-01j
  0.47925674+3.90757936e-01j  0.46318039-8.55725182e-01j
 -1.16932301-1.00162208e+00j -1.86714425+9.63454976e-01j
  0.04763871+2.53738930e+00j  2.49357045+1.28594774e+00j
  2.45548947-1.57475207e+00j -0.03801643-2.91827919e+00j
 -2.40117341-1.57589840e+00j -2.65574465+1.01606493e+00j
 -0.76983445+2.77785868e+00j  1.87896599+2.33765869e+00j
  3.14214904-2.41788169e-01j  1.57368466-2.84205232e+00j
 -1.49006838-2.79470224e+00j -2.78330496-2.28058910e-01j
 -1.23959248+1.68108637e+00j  0.5327324 +1.03313652e+00j
  0.28884537-2.75042875e-01j -0.62937203-4.85680452e-02j
 -0.25082241+6.01458544e-01j  0.20069834-1.61465573e-01j
 -1.31453538-7.90016231e-01j -3.01180368+1.44884469e+00j
 -1.05464251+5.02385471e+00j  4.08090154+4.98505989e+00j]
