Frame: 92
X_framed shape: (1024,)
X_framed dtype: complex128
X_framed:
[ 0.92855778-0.00000000e+00j  0.98218006-2.19445415e-01j
  0.96163581-5.94724986e-01j  0.7648729 -9.50003014e-01j
  0.53797992-1.32573386e+00j -0.04783842-1.92529432e+00j
 -1.51324113-2.06942223e+00j -3.01691898-6.00734998e-01j
 -2.62910674+1.92024445e+00j -0.14867897+3.00765395e+00j
  1.88001125+1.46194867e+00j  1.38826679-6.27914984e-01j
 -0.27227287-6.96517586e-01j -0.41183448+6.38936467e-01j
  0.9361004 +7.75313919e-01j  1.32085534-7.09051087e-01j
 -0.08360186-1.55756246e+00j -1.31177553-5.85119614e-01j
 -0.95214862+6.45367844e-01j -0.15232789+7.13515378e-01j
 -0.15665049+5.01695382e-01j -0.10532237+1.06582583e+00j
  1.06263914+1.40875531e+00j  2.28621906+1.93861482e-01j
  1.8200331 -1.75696268e+00j -0.11003089-2.43551270e+00j
 -1.61495534-1.28547383e+00j -1.44994364+3.49140699e-01j
 -0.13304125+8.39591662e-01j  0.68027052-2.02806862e-01j
 -0.25497112-1.40392438e+00j -2.11497815-7.71299011e-01j
 -2.34299787+1.69498818e+00j  0.12840868+3.20269908e+00j
  2.75635255+1.52704120e+00j  2.33621161-1.56428166e+00j
 -0.52424014-2.32555797e+00j -2.10518054-8.92852363e-02j
 -0.62517591+1.97553127e+00j  1.66303505+1.32884892e+00j
  1.90733431-8.52137395e-01j  0.26530052-1.84845350e+00j
 -1.02293432-1.05399371e+00j -0.9728792 -8.95557586e-02j
 -0.70905219+4.60534115e-02j -1.08579544+3.03120546e-01j
 -1.0063607 +1.54187450e+00j  0.77984566+2.44191796e+00j
  3.02526681+9.90831439e-01j  2.88757137-2.21823013e+00j
 -0.27609196-3.90646421e+00j -3.52205102-1.94881988e+00j
 -3.53564806+1.89682349e+00j -0.33034209+3.91558248e+00j
  2.99067107+2.37434655e+00j  3.53765953-1.08661255e+00j
  1.12260217-3.39494299e+00j -1.99522977-2.78607456e+00j
 -3.22849328-5.43852717e-02j -1.81570925+2.33455282e+00j
  0.66226881+2.51131518e+00j  1.96948007+8.58214478e-01j
  1.46860768-7.11321713e-01j  0.38536565-1.02569924e+00j
 -0.06768153-6.46868318e-01j -0.05121331-5.61240927e-01j
 -0.32791579-7.54481732e-01j -0.95394196-5.58137532e-01j
 -1.2992005 +2.51379427e-01j -0.85550768+1.20563885e+00j
  0.31632326+1.54197299e+00j  1.43507112+7.05814883e-01j
  1.30610435-8.67021155e-01j -0.32565256-1.54634105e+00j
 -1.77673928-1.87861376e-01j -1.03480385+1.93143972e+00j
  1.45078846+2.19315815e+00j  2.92913211-3.67920235e-02j
  1.71004106-2.45570073e+00j -0.854832  -2.67447380e+00j
 -2.27435862-8.70657018e-01j -1.71333206+9.80010978e-01j
 -0.23653315+1.50542121e+00j  0.82632181+8.16638725e-01j
  0.90136166-2.53738932e-01j  0.12015307-8.66317878e-01j
 -0.81239023-4.90771834e-01j -0.89721262+5.84298919e-01j
  0.14011078+1.14307518e+00j  1.12056608+3.07426937e-01j
  0.59459597-1.02227656e+00j -1.05876136-9.23988076e-01j
 -1.64486975+9.90904427e-01j  0.18982765+2.61072529e+00j
  2.93634004+1.59613751e+00j  3.57243825-1.71511419e+00j
  0.89358316-4.28599283e+00j -2.91058679-3.45590144e+00j
 -4.35050858+1.33437675e-01j -2.33305775+3.12345982e+00j
  0.78502607+3.12804936e+00j  2.17611662+1.11298341e+00j
  1.630936  -4.86422775e-01j  0.74742407-9.01965698e-01j
  0.21075461-9.44035111e-01j -0.37638814-8.45340033e-01j
 -0.7703286 -2.03379368e-01j -0.30030371+4.63104093e-01j
  0.49783183+1.47880911e-01j  0.35296022-8.10308787e-01j
 -0.73940709-1.02508173e+00j -1.480856  -7.99915125e-02j
 -1.07877821+1.04139147e+00j -0.01788202+1.32114515e+00j
  0.67276698+6.72580976e-01j  0.376939  -4.73323739e-02j
 -0.31768761+2.27361041e-01j  0.06869522+1.22904126e+00j
  1.68519251+1.05938543e+00j  2.2656074 -1.02913910e+00j
  0.27231123-2.60404859e+00j -2.04141594-1.27552218e+00j
 -1.59161973+1.24942662e+00j  0.69640446+1.54121471e+00j
  1.46163039-2.75889435e-01j  0.20411322-1.25282205e+00j
 -0.73149042-5.47890451e-01j -0.44685763+1.34135630e-01j
 -0.07900753+5.41312756e-02j -0.08096123-1.09701623e-01j
 -0.14042016-2.59365283e-01j -0.57644858-4.14419579e-01j
 -1.21143258+2.39078207e-01j -0.67708472+1.48666848e+00j
  0.99045128+1.43075476e+00j  1.51118728-2.71526736e-01j
  0.05675868-1.19632512e+00j -1.05769446-4.99591411e-02j
 -0.19266834+1.15811136e+00j  1.06222417+6.08905839e-01j
  0.88195509-5.64570995e-01j -0.02673958-6.90740639e-01j
 -0.27264306-1.42289442e-01j -0.03740373+3.88456866e-02j
 -0.0267179 +9.52136342e-03j  0.03845912+2.44001578e-01j
  0.58503859+2.63423718e-01j  0.97367535-5.32369597e-01j
  0.25253698-1.52305832e+00j -1.26201069-1.36744194e+00j
 -2.01026313+2.02384260e-01j -1.01677413+1.76330033e+00j
  0.8333617 +1.77941284e+00j  1.85340359+3.50593487e-01j
  1.42466576-1.20500138e+00j  0.10543416-1.95155785e+00j
 -1.43708742-1.63010678e+00j -2.46088749-1.31542091e-01j
 -1.89361322+1.90726352e+00j  0.30430272+2.67085982e+00j
  2.07722424+1.14193434e+00j  1.48494223-9.13390072e-01j
 -0.33510448-9.24439014e-01j -0.50005983+7.07341137e-01j
  1.32629624+1.00304962e+00j  2.23155829-1.15066007e+00j
  0.24818283-3.16532112e+00j -2.77807271-2.26934244e+00j
 -3.62839644+8.77515534e-01j -1.58622382+3.27049353e+00j
  1.27435961+3.08643104e+00j  2.70137941+1.05266600e+00j
  2.17624787-9.21056383e-01j  0.78349287-1.60455989e+00j
 -0.1716335 -1.26042123e+00j -0.51692986-8.87872279e-01j
 -0.97993644-6.35461323e-01j -1.46382525+2.91953785e-01j
 -0.73839814+1.68934438e+00j  1.27517497+1.75507271e+00j
  2.40204102-2.83675886e-01j  0.97377042-2.33151814e+00j
 -1.50411408-1.93972416e+00j -2.1922761 +3.37689341e-01j
 -0.60305721+1.78003184e+00j  1.10684526+1.03376991e+00j
  1.04588266-5.67180382e-01j -0.33707178-9.25061833e-01j
 -0.98067794+3.49157728e-01j  0.29295947+1.39550293e+00j
  2.00242813+2.59974574e-01j  1.46322823-2.22287695e+00j
 -1.47337205-2.84365500e+00j -3.51410577-2.09677061e-01j
 -2.02223099+2.91144471e+00j  1.33391458+2.99499829e+00j
  2.77619409+3.05265813e-01j  1.25187079-1.81748954e+00j
 -0.84212418-1.42809360e+00j -1.24494557+2.00452099e-01j
 -0.24282644+1.01491235e+00j  0.65022565+6.61029492e-01j
  0.85496693+2.29868714e-02j  0.755275  -4.50706695e-01j
  0.47320867-9.16394820e-01j -0.21269585-1.17865783e+00j
 -0.95888358-7.68961438e-01j -1.04271643+2.51887359e-02j
 -0.585375  +3.43185247e-01j -0.47438831+1.56668700e-01j
 -0.83071194+3.65027390e-01j -0.69541701+1.20368648e+00j
  0.4080701 +1.67045718e+00j  1.60837162+9.23079394e-01j
  1.7270837 -5.88975487e-01j  0.5391009 -1.59967765e+00j
 -0.99412343-1.14856796e+00j -1.35992434+4.89513400e-01j
  0.09183885+1.62359405e+00j  1.95852992+6.54267501e-01j
  1.90794666-1.75919705e+00j -0.4652909 -3.00221122e+00j
 -2.86741073-1.55726966e+00j -2.98066951+1.16632308e+00j
 -1.05113311+2.64666926e+00j  0.81914358+2.11518756e+00j
  1.33196734+9.05698819e-01j  1.12436115+3.17207999e-01j
  1.22243985+3.83501067e-02j  1.25855823-7.65875269e-01j
  0.29310028-1.51982811e+00j -1.00926839-9.11342560e-01j
 -0.87808244+5.61382981e-01j  0.58783218+7.60536716e-01j
  1.06156372-7.60311823e-01j -0.53006581-1.69592237e+00j
 -2.16338   -3.14359381e-01j -1.5222774 +1.97068089e+00j
  0.92003706+2.53030177e+00j  2.70643318+7.24213931e-01j
  2.22342135-1.73095735e+00j  0.02824258-2.72583855e+00j
 -1.92794239-1.59072806e+00j -2.06514911+4.47357809e-01j
 -0.61533126+1.43796484e+00j  0.62313549+6.67157097e-01j
  0.22078742-5.72194081e-01j -1.23527587-3.90009956e-01j
 -1.6410659 +1.48181041e+00j  0.25026422+3.05155113e+00j
  3.01829609+2.12271219e+00j  3.862206  -9.15796122e-01j
  1.96278137-3.30706566e+00j -0.63243674-3.33945524e+00j
 -2.02723998-2.06747399e+00j -2.57988993-8.81561272e-01j
 -2.94444665+5.57676330e-01j -2.22736856+2.52899697e+00j
  0.13210764+3.53129636e+00j  2.52644657+2.27564938e+00j
  3.04930671-2.17419767e-01j  1.7323176 -2.04173793e+00j
 -0.26414627-2.40029526e+00j -1.94788098-1.26292764e+00j
 -2.17246254+9.48244423e-01j -0.25427206+2.49111152e+00j
  2.16902613+1.46770864e+00j  2.28305088-1.17131204e+00j
  0.08203743-2.21501968e+00j -1.32479499-7.76248170e-01j
 -0.46506383+4.25076774e-01j  0.35550036-3.51130260e-01j
 -0.69258121-1.06836605e+00j -1.68432881+1.89248657e-01j
 -0.52475129+1.54532137e+00j  0.99240747+6.40962375e-01j
  0.20829441-8.84518041e-01j -1.46754023-6.12791686e-02j
 -0.75170733+2.03330379e+00j  1.76737852+1.85311991e+00j
  2.45991009-6.69557353e-01j  0.54491747-2.14259469e+00j
 -1.18336539-1.23772013e+00j -1.23970858+6.68730750e-02j
 -0.85358649+5.98886407e-01j -0.55669062+1.19084230e+00j
  0.55637533+1.71432226e+00j  1.98429489+8.46790071e-01j
  1.93835809-9.51534663e-01j  0.5416513 -1.65189961e+00j
 -0.24313441-9.98838236e-01j  0.07635579-7.18136955e-01j
 -0.00671171-1.42262154e+00j -1.27852778-1.77047274e+00j
 -2.67802909-6.54484534e-01j -2.77604657+1.46350529e+00j
 -1.1338409 +3.15263000e+00j  1.3583567 +3.09661643e+00j
  2.96767321+1.22679669e+00j  2.70416717-9.81672410e-01j
  1.32527302-2.14840986e+00j -0.10544261-2.38556289e+00j
 -1.62940291-2.01448975e+00j -2.96768348-3.49556851e-01j
 -2.38453758+2.37136422e+00j  0.70594842+3.52354147e+00j
  3.45650988+1.19064209e+00j  2.64040196-2.42047734e+00j
 -0.86588863-3.30857506e+00j -3.11823402-7.61650960e-01j
 -2.0598174 +2.15757478e+00j  0.67916673+2.68803222e+00j
  2.45423919+9.05147369e-01j  2.11046918-1.40984789e+00j
  0.11492257-2.52662577e+00j -1.99581024-1.56705534e+00j
 -2.36977135+7.60214605e-01j -0.57983469+2.24607211e+00j
  1.43598188+1.40400504e+00j  1.50002793-5.30773148e-01j
  0.00544993-1.16503526e+00j -0.84323334-1.66734005e-01j
 -0.24502777+6.84024671e-01j  0.50653021+3.93389987e-01j
  0.4453978 -1.66907815e-01j  0.15882941-1.91117281e-01j
  0.25975615-1.42675065e-01j  0.27631352-5.04792459e-01j
 -0.27048764-7.42529047e-01j -0.82579006-2.55063388e-01j
 -0.59977446+4.96884846e-01j  0.17147526+5.47026602e-01j
  0.41947326-2.00555201e-01j -0.35937948-6.92385197e-01j
 -1.29292035+1.67347753e-02j -1.05196363+1.45144617e+00j
  0.48168799+2.11369314e+00j  2.00580374+1.25773344e+00j
  2.39991184-3.72635582e-01j  1.73334409-1.78644529e+00j
  0.35501883-2.67601036e+00j -1.68860345-2.55643621e+00j
 -3.39982238-5.51854442e-01j -2.68001801+2.56070132e+00j
  0.7052325 +3.72774555e+00j  3.48387604+1.25962288e+00j
  2.63837245-2.21079238e+00j -0.41903006-2.97063331e+00j
 -2.11684455-1.15321879e+00j -1.76843438+4.78409998e-01j
 -1.10454642+1.16214057e+00j -0.27100602+1.88182295e+00j
  1.61208277+1.82370417e+00j  2.91232063-4.96972605e-01j
  1.06975659-3.18568412e+00j -2.49880351-2.56911826e+00j
 -3.4137713 +1.04495804e+00j -0.58215293+3.26445968e+00j
  2.32003713+1.72912376e+00j  2.14814776-1.12719178e+00j
 -0.09460084-2.02260251e+00j -1.59401889-6.80420385e-01j
 -1.18050389+9.66052962e-01j  0.25817491+1.33338317e+00j
  1.17025322+3.23924246e-01j  0.69204043-8.75990974e-01j
 -0.54249619-9.43248555e-01j -1.07841951+7.01918975e-02j
 -0.50679827+8.59079656e-01j  0.18196616+7.89978679e-01j
  0.40276234+5.41909116e-01j  0.69187918+4.52720181e-01j
  1.10886827-1.24479708e-01j  0.69044011-1.12771893e+00j
 -0.64701306-1.23571470e+00j -1.38011947+1.89736269e-02j
 -0.57238571+1.19252003e+00j  0.68332624+9.86254916e-01j
  0.95950581+1.40052745e-03j  0.39105614-4.39742380e-01j
  0.06306156-1.32608752e-01j  0.4001778 +9.16427029e-02j
  0.80022893-3.64302420e-01j  0.50016792-1.14430089e+00j
 -0.4533564 -1.37534622e+00j -1.2273294 -7.74979826e-01j
 -1.33403518+3.81417495e-02j -1.1253836 +6.33250934e-01j
 -0.7158797 +1.26193364e+00j  0.37529998+1.65063717e+00j
  1.68661697+7.88511587e-01j  1.60703242-1.05559796e+00j
 -0.13142955-1.90576408e+00j -1.62443953-8.61498493e-01j
 -1.57476719+6.53343208e-01j -0.77850001+1.41326605e+00j
  0.06654852+1.81368142e+00j  1.46640105+1.85951491e+00j
  3.01288475+4.20651465e-01j  2.77874963-2.31138109e+00j
  0.10052906-3.97345340e+00j -3.00100549-2.81309481e+00j
 -4.07366395+2.79385888e-01j -2.54360096+3.01427880e+00j
  0.34248157+3.69096522e+00j  2.58002452+2.08555907e+00j
  2.67716806-3.39284369e-01j  1.10261157-1.44066974e+00j
  0.03848897-7.31758776e-01j  0.63750345-1.26032709e-01j
  1.27815381-1.23441279e+00j -0.12310087-2.72511941e+00j
 -2.72779513-1.95329452e+00j -3.44328005+1.13119593e+00j
 -0.99700626+3.45184416e+00j  2.24843203+2.53089614e+00j
  3.08779837-6.09325603e-01j  0.94222714-2.83504621e+00j
 -1.95505868-2.19057562e+00j -2.89304655+5.69250994e-01j
 -0.97620979+2.77619108e+00j  1.90322435+2.11471660e+00j
  2.51842017-7.94613201e-01j  0.02214831-2.42959118e+00j
 -2.34845396-5.42450140e-01j -1.19772572+2.38630878e+00j
  2.09277109+2.19115912e+00j  3.06243316-1.03775903e+00j
  0.51819709-3.07522658e+00j -2.032874  -1.69859764e+00j
 -1.79890422+5.86663341e-01j -0.30846083+9.27702680e-01j
 -0.13618116+1.75347243e-01j -0.72673337+5.97975238e-01j
  0.12604175+1.71831089e+00j  2.11882794+1.08961522e+00j
  2.46495581-1.51405843e+00j  0.02835026-3.21639740e+00j
 -2.75664618-1.84097395e+00j -2.94412173+1.18121669e+00j
 -0.66211732+2.73623130e+00j  1.48410927+1.77482513e+00j
  1.76409887-6.19600208e-02j  0.79753711-9.93949150e-01j
 -0.07147461-9.37278308e-01j -0.55770713-6.45932617e-01j
 -1.02206262-1.68209526e-01j -1.09379396+8.81027198e-01j
  0.06602228+1.85440689e+00j  1.93317918+1.21563260e+00j
  2.33122542-1.12426359e+00j  0.17493755-2.69773879e+00j
 -2.29568833-1.29256221e+00j -1.90141621+1.59338204e+00j
  0.96712244+2.19927203e+00j  2.46309847-3.37197616e-01j
  0.54784122-2.58138893e+00j -2.17704488-1.58864952e+00j
 -2.28400708+1.15008318e+00j -0.07806457+2.23500959e+00j
  1.56713534+9.42909669e-01j  1.26248667-7.51970861e-01j
 -0.08433586-1.27439731e+00j -1.19953459-5.24721603e-01j
 -1.23217839+9.28221515e-01j  0.20896819+1.88469613e+00j
  2.06331844+9.38511994e-01j  2.09690764-1.47344337e+00j
 -0.22947586-2.71840466e+00j -2.46815228-1.19806063e+00j
 -2.22007283+1.38342095e+00j -0.12543516+2.36386106e+00j
  1.50657957+1.37346734e+00j  1.69553396-7.03148040e-02j
  1.08251096-9.22699832e-01j  0.35051356-1.21191973e+00j
 -0.34074277-1.13726769e+00j -0.88585637-7.11201426e-01j
 -1.06370212-3.62640597e-02j -0.75095802+5.76492600e-01j
 -0.1292257 +7.50997768e-01j  0.30063191+4.04715157e-01j
  0.19948551+9.37988228e-03j -0.06624555+6.73623832e-02j
  0.08628086+3.02741274e-01j  0.42360011+6.95605062e-02j
  0.20094345-4.24372276e-01j -0.4384849 -2.96238683e-01j
 -0.47534948+4.51354539e-01j  0.30086009+7.22142436e-01j
  0.82236159+6.55137400e-02j  0.44525742-5.91568958e-01j
 -0.1070881 -5.28978028e-01j -0.17658903-3.00517278e-01j
 -0.27719178-4.23847145e-01j -0.83180118-2.68586490e-01j
 -1.01681661+6.55027796e-01j -0.09006533+1.40426205e+00j
  1.08947291+8.96442206e-01j  1.17404366-3.17351311e-01j
  0.28018375-8.28155126e-01j -0.35035209-3.38945831e-01j
 -0.13826268+2.35446960e-01j  0.39127197+2.00818336e-01j
  0.58460029-2.96387052e-01j  0.27135581-7.78535563e-01j
 -0.35631454-8.75766770e-01j -0.90454883-4.48591456e-01j
 -0.96800884+2.75180996e-01j -0.49308675+8.03359606e-01j
  0.15424151+8.34196621e-01j  0.59519619+4.82127415e-01j
  0.73334153-0.00000000e+00j  0.59519619-4.82127415e-01j
  0.15424151-8.34196621e-01j -0.49308675-8.03359606e-01j
 -0.96800884-2.75180996e-01j -0.90454883+4.48591456e-01j
 -0.35631454+8.75766770e-01j  0.27135581+7.78535563e-01j
  0.58460029+2.96387052e-01j  0.39127197-2.00818336e-01j
 -0.13826268-2.35446960e-01j -0.35035209+3.38945831e-01j
  0.28018375+8.28155126e-01j  1.17404366+3.17351311e-01j
  1.08947291-8.96442206e-01j -0.09006533-1.40426205e+00j
 -1.01681661-6.55027796e-01j -0.83180118+2.68586490e-01j
 -0.27719178+4.23847145e-01j -0.17658903+3.00517278e-01j
 -0.1070881 +5.28978028e-01j  0.44525742+5.91568958e-01j
  0.82236159-6.55137400e-02j  0.30086009-7.22142436e-01j
 -0.47534948-4.51354539e-01j -0.4384849 +2.96238683e-01j
  0.20094345+4.24372276e-01j  0.42360011-6.95605062e-02j
  0.08628086-3.02741274e-01j -0.06624555-6.73623832e-02j
  0.19948551-9.37988228e-03j  0.30063191-4.04715157e-01j
 -0.1292257 -7.50997768e-01j -0.75095802-5.76492600e-01j
 -1.06370212+3.62640597e-02j -0.88585637+7.11201426e-01j
 -0.34074277+1.13726769e+00j  0.35051356+1.21191973e+00j
  1.08251096+9.22699832e-01j  1.69553396+7.03148040e-02j
  1.50657957-1.37346734e+00j -0.12543516-2.36386106e+00j
 -2.22007283-1.38342095e+00j -2.46815228+1.19806063e+00j
 -0.22947586+2.71840466e+00j  2.09690764+1.47344337e+00j
  2.06331844-9.38511994e-01j  0.20896819-1.88469613e+00j
 -1.23217839-9.28221515e-01j -1.19953459+5.24721603e-01j
 -0.08433586+1.27439731e+00j  1.26248667+7.51970861e-01j
  1.56713534-9.42909669e-01j -0.07806457-2.23500959e+00j
 -2.28400708-1.15008318e+00j -2.17704488+1.58864952e+00j
  0.54784122+2.58138893e+00j  2.46309847+3.37197616e-01j
  0.96712244-2.19927203e+00j -1.90141621-1.59338204e+00j
 -2.29568833+1.29256221e+00j  0.17493755+2.69773879e+00j
  2.33122542+1.12426359e+00j  1.93317918-1.21563260e+00j
  0.06602228-1.85440689e+00j -1.09379396-8.81027198e-01j
 -1.02206262+1.68209526e-01j -0.55770713+6.45932617e-01j
 -0.07147461+9.37278308e-01j  0.79753711+9.93949150e-01j
  1.76409887+6.19600208e-02j  1.48410927-1.77482513e+00j
 -0.66211732-2.73623130e+00j -2.94412173-1.18121669e+00j
 -2.75664618+1.84097395e+00j  0.02835026+3.21639740e+00j
  2.46495581+1.51405843e+00j  2.11882794-1.08961522e+00j
  0.12604175-1.71831089e+00j -0.72673337-5.97975238e-01j
 -0.13618116-1.75347243e-01j -0.30846083-9.27702680e-01j
 -1.79890422-5.86663341e-01j -2.032874  +1.69859764e+00j
  0.51819709+3.07522658e+00j  3.06243316+1.03775903e+00j
  2.09277109-2.19115912e+00j -1.19772572-2.38630878e+00j
 -2.34845396+5.42450140e-01j  0.02214831+2.42959118e+00j
  2.51842017+7.94613201e-01j  1.90322435-2.11471660e+00j
 -0.97620979-2.77619108e+00j -2.89304655-5.69250994e-01j
 -1.95505868+2.19057562e+00j  0.94222714+2.83504621e+00j
  3.08779837+6.09325603e-01j  2.24843203-2.53089614e+00j
 -0.99700626-3.45184416e+00j -3.44328005-1.13119593e+00j
 -2.72779513+1.95329452e+00j -0.12310087+2.72511941e+00j
  1.27815381+1.23441279e+00j  0.63750345+1.26032709e-01j
  0.03848897+7.31758776e-01j  1.10261157+1.44066974e+00j
  2.67716806+3.39284369e-01j  2.58002452-2.08555907e+00j
  0.34248157-3.69096522e+00j -2.54360096-3.01427880e+00j
 -4.07366395-2.79385888e-01j -3.00100549+2.81309481e+00j
  0.10052906+3.97345340e+00j  2.77874963+2.31138109e+00j
  3.01288475-4.20651465e-01j  1.46640105-1.85951491e+00j
  0.06654852-1.81368142e+00j -0.77850001-1.41326605e+00j
 -1.57476719-6.53343208e-01j -1.62443953+8.61498493e-01j
 -0.13142955+1.90576408e+00j  1.60703242+1.05559796e+00j
  1.68661697-7.88511587e-01j  0.37529998-1.65063717e+00j
 -0.7158797 -1.26193364e+00j -1.1253836 -6.33250934e-01j
 -1.33403518-3.81417495e-02j -1.2273294 +7.74979826e-01j
 -0.4533564 +1.37534622e+00j  0.50016792+1.14430089e+00j
  0.80022893+3.64302420e-01j  0.4001778 -9.16427029e-02j
  0.06306156+1.32608752e-01j  0.39105614+4.39742380e-01j
  0.95950581-1.40052745e-03j  0.68332624-9.86254916e-01j
 -0.57238571-1.19252003e+00j -1.38011947-1.89736269e-02j
 -0.64701306+1.23571470e+00j  0.69044011+1.12771893e+00j
  1.10886827+1.24479708e-01j  0.69187918-4.52720181e-01j
  0.40276234-5.41909116e-01j  0.18196616-7.89978679e-01j
 -0.50679827-8.59079656e-01j -1.07841951-7.01918975e-02j
 -0.54249619+9.43248555e-01j  0.69204043+8.75990974e-01j
  1.17025322-3.23924246e-01j  0.25817491-1.33338317e+00j
 -1.18050389-9.66052962e-01j -1.59401889+6.80420385e-01j
 -0.09460084+2.02260251e+00j  2.14814776+1.12719178e+00j
  2.32003713-1.72912376e+00j -0.58215293-3.26445968e+00j
 -3.4137713 -1.04495804e+00j -2.49880351+2.56911826e+00j
  1.06975659+3.18568412e+00j  2.91232063+4.96972605e-01j
  1.61208277-1.82370417e+00j -0.27100602-1.88182295e+00j
 -1.10454642-1.16214057e+00j -1.76843438-4.78409998e-01j
 -2.11684455+1.15321879e+00j -0.41903006+2.97063331e+00j
  2.63837245+2.21079238e+00j  3.48387604-1.25962288e+00j
  0.7052325 -3.72774555e+00j -2.68001801-2.56070132e+00j
 -3.39982238+5.51854442e-01j -1.68860345+2.55643621e+00j
  0.35501883+2.67601036e+00j  1.73334409+1.78644529e+00j
  2.39991184+3.72635582e-01j  2.00580374-1.25773344e+00j
  0.48168799-2.11369314e+00j -1.05196363-1.45144617e+00j
 -1.29292035-1.67347753e-02j -0.35937948+6.92385197e-01j
  0.41947326+2.00555201e-01j  0.17147526-5.47026602e-01j
 -0.59977446-4.96884846e-01j -0.82579006+2.55063388e-01j
 -0.27048764+7.42529047e-01j  0.27631352+5.04792459e-01j
  0.25975615+1.42675065e-01j  0.15882941+1.91117281e-01j
  0.4453978 +1.66907815e-01j  0.50653021-3.93389987e-01j
 -0.24502777-6.84024671e-01j -0.84323334+1.66734005e-01j
  0.00544993+1.16503526e+00j  1.50002793+5.30773148e-01j
  1.43598188-1.40400504e+00j -0.57983469-2.24607211e+00j
 -2.36977135-7.60214605e-01j -1.99581024+1.56705534e+00j
  0.11492257+2.52662577e+00j  2.11046918+1.40984789e+00j
  2.45423919-9.05147369e-01j  0.67916673-2.68803222e+00j
 -2.0598174 -2.15757478e+00j -3.11823402+7.61650960e-01j
 -0.86588863+3.30857506e+00j  2.64040196+2.42047734e+00j
  3.45650988-1.19064209e+00j  0.70594842-3.52354147e+00j
 -2.38453758-2.37136422e+00j -2.96768348+3.49556851e-01j
 -1.62940291+2.01448975e+00j -0.10544261+2.38556289e+00j
  1.32527302+2.14840986e+00j  2.70416717+9.81672410e-01j
  2.96767321-1.22679669e+00j  1.3583567 -3.09661643e+00j
 -1.1338409 -3.15263000e+00j -2.77604657-1.46350529e+00j
 -2.67802909+6.54484534e-01j -1.27852778+1.77047274e+00j
 -0.00671171+1.42262154e+00j  0.07635579+7.18136955e-01j
 -0.24313441+9.98838236e-01j  0.5416513 +1.65189961e+00j
  1.93835809+9.51534663e-01j  1.98429489-8.46790071e-01j
  0.55637533-1.71432226e+00j -0.55669062-1.19084230e+00j
 -0.85358649-5.98886407e-01j -1.23970858-6.68730750e-02j
 -1.18336539+1.23772013e+00j  0.54491747+2.14259469e+00j
  2.45991009+6.69557353e-01j  1.76737852-1.85311991e+00j
 -0.75170733-2.03330379e+00j -1.46754023+6.12791686e-02j
  0.20829441+8.84518041e-01j  0.99240747-6.40962375e-01j
 -0.52475129-1.54532137e+00j -1.68432881-1.89248657e-01j
 -0.69258121+1.06836605e+00j  0.35550036+3.51130260e-01j
 -0.46506383-4.25076774e-01j -1.32479499+7.76248170e-01j
  0.08203743+2.21501968e+00j  2.28305088+1.17131204e+00j
  2.16902613-1.46770864e+00j -0.25427206-2.49111152e+00j
 -2.17246254-9.48244423e-01j -1.94788098+1.26292764e+00j
 -0.26414627+2.40029526e+00j  1.7323176 +2.04173793e+00j
  3.04930671+2.17419767e-01j  2.52644657-2.27564938e+00j
  0.13210764-3.53129636e+00j -2.22736856-2.52899697e+00j
 -2.94444665-5.57676330e-01j -2.57988993+8.81561272e-01j
 -2.02723998+2.06747399e+00j -0.63243674+3.33945524e+00j
  1.96278137+3.30706566e+00j  3.862206  +9.15796122e-01j
  3.01829609-2.12271219e+00j  0.25026422-3.05155113e+00j
 -1.6410659 -1.48181041e+00j -1.23527587+3.90009956e-01j
  0.22078742+5.72194081e-01j  0.62313549-6.67157097e-01j
 -0.61533126-1.43796484e+00j -2.06514911-4.47357809e-01j
 -1.92794239+1.59072806e+00j  0.02824258+2.72583855e+00j
  2.22342135+1.73095735e+00j  2.70643318-7.24213931e-01j
  0.92003706-2.53030177e+00j -1.5222774 -1.97068089e+00j
 -2.16338   +3.14359381e-01j -0.53006581+1.69592237e+00j
  1.06156372+7.60311823e-01j  0.58783218-7.60536716e-01j
 -0.87808244-5.61382981e-01j -1.00926839+9.11342560e-01j
  0.29310028+1.51982811e+00j  1.25855823+7.65875269e-01j
  1.22243985-3.83501067e-02j  1.12436115-3.17207999e-01j
  1.33196734-9.05698819e-01j  0.81914358-2.11518756e+00j
 -1.05113311-2.64666926e+00j -2.98066951-1.16632308e+00j
 -2.86741073+1.55726966e+00j -0.4652909 +3.00221122e+00j
  1.90794666+1.75919705e+00j  1.95852992-6.54267501e-01j
  0.09183885-1.62359405e+00j -1.35992434-4.89513400e-01j
 -0.99412343+1.14856796e+00j  0.5391009 +1.59967765e+00j
  1.7270837 +5.88975487e-01j  1.60837162-9.23079394e-01j
  0.4080701 -1.67045718e+00j -0.69541701-1.20368648e+00j
 -0.83071194-3.65027390e-01j -0.47438831-1.56668700e-01j
 -0.585375  -3.43185247e-01j -1.04271643-2.51887359e-02j
 -0.95888358+7.68961438e-01j -0.21269585+1.17865783e+00j
  0.47320867+9.16394820e-01j  0.755275  +4.50706695e-01j
  0.85496693-2.29868714e-02j  0.65022565-6.61029492e-01j
 -0.24282644-1.01491235e+00j -1.24494557-2.00452099e-01j
 -0.84212418+1.42809360e+00j  1.25187079+1.81748954e+00j
  2.77619409-3.05265813e-01j  1.33391458-2.99499829e+00j
 -2.02223099-2.91144471e+00j -3.51410577+2.09677061e-01j
 -1.47337205+2.84365500e+00j  1.46322823+2.22287695e+00j
  2.00242813-2.59974574e-01j  0.29295947-1.39550293e+00j
 -0.98067794-3.49157728e-01j -0.33707178+9.25061833e-01j
  1.04588266+5.67180382e-01j  1.10684526-1.03376991e+00j
 -0.60305721-1.78003184e+00j -2.1922761 -3.37689341e-01j
 -1.50411408+1.93972416e+00j  0.97377042+2.33151814e+00j
  2.40204102+2.83675886e-01j  1.27517497-1.75507271e+00j
 -0.73839814-1.68934438e+00j -1.46382525-2.91953785e-01j
 -0.97993644+6.35461323e-01j -0.51692986+8.87872279e-01j
 -0.1716335 +1.26042123e+00j  0.78349287+1.60455989e+00j
  2.17624787+9.21056383e-01j  2.70137941-1.05266600e+00j
  1.27435961-3.08643104e+00j -1.58622382-3.27049353e+00j
 -3.62839644-8.77515534e-01j -2.77807271+2.26934244e+00j
  0.24818283+3.16532112e+00j  2.23155829+1.15066007e+00j
  1.32629624-1.00304962e+00j -0.50005983-7.07341137e-01j
 -0.33510448+9.24439014e-01j  1.48494223+9.13390072e-01j
  2.07722424-1.14193434e+00j  0.30430272-2.67085982e+00j
 -1.89361322-1.90726352e+00j -2.46088749+1.31542091e-01j
 -1.43708742+1.63010678e+00j  0.10543416+1.95155785e+00j
  1.42466576+1.20500138e+00j  1.85340359-3.50593487e-01j
  0.8333617 -1.77941284e+00j -1.01677413-1.76330033e+00j
 -2.01026313-2.02384260e-01j -1.26201069+1.36744194e+00j
  0.25253698+1.52305832e+00j  0.97367535+5.32369597e-01j
  0.58503859-2.63423718e-01j  0.03845912-2.44001578e-01j
 -0.0267179 -9.52136342e-03j -0.03740373-3.88456866e-02j
 -0.27264306+1.42289442e-01j -0.02673958+6.90740639e-01j
  0.88195509+5.64570995e-01j  1.06222417-6.08905839e-01j
 -0.19266834-1.15811136e+00j -1.05769446+4.99591411e-02j
  0.05675868+1.19632512e+00j  1.51118728+2.71526736e-01j
  0.99045128-1.43075476e+00j -0.67708472-1.48666848e+00j
 -1.21143258-2.39078207e-01j -0.57644858+4.14419579e-01j
 -0.14042016+2.59365283e-01j -0.08096123+1.09701623e-01j
 -0.07900753-5.41312756e-02j -0.44685763-1.34135630e-01j
 -0.73149042+5.47890451e-01j  0.20411322+1.25282205e+00j
  1.46163039+2.75889435e-01j  0.69640446-1.54121471e+00j
 -1.59161973-1.24942662e+00j -2.04141594+1.27552218e+00j
  0.27231123+2.60404859e+00j  2.2656074 +1.02913910e+00j
  1.68519251-1.05938543e+00j  0.06869522-1.22904126e+00j
 -0.31768761-2.27361041e-01j  0.376939  +4.73323739e-02j
  0.67276698-6.72580976e-01j -0.01788202-1.32114515e+00j
 -1.07877821-1.04139147e+00j -1.480856  +7.99915125e-02j
 -0.73940709+1.02508173e+00j  0.35296022+8.10308787e-01j
  0.49783183-1.47880911e-01j -0.30030371-4.63104093e-01j
 -0.7703286 +2.03379368e-01j -0.37638814+8.45340033e-01j
  0.21075461+9.44035111e-01j  0.74742407+9.01965698e-01j
  1.630936  +4.86422775e-01j  2.17611662-1.11298341e+00j
  0.78502607-3.12804936e+00j -2.33305775-3.12345982e+00j
 -4.35050858-1.33437675e-01j -2.91058679+3.45590144e+00j
  0.89358316+4.28599283e+00j  3.57243825+1.71511419e+00j
  2.93634004-1.59613751e+00j  0.18982765-2.61072529e+00j
 -1.64486975-9.90904427e-01j -1.05876136+9.23988076e-01j
  0.59459597+1.02227656e+00j  1.12056608-3.07426937e-01j
  0.14011078-1.14307518e+00j -0.89721262-5.84298919e-01j
 -0.81239023+4.90771834e-01j  0.12015307+8.66317878e-01j
  0.90136166+2.53738932e-01j  0.82632181-8.16638725e-01j
 -0.23653315-1.50542121e+00j -1.71333206-9.80010978e-01j
 -2.27435862+8.70657018e-01j -0.854832  +2.67447380e+00j
  1.71004106+2.45570073e+00j  2.92913211+3.67920235e-02j
  1.45078846-2.19315815e+00j -1.03480385-1.93143972e+00j
 -1.77673928+1.87861376e-01j -0.32565256+1.54634105e+00j
  1.30610435+8.67021155e-01j  1.43507112-7.05814883e-01j
  0.31632326-1.54197299e+00j -0.85550768-1.20563885e+00j
 -1.2992005 -2.51379427e-01j -0.95394196+5.58137532e-01j
 -0.32791579+7.54481732e-01j -0.05121331+5.61240927e-01j
 -0.06768153+6.46868318e-01j  0.38536565+1.02569924e+00j
  1.46860768+7.11321713e-01j  1.96948007-8.58214478e-01j
  0.66226881-2.51131518e+00j -1.81570925-2.33455282e+00j
 -3.22849328+5.43852717e-02j -1.99522977+2.78607456e+00j
  1.12260217+3.39494299e+00j  3.53765953+1.08661255e+00j
  2.99067107-2.37434655e+00j -0.33034209-3.91558248e+00j
 -3.53564806-1.89682349e+00j -3.52205102+1.94881988e+00j
 -0.27609196+3.90646421e+00j  2.88757137+2.21823013e+00j
  3.02526681-9.90831439e-01j  0.77984566-2.44191796e+00j
 -1.0063607 -1.54187450e+00j -1.08579544-3.03120546e-01j
 -0.70905219-4.60534115e-02j -0.9728792 +8.95557586e-02j
 -1.02293432+1.05399371e+00j  0.26530052+1.84845350e+00j
  1.90733431+8.52137395e-01j  1.66303505-1.32884892e+00j
 -0.62517591-1.97553127e+00j -2.10518054+8.92852363e-02j
 -0.52424014+2.32555797e+00j  2.33621161+1.56428166e+00j
  2.75635255-1.52704120e+00j  0.12840868-3.20269908e+00j
 -2.34299787-1.69498818e+00j -2.11497815+7.71299011e-01j
 -0.25497112+1.40392438e+00j  0.68027052+2.02806862e-01j
 -0.13304125-8.39591662e-01j -1.44994364-3.49140699e-01j
 -1.61495534+1.28547383e+00j -0.11003089+2.43551270e+00j
  1.8200331 +1.75696268e+00j  2.28621906-1.93861482e-01j
  1.06263914-1.40875531e+00j -0.10532237-1.06582583e+00j
 -0.15665049-5.01695382e-01j -0.15232789-7.13515378e-01j
 -0.95214862-6.45367844e-01j -1.31177553+5.85119614e-01j
 -0.08360186+1.55756246e+00j  1.32085534+7.09051087e-01j
  0.9361004 -7.75313919e-01j -0.41183448-6.38936467e-01j
 -0.27227287+6.96517586e-01j  1.38826679+6.27914984e-01j
  1.88001125-1.46194867e+00j -0.14867897-3.00765395e+00j
 -2.62910674-1.92024445e+00j -3.01691898+6.00734998e-01j
 -1.51324113+2.06942223e+00j -0.04783842+1.92529432e+00j
  0.53797992+1.32573386e+00j  0.7648729 +9.50003014e-01j
  0.96163581+5.94724986e-01j  0.98218006+2.19445415e-01j]
