Frame: 12
X_framed shape: (1024,)
X_framed dtype: complex128
X_framed:
[-2.85209045e+01-0.00000000e+00j  1.23284987e+01+2.19611418e+02j
  2.00949892e+00-8.25764415e+01j -2.49962877e+00-6.54013544e+00j
  1.66224241e+00+1.79522526e+00j  8.37036426e-01-7.16297740e+00j
 -2.11098221e+00+2.42138802e+00j  1.99406374e+00-1.11381148e+00j
 -2.12931751e-01-2.93829958e+00j -3.93099982e-01+3.31388686e+00j
  2.35362220e+00-8.40391298e-02j -3.48015024e+00-2.53088964e+00j
  1.20895013e+00+2.14651510e+00j  3.37008354e+00-1.83007831e+00j
 -4.86451362e+00+3.54844464e+00j  1.93926893e+00-5.26265863e+00j
  2.95807565e-01+2.14643716e+00j -8.13000799e-01+3.90903545e+00j
 -2.86801443e-01-5.44506580e+00j  2.23949370e+00+2.31901927e+00j
 -4.26990195e+00-2.50938399e+00j  4.57385064e+00+4.43977386e+00j
 -1.29123326e+00-3.22463560e+00j -2.20710051e-02+5.16014880e-01j
 -2.77080842e-01-6.44302711e-01j  7.41886016e-01+3.99444613e+00j
 -1.02546414e+00-5.96931426e+00j -2.53914717e-02+5.81304447e+00j
 -4.73337184e-01-4.55245177e+00j  7.28784544e-01-5.61519782e-02j
  5.15062216e-01+3.79716676e+00j -1.61748721e+00-1.58795672e+00j
  2.00654188e+00-5.82856444e-01j  3.51123897e-01-2.80950929e+00j
 -2.51734463e+00+7.10834792e+00j  5.25099889e-01-6.18265624e+00j
  2.01723137e+00+2.63964716e+00j -1.63973497e+00-2.53149135e+00j
 -2.08468640e-01+2.47332396e+00j  2.48262672e+00-2.53154744e-01j
 -3.60295345e+00+1.20999291e+00j  1.51877965e+00-2.75744198e+00j
 -3.60718471e-01-8.18042697e-02j  1.76121559e+00+1.15564152e+00j
 -5.42299985e-01+1.43780642e+00j -1.04541141e+00+1.84535656e+00j
  4.91939741e-01-6.72512185e+00j  8.44680664e-01+1.07535889e+00j
 -2.04536539e+00+7.24132816e+00j -3.94687494e-01-8.86535982e+00j
  1.73445603e+00+7.33475256e+00j  1.63009931e-01-1.96268328e+00j
  3.43547685e-01-1.08675925e+00j -1.78797390e+00-1.59992749e+00j
  2.04567741e+00+5.97244151e-02j  1.67147805e+00+2.23720302e+00j
 -5.25955622e+00-1.40068764e+00j  2.72831111e+00+1.91493857e+00j
 -1.25238502e+00-1.54941660e+00j  3.69409978e-01+1.59326139e-01j
  2.52790704e+00+3.43077818e-01j -3.53905514e+00-3.90028437e-01j
  3.35889749e+00-1.68037675e+00j -3.88011282e-01+2.69303671e+00j
 -1.44435468e+00-2.14506278e+00j -1.74060738e+00+9.88868221e-01j
  4.02500538e+00+1.62699788e+00j -3.46681456e+00+5.23163708e-01j
  3.68138357e-01-4.87396350e+00j  8.26601362e-01+4.22906368e+00j
  1.26324802e+00-2.85528398e+00j  5.67485116e-01+2.39090041e-01j
 -8.57403501e-01+1.95708873e+00j -2.91581742e+00+3.01484218e+00j
 -8.62711801e-01-6.44013418e+00j  8.23232946e+00+3.32168398e+00j
 -8.45810513e+00-1.25015109e+00j  5.06311591e+00+2.55977829e+00j
 -2.88827129e+00-2.43808276e+00j  1.70004721e+00+6.34036886e-01j
 -5.28242185e-01+4.37695683e-01j -1.58135787e+00-6.87977300e-01j
  4.20339159e+00-3.47089534e+00j -5.63062425e+00+7.41818490e+00j
  3.10118248e+00-4.65241183e+00j  1.19573889e+00+1.38590985e-01j
 -1.36426516e+00+9.98686359e-01j -7.32042198e-01+8.28456957e-01j
 -1.85005267e+00+5.96516979e-02j  5.88200090e+00-2.55067847e+00j
 -3.24241338e+00+1.74753966e+00j -1.11445664e+00-6.24309862e-01j
  1.26327968e+00+1.94805637e+00j  1.16133897e-01-4.00467200e+00j
 -6.49473567e-01+2.33767596e+00j -8.47314768e-01+7.78109026e-01j
  2.10111216e+00-9.26517226e-01j -1.35882575e+00-8.45159499e-01j
 -8.62100734e-01+4.49240006e+00j  2.93312122e+00-5.33988804e+00j
  4.34501147e-01+1.16549144e+00j -4.93565426e+00+2.54805530e+00j
  3.57306562e+00-3.95626051e+00j -4.14927000e-01+2.46814340e+00j
 -2.95359232e+00+1.08070464e+00j  5.58189317e+00-3.76733408e+00j
 -2.18149203e+00+5.47175709e+00j -3.27736318e+00-3.81126923e+00j
  2.74731580e+00-1.92932608e+00j  3.59870176e-01+4.96138223e+00j
 -8.93018021e-01-3.42075171e+00j  1.55871596e+00+2.78022583e-01j
 -1.79124297e+00+1.88240270e+00j -7.23414689e-01-3.08052173e+00j
  3.64947385e+00+4.64768250e+00j -2.40542645e+00-4.88823256e+00j
 -1.62102895e+00+4.15781169e+00j  2.11634287e+00-2.90186642e+00j
  5.08744674e-01+5.20815811e-01j -1.28487302e+00+1.72557220e+00j
 -2.97369861e+00-1.42895741e+00j  4.90447146e+00+3.98445220e-01j
 -2.77257154e+00+6.69747004e-01j  3.27659834e+00-3.31280400e+00j
 -3.99222526e+00+2.03275227e+00j  3.56512574e+00+1.27048856e+00j
 -1.36619840e+00-2.62007745e+00j -3.33349180e+00+3.85110344e+00j
  3.04754248e+00-4.83845321e-01j  1.90494789e+00-4.11209850e+00j
 -1.36474581e+00+2.65833486e+00j -5.82804459e-01-2.05388379e-01j
  5.41187175e-01-1.27677436e+00j -9.61364240e-01+3.67430081e+00j
 -1.97639272e+00-1.82115210e+00j  4.29965148e+00-1.96595574e+00j
 -1.95605775e+00+1.31767451e+00j -1.10859887e+00-1.35273973e+00j
  2.17873370e+00+2.69341343e+00j -1.45971123e+00-4.47503251e-01j
  9.86333912e-01+5.51105692e-01j -2.52231214e+00-4.77857351e+00j
  3.49241646e+00+5.02267196e+00j -3.11388348e-01-2.25489282e+00j
 -2.64269567e+00+7.37581392e-01j -2.74395547e-01+5.68280812e-01j
  2.31013564e+00+8.09997519e-04j  1.27533719e+00-1.50818970e+00j
 -4.11057724e+00+1.68340281e+00j  3.06194871e+00-3.12642255e+00j
 -3.03001334e+00+4.10936012e+00j  5.53095252e+00-1.59980129e+00j
 -3.24075300e+00-2.52731577e+00j -3.10700025e+00+4.34986417e+00j
  5.40924076e+00-2.50231383e+00j -3.38279027e+00+9.17931271e-01j
  2.93101030e+00+1.59975648e+00j -3.71758194e+00-4.96959849e+00j
  3.68515229e+00+3.30421422e+00j -3.95694537e+00+9.69710954e-01j
  2.17411734e+00-2.97678516e+00j -1.86500205e-01+2.22340104e+00j
  3.75596741e-01-1.60255637e+00j -6.38471634e-01+2.12355352e+00j
  1.03201770e+00-1.17556222e+00j -4.77754956e-01-1.20584066e+00j
 -9.87099508e-01+1.61878555e+00j  7.20893183e-01-3.92615346e-02j
 -2.10213508e-01-2.15030885e+00j -7.62715859e-02+3.57139737e+00j
 -2.11962219e-01-2.11342074e+00j  1.44401677e+00+1.23817621e+00j
 -2.22616981e+00-2.27670502e+00j  3.11497537e+00+3.28891513e+00j
 -1.76683910e+00-4.03803521e+00j -7.37109597e-01+5.24353547e+00j
  8.38753457e-01-3.11038547e+00j -9.95252144e-01-5.27185480e-01j
  2.42809326e+00-7.48928580e-01j -4.36708384e-01+7.91890023e-01j
 -3.97344891e+00+1.10001116e+00j  2.77984279e+00-7.46524186e-01j
  1.70917508e+00+7.00220654e-01j -4.02190249e+00-2.64366855e+00j
  2.48145399e+00+3.35283656e+00j  1.68356470e+00-1.59457333e+00j
 -2.73426205e+00-6.57928876e-01j  6.36125479e-01+2.54178802e+00j
  1.26015942e+00-1.60486209e+00j -2.21217557e+00+2.15345007e-01j
  2.38303568e+00-3.17052377e-02j -1.70002665e+00+9.02527027e-01j
  1.58983915e+00-4.08115171e-01j -2.76233520e+00-1.75896121e+00j
  3.64553942e+00+1.03258865e+00j -4.60029419e+00-1.91017282e+00j
  3.50731232e+00+4.78631588e+00j -2.49719682e-01-2.97471475e+00j
 -3.26861479e-01-3.07372008e+00j  1.45697579e+00+4.98782308e+00j
 -2.07465834e+00-1.27027907e+00j -1.69208359e+00+1.28475634e+00j
  2.58951639e+00-1.90919819e+00j -1.83513147e+00-2.66751947e+00j
  3.43960051e+00+4.55475860e+00j -2.02632293e+00-1.66777909e+00j
 -5.98575360e-01-1.19847254e+00j -2.03506431e-01+3.96101578e+00j
  1.45873334e+00-3.49334735e+00j  3.07226981e-01-6.56355922e-01j
 -2.91604703e+00-1.40316577e+00j  1.90939263e+00+6.35964242e+00j
  1.14165841e+00-6.44249257e+00j -2.18769575e+00+2.66957999e+00j
  5.54076319e-01+3.53769556e+00j  8.05628134e-01-3.97582476e+00j
 -7.57437043e-01-1.22267898e+00j  1.92021182e+00+3.83470649e+00j
 -4.31665368e+00-1.25839586e-01j  4.88353260e+00-4.92554305e+00j
 -2.60143260e+00+4.63952008e+00j  1.51738320e+00-5.18532160e+00j
 -3.32271117e-01+6.77333103e+00j -2.06396451e-01-4.07250580e+00j
 -3.94704126e+00-3.90622363e-01j  4.23341032e+00+1.84656163e+00j
 -1.34755789e+00+1.94984090e+00j  9.24481957e-01-5.04949530e+00j
  2.94035985e+00+2.55892246e+00j -6.84347909e+00+1.50805671e-01j
  4.81832067e+00+1.16896647e+00j -9.65705452e-01-3.57134062e+00j
 -1.46810776e+00+2.30965032e+00j  2.19542615e+00+1.58611829e+00j
 -2.38704602e+00-2.33803569e+00j  6.12001682e-01+1.58640054e+00j
  2.42623911e+00-2.07644986e+00j -2.87930066e+00+1.47946048e+00j
  4.51050257e+00-1.61899590e-01j -4.85515126e+00+5.29196372e-01j
  7.23966986e-01-5.96862907e-01j  1.63554212e+00-1.45411650e+00j
 -3.39466828e+00+2.55411447e+00j  5.96559553e+00-2.18678119e+00j
 -5.50272347e+00+1.90862227e+00j  2.82067108e+00-7.97498283e-01j
  2.17873420e+00-1.84840826e+00j -5.90429035e+00+2.13589989e+00j
  1.67970989e+00+3.95186845e-01j  5.12381960e+00-1.16878778e+00j
 -7.40314431e+00+7.99223925e-01j  3.67487794e+00+2.32959601e-01j
  2.98060832e+00-1.25792115e+00j -3.57047281e+00+1.43203020e+00j
  8.85902075e-01-4.13358957e+00j -2.93823496e+00+4.69864173e+00j
  3.22543224e+00-1.13213563e+00j -8.41499525e-01+6.44962271e-01j
 -2.44068261e-02-6.99561679e-01j  2.16125418e+00-3.09170543e+00j
 -2.22067690e+00+5.30355216e+00j  1.75238673e-01-2.73793257e+00j
 -1.76661146e+00+1.90723351e+00j  3.49081389e+00-2.63983410e+00j
 -1.09006860e+00-3.12437596e-01j -3.34265005e+00+6.56830305e-01j
  4.55201805e+00+2.58846466e+00j -1.14450427e+00-1.33675060e+00j
  1.38059756e-01-2.46178866e+00j -1.85860467e+00+2.16728811e+00j
  1.62681290e+00+9.93109969e-01j -1.34603502e+00-3.06219415e+00j
  1.30437849e+00+3.54492291e+00j -1.03428766e+00-2.42091130e+00j
  3.38888489e+00+6.67499338e-01j -5.01252753e+00-2.67573670e+00j
  2.19919533e+00+3.52556315e+00j -1.12671364e+00+1.54978359e+00j
 -9.76499025e-01-2.71803158e+00j  4.71507042e+00-1.39831476e+00j
 -2.09514891e+00+5.32749331e+00j -1.12679426e+00-6.06701012e+00j
  1.07022883e+00+4.08225140e+00j -4.67119646e-01-4.34143850e+00j
  6.09349581e-01+3.52764769e+00j -2.76874556e+00+1.16357980e+00j
  5.27745726e+00-1.75948732e+00j -4.23056538e+00-2.05719462e+00j
  1.48030849e+00+1.73510340e+00j  1.87750068e-01-6.04531205e-01j
 -3.53283218e+00+3.23390145e+00j  1.92323032e+00-4.88053954e+00j
  4.52620159e+00+3.42141924e+00j -4.25186147e+00+4.78063733e-01j
  2.76292074e+00-2.40605754e+00j -7.24173530e+00+1.60345914e+00j
  1.06326406e+01-1.94471817e+00j -7.55695901e+00+2.04055380e+00j
  2.67006947e+00+2.92339689e-01j -1.26607253e+00-4.30032406e+00j
  9.14505314e-01+5.39962482e+00j  6.41939753e-01-3.50338766e+00j
 -1.13910058e+00-4.23349512e-01j  9.29442851e-01+3.78792155e+00j
 -3.59709611e-01-1.01225898e+00j -1.25038113e+00-1.51472094e+00j
  2.32730715e+00-1.45312494e+00j -2.64203431e+00+3.06054244e-01j
  2.35728009e+00+4.09677868e+00j -2.09310971e+00-2.36473089e+00j
  1.14273867e+00+1.36054339e+00j -3.69510870e-01-3.58181168e+00j
  1.77577605e+00+3.58958685e+00j -7.35598831e-01-1.20933770e+00j
 -1.49429878e+00-2.16572994e+00j -8.53197252e-01+1.96823574e+00j
  3.31108677e+00+1.58419450e+00j -9.66549495e-02-1.76992459e+00j
 -4.60743078e+00-1.33464029e+00j  2.77453775e+00+4.31138096e+00j
 -6.01348043e-01-5.33997283e+00j  3.88253849e+00+2.66340475e+00j
 -4.59414359e+00+1.33463024e+00j  2.46303108e+00-3.71426627e+00j
  4.78568009e-01+3.00684663e+00j -1.21555014e+00-2.23021605e+00j
 -2.62214422e+00+1.88952491e+00j  3.71045236e+00+4.24978307e-01j
 -3.03527041e+00-2.74033715e+00j  2.87545367e+00+3.65687021e+00j
 -1.82522719e+00-1.27637397e-01j  2.05825718e-01-4.95991314e+00j
  2.96405756e+00+4.15077993e+00j -3.97475899e+00-4.02197547e-01j
  2.72793715e+00-7.28317790e-01j -1.80785557e+00+5.23176141e-01j
  2.11851031e+00+9.36179688e-01j -5.29393235e+00-3.67133329e+00j
  4.48749327e+00+3.13448413e+00j  7.87890643e-01-2.03576666e-01j
  3.39439303e-01-8.72250349e-01j -3.57520094e+00+1.12456528e+00j
  3.03493446e+00+8.26414362e-01j -1.19177834e+00-4.07195939e+00j
  2.38344210e+00+3.40986960e+00j -8.29256053e+00-2.20100005e+00j
  7.20561933e+00+2.65202824e+00j -1.89925646e-01-2.72717236e+00j
 -1.95946918e+00+3.31630830e+00j  3.94574007e-01-5.55178953e+00j
  2.87490852e+00+7.48529223e+00j -3.32627467e+00-5.29799726e+00j
 -5.05177447e-01+1.68258528e+00j  1.25824367e+00-3.49169178e+00j
  1.06941528e+00+5.23174500e+00j  3.11909070e-02-2.43994629e+00j
 -4.12343661e+00+2.20586959e+00j  3.60267428e+00-3.16000581e+00j
  4.89015436e-01+2.58336654e+00j -1.97028040e+00-2.29673197e+00j
  1.40812163e+00+1.41510138e+00j -1.22518879e+00+1.61402819e+00j
  7.50613429e-01-1.74247366e+00j  3.12398290e+00-1.15680723e+00j
 -5.40550107e+00+2.60267604e-01j  2.50770204e+00-3.86185112e-01j
  1.60791025e+00+2.72994115e+00j -1.08969786e+00-1.24487516e+00j
 -1.76442138e+00-2.86293925e+00j -1.29279609e+00+4.17404771e+00j
  2.89654754e+00-1.81915385e+00j  1.14519905e+00-8.41493145e-01j
 -4.36816676e+00+2.20517586e+00j  3.54205521e+00-3.20193250e-01j
  1.54346496e-01-2.33290554e+00j -1.89921330e+00+1.90920064e+00j
  7.66376828e-01-2.03238458e+00j  2.07778150e+00+2.61412471e+00j
 -4.11661951e+00-1.14727347e+00j  4.17976335e+00+5.13585286e-01j
 -4.16000495e+00-1.46743515e+00j  3.40124327e+00+3.13576673e+00j
 -1.17854149e-01-3.56397834e+00j -3.64427835e+00+1.70369400e+00j
  2.87785543e+00+4.24989185e-01j  6.74312463e-01-1.96114902e+00j
 -1.26309987e+00+1.26455523e+00j -2.31400276e+00+8.26959243e-01j
  3.87413166e+00-7.40576482e-01j  4.00294814e-01-3.48178948e-01j
 -2.20301634e+00+2.84469606e+00j  7.71476615e-01-6.70091445e+00j
 -5.47648534e-01+4.90143253e+00j  1.94940749e+00+1.48002435e+00j
 -4.27161363e+00-3.55790467e+00j  4.67814919e+00+8.38537839e-01j
 -3.66246717e+00+1.20851852e+00j  9.56848797e-01-4.36222538e-02j
  2.24089748e+00-7.90484007e-01j -2.21622794e+00-4.26512136e-01j
  4.98887791e-01+3.94904638e-01j  3.42756150e-01-2.76353033e-01j
 -4.05641880e-01+8.26332980e-01j -1.64017315e+00-1.36164740e-01j
  4.32942201e+00-8.68877733e-01j -4.38014676e+00+2.56049245e-01j
  1.41876904e+00-1.47135451e+00j  1.23248127e+00+4.93672771e+00j
 -1.22508852e+00-3.17302405e+00j  2.02822720e+00-1.98414640e+00j
 -3.11410594e+00+5.03920730e-01j  1.02018244e+00+5.79056243e+00j
  2.24899115e+00-6.90354235e+00j -3.64403981e+00+3.55050182e+00j
  8.31993506e-01-3.94087574e-01j  1.45424667e+00-1.30915906e-01j
  1.91680471e+00-1.22624948e+00j -2.72269795e+00+2.01180610e+00j
 -1.37047610e-01-4.12830741e+00j  1.64882246e+00+3.29218618e+00j
 -3.68270666e+00-1.89747755e+00j  3.16868870e+00+5.59882200e+00j
 -8.94968843e-01-6.54332486e+00j  8.55451899e-01+4.18888692e+00j
 -6.52511865e-01-1.30402939e+00j  2.33130176e+00-1.64247469e+00j
 -6.99837482e+00+3.84750869e+00j  8.43047425e+00-5.42118581e+00j
 -4.83692115e+00+4.41259954e+00j  1.28599015e+00-2.13562866e+00j
  1.88473942e-01-7.56690791e-01j -1.38935423e+00+1.90951658e+00j
 -2.07048887e-01-1.12724253e+00j  6.75862855e-01+2.00530531e+00j
  4.05905902e+00-2.70818115e+00j -7.20611653e+00+2.69600326e+00j
  7.93986669e+00-2.15342895e+00j -5.46948923e+00+1.15918013e+00j
  3.07641660e+00-1.42382647e+00j -4.54622109e+00+4.33971452e-01j
  1.77581856e+00+1.72431226e-01j  4.28140977e+00+3.22601129e+00j
 -6.53855965e+00-3.86738126e+00j  5.81275582e+00-4.83464260e-01j
 -3.94068369e+00+1.68423097e+00j  1.68931292e+00-1.25757582e+00j
 -1.08001235e+00+3.57953257e+00j  2.34907865e+00-2.11378958e+00j
 -2.79446284e+00-2.16107462e+00j  8.94589437e-01+1.66340005e+00j
 -7.15876818e-02+2.45956343e+00j  2.07071634e+00-3.26177060e+00j
 -3.42686212e+00-8.83343421e-01j  2.45453679e+00+2.34144071e+00j
  5.59341045e-01-1.02785844e+00j -1.72702579e+00+2.68750868e+00j
 -2.77673739e+00-4.01441670e+00j  5.24703535e+00+9.25469473e-01j
 -2.72866210e+00+7.43233697e-01j  3.00758830e+00+1.41351984e+00j
 -1.93474977e+00-7.81441416e-01j -2.30441422e-01-1.16282326e+00j
 -4.77701249e+00-6.16989224e-01j  5.45472277e+00+1.89145658e+00j
 -4.74257888e-01-7.87369159e-01j  1.00809664e+00-1.54786470e-01j
 -1.90291341e+00+3.59211116e-01j  1.95424900e-01-4.79399412e-01j
  2.07233039e+00+1.61243531e-01j -4.15997933e+00+1.49172656e+00j
  2.59548695e+00+3.30829356e-01j  1.65520795e+00-2.67647757e+00j
 -4.29336170e+00+1.74700749e+00j  4.13814122e+00-2.17487903e+00j
 -7.92072464e-01+2.16788786e+00j -1.41571708e+00+8.41781890e-01j
 -2.96632136e+00-2.56554961e+00j  6.16609231e+00-4.59782014e-01j
 -1.06038472e+00+2.91119511e+00j -2.11967759e+00-1.08112890e+00j
 -6.02100293e-01+5.77009892e-01j  1.03616671e+00-2.57974139e+00j
 -7.34977503e-01+3.78398444e+00j  2.58610830e+00-2.83186832e+00j
 -2.28020107e+00-1.75313816e+00j  9.81344558e-01+5.09469756e+00j
 -8.72487140e-01-3.72303124e+00j  1.89942793e-01+3.66835038e+00j
 -8.99611106e-01-3.06170994e+00j  1.48463523e+00-3.76394127e-03j
 -2.10582164e-01-9.07588367e-01j  1.80015218e+00+4.05884502e+00j
 -2.11294322e+00-5.20638784e+00j -7.17990510e-01+2.43652102e+00j
  1.08057621e+00+7.58199832e-01j -9.49069171e-01+2.31658599e-01j
  6.00389419e-01-2.49350108e+00j  1.69506159e+00+2.35838687e+00j
 -2.49431683e+00-7.56925646e-01j -8.85594642e-01+2.73278712e+00j
  4.04068182e+00-6.21111670e+00j -2.19268376e+00+5.54167002e+00j
  1.20815107e+00-3.13620767e+00j -3.43205499e+00+7.83610430e-01j
  2.19122717e+00-2.98260631e-01j  2.31368343e+00+2.98276610e+00j
 -4.74262825e+00-4.22905344e+00j  2.45440597e+00+4.02344701e+00j
 -1.75803714e+00-3.08183773e+00j  3.00685096e+00+2.47427861e-01j
 -2.25949484e+00+2.04838979e+00j  2.15304762e+00-1.80537256e+00j
 -2.34433591e+00-0.00000000e+00j  2.15304762e+00+1.80537256e+00j
 -2.25949484e+00-2.04838979e+00j  3.00685096e+00-2.47427861e-01j
 -1.75803714e+00+3.08183773e+00j  2.45440597e+00-4.02344701e+00j
 -4.74262825e+00+4.22905344e+00j  2.31368343e+00-2.98276610e+00j
  2.19122717e+00+2.98260631e-01j -3.43205499e+00-7.83610430e-01j
  1.20815107e+00+3.13620767e+00j -2.19268376e+00-5.54167002e+00j
  4.04068182e+00+6.21111670e+00j -8.85594642e-01-2.73278712e+00j
 -2.49431683e+00+7.56925646e-01j  1.69506159e+00-2.35838687e+00j
  6.00389419e-01+2.49350108e+00j -9.49069171e-01-2.31658599e-01j
  1.08057621e+00-7.58199832e-01j -7.17990510e-01-2.43652102e+00j
 -2.11294322e+00+5.20638784e+00j  1.80015218e+00-4.05884502e+00j
 -2.10582164e-01+9.07588367e-01j  1.48463523e+00+3.76394127e-03j
 -8.99611106e-01+3.06170994e+00j  1.89942793e-01-3.66835038e+00j
 -8.72487140e-01+3.72303124e+00j  9.81344558e-01-5.09469756e+00j
 -2.28020107e+00+1.75313816e+00j  2.58610830e+00+2.83186832e+00j
 -7.34977503e-01-3.78398444e+00j  1.03616671e+00+2.57974139e+00j
 -6.02100293e-01-5.77009892e-01j -2.11967759e+00+1.08112890e+00j
 -1.06038472e+00-2.91119511e+00j  6.16609231e+00+4.59782014e-01j
 -2.96632136e+00+2.56554961e+00j -1.41571708e+00-8.41781890e-01j
 -7.92072464e-01-2.16788786e+00j  4.13814122e+00+2.17487903e+00j
 -4.29336170e+00-1.74700749e+00j  1.65520795e+00+2.67647757e+00j
  2.59548695e+00-3.30829356e-01j -4.15997933e+00-1.49172656e+00j
  2.07233039e+00-1.61243531e-01j  1.95424900e-01+4.79399412e-01j
 -1.90291341e+00-3.59211116e-01j  1.00809664e+00+1.54786470e-01j
 -4.74257888e-01+7.87369159e-01j  5.45472277e+00-1.89145658e+00j
 -4.77701249e+00+6.16989224e-01j -2.30441422e-01+1.16282326e+00j
 -1.93474977e+00+7.81441416e-01j  3.00758830e+00-1.41351984e+00j
 -2.72866210e+00-7.43233697e-01j  5.24703535e+00-9.25469473e-01j
 -2.77673739e+00+4.01441670e+00j -1.72702579e+00-2.68750868e+00j
  5.59341045e-01+1.02785844e+00j  2.45453679e+00-2.34144071e+00j
 -3.42686212e+00+8.83343421e-01j  2.07071634e+00+3.26177060e+00j
 -7.15876818e-02-2.45956343e+00j  8.94589437e-01-1.66340005e+00j
 -2.79446284e+00+2.16107462e+00j  2.34907865e+00+2.11378958e+00j
 -1.08001235e+00-3.57953257e+00j  1.68931292e+00+1.25757582e+00j
 -3.94068369e+00-1.68423097e+00j  5.81275582e+00+4.83464260e-01j
 -6.53855965e+00+3.86738126e+00j  4.28140977e+00-3.22601129e+00j
  1.77581856e+00-1.72431226e-01j -4.54622109e+00-4.33971452e-01j
  3.07641660e+00+1.42382647e+00j -5.46948923e+00-1.15918013e+00j
  7.93986669e+00+2.15342895e+00j -7.20611653e+00-2.69600326e+00j
  4.05905902e+00+2.70818115e+00j  6.75862855e-01-2.00530531e+00j
 -2.07048887e-01+1.12724253e+00j -1.38935423e+00-1.90951658e+00j
  1.88473942e-01+7.56690791e-01j  1.28599015e+00+2.13562866e+00j
 -4.83692115e+00-4.41259954e+00j  8.43047425e+00+5.42118581e+00j
 -6.99837482e+00-3.84750869e+00j  2.33130176e+00+1.64247469e+00j
 -6.52511865e-01+1.30402939e+00j  8.55451899e-01-4.18888692e+00j
 -8.94968843e-01+6.54332486e+00j  3.16868870e+00-5.59882200e+00j
 -3.68270666e+00+1.89747755e+00j  1.64882246e+00-3.29218618e+00j
 -1.37047610e-01+4.12830741e+00j -2.72269795e+00-2.01180610e+00j
  1.91680471e+00+1.22624948e+00j  1.45424667e+00+1.30915906e-01j
  8.31993506e-01+3.94087574e-01j -3.64403981e+00-3.55050182e+00j
  2.24899115e+00+6.90354235e+00j  1.02018244e+00-5.79056243e+00j
 -3.11410594e+00-5.03920730e-01j  2.02822720e+00+1.98414640e+00j
 -1.22508852e+00+3.17302405e+00j  1.23248127e+00-4.93672771e+00j
  1.41876904e+00+1.47135451e+00j -4.38014676e+00-2.56049245e-01j
  4.32942201e+00+8.68877733e-01j -1.64017315e+00+1.36164740e-01j
 -4.05641880e-01-8.26332980e-01j  3.42756150e-01+2.76353033e-01j
  4.98887791e-01-3.94904638e-01j -2.21622794e+00+4.26512136e-01j
  2.24089748e+00+7.90484007e-01j  9.56848797e-01+4.36222538e-02j
 -3.66246717e+00-1.20851852e+00j  4.67814919e+00-8.38537839e-01j
 -4.27161363e+00+3.55790467e+00j  1.94940749e+00-1.48002435e+00j
 -5.47648534e-01-4.90143253e+00j  7.71476615e-01+6.70091445e+00j
 -2.20301634e+00-2.84469606e+00j  4.00294814e-01+3.48178948e-01j
  3.87413166e+00+7.40576482e-01j -2.31400276e+00-8.26959243e-01j
 -1.26309987e+00-1.26455523e+00j  6.74312463e-01+1.96114902e+00j
  2.87785543e+00-4.24989185e-01j -3.64427835e+00-1.70369400e+00j
 -1.17854149e-01+3.56397834e+00j  3.40124327e+00-3.13576673e+00j
 -4.16000495e+00+1.46743515e+00j  4.17976335e+00-5.13585286e-01j
 -4.11661951e+00+1.14727347e+00j  2.07778150e+00-2.61412471e+00j
  7.66376828e-01+2.03238458e+00j -1.89921330e+00-1.90920064e+00j
  1.54346496e-01+2.33290554e+00j  3.54205521e+00+3.20193250e-01j
 -4.36816676e+00-2.20517586e+00j  1.14519905e+00+8.41493145e-01j
  2.89654754e+00+1.81915385e+00j -1.29279609e+00-4.17404771e+00j
 -1.76442138e+00+2.86293925e+00j -1.08969786e+00+1.24487516e+00j
  1.60791025e+00-2.72994115e+00j  2.50770204e+00+3.86185112e-01j
 -5.40550107e+00-2.60267604e-01j  3.12398290e+00+1.15680723e+00j
  7.50613429e-01+1.74247366e+00j -1.22518879e+00-1.61402819e+00j
  1.40812163e+00-1.41510138e+00j -1.97028040e+00+2.29673197e+00j
  4.89015436e-01-2.58336654e+00j  3.60267428e+00+3.16000581e+00j
 -4.12343661e+00-2.20586959e+00j  3.11909070e-02+2.43994629e+00j
  1.06941528e+00-5.23174500e+00j  1.25824367e+00+3.49169178e+00j
 -5.05177447e-01-1.68258528e+00j -3.32627467e+00+5.29799726e+00j
  2.87490852e+00-7.48529223e+00j  3.94574007e-01+5.55178953e+00j
 -1.95946918e+00-3.31630830e+00j -1.89925646e-01+2.72717236e+00j
  7.20561933e+00-2.65202824e+00j -8.29256053e+00+2.20100005e+00j
  2.38344210e+00-3.40986960e+00j -1.19177834e+00+4.07195939e+00j
  3.03493446e+00-8.26414362e-01j -3.57520094e+00-1.12456528e+00j
  3.39439303e-01+8.72250349e-01j  7.87890643e-01+2.03576666e-01j
  4.48749327e+00-3.13448413e+00j -5.29393235e+00+3.67133329e+00j
  2.11851031e+00-9.36179688e-01j -1.80785557e+00-5.23176141e-01j
  2.72793715e+00+7.28317790e-01j -3.97475899e+00+4.02197547e-01j
  2.96405756e+00-4.15077993e+00j  2.05825718e-01+4.95991314e+00j
 -1.82522719e+00+1.27637397e-01j  2.87545367e+00-3.65687021e+00j
 -3.03527041e+00+2.74033715e+00j  3.71045236e+00-4.24978307e-01j
 -2.62214422e+00-1.88952491e+00j -1.21555014e+00+2.23021605e+00j
  4.78568009e-01-3.00684663e+00j  2.46303108e+00+3.71426627e+00j
 -4.59414359e+00-1.33463024e+00j  3.88253849e+00-2.66340475e+00j
 -6.01348043e-01+5.33997283e+00j  2.77453775e+00-4.31138096e+00j
 -4.60743078e+00+1.33464029e+00j -9.66549495e-02+1.76992459e+00j
  3.31108677e+00-1.58419450e+00j -8.53197252e-01-1.96823574e+00j
 -1.49429878e+00+2.16572994e+00j -7.35598831e-01+1.20933770e+00j
  1.77577605e+00-3.58958685e+00j -3.69510870e-01+3.58181168e+00j
  1.14273867e+00-1.36054339e+00j -2.09310971e+00+2.36473089e+00j
  2.35728009e+00-4.09677868e+00j -2.64203431e+00-3.06054244e-01j
  2.32730715e+00+1.45312494e+00j -1.25038113e+00+1.51472094e+00j
 -3.59709611e-01+1.01225898e+00j  9.29442851e-01-3.78792155e+00j
 -1.13910058e+00+4.23349512e-01j  6.41939753e-01+3.50338766e+00j
  9.14505314e-01-5.39962482e+00j -1.26607253e+00+4.30032406e+00j
  2.67006947e+00-2.92339689e-01j -7.55695901e+00-2.04055380e+00j
  1.06326406e+01+1.94471817e+00j -7.24173530e+00-1.60345914e+00j
  2.76292074e+00+2.40605754e+00j -4.25186147e+00-4.78063733e-01j
  4.52620159e+00-3.42141924e+00j  1.92323032e+00+4.88053954e+00j
 -3.53283218e+00-3.23390145e+00j  1.87750068e-01+6.04531205e-01j
  1.48030849e+00-1.73510340e+00j -4.23056538e+00+2.05719462e+00j
  5.27745726e+00+1.75948732e+00j -2.76874556e+00-1.16357980e+00j
  6.09349581e-01-3.52764769e+00j -4.67119646e-01+4.34143850e+00j
  1.07022883e+00-4.08225140e+00j -1.12679426e+00+6.06701012e+00j
 -2.09514891e+00-5.32749331e+00j  4.71507042e+00+1.39831476e+00j
 -9.76499025e-01+2.71803158e+00j -1.12671364e+00-1.54978359e+00j
  2.19919533e+00-3.52556315e+00j -5.01252753e+00+2.67573670e+00j
  3.38888489e+00-6.67499338e-01j -1.03428766e+00+2.42091130e+00j
  1.30437849e+00-3.54492291e+00j -1.34603502e+00+3.06219415e+00j
  1.62681290e+00-9.93109969e-01j -1.85860467e+00-2.16728811e+00j
  1.38059756e-01+2.46178866e+00j -1.14450427e+00+1.33675060e+00j
  4.55201805e+00-2.58846466e+00j -3.34265005e+00-6.56830305e-01j
 -1.09006860e+00+3.12437596e-01j  3.49081389e+00+2.63983410e+00j
 -1.76661146e+00-1.90723351e+00j  1.75238673e-01+2.73793257e+00j
 -2.22067690e+00-5.30355216e+00j  2.16125418e+00+3.09170543e+00j
 -2.44068261e-02+6.99561679e-01j -8.41499525e-01-6.44962271e-01j
  3.22543224e+00+1.13213563e+00j -2.93823496e+00-4.69864173e+00j
  8.85902075e-01+4.13358957e+00j -3.57047281e+00-1.43203020e+00j
  2.98060832e+00+1.25792115e+00j  3.67487794e+00-2.32959601e-01j
 -7.40314431e+00-7.99223925e-01j  5.12381960e+00+1.16878778e+00j
  1.67970989e+00-3.95186845e-01j -5.90429035e+00-2.13589989e+00j
  2.17873420e+00+1.84840826e+00j  2.82067108e+00+7.97498283e-01j
 -5.50272347e+00-1.90862227e+00j  5.96559553e+00+2.18678119e+00j
 -3.39466828e+00-2.55411447e+00j  1.63554212e+00+1.45411650e+00j
  7.23966986e-01+5.96862907e-01j -4.85515126e+00-5.29196372e-01j
  4.51050257e+00+1.61899590e-01j -2.87930066e+00-1.47946048e+00j
  2.42623911e+00+2.07644986e+00j  6.12001682e-01-1.58640054e+00j
 -2.38704602e+00+2.33803569e+00j  2.19542615e+00-1.58611829e+00j
 -1.46810776e+00-2.30965032e+00j -9.65705452e-01+3.57134062e+00j
  4.81832067e+00-1.16896647e+00j -6.84347909e+00-1.50805671e-01j
  2.94035985e+00-2.55892246e+00j  9.24481957e-01+5.04949530e+00j
 -1.34755789e+00-1.94984090e+00j  4.23341032e+00-1.84656163e+00j
 -3.94704126e+00+3.90622363e-01j -2.06396451e-01+4.07250580e+00j
 -3.32271117e-01-6.77333103e+00j  1.51738320e+00+5.18532160e+00j
 -2.60143260e+00-4.63952008e+00j  4.88353260e+00+4.92554305e+00j
 -4.31665368e+00+1.25839586e-01j  1.92021182e+00-3.83470649e+00j
 -7.57437043e-01+1.22267898e+00j  8.05628134e-01+3.97582476e+00j
  5.54076319e-01-3.53769556e+00j -2.18769575e+00-2.66957999e+00j
  1.14165841e+00+6.44249257e+00j  1.90939263e+00-6.35964242e+00j
 -2.91604703e+00+1.40316577e+00j  3.07226981e-01+6.56355922e-01j
  1.45873334e+00+3.49334735e+00j -2.03506431e-01-3.96101578e+00j
 -5.98575360e-01+1.19847254e+00j -2.02632293e+00+1.66777909e+00j
  3.43960051e+00-4.55475860e+00j -1.83513147e+00+2.66751947e+00j
  2.58951639e+00+1.90919819e+00j -1.69208359e+00-1.28475634e+00j
 -2.07465834e+00+1.27027907e+00j  1.45697579e+00-4.98782308e+00j
 -3.26861479e-01+3.07372008e+00j -2.49719682e-01+2.97471475e+00j
  3.50731232e+00-4.78631588e+00j -4.60029419e+00+1.91017282e+00j
  3.64553942e+00-1.03258865e+00j -2.76233520e+00+1.75896121e+00j
  1.58983915e+00+4.08115171e-01j -1.70002665e+00-9.02527027e-01j
  2.38303568e+00+3.17052377e-02j -2.21217557e+00-2.15345007e-01j
  1.26015942e+00+1.60486209e+00j  6.36125479e-01-2.54178802e+00j
 -2.73426205e+00+6.57928876e-01j  1.68356470e+00+1.59457333e+00j
  2.48145399e+00-3.35283656e+00j -4.02190249e+00+2.64366855e+00j
  1.70917508e+00-7.00220654e-01j  2.77984279e+00+7.46524186e-01j
 -3.97344891e+00-1.10001116e+00j -4.36708384e-01-7.91890023e-01j
  2.42809326e+00+7.48928580e-01j -9.95252144e-01+5.27185480e-01j
  8.38753457e-01+3.11038547e+00j -7.37109597e-01-5.24353547e+00j
 -1.76683910e+00+4.03803521e+00j  3.11497537e+00-3.28891513e+00j
 -2.22616981e+00+2.27670502e+00j  1.44401677e+00-1.23817621e+00j
 -2.11962219e-01+2.11342074e+00j -7.62715859e-02-3.57139737e+00j
 -2.10213508e-01+2.15030885e+00j  7.20893183e-01+3.92615346e-02j
 -9.87099508e-01-1.61878555e+00j -4.77754956e-01+1.20584066e+00j
  1.03201770e+00+1.17556222e+00j -6.38471634e-01-2.12355352e+00j
  3.75596741e-01+1.60255637e+00j -1.86500205e-01-2.22340104e+00j
  2.17411734e+00+2.97678516e+00j -3.95694537e+00-9.69710954e-01j
  3.68515229e+00-3.30421422e+00j -3.71758194e+00+4.96959849e+00j
  2.93101030e+00-1.59975648e+00j -3.38279027e+00-9.17931271e-01j
  5.40924076e+00+2.50231383e+00j -3.10700025e+00-4.34986417e+00j
 -3.24075300e+00+2.52731577e+00j  5.53095252e+00+1.59980129e+00j
 -3.03001334e+00-4.10936012e+00j  3.06194871e+00+3.12642255e+00j
 -4.11057724e+00-1.68340281e+00j  1.27533719e+00+1.50818970e+00j
  2.31013564e+00-8.09997519e-04j -2.74395547e-01-5.68280812e-01j
 -2.64269567e+00-7.37581392e-01j -3.11388348e-01+2.25489282e+00j
  3.49241646e+00-5.02267196e+00j -2.52231214e+00+4.77857351e+00j
  9.86333912e-01-5.51105692e-01j -1.45971123e+00+4.47503251e-01j
  2.17873370e+00-2.69341343e+00j -1.10859887e+00+1.35273973e+00j
 -1.95605775e+00-1.31767451e+00j  4.29965148e+00+1.96595574e+00j
 -1.97639272e+00+1.82115210e+00j -9.61364240e-01-3.67430081e+00j
  5.41187175e-01+1.27677436e+00j -5.82804459e-01+2.05388379e-01j
 -1.36474581e+00-2.65833486e+00j  1.90494789e+00+4.11209850e+00j
  3.04754248e+00+4.83845321e-01j -3.33349180e+00-3.85110344e+00j
 -1.36619840e+00+2.62007745e+00j  3.56512574e+00-1.27048856e+00j
 -3.99222526e+00-2.03275227e+00j  3.27659834e+00+3.31280400e+00j
 -2.77257154e+00-6.69747004e-01j  4.90447146e+00-3.98445220e-01j
 -2.97369861e+00+1.42895741e+00j -1.28487302e+00-1.72557220e+00j
  5.08744674e-01-5.20815811e-01j  2.11634287e+00+2.90186642e+00j
 -1.62102895e+00-4.15781169e+00j -2.40542645e+00+4.88823256e+00j
  3.64947385e+00-4.64768250e+00j -7.23414689e-01+3.08052173e+00j
 -1.79124297e+00-1.88240270e+00j  1.55871596e+00-2.78022583e-01j
 -8.93018021e-01+3.42075171e+00j  3.59870176e-01-4.96138223e+00j
  2.74731580e+00+1.92932608e+00j -3.27736318e+00+3.81126923e+00j
 -2.18149203e+00-5.47175709e+00j  5.58189317e+00+3.76733408e+00j
 -2.95359232e+00-1.08070464e+00j -4.14927000e-01-2.46814340e+00j
  3.57306562e+00+3.95626051e+00j -4.93565426e+00-2.54805530e+00j
  4.34501147e-01-1.16549144e+00j  2.93312122e+00+5.33988804e+00j
 -8.62100734e-01-4.49240006e+00j -1.35882575e+00+8.45159499e-01j
  2.10111216e+00+9.26517226e-01j -8.47314768e-01-7.78109026e-01j
 -6.49473567e-01-2.33767596e+00j  1.16133897e-01+4.00467200e+00j
  1.26327968e+00-1.94805637e+00j -1.11445664e+00+6.24309862e-01j
 -3.24241338e+00-1.74753966e+00j  5.88200090e+00+2.55067847e+00j
 -1.85005267e+00-5.96516979e-02j -7.32042198e-01-8.28456957e-01j
 -1.36426516e+00-9.98686359e-01j  1.19573889e+00-1.38590985e-01j
  3.10118248e+00+4.65241183e+00j -5.63062425e+00-7.41818490e+00j
  4.20339159e+00+3.47089534e+00j -1.58135787e+00+6.87977300e-01j
 -5.28242185e-01-4.37695683e-01j  1.70004721e+00-6.34036886e-01j
 -2.88827129e+00+2.43808276e+00j  5.06311591e+00-2.55977829e+00j
 -8.45810513e+00+1.25015109e+00j  8.23232946e+00-3.32168398e+00j
 -8.62711801e-01+6.44013418e+00j -2.91581742e+00-3.01484218e+00j
 -8.57403501e-01-1.95708873e+00j  5.67485116e-01-2.39090041e-01j
  1.26324802e+00+2.85528398e+00j  8.26601362e-01-4.22906368e+00j
  3.68138357e-01+4.87396350e+00j -3.46681456e+00-5.23163708e-01j
  4.02500538e+00-1.62699788e+00j -1.74060738e+00-9.88868221e-01j
 -1.44435468e+00+2.14506278e+00j -3.88011282e-01-2.69303671e+00j
  3.35889749e+00+1.68037675e+00j -3.53905514e+00+3.90028437e-01j
  2.52790704e+00-3.43077818e-01j  3.69409978e-01-1.59326139e-01j
 -1.25238502e+00+1.54941660e+00j  2.72831111e+00-1.91493857e+00j
 -5.25955622e+00+1.40068764e+00j  1.67147805e+00-2.23720302e+00j
  2.04567741e+00-5.97244151e-02j -1.78797390e+00+1.59992749e+00j
  3.43547685e-01+1.08675925e+00j  1.63009931e-01+1.96268328e+00j
  1.73445603e+00-7.33475256e+00j -3.94687494e-01+8.86535982e+00j
 -2.04536539e+00-7.24132816e+00j  8.44680664e-01-1.07535889e+00j
  4.91939741e-01+6.72512185e+00j -1.04541141e+00-1.84535656e+00j
 -5.42299985e-01-1.43780642e+00j  1.76121559e+00-1.15564152e+00j
 -3.60718471e-01+8.18042697e-02j  1.51877965e+00+2.75744198e+00j
 -3.60295345e+00-1.20999291e+00j  2.48262672e+00+2.53154744e-01j
 -2.08468640e-01-2.47332396e+00j -1.63973497e+00+2.53149135e+00j
  2.01723137e+00-2.63964716e+00j  5.25099889e-01+6.18265624e+00j
 -2.51734463e+00-7.10834792e+00j  3.51123897e-01+2.80950929e+00j
  2.00654188e+00+5.82856444e-01j -1.61748721e+00+1.58795672e+00j
  5.15062216e-01-3.79716676e+00j  7.28784544e-01+5.61519782e-02j
 -4.73337184e-01+4.55245177e+00j -2.53914717e-02-5.81304447e+00j
 -1.02546414e+00+5.96931426e+00j  7.41886016e-01-3.99444613e+00j
 -2.77080842e-01+6.44302711e-01j -2.20710051e-02-5.16014880e-01j
 -1.29123326e+00+3.22463560e+00j  4.57385064e+00-4.43977386e+00j
 -4.26990195e+00+2.50938399e+00j  2.23949370e+00-2.31901927e+00j
 -2.86801443e-01+5.44506580e+00j -8.13000799e-01-3.90903545e+00j
  2.95807565e-01-2.14643716e+00j  1.93926893e+00+5.26265863e+00j
 -4.86451362e+00-3.54844464e+00j  3.37008354e+00+1.83007831e+00j
  1.20895013e+00-2.14651510e+00j -3.48015024e+00+2.53088964e+00j
  2.35362220e+00+8.40391298e-02j -3.93099982e-01-3.31388686e+00j
 -2.12931751e-01+2.93829958e+00j  1.99406374e+00+1.11381148e+00j
 -2.11098221e+00-2.42138802e+00j  8.37036426e-01+7.16297740e+00j
  1.66224241e+00-1.79522526e+00j -2.49962877e+00+6.54013544e+00j
  2.00949892e+00+8.25764415e+01j  1.23284987e+01-2.19611418e+02j]
