Frame: 139
i_min: 21406, i_max: 21714
x_framed shape: (308,)
x_framed dtype: float64
x_framed:
[-0.00000000e+00 -8.81779581e-05 -1.59044799e-04 -6.84692610e-04
 -7.31003432e-04 -1.62033283e-03 -1.19793714e-03 -4.38268895e-03
 -5.79556955e-03 -7.04825023e-03 -6.55258771e-03 -4.39980299e-03
 -5.11324694e-03 -1.97716807e-02 -1.25222802e-02 -3.06062010e-02
 -1.35513881e-02 -1.34163031e-02 -2.28753354e-02 -2.46165737e-02
 -2.74229614e-02 -3.81031238e-02 -2.97533490e-02 -3.98099911e-02
 -2.96814133e-02 -4.56722190e-02 -5.98088207e-02 -7.45980836e-02
 -8.55032302e-02 -3.74101998e-02 -7.25004132e-02 -6.19793452e-02
 -3.62481542e-02 -9.02222294e-02 -9.73227880e-02 -9.09945539e-02
 -9.21386208e-02 -4.66177683e-02 -5.86243972e-02 -9.04692437e-02
 -6.90210295e-02 -1.26708887e-01 -1.16397729e-01 -1.43854643e-01
 -1.88051643e-01 -9.80146228e-02 -1.30210703e-01 -1.57958660e-01
 -1.65616109e-01 -2.42006481e-01 -2.26290310e-01 -1.69854450e-01
 -2.21060512e-01 -2.12791957e-01 -2.14442850e-01 -2.55131569e-01
 -2.80884861e-01 -3.29604899e-01 -2.48859417e-01 -2.07825036e-01
 -3.64927308e-01 -2.65658259e-01 -2.52554130e-01 -3.52168681e-01
 -1.83637601e-01 -3.27097328e-01 -3.14258943e-01 -3.27979868e-01
 -4.69364949e-01 -2.47737058e-01 -4.23988350e-01 -3.71448717e-01
 -3.05646927e-01 -2.33817272e-01 -4.79771441e-01 -4.30098410e-01
 -2.60169837e-01 -3.58963683e-01 -3.46058732e-01 -5.34199125e-01
 -4.74073556e-01 -4.61285063e-01 -5.47467227e-01 -6.50749178e-01
 -5.29994928e-01 -3.22689394e-01 -4.83331216e-01 -3.33802578e-01
 -4.87350441e-01 -6.14263324e-01 -3.66308556e-01 -5.10416342e-01
 -4.21477788e-01 -6.98330198e-01 -4.26223201e-01 -4.29489843e-01
 -5.44614349e-01 -7.07194981e-01 -6.09802341e-01 -5.24456727e-01
 -5.87425626e-01 -5.42000517e-01 -4.88538919e-01 -7.46789662e-01
 -8.34315301e-01 -6.72327577e-01 -7.26850013e-01 -5.59799240e-01
 -8.64179969e-01 -5.36519876e-01 -4.89028111e-01 -7.17846764e-01
 -7.16053763e-01 -8.62896084e-01 -8.34057243e-01 -8.19870867e-01
 -5.09912663e-01 -7.78203285e-01 -1.00436177e+00 -7.35800458e-01
 -6.41501589e-01 -7.99818139e-01 -5.37979542e-01 -6.68410856e-01
 -1.00730347e+00 -9.23824986e-01 -7.87382895e-01 -1.14479665e+00
 -7.78852784e-01 -1.17829660e+00 -6.60448346e-01 -6.87215578e-01
 -7.68600749e-01 -9.99421969e-01 -8.42593428e-01 -9.79349448e-01
 -1.08476852e+00 -9.55639319e-01 -7.58110212e-01 -8.89998969e-01
 -6.18035122e-01 -7.55927130e-01 -7.80394062e-01 -1.23193329e+00
 -9.73681181e-01 -1.13159630e+00 -9.59657186e-01 -1.06405809e+00
 -1.00383975e+00 -7.19114450e-01 -8.38104544e-01 -7.33671544e-01
 -1.25674723e+00 -9.26607143e-01 -7.46172967e-01 -6.39418313e-01
 -1.25090893e+00 -1.01237681e+00 -7.36228029e-01 -9.81221822e-01
 -1.12420737e+00 -1.25093335e+00 -1.13067918e+00 -1.27637081e+00
 -9.29404142e-01 -7.63147137e-01 -1.18679265e+00 -8.86684784e-01
 -7.70233593e-01 -9.34249626e-01 -1.24468117e+00 -8.54555989e-01
 -9.37388958e-01 -9.54208708e-01 -1.02584641e+00 -9.01569325e-01
 -8.18120810e-01 -4.60236299e-01 -8.86429413e-01 -6.21470065e-01
 -8.33034514e-01 -9.13495132e-01 -8.63349599e-01 -1.10863605e+00
 -8.25578441e-01 -1.23431724e+00 -1.02474972e+00 -8.45655050e-01
 -6.49245436e-01 -6.03671014e-01 -8.88674895e-01 -8.14709141e-01
 -6.67275682e-01 -1.05339105e+00 -7.54115755e-01 -9.52563060e-01
 -8.36354499e-01 -8.75713036e-01 -7.23386474e-01 -6.98277955e-01
 -6.37726520e-01 -7.16351361e-01 -7.36356195e-01 -4.71350897e-01
 -9.77166616e-01 -4.85095300e-01 -7.72806316e-01 -6.38252239e-01
 -7.59735607e-01 -8.03942973e-01 -6.27251297e-01 -5.42034956e-01
 -6.12620720e-01 -7.40970526e-01 -1.79718505e-01 -4.92751180e-01
 -5.19815559e-01 -6.75232102e-01 -6.98928529e-01 -6.45623963e-01
 -4.70880165e-01 -7.09469559e-01 -7.06709774e-01 -5.10127485e-01
 -5.26141097e-01 -6.37457120e-01 -6.60759842e-01 -3.78775825e-01
 -4.84714170e-01 -6.51811952e-01 -6.31889137e-01 -5.27341904e-01
 -4.10957911e-01 -4.15332544e-01 -3.56864806e-01 -5.85799951e-01
 -4.21359580e-01 -3.08061675e-01 -3.08708531e-01 -3.81384207e-01
 -2.12598407e-01 -3.43233594e-01 -3.01472293e-01 -3.67704322e-01
 -4.17549568e-01 -4.12831345e-01 -3.29171728e-01 -3.45930426e-01
 -4.36279054e-01 -3.76886249e-01 -3.22551606e-01 -2.51072998e-01
 -2.85435309e-01 -2.79264131e-01 -3.18745227e-01 -2.55928057e-01
 -1.82617789e-01 -2.31891888e-01 -3.00280821e-01 -2.77704990e-01
 -1.88319744e-01 -2.14377896e-01 -1.99846640e-01 -2.11990525e-01
 -1.62522875e-01 -1.83387082e-01 -1.71416365e-01 -1.84617055e-01
 -1.22389151e-01 -1.49303341e-01 -1.19208460e-01 -1.59808375e-01
 -7.94233954e-02 -8.56887667e-02 -1.50827714e-01 -1.19173246e-01
 -8.71352972e-02 -1.14556560e-01 -8.68995001e-02 -7.22069432e-02
 -7.63249259e-02 -6.08597029e-02 -7.21078467e-02 -8.48655186e-02
 -4.29428069e-02 -3.93800660e-02 -2.20078773e-02 -5.88772587e-02
 -3.10973246e-02 -4.61668634e-02 -1.88859111e-02 -2.34688494e-02
 -2.73619596e-02 -1.67806673e-02 -1.91591086e-02 -1.37651922e-02
 -1.18031238e-02 -6.54208968e-03 -5.17517050e-03 -7.31128966e-03
 -3.89986945e-03 -3.39244761e-03 -3.27885071e-03 -1.85749866e-03
 -4.72736773e-04 -3.75415943e-04 -8.03097866e-05 -0.00000000e+00]
