Frame: 74
i_min: 11396, i_max: 11704
x_framed shape: (308,)
x_framed dtype: float64
x_framed:
[ 0.00000000e+00  8.74801491e-05  4.13830805e-04  8.98116868e-04
  1.61281674e-03  2.22665653e-03  3.26185621e-03  3.98340557e-03
  7.15011937e-03  9.36320255e-03  8.74653329e-03  1.63512400e-02
  1.39288623e-02  2.28146444e-02  1.75671151e-02  1.36599109e-02
  2.84159705e-02  3.11036286e-02  3.33707381e-02  3.20587554e-02
  4.04674816e-02  4.01864758e-02  4.60875542e-02  6.26983874e-02
  6.03430091e-02  7.07708847e-02  6.47192042e-02  6.79694321e-02
  5.99329482e-02  7.74952025e-02  2.87887571e-02  8.37419025e-02
  9.94686064e-02  1.19622729e-01  1.07234153e-01  1.28402754e-01
  6.98381236e-02  1.31477366e-01  9.15358525e-02  1.10248118e-01
  1.47854524e-01  2.03309320e-01  1.81129677e-01  1.76303598e-01
  1.82416050e-01  1.62591168e-01  1.76122979e-01  2.24619836e-01
  1.52601943e-01  2.49660854e-01  2.11725804e-01  2.79568128e-01
  2.96274233e-01  1.65978172e-01  2.31483357e-01  2.23284974e-01
  1.73947182e-01  2.26474209e-01  4.50485334e-01  3.45740932e-01
  4.42462829e-01  3.80598110e-01  2.80632576e-01  3.14023773e-01
  3.94124737e-01  3.92678567e-01  3.23116508e-01  2.56098539e-01
  6.56302132e-01  3.83131072e-01  3.75854874e-01  4.22867100e-01
  3.99859099e-01  4.42005474e-01  5.61008031e-01  4.36400216e-01
  3.42751809e-01  4.49788654e-01  4.27169291e-01  6.32463472e-01
  6.17091956e-01  5.12511002e-01  3.67812942e-01  3.79690952e-01
  5.28111712e-01  5.74052013e-01  4.98578613e-01  4.93324029e-01
  4.86703932e-01  5.64683977e-01  2.73507038e-01  4.41728257e-01
  5.09392167e-01  7.59253750e-01  4.97189769e-01  6.38866372e-01
  6.53003162e-01  8.11016828e-01  8.15608257e-01  6.34951840e-01
  5.80857548e-01  5.59026138e-01  6.27709298e-01  6.04686391e-01
  7.61408738e-01  7.48054071e-01  7.81751825e-01  8.94256144e-01
  9.98607403e-01  7.26981787e-01  8.91583371e-01  6.60050147e-01
  9.19946446e-01  9.06183379e-01  9.03762220e-01  7.54125243e-01
  6.27794693e-01  5.05439242e-01  7.44529438e-01  1.02562181e+00
  7.04683326e-01  9.03744820e-01  9.18941445e-01  7.19162674e-01
  1.01383113e+00  2.43303098e-01  5.54182144e-01  6.12635740e-01
  6.32162686e-01  8.50697039e-01  8.44510199e-01  8.66514238e-01
  9.07202708e-01  6.13545611e-01  5.62741961e-01  8.74554838e-01
  6.77160790e-01  4.94908679e-01  9.90297546e-01  1.07435498e+00
  1.10733257e+00  8.38788953e-01  9.25463031e-01  1.07264830e+00
  6.74391717e-01  1.02138420e+00  8.54958049e-01  9.81234618e-01
  8.35317786e-01  1.05565754e+00  8.40163878e-01  4.97299099e-01
  1.08242642e+00  6.00642921e-01  1.03861093e+00  7.67651821e-01
  1.01826478e+00  1.00723115e+00  8.63599944e-01  8.76159053e-01
  8.55783079e-01  3.67929191e-01  7.88349913e-01  5.40131230e-01
  7.91308131e-01  5.28097153e-01  5.16319749e-01  1.06012354e+00
  9.50062280e-01  7.35519409e-01  7.67575488e-01  6.78854249e-01
  8.31865574e-01  5.86956988e-01  9.01781136e-01  6.58114005e-01
  6.21267090e-01  6.99378912e-01  5.78629816e-01  7.45125063e-01
  5.78070859e-01  7.58265989e-01  8.88731324e-01  5.28231664e-01
  6.29366759e-01  7.29567342e-01  5.62126404e-01  7.15730485e-01
  7.24422452e-01  8.09095131e-01  5.07831208e-01  4.43781656e-01
  5.46392978e-01  4.28096258e-01  6.79095497e-01  3.84325848e-01
  9.53668185e-01  7.73631874e-01  5.57078341e-01  6.86055796e-01
  2.81326420e-01  9.26926661e-01  4.33472638e-01  4.98640100e-01
  2.28774745e-01  5.74253660e-01  3.30501842e-01  5.00835308e-01
  3.99820231e-01  3.17154852e-01  3.49648628e-01  4.85845703e-01
  2.71806285e-01  3.38053427e-01  5.18914718e-01  7.63203220e-01
  4.76644097e-01  2.90975893e-01  3.53583128e-01  3.95425751e-01
  3.41487010e-01  4.83186178e-01  3.93490947e-01  4.64524575e-01
  3.17120028e-01  4.91630297e-01  3.19095025e-01  2.25977988e-01
  5.49709948e-01  1.27235182e-01  2.32641873e-01  2.37694717e-01
  5.33876730e-01  4.55196902e-01  4.15317377e-01  2.40285932e-01
  4.77099429e-01  2.87619535e-01  3.31103386e-01  2.56606754e-01
  2.30968326e-01  2.08421365e-01  2.05378926e-01  2.59823757e-01
  2.34599067e-01  1.99350500e-01  2.98262846e-01 -8.16590807e-03
  2.15398599e-01  2.21262040e-01  2.39869759e-01  1.60484093e-01
  1.70247425e-01  2.06942764e-01  2.26372090e-01  1.25845785e-01
  1.49090454e-01  2.10905522e-01  2.69777909e-02  8.92358705e-02
  1.77598850e-01  1.54818793e-01  1.25634957e-01  8.32420086e-02
  6.35775924e-02  7.05005781e-02  1.37969133e-01  6.23576767e-02
  8.11140778e-02  5.22794406e-02  9.29873223e-02  5.21046097e-02
  5.99133568e-02  1.95216882e-02  1.97012513e-02  5.18542889e-02
  2.25955220e-02  8.36347450e-02  6.84489281e-03  2.63488356e-02
  3.65236419e-02  2.84828094e-02  1.67604704e-02  1.70575463e-02
  1.52030627e-02  2.08262456e-02  3.92541641e-02  2.00741046e-02
  2.63005034e-02  1.90190739e-02  2.05491338e-02 -2.63806244e-03
  9.28991914e-03  1.46219093e-02  5.96602522e-03  1.20561606e-02
  9.40528753e-03  3.67748974e-03  2.90285840e-03  1.59627065e-03
  1.60392764e-03  7.15851663e-04  1.36019694e-03  2.35542515e-04
  5.18412069e-04  2.31488155e-04  9.68491266e-06  0.00000000e+00]
