Frame: 57
i_min: 8778, i_max: 9086
x_framed shape: (308,)
x_framed dtype: float64
x_framed:
[ 0.00000000e+00 -1.61664268e-05 -1.10005524e-04  7.52099987e-05
  2.17215810e-04 -8.77713361e-04 -1.27652307e-03 -2.50138299e-04
  2.43161470e-04 -1.22599190e-03  5.75028463e-04 -2.75569406e-03
 -7.42587575e-03 -2.68106688e-03 -1.03108459e-03 -2.66523819e-03
 -7.60348392e-03 -1.23792295e-02 -4.98161146e-03  5.16044735e-03
  8.85346201e-03  9.32377071e-03 -9.53303571e-03 -1.38380239e-02
  4.72888906e-03  7.17696604e-03  4.80410231e-03 -3.04337948e-02
 -1.39892014e-02 -2.82314771e-04  9.54083142e-03  1.60439356e-02
  4.62104805e-03  9.48042645e-03  4.83315539e-03  2.04140252e-02
  1.24446483e-02  6.95838667e-03 -1.65385144e-03  9.48505379e-03
  2.34214485e-02  1.80591881e-02  2.35930573e-02  6.03577094e-02
  2.30159903e-02 -1.12425658e-02  5.22405414e-02 -4.10095920e-02
 -2.89835953e-02  3.64028042e-02  4.74760678e-02 -3.72489013e-02
  6.93403895e-03 -3.55637461e-03  4.10476424e-03  8.69255033e-02
  7.71006864e-02  3.68551202e-02  6.40638318e-03 -4.38057143e-02
  1.40212564e-01  8.92090968e-02  2.01539192e-03  1.06657176e-01
  5.25733757e-02  3.91066465e-02  9.82909245e-02  8.19767176e-03
  4.28701789e-02  8.49159292e-02  3.52783952e-02  1.41146835e-01
  2.54698139e-01  2.02156694e-02 -6.32656540e-02 -9.50196259e-02
  8.73643997e-02  3.98047311e-02  1.32143892e-01  1.29146157e-01
 -5.11688435e-02 -7.28311895e-02  1.61885558e-01  1.49163067e-01
  8.98669936e-02 -4.98908521e-02  2.04682743e-01  3.07423336e-01
  1.93033599e-01  5.83319386e-02  1.75033709e-01 -1.16087989e-03
  3.18421238e-01  1.96463657e-01 -4.68165022e-02  1.55679361e-01
  2.66470234e-01  1.61328727e-01  1.74569146e-01  4.32784551e-02
  3.08003939e-01  1.35542017e-01 -8.50124996e-02  1.86998201e-01
  3.99145042e-01  1.95275082e-01  5.32889539e-01  3.35005439e-01
  3.27395522e-01  2.58693006e-01  2.74401538e-01  2.48328791e-01
  2.47614736e-01  3.92914461e-01  1.51897767e-01  1.32798188e-01
  1.29273547e-01  6.83231663e-01  4.27389796e-01  3.94461170e-01
  1.59351217e-01  4.64432434e-01  3.38152033e-01  4.03970822e-01
  1.93139143e-01  4.06591161e-01  3.04913824e-01  2.46925472e-01
  5.31985919e-01  1.12157584e-01  5.13102197e-01  5.42055233e-01
  2.50418558e-01  2.66639374e-01  3.86299556e-01  4.89059740e-01
  4.10480237e-01  5.29706114e-01  7.94529503e-01  3.56617804e-01
  1.24543314e-01  6.28620436e-01  8.03110081e-01  5.53614272e-01
  2.65248394e-01  4.60847366e-01  2.67642407e-01  6.22528255e-01
  2.29512740e-01  4.43302062e-01  3.06767487e-01  5.36791933e-01
  4.42145284e-01  5.54584755e-01  5.27421829e-01  3.29264363e-01
  6.55317812e-01  5.23633208e-01  3.39308785e-01  9.86454777e-01
  6.37512998e-01  5.15002378e-01  8.29069686e-01  9.15610448e-01
  5.24395525e-01  6.23924927e-01  3.63147496e-01  5.30636960e-01
  5.22413677e-01  5.99090640e-01  6.29262817e-01  6.74395977e-01
  6.13069676e-01  3.35679867e-01  3.89695615e-01  4.65954825e-01
  5.17149891e-01  7.69362877e-01  3.53171724e-01  5.04875985e-01
  7.48526558e-01  5.16093252e-01  6.55597469e-01  5.45211338e-01
  6.16534002e-01  5.28119755e-01  6.87471199e-01  2.93073877e-01
  5.01928698e-01  6.16305764e-01  6.55427247e-01  8.17898538e-01
  4.92587163e-01  8.07346531e-01  4.44583693e-01  7.73276321e-01
  6.84619653e-01  3.98668774e-01  5.94207057e-01  5.33535145e-01
  6.37470624e-01  5.00445920e-01  4.84440818e-01  7.37782885e-01
  5.09807950e-01  6.44384433e-01  4.83684884e-01  7.55870394e-01
  4.10961263e-01  4.16978642e-01  7.13621736e-01  4.33591215e-01
  7.08955544e-01  6.05586538e-01  4.60072964e-01  2.38480967e-01
  4.67794306e-01  4.77846633e-01  6.05212919e-01  6.49095787e-01
  3.65601455e-01  5.37826004e-01  5.26203689e-01  5.54089456e-01
  4.81098576e-01  2.03689579e-01  3.95699415e-01  2.83081414e-01
  3.78807183e-01  4.94102642e-01  4.17793437e-01  4.93631602e-01
  4.06938285e-01  2.44802648e-01  1.27867504e-01  3.67303535e-01
  3.28184049e-01  2.55980615e-01  1.90140086e-01  2.66041122e-01
  3.03891373e-01  3.64573088e-01  3.19899724e-01  4.17843489e-01
  2.16706238e-01  3.46391296e-01  2.80682102e-01  3.16537254e-01
  2.35254912e-01  3.23423161e-01  2.67285879e-01  2.02438097e-01
  2.34737585e-01  2.15282317e-01  2.47638273e-01  1.53957633e-01
  2.06401735e-01  2.20020195e-01  1.95845489e-01  2.47557375e-01
  2.14115700e-01  1.74094855e-01  1.76444245e-01  1.72636677e-01
  1.69695568e-01  8.53635004e-02  1.32532264e-01  8.93769905e-02
  1.68959522e-01  1.22651356e-01  1.13258076e-01  1.36043001e-01
  1.17507344e-01  7.53400422e-02  9.45878328e-02  8.38889598e-02
  5.16720051e-02  6.79347537e-02  7.24496745e-02  6.89280224e-02
  4.40123007e-02  7.74415200e-02  5.57937923e-02  5.32718987e-02
  5.30575618e-02  3.68666501e-02  4.50443614e-02  3.41888281e-02
  2.70124195e-02  3.41988684e-02  3.60975144e-02  2.79848359e-02
  2.55902426e-02  1.64645215e-02  1.04506377e-02  1.82037063e-02
  1.67540028e-02  1.28059402e-02  7.21579515e-03  4.62058983e-03
  3.63893579e-03  2.21535726e-03  2.36783634e-03  2.09224692e-03
  8.49383536e-04  4.15403478e-04  1.26498562e-04  0.00000000e+00]
