Frame: 44
i_min: 6776, i_max: 7084
x_framed shape: (308,)
x_framed dtype: float64
x_framed:
[0.00000000e+00 7.83635764e-05 3.56627287e-04 6.19005058e-04
 1.56292875e-03 1.82526377e-03 2.67597729e-03 3.32505440e-03
 5.63175563e-03 5.27891856e-03 9.46152773e-03 6.15722763e-03
 7.46663613e-03 1.50935344e-02 1.43856427e-02 1.48586641e-02
 2.41076038e-02 1.83001543e-02 2.33206397e-02 3.80000549e-02
 4.33234713e-02 4.81292295e-02 3.44022587e-02 5.41505827e-02
 3.32626283e-02 3.67498128e-02 1.99119647e-02 8.15219358e-02
 4.71984878e-02 6.33777168e-02 5.36193411e-02 8.86413412e-02
 7.23696327e-02 5.66858687e-02 1.00949722e-01 6.09522982e-02
 8.01362742e-02 5.01024099e-02 7.27195156e-02 1.25179134e-01
 6.38348217e-02 8.33471413e-02 1.39003499e-01 1.26087089e-01
 2.28145215e-01 2.32135420e-01 1.31153500e-01 1.98001480e-01
 2.14923263e-01 1.61537084e-01 1.25135089e-01 2.04052890e-01
 2.03714045e-01 1.97465301e-01 2.53249395e-01 1.94437937e-01
 1.77874330e-01 2.60761210e-01 2.86931984e-01 1.95679277e-01
 3.41994025e-01 1.68367796e-01 2.57746833e-01 2.88867157e-01
 2.69515073e-01 2.82979520e-01 4.81684812e-01 2.76651820e-01
 5.55045306e-01 4.00818553e-01 3.81615893e-01 4.25439252e-01
 6.21629107e-01 3.11289832e-01 3.07178982e-01 3.50066317e-01
 4.35986974e-01 2.69370113e-01 4.55161356e-01 6.40088492e-01
 4.89175666e-01 4.51326887e-01 4.24816609e-01 6.04708891e-01
 4.18742814e-01 7.39342932e-01 7.63531039e-01 5.74962629e-01
 5.52642782e-01 6.92792427e-01 7.13039903e-01 4.80511510e-01
 5.25481615e-01 4.28884558e-01 6.69287432e-01 7.15125776e-01
 4.47179571e-01 5.79940181e-01 4.62042019e-01 5.33800604e-01
 7.53164877e-01 5.74086641e-01 6.46880874e-01 4.55199020e-01
 7.39106094e-01 7.12874574e-01 6.14864470e-01 7.07988445e-01
 7.75566884e-01 6.24137742e-01 5.23778728e-01 1.06988689e+00
 6.76192330e-01 7.73477093e-01 9.68807136e-01 1.40780764e+00
 5.99945173e-01 8.99757516e-01 7.05802342e-01 7.42097563e-01
 7.16585411e-01 6.50445011e-01 8.51219776e-01 5.98465682e-01
 1.04492914e+00 8.88978108e-01 9.63268693e-01 8.04988026e-01
 8.29045119e-01 9.57453408e-01 6.89577734e-01 8.46829393e-01
 7.56293603e-01 7.54777165e-01 5.24726382e-01 1.19324428e+00
 8.06468133e-01 1.16987837e+00 1.15635204e+00 7.00296608e-01
 7.42063806e-01 1.46291996e+00 1.30783597e+00 9.59360887e-01
 1.01948277e+00 8.45962572e-01 1.05961263e+00 8.33101388e-01
 5.72754941e-01 7.16004402e-01 9.85564286e-01 7.56660196e-01
 9.70425816e-01 7.69881468e-01 8.29048119e-01 1.15659084e+00
 1.03572096e+00 9.84361965e-01 1.16152354e+00 1.08150747e+00
 1.27308696e+00 8.92759883e-01 8.97827553e-01 7.24027669e-01
 8.95457800e-01 1.16880860e+00 1.23230714e+00 1.16276528e+00
 6.20937282e-01 1.18052560e+00 6.09132309e-01 1.13731178e+00
 8.89156475e-01 1.09160218e+00 6.97980235e-01 1.17207746e+00
 6.67145184e-01 8.14446115e-01 7.48691170e-01 6.03787967e-01
 9.43908858e-01 1.25459019e+00 1.40519246e+00 9.28105368e-01
 1.10696374e+00 9.40554097e-01 9.81858137e-01 8.25760373e-01
 9.14372667e-01 9.67331714e-01 7.66336042e-01 8.46344209e-01
 8.42586719e-01 9.84983492e-01 6.59192526e-01 8.21671519e-01
 1.13699856e+00 1.00423057e+00 1.02418388e+00 8.02259439e-01
 8.40765438e-01 9.38286375e-01 1.01429524e+00 4.65846856e-01
 5.56601569e-01 9.42161886e-01 6.96588218e-01 6.30352636e-01
 5.38450350e-01 6.30767739e-01 5.03479999e-01 9.80009788e-01
 6.77924590e-01 6.63462328e-01 7.39465040e-01 7.77366687e-01
 7.63422662e-01 7.67749504e-01 5.42825336e-01 5.74854369e-01
 6.94185091e-01 5.28386845e-01 5.80196877e-01 6.16272268e-01
 6.48711952e-01 3.52995151e-01 6.17140162e-01 5.04142883e-01
 5.92671698e-01 5.87943248e-01 6.59467911e-01 6.20715031e-01
 6.06882906e-01 6.02905911e-01 4.83192572e-01 4.48844936e-01
 5.12648655e-01 4.88447791e-01 3.89037730e-01 4.38115272e-01
 3.91855402e-01 3.17786827e-01 4.72782472e-01 3.68552288e-01
 5.02479396e-01 2.30397056e-01 2.96763253e-01 3.27229601e-01
 3.88724584e-01 3.30816270e-01 3.15172640e-01 2.20658627e-01
 2.11759501e-01 2.86206441e-01 1.86652564e-01 2.22963792e-01
 2.66366194e-01 1.85605212e-01 2.98242954e-01 2.69997055e-01
 1.39874421e-01 1.60515765e-01 1.00457083e-01 1.53094364e-01
 2.02690896e-01 1.52789627e-01 1.74883586e-01 1.03940108e-01
 1.68993711e-01 1.21818673e-01 1.31148931e-01 1.21605981e-01
 8.61239039e-02 8.40918208e-02 1.25839275e-01 1.06709132e-01
 1.12921009e-01 9.26220827e-02 8.35193986e-02 4.80591469e-02
 6.63470240e-02 6.49114493e-02 8.54046383e-02 6.37993856e-02
 6.78552245e-02 5.27624167e-02 3.61840168e-02 3.96562700e-02
 3.66780377e-02 2.50302245e-02 2.56371019e-02 2.36486372e-02
 2.92441594e-02 1.04431883e-02 2.05525826e-02 1.10767994e-02
 8.19857437e-03 1.20918367e-02 9.03065286e-03 7.82871681e-03
 5.52450124e-03 5.00321797e-03 2.68657547e-03 1.47788625e-03
 9.24182837e-04 4.85608746e-04 7.88886089e-05 0.00000000e+00]
