Frame: 73
i_min: 11242, i_max: 11550
x_framed shape: (308,)
x_framed dtype: float64
x_framed:
[0.00000000e+00 9.41089364e-05 4.66947110e-04 7.93105195e-04
 1.51168181e-03 2.20430623e-03 4.18542073e-03 4.17345353e-03
 7.52337801e-03 7.18766195e-03 7.31194915e-03 1.27502885e-02
 1.22395953e-02 1.76431062e-02 6.82623956e-03 2.06605629e-02
 2.10644537e-02 2.01942808e-02 2.60995991e-02 2.89619366e-02
 3.64692740e-02 2.82369554e-02 4.78173494e-02 6.37017448e-02
 5.65254683e-02 6.81090029e-02 7.76093941e-02 8.57851022e-02
 1.02344679e-01 6.91953762e-02 7.00512980e-02 1.04036849e-01
 1.09233696e-01 1.17568800e-01 1.50594932e-01 1.13246958e-01
 1.30483805e-01 9.92650336e-02 1.94231696e-01 1.29626189e-01
 1.37127346e-01 1.42638800e-01 1.39159011e-01 1.42636774e-01
 1.56969198e-01 1.30704727e-01 1.60323466e-01 2.84174381e-01
 2.41732743e-01 2.60165727e-01 2.82329976e-01 3.25682650e-01
 1.52066930e-01 1.86600479e-01 2.16824455e-01 2.43452702e-01
 2.61719596e-01 2.61567672e-01 3.11797302e-01 3.09837164e-01
 2.69149454e-01 1.78159938e-01 2.66768204e-01 3.06682348e-01
 3.37910061e-01 2.80140797e-01 3.37856331e-01 2.95628765e-01
 3.86106052e-01 3.16276613e-01 3.43671884e-01 3.11646968e-01
 4.23605287e-01 3.67812280e-01 5.43767686e-01 5.07722047e-01
 4.72131441e-01 4.09286217e-01 5.38911213e-01 5.82583294e-01
 5.35998998e-01 7.05527207e-01 5.92552423e-01 6.55094888e-01
 5.77812101e-01 6.51779539e-01 4.88535927e-01 5.38139048e-01
 6.46713025e-01 6.56737099e-01 6.88587400e-01 7.76044905e-01
 4.58193031e-01 5.25206769e-01 6.95314580e-01 5.75435293e-01
 1.15154831e+00 7.66178309e-01 6.92350201e-01 6.38821997e-01
 6.52490097e-01 7.36316567e-01 7.57861662e-01 6.81245557e-01
 7.17563146e-01 9.76160242e-01 9.93550721e-01 8.25600051e-01
 5.80154682e-01 8.89635426e-01 1.06428612e+00 1.04454684e+00
 9.49187978e-01 1.07346327e+00 8.51853406e-01 9.57503921e-01
 7.40732342e-01 9.15720534e-01 1.10446524e+00 7.75258020e-01
 7.32973193e-01 9.09786445e-01 8.57978641e-01 1.02256408e+00
 8.28369765e-01 1.23212887e+00 6.84470605e-01 1.16073458e+00
 7.90465027e-01 6.01242762e-01 9.88085685e-01 8.99618253e-01
 7.41011497e-01 6.34941461e-01 9.59091237e-01 1.15280854e+00
 1.08147609e+00 9.82650813e-01 1.06822865e+00 9.72528017e-01
 7.00116537e-01 7.03653544e-01 9.45484364e-01 9.55926857e-01
 1.15819017e+00 1.14160216e+00 1.11306423e+00 9.38181838e-01
 7.19752028e-01 1.07804214e+00 1.10127125e+00 5.19323318e-01
 8.30009021e-01 8.58525795e-01 1.02007370e+00 8.35217045e-01
 9.87452461e-01 9.52021063e-01 9.61088420e-01 8.48580003e-01
 8.62506226e-01 7.73068020e-01 1.06118419e+00 1.09656340e+00
 8.28525246e-01 1.27805318e+00 9.13248005e-01 1.27219154e+00
 8.42941648e-01 5.69748999e-01 1.03930499e+00 1.00524713e+00
 9.59524646e-01 8.25062260e-01 9.37219372e-01 8.41627076e-01
 8.76667801e-01 1.08755322e+00 9.57947237e-01 1.03165092e+00
 8.68958361e-01 8.42918720e-01 6.88285285e-01 8.26130609e-01
 2.85517259e-01 7.74254848e-01 8.58999568e-01 9.66638829e-01
 8.12182675e-01 9.12944662e-01 4.66819026e-01 8.27350527e-01
 5.42965798e-01 6.17193612e-01 7.82075722e-01 1.01718808e+00
 8.58029266e-01 7.91508512e-01 7.76835650e-01 6.57358554e-01
 6.76561720e-01 8.20451127e-01 5.30379341e-01 8.26209516e-01
 6.67577237e-01 8.40354483e-01 8.49493715e-01 4.54191341e-01
 6.04847553e-01 5.57349697e-01 4.14972499e-01 5.16575802e-01
 9.82828571e-01 7.21750773e-01 8.84096427e-01 7.28136441e-01
 5.14203028e-01 5.51222710e-01 6.62940720e-01 6.33073386e-01
 4.99393119e-01 3.79523970e-01 9.32735329e-01 5.22264011e-01
 4.91483099e-01 5.30502724e-01 4.81313284e-01 5.10528228e-01
 6.21811695e-01 4.64185224e-01 3.49875839e-01 4.40630240e-01
 4.01599967e-01 5.70618228e-01 5.34266290e-01 4.25777127e-01
 2.93186039e-01 2.90363383e-01 3.87420925e-01 4.03921185e-01
 3.36435284e-01 3.19189696e-01 3.01889491e-01 3.35710144e-01
 1.55813087e-01 2.41078585e-01 2.66260120e-01 3.79982943e-01
 2.38169269e-01 2.92828210e-01 2.86285913e-01 3.39960099e-01
 3.26748305e-01 2.43004676e-01 2.12266648e-01 1.94969118e-01
 2.08825581e-01 1.91779625e-01 2.30079601e-01 2.15231809e-01
 2.14024896e-01 2.32793330e-01 2.46995712e-01 1.70709398e-01
 1.98594650e-01 1.39336355e-01 1.83873257e-01 1.71317569e-01
 1.61437323e-01 1.27134153e-01 9.97652021e-02 7.56158732e-02
 1.04715690e-01 1.35414963e-01 8.72054175e-02 1.04649922e-01
 9.93909242e-02 7.25133031e-02 9.51024545e-02 2.11857965e-02
 4.46869249e-02 4.56285357e-02 4.33661344e-02 5.35871050e-02
 4.86867464e-02 4.55537683e-02 4.33176174e-02 2.64918188e-02
 2.18659946e-02 3.04156236e-02 2.09522188e-02 1.35314567e-02
 2.37426942e-02 2.23898270e-02 1.98581723e-02 1.27932125e-02
 1.18402492e-02 1.13236792e-02 5.75841417e-03 6.88195234e-03
 4.40536222e-03 3.71086739e-03 2.19185674e-03 1.77151459e-03
 7.92593126e-04 2.08412753e-04 1.13372715e-04 0.00000000e+00]
