Frame: 138
i_min: 21252, i_max: 21560
x_framed shape: (308,)
x_framed dtype: float64
x_framed:
[ 0.00000000e+00 -2.80932766e-05 -2.45468001e-04 -3.12905837e-04
 -4.44377138e-04 -4.97374356e-04 -1.25559986e-03 -2.49137708e-03
 -3.37768949e-03 -3.54319428e-03 -4.19308311e-03 -6.55274210e-03
 -6.61658458e-03 -2.89644749e-03  6.33072832e-04 -3.49817837e-03
 -1.10723959e-03 -3.29978100e-03 -4.71210429e-03 -1.40649559e-02
 -1.16967676e-02 -1.80816604e-02 -1.79135288e-02 -1.65409189e-02
 -1.04780528e-02 -1.52056327e-02 -2.46580380e-02 -2.34687287e-02
 -1.93275150e-02 -1.68775383e-02 -5.81579098e-02 -5.35867619e-02
 -1.19986636e-02 -3.86196619e-02 -4.96010845e-02 -4.87604432e-02
 -5.17516769e-02 -3.23774471e-02 -8.22764585e-02 -5.25571647e-02
 -4.84767787e-02 -4.61756990e-02 -5.47268614e-02 -4.69677194e-02
 -9.06917328e-02 -1.09589331e-01  2.52090685e-02 -9.23264651e-02
 -9.12837084e-02 -5.54819709e-02 -1.40897343e-02 -1.21576637e-01
 -1.49910153e-01 -1.68730920e-01 -1.88967769e-02 -1.70010691e-01
 -1.16816682e-01 -1.78864096e-01 -2.14634023e-01 -1.47401713e-01
 -1.95414478e-01 -1.85090311e-01 -1.62477466e-03 -1.16726520e-01
 -8.31974816e-02 -9.44547117e-02 -1.70200416e-01 -2.02674291e-01
 -1.52128960e-01 -1.63638130e-01 -2.32167698e-01 -1.77019362e-01
 -2.57676547e-01 -2.15209050e-01 -2.36555772e-01 -3.32848117e-01
 -4.47656189e-01 -3.16232629e-01 -4.25671407e-02 -2.65781250e-01
 -1.56474392e-01 -4.76014641e-01 -3.62684319e-01 -4.09738880e-01
 -2.86238776e-01  1.38346045e-02 -2.20453337e-01 -7.63757302e-02
 -3.18636460e-01 -1.23203601e-01 -3.68819923e-02 -3.20039433e-01
 -3.82678203e-01 -4.93250564e-01 -3.66305841e-01 -3.19817626e-01
 -5.62316067e-02 -5.25232615e-01 -3.41415688e-01 -6.17429778e-01
 -4.24741767e-01 -3.22856844e-01 -2.98544529e-01 -2.92378719e-01
 -3.26939683e-01 -3.04224919e-01 -3.93094977e-01 -5.72083208e-01
 -7.08391527e-01 -5.07095418e-01 -4.47009505e-01 -2.24953910e-01
 -4.54036935e-01 -4.76348445e-01 -3.84270821e-01 -5.01494934e-01
 -3.22022413e-01 -1.24160338e-01 -9.03524720e-02 -4.61910540e-01
 -4.24993128e-01 -2.08349480e-01 -5.23089859e-01 -3.78660604e-01
 -7.14172508e-01 -5.69689061e-01 -3.04652654e-01 -6.56684341e-01
 -5.52491487e-01 -8.29205252e-01 -1.60419723e-01 -3.04362046e-01
 -5.12890403e-01 -4.56436985e-01 -4.82198116e-01 -2.95844506e-01
 -6.67910055e-01 -4.29566614e-01 -3.66118758e-01 -3.42712402e-01
 -1.02790413e+00 -7.06530425e-01 -7.93567365e-01 -5.66774984e-01
 -9.99447478e-01 -1.00965254e+00 -1.75605487e-01 -4.87418103e-01
 -5.89500104e-01 -5.44136091e-01 -5.90451053e-01 -4.23179579e-01
 -7.51686196e-01 -5.90481914e-01 -5.84764694e-01 -8.41879379e-01
 -3.79500936e-01 -7.25787267e-01 -4.35609896e-01 -6.17509715e-01
 -3.16760818e-01 -8.50557799e-01 -8.60148822e-01 -8.25449757e-01
 -6.20701273e-01 -3.43899436e-01 -3.35250825e-01 -1.10250962e+00
 -6.00869947e-01 -1.27657146e+00 -4.95637665e-01 -4.33605361e-01
 -6.57745359e-01 -6.33530705e-01 -6.35110701e-01 -7.97995347e-01
 -5.65961972e-01 -6.90535844e-01 -4.71193404e-01 -6.65779255e-01
 -8.03028644e-01 -9.25123534e-01 -9.81940935e-01 -3.98808057e-01
 -7.19034836e-01 -5.73044164e-01 -3.13034936e-01 -7.29061365e-01
 -7.37114807e-01 -6.46972043e-01 -6.15882257e-01 -2.93352661e-01
 -3.47743990e-01 -5.06467050e-01 -3.65086371e-01 -6.33944232e-01
 -5.51387600e-01 -6.45830124e-01 -8.00835346e-01 -3.96274604e-01
 -5.00193544e-01 -5.76963117e-01 -5.75611038e-01 -8.00878689e-01
 -7.13499524e-01 -5.10565884e-01 -6.33836812e-01 -5.82295029e-01
 -5.60322067e-01 -6.36843134e-01 -6.70085547e-01 -7.51811501e-01
 -5.42939196e-01 -4.33844728e-01 -7.29170697e-01 -5.08240725e-01
 -4.62754896e-01 -6.18180507e-01 -3.08889121e-01 -5.27343814e-01
 -4.85703298e-01 -4.86048151e-01 -6.67060564e-01 -3.37702052e-01
 -5.54424387e-01 -4.65996423e-01 -3.67909412e-01 -2.70065247e-01
 -5.31770450e-01 -4.57482190e-01 -2.65577416e-01 -3.51654609e-01
 -3.25344491e-01 -4.81962629e-01 -4.10443724e-01 -3.83220317e-01
 -4.36389614e-01 -4.97651395e-01 -3.88802446e-01 -2.27054483e-01
 -3.26146510e-01 -2.15976391e-01 -3.02290504e-01 -3.65185550e-01
 -2.08680798e-01 -2.78565945e-01 -2.20307130e-01 -3.49492595e-01
 -2.04174089e-01 -1.96859230e-01 -2.38766709e-01 -2.96440305e-01
 -2.44298509e-01 -2.00716698e-01 -2.14666865e-01 -1.89031166e-01
 -1.62526545e-01 -2.36848461e-01 -2.52110229e-01 -1.93443611e-01
 -1.98994097e-01 -1.45727295e-01 -2.13746409e-01 -1.25985254e-01
 -1.08927970e-01 -1.51537200e-01 -1.43120437e-01 -1.63133934e-01
 -1.48986055e-01 -1.38217875e-01 -8.10321280e-02 -1.16422541e-01
 -1.41260279e-01 -9.71492519e-02 -7.93866008e-02 -9.26156410e-02
 -5.81868237e-02 -6.73959881e-02 -9.44901272e-02 -8.04427412e-02
 -6.34912560e-02 -8.52633812e-02 -5.34290227e-02 -7.42232557e-02
 -3.80754207e-02 -3.61278071e-02 -3.66995743e-02 -4.31532802e-02
 -3.27399494e-02 -3.40602131e-02 -3.35641219e-02 -2.61284407e-02
 -1.81759301e-02 -1.85478015e-02 -1.10834345e-02 -1.15294037e-02
 -9.98425634e-03 -1.30052109e-02 -8.31395073e-03 -7.62454696e-03
 -4.94484790e-03 -4.02409211e-03 -2.63405492e-03 -1.20675663e-03
 -7.90650393e-04 -3.07473927e-04 -1.31630976e-04 -0.00000000e+00]
