Frame: 52
i_min: 8008, i_max: 8316
x_framed shape: (308,)
x_framed dtype: float64
x_framed:
[-0.00000000e+00 -2.31621332e-08 -1.11319832e-04 -1.16609455e-04
 -3.92648288e-04 -5.87843638e-04 -1.09510683e-03  2.65218081e-04
 -2.44480587e-03 -3.12022592e-03  2.10280158e-03 -3.65506475e-04
 -1.05538957e-02 -6.00466762e-03 -1.20783815e-02 -9.86835114e-03
 -2.28916152e-02 -7.88444935e-03 -1.56347397e-02 -8.49591726e-03
 -2.34001554e-02 -1.03146175e-02 -1.63609757e-02  2.88901834e-03
  1.95471542e-03 -6.02446513e-03 -2.20145631e-02  1.05678464e-02
 -4.53415026e-02 -4.61532128e-02 -2.53647005e-02  1.82763297e-02
 -3.15989978e-02 -3.33286249e-02 -6.47927659e-02 -1.00539762e-02
 -1.06843663e-02 -1.60188426e-02 -5.79184891e-02 -6.34897585e-02
 -8.55032624e-02 -4.42159224e-02 -8.70507441e-02 -9.48670043e-02
 -7.08671357e-02 -7.68881664e-02 -8.25223666e-02 -4.33187435e-02
 -6.27342071e-02 -8.26054151e-02 -6.36245498e-02 -1.24864144e-01
 -7.34122431e-02 -7.41304564e-02 -1.68370789e-01 -3.23151141e-02
 -1.44369377e-01 -9.06656413e-02 -2.69684084e-02 -4.38774172e-02
 -1.05077449e-01 -1.35994113e-01 -4.85846516e-02 -7.04345424e-02
 -1.69116024e-01 -1.87920042e-01 -2.93562372e-01 -1.23458209e-01
 -1.46918842e-01 -4.88227104e-02 -1.17966644e-01 -3.56592358e-02
 -2.20930007e-01 -5.74743514e-02 -2.17133212e-01 -9.69482782e-02
 -3.20317833e-01 -1.57854608e-01 -3.89889813e-01 -2.19190179e-01
 -1.49232371e-01 -2.57809099e-01 -3.22529394e-01 -1.15889790e-01
 -2.28284881e-01 -2.78744268e-01 -2.21768831e-01  8.66069094e-02
 -9.55447349e-02 -9.74026371e-02 -1.92592577e-01 -2.31716342e-01
 -5.71698740e-01 -3.53964361e-01 -3.33977886e-01 -5.30629854e-01
 -4.40339377e-01 -5.63471855e-01 -2.96537850e-01 -1.78682128e-01
 -1.40676031e-01 -2.46314994e-01 -4.56978843e-01 -6.10619659e-01
 -5.92699488e-01 -5.25771451e-01 -4.73985615e-01 -3.65734824e-01
 -5.07905940e-01 -2.96733424e-01 -3.94698895e-01 -3.60547182e-01
 -1.78352270e-01 -5.70841252e-01 -3.07641514e-01 -3.86144458e-01
 -4.46412841e-01 -2.40858011e-01 -2.45968932e-01 -5.71442644e-01
 -4.42252553e-01 -3.64810217e-01 -4.69256435e-01 -3.19193917e-01
 -3.78880766e-01 -9.88675975e-02 -7.22408276e-01 -4.67508986e-01
 -6.19148710e-01 -3.40860679e-01 -7.63973142e-01 -3.97804865e-01
 -5.87974620e-01 -6.12868334e-01 -7.54699906e-01 -5.70778662e-01
 -2.75252007e-01 -4.94299100e-01 -3.71051470e-01 -1.71772097e-01
 -4.49555779e-01 -6.15042307e-01 -4.16643325e-01 -6.20025052e-01
 -6.15869899e-01 -8.21042024e-01 -3.38518582e-01 -6.02763722e-01
 -4.92720978e-01 -7.38795819e-01 -4.47876007e-01 -6.90045869e-01
 -5.68786603e-01 -3.67474014e-01 -3.87357212e-01 -5.52265827e-01
 -9.03495612e-01  4.55713433e-02 -2.05794886e-01 -4.12032293e-01
 -7.07846523e-01 -5.82094463e-01 -6.68887450e-01 -3.12022253e-01
 -5.11777080e-01 -7.19478696e-01 -6.58432020e-01 -3.46703394e-01
 -2.54408182e-01 -2.70006254e-01 -4.21396934e-01 -6.17797502e-01
 -1.19443380e+00 -5.12073104e-01 -5.69464854e-01 -5.42261880e-01
 -5.58380982e-01 -8.18343331e-01 -4.62919261e-01 -4.48777614e-01
 -4.39257801e-01 -3.90211306e-01 -4.52958930e-01 -6.37257527e-01
 -5.73914982e-01 -5.43134220e-01 -5.38597124e-01 -3.78930332e-01
 -4.40713090e-01 -1.88954325e-01 -1.67196427e-01 -5.33677089e-01
 -1.19914369e+00 -3.33151572e-01 -6.30050080e-01 -6.69697549e-01
 -5.99142072e-01 -6.03223741e-01 -4.28420328e-01 -7.72814006e-01
 -6.90590319e-01 -4.62983305e-01 -4.16537516e-01 -4.10887520e-01
 -6.23978013e-01 -6.47042195e-01 -5.71440811e-01 -4.57334689e-01
 -2.73978378e-01 -7.74304490e-01 -5.09589161e-01 -6.58279745e-01
 -6.94492160e-01 -3.33875068e-01 -3.86686756e-01 -3.95016732e-01
 -3.29913422e-01 -5.03966828e-01 -4.91700411e-01 -1.63720452e-01
 -4.56357356e-01 -3.33527606e-01 -4.14361421e-01 -6.21414045e-01
 -6.33894858e-01 -4.61473361e-01 -2.76531577e-01 -3.01135270e-01
 -2.83416267e-01 -4.74032385e-01 -2.04106448e-01 -4.55196043e-01
 -3.33287619e-01 -3.48361419e-01 -3.56974689e-01 -2.13552927e-01
 -3.90117127e-01 -4.37695185e-01 -3.13044699e-01 -3.40974415e-01
 -3.06893952e-02 -2.41942324e-01 -3.19350596e-01 -3.59857870e-01
 -4.10627495e-01 -3.40178677e-01 -2.53608594e-01 -1.60035654e-01
 -1.75818730e-01 -2.27149156e-01 -2.54457158e-01 -2.12434617e-01
 -2.51186068e-01 -1.20409322e-01 -2.18651762e-01 -2.06526151e-01
 -3.05767975e-01 -1.98594161e-01 -1.44209678e-01 -2.24064040e-01
 -2.02434705e-01 -1.31492206e-01 -2.16291814e-01 -1.11830652e-01
 -1.65211609e-01 -1.53467191e-01 -1.71424064e-01 -1.16378458e-01
 -4.83821271e-02 -9.46040099e-02 -1.35182782e-01 -7.66964525e-02
 -1.08619650e-01 -6.36669257e-02 -7.28050394e-02 -1.46409741e-01
 -1.00165564e-01 -5.86026305e-02 -6.86016120e-02 -8.30153889e-02
 -7.16799224e-02 -8.43244026e-02 -5.49460380e-02 -2.36582023e-02
 -3.71577055e-02 -2.03375911e-02 -3.05418720e-02 -2.66222366e-02
 -1.70629040e-02 -2.61107545e-02 -2.67572619e-02 -1.72966287e-02
 -1.32928136e-02 -1.95129701e-02 -1.77233156e-02 -1.25602386e-02
 -8.83765090e-03 -7.39781794e-03 -9.77071678e-03 -3.27535603e-03
 -5.13340996e-03 -3.49665277e-03 -2.76731594e-03 -5.68559549e-04
 -7.84375650e-04 -4.40954025e-04 -7.45152075e-05 -0.00000000e+00]
