Frame: 96
i_min: 14784, i_max: 15092
x_framed shape: (308,)
x_framed dtype: float64
x_framed:
[-0.00000000e+00 -4.32562047e-05 -2.30648725e-04 -6.39786565e-04
 -1.11828777e-03 -1.55684729e-03 -2.08164945e-03 -3.25115229e-03
 -4.03811193e-03 -7.72763258e-03 -5.00016248e-03 -7.30376638e-03
 -6.25901133e-03 -1.09070290e-02 -1.97756004e-02 -1.62839367e-02
 -1.77300937e-02 -1.44163853e-02 -3.50990714e-02 -2.33839525e-02
 -2.20722046e-02 -3.50984160e-02 -3.12474264e-02 -4.18624817e-02
 -4.68626938e-02 -4.68044747e-02 -5.48803590e-02 -3.85013459e-02
 -6.41816665e-02 -7.17894153e-02 -2.81054651e-02 -4.58891257e-02
 -1.07432530e-01 -9.01773347e-02 -7.23614570e-02 -7.47912941e-02
 -1.26295418e-01 -6.10006508e-02 -7.40989993e-02 -8.85667941e-02
 -6.55703882e-02 -9.91044571e-02 -1.04234125e-01 -6.91106435e-02
 -8.98788270e-02 -1.70912548e-01 -1.17835966e-01 -1.78652431e-01
 -1.34241195e-01 -1.41226667e-01 -2.36279518e-01 -1.82816333e-01
 -1.70031619e-01 -2.13976634e-01 -1.80540003e-01 -1.59253559e-01
 -2.14308383e-01 -2.06354341e-01 -1.41006332e-01 -2.04721069e-01
 -2.29662976e-01 -3.16314533e-01 -2.11660073e-01 -2.43008617e-01
 -1.79729511e-01 -2.79623889e-01 -4.33474836e-01 -4.36167055e-01
 -2.47834848e-01 -3.64825524e-01 -2.87731948e-01 -3.23958247e-01
 -3.57812549e-01 -3.60411025e-01 -4.42005146e-01 -3.70727435e-01
 -4.35678202e-01 -4.24506441e-01 -4.29288389e-01 -4.28851106e-01
 -3.15867958e-01 -4.37427920e-01 -3.19105808e-01 -2.68206974e-01
 -3.52651565e-01 -3.97547182e-01 -4.30343670e-01 -3.73830326e-01
 -4.76624791e-01 -3.73929899e-01 -4.28162512e-01 -5.61555228e-01
 -4.07320710e-01 -5.21454355e-01 -5.57026552e-01 -6.16870803e-01
 -5.38003937e-01 -4.30278977e-01 -4.52740092e-01 -5.37203495e-01
 -5.09605834e-01 -4.18219976e-01 -6.37207336e-01 -7.92226973e-01
 -4.33367449e-01 -7.22949603e-01 -7.57565835e-01 -9.42024233e-01
 -5.75408263e-01 -9.36584049e-01 -8.05553672e-01 -5.94776077e-01
 -5.79792240e-01 -8.16902557e-01 -7.38311360e-01 -8.72266445e-01
 -8.25495783e-01 -6.92654456e-01 -8.33975201e-01 -7.96707499e-01
 -1.02081574e+00 -5.65681006e-01 -6.83364137e-01 -6.38401312e-01
 -5.53514587e-01 -9.46803583e-01 -8.68036025e-01 -1.15999664e+00
 -2.28133968e-01 -8.48528863e-01 -6.30380497e-01 -1.06680975e+00
 -6.47864010e-01 -4.87657192e-01 -8.59896661e-01 -1.04841440e+00
 -8.85191003e-01 -1.29583110e+00 -8.75012489e-01 -7.11411631e-01
 -8.83245797e-01 -9.36165379e-01 -7.80052257e-01 -7.68359542e-01
 -1.22010512e+00 -8.76908374e-01 -4.13302247e-01 -1.16636221e+00
 -9.20277215e-01 -5.18234184e-01 -6.87524098e-01 -1.01280473e+00
 -8.70891682e-01 -9.14246474e-01 -1.06494723e+00 -9.31492879e-01
 -9.73707320e-01 -8.96129425e-01 -1.06870339e+00 -1.17434670e+00
 -9.28330664e-01 -5.79176390e-01 -9.03731552e-01 -9.85398557e-01
 -7.70070282e-01 -9.49620425e-01 -5.49898087e-01 -9.17016453e-01
 -7.77827537e-01 -1.06042939e+00 -8.13699196e-01 -8.56198176e-01
 -9.18162131e-01 -1.00125457e+00 -1.02429947e+00 -8.45624399e-01
 -7.77144950e-01 -9.17146507e-01 -8.35815138e-01 -8.93188251e-01
 -8.63999760e-01 -9.15274107e-01 -8.70772108e-01 -3.77761559e-01
 -8.08631380e-01 -7.44197189e-01 -7.77075001e-01 -8.96819970e-01
 -6.17008856e-01 -8.90241058e-01 -6.50761405e-01 -8.85292207e-01
 -9.85494595e-01 -7.53817485e-01 -9.94337332e-01 -7.13759824e-01
 -9.92447917e-01 -8.41140545e-01 -1.01312819e+00 -3.24039970e-01
 -1.02909695e+00 -7.58743091e-01 -5.75882086e-01 -5.86483768e-01
 -6.08413855e-01 -7.76527882e-01 -5.21573338e-01 -5.79602999e-01
 -6.73862004e-01 -6.61764600e-01 -7.30008513e-01 -8.04572825e-01
 -5.01040236e-01 -4.84415042e-01 -7.69295728e-01 -6.63044131e-01
 -6.52245998e-01 -6.28674405e-01 -6.07185752e-01 -4.89517885e-01
 -6.86628930e-01 -6.87377431e-01 -4.32781562e-01 -6.20681780e-01
 -7.00295390e-01 -6.01850961e-01 -5.74221552e-01 -3.62693848e-01
 -4.21929392e-01 -3.91097719e-01 -4.16460885e-01 -3.95779915e-01
 -5.45356397e-01 -4.87806230e-01 -5.50511391e-01 -4.68162676e-01
 -3.78830580e-01 -4.17665811e-01 -3.08913923e-01 -5.03252702e-01
 -3.59454228e-01 -4.87296998e-01 -3.72716700e-01 -3.15177486e-01
 -3.75865611e-01 -3.11954542e-01 -4.06611799e-01 -4.41905530e-01
 -2.86027934e-01 -2.03374800e-01 -3.63524831e-01 -2.21920163e-01
 -2.82075671e-01 -3.48998549e-01 -3.26625659e-01 -2.56550535e-01
 -2.68591421e-01 -3.02661922e-01 -3.09322697e-01 -2.60153701e-01
 -2.05731118e-01 -2.05956011e-01 -2.17275504e-01 -1.81740381e-01
 -1.43683414e-01 -1.59907666e-01 -1.69923473e-01 -1.28938678e-01
 -1.79911114e-01 -1.50120004e-01 -1.42027753e-01 -1.61646168e-01
 -1.33068586e-01 -1.64335315e-01 -6.76194783e-02 -1.22664529e-01
 -6.62389012e-02 -9.04170542e-02 -7.56313463e-02 -8.74551822e-02
 -7.10837127e-02 -5.98960246e-02 -5.52737719e-02 -4.97029834e-02
 -5.81342408e-02 -5.43694104e-02 -5.97246965e-02 -3.67397634e-02
 -2.90114295e-02 -2.24758222e-02 -2.79121291e-02 -3.04347126e-02
 -3.11171524e-02 -1.59572405e-02 -2.37480306e-02 -1.58760062e-02
 -1.30500890e-02 -1.04636170e-02 -8.29783956e-03 -6.41906428e-03
 -7.52984916e-03 -3.70224664e-03 -3.74422467e-03 -1.40393374e-03
 -1.03180287e-03 -5.92529753e-04 -1.19945717e-04 -0.00000000e+00]
