Frame: 40
i_min: 20280, i_max: 21294
x_framed shape: (1014,)
x_framed dtype: float64
x_framed:
[ 0.00000000e+00  7.88535052e-06  3.75213135e-05  7.41699119e-05
  2.12819329e-04  2.17413343e-04  3.60511769e-04  2.48759776e-04
  4.57027765e-04  5.41967360e-04  6.93070827e-04  1.15549726e-03
  1.54455411e-03  1.58553125e-03  1.62046926e-03  1.68181434e-03
  2.76774484e-03  3.65161484e-03  2.88289170e-03  3.76395841e-03
  3.70578317e-03  4.42722103e-03  3.06569011e-03  4.02888466e-03
  5.35409351e-03  6.77878910e-03  4.68490617e-03  3.33933866e-03
  5.88684190e-03  8.73331337e-03  4.85128270e-03  5.91292912e-03
  8.89872936e-03  8.87554644e-03  1.09737606e-02  7.32584957e-03
  9.96997569e-03  1.44909717e-02  8.65337974e-03  1.68591311e-02
  9.91143169e-03  1.65454594e-02  1.32021639e-02  1.10721530e-02
  1.39534201e-02  1.85861005e-02  1.71466004e-02  2.26026260e-02
  2.49211501e-02  1.39161641e-02  1.40899019e-02  1.43654831e-02
  1.69706097e-02  2.82992274e-02  2.62903308e-02  2.08366813e-02
  2.47229333e-02  3.42970552e-02  3.86583476e-02  2.90048465e-02
  9.93667589e-03  3.11059384e-02  3.67030208e-02  3.24515632e-02
  3.72993566e-02  3.54136191e-02  2.32591337e-02  2.68363760e-02
  3.24925695e-02  4.58522679e-02  3.00812276e-02  4.24897795e-02
  4.20789214e-02  5.60527786e-02  4.06135924e-02  2.33816754e-02
  5.00743226e-02  6.79415917e-02  5.31978284e-02  3.67654878e-02
  3.40032583e-02  3.63003725e-02  7.44648214e-02  4.59016650e-02
  4.23947587e-02  5.00841013e-02  4.88867642e-02  7.66245670e-02
  4.06727247e-02  7.40194051e-02  5.94101007e-02  7.73573280e-02
  8.47939149e-02  6.21781458e-02  5.66924621e-02  6.41089344e-02
  6.24609634e-02  3.60989323e-02  9.41088746e-02  7.18995896e-02
  4.68566155e-02  3.03761741e-02  2.57050265e-02  8.70697821e-02
  6.05584123e-02  6.48092971e-02  8.54226111e-02  6.54205799e-02
  8.93143925e-02  8.07302665e-02  7.78834410e-02  4.50742480e-02
  6.30368513e-02  9.73718770e-02  6.79521949e-02  1.14824293e-01
  1.44732605e-01  1.04248251e-01  1.27075630e-01  1.08737121e-01
  7.69861364e-02  9.76251517e-02  1.48324673e-01  8.00008171e-02
  6.63884618e-02  6.43564471e-02  9.15877374e-02  6.94690747e-02
  1.50193960e-01  1.07835065e-01  1.32305289e-01  9.41795229e-02
  6.84949254e-02  6.36510167e-02  7.72463229e-02  1.19437888e-01
  1.26478520e-01  1.30650875e-01  5.99638117e-02  1.12326777e-01
  7.71154422e-02  1.28913556e-01  1.33006330e-01  7.35079868e-02
  1.53855656e-01  2.07193721e-01  1.51827540e-01  1.14618323e-01
  1.09556715e-01  1.14720470e-01  9.34557938e-02  1.35394282e-01
  7.91837113e-02  4.82728024e-02  1.37465879e-01  1.30108318e-01
  1.05492205e-01  7.50476918e-02  1.45039247e-01  8.88186528e-02
  1.27875601e-01  2.16078387e-01  1.66316499e-01  7.28659807e-02
  7.75702559e-02  1.46259195e-01  7.32342142e-02  4.27279063e-02
  1.68154027e-01  1.58765093e-01  1.66410755e-01  1.57957243e-01
  1.42013117e-01  1.11671941e-01  1.74402164e-01  2.29633745e-01
  1.21860700e-01  9.41474821e-02  8.81331047e-02  1.03246597e-01
  1.63591288e-01  3.17812275e-02  1.78976654e-01  1.91851826e-01
  5.04962899e-02  9.85080335e-02  1.61709565e-01  1.49111521e-01
  1.89978430e-01  1.50577425e-01  2.38064512e-01  1.40639384e-01
  9.95209445e-02  9.45470065e-02  2.09879383e-01  1.65349787e-01
  2.05440884e-01  2.05111693e-01  3.12928062e-02  8.96766994e-02
  9.77055582e-02  1.11662919e-01  1.38989451e-01  2.37755172e-01
  2.52866322e-01  1.48979502e-01  1.52324992e-01  1.20159864e-01
  1.77729484e-01  1.86571321e-01  2.31595487e-01  2.31987250e-01
  1.37017967e-03  1.62317827e-01  2.79319780e-01  1.41218273e-01
  2.63016438e-01  1.51803534e-01  1.89738908e-01  8.67349901e-02
  8.94397976e-02  2.35377770e-01  2.48818425e-01  1.80138066e-01
  7.77384418e-02  1.82301948e-01  2.83590735e-01  3.25369965e-01
  1.52911165e-01  3.88229962e-02  2.52180377e-01  1.56692553e-01
  2.62662496e-01  2.05586117e-01  1.03414599e-01  1.86626302e-01
  2.98533888e-01  1.68457303e-01  8.83530801e-02  3.73950756e-02
  1.11522967e-01  1.44652663e-01  2.58976191e-01  7.78582332e-02
  3.29404312e-01  5.61675488e-02  4.05804055e-01  3.49081623e-01
  1.96943361e-01  2.29172071e-02  1.77958351e-01  1.45278416e-01
  5.70037454e-02  2.12510403e-01  1.00705425e-01  1.11172931e-01
  1.62699143e-01  1.24549677e-01  3.97266732e-01  1.27787610e-01
  2.29131126e-01  1.98366126e-01  2.20208568e-01  2.28416136e-01
  2.76804975e-01  2.11252370e-01  2.06793673e-01  1.88721732e-01
  1.67106774e-01  8.19661760e-02  1.75135963e-01  2.08435412e-01
  2.26333496e-01  2.01463623e-01  1.54717460e-01  1.74287011e-01
  1.17360528e-01  2.16169700e-01  1.54483174e-01  2.00621744e-01
  2.96009576e-01  9.60105606e-02  2.49034613e-01  1.82385945e-01
  4.18555883e-01  1.51911753e-01  2.60958403e-01  1.78905780e-01
  8.15230017e-03  1.12768122e-01  2.83835624e-01  1.22177291e-01
 -9.98072152e-02  1.70737220e-01  3.76586829e-02  1.90320784e-01
  3.69073555e-01  2.70415702e-01  3.68144048e-01  1.00017444e-01
  1.52987813e-01  3.59705838e-02  8.16132138e-02  4.90306840e-02
 -1.78778651e-03  3.48483663e-01 -1.08166457e-01  3.49558382e-01
  3.33257655e-01  2.33494685e-01  1.61211780e-02 -4.82762052e-02
  9.04306542e-02  2.49365248e-01  1.64021219e-01  1.96369116e-02
  3.20747500e-01  3.95042650e-01  1.29564596e-01  1.75703736e-01
 -5.18072222e-02  1.00770171e-01  2.30600688e-01  2.08129795e-01
  8.47455058e-02  1.17160767e-01  9.14701305e-02  1.14843669e-01
  2.15528404e-01 -1.32273162e-01  1.41994231e-01  2.03334903e-01
  6.75514726e-02  7.99398818e-02  8.32141745e-02  7.79587800e-02
  1.49244768e-01  1.66906736e-01 -1.68620817e-01  2.44455026e-01
  1.01413762e-01  4.37874039e-01 -3.78008624e-02  1.03446018e-02
  1.10982843e-01  2.04885594e-01 -1.60727347e-01  1.12213304e-02
  2.30769533e-01 -9.83968404e-03  3.51572771e-01  6.51182235e-02
 -6.10885847e-03  2.31113134e-01  3.88663750e-01  1.99215104e-01
  3.33199633e-01  3.99566570e-01 -1.75082891e-02  2.80657235e-01
 -1.17284957e-01  1.96678388e-01  1.15403719e-01  3.28639602e-01
  3.16809925e-01  2.17752607e-01  1.72541952e-01  2.06409719e-01
  1.31936329e-01  1.10694041e-01  3.59780261e-01  3.79617032e-01
  9.44902556e-02  1.57114917e-01  1.30110625e-01 -1.56146652e-01
  5.77385919e-02  3.84746738e-01 -1.45785348e-02  4.72057446e-01
  3.11153719e-01  1.78830682e-01  2.05451995e-01 -4.95340239e-02
  6.16332810e-02  3.55730557e-01 -9.49466430e-04  2.89060199e-01
 -1.36089165e-01 -1.06331970e-01  4.34718762e-01  9.89788500e-02
  5.47068523e-03  3.39399719e-01  3.18391145e-01  2.60439276e-01
 -4.56729767e-03  4.46257919e-02  1.50274082e-01  2.17851562e-01
  1.94659302e-03  1.22671305e-01  1.39211256e-01  3.21999539e-01
  2.25522853e-01 -1.83992955e-01  4.88831441e-02 -8.19189515e-02
  1.89160146e-01  2.53194092e-01  1.02600540e-01  3.41183233e-02
  9.49782787e-02  1.19792243e-01 -3.72185281e-02 -1.44954138e-01
 -2.99752868e-01  3.12357872e-01  1.69069321e-01  1.43522342e-01
  3.10635652e-01 -1.59329778e-01 -2.50159165e-01  1.44629117e-01
  1.26875322e-01 -2.53470977e-01  1.37814078e-01 -5.81184251e-03
 -8.34041983e-02  4.90062989e-03 -3.94349465e-01 -4.57450555e-02
 -6.81256814e-02  1.70265117e-01  3.36526793e-02  1.84514478e-01
 -4.23798243e-01 -9.88196921e-02  1.66787063e-01  6.37380514e-04
  2.20960020e-01 -2.88052899e-01  1.97852163e-01 -6.63021335e-02
 -8.59111173e-02  2.46189434e-01  2.78640892e-01  2.53566209e-01
  4.47299344e-01  2.97490291e-01 -1.02890188e-01  7.81252560e-02
 -2.01015271e-02  4.43923880e-01  2.63624033e-01  1.09216563e-02
  2.18343508e-01 -1.94348344e-01  9.45587990e-02 -1.38606564e-01
 -2.86495517e-01  1.97368628e-01  2.21166181e-01  1.32002811e-01
  5.58580198e-03 -2.08214231e-01 -1.88395507e-01 -1.51383575e-01
 -7.13919902e-03  2.50630106e-01  2.47032840e-01 -2.88704189e-01
 -1.00659833e-01 -1.06695150e-01 -4.66014450e-01  1.46716622e-01
 -1.48239745e-02  1.09341668e-02  2.99861354e-01  4.97345869e-02
 -5.39424294e-02  1.44752539e-01  2.41038940e-01  8.89034966e-02
  1.66537576e-01 -1.63408990e-04  1.19724093e-02  5.02622871e-02
 -1.22919522e-01 -8.65940707e-02  3.01019306e-01  4.26314579e-01
  3.42938817e-01 -2.39547098e-01 -2.59400341e-01 -2.14184722e-01
  5.00190123e-02 -5.38565938e-01 -9.54596091e-02  3.03019769e-01
  2.17699172e-01 -8.09531075e-02 -6.62671927e-02  1.33378650e-01
  2.06548676e-01 -8.75506567e-02 -2.82244653e-02 -9.49731053e-02
 -2.48449823e-01 -2.65402904e-02 -4.21754376e-02 -2.35473593e-01
  1.45393491e-01  1.12454238e-01  1.54518237e-01 -1.38431924e-01
 -3.81663927e-01  1.07711273e-01 -1.18666758e-01 -1.64230765e-01
 -2.37680925e-01 -4.20044603e-02  3.27350883e-01 -8.85410844e-02
 -2.05358876e-01  1.41599777e-01  4.57649118e-02 -4.11128394e-01
  1.42599799e-01  4.34045750e-01 -5.07219702e-01 -2.35873812e-01
 -5.56587760e-01 -5.67331194e-03  2.05655219e-01  2.96852092e-02
  2.84564262e-01  1.72861532e-01  3.45173626e-01  2.37429940e-01
 -7.22254024e-02  2.04538698e-02 -1.64608114e-01 -3.87387517e-02
  1.87824995e-02 -1.03743388e-02  2.70596753e-01 -5.90500646e-02
 -1.77601614e-01 -1.65371370e-01  1.34003444e-01 -2.70152181e-01
 -3.44612774e-02  2.64816792e-01  6.18832189e-02 -1.01332008e-02
 -2.72848072e-03 -1.96780727e-01 -1.63127159e-01 -3.42014291e-02
  5.64332389e-02  1.87776030e-01  2.13383253e-02  2.65563191e-01
  3.14034116e-01  1.56839875e-01  2.39585589e-01 -1.88535270e-01
 -2.18986206e-01  1.02228249e-01 -2.55608550e-01 -5.35265309e-02
  1.50110098e-01  2.72867649e-01 -4.67001259e-02 -1.22358802e-01
  6.29193578e-02 -2.02938158e-01 -3.13966522e-02 -2.09861189e-05
 -3.89184385e-03  1.81142643e-02 -1.56651322e-01 -1.36171405e-01
 -1.39829614e-01 -3.04130719e-01  6.52909183e-02  1.68945372e-01
  1.50180429e-01 -4.83148263e-02 -1.50796235e-01  1.39589616e-01
  1.19677978e-01  4.10520728e-02  3.24376169e-01 -4.36010706e-03
 -4.70234454e-02 -7.33690694e-02 -2.87282290e-01  1.22067953e-01
 -1.90149402e-02  9.38017879e-02  3.37295188e-01 -7.10851882e-02
 -4.25888830e-01  8.77353621e-02  3.04956584e-02 -1.32533570e-01
  7.19997044e-02  1.42005476e-01 -1.70348230e-01 -5.40413136e-02
  2.64945812e-01 -1.29056999e-01  1.19820712e-02 -4.67596436e-01
 -2.63428974e-01  2.79942115e-02  2.17423145e-01 -2.40537083e-01
  1.31678423e-02 -6.60375851e-02  1.67206659e-01 -2.13112395e-01
  7.51014179e-02 -1.13853481e-01  3.87623774e-02  1.19531526e-02
 -4.35353380e-02  8.24227138e-02  7.51231627e-03 -2.27938408e-02
 -6.10191018e-02  1.32512076e-02  3.78197749e-02 -1.68038983e-01
 -5.92139092e-02 -1.78316862e-01 -6.71573581e-03 -9.95641169e-02
  1.29207113e-01  1.12460897e-01 -1.53836599e-01 -3.87124437e-04
  1.05850692e-01 -2.89881328e-02 -1.20051958e-01 -1.79571651e-01
  1.39994987e-01  1.47499335e-01 -3.39057800e-02  1.24432577e-01
 -4.80301245e-01  2.14331773e-01 -2.53141826e-02  2.26989029e-02
 -5.13475400e-02  2.22546717e-01 -1.68744898e-01  2.33609720e-01
  6.25023544e-02  9.79435824e-02 -5.18145120e-02 -2.04850148e-01
  1.44955409e-01  4.82229211e-02  2.10749999e-01 -3.01421898e-02
 -6.47562608e-02  2.12616441e-01  2.91920656e-01  1.11185629e-03
 -1.14590758e-01  1.22226855e-01 -3.86771900e-02  8.95744772e-02
 -3.92515464e-02  2.32712337e-01 -1.04435834e-01  7.05726598e-02
 -7.26609484e-02 -4.19893478e-02 -6.09837819e-02  1.06999715e-01
  1.32663292e-01  7.99208313e-02 -1.64084772e-02  1.92428975e-02
  1.27481356e-01  1.31429105e-01 -3.82858013e-01 -3.95735914e-02
 -3.27214622e-02  9.26457165e-02 -1.05864743e-02  9.87106899e-02
 -1.50797175e-01  3.44281941e-02  1.22152491e-01 -2.03264491e-01
  3.40758818e-01  1.59816969e-01 -1.60184041e-03 -1.13259345e-01
 -2.53747672e-02  9.16371726e-03  5.64010217e-02  1.96128959e-01
 -6.48768200e-02  7.13640724e-02 -1.70907479e-01 -5.61755970e-02
  4.60800333e-02  8.62153240e-02 -9.91782377e-02 -5.90162937e-02
  1.82252167e-01  1.43591863e-01  2.30383212e-02 -2.82840686e-01
  3.09055959e-01 -5.91364561e-03 -4.20579689e-02 -6.76941152e-02
  4.21537133e-02  4.30581040e-02  1.10840472e-01 -1.15376591e-01
 -4.15639368e-02  2.37234803e-01  2.21512623e-02 -2.48575720e-02
 -1.14951631e-01  5.41677900e-02  1.14597017e-01  9.58086914e-02
 -3.48250787e-02  3.59354029e-02  1.84253362e-01  1.15310373e-01
 -9.36484435e-02 -2.89922345e-01  2.70289081e-02  8.20982408e-02
 -1.25718589e-01 -7.26490398e-03 -3.50560620e-02  4.67731283e-03
 -6.51472687e-02  1.30800956e-01  8.70455600e-03 -9.97955376e-02
  8.88894003e-02 -1.39115940e-01  1.25482285e-01  9.43359917e-02
  1.34377572e-01 -2.40702737e-02 -5.82697716e-02  1.76620716e-04
 -1.68405669e-02 -7.33234185e-02 -6.32919872e-02 -4.47479034e-02
 -1.22912907e-01  5.64449362e-02 -1.43191897e-02 -3.88921230e-02
 -1.14945304e-01 -1.19121596e-01  1.71404645e-01 -6.83889266e-02
  4.62324458e-02  4.59284758e-03 -2.63506982e-01  1.51681063e-01
  5.07408177e-02 -7.95028402e-02 -1.35994154e-02 -1.12462204e-01
  1.48363163e-01 -9.03674235e-02 -5.67913141e-02 -7.42987884e-02
 -5.14163075e-03  1.03535492e-01  1.37662197e-01 -4.56042211e-02
  1.86693715e-02 -5.99528397e-03 -9.27040749e-02  1.82595464e-01
  9.60569480e-02  1.75522422e-03  1.11409004e-01  8.13526820e-02
 -7.34656453e-03  1.12848343e-02  1.01687647e-01 -8.59314514e-02
  1.11757653e-01 -3.12097705e-02  9.84381409e-02 -1.50473449e-02
  9.81517022e-03 -1.74066803e-02 -5.31916206e-02 -3.43878106e-02
  8.19404500e-02 -1.77255091e-01 -1.01463433e-01 -6.55553722e-02
 -8.92998734e-02  8.61035635e-02  6.82007697e-02  2.31516428e-02
 -5.82490651e-02  7.07026436e-02 -1.19170809e-01  1.20634278e-01
 -6.01828055e-02 -3.33053351e-02 -4.36885361e-02 -8.33075623e-02
  1.00683248e-01  3.06041282e-02  5.56771710e-02 -9.02036135e-02
 -6.84177178e-03  1.28130580e-02 -2.03139333e-03 -8.41738052e-02
  4.31035227e-02 -1.11064301e-02 -7.10598009e-02 -1.20123271e-01
  1.48785393e-02  1.13849364e-01 -7.24550501e-02 -9.35920989e-03
  3.96063381e-02 -8.41374571e-02 -4.30998829e-02 -6.21450470e-02
  3.06720634e-02  4.69833607e-02 -1.09522785e-02 -5.96051661e-02
 -4.00693594e-02 -4.87771187e-02 -6.47453467e-02 -2.36774375e-02
  7.38099771e-03  3.21985016e-03 -1.93990928e-02 -1.65253285e-02
 -2.26429549e-02 -7.52221063e-02 -1.22551017e-02 -4.37747250e-02
 -7.53726209e-02 -3.83614418e-03 -4.40538106e-02 -9.96081302e-03
  1.45713511e-02 -5.64197669e-02 -1.55347197e-02 -8.83892588e-02
  3.88375665e-02 -6.97573230e-02 -3.79919173e-02  2.96325396e-02
 -2.73920386e-02 -6.13269988e-02  5.98620962e-03  4.91261546e-03
 -4.03528025e-02 -3.63859030e-02 -3.31371222e-02 -2.54422383e-02
 -7.94804422e-02 -2.43327572e-02  3.71938960e-02 -4.60445994e-02
 -3.60989863e-02 -5.37121167e-02 -2.25602352e-04  1.67302159e-02
  1.56301016e-02 -5.31511496e-02 -4.08605108e-03  2.12751791e-02
 -4.06988640e-03 -5.01848382e-03 -2.98486366e-02 -1.18384234e-02
  1.37769797e-02 -9.13432016e-03 -4.75936668e-02 -2.79853510e-02
  1.15673629e-02 -9.29753533e-03 -1.39926978e-02 -2.89859491e-02
  9.68567065e-03  1.95919319e-02  1.06093923e-02  1.40003782e-02
 -2.32794671e-02 -2.58506524e-02 -1.87442463e-02 -1.47721220e-02
  1.17995357e-02  6.48964818e-03 -5.24127671e-03 -4.05622190e-02
 -4.44135681e-02 -1.04781286e-02  3.86367518e-04 -1.56122847e-02
  1.68495144e-02 -3.11210210e-02 -3.25464820e-02 -2.37196453e-02
 -2.38967052e-02 -5.64573460e-03 -1.91109832e-02 -3.44463545e-02
 -6.58503027e-04 -3.59379921e-02 -2.62898323e-02 -3.27628285e-02
 -9.47985009e-03 -9.61042843e-03  1.08826939e-02 -9.92540948e-04
  4.84042407e-03 -7.95358337e-03 -2.12915050e-02 -9.39225096e-03
 -4.55544518e-03 -3.42894749e-03 -1.46440510e-02 -5.40624906e-03
 -1.81606657e-02 -1.86917888e-02 -1.88488632e-02 -8.95109999e-03
 -1.84003426e-02 -1.20617526e-02 -1.75456530e-03 -1.58789172e-02
 -1.17312283e-02 -7.47594550e-03 -6.13356374e-03 -1.07668521e-02
 -2.50669470e-03 -3.65029102e-03 -4.11504118e-04 -7.23776756e-03
 -9.33533240e-03 -9.91495418e-03 -4.67828272e-03 -7.80851059e-03
 -8.42653583e-03 -7.60002223e-03 -8.32365858e-03 -4.44698741e-03
 -1.05323415e-02 -3.75972811e-03 -2.30640592e-03 -6.47742407e-03
  1.84312996e-03 -4.10739545e-03 -8.53225510e-03 -4.59114685e-03
 -3.47879354e-03 -2.36036979e-03 -3.91365229e-03 -5.38755711e-03
 -5.27204529e-03 -4.11215820e-03 -3.70248029e-03 -4.48249373e-03
 -3.55744369e-03 -1.23829605e-03  2.17240628e-04 -9.70814257e-04
 -2.50007738e-04 -6.09047297e-04 -7.13450758e-04 -1.75121677e-03
 -1.19939026e-03 -1.52776390e-03 -1.24665938e-03 -9.46869058e-04
 -4.92221863e-04 -5.84199671e-04 -7.71278176e-04 -5.94131552e-04
 -3.93085459e-04 -2.73224578e-04 -7.40845656e-04 -5.29505227e-04
 -9.03321306e-05 -2.16521618e-04 -2.01054938e-04 -1.37370124e-04
 -9.59442391e-05 -3.64626490e-05 -4.95447933e-05 -1.33904857e-05
 -2.94348908e-06 -0.00000000e+00]
