Frame: 9
i_min: 4563, i_max: 5577
x_framed shape: (1014,)
x_framed dtype: float64
x_framed:
[ 0.00000000e+00  7.74325467e-06  2.06162106e-05  7.13065959e-05
  6.32035896e-05  2.28468708e-04  2.30540938e-04  2.57762678e-04
  3.75219530e-04  6.49967883e-04  5.37510404e-04  6.15677305e-04
  8.83174460e-04  7.31117515e-04  1.98318297e-03  1.25082728e-03
  2.11854999e-03  2.05445949e-03  1.56923941e-03  2.43764395e-03
  3.31944628e-03  2.84849992e-03  4.42398714e-03  4.67561903e-03
  4.99340389e-03  3.78121796e-03  3.30369220e-03  4.23511660e-03
  5.79422811e-03  6.80196352e-03  2.61216727e-03  6.80241173e-03
  7.60156308e-03  7.20303597e-03  1.11518577e-02  9.80745526e-03
  1.26142687e-02  9.35726953e-03  1.30953198e-02  1.58618468e-02
  1.57337724e-02  8.83925479e-03  1.21485404e-02  1.24552235e-02
  1.61760372e-02  1.77298391e-02  1.24092197e-02  1.68327198e-02
  8.42495072e-03  2.47034182e-02  1.64532617e-02  1.99965337e-02
  1.89636331e-02  2.75573392e-02  6.53221786e-03  2.31031748e-02
  2.34852365e-02  2.22492516e-02  3.70625783e-02  2.11135680e-02
  3.32688108e-02  3.15214269e-02  3.92512459e-02  2.60639719e-02
  2.64690674e-02  4.20518206e-02  3.78933279e-02  2.23643694e-02
  3.19425780e-02  4.13284719e-02  4.68114375e-02  3.37723998e-02
  1.29068880e-02  4.80146998e-02  3.13866764e-02  2.38743822e-02
  1.57356422e-02  5.70689453e-02  5.07913516e-02  4.80345747e-02
  6.88365427e-02  6.13745194e-02  7.53920008e-02  3.83357693e-02
  5.74034881e-02  3.74028288e-02  5.76833439e-02  5.88711445e-02
  7.30622480e-02  6.62076891e-02  7.65876781e-02  7.96476535e-02
  1.04512241e-01  6.69194071e-02  5.81463366e-02  7.95336336e-02
  6.32868606e-02  1.04846617e-01  7.55000890e-02  7.20095826e-02
  7.53499423e-02  9.95779107e-02  8.47085034e-02  7.69509831e-02
  1.24933425e-01  7.58279049e-02  9.59949255e-02  1.11019520e-01
  6.38583856e-02  1.11632732e-01  7.94238103e-02  1.23779455e-01
  8.47400742e-02  1.25409518e-01  1.37638435e-01  1.34193170e-01
  1.21504914e-01  1.11548872e-01  1.04733665e-01  1.59915829e-01
  1.05287350e-01  9.80939078e-02  1.46301250e-01  1.08280897e-01
  1.05827331e-01  9.35487761e-02  1.23049983e-01  1.36896762e-01
  1.48887625e-01  1.72785216e-01  1.62463942e-01  1.42617093e-01
  1.44649909e-01  1.69692872e-01  1.97160161e-01  1.62251289e-01
  1.44763761e-01  1.29175107e-01  1.15570307e-01  1.91080346e-01
  1.90741347e-01  1.93479116e-01  1.70594733e-01  2.29592143e-01
  1.62251412e-01  2.18951817e-01  1.83923925e-01  1.64391348e-01
  2.13816237e-01  2.09432189e-01  2.10122150e-01  2.01685487e-01
  1.99441871e-01  3.03361648e-01  2.56343863e-01  2.39879962e-01
  2.16486424e-01  2.58435816e-01  2.39985613e-01  2.20925770e-01
  2.08712798e-01  2.21497096e-01  8.09211379e-02  2.40581921e-01
  2.10301660e-01  3.12618662e-01  2.39962631e-01  1.83535752e-01
  2.42146482e-01  1.95028601e-01  2.74214793e-01  2.67961635e-01
  3.05440170e-01  2.17425973e-01  2.63400006e-01  1.91641579e-01
  3.05138091e-01  2.98454254e-01  3.00352500e-01  2.76058745e-01
  3.02136093e-01  3.72681295e-01  2.68349756e-01  2.95589596e-01
  2.27111256e-01  2.42256193e-01  3.02159822e-01  3.65568982e-01
  2.86671461e-01  2.90711422e-01  2.82960199e-01  2.77702949e-01
  3.32550496e-01  2.21880712e-01  4.01976326e-01  2.79845006e-01
  3.72919737e-01  2.45210290e-01  3.76171395e-01  3.79740087e-01
  3.63662731e-01  2.72898992e-01  3.60804005e-01  2.64597001e-01
  3.31924018e-01  4.25165624e-01  4.12203681e-01  3.59613833e-01
  2.91021238e-01  4.11536082e-01  3.68872653e-01  1.98501210e-01
  4.31848439e-01  3.74536527e-01  4.70588340e-01  2.98508863e-01
  1.40331464e-01  4.09903390e-01  4.14006974e-01  2.60708454e-01
  3.19267212e-01  6.20802397e-01  3.78295958e-01  4.65371018e-01
  3.55518278e-01  2.39183752e-01  4.00537850e-01  3.95364668e-01
  3.86783633e-01  4.13697104e-01  4.48975460e-01  4.16296815e-01
  3.22345217e-01  4.77545732e-01  2.66177643e-01  2.58888654e-01
  5.09651374e-01  4.92082183e-01  4.44131313e-01  3.24940516e-01
  3.90018219e-01  4.33539572e-01  3.12170242e-01  3.94229006e-01
  5.27723512e-01  6.04446050e-01  4.31733120e-01  5.47273101e-01
  2.92136585e-01  5.44262016e-01  4.04014154e-01  5.15816547e-01
  4.63638907e-01  6.22758408e-01  4.05759394e-01  5.59727627e-01
  4.70522167e-01  4.85402388e-01  4.85312970e-01  4.19283200e-01
  5.08009931e-01  5.05512579e-01  5.40097149e-01  5.26198061e-01
  6.04911492e-01  6.21414740e-01  4.11506775e-01  6.21661764e-01
  4.00412408e-01  5.96888877e-01  6.03240526e-01  3.25162146e-01
  5.50109643e-01  4.89581338e-01  4.58947352e-01  7.00206683e-01
  4.74765608e-01  4.59210549e-01  5.62751382e-01  6.35810056e-01
  5.42149220e-01  6.97555642e-01  6.25728581e-01  3.07678299e-01
  5.04716046e-01  5.02739255e-01  6.29721172e-01  2.57265623e-01
  8.85871883e-01  6.43377186e-01  5.98970025e-01  7.28391685e-01
  8.75058538e-01  6.95294329e-01  7.07620330e-01  6.07451267e-01
  5.75177734e-01  5.34689365e-01  4.91737051e-01  5.10990718e-01
  4.27176622e-01  5.92946101e-01  3.85992296e-01  6.31373643e-01
  6.03561826e-01  6.29463292e-01  5.42933116e-01  1.02207192e+00
  7.96762528e-01  4.50534629e-01  6.50190970e-01  5.38440425e-01
  4.84612780e-01  4.41310097e-01  6.84589879e-01  5.33452787e-01
  7.62129227e-01  7.67822992e-01  8.22784143e-01  5.14137439e-01
  7.01315699e-01  7.25152162e-01  5.70499694e-01  5.29397636e-01
  8.69647070e-01  6.74205854e-01  7.34321832e-01  5.25781920e-01
  4.69121066e-01  5.64105861e-01  6.29977836e-01  4.93492150e-01
  6.49004689e-01  4.02599264e-01  4.86952325e-01  7.53516650e-01
  7.44953199e-01  5.97341764e-01  5.04166700e-01  5.03174177e-01
  6.02542533e-01  7.57777813e-01  8.02262237e-01  5.85896473e-01
  4.85759766e-01  7.04731378e-01  5.37179828e-01  5.84848564e-01
  8.71920365e-01  7.95658411e-01  6.92102831e-01  4.68410635e-01
  7.02043579e-01  8.37292076e-01  6.10473333e-01  8.85436385e-01
  8.77366815e-01  9.37907346e-01  7.21211534e-01  7.67271351e-01
  9.01530046e-01  7.46065385e-01  5.92583049e-01  6.01307542e-01
  7.13730289e-01  4.63558260e-01  6.51829813e-01  8.56413224e-01
  3.13654969e-01  9.30518756e-01  8.62917774e-01  5.99845202e-01
  7.67479022e-01  6.77283951e-01  8.83594147e-01  8.42535428e-01
  4.40353438e-01  7.76470512e-01  6.42019585e-01  6.91021503e-01
  5.52500802e-01  9.76040968e-01  8.55150621e-01  5.49203416e-01
  4.46108857e-01  6.09437406e-01  7.51226218e-01  7.17399231e-01
  8.93660772e-01  8.13005351e-01  8.44446022e-01  7.31748530e-01
  4.29764712e-01  6.39147507e-01  8.60447861e-01  6.63634687e-01
  7.61534924e-01  6.15098556e-01  4.87737351e-01  6.48666406e-01
  7.25423578e-01  5.51918797e-01  6.26521988e-01  4.99040996e-01
  8.69534467e-01  6.13605048e-01  9.29352574e-01  9.42921762e-01
  6.49854573e-01  4.79993507e-01  2.82056592e-01  3.92797070e-01
  4.09419042e-01  9.13513847e-01  6.80749268e-01  7.30308907e-01
  2.47517995e-01  4.34935494e-01  8.19909423e-01  7.07723530e-01
  6.26057278e-01  7.57557686e-01  9.56444018e-01  6.08804730e-01
  6.61949232e-01  6.83901453e-01  1.09581360e+00  2.50516986e-01
  7.72843490e-01  6.21218015e-01  7.48687157e-01  5.15892297e-01
  6.29683821e-01  7.72632214e-01  1.22788163e+00  7.88647529e-01
  4.71812801e-01  5.51139429e-01  5.43910931e-01  2.85470231e-01
  5.64347153e-01  7.66684473e-01  3.79766017e-01  8.24666286e-01
  7.15360399e-01  4.78263455e-01  5.90900018e-01  9.25493137e-01
  7.56873852e-01  6.14973211e-01  5.65492290e-01  6.24750707e-01
  5.08697516e-01  1.96943863e-01  1.00235439e+00  6.33151666e-01
  6.78768464e-01  5.87951847e-01  4.53709462e-01  5.59199679e-01
  2.80445712e-01  1.03824571e+00  3.47708166e-01  3.85363155e-01
  4.99560643e-01  8.37515745e-01  5.85037410e-01  3.36666549e-01
  8.25516068e-01  7.20429741e-01  6.80486254e-01  7.13552162e-01
  1.04349007e+00  1.00032852e+00  4.29973580e-01  8.85515764e-01
  6.37666705e-01  6.58577161e-01  2.21635044e-01  5.21469610e-01
  3.91664559e-01  7.15533166e-01  7.61745179e-01  1.33861745e-01
  5.39957002e-01  7.65489930e-01  5.02687699e-01  6.82900169e-01
  6.05357859e-01  6.01210883e-01  4.76671858e-01  2.85740480e-01
  3.02333214e-01  6.65488429e-01  5.25422338e-01  4.91529154e-01
  4.32158066e-01  4.53501418e-01  7.21353511e-01  4.42725052e-01
  2.39245409e-01  6.53639233e-01  4.61578760e-01  5.06409914e-01
  8.19204788e-01  4.91165212e-01  5.50674623e-01  2.54606903e-01
  4.44003521e-01  6.07372391e-01  1.71967286e-01  5.20690482e-01
  4.98198771e-01  4.83811127e-01  6.80380776e-01  5.37400479e-01
  7.63409191e-01  2.67030409e-01  4.90168802e-01  4.77361866e-01
  2.44487898e-01  6.46301998e-01  9.16751240e-01  4.46953796e-01
  5.48504802e-01  4.62093450e-01  3.00493301e-01  7.74466006e-02
  2.97036977e-01  1.57959608e-01  7.71441099e-01  4.06965270e-01
  3.58526512e-01  6.01332440e-01  1.99396822e-01  2.67358339e-01
  4.30451842e-01  6.18282550e-01  5.11158193e-01  4.58348012e-01
  4.22050243e-01  4.83136907e-01  4.41253346e-01  1.95449818e-01
  4.05313705e-01  1.81936673e-01  4.07007520e-01  2.93817770e-01
  8.85354707e-01  3.75410055e-01  1.04890604e-01  3.51737863e-01
  4.77292101e-01  7.00645901e-01  2.54945737e-01  5.83300308e-02
  5.24671657e-01  9.31384212e-02  2.74934579e-01  3.07210001e-01
  3.41256779e-01  4.86162205e-01  2.16942118e-01  2.94007693e-01
  3.41760274e-01  3.70908081e-01  3.58310714e-01  4.21016152e-01
  4.97000403e-01  4.07363784e-01  4.16451411e-01  2.27175286e-02
  3.33770402e-01  4.13483753e-01  4.58570756e-01  1.84243516e-01
  1.88263911e-01  2.02114166e-01  4.11121197e-01  5.03025918e-01
  2.26703705e-01  4.73616358e-01  3.22430870e-01  2.73104188e-01
  2.54237193e-01  4.32300727e-01  3.50434953e-01  7.14128462e-01
  1.24518107e-01  3.78851350e-01  1.80537877e-01  1.14826678e-01
  2.72576029e-01  2.97733038e-01  8.11494386e-01  2.33275976e-01
  5.59509167e-02  3.13051049e-01 -1.22134123e-01  2.40990174e-01
  2.58499923e-01  3.98869795e-01  4.29015080e-01  1.56591522e-01
  2.18781709e-01  1.04559052e-01  3.68212636e-02  2.95483907e-01
  6.75075548e-03  1.59954780e-01  5.32931453e-02  3.29051233e-01
  5.51092936e-01 -7.15310032e-03 -1.07355786e-01  1.99091116e-01
  2.21932275e-01  2.55740681e-01  1.35753112e-01  1.77150178e-01
  2.75189891e-01  3.91203961e-01 -1.36821435e-01  1.39429133e-01
  2.39205971e-01  3.98691550e-02  4.98482797e-01  8.54309661e-02
  1.86358050e-01  2.87343579e-01  8.76349520e-02 -1.29607685e-01
  1.11911851e-01  3.59069633e-01  1.23884376e-01  3.54721406e-02
  3.34124606e-01  1.19406299e-01  8.73573113e-02  1.96509393e-01
  2.98649429e-01  5.65678368e-01  3.03512252e-01  3.56519206e-01
  7.79219773e-02 -9.66992526e-03  1.68327876e-01  1.73811605e-01
 -2.24118819e-02  1.23872508e-01  2.15761449e-01  2.07437030e-01
  2.28772383e-01  1.92295550e-01  6.19169259e-02  5.93018696e-02
 -5.17989108e-02  4.22979066e-01  1.38718045e-01  9.92307975e-02
 -1.35731809e-02  5.93831922e-01 -3.86752120e-02  6.10576280e-02
  1.91367980e-01  2.18180524e-01  2.71669561e-01  4.00760324e-01
  1.97947049e-01 -4.34819862e-02  7.76326961e-02  1.62231655e-01
  4.27715842e-01 -9.91464342e-02  2.91995238e-01  1.36262136e-01
  2.33122922e-01  9.10597369e-02 -2.03537939e-02  2.14485110e-01
  1.98410039e-01  2.43288985e-01  9.71031795e-02  1.01751725e-02
 -1.30199657e-01  2.13452803e-01  1.54615074e-01 -4.65438085e-02
  1.37654665e-02  2.29704225e-02 -1.22312996e-01 -2.87330741e-02
 -7.40753818e-02  2.64424510e-02 -2.01502041e-02 -1.44539087e-01
  3.60686446e-01  2.52072049e-01 -2.89432455e-02  1.14132037e-01
  1.32539059e-01  2.36049515e-01 -3.72364570e-02  2.19030035e-01
 -2.33909299e-03 -1.08193916e-01  1.64880385e-01  2.38219463e-01
  4.07004268e-01 -9.16359505e-02  1.55526860e-01  1.01644272e-02
  1.63498238e-01 -1.27831391e-01 -1.01394253e-01 -3.96241500e-02
  6.82344082e-02 -2.36774416e-02  1.39034156e-01  1.83653959e-01
  1.28919949e-01  2.53796872e-01  1.03681333e-01 -9.76595466e-02
  2.16940327e-01 -2.37398552e-02  1.58791204e-01  2.37074208e-01
  1.01690178e-01 -1.31749050e-01 -6.32832695e-02  2.00288615e-01
  2.39192219e-02  5.21870744e-02  1.30064115e-01  1.21601899e-01
  7.25132774e-02  1.59690187e-02  3.53824746e-03  1.35061305e-01
  9.96420292e-02  8.07562715e-03  1.56172494e-01  2.11207456e-02
 -5.88100829e-02 -4.88578510e-02 -7.29178147e-02  3.23021637e-03
  1.64318682e-01 -5.45617178e-02  5.06573585e-02 -3.91923919e-02
  2.13457882e-03 -1.28521295e-01  5.35893443e-03  7.66316348e-03
  8.23039457e-02  4.91507679e-02 -9.52659378e-02  1.34239272e-01
  4.57626106e-02  4.39089819e-02  2.27851819e-02 -2.75657960e-02
  4.38566424e-02  6.81535016e-02 -1.46275303e-01 -3.03010833e-02
 -3.52028709e-03  4.43438971e-02  1.31478764e-01 -5.25228528e-02
 -2.71965821e-02 -2.86693362e-02 -5.51363098e-02 -1.39260251e-02
  8.64176598e-02 -7.74490614e-02  5.42242815e-02 -1.34040745e-01
 -3.36154951e-02 -1.35160453e-02  1.59171086e-01 -9.17466435e-03
 -1.73146075e-01 -1.55073465e-01  1.61399581e-02  6.39986235e-02
  4.36106478e-02  2.60144305e-02  1.06504514e-01 -3.19241872e-02
  8.30402316e-02 -1.18754679e-01 -6.06854688e-02 -1.31071812e-01
 -1.12054976e-02  6.30447946e-03  1.83254665e-02  1.40251687e-02
 -6.07727743e-02 -5.40109491e-03 -1.02393720e-01  1.08500427e-01
 -1.40638275e-02 -2.75127320e-02  1.21538574e-01 -8.09587232e-02
 -7.22154624e-02 -6.97107387e-02  2.02667052e-03  3.61993427e-02
  5.67396191e-02  1.79916534e-01 -1.44733832e-01  4.61706961e-02
 -3.10974096e-02 -3.28612790e-02 -3.48508187e-02 -5.31775097e-02
  1.11839808e-01  5.77171172e-02  6.01169464e-03  8.78614866e-02
 -8.82957245e-02 -7.65544914e-02 -1.26820390e-01 -3.77667027e-02
  1.32326882e-02  9.57727956e-03  1.20788527e-02 -7.74321756e-02
  4.87204509e-02  1.65340388e-02  4.37004791e-02 -1.01241809e-01
  1.97173281e-02 -6.13649312e-02 -1.86445424e-02  3.06686616e-02
  7.11886165e-03 -4.17670613e-02  2.49801817e-03 -7.54482825e-02
  5.96225522e-02 -8.24775494e-03  5.66753719e-02 -2.37599914e-02
 -2.34128314e-02 -3.46189885e-02  4.26470990e-02 -3.14125861e-02
  3.09794554e-02 -1.59772087e-02 -8.72513151e-02 -2.40222089e-02
 -5.04407698e-02  2.59798114e-03 -4.98261259e-02  4.01550010e-02
 -2.82302615e-03 -6.39275866e-03  2.76121642e-02  3.96385166e-02
  3.12636592e-06 -2.95132919e-02 -6.80458647e-02 -2.55734181e-02
 -2.26737186e-02  4.61014575e-03 -1.21258786e-02  2.55541186e-02
 -2.14635939e-02 -1.52564294e-03  4.18100343e-02  1.22150338e-02
 -1.62634101e-03 -1.97863381e-02 -2.05654546e-02 -2.73824001e-02
 -1.70640030e-02  2.42476403e-02 -6.64550978e-03 -4.12858155e-02
  5.38934625e-02  9.79870265e-03 -4.12222168e-02 -1.26173941e-02
  3.35841372e-03  4.81560049e-02 -3.05504457e-02  2.67882021e-02
  3.77390332e-02 -1.64940420e-02 -7.10207476e-03 -2.64283061e-02
 -5.02420027e-03 -8.12846546e-04  1.61679269e-02  2.62157895e-02
 -1.75624701e-02 -4.55256716e-02 -4.23674266e-04  6.62602102e-03
  5.53607681e-03 -7.01446082e-03  2.68866274e-03  3.16274428e-02
  7.84632797e-03 -7.47305537e-03 -9.83895246e-03 -3.26403385e-03
  3.11008480e-02 -3.39607697e-03 -3.45542462e-04 -8.62524621e-03
  1.93099427e-02  3.37396279e-02  7.60822120e-03  1.37532916e-03
  6.01874348e-04 -3.77717085e-02  1.15626082e-02  2.04068261e-03
  6.36571790e-03 -1.03349189e-02 -5.46087463e-03 -5.70852639e-03
  1.38738850e-02 -5.02456056e-03  2.69950924e-02  5.45431129e-03
 -1.57636954e-02 -1.55004284e-03 -7.66794397e-03 -2.51838959e-02
  1.78977842e-02  7.66877689e-03  5.66610218e-03  1.71191614e-03
 -1.39263609e-02 -4.74293995e-03  8.03149486e-03 -9.75365773e-03
 -2.28346476e-02 -1.99028396e-03 -1.20660351e-03  1.12004834e-03
  5.84088265e-03  4.95789075e-03  1.95037263e-03  8.73132624e-03
 -1.07435943e-02  3.45350605e-03  4.14803387e-03 -7.93577418e-03
 -9.29602623e-03 -4.45582255e-03 -3.81348070e-03  4.18524648e-03
 -3.29241001e-03 -4.41754776e-03 -3.03677034e-03  5.33420629e-03
  5.72870141e-05 -7.91295382e-04 -4.67079068e-04  5.22032003e-03
 -2.90272116e-03  4.86506623e-03  7.40394670e-04 -5.45331397e-04
  8.03900246e-03 -3.23682313e-03 -1.03443702e-03 -3.41229811e-03
  2.49219346e-03  4.18845005e-03  3.91425388e-03  2.70615382e-03
 -4.18050625e-04 -7.22676804e-04 -3.08541880e-03  3.50869525e-03
  7.50921217e-04 -7.45761606e-04  1.85229523e-03 -1.26781290e-03
  4.82330614e-04 -1.96363070e-04  6.43480269e-04 -6.42676456e-05
 -1.23408306e-03  5.32694287e-05  7.22909645e-04 -2.25495655e-05
  4.26391050e-04 -5.18275986e-04 -1.49169965e-05 -2.38572596e-04
  2.39737061e-04  6.06328171e-06  1.58210177e-04  2.07128850e-04
  1.06004882e-04  3.21851248e-05 -9.52201069e-05 -1.07554982e-06
 -2.62751077e-05 -1.10176538e-05 -6.73579056e-06 -7.65666114e-06
 -3.79557395e-06 -0.00000000e+00]
