Frame: 103
i_min: 15862, i_max: 16170
x_framed shape: (308,)
x_framed dtype: float64
x_framed:
[ 0.00000000e+00  5.68646683e-05  3.76949766e-04  7.66399165e-04
  1.64506439e-03  2.50487378e-03  3.58098374e-03  5.33710516e-03
  4.63636291e-03  8.60010031e-03  8.82018873e-03  1.22613896e-02
  1.68325238e-02  1.20360962e-02  1.77622661e-02  2.10976001e-02
  2.18376058e-02  3.30542363e-02  2.60927414e-02  3.02120667e-02
  3.20929469e-02  5.16528933e-02  4.07373282e-02  5.47321463e-02
  7.73266041e-02  5.74022562e-02  7.82796886e-02  9.24687637e-02
  8.88376741e-02  7.71162930e-02  9.42452889e-02  6.27129109e-02
  7.70070051e-02  8.53803636e-02  1.56382143e-01  9.00725973e-02
  9.44546709e-02  9.33766445e-02  1.44096928e-01  1.38515905e-01
  1.74946319e-01  1.69205416e-01  1.05498596e-01  1.30735109e-01
  2.18435317e-01  1.65458239e-01  2.29195653e-01  1.80861208e-01
  1.51213060e-01  1.87327047e-01  1.62061798e-01  1.87562519e-01
  2.33271531e-01  2.57494091e-01  1.49964903e-01  2.44001048e-01
  2.17939958e-01  2.20569737e-01  2.75721024e-01  2.39474168e-01
  3.74278421e-01  3.71276946e-01  3.80753560e-01  2.69574482e-01
  2.41524450e-01  3.26816936e-01  3.16439526e-01  2.87000843e-01
  2.46797817e-01  3.47534309e-01  3.23773855e-01  4.26935497e-01
  4.33780271e-01  4.82880170e-01  2.69878445e-01  4.34842228e-01
  3.31951954e-01  2.88282665e-01  3.74312002e-01  5.37328555e-01
  3.93047982e-01  6.10058038e-01  5.07784755e-01  4.09607328e-01
  5.94163390e-01  5.19926714e-01  3.63915776e-01  7.06050808e-01
  5.19990864e-01  4.97041933e-01  3.92712764e-01  6.59448279e-01
  5.81493146e-01  6.03554459e-01  4.57891544e-01  6.46041430e-01
  6.64276553e-01  4.50075232e-01  3.48161395e-01  6.38834112e-01
  3.31169649e-01  5.88349238e-01  5.04297511e-01  7.60441189e-01
  5.21094038e-01  7.57243843e-01  5.10312074e-01  7.53313261e-01
  9.28730774e-01  4.31737371e-01  6.55775513e-01  1.06439107e+00
  6.27172339e-01  6.30216152e-01  7.56772484e-01  6.33929749e-01
  3.36652544e-01  8.29707914e-01  2.86409674e-01  5.65891884e-01
  8.56201330e-01  5.80858148e-01  5.22162421e-01  8.08508750e-01
  4.96167089e-01  4.29058011e-01  7.05758840e-01  6.22771825e-01
  4.26038319e-01  7.79095724e-01  7.48347599e-01  5.93533294e-01
  6.07106645e-01  7.53301347e-01  8.92568987e-01  6.09688624e-01
  7.91264913e-01  7.74411704e-01  8.35965316e-01  6.71954502e-01
  4.84879151e-01  5.72355984e-01  7.30290241e-01  1.02133771e+00
  5.64947904e-01  8.19445180e-01  5.93190804e-01  6.78978949e-01
  9.57523142e-01  8.06212344e-01  4.03867235e-01  5.35377165e-01
  8.98829709e-01  6.73727249e-01  4.13160031e-01  4.76603298e-01
  7.78260156e-01  8.33445750e-01  6.35416041e-01  1.12225305e+00
  7.89635793e-01  5.73774517e-01  4.56801648e-01  4.21977192e-01
  6.77715772e-01  5.11163584e-01  9.32925791e-01  8.87265412e-01
  7.19239592e-01  3.61197653e-01  4.56081322e-01  8.25406287e-01
  4.69022895e-01  7.88568003e-01  6.58976315e-01  5.73142474e-01
  4.25074454e-01  5.35479646e-01  5.83707359e-01  7.35644207e-01
  3.73134244e-01  4.83671251e-01  5.34938798e-01  6.41997030e-01
  3.51007863e-01  2.73004230e-01  6.24577501e-01  2.29061859e-01
  7.18760683e-01  4.59322609e-01  2.12301036e-01  3.91960846e-01
  5.33158306e-01  3.72330805e-01  4.59590324e-01  5.72924640e-01
  4.10543980e-01  2.84871872e-01  3.83007189e-01  6.50840557e-01
  6.84851441e-01  9.63646690e-02  5.74517044e-01  4.37631915e-01
  5.32637077e-01  3.04267203e-01  1.19039761e-01  4.58838940e-01
  2.31677005e-01  1.63379798e-01  1.69316866e-01  4.30954045e-01
  3.60385478e-01  4.40218364e-01  4.17246847e-01  2.67068686e-01
  3.06623498e-01  2.44482742e-01  2.76726493e-01  1.77852940e-01
  3.37535263e-01  4.11830814e-01  1.82465056e-01  4.18714571e-01
  2.78278152e-01  2.86041372e-01  6.85521831e-02  5.44726887e-02
  2.56283284e-01  3.16244979e-01  1.61861764e-01  3.87931229e-01
  2.88541326e-01  1.26203113e-01  2.09079821e-01  4.24244222e-01
  8.53463003e-02  2.35047612e-01  1.56862898e-01  2.36745921e-01
  2.74928585e-01  1.37868529e-01  2.48114624e-01  3.22566203e-01
  1.57489423e-01  2.02878534e-01  1.02483039e-01  1.39272621e-01
  1.21852195e-01  1.78423070e-01  1.97057615e-01  1.13003579e-01
  2.02339045e-01  1.94965712e-01  1.51503128e-01  7.56187654e-02
  6.76647476e-02  5.50980771e-02  1.33967796e-01  3.23302995e-02
  1.11449714e-01  3.43157928e-02  1.07718676e-01  7.23304094e-02
  1.16648400e-01  1.04549749e-01  1.09288339e-01  1.04774801e-01
  5.97574642e-02  1.91170904e-02  2.07665922e-02 -7.41082808e-03
  1.73560836e-02  4.29514388e-02  2.65134501e-02  3.26085319e-02
  4.35467089e-02  2.61134260e-02  1.02758844e-02  2.64923974e-02
  1.19362952e-02  1.96155118e-02  3.86913234e-02  1.65154094e-02
  3.72766721e-02  3.06685079e-02  9.59741452e-03  4.23424255e-03
  1.16486756e-02  1.84863114e-02  6.59697223e-03  1.32234118e-02
  1.29887572e-02  3.20000643e-03  3.06891958e-03  6.75243065e-03
  4.23643771e-03  1.73286084e-03  1.95147669e-03  1.90542126e-03
 -8.20898814e-05  1.68669492e-03  5.15344526e-04 -4.45544244e-04
  2.67411561e-04  5.78862966e-05  6.51565144e-05  0.00000000e+00]
