Frame: 127
i_min: 19558, i_max: 19866
x_framed shape: (308,)
x_framed dtype: float64
x_framed:
[-0.00000000e+00 -1.07694981e-04 -4.38248302e-04 -8.92979088e-04
 -2.11114414e-03 -2.11008718e-03 -4.29283594e-03 -3.36577447e-03
 -6.72651176e-03 -7.60111767e-03 -9.14928996e-03 -1.04299196e-02
 -1.29934272e-02 -1.68324798e-02 -1.63207188e-02 -1.80916947e-02
 -2.70483998e-02 -2.32963529e-02 -2.08783469e-02 -2.67784703e-02
 -2.76695028e-02 -3.72777668e-02 -5.17839960e-02 -5.50118483e-02
 -4.63132236e-02 -4.20444412e-02 -1.97507472e-02 -4.79392618e-02
 -8.56546176e-02 -8.46036255e-02 -3.45069593e-02 -8.50504008e-02
 -8.47601979e-02 -1.11799379e-01 -5.94005015e-02 -8.86642795e-02
 -1.26320009e-01 -1.38747190e-01 -1.08203138e-01 -1.21230060e-01
 -1.01813983e-01 -1.15707610e-01 -1.48802158e-01 -1.65177370e-01
 -1.57390858e-01 -1.79031030e-01 -1.68641470e-01 -1.68637624e-01
 -2.15399366e-01 -1.52447990e-01 -2.05538714e-01 -2.35845080e-01
 -2.18353946e-01 -1.93622547e-01 -2.08257427e-01 -1.95117926e-01
 -1.72668808e-01 -1.52663286e-01 -2.20326685e-01 -3.13481064e-01
 -2.68758702e-01 -3.25855681e-01 -1.44341020e-01 -1.26351581e-01
 -2.27950014e-01 -2.17085929e-01 -2.69124986e-01 -2.65620069e-01
 -4.32453349e-01 -3.13543712e-01 -3.89413503e-01 -2.94669368e-01
 -3.30904263e-01 -1.51734389e-01 -2.50894645e-01 -3.15820471e-01
 -3.75325544e-01 -1.86303228e-01 -3.63486375e-01 -3.31297812e-01
 -3.66986983e-01 -4.20839661e-01 -3.78208234e-01 -6.08725645e-01
 -5.70313204e-01 -3.56891304e-01 -2.16371074e-01 -3.65502595e-01
 -5.00825898e-01 -5.97099357e-01 -3.22111612e-01 -4.99059917e-01
 -3.46297222e-01 -3.82884120e-01 -3.74341225e-01 -4.38113486e-01
 -3.93478340e-01 -4.67071768e-01 -5.44235448e-01 -5.96156283e-01
 -8.08552048e-01 -4.90765914e-01 -2.40125163e-01 -3.59728690e-01
 -4.38109511e-01 -5.89140191e-01 -3.22246695e-01 -4.99453968e-01
 -2.31381037e-01 -6.43272993e-01 -6.09183953e-01 -6.28219647e-01
 -7.36650273e-01 -6.49126672e-01 -4.76067649e-01 -6.16233900e-01
 -1.15906424e+00 -3.10622813e-01 -7.91983916e-01 -3.94612351e-01
 -4.93360062e-01 -1.20941454e-01 -3.20129139e-01 -5.91000227e-01
 -6.27534102e-01 -2.23626151e-01 -7.71378687e-01 -4.63032306e-01
 -5.22301888e-01 -5.61453271e-01 -4.29407453e-01 -4.59086074e-01
 -4.06682656e-01 -4.65857393e-01 -4.10695419e-01 -4.71301413e-01
 -6.15240989e-01 -4.84853960e-01 -6.22901764e-01 -6.34078002e-01
 -5.45062845e-01 -5.00168424e-01 -4.67161731e-01 -2.90253280e-01
 -5.67362602e-01 -4.26601718e-01 -4.39154420e-01 -5.80637611e-01
 -4.41461232e-01 -2.52643097e-01 -4.11997668e-01 -4.00343918e-01
 -5.82937144e-01 -4.43130491e-02 -5.63810822e-01 -7.63590661e-01
 -2.54061689e-01 -4.44699709e-01 -4.77934587e-01 -5.21820884e-01
 -3.58816018e-02 -3.33502363e-01 -2.90236051e-01 -3.62415953e-01
 -3.36446118e-01 -1.09097223e-01 -4.29383741e-01 -6.60889071e-01
 -2.00147001e-01 -2.67978704e-01 -3.38675798e-01 -2.63266943e-01
 -4.20671969e-01 -3.39845191e-01 -3.63647460e-01 -4.45701023e-01
 -1.02141580e-01 -5.88535590e-01  1.26521645e-01 -1.47257212e-01
 -6.35563390e-01 -3.41270973e-01 -3.25211422e-01 -2.17218385e-01
 -4.62251243e-01 -2.71628562e-01 -2.93383894e-01 -3.96945624e-01
 -4.14826517e-01 -9.42325439e-02 -5.43287338e-01 -1.61336689e-01
 -1.01895497e-01 -2.69239120e-01 -2.17924835e-01 -2.79393596e-02
 -3.31535881e-01 -3.08093916e-01 -2.84514511e-01 -1.30440476e-02
  1.05142641e-02 -4.06574261e-01 -2.73644232e-02 -5.24458859e-02
  6.24483295e-02 -1.09670724e-01 -1.68581677e-01  1.00437156e-02
 -5.12558615e-02  1.72188551e-01 -7.46922767e-03 -1.15816898e-01
 -2.92500923e-01 -2.05673823e-01 -3.13287345e-01 -1.46302969e-01
  5.58867299e-03 -1.09634835e-01  2.27541090e-02 -5.89779997e-02
 -1.44891787e-01 -8.16036591e-02 -3.27780740e-02 -6.79270954e-02
 -6.29852326e-02 -1.61279357e-01 -1.19420794e-01  1.72175811e-01
  6.34146578e-02 -2.12733258e-01 -2.96066380e-01 -4.73234425e-02
  3.45662654e-02 -9.74959519e-02  4.89713818e-02 -3.69989413e-02
 -5.38914402e-02  2.84945330e-02 -7.87863575e-02 -5.49490994e-02
  2.48707730e-02 -2.88822866e-02  1.21332127e-01  2.96515390e-02
  2.57520122e-02 -2.10697350e-02  4.41595340e-02 -3.51222603e-02
  6.30982057e-03 -6.74924971e-02  5.45341650e-02  1.01120317e-02
  1.07382763e-01  1.27707338e-01  3.78632123e-02  1.93932147e-03
 -4.74608230e-02  4.40116927e-02  1.13415993e-02  2.64820783e-02
  7.74296905e-02 -2.97585544e-02 -3.16481809e-02 -3.46407187e-03
  3.58586255e-02  2.58270464e-02 -2.27289935e-02  3.13419901e-02
 -2.85833967e-02 -1.61301971e-02  5.00479266e-03 -6.04098494e-03
  3.02869208e-02  1.51292177e-02  4.72404866e-02  3.33051350e-03
  5.99075598e-03  3.03611906e-02  6.54805356e-03  3.17855044e-02
  1.57514822e-02 -2.50745009e-02  2.22675256e-02  1.76837421e-02
  1.69246084e-02 -1.28010878e-02 -1.33011461e-04  6.72684592e-04
 -1.11417347e-03  1.64751417e-02  4.33564181e-03  3.82862067e-03
  6.22189664e-03  5.58434849e-03 -8.84165330e-03  5.92304768e-04
 -1.38140794e-03  2.68665765e-03  1.04828469e-03  1.26456539e-03
 -1.15440551e-03  4.99549461e-04  1.10375726e-03  8.12397015e-04
  3.31001938e-04 -2.31420199e-05  4.90069325e-05  0.00000000e+00]
