Frame: 75
i_min: 11550, i_max: 11858
x_framed shape: (308,)
x_framed dtype: float64
x_framed:
[ 0.00000000e+00  8.04034067e-05  4.26743919e-04  9.50200915e-04
  1.44921988e-03  2.29902339e-03  3.23643038e-03  1.89583730e-03
  5.31179795e-03  4.61200702e-03  8.35364153e-03  6.75640373e-03
  7.87491091e-03  1.90115568e-02  1.97995359e-02  1.76343085e-02
  2.09865272e-02  2.10046166e-02  2.89309590e-02  2.28068977e-02
  3.89373210e-02  3.14239920e-02  3.26608102e-02  4.03198016e-02
  3.64490474e-02  5.11153131e-02  4.30541757e-02  6.11433907e-02
  7.73869347e-02  4.95507845e-02  6.34591646e-02  7.89085886e-02
  6.50919186e-02  8.85725169e-02  9.56469902e-02  1.13796649e-01
  7.59737215e-02  7.05230023e-02  9.21136235e-02  7.64700184e-02
  1.28385703e-01  7.68166949e-02  2.01319020e-01  1.72321687e-01
  1.30812780e-01  1.69689148e-01  7.32350731e-02  2.53770283e-01
  1.24719727e-01  1.50677172e-01  7.25571724e-02  1.91042024e-01
  1.15267692e-01  1.83023588e-01  1.53016622e-01  1.27058314e-01
  1.46564878e-01  2.13001695e-01  1.24584031e-01  1.61938042e-01
  2.59700715e-01  3.98927573e-01  2.60134331e-01  1.65764846e-01
  2.10208625e-01  2.45272066e-01  2.20948359e-01  3.26048640e-01
  2.76872699e-01  3.40773621e-01  2.42513137e-01  3.91881642e-01
  2.65093554e-01  1.95647375e-01  4.95956732e-01  1.19619191e-01
  2.27904914e-01  2.42635156e-01  5.67867935e-01  5.04532452e-01
  4.79702757e-01  2.89233911e-01  5.98539225e-01  3.76102987e-01
  4.51342621e-01  3.64689025e-01  3.42282374e-01  3.22125899e-01
  3.31110335e-01  4.37038664e-01  4.11804280e-01  3.65269893e-01
  5.70617777e-01 -1.63165122e-02  4.49654904e-01  4.82729709e-01
  5.47130349e-01  3.82854635e-01  4.24960753e-01  5.40724941e-01
  6.19456415e-01  3.60831931e-01  4.48151340e-01  6.64990866e-01
  8.92783441e-02  3.10145869e-01  6.48701287e-01  5.94723471e-01
  5.07944033e-01  3.54493806e-01  2.85429261e-01  3.33968238e-01
  6.90280989e-01  3.29840602e-01  4.54094740e-01  3.10107432e-01
  5.85143379e-01  3.48282885e-01  4.25984471e-01  1.47855664e-01
  1.59200468e-01  4.47807740e-01  2.08912049e-01  8.29461413e-01
  7.29693618e-02  3.02596758e-01  4.52945693e-01  3.82427065e-01
  2.44322999e-01  2.70789104e-01  2.63709171e-01  3.96152480e-01
  8.22101633e-01  4.64912541e-01  6.76868221e-01  5.46864445e-01
  6.64133372e-01 -9.64862856e-02  3.87478525e-01  7.01618691e-01
  3.32677848e-01  7.90464027e-01  7.35140434e-01  3.48354370e-01
  3.39965763e-01  2.36910334e-01  3.11277661e-01  1.89286859e-01
  5.18371787e-01  1.40361380e-01  5.49526711e-01  5.52359916e-01
  9.24667392e-02  7.32300937e-01  5.22695009e-01  5.67426696e-01
  2.63352886e-01  5.36686328e-01  6.34475787e-01  3.87242113e-01
  8.02668200e-01  4.09890768e-01  6.24569758e-01  4.53118411e-01
  5.07691782e-01  5.90743398e-02  4.58469446e-01  2.37929127e-01
  2.13165475e-01  7.15412811e-01  3.30239635e-01  1.73928582e-01
  2.95321724e-01  1.11064476e-01  6.31555531e-01  2.20938328e-01
  4.49980205e-01  6.01612529e-01  2.48002769e-01  4.37258461e-01
  1.42723638e-01  7.81372293e-01  4.97689224e-01  2.86699198e-01
  1.77712230e-01  2.93054341e-01  2.48651335e-01  6.51667693e-01
  8.51937950e-02  3.20322441e-01  2.89336227e-01  2.68057638e-01
  2.65443852e-01  2.60048146e-01  4.21665324e-01  3.72171571e-01
  3.35639685e-01 -2.31890163e-01  3.06435143e-01 -1.06392513e-02
  3.51549663e-01  4.75622754e-01  9.75140174e-02  1.96404239e-01
  1.41515702e-01  4.12404441e-01  2.37556111e-01  4.71253553e-01
  2.74553691e-01  2.45190538e-01  2.16063816e-01  3.15480522e-01
 -3.90880255e-02  2.05398602e-01  1.80471831e-01  2.80455273e-01
  1.57371454e-01  4.57687611e-02  1.74340819e-01  3.64138014e-02
 -6.71904842e-02  2.47874860e-01  2.25200954e-01  2.07297962e-01
  2.96753174e-01  7.23973323e-02 -1.32799108e-02  1.31066460e-01
  9.84966234e-02  4.48149727e-02  1.19568629e-01  6.38112086e-02
 -5.65103493e-02  7.54075819e-02  8.69263920e-03  1.31153797e-01
  4.90041121e-02  1.99475729e-01  2.35438706e-01  1.53035680e-01
 -3.02944397e-02  2.08646915e-01  2.07985838e-01  8.63537949e-02
  1.77581683e-01  4.03845191e-02 -5.11792185e-02  2.30790416e-02
  1.82313373e-01 -2.51155298e-02  6.55267138e-02  6.50062610e-02
  3.12866887e-02  3.36085548e-02  5.95043369e-02  2.43735284e-02
 -1.96509909e-02  5.91133977e-02  9.62296674e-02  8.32026350e-02
  7.78433362e-03 -1.10384093e-02  2.72555954e-02  9.59666884e-02
  5.81601646e-02  5.73841465e-02  6.07324412e-02  4.28432760e-02
  3.15229641e-02  4.53409907e-02  9.84736571e-03 -1.33899099e-02
  3.96426549e-02  4.92772609e-02 -5.37105278e-03  3.49126876e-02
  4.93935979e-02  1.54710264e-02  3.98202521e-04  1.52777506e-02
  4.09061890e-03  2.77585454e-03  1.59164098e-02 -9.48091274e-03
 -7.06816035e-03  8.02923045e-03  6.87863196e-03  9.20734075e-03
  1.96994305e-02  5.77217263e-03  8.06779575e-03 -1.24738911e-03
  7.01914434e-03  8.13551976e-04  2.77972523e-03  1.80767552e-03
  4.38318661e-03 -1.27988011e-03 -2.69598465e-03  6.27168030e-04
  1.17179936e-03  6.17823875e-04  9.90481671e-04  3.65567285e-04
  1.57081125e-05 -1.41150722e-04  8.29592864e-06  0.00000000e+00]
