Frame: 95
i_min: 14630, i_max: 14938
x_framed shape: (308,)
x_framed dtype: float64
x_framed:
[-0.00000000e+00 -4.98854543e-05 -1.17962427e-04 -3.28086766e-04
 -2.08533054e-04 -6.69604293e-04 -4.59766267e-04 -1.57667452e-03
 -2.57158545e-03 -3.13132261e-03  1.60211175e-03 -2.67989749e-03
 -9.84486725e-03 -6.42910902e-03 -4.97398503e-03  2.42433647e-03
 -1.63767385e-03 -1.35935818e-02  7.12087630e-03 -1.04395016e-02
 -1.08182984e-03 -2.31234294e-02 -3.78317728e-02 -3.06310423e-02
 -5.51958632e-02  8.75439247e-03 -1.69286450e-02 -3.53311452e-02
 -1.60872959e-02 -2.19038289e-02 -1.57001631e-02 -5.47813817e-03
 -3.70668005e-02 -5.25123856e-02 -1.61567843e-02 -1.79659147e-02
 -3.74333195e-02  1.70225969e-02 -5.75887589e-02 -7.47726202e-02
 -3.70261044e-02 -7.54235710e-02 -3.86475336e-02 -8.89930468e-02
 -7.69130204e-02  9.86350654e-03 -8.46483407e-02 -1.05380982e-01
 -2.23956824e-02 -1.26433383e-01 -1.14544350e-01 -5.61945342e-02
 -4.01478810e-02 -2.71143808e-02 -1.37080778e-01 -6.58043880e-02
 -1.31057417e-01 -1.44380431e-01 -3.64178558e-02 -1.51247600e-01
 -1.01551300e-01 -1.13661830e-01 -2.03872063e-01 -6.32616709e-02
 -9.59455200e-02 -2.93384607e-01 -1.24985249e-01 -2.13322514e-01
 -6.59198179e-02 -2.82595952e-01 -1.96486287e-01 -1.38716930e-01
 -1.70741882e-01 -1.10239162e-01 -3.29077946e-01 -3.16474365e-02
 -1.44414057e-01 -6.47048019e-02 -1.17011251e-01 -2.13233051e-01
 -3.54367118e-01 -2.84100064e-01 -5.23258019e-02 -7.76322479e-02
 -3.10529092e-01 -5.74196672e-01 -2.75908619e-01 -2.91063345e-01
 -2.92675030e-01 -2.01755564e-01 -1.62381822e-01 -1.51746694e-01
 -2.26792722e-01 -5.29738900e-01 -3.42625413e-01  1.19196755e-02
 -2.56644367e-01 -2.62717393e-01 -2.69105091e-01 -2.66289538e-01
 -6.79475463e-01 -3.73257560e-01 -3.49463406e-01 -1.55969247e-01
 -3.48306212e-01 -6.16116257e-01 -3.00115469e-01 -5.00254507e-01
 -5.73377709e-01 -5.19468843e-01 -3.02333967e-01 -1.89445435e-01
 -3.22081556e-01 -3.02098329e-01 -3.33736421e-01 -4.02104210e-01
 -3.05171920e-01 -8.49964848e-01 -4.16763382e-01 -6.25690982e-01
 -2.40855988e-01 -4.78871030e-01 -4.52376752e-01 -7.35890722e-01
 -2.83128222e-01 -3.58623676e-01 -3.76055584e-01 -6.34864985e-01
 -6.33363913e-01 -4.51905503e-01 -6.29759882e-01 -4.21083101e-01
 -9.19845009e-01 -6.06164555e-01 -1.72209148e-01 -4.37127032e-01
 -4.93996699e-01 -1.44761220e-01 -9.90335486e-01 -6.98411935e-01
 -6.21644532e-01 -3.77975133e-01 -3.77955252e-01 -7.25600336e-01
 -3.60295087e-01 -6.41568325e-01 -3.24011211e-01 -7.73820932e-01
 -5.95967273e-01 -6.72272921e-01 -3.66460286e-01 -6.84714040e-01
 -5.91425145e-01 -4.84167876e-01 -4.78945887e-01 -4.12988773e-01
 -5.50356929e-01 -6.78185999e-01 -6.66395254e-01 -5.93315341e-01
 -5.50433709e-01 -6.30958064e-01 -5.99315940e-01 -9.05015036e-01
 -4.73646039e-01 -5.70880365e-01 -4.10373044e-01 -6.08198390e-01
 -9.48913755e-01 -6.79195983e-01 -6.48472479e-01 -4.65927305e-01
 -1.00922023e+00 -6.01808037e-01 -5.11188166e-01 -7.35067622e-01
 -5.94381999e-01 -7.26137920e-01 -7.43946792e-01 -6.82284526e-01
 -7.36856199e-01 -4.77472067e-01 -7.37078652e-01 -7.65304580e-01
 -2.78740597e-01 -4.24278372e-01 -9.27775109e-01 -7.28698583e-01
 -5.48059734e-01 -5.31766730e-01 -8.44196565e-01 -3.83860144e-01
 -4.39535124e-01 -4.95816712e-01 -3.46834222e-01 -4.95834982e-01
 -4.93767398e-01 -3.10269690e-01 -3.82757312e-01 -6.91002019e-01
 -4.52657026e-01 -6.52549620e-01 -4.66565204e-01 -4.67365286e-01
 -7.44995771e-01 -5.49528037e-01 -4.87523974e-01 -5.85536840e-01
 -4.71736632e-01 -3.97518567e-01 -5.11259132e-01 -4.70683438e-01
 -3.07634992e-01 -4.27365049e-01 -4.58895534e-01 -6.05153131e-01
 -3.87824721e-01 -4.26566011e-01 -3.02315486e-01 -4.50807498e-01
 -6.69957569e-01 -6.46375621e-01 -3.52222409e-01 -4.97310856e-01
 -3.76249982e-01 -4.06417837e-01 -4.30701548e-01 -4.16284442e-01
 -4.89910935e-01 -3.94331147e-01 -4.44733689e-01 -4.15862813e-01
 -4.03592222e-01 -3.86916034e-01 -2.73472374e-01 -3.63400595e-01
 -2.54361272e-01 -2.05107558e-01 -2.58703968e-01 -2.79726794e-01
 -2.90391105e-01 -2.41875078e-01 -2.95637669e-01 -2.22304980e-01
 -2.43918120e-01 -3.06475616e-01 -2.12907202e-01 -2.60971724e-01
 -2.66832938e-01 -2.82746410e-01 -2.35868610e-01 -1.80363315e-01
 -1.81376361e-01 -2.05595059e-01 -1.86228659e-01 -1.45860764e-01
 -2.11985377e-01 -2.51259155e-01 -1.30953330e-01 -2.08008694e-01
 -2.07403352e-01 -2.45228350e-01 -1.42321570e-01 -2.19928067e-01
 -1.79432070e-01 -1.25557022e-01 -1.15885319e-01 -1.54438675e-01
 -1.31883151e-01 -1.47050980e-01 -1.31182622e-01 -1.03624070e-01
 -1.17295951e-01 -1.05190934e-01 -1.26327187e-01 -6.55035269e-02
 -7.39113394e-02 -6.43701202e-02 -5.19224497e-02 -8.24436194e-02
 -6.99947863e-02 -8.63954628e-02 -1.56499087e-02 -5.34505272e-02
 -3.63419831e-02 -5.60835608e-02 -3.09345696e-02 -2.10561786e-02
 -3.34122867e-02 -3.64621820e-02 -2.73889390e-02 -3.54297331e-02
 -2.09786988e-02 -1.48259966e-02 -1.58395479e-02 -1.42783982e-02
 -9.97988334e-03 -8.11137903e-03 -1.04180856e-02 -5.90849321e-03
 -2.12963210e-03 -4.41098938e-03 -2.41478854e-03 -8.69656476e-04
 -6.48595933e-04 -4.24455671e-04 -9.12166898e-05 -0.00000000e+00]
