Frame: 35
i_min: 17745, i_max: 18759
x_framed shape: (1014,)
x_framed dtype: float64
x_framed:
[ 0.00000000e+00  8.86430288e-06  1.23696549e-07  7.29380559e-05
  1.01422521e-04  1.41622063e-04  1.84808196e-04  4.47935678e-04
  4.41530227e-04  3.10714385e-04  2.30117301e-04  7.23701390e-04
  8.16679958e-04  4.70604889e-04  1.10411002e-03  1.05061038e-03
  1.49073521e-03  2.09033281e-03  2.83127332e-03  2.76124407e-03
  1.81947781e-03  2.94377681e-03  2.96186786e-03  1.83660239e-03
  3.93177925e-03  6.03559965e-03  4.18172232e-03  2.25645873e-03
  4.89489573e-03  3.26947237e-03  7.11253876e-03  6.99909256e-03
  6.12248676e-03  6.20920254e-03  6.88918844e-03  7.85423097e-03
  6.40976236e-03  5.19740115e-03  1.25100808e-02  8.78267806e-03
  1.09764867e-02  1.19600818e-02  1.27241228e-02  8.10000376e-03
  6.67829446e-03  1.12504845e-02  1.57946179e-02  1.18076510e-02
  1.40199206e-02  2.60514803e-02  8.23719425e-03  1.40520557e-02
  2.83539725e-02  1.91300875e-02  1.62592012e-02  2.77497283e-02
  2.21955601e-02  2.05816665e-02  2.48566414e-02  2.01759327e-02
  1.84963023e-02  2.56049802e-02  1.99909545e-02  2.84413486e-02
  3.21220564e-02  3.72307169e-02  4.07556171e-02  2.90468237e-02
  3.79609941e-02  3.91304680e-02  3.88537173e-02  3.23812238e-02
  2.80369454e-02  4.43616595e-02  2.28408617e-02  3.88842702e-02
  1.51233604e-02  2.92841300e-02  3.54557392e-02  5.97313890e-02
  5.64497314e-02  4.26503070e-02  6.00924912e-02  6.37502602e-02
  5.15188701e-02  3.62778027e-02  5.36334934e-02  5.65969351e-02
  4.15665816e-02  6.64326757e-02  6.67550879e-02  7.09572385e-02
  7.00407023e-02  7.90181475e-02  6.58534931e-02  7.38465607e-02
  6.52462271e-02  6.34955788e-02  9.94179780e-02  3.98191285e-02
  9.52139547e-02  6.88467932e-02  6.78814646e-02  8.93443438e-02
  5.60604699e-02  7.11169174e-02  7.19651920e-02  8.68331162e-02
  7.60410154e-02  1.30543288e-01  1.37477386e-01  5.31341020e-02
  1.13770910e-01  1.23380553e-01  1.18158947e-01  9.11180274e-02
  1.03151872e-01  9.24071132e-02  1.02575886e-01  8.39452021e-02
  1.14514590e-01  7.93096961e-02  1.16373982e-01  8.93985638e-02
  1.32016024e-01  1.08983440e-01  1.39057559e-01  1.64725680e-01
  1.82645705e-01  6.07112995e-02  1.14022506e-01  1.32549686e-01
  1.58932466e-01  9.36521993e-02  1.17046045e-01  1.55749800e-01
  1.56684414e-01  1.69086749e-01  1.73970429e-01  1.72957381e-01
  1.70451801e-01  1.68077468e-01  1.92734442e-01  8.86274205e-02
  2.31225955e-01  9.28507029e-02  1.37409303e-01  1.72498922e-01
  2.10283001e-01  6.74164257e-02  1.87967783e-01  2.24019122e-01
  2.35399799e-01  1.67927244e-01  1.87003847e-01  1.76056579e-01
  1.88115253e-01  1.62645653e-01  1.71160284e-01  2.32761000e-01
  2.22016448e-01  2.41358627e-01  2.31523418e-01  2.57424669e-01
  2.68846807e-01  1.46488531e-01  1.91419580e-01  2.24339921e-01
  2.37409304e-01  2.07831062e-01  2.90442995e-01  3.48463890e-01
  2.59674483e-01  2.57360140e-01  3.00719718e-01  1.59253682e-01
  2.63261925e-01  3.17979091e-01  2.32249962e-01  2.02443157e-01
  2.63131841e-01  2.73098443e-01  2.27522074e-01  4.03664569e-01
  2.57590562e-01  2.20562501e-01  2.85986558e-01  3.49103317e-01
  2.98670744e-01  3.30370787e-01  2.49870117e-01  3.99498167e-01
  3.45153221e-01  3.79398716e-01  3.39342876e-01  3.72351288e-01
  2.65150976e-01  2.92845186e-01  4.17679826e-01  4.35846042e-01
  2.56962923e-01  3.54591497e-01  3.11050914e-01  2.95456561e-01
  3.66814214e-01  4.30469249e-01  3.85246871e-01  3.33337913e-01
  3.96595092e-01  3.36252858e-01  3.95907453e-01  4.72214410e-01
  2.16724898e-01  4.35029812e-01  2.61324999e-01  4.75224213e-01
  3.35275107e-01  2.92900602e-01  4.45094658e-01  4.22515172e-01
  3.17445914e-01  2.99626908e-01  3.88017275e-01  3.08327924e-01
  3.22402785e-01  4.22062898e-01  3.35292821e-01  4.54485599e-01
  5.47627972e-01  4.12333660e-01  4.39211383e-01  6.05213295e-01
  3.31109771e-01  5.41554169e-01  5.34770440e-01  5.19304057e-01
  5.61979393e-01  4.74905096e-01  3.99949467e-01  5.55592304e-01
  5.62835537e-01  5.64039814e-01  4.69079669e-01  4.00904719e-01
  4.89039947e-01  5.63424357e-01  5.74863193e-01  4.38734662e-01
  5.13543576e-01  3.58592553e-01  5.85509410e-01  4.14732144e-01
  5.72847600e-01  3.83130238e-01  6.04445834e-01  5.36289357e-01
  4.27209976e-01  5.80333555e-01  4.51715672e-01  5.93009173e-01
  4.89701465e-01  3.40752919e-01  4.20412645e-01  4.81184770e-01
  6.75594507e-01  6.29155437e-01  7.10501185e-01  7.17530357e-01
  4.82501648e-01  5.22943190e-01  5.00991634e-01  4.74596523e-01
  3.46335122e-01  5.52910226e-01  4.12206924e-01  5.56070258e-01
  8.03949097e-01  5.06858782e-01  5.90363375e-01  6.75614361e-01
  6.05795748e-01  6.09986229e-01  5.35634621e-01  5.53419204e-01
  4.69202859e-01  6.87086380e-01  3.79154000e-01  7.08215546e-01
  4.23008282e-01  7.13286125e-01  5.54915258e-01  4.48944007e-01
  6.74832469e-01  7.21039853e-01  5.53096439e-01  7.00718288e-01
  3.24138323e-01  4.47379632e-01  7.81778860e-01  5.90762605e-01
  3.82173094e-01  5.33583204e-01  5.06236633e-01  6.06624954e-01
  5.81874078e-01  6.56112013e-01  6.25519231e-01  8.17272764e-01
  6.95480930e-01  7.02224849e-01  7.99671528e-01  5.92495514e-01
  4.75838051e-01  8.13381886e-01  6.69504854e-01  6.71993984e-01
  5.67392161e-01  5.71194693e-01  7.76272491e-01  7.97856688e-01
  7.72068372e-01  7.75590539e-01  7.46151091e-01  6.86122453e-01
  6.44186709e-01  8.44007945e-01  6.18875732e-01  7.27531275e-01
  5.59459767e-01  5.81637242e-01  6.44554051e-01  5.62863844e-01
  7.99292824e-01  4.84770309e-01  6.99732038e-01  7.06180485e-01
  4.17926449e-01  6.23325132e-01  7.29095996e-01  7.56660031e-01
  6.62467013e-01  7.97403838e-01  6.79288096e-01  6.99270786e-01
  7.36998529e-01  8.42250638e-01  5.96430229e-01  6.26486004e-01
  5.99047054e-01  6.52302676e-01  9.28340473e-01  7.96118404e-01
  5.29082277e-01  6.13332547e-01  7.68242180e-01  5.65948247e-01
  5.95294321e-01  9.27058922e-01  6.14267626e-01  8.67223853e-01
  9.17035751e-01  5.96297190e-01  5.71256742e-01  6.71554266e-01
  5.39331214e-01  7.37726087e-01  6.84716533e-01  7.78562589e-01
  9.50635071e-01  8.55772917e-01  8.02104005e-01  3.93495484e-01
  7.95848299e-01  1.01093346e+00  2.16545304e-01  8.39149182e-01
  6.96385988e-01  5.79656430e-01  8.60043852e-01  1.01542568e+00
  8.56846874e-01  6.61133453e-01  5.62939160e-01  7.49921904e-01
  8.75790382e-01  6.58349715e-01  6.75023902e-01  1.21578003e+00
  9.13322055e-01  9.26247118e-01  4.69845273e-01  6.01298597e-01
  7.38399110e-01  5.48730187e-01  1.00769164e+00  9.74512000e-01
  6.30000261e-01  1.04163732e+00  7.23436173e-01  1.18633848e+00
  7.49512591e-01  8.26627327e-01  9.74525834e-01  9.52646440e-01
  8.14314119e-01  6.96189155e-01  8.14406644e-01  5.72580923e-01
  7.47921495e-01  5.17518317e-01  3.93921537e-01  7.27770759e-01
  9.49310404e-01  8.87302256e-01  7.01535671e-01  1.03791885e+00
  6.10104875e-01  3.59668216e-01  3.09297932e-01  4.93594044e-01
  8.63883619e-01  5.92939955e-01  7.96308454e-01  1.01706860e+00
  5.02547044e-01  7.97238280e-01  8.07758759e-01  5.43650903e-01
  9.59622640e-01  6.49186399e-01  6.29881092e-01  1.10088173e+00
  7.99239793e-01  8.74629651e-01  9.55358765e-01  5.72852406e-01
  9.33640065e-01  5.98406088e-01  5.88845154e-01  6.39587864e-01
  5.71130528e-01  8.46730504e-01  7.38965594e-01  5.91769118e-01
  8.14745698e-01  6.30365690e-01  6.18645327e-01  6.89915646e-01
  7.68689320e-01  7.53017624e-01  6.05524064e-01  8.38861771e-01
  6.29611146e-01  5.43808526e-01  3.83722418e-01  8.59633191e-01
  6.68727018e-01  7.05815431e-01  8.67388677e-01  5.67777560e-01
  3.90256141e-01  6.71376517e-01  7.16340825e-01  6.02493553e-01
  9.41947979e-01  1.61408829e-01  8.69087858e-01  8.02582087e-01
  7.34875364e-01 -1.52947946e-02  8.94470705e-01  4.36209237e-01
  5.36668188e-01  6.01310156e-01  7.13715980e-01  7.57704679e-01
  8.05972030e-01  7.88749819e-01  6.75059815e-01  7.05360401e-01
  4.03993381e-01  4.69284473e-01  7.94474921e-01  7.80815553e-01
  7.56148681e-01  5.07481543e-01  7.89072032e-01  3.74093589e-01
  8.18028293e-01  5.49000304e-01  9.34715515e-01  2.92904350e-01
  9.46171848e-01  5.19737284e-01  5.13807841e-01  6.26180728e-01
  4.45654154e-01  5.68115591e-01  4.32780002e-01  4.37687275e-01
  6.72770794e-01  3.92769417e-01  4.17006098e-01  2.93662363e-01
  4.64969918e-01  8.25615150e-01  3.91653430e-01  4.12041895e-01
  5.94669516e-01  4.79238442e-01  9.96468704e-01  5.15878061e-01
  6.12878659e-01  7.31999107e-01  7.25595726e-01  5.84854210e-01
  5.03471518e-01  9.37476828e-01  5.10596123e-01  4.39731717e-01
  3.96399632e-01  1.78078570e-01  6.84075483e-01  4.91295876e-02
  5.13749092e-01  4.71421421e-01  9.55977112e-01  1.42123911e-01
  3.24903394e-01  4.74579305e-01  4.59706118e-01  3.87057318e-01
  4.77561237e-01  2.40762204e-01  5.59211520e-01  2.49211418e-02
  4.77794039e-01  3.61204467e-01  6.78824165e-01  8.22299332e-01
  4.06580462e-01  7.44335582e-01  4.04182412e-01  2.73159154e-01
  8.05671935e-01  5.61140796e-01  4.56605665e-01  5.88275305e-01
  5.04199196e-01  4.33915776e-01  1.84291446e-01  3.88953460e-01
  5.61478082e-01  4.12499798e-01  6.10377491e-01  5.06060733e-01
  2.56783448e-01  1.68139541e-01  3.92165452e-01  3.17965861e-01
  4.82736830e-01  2.74994741e-01  2.92341315e-01  6.13274680e-01
  4.35021945e-01  2.67597722e-01  4.04232064e-01  6.64265717e-01
  4.51982165e-01  5.06786222e-01  2.45170049e-01  5.84299740e-01
  8.29138342e-01  2.29999171e-01  1.52755111e-01  4.09747244e-01
  5.40567779e-01  3.53338072e-01  1.67586435e-01  3.44688680e-01
  4.76126591e-01  2.82773153e-01  4.72122270e-01  5.74586276e-01
  3.97141932e-01  3.43864882e-01  5.02434376e-01  1.82998129e-01
  1.62091266e-01  2.88523760e-01  2.43834981e-01  1.83217128e-01
  6.71401096e-01  7.31683431e-01  2.59503851e-01  3.39524060e-01
  2.85151682e-01  5.21782560e-01  5.55322682e-01 -1.49414042e-02
  3.96871062e-01  6.73060860e-02  6.25968955e-01  3.82085191e-01
  1.49048706e-01  2.52651846e-01  2.41528307e-01  3.86589517e-01
  4.77308841e-01  7.91595072e-02  6.14986817e-01  5.69897649e-01
  1.21832158e-01  2.89344168e-01  5.79343470e-01  4.91043417e-01
  2.08991481e-01  4.10881064e-01  7.94522271e-01  2.80075251e-01
  1.47575074e-01  2.86952862e-01  2.97469507e-01  1.60013467e-01
  3.26520879e-01  2.85311604e-02  1.29001717e-01  3.73719153e-01
 -6.35327693e-02  3.93369878e-01 -1.10957265e-01 -6.42442901e-02
  1.45172621e-01  2.77280913e-01  4.51727517e-01  2.33507298e-01
  1.79670780e-01  3.17129870e-01  7.01547764e-02  2.38132448e-01
  1.14061651e-02  2.24063478e-01  1.86407337e-01  7.21512547e-02
  2.31041175e-01  2.27722058e-01  3.93121569e-01 -6.67103794e-02
  1.82612192e-01  6.87154587e-02  3.32561725e-01  3.11224400e-01
  2.68924451e-01  7.09376973e-02  3.25082926e-01 -6.50957998e-02
 -9.92026181e-02 -2.70800390e-02  1.69093228e-01  2.79433175e-01
 -2.99774250e-01  3.76781548e-01  1.87083279e-01 -8.07589331e-02
  1.78363381e-01  3.30525130e-01  2.51659524e-01  3.26599603e-01
 -5.52344977e-02  8.96493146e-02  9.95844326e-03  4.11045515e-01
  2.44653794e-01  5.76398807e-01  7.35142072e-02  3.33677515e-02
  1.19047751e-01  3.44171628e-01  8.25130112e-02  1.53584576e-01
  1.47699644e-01  1.37531538e-01  3.45334478e-02  1.08323562e-01
  1.00507765e-01  1.23918451e-01  2.59389819e-01  3.74575183e-01
 -1.06897774e-04  6.26561081e-02 -1.72376761e-04  1.41787999e-01
  3.79754591e-02  1.45847112e-01  2.64814597e-01 -2.42164057e-01
  1.75763356e-01  4.26622011e-02  1.67905574e-01 -1.94488587e-02
  2.64675958e-01  2.24153792e-01  1.75604920e-01  2.04094503e-01
 -3.81754593e-03  1.20207053e-02  1.93108676e-01 -9.57191733e-03
  2.80692525e-01  4.68000455e-02  1.53281207e-01  3.58971409e-01
 -6.00360297e-03  9.27830265e-02  2.17596524e-01  2.02593810e-01
  3.85800598e-02  1.36953415e-02  4.84006623e-02  2.57463727e-01
  4.05483158e-02  8.37540893e-02  2.03272458e-02  1.58243755e-01
  8.95680969e-02 -5.23466905e-02 -4.86833434e-02 -1.72960937e-01
 -3.32789986e-02  1.59476289e-01  2.20618963e-01  1.43606846e-01
  1.26801349e-01  4.60568335e-02  1.49586938e-01  9.17610349e-02
  2.64682199e-01  4.55308497e-02  2.08143565e-01  1.53441788e-01
  1.36385569e-01 -1.71580242e-01  1.55104067e-01  3.69806091e-02
  1.42061274e-03 -1.12595386e-01  4.77495566e-02  5.10993674e-02
 -9.31744439e-02 -1.11384985e-01  9.65188304e-02  1.35982615e-01
  6.32046464e-02  1.62351701e-01  3.27050729e-02  3.52672514e-02
 -5.37515583e-02 -1.19369249e-01  2.26038047e-01  1.51467950e-01
 -1.01960154e-01  5.18032946e-02  2.57677450e-02  8.07983440e-03
 -5.59280251e-03  7.04305897e-02  1.11515622e-01  7.06330984e-02
  2.01110833e-02  1.60786942e-02  1.17992255e-01  7.27484350e-02
  3.57342689e-02  2.51129838e-02  5.92883010e-02 -1.51925841e-02
  1.00525288e-01 -7.00309133e-02 -1.09951613e-02  7.87802074e-02
 -7.46928649e-02 -1.12760787e-01  2.87793355e-02 -1.22445904e-01
 -8.81089787e-02  8.56655677e-02  4.15422113e-03  1.27752305e-01
 -7.91282045e-02  1.21806753e-02  5.19244566e-02 -7.55392393e-02
  1.01195439e-01  5.86931216e-02 -1.09345331e-01  1.42746820e-02
  4.68060004e-02 -2.90857616e-02 -9.71976416e-02  3.67486377e-02
  1.81721198e-01 -1.40537933e-02  1.30749717e-01 -4.11738188e-02
  2.94704248e-02  6.91885350e-02  1.24597931e-02 -8.44642953e-03
  6.35996208e-02  1.44331273e-01  3.25937956e-02 -2.40351077e-02
 -1.79679690e-03  1.81090002e-01  1.95801072e-02 -2.92110914e-02
 -6.53862182e-02 -1.09406897e-01  3.29367873e-02  5.11107697e-02
 -1.62789488e-02  7.71407323e-03 -6.45594058e-02  1.63775660e-02
  3.73955264e-02 -2.47448131e-02  1.08992721e-01 -4.25450307e-02
  2.37384269e-02  5.63290126e-02  2.15159691e-03 -4.36991296e-03
 -7.47559342e-02  8.21928619e-02 -3.59844181e-03  3.52133832e-02
  4.21074418e-02 -2.85597785e-02 -5.40379953e-03  7.54294559e-02
 -5.35723668e-02  1.14684428e-01 -3.36189402e-02 -5.53714264e-02
  1.08265417e-02  1.13487473e-01 -8.97539314e-02 -3.05334163e-03
  2.64921483e-02  5.12100366e-03  2.13130305e-02 -3.00189878e-02
 -2.43363708e-02 -3.67994346e-03 -4.76976091e-02  8.50045097e-04
 -1.42960301e-02 -1.77168180e-02  1.62298271e-02 -7.45034526e-02
 -7.22919174e-03  9.78278269e-02 -4.20970287e-02  5.38103805e-02
  4.16280776e-03 -2.17600234e-02 -4.93623902e-02  7.10489516e-03
  5.66093350e-02 -1.29037728e-02 -1.43322680e-03  3.82030316e-02
  1.36448977e-02 -5.42880306e-02  4.75166005e-03  5.33378974e-02
 -6.92180917e-05 -9.07571142e-02  1.39143755e-02 -5.43715175e-03
 -5.78027391e-02 -5.22686478e-02  3.13501116e-02 -2.16953895e-02
 -2.67223080e-02 -2.95095216e-04 -1.82420513e-02  3.59873002e-03
 -5.13314975e-03 -3.31499041e-02 -1.35745438e-02  1.26463519e-02
  1.65990670e-03 -1.66168567e-03  5.08991149e-02  1.91732204e-02
  2.19051555e-02 -3.71096073e-03  5.74678916e-03 -9.97737126e-03
  1.86663966e-02 -2.24118012e-03  5.36384342e-03  3.87573821e-03
 -1.36582351e-04  6.37412253e-02 -1.39189148e-02 -1.38695486e-02
  1.44093167e-02 -1.17703690e-02 -5.57097843e-03 -2.08623439e-02
  9.48725095e-03  9.53511515e-03 -5.62572634e-03  1.29266308e-02
 -3.25142169e-02 -1.20598177e-02 -2.76927008e-03 -1.92772147e-02
 -2.82129414e-02 -4.80226743e-03  1.08346811e-02  1.95272748e-02
 -8.07052722e-03  1.07073259e-02  9.09403595e-03  1.69742969e-02
 -4.71470469e-03 -2.38267142e-02  9.42957272e-04 -1.28023261e-02
 -8.91360038e-03 -3.60854265e-03 -3.96633983e-03  1.64404637e-03
  7.88546691e-03 -3.99530320e-03  4.21844578e-03  1.65330452e-04
  9.43734946e-03 -1.84035225e-03 -7.45023937e-04 -3.46688793e-03
 -1.45735958e-03 -6.86100409e-03 -7.50775217e-03  6.41368581e-03
 -8.68159657e-03 -2.47886814e-03  7.65586790e-03 -2.57419654e-03
  5.86285488e-03 -4.04474807e-03 -6.95946013e-03 -1.02084685e-02
  8.11961028e-03 -6.78892064e-03  4.30606272e-03 -5.55641051e-03
  7.05455668e-03  1.13792289e-02 -8.36791939e-03 -5.17483272e-03
  3.54334512e-03  2.25703596e-03  3.27798147e-03 -2.31955723e-03
  7.69182101e-03  4.36900946e-04 -4.30277932e-03 -8.54138661e-04
 -3.87086169e-03  4.87141450e-03 -1.92259487e-03  1.36159488e-03
 -1.23408052e-03 -1.52784001e-03 -4.48373836e-03  1.32510408e-03
  2.71187422e-03 -1.79847794e-03 -2.84786182e-03  1.38648171e-03
 -2.65626965e-03  1.83424923e-03 -1.26559404e-03 -1.43191254e-03
  2.97721600e-04 -1.14853845e-03 -7.18764181e-04  3.28584173e-04
 -2.05818915e-03  1.26161313e-03  2.97614384e-05 -8.05504180e-04
 -5.65488905e-04  4.87419514e-04  2.59460983e-04  5.22045983e-04
 -2.22278626e-04  8.16942272e-05  9.88597440e-05  1.33348243e-04
  1.75287946e-04 -8.85485688e-05 -1.09794079e-05 -4.24222301e-05
 -2.66103111e-06  2.14043085e-05 -2.86890002e-05  8.50962157e-06
 -2.19831131e-06 -0.00000000e+00]
