Frame: 85
i_min: 13090, i_max: 13398
x_framed shape: (308,)
x_framed dtype: float64
x_framed:
[-0.00000000e+00 -4.87985255e-05 -1.68642303e-04 -6.75035135e-04
 -3.98920226e-04 -9.26153136e-04 -6.24996632e-04 -3.12303869e-03
 -3.01023921e-03 -3.87605701e-03 -4.27311670e-03 -9.45441841e-03
 -6.48666580e-03 -1.29468874e-02 -7.64505732e-03 -2.03035907e-02
 -2.14995027e-02 -8.12597697e-03 -1.81276822e-02 -2.33169331e-02
 -6.97779673e-03 -1.60801535e-02 -1.19970493e-02 -2.41683604e-02
  7.61009375e-03 -3.35597630e-02 -3.47672143e-03 -3.03209299e-02
 -5.76754841e-02 -2.48460584e-02 -2.92353886e-02 -5.73414356e-02
 -5.78749028e-02 -4.12583936e-02 -3.45150864e-02 -1.05304507e-01
 -1.92034047e-02 -6.19670019e-02 -8.86701687e-02 -2.38873645e-02
 -5.49678067e-02 -1.57558151e-02 -4.27927125e-02 -5.99183409e-02
 -6.74890909e-02 -4.44532096e-02 -8.23177959e-02 -1.03556414e-01
 -4.16453529e-02 -7.71466991e-02 -7.05073033e-02 -1.95744186e-02
 -8.11456437e-02 -7.59957845e-02 -1.11304179e-01 -5.51477701e-02
 -6.04645803e-02 -2.76853729e-02 -1.19810226e-01 -1.14276068e-01
 -3.32951164e-02 -6.97053367e-02 -1.51602617e-01  5.52846319e-03
 -2.15715097e-01 -3.07141640e-02 -1.90071683e-01  5.94117438e-02
 -2.19277695e-01  4.22881841e-03 -1.00220024e-01 -1.25838588e-01
 -7.69604687e-02 -3.54884887e-02 -1.79232600e-01 -1.72496723e-01
 -2.97463794e-02 -2.65098782e-01 -1.53099065e-01  2.25284652e-01
 -1.95524317e-01  3.30474911e-02 -1.55904908e-01 -3.28560271e-02
 -1.42790354e-02  4.34392189e-02 -1.11167130e-01  1.54082602e-01
 -1.57362050e-01 -5.44059478e-02 -5.11062662e-02 -2.25131295e-01
 -1.16415974e-01 -5.59075633e-02 -1.33672662e-01  2.59544800e-01
 -1.87669228e-01  9.59117899e-02  5.43900453e-02 -6.70633291e-02
 -1.88858878e-01 -1.73659480e-01 -1.35098275e-01 -3.25044560e-01
 -2.05821914e-01 -2.78833259e-01  1.63744106e-01  5.40143747e-02
  8.48320356e-02  5.74352811e-02 -7.14778986e-03  2.09204741e-01
 -1.29134176e-01 -6.41915381e-03  1.05503179e-01 -2.42537617e-01
  5.18906489e-01 -4.95036984e-03  1.86696811e-02  2.19003014e-01
  1.63874229e-01  1.22995833e-02  3.29008521e-02 -2.58933839e-01
 -8.38322536e-02  1.16653454e-01  1.07880042e-01  2.56884738e-01
  1.19476953e-02 -2.21630716e-01  2.42446152e-01  3.19719138e-01
  2.22954352e-01  2.49830442e-02  2.61412836e-01  7.26713128e-01
  9.20095738e-02 -1.80720312e-01 -3.55915399e-02  2.05633198e-01
 -2.27062732e-01  1.25684773e-01  1.71919997e-01  4.04939226e-01
  3.65556844e-01  2.82132328e-01 -3.14948618e-01  3.02952565e-01
  2.64707783e-01  1.79609468e-01 -2.12615467e-01 -1.78358502e-02
 -9.14872666e-02 -2.56793647e-01  1.49956979e-01 -4.67983005e-03
  6.83833257e-01  1.29632247e-01  4.25729489e-01 -1.41162346e-01
  7.02028448e-02  1.99054074e-01  3.50982139e-03  1.04049490e-01
  1.48469696e-01  1.49223962e-01  5.64083907e-01  2.76978633e-01
  3.00174212e-01  3.15134503e-01  3.32415109e-01  2.00675414e-01
  1.58147269e-01  2.55293810e-01  4.47702597e-01  4.43942193e-01
  1.86808248e-01  3.80112706e-01  2.01513527e-01  2.47045147e-01
  1.55404570e-01  2.12281972e-01  4.94293723e-01  2.67353441e-01
  2.77204063e-01 -5.60423624e-03  2.01523663e-01  2.15852984e-01
  1.14434626e-01  2.65892827e-01  1.89257835e-01  2.78871115e-01
  2.87172163e-01  1.06094460e-01  2.01980914e-01  2.82638554e-01
  4.65489201e-01  3.13271717e-01  1.65323171e-01  3.36358880e-01
  5.42913824e-01  4.16705900e-01  3.58244202e-01  3.84606124e-01
  4.91293641e-01  4.34157143e-01  3.56842342e-01  4.28608201e-01
  1.16551812e-01  5.81492736e-02  2.92975013e-01  2.79598303e-01
  1.94898043e-01  3.79205014e-01  1.97782419e-02  1.95693308e-01
  2.01751106e-01  5.52196320e-02  4.47621422e-01  9.24031390e-02
  1.86430355e-01  3.63471776e-01  3.29017355e-01  1.24225313e-01
  3.26152372e-01  2.78958397e-01  4.98024023e-01  2.85019623e-01
  2.24563655e-01  1.48805588e-01  1.59063860e-01  1.49697575e-01
  3.60263178e-01  2.26735253e-01  2.74129190e-01  3.55489847e-01
  7.35916498e-03  3.22473241e-01  2.13477186e-01  2.41119077e-01
  1.35433860e-01  1.39251579e-01  2.31900789e-01  3.67919470e-01
  2.59721466e-01  2.72405335e-01  1.66543014e-01  1.35956465e-01
  1.21570175e-01  1.37428345e-01  3.94699107e-02  1.17401073e-01
  1.24103739e-01  1.42313749e-01  1.54944779e-01  1.62519103e-01
  1.39040068e-01  1.07819895e-01  4.08836173e-02  1.01924053e-01
  8.18127533e-02  1.38535229e-01  1.51209110e-01  1.46795965e-01
  1.34677668e-01  9.85587179e-02  8.18845025e-02  7.15800278e-02
  4.57951063e-02  1.15944316e-01  7.88037647e-02  4.74433358e-02
  5.56950365e-02  5.21401519e-02  6.95841949e-02  8.71264974e-02
  5.47291603e-02  1.68858048e-02  5.13859891e-02  4.87920213e-02
  4.46806367e-02  3.61717844e-02  4.45337936e-02  3.95178609e-02
  3.55412514e-02  3.70913575e-02  2.63320741e-02  2.35826667e-02
  3.53689626e-02  2.63855156e-02  2.52628935e-02  2.46094083e-02
  1.84531245e-02  1.77959046e-02  6.59018613e-03  1.10188662e-02
  8.32926289e-03  1.08037904e-02  7.51411521e-03  3.87730028e-03
  4.01354510e-03  2.80704466e-03  2.10794917e-03  8.61166901e-04
  7.47170359e-04  2.84115442e-04  8.20404680e-05  0.00000000e+00]
