Frame: 98
i_min: 15092, i_max: 15400
x_framed shape: (308,)
x_framed dtype: float64
x_framed:
[-0.00000000e+00 -9.85268411e-05 -3.81339221e-04 -6.99391695e-04
 -1.66942297e-03 -2.16051931e-03 -3.15954187e-03 -6.31244091e-03
 -4.54378732e-03 -1.06337313e-02 -8.23042852e-03 -1.60824514e-02
 -1.27525614e-02 -1.04997374e-02 -2.06039316e-02 -2.38067863e-02
 -2.24231424e-02 -3.08833834e-02 -2.01347842e-02 -3.45035335e-02
 -4.23647335e-02 -4.85896590e-02 -5.71024481e-02 -5.89294152e-02
 -6.07124527e-02 -6.74400904e-02 -7.50852988e-02 -3.96947114e-02
 -9.24915478e-02 -7.87823823e-02 -7.58715726e-02 -7.99802951e-02
 -9.91462967e-02 -1.09047686e-01 -9.92299028e-02 -1.09274168e-01
 -1.28765648e-01 -1.71080199e-01 -1.48319051e-01 -1.76078074e-01
 -1.69286889e-01 -1.53856538e-01 -1.49414650e-01 -1.04274266e-01
 -1.96352711e-01 -1.52603936e-01 -1.77904050e-01 -1.42391302e-01
 -1.79683525e-01 -2.59457863e-01 -3.03073951e-01 -2.12659742e-01
 -2.63072002e-01 -2.95892728e-01 -3.21352103e-01 -2.50234943e-01
 -1.78693726e-01 -3.00119769e-01 -2.46416652e-01 -2.97987579e-01
 -3.85070187e-01 -2.57370838e-01 -3.92615198e-01 -3.22263743e-01
 -3.57309051e-01 -2.72077750e-01 -4.30984232e-01 -3.25066835e-01
 -4.33561186e-01 -4.15699454e-01 -6.94225779e-01 -2.04201348e-01
 -3.47191566e-01 -4.75779521e-01 -5.19057154e-01 -4.68658503e-01
 -3.58187540e-01 -6.26810435e-01 -4.58960973e-01 -2.66975488e-01
 -5.80811723e-01 -4.58768284e-01 -2.31101722e-01 -4.11265765e-01
 -4.75498032e-01 -4.38100953e-01 -5.52150682e-01 -3.54646874e-01
 -5.67782450e-01 -7.70226665e-01 -5.82181105e-01 -6.63802948e-01
 -5.82744744e-01 -5.86905658e-01 -3.97829336e-01 -4.70392124e-01
 -5.35058066e-01 -5.77979510e-01 -7.34015044e-01 -9.03383495e-01
 -5.78527277e-01 -4.83278132e-01 -6.22185198e-01 -6.92134279e-01
 -5.45377683e-01 -6.34288334e-01 -3.62673404e-01 -4.36126071e-01
 -4.82255885e-01 -5.17627301e-01 -8.54283097e-01 -5.39101739e-01
 -5.89584968e-01 -5.54203322e-01 -5.76124371e-01 -5.85617513e-01
 -2.01624126e-01 -6.82373645e-01 -5.08459047e-01 -7.57762478e-01
 -5.37137047e-01 -5.11959487e-01 -6.16454800e-01 -3.81707237e-01
 -8.47175773e-01 -7.77042740e-01 -6.49978694e-01 -5.27004881e-01
 -6.58198872e-01 -4.51364986e-01 -8.18335012e-01 -9.10375911e-01
 -6.35910702e-01 -7.09650251e-01 -5.90682362e-01 -7.00203797e-01
 -7.60515868e-01 -7.08810207e-01 -6.88021281e-01 -7.52536979e-01
 -7.31782943e-01 -7.70212495e-01 -5.20544930e-01 -6.49696293e-01
 -2.39324644e-01 -6.52725143e-01 -7.92181102e-01 -1.48750410e-01
 -5.95766955e-01 -4.78167644e-01 -5.54886278e-01 -5.45857725e-01
 -5.60339374e-01 -8.84767754e-01 -5.87611531e-01 -9.22633288e-01
 -6.89032640e-01 -7.95433377e-01 -5.75322465e-01 -5.76078581e-01
 -5.42776463e-01 -5.77210441e-01 -7.50398424e-01 -6.77144021e-01
 -4.38829991e-01 -4.05395965e-01 -8.36755240e-01 -9.06497532e-01
 -7.43189011e-01 -3.91917824e-01 -3.54273067e-01 -7.63998515e-01
 -5.20069414e-01 -2.21213141e-01 -4.88452574e-01 -2.91287316e-01
 -3.66746379e-01 -7.21754350e-01 -5.79564992e-01 -5.31203503e-01
 -5.12064756e-01 -3.55895304e-01 -4.43604847e-01 -1.04740356e+00
 -7.43306928e-01 -8.92431062e-01 -4.60828014e-01 -4.42748573e-01
 -4.28736323e-01 -6.39329194e-01 -3.47988564e-01 -3.34758959e-01
 -6.64999987e-01 -6.91809299e-01 -4.36942196e-01 -1.32339245e-01
 -1.43173229e-01 -3.23881727e-01 -5.26310683e-01 -2.59803400e-01
 -4.65775296e-01 -5.07133062e-01 -7.11546868e-01 -3.57178820e-01
 -4.60914151e-01 -3.44150393e-01 -6.90861810e-01 -3.19562943e-01
 -6.87267015e-01 -1.75531346e-01 -2.49912592e-01 -3.54661799e-01
 -2.32304808e-01 -4.33779498e-01 -2.85635078e-01 -1.84473422e-01
 -6.79917323e-01 -3.31428259e-01 -2.70807700e-01 -2.85396571e-01
 -7.85929394e-02 -3.81601862e-01 -3.14089238e-01 -4.54979831e-01
 -5.83719085e-02 -2.49600304e-01 -2.63710737e-01 -2.15459863e-01
 -1.37184266e-01 -1.62060124e-01  7.44332863e-02 -1.41116525e-01
 -2.24855720e-01 -2.27241024e-01 -2.04877540e-01 -2.98655113e-01
 -1.54052951e-01 -8.46250168e-02 -1.98532575e-01 -2.08033894e-01
 -1.50186292e-02 -2.43059316e-01 -2.84150708e-01 -2.07334799e-01
 -2.28320427e-01 -8.52835746e-02 -1.32531515e-01 -1.18036403e-01
 -2.47916061e-02 -1.38131792e-01 -4.37225648e-02  2.14632891e-03
 -1.08730708e-01 -3.83438807e-02 -8.81147285e-02 -2.40290045e-02
 -1.46194117e-01 -1.43560148e-01 -7.94258362e-02 -9.76825372e-02
 -7.71314992e-02 -6.10301272e-02 -2.06468540e-02 -6.17126907e-02
 -7.34524430e-02 -5.31445375e-02 -6.39453796e-02 -6.55847604e-02
 -8.23809144e-02 -2.94383983e-02 -4.48380150e-02 -2.18721311e-03
 -6.08672648e-02 -3.60308653e-02  1.81503323e-02 -3.93999118e-02
 -2.29562320e-02 -3.90380172e-02 -3.84529378e-02  1.06870692e-02
 -1.02052543e-02 -9.69834863e-03 -3.21416341e-02 -5.11961022e-03
  4.21279078e-03  3.99760658e-03 -5.30493451e-04 -1.51543989e-02
 -2.76284154e-03  4.13159494e-05 -1.45848969e-02 -9.24156024e-03
  1.36563149e-03  1.23036458e-03 -7.39276212e-03  7.93449520e-04
 -1.04336115e-03  6.13810543e-04 -1.86007435e-03  2.70174805e-04
  4.32888864e-04 -5.65318841e-04 -1.88194298e-04 -3.36288312e-04
  2.48349252e-04 -3.61877192e-05 -2.53797101e-05 -0.00000000e+00]
