Frame: 117
i_min: 18018, i_max: 18326
x_framed shape: (308,)
x_framed dtype: float64
x_framed:
[ 0.00000000e+00  7.65085682e-05  4.10562028e-04  1.32812490e-03
  1.48025956e-03  2.67878360e-03  4.38945949e-03  5.32656834e-03
  6.96505782e-03  7.69594232e-03  9.75954599e-03  9.95342135e-03
  1.72438735e-02  1.11014967e-02  2.39057506e-02  1.62928592e-02
  3.10697684e-02  2.71212909e-02  2.44488105e-02  4.06950372e-02
  4.78804494e-02  4.02403679e-02  5.56003600e-02  2.79334009e-02
  4.17126715e-02  7.85863819e-02  6.38174550e-02  4.42329760e-02
  6.59838537e-02  6.67132468e-02  8.49865806e-02  8.64663155e-02
  1.03195628e-01  1.03925571e-01  1.43163027e-01  1.28221540e-01
  1.36030392e-01  1.62504815e-01  1.26119148e-01  1.05943881e-01
  1.89165403e-01  1.62431147e-01  1.69868663e-01  1.49262830e-01
  1.56200943e-01  2.20432962e-01  2.35018153e-01  2.35676416e-01
  2.45111427e-01  2.43911052e-01  2.31791792e-01  2.24715068e-01
  3.03764246e-01  2.29626253e-01  2.78078807e-01  2.20122597e-01
  2.35407089e-01  2.68163891e-01  2.40563377e-01  3.50701699e-01
  2.18224202e-01  3.22976466e-01  3.34019667e-01  2.02453703e-01
  3.09078905e-01  3.69857367e-01  3.92479974e-01  3.51177333e-01
  4.31787620e-01  3.75547748e-01  3.94521565e-01  4.24136977e-01
  4.94196631e-01  3.56653397e-01  3.81627940e-01  3.71577844e-01
  4.11832088e-01  5.96329651e-01  5.20109226e-01  3.51407590e-01
  4.13991716e-01  5.26794816e-01  3.94104074e-01  4.20826432e-01
  6.65066089e-01  4.47047055e-01  6.40058443e-01  6.86158985e-01
  4.52179741e-01  4.38885995e-01  5.22562290e-01  4.24928487e-01
  5.88339079e-01  5.52569164e-01  6.35602588e-01  7.84869052e-01
  7.14348238e-01  6.76750851e-01  3.35478674e-01  6.85432237e-01
  8.79325194e-01  1.90175088e-01  7.43889871e-01  6.22977355e-01
  5.23160819e-01  7.82921762e-01  9.32118929e-01  7.92949041e-01
  6.16658519e-01  5.29086208e-01  7.10047426e-01  8.35171903e-01
  6.32172842e-01  6.52532155e-01  1.18288474e+00  8.94165763e-01
  9.12285020e-01  4.65448784e-01  5.98997774e-01  7.39519419e-01
  5.52391342e-01  1.01941776e+00  9.90503254e-01  6.43223575e-01
  1.06806885e+00  7.44824673e-01  1.22615052e+00  7.77510440e-01
  8.60479501e-01  1.01774616e+00  9.97942644e-01  8.55473110e-01
  7.33323358e-01  8.59957863e-01  6.05974677e-01  7.93176570e-01
  5.49858237e-01  4.19238453e-01  7.75689491e-01  1.01311633e+00
  9.47974269e-01  7.50179157e-01  1.11067123e+00  6.53206266e-01
  3.85202114e-01  3.31300109e-01  5.28676251e-01  9.25055868e-01
  6.34649430e-01  8.51790284e-01  1.08704515e+00  5.36584229e-01
  8.50219531e-01  8.60249231e-01  5.78069892e-01  1.01858262e+00
  6.87731031e-01  6.65854053e-01  1.16104800e+00  8.40801197e-01
  9.17623865e-01  9.99421569e-01  5.97425812e-01  9.70502964e-01
  6.19878361e-01  6.07745010e-01  6.57577353e-01  5.84823226e-01
  8.63362237e-01  7.50147014e-01  5.97949076e-01  8.19292155e-01
  6.30708730e-01  6.15760653e-01  6.82989599e-01  7.56711621e-01
  7.36986080e-01  5.89078006e-01  8.11019408e-01  6.04817538e-01
  5.18943716e-01  3.63684081e-01  8.09027323e-01  6.24814631e-01
  6.54567684e-01  7.98263689e-01  5.18426873e-01  3.53461738e-01
  6.03042854e-01  6.37964202e-01  5.31897563e-01  8.24147759e-01
  1.39929966e-01  7.46370077e-01  6.82634098e-01  6.18899452e-01
 -1.27513706e-02  7.38047013e-01  3.56134664e-01  4.33433436e-01
  4.80293591e-01  5.63661919e-01  5.91521252e-01  6.21810803e-01
  6.01222108e-01  5.08257026e-01  5.24426143e-01  2.96527387e-01
  3.39959899e-01  5.67877548e-01  5.50536820e-01  5.25759617e-01
  3.47871881e-01  5.33101463e-01  2.49023794e-01  5.36373732e-01
  3.54470056e-01  5.94102385e-01  1.83209264e-01  5.82229233e-01
  3.14536091e-01  3.05708678e-01  3.66169713e-01  2.56040683e-01
  3.20572226e-01  2.39762663e-01  2.37983873e-01  3.58889664e-01
  2.05484690e-01  2.13878254e-01  1.47599844e-01  2.28930262e-01
  3.98034149e-01  1.84811340e-01  1.90225021e-01  2.68480557e-01
  2.11498153e-01  4.29673517e-01  2.17239775e-01  2.51928003e-01
  2.93568295e-01  2.83773225e-01  2.22934898e-01  1.86951361e-01
  3.38922750e-01  1.79622453e-01  1.50439986e-01  1.31808430e-01
  5.75162238e-02  2.14475476e-01  1.49427041e-02  1.51480979e-01
  1.34659268e-01  2.64352356e-01  3.80180463e-02  8.40099595e-02
  1.18520697e-01  1.10794167e-01  8.99481074e-02  1.06915484e-01
  5.18793029e-02  1.15866945e-01  4.96015367e-03  9.12555734e-02
  6.61289046e-02  1.18993179e-01  1.37849657e-01  6.51018597e-02
  1.13689630e-01  5.88085612e-02  3.78064105e-02  1.05910012e-01
  6.99498140e-02  5.38840180e-02  6.56037952e-02  5.30346443e-02
  4.29636317e-02  1.71400469e-02  3.39021878e-02  4.57541390e-02
  3.13442520e-02  4.31275428e-02  3.31491822e-02  1.55431182e-02
  9.37153027e-03  2.00499790e-02  1.48494546e-02  2.04989687e-02
  1.05643154e-02  1.01034850e-02  1.89493004e-02  1.19336654e-02
  6.46618639e-03  8.52724726e-03  1.21078632e-02  7.03425195e-03
  6.64075900e-03  2.66027581e-03  5.14529129e-03  5.77969017e-03
  1.22972108e-03  6.01101157e-04  1.12162789e-03  9.48603526e-04
  3.49339594e-04  7.37551638e-05  3.79819948e-05  0.00000000e+00]
