Frame: 92
i_min: 14168, i_max: 14476
x_framed shape: (308,)
x_framed dtype: float64
x_framed:
[-0.00000000e+00  4.62351038e-05 -9.85066199e-05  2.96848544e-04
  4.45132070e-04  1.05282787e-03 -1.11367930e-03 -7.80525905e-04
  2.13531149e-03 -3.00205674e-03 -3.14372133e-03 -9.85010055e-04
  8.63613771e-04  5.93206658e-03 -3.82031968e-04 -2.42540114e-03
  2.11931776e-03  3.32563801e-03  3.52026397e-03 -7.20462722e-04
 -1.54940045e-02 -7.63923327e-03  1.49107915e-02  2.83901180e-03
 -2.96008115e-03  1.52213429e-02 -1.46772214e-02 -2.35818291e-03
  3.24250273e-03 -6.46192271e-03  2.97109121e-03 -2.47923546e-03
 -2.77384510e-02  5.23897714e-03 -2.95902334e-02  5.40077480e-03
  3.70068085e-02 -6.28038265e-03 -3.22474247e-02 -2.37371134e-03
 -2.48671125e-02  2.12465636e-02 -3.59880369e-03  6.36083597e-02
  4.56368139e-02 -4.44485934e-03  3.10569124e-02 -1.52006541e-02
  3.15527092e-03 -1.50473206e-02  3.84118067e-02  7.28956075e-02
  4.27911287e-02  5.07999908e-02  5.25379714e-02  3.30634873e-02
 -6.53161018e-02  1.04864451e-01  1.14543003e-01 -1.34279202e-02
 -2.29705984e-02  4.34667287e-02  4.03170880e-02 -1.29895651e-02
 -9.11728696e-02  2.48503234e-02  4.46500158e-02  5.97142319e-02
  3.02046407e-02 -2.13559154e-02  8.71602245e-02  7.23399340e-03
 -4.05844669e-02 -1.53130630e-02 -1.63437109e-01 -1.62631287e-02
  6.90649444e-02  3.53989827e-02  1.57171372e-01 -2.63252829e-02
  5.31203286e-02  8.72775920e-02  2.60494309e-01  1.73728658e-02
 -1.18840074e-01  1.00023608e-01  2.22630436e-01 -3.80585023e-02
  1.04182368e-01  1.54202212e-01  1.29762005e-01  1.69439774e-02
 -9.05506940e-02 -1.00697719e-02  6.23957946e-02  1.24609417e-01
  4.68292061e-02 -5.27042761e-02  7.94920577e-02  1.24359664e-01
  5.58458880e-02 -1.22969675e-01 -2.66642627e-02  1.43700971e-01
 -2.11110989e-01 -3.23348508e-01  2.36128391e-01  8.11322514e-02
  9.71760483e-02 -1.73438418e-01  1.20404530e-01  4.55047385e-02
 -2.62864085e-01  2.38856616e-01  2.70005913e-02 -6.73873338e-02
 -6.48598761e-02 -3.49255000e-01  1.03796965e-01  4.62113640e-02
 -3.43411727e-02  2.28520461e-01 -2.48927417e-01 -1.08041212e-01
 -1.54923360e-01 -5.11060171e-02  1.24896844e-02  7.98620319e-02
 -6.47507463e-02 -1.64650493e-01  3.18089896e-01  4.57219282e-01
  2.73019666e-02 -1.44785240e-01  2.83500784e-01 -2.79100906e-01
 -6.48280135e-02 -1.35290417e-01 -2.26120675e-01 -5.47804644e-02
 -1.69556693e-01  2.48973125e-03  5.36050559e-03 -1.22837179e-01
 -7.34045789e-02 -4.58215135e-02  1.61016604e-01 -2.95556000e-02
  1.64416847e-01  1.16911757e-01  1.14155648e-01  2.77381881e-01
 -2.23833343e-01 -9.46447969e-02  3.52636567e-01 -5.14690626e-02
 -5.62678807e-01 -4.05694135e-02  2.68968400e-02 -5.21807085e-01
  2.65559977e-01 -1.41960524e-01  6.51498949e-02 -4.48479185e-02
 -2.54795901e-01 -2.11251940e-01 -1.84088764e-01  2.12886178e-01
 -2.90093482e-02 -1.01933123e-01 -1.81825681e-01  2.31437277e-01
  2.82246268e-01  2.27392435e-01  9.39469254e-02  5.49105126e-02
 -2.30842480e-01 -4.67237549e-02 -1.28731401e-01 -3.41208976e-01
  1.95799184e-01 -1.28906286e-01  2.18905898e-01  1.60216655e-01
  1.00263482e-01  1.09655355e-01 -1.10605403e-01  3.28885834e-01
  6.85021462e-03  5.19739632e-02 -1.13363899e-01 -1.61007188e-01
  8.04668603e-02  3.57989791e-02 -1.33295689e-01 -2.39920956e-01
 -2.10024141e-01  1.93693542e-01 -1.00159569e-01 -5.54055983e-02
  2.27856758e-01 -1.76848292e-01 -1.13883621e-01 -1.19074295e-01
  2.43046038e-01  2.96200931e-01  1.09259676e-01  1.12480908e-01
 -8.53619755e-02  2.74918210e-01  3.56288396e-02  1.16079492e-01
 -1.64413169e-02 -3.81677340e-02  2.18444049e-01  6.83321279e-02
  1.84597740e-01  3.00441259e-02 -1.08268705e-01 -7.40873401e-02
  9.94583912e-03 -7.69885735e-02 -1.31958206e-01  1.35249921e-01
 -6.41414241e-02  1.25484264e-02  2.93853501e-02 -6.55714124e-02
  1.48866953e-01 -1.17506278e-01  2.33207888e-02  2.12190997e-02
 -8.28342273e-03 -1.25483287e-01  7.72841802e-02  6.39827338e-02
 -6.28052738e-02  5.77993965e-02  2.83386854e-02 -1.08501973e-01
 -7.17362441e-02  8.56994597e-02  2.02724738e-02 -4.51819054e-02
 -6.53246360e-02 -3.95388317e-02 -3.36919527e-02 -5.94840324e-02
 -1.15603988e-01  6.80073272e-02  5.55868040e-02 -7.81527271e-02
  4.48943588e-03 -5.29688347e-02 -1.71672255e-02 -2.09540311e-02
 -2.44403815e-02  9.28917578e-02 -2.34549457e-02 -3.90336956e-02
 -3.56702561e-02  3.99565116e-02 -6.81881522e-02 -3.17733734e-02
  4.96718925e-02  5.69641283e-03  3.65231759e-03  6.48898610e-02
  4.84771317e-03 -2.28849088e-02 -1.01652091e-02 -3.18355140e-02
  2.85553015e-02  1.11208806e-02  2.25246422e-02  2.30155874e-02
 -1.00624463e-02 -1.91754975e-02 -2.72165265e-03 -1.56960950e-02
  7.86366558e-04  1.40700362e-02 -3.65104566e-03  3.61589002e-04
 -2.34655205e-03  6.76029392e-03 -7.22840426e-03 -1.92157569e-02
  2.52830808e-03  5.72275801e-03  1.85027799e-03 -4.14765883e-03
 -5.97559834e-03  1.42133659e-03 -2.54193459e-05 -8.32300281e-04
  4.20917464e-03 -2.30455987e-03  2.73142731e-03 -1.76008551e-04
 -2.05102298e-03 -2.62588745e-04  4.11641286e-04 -1.81129277e-04
 -3.11619855e-04 -2.90400324e-05 -2.18352849e-05  0.00000000e+00]
