Frame: 137
temp_s_est shape: (1024,)
temp_s_est dtype: float64
temp_s_est:
[ 3.06001360e-03  3.15502748e-03  3.17494981e-03  3.02723762e-03
  3.20627208e-03  3.20583871e-03  3.26723491e-03  3.39541187e-03
  3.38324303e-03  3.37933564e-03  3.42901295e-03  3.36171690e-03
  3.40930790e-03  3.54735459e-03  3.81095605e-03  3.81477150e-03
  3.79311839e-03  3.80256442e-03  3.91047798e-03  3.77826274e-03
  3.95336363e-03  3.98880184e-03  4.02446834e-03  4.08025958e-03
  4.01731259e-03  3.86541809e-03  3.84284030e-03  3.95564659e-03
  3.96221529e-03  3.99992009e-03  4.04152788e-03  4.14977932e-03
  4.07730936e-03  4.02200114e-03  4.13330405e-03  4.14948696e-03
  4.28621016e-03  4.43890201e-03  4.35229363e-03  4.05050978e-03
  4.13542847e-03  4.05226284e-03  4.10371909e-03  4.07313330e-03
  3.98569829e-03  4.15899675e-03  4.22864291e-03  3.87017567e-03
  3.91304130e-03  3.85178310e-03  4.30840462e-03  4.09993403e-03
  3.97838833e-03  4.21012746e-03  4.03991493e-03  3.77438220e-03
  3.86604651e-03  3.77870233e-03  3.54454727e-03  3.65519602e-03
  3.53962368e-03  3.40606724e-03  3.14166158e-03  3.35975222e-03
  3.67227033e-03  3.39346859e-03  3.38394296e-03  3.31189032e-03
  3.47939289e-03  3.44576010e-03  3.47345596e-03  3.07785599e-03
  3.27925793e-03  3.26737180e-03  2.90868300e-03  2.61795414e-03
  2.47338869e-03  2.49379834e-03  2.65587619e-03  2.45176337e-03
  2.16393373e-03  2.00987386e-03  2.30383468e-03  2.12777460e-03
  1.91013801e-03  1.91978975e-03  2.38117084e-03  2.28915548e-03
  1.97870200e-03  1.82816592e-03  1.40433503e-03  1.36287248e-03
  1.34332528e-03  1.30320654e-03  1.33127584e-03  1.26620703e-03
  9.91406498e-04  4.64867327e-04  2.90704449e-04  7.23514935e-04
  8.99934631e-04  6.90093678e-04  9.53961597e-04  2.50191497e-04
 -8.62939323e-05 -1.22761264e-04 -1.88281658e-04 -1.76792049e-04
 -3.47835131e-04 -5.79601176e-04 -3.51689436e-04 -1.20645128e-03
 -1.34572313e-03 -1.38497628e-03 -1.00614255e-03 -7.76979999e-04
 -5.71151556e-04 -7.97472221e-04 -6.02848716e-04 -1.23995539e-03
 -1.81174386e-03 -1.43606175e-03 -1.36205704e-03 -1.43041585e-03
 -1.76618410e-03 -1.96178221e-03 -2.58514705e-03 -2.85383746e-03
 -2.97744351e-03 -2.72885354e-03 -2.91518580e-03 -2.69183672e-03
 -2.34563284e-03 -3.07751516e-03 -3.22091298e-03 -3.02770737e-03
 -2.90060425e-03 -3.05799558e-03 -2.72821275e-03 -3.02375105e-03
 -2.99585238e-03 -3.51373147e-03 -3.94674135e-03 -4.07307519e-03
 -3.79798040e-03 -3.90906868e-03 -3.85974778e-03 -4.16642989e-03
 -4.22390411e-03 -4.24816087e-03 -4.41101781e-03 -3.99480585e-03
 -4.08480337e-03 -4.18583413e-03 -3.66982348e-03 -4.27295679e-03
 -4.90666673e-03 -4.76510337e-03 -4.73295230e-03 -4.66374023e-03
 -4.96046055e-03 -5.22387856e-03 -5.23962398e-03 -5.11677763e-03
 -4.97575373e-03 -5.26597776e-03 -5.12750174e-03 -4.60247022e-03
 -4.32202039e-03 -4.77620955e-03 -4.65145544e-03 -4.65454475e-03
 -4.62971480e-03 -4.99631845e-03 -4.96558878e-03 -5.20278107e-03
 -5.30169348e-03 -5.27990880e-03 -5.16486638e-03 -5.39484155e-03
 -5.30699780e-03 -5.13119038e-03 -5.07599640e-03 -5.21812581e-03
 -5.46830464e-03 -5.28883347e-03 -4.60963642e-03 -4.71769562e-03
 -4.95723391e-03 -4.93343920e-03 -4.86089924e-03 -4.83548609e-03
 -5.25736861e-03 -4.98300722e-03 -4.77944479e-03 -4.61170303e-03
 -4.67526559e-03 -4.66312259e-03 -5.01111427e-03 -4.89900905e-03
 -4.01838651e-03 -4.43228560e-03 -4.26798929e-03 -4.02594931e-03
 -3.83515613e-03 -4.31151638e-03 -4.51270822e-03 -4.56318328e-03
 -3.90865810e-03 -4.16803756e-03 -4.03815715e-03 -4.09894943e-03
 -4.31546477e-03 -4.03282537e-03 -4.02036880e-03 -3.85808948e-03
 -3.08844841e-03 -3.08906292e-03 -2.93212265e-03 -2.76022038e-03
 -3.01674766e-03 -3.02705774e-03 -2.76453852e-03 -2.59439565e-03
 -2.65618723e-03 -2.59086650e-03 -2.64434938e-03 -2.58012356e-03
 -2.77823305e-03 -2.83834718e-03 -2.60932872e-03 -2.32978589e-03
 -1.72797348e-03 -1.79810544e-03 -1.83977482e-03 -1.90203887e-03
 -1.54103768e-03 -1.69978754e-03 -1.32818093e-03 -8.51181104e-04
 -7.95973262e-04 -8.40885868e-04 -9.51730679e-04 -8.27518375e-04
 -6.58408897e-04 -6.76868180e-04 -5.59130093e-04 -4.84920717e-04
 -3.42749900e-04 -1.10330829e-04  8.30261444e-05 -1.24180573e-04
  1.68122200e-04  2.32681460e-04  5.23532412e-04  6.25297492e-04
  5.91757295e-04  7.63477621e-04  8.22860352e-04  8.32827160e-04
  8.07222739e-04  9.24835563e-04  1.14929616e-03  1.20300876e-03
  1.28822687e-03  1.50408559e-03  1.58546853e-03  1.65566452e-03
  1.97977937e-03  1.96908825e-03  2.10096762e-03  2.20968812e-03
  2.52443342e-03  2.40257554e-03  2.26395854e-03  2.41275231e-03
  2.59459533e-03  2.49057652e-03  2.55796054e-03  2.64438456e-03
  2.83348781e-03  2.94157124e-03  2.89309508e-03  2.88072042e-03
  3.09959846e-03  3.22748787e-03  3.29076635e-03  3.39105601e-03
  3.45995874e-03  3.56070302e-03  3.53798547e-03  3.56409528e-03
  3.62232412e-03  3.63483761e-03  3.77011995e-03  3.88066037e-03
  3.85039671e-03  3.86417331e-03  3.92781632e-03  3.85101616e-03
  3.98070202e-03  4.01650098e-03  4.12044052e-03  4.21030677e-03
  4.35661512e-03  4.16063265e-03  4.11892113e-03  4.10454569e-03
  4.27024992e-03  4.26141579e-03  4.13645016e-03  4.21694304e-03
  4.25544102e-03  4.22683562e-03  4.23161191e-03  4.16376041e-03
  4.25901911e-03  4.36551670e-03  4.41571050e-03  4.35841079e-03
  4.40917158e-03  4.39234959e-03  4.42726518e-03  4.27489876e-03
  4.32560680e-03  4.34902429e-03  4.30674489e-03  4.22876875e-03
  4.13058579e-03  4.14650556e-03  4.10716770e-03  4.08703941e-03
  4.04314806e-03  4.08809772e-03  4.10322158e-03  4.03745184e-03
  4.02310961e-03  3.96651322e-03  3.94493061e-03  3.85366781e-03
  3.92756439e-03  3.85986568e-03  3.79790419e-03  3.74217802e-03
  3.71791249e-03  3.63763052e-03  3.53028343e-03  3.49282408e-03
  3.51535798e-03  3.44978560e-03  3.44650760e-03  3.30879623e-03
  3.26640206e-03  3.21611529e-03  3.17619253e-03  3.05365669e-03
  3.00961117e-03  2.98862475e-03  2.92987866e-03  2.84117718e-03
  2.74664394e-03  2.69353999e-03  2.56690426e-03  2.53951869e-03
  2.49896892e-03  2.47326540e-03  2.46050703e-03  2.32930193e-03
  2.27900185e-03  2.14893849e-03  2.16790215e-03  2.06199395e-03
  2.01537854e-03  1.92450731e-03  1.82533283e-03  1.71014201e-03
  1.64935981e-03  1.58009397e-03  1.46436492e-03  1.37946556e-03
  1.29308591e-03  1.28227730e-03  1.22091141e-03  1.15729491e-03
  1.07245290e-03  9.69131582e-04  9.46833797e-04  8.47835494e-04
  7.89092834e-04  7.20632400e-04  6.53247454e-04  5.40166836e-04
  4.52468428e-04  4.01002070e-04  3.20142970e-04  2.30406823e-04
  1.70433904e-04  1.20393732e-04  5.07230543e-05 -2.03317660e-05
 -6.57222108e-05 -1.69241395e-04 -2.35838482e-04 -3.19837506e-04
 -3.67812921e-04 -4.30423547e-04 -4.78648352e-04 -5.79550893e-04
 -6.31463202e-04 -6.87918454e-04 -7.61508219e-04 -8.63828427e-04
 -9.21577600e-04 -9.33781580e-04 -9.68349992e-04 -1.03992381e-03
 -1.10719584e-03 -1.20153606e-03 -1.24278067e-03 -1.26108653e-03
 -1.31766428e-03 -1.39027165e-03 -1.40486313e-03 -1.47149928e-03
 -1.55435935e-03 -1.60617363e-03 -1.66947891e-03 -1.68455647e-03
 -1.74289615e-03 -1.75954883e-03 -1.80081787e-03 -1.85927795e-03
 -1.87422762e-03 -1.92105848e-03 -1.95958355e-03 -1.98716111e-03
 -1.99373890e-03 -2.04173345e-03 -2.06065279e-03 -2.14402752e-03
 -2.18877638e-03 -2.22174664e-03 -2.21796561e-03 -2.28009235e-03
 -2.30737595e-03 -2.30999161e-03 -2.32369417e-03 -2.34941193e-03
 -2.40287611e-03 -2.38625266e-03 -2.37906990e-03 -2.37709087e-03
 -2.39429977e-03 -2.42913778e-03 -2.42653787e-03 -2.43070560e-03
 -2.46348952e-03 -2.48658346e-03 -2.48328068e-03 -2.49503048e-03
 -2.50915607e-03 -2.53354526e-03 -2.53566194e-03 -2.54895292e-03
 -2.55287143e-03 -2.53468939e-03 -2.54533573e-03 -2.54964268e-03
 -2.51974990e-03 -2.50823567e-03 -2.50119957e-03 -2.50490059e-03
 -2.48960904e-03 -2.47371365e-03 -2.46959997e-03 -2.48421728e-03
 -2.47287300e-03 -2.46976058e-03 -2.42963444e-03 -2.42793977e-03
 -2.43110709e-03 -2.39519289e-03 -2.38617580e-03 -2.37503547e-03
 -2.35436223e-03 -2.33928631e-03 -2.30499099e-03 -2.26671838e-03
 -2.26356378e-03 -2.27737384e-03 -2.26353850e-03 -2.21929565e-03
 -2.19064659e-03 -2.19576787e-03 -2.15758916e-03 -2.11347839e-03
 -2.10521357e-03 -2.10159891e-03 -2.06407559e-03 -2.01767394e-03
 -1.97669809e-03 -1.93253651e-03 -1.92354646e-03 -1.89452851e-03
 -1.85658957e-03 -1.85032091e-03 -1.79904770e-03 -1.79300817e-03
 -1.74938658e-03 -1.71160679e-03 -1.68546740e-03 -1.68224465e-03
 -1.66433113e-03 -1.64620278e-03 -1.57218754e-03 -1.54267987e-03
 -1.52398610e-03 -1.46243676e-03 -1.44701366e-03 -1.40706396e-03
 -1.39060368e-03 -1.36288543e-03 -1.30622383e-03 -1.25111078e-03
 -1.22073668e-03 -1.20694155e-03 -1.17929087e-03 -1.14334689e-03
 -1.10893671e-03 -1.09881172e-03 -1.03968848e-03 -9.85825795e-04
 -9.48885317e-04 -9.22662506e-04 -9.07826169e-04 -8.81082698e-04
 -8.39641746e-04 -7.89909202e-04 -7.57809029e-04 -7.50417457e-04
 -7.01107443e-04 -6.73636169e-04 -6.47272649e-04 -6.40476702e-04
 -6.00620618e-04 -5.52987074e-04 -5.16663179e-04 -4.90940517e-04
 -4.56897488e-04 -4.27405952e-04 -3.89322126e-04 -3.52269712e-04
 -3.26406902e-04 -2.78065631e-04 -2.49902878e-04 -2.12879571e-04
 -1.89596889e-04 -1.86453078e-04 -1.53694902e-04 -1.15647237e-04
 -7.62360120e-05 -7.98490403e-05 -5.92189583e-05 -1.23522784e-05
  7.75324315e-06  1.69918041e-05  4.19403081e-05  8.16667524e-05
  1.08926223e-04  1.31421443e-04  1.51247489e-04  1.77357453e-04
  2.02248019e-04  2.24734005e-04  2.56522989e-04  2.68707849e-04
  3.09347643e-04  3.31153437e-04  3.55518695e-04  3.70006142e-04
  3.92287502e-04  4.14553307e-04  4.38767905e-04  4.51630531e-04
  4.51325621e-04  4.74365010e-04  4.93403717e-04  5.22067093e-04
  5.19011535e-04  5.28953162e-04  5.43408767e-04  5.65784853e-04
  5.78852901e-04  5.84947903e-04  6.09086054e-04  6.31439484e-04
  6.59791699e-04  6.50707277e-04  6.55246282e-04  6.84223408e-04
  7.06250752e-04  7.13352579e-04  7.21948654e-04  7.33926288e-04
  7.56216809e-04  7.59107735e-04  7.58145368e-04  7.58697995e-04
  7.76860032e-04  7.99523851e-04  8.05729850e-04  7.88436636e-04
  8.05382048e-04  8.17356228e-04  8.16213445e-04  8.21667336e-04
  8.27855359e-04  8.43529443e-04  8.45530973e-04  8.50056938e-04
  8.40319206e-04  8.45299273e-04  8.46789980e-04  8.63735229e-04
  8.74396695e-04  8.77231527e-04  8.82121640e-04  8.79903140e-04
  8.94804034e-04  8.83905061e-04  8.87233807e-04  9.02868807e-04
  9.24457838e-04  9.09261737e-04  8.89548474e-04  8.89310423e-04
  8.91330094e-04  8.91978808e-04  8.92189622e-04  8.94278709e-04
  8.92805646e-04  8.98181869e-04  8.97376530e-04  8.79313783e-04
  8.81201851e-04  8.86979551e-04  9.05003909e-04  8.93543654e-04
  8.95418452e-04  8.97145797e-04  8.93905813e-04  8.94954803e-04
  8.88747516e-04  8.92216935e-04  8.91205213e-04  8.95701683e-04
  8.86900384e-04  8.85023272e-04  8.77218425e-04  8.80692874e-04
  8.81465077e-04  8.76538886e-04  8.75637026e-04  8.66353698e-04
  8.80390621e-04  8.73410779e-04  8.60954522e-04  8.53876196e-04
  8.62267692e-04  8.60380758e-04  8.54764610e-04  8.48894615e-04
  8.43175899e-04  8.40546323e-04  8.43590563e-04  8.42829689e-04
  8.43994020e-04  8.45611956e-04  8.56474631e-04  8.46008863e-04
  8.53243723e-04  8.57579704e-04  8.51152233e-04  8.44109860e-04
  8.39791125e-04  8.42128035e-04  8.32284288e-04  8.39196279e-04
  8.34927595e-04  8.28210036e-04  8.10267777e-04  8.14145996e-04
  8.18750945e-04  8.19777811e-04  8.22338323e-04  8.19768495e-04
  8.31061829e-04  8.21338764e-04  8.19912658e-04  8.05458996e-04
  8.26327843e-04  8.32033375e-04  8.31256176e-04  8.30967776e-04
  8.28259207e-04  8.24941313e-04  8.16465752e-04  8.14687331e-04
  8.14193341e-04  8.27278135e-04  8.37172569e-04  8.26803660e-04
  8.11758002e-04  8.12312943e-04  8.32076725e-04  8.17787666e-04
  8.13016813e-04  8.25412982e-04  8.29559574e-04  8.20173206e-04
  8.02728542e-04  8.01192699e-04  8.00689503e-04  8.08682620e-04
  8.15890066e-04  8.25905171e-04  8.16458616e-04  8.16233114e-04
  8.11511157e-04  8.12615844e-04  8.26883790e-04  8.23115454e-04
  8.44766829e-04  8.42449146e-04  8.28561586e-04  8.04954900e-04
  8.08880025e-04  8.18277823e-04  8.16007299e-04  8.10353734e-04
  8.17991251e-04  8.15873453e-04  8.06166005e-04  7.93028675e-04
  7.77816241e-04  7.84031396e-04  8.05609311e-04  8.02842480e-04
  7.85077950e-04  7.71690842e-04  7.83327313e-04  7.74816964e-04
  7.67321760e-04  7.76873892e-04  7.77866559e-04  7.88661564e-04
  7.74525120e-04  7.65071003e-04  7.49103944e-04  7.57801296e-04
  7.65344249e-04  7.51303047e-04  7.34484116e-04  7.35811115e-04
  7.32458690e-04  7.04874226e-04  7.04036734e-04  6.75336391e-04
  6.95387328e-04  6.85009529e-04  6.67613876e-04  6.54405978e-04
  6.34756793e-04  6.33657001e-04  6.36311946e-04  6.28107317e-04
  6.22382399e-04  6.19196463e-04  6.09989667e-04  6.10227291e-04
  5.68116473e-04  5.54131050e-04  5.77788356e-04  5.56314068e-04
  5.31205854e-04  5.08514597e-04  5.08827225e-04  4.91549290e-04
  4.56566267e-04  4.50027860e-04  4.46057790e-04  4.31079503e-04
  4.09095457e-04  3.89130748e-04  3.59593525e-04  3.39932138e-04
  3.47111333e-04  3.15916705e-04  2.94094090e-04  2.61625995e-04
  2.50944635e-04  2.30890492e-04  2.16433158e-04  1.89861314e-04
  1.92354441e-04  1.81670679e-04  1.57043686e-04  1.17529165e-04
  9.08607762e-05  1.00518120e-04  7.33245492e-05  3.77363367e-05
  1.83973538e-05 -1.19399267e-05 -3.45991411e-05 -6.87250308e-05
 -1.18207039e-04 -1.55151657e-04 -1.44857433e-04 -1.63465016e-04
 -2.00258718e-04 -2.47492258e-04 -2.68434158e-04 -2.78196052e-04
 -3.22963085e-04 -3.27905926e-04 -3.52750079e-04 -3.69722833e-04
 -3.79331990e-04 -4.45907350e-04 -4.90381605e-04 -5.09913872e-04
 -5.17462764e-04 -5.56373964e-04 -5.91377755e-04 -6.28743201e-04
 -6.36635855e-04 -7.00100525e-04 -7.18362647e-04 -7.53763242e-04
 -7.72204326e-04 -7.73391294e-04 -8.01358753e-04 -8.57260816e-04
 -9.11587414e-04 -9.40578980e-04 -9.72602929e-04 -9.87217343e-04
 -1.03237526e-03 -1.07712023e-03 -1.08608264e-03 -1.11892479e-03
 -1.17849149e-03 -1.23140032e-03 -1.23522010e-03 -1.21778464e-03
 -1.25520963e-03 -1.29931881e-03 -1.29639228e-03 -1.33560636e-03
 -1.38594588e-03 -1.40501734e-03 -1.44014519e-03 -1.46428283e-03
 -1.46519072e-03 -1.52795977e-03 -1.58006888e-03 -1.63501786e-03
 -1.65538885e-03 -1.67630122e-03 -1.71038135e-03 -1.74698655e-03
 -1.74725893e-03 -1.79301935e-03 -1.80296663e-03 -1.82622295e-03
 -1.87798174e-03 -1.85281705e-03 -1.87995563e-03 -1.91418939e-03
 -1.92326228e-03 -1.95996273e-03 -1.98905335e-03 -2.01219787e-03
 -2.03537156e-03 -2.07153096e-03 -2.09022536e-03 -2.10029641e-03
 -2.11006955e-03 -2.16513647e-03 -2.17126150e-03 -2.16891124e-03
 -2.19673564e-03 -2.21053321e-03 -2.21866684e-03 -2.23056773e-03
 -2.25077853e-03 -2.26527394e-03 -2.30257966e-03 -2.32040461e-03
 -2.29754057e-03 -2.33392962e-03 -2.34551798e-03 -2.36913435e-03
 -2.33230548e-03 -2.36768358e-03 -2.36627955e-03 -2.35971184e-03
 -2.35455661e-03 -2.36385593e-03 -2.34691226e-03 -2.33872099e-03
 -2.34682189e-03 -2.34643701e-03 -2.36853297e-03 -2.38077766e-03
 -2.39870015e-03 -2.37676194e-03 -2.38463741e-03 -2.38303597e-03
 -2.36432044e-03 -2.37071946e-03 -2.35224495e-03 -2.32575414e-03
 -2.29671880e-03 -2.30643943e-03 -2.25057003e-03 -2.21605456e-03
 -2.22053713e-03 -2.22067827e-03 -2.19006481e-03 -2.18721909e-03
 -2.17293796e-03 -2.17861408e-03 -2.14629797e-03 -2.16125446e-03
 -2.07339110e-03 -2.05971391e-03 -2.06284078e-03 -2.05590116e-03
 -1.97678978e-03 -1.95485605e-03 -1.89050490e-03 -1.83273004e-03
 -1.80925849e-03 -1.78244623e-03 -1.77332284e-03 -1.71649349e-03
 -1.69133271e-03 -1.63355416e-03 -1.61150257e-03 -1.61773172e-03
 -1.56955345e-03 -1.51983087e-03 -1.47633402e-03 -1.45420229e-03
 -1.33124540e-03 -1.35848396e-03 -1.27718848e-03 -1.20781523e-03
 -1.14537435e-03 -1.09979785e-03 -1.05958023e-03 -9.64142890e-04
 -9.67207908e-04 -9.26297012e-04 -8.49848985e-04 -8.19300441e-04
 -7.34424669e-04 -6.82571823e-04 -6.30913127e-04 -6.10881686e-04
 -5.00298078e-04 -4.68213771e-04 -3.42633093e-04 -2.96731809e-04
 -1.65598027e-04 -1.92771815e-04 -1.59900147e-04 -2.41086437e-05
  3.99333023e-05  6.45126242e-05  1.03515946e-04  1.69236511e-04
  2.60262572e-04  3.53347746e-04  4.10713831e-04  4.46983912e-04
  5.66731370e-04  6.26286704e-04  7.20304592e-04  7.59540679e-04
  9.01573135e-04  9.93924136e-04  1.00666529e-03  1.04677577e-03
  1.16779002e-03  1.22237082e-03  1.29934960e-03  1.28322993e-03
  1.31332072e-03  1.42507628e-03  1.59053236e-03  1.52396082e-03
  1.60524390e-03  1.67990291e-03  1.80222803e-03  1.87016476e-03
  2.02031802e-03  2.13703581e-03  2.10685852e-03  2.14565729e-03
  2.32215690e-03  2.33946843e-03  2.28778517e-03  2.47269647e-03
  2.52998882e-03  2.57364582e-03  2.62726403e-03  2.56745724e-03
  2.72377583e-03  2.74978742e-03  2.84673428e-03  2.92089579e-03]
