Frame: 102
temp_s_est shape: (1024,)
temp_s_est dtype: float64
temp_s_est:
[-6.69933843e-02 -6.69021774e-02 -6.73386873e-02 -6.74352188e-02
 -6.73890978e-02 -6.75268479e-02 -6.77032956e-02 -6.74376259e-02
 -6.74473912e-02 -6.75934143e-02 -6.73321193e-02 -6.71623651e-02
 -6.71736016e-02 -6.68412572e-02 -6.66625900e-02 -6.63392612e-02
 -6.61627231e-02 -6.58019848e-02 -6.55920471e-02 -6.52619049e-02
 -6.46309273e-02 -6.43525046e-02 -6.38892869e-02 -6.29468529e-02
 -6.26604543e-02 -6.22991818e-02 -6.12431878e-02 -6.06531896e-02
 -6.02078462e-02 -5.92479678e-02 -5.86894104e-02 -5.82935382e-02
 -5.71935565e-02 -5.64345239e-02 -5.55467872e-02 -5.46178753e-02
 -5.35098429e-02 -5.26911698e-02 -5.17538611e-02 -5.07266913e-02
 -4.95427009e-02 -4.87920230e-02 -4.73889684e-02 -4.62962681e-02
 -4.51794774e-02 -4.40599995e-02 -4.28574022e-02 -4.19253043e-02
 -4.03800893e-02 -3.89899600e-02 -3.78099727e-02 -3.64156694e-02
 -3.51710335e-02 -3.38583109e-02 -3.23547559e-02 -3.07968067e-02
 -2.95118687e-02 -2.79563438e-02 -2.67996751e-02 -2.54164257e-02
 -2.38984152e-02 -2.23015553e-02 -2.06688334e-02 -1.90173924e-02
 -1.77116704e-02 -1.55115253e-02 -1.42725841e-02 -1.30877687e-02
 -1.08698740e-02 -9.51601753e-03 -8.16084209e-03 -6.20721534e-03
 -4.51897814e-03 -3.35407810e-03 -1.14137902e-03  3.01420060e-04
  2.22469978e-03  3.76357790e-03  5.29102348e-03  7.16338407e-03
  8.38951844e-03  1.01635778e-02  1.28020570e-02  1.33592845e-02
  1.52023019e-02  1.74473792e-02  1.87090976e-02  2.05451692e-02
  2.24617546e-02  2.39769588e-02  2.50895591e-02  2.78562988e-02
  2.83730217e-02  3.06764854e-02  3.27326047e-02  3.36178091e-02
  3.48292479e-02  3.73003691e-02  3.81029591e-02  3.98779709e-02
  4.18443601e-02  4.33797226e-02  4.37422500e-02  4.63539004e-02
  4.75082094e-02  4.86447931e-02  5.05994682e-02  5.21614762e-02
  5.38095178e-02  5.37443852e-02  5.64445343e-02  5.73578230e-02
  5.81844668e-02  6.01455249e-02  6.12314248e-02  6.14263711e-02
  6.37957984e-02  6.41207704e-02  6.55206846e-02  6.64130489e-02
  6.85323894e-02  6.85172810e-02  7.00151777e-02  7.15269455e-02
  7.15837633e-02  7.22663866e-02  7.30849807e-02  7.45810132e-02
  7.50038913e-02  7.68053696e-02  7.68980047e-02  7.66803758e-02
  7.78008370e-02  7.83894755e-02  7.87403476e-02  8.13677247e-02
  8.05407618e-02  8.09874120e-02  8.06787141e-02  8.22757184e-02
  8.21558312e-02  8.27741037e-02  8.33982210e-02  8.19549680e-02
  8.22735935e-02  8.23994305e-02  8.30647882e-02  8.34057332e-02
  8.32118522e-02  8.41054784e-02  8.38292035e-02  8.30938074e-02
  8.42885931e-02  8.34100336e-02  8.28252860e-02  8.16636638e-02
  8.23252966e-02  8.13833593e-02  8.17911521e-02  8.14628094e-02
  8.03949527e-02  8.06046441e-02  7.93937002e-02  7.94906947e-02
  7.88858844e-02  7.84072765e-02  7.79158899e-02  7.62912648e-02
  7.58802727e-02  7.57505319e-02  7.41884620e-02  7.44503516e-02
  7.25749257e-02  7.16990021e-02  7.05227956e-02  7.05689617e-02
  6.89298915e-02  6.81714643e-02  6.80154408e-02  6.56279573e-02
  6.51570338e-02  6.46375594e-02  6.29849801e-02  6.13432274e-02
  6.01758271e-02  5.85818361e-02  5.72725431e-02  5.63289763e-02
  5.60890565e-02  5.30581277e-02  5.22108288e-02  5.05795795e-02
  4.98393625e-02  4.80727843e-02  4.76133452e-02  4.57009390e-02
  4.29143133e-02  4.22558713e-02  4.09319447e-02  3.90245719e-02
  3.84807059e-02  3.60424014e-02  3.39660935e-02  3.28351888e-02
  3.11711082e-02  2.95104388e-02  2.82935642e-02  2.70038357e-02
  2.40757555e-02  2.32887922e-02  2.13891462e-02  1.97324760e-02
  1.83859029e-02  1.67054776e-02  1.51671459e-02  1.32553818e-02
  1.19285786e-02  9.99883028e-03  7.68892793e-03  6.71723605e-03
  4.99214834e-03  3.04746487e-03  1.52017358e-03  2.09141592e-04
 -1.51531002e-03 -3.51130271e-03 -4.44159514e-03 -6.40343161e-03
 -8.24620236e-03 -9.65004289e-03 -1.15827764e-02 -1.34059627e-02
 -1.48316105e-02 -1.59645675e-02 -1.77410923e-02 -1.88852148e-02
 -2.04171719e-02 -2.22993492e-02 -2.35879777e-02 -2.51185446e-02
 -2.68086311e-02 -2.77996909e-02 -2.94217977e-02 -3.09120451e-02
 -3.24582261e-02 -3.32517413e-02 -3.48419980e-02 -3.61771749e-02
 -3.74198767e-02 -3.88732825e-02 -4.00911245e-02 -4.13685669e-02
 -4.24656367e-02 -4.34948278e-02 -4.49667143e-02 -4.58143741e-02
 -4.68479598e-02 -4.80663260e-02 -4.89112918e-02 -4.99032774e-02
 -5.12496322e-02 -5.19653163e-02 -5.25383143e-02 -5.40106667e-02
 -5.45544728e-02 -5.51235181e-02 -5.64201888e-02 -5.71114249e-02
 -5.77392120e-02 -5.86692568e-02 -5.94082029e-02 -5.99104392e-02
 -6.04880779e-02 -6.10757917e-02 -6.14836262e-02 -6.22292382e-02
 -6.27685085e-02 -6.30839521e-02 -6.34633699e-02 -6.39051871e-02
 -6.43397014e-02 -6.46983428e-02 -6.51664990e-02 -6.53805535e-02
 -6.53778992e-02 -6.57604960e-02 -6.59573833e-02 -6.59195118e-02
 -6.61470989e-02 -6.64637763e-02 -6.61933842e-02 -6.61940466e-02
 -6.64943437e-02 -6.62659379e-02 -6.62517702e-02 -6.62855565e-02
 -6.61842625e-02 -6.59473328e-02 -6.58141217e-02 -6.55263571e-02
 -6.51446968e-02 -6.49378628e-02 -6.47960154e-02 -6.43050442e-02
 -6.39497195e-02 -6.36928796e-02 -6.32003043e-02 -6.27040800e-02
 -6.24662794e-02 -6.19265910e-02 -6.13082161e-02 -6.09485230e-02
 -6.02762887e-02 -5.96988638e-02 -5.92382795e-02 -5.86165469e-02
 -5.78391987e-02 -5.73339124e-02 -5.65768634e-02 -5.57421960e-02
 -5.50799623e-02 -5.44114259e-02 -5.35207232e-02 -5.28119255e-02
 -5.20706759e-02 -5.12238244e-02 -5.03754703e-02 -4.95793189e-02
 -4.87523979e-02 -4.77749496e-02 -4.68906200e-02 -4.60522545e-02
 -4.50611200e-02 -4.41019371e-02 -4.33236925e-02 -4.22795523e-02
 -4.11948530e-02 -4.03756728e-02 -3.93122658e-02 -3.82911754e-02
 -3.73745131e-02 -3.63009658e-02 -3.51697721e-02 -3.43007414e-02
 -3.32120327e-02 -3.21228039e-02 -3.11404973e-02 -3.00705324e-02
 -2.88667899e-02 -2.79054742e-02 -2.67874189e-02 -2.57564591e-02
 -2.46692507e-02 -2.36443784e-02 -2.25063725e-02 -2.14813348e-02
 -2.04440203e-02 -1.92758244e-02 -1.81830981e-02 -1.71184635e-02
 -1.60893187e-02 -1.49544160e-02 -1.38990444e-02 -1.28993385e-02
 -1.17251628e-02 -1.06179171e-02 -9.71255468e-03 -8.58126910e-03
 -7.50385375e-03 -6.47952889e-03 -5.44875903e-03 -4.29769482e-03
 -3.42881494e-03 -2.44168265e-03 -1.35892429e-03 -4.15681962e-04
  6.33673507e-04  1.65796746e-03  2.59817940e-03  3.54937696e-03
  4.49966123e-03  5.43161975e-03  6.38498067e-03  7.34664224e-03
  8.21301623e-03  9.08938223e-03  1.00108379e-02  1.08354659e-02
  1.17840031e-02  1.26388348e-02  1.34650317e-02  1.43143859e-02
  1.50619634e-02  1.58987115e-02  1.66565059e-02  1.74647786e-02
  1.82076667e-02  1.89644066e-02  1.96166807e-02  2.03579238e-02
  2.11056282e-02  2.17257421e-02  2.23678551e-02  2.31481470e-02
  2.36846351e-02  2.43345450e-02  2.49765276e-02  2.55798395e-02
  2.61046955e-02  2.66692038e-02  2.72471315e-02  2.77330443e-02
  2.82804483e-02  2.87430245e-02  2.92367620e-02  2.96829278e-02
  3.01468060e-02  3.06220678e-02  3.09978543e-02  3.13911618e-02
  3.17970369e-02  3.20863988e-02  3.25087857e-02  3.28132438e-02
  3.31622951e-02  3.34559822e-02  3.37057589e-02  3.40060598e-02
  3.42606417e-02  3.45387331e-02  3.47134507e-02  3.49774458e-02
  3.51153992e-02  3.52909412e-02  3.54844510e-02  3.56400366e-02
  3.57469078e-02  3.58772588e-02  3.59428538e-02  3.60536890e-02
  3.60650626e-02  3.62209533e-02  3.62443816e-02  3.62622411e-02
  3.62738394e-02  3.62884218e-02  3.62593353e-02  3.62035365e-02
  3.62525490e-02  3.61736920e-02  3.60978578e-02  3.60354479e-02
  3.59229953e-02  3.58366721e-02  3.57421430e-02  3.56022452e-02
  3.55186571e-02  3.53080090e-02  3.51654959e-02  3.49808798e-02
  3.48262064e-02  3.46130389e-02  3.44562394e-02  3.42632944e-02
  3.39890622e-02  3.37772116e-02  3.35274171e-02  3.32706083e-02
  3.30064771e-02  3.27472376e-02  3.25067941e-02  3.21943971e-02
  3.18860170e-02  3.16224715e-02  3.12953544e-02  3.10054907e-02
  3.06775801e-02  3.03682816e-02  3.00027756e-02  2.96578208e-02
  2.93007945e-02  2.89375925e-02  2.85952757e-02  2.82095788e-02
  2.78460149e-02  2.74496380e-02  2.70654443e-02  2.66961672e-02
  2.62959639e-02  2.59097359e-02  2.55403074e-02  2.51248313e-02
  2.47246687e-02  2.42702917e-02  2.39041931e-02  2.34353541e-02
  2.30161183e-02  2.26039772e-02  2.21635143e-02  2.17177255e-02
  2.13045154e-02  2.08814119e-02  2.04510187e-02  2.00098649e-02
  1.96021207e-02  1.91225728e-02  1.86886568e-02  1.82452131e-02
  1.77986949e-02  1.73592374e-02  1.68757893e-02  1.64266732e-02
  1.60026029e-02  1.55600673e-02  1.50915842e-02  1.47025823e-02
  1.42450095e-02  1.37831945e-02  1.33461811e-02  1.29080472e-02
  1.24494840e-02  1.20297463e-02  1.15569112e-02  1.11475976e-02
  1.06641545e-02  1.02394482e-02  9.81069857e-03  9.35990600e-03
  8.95236463e-03  8.54064041e-03  8.08396595e-03  7.66409989e-03
  7.24006222e-03  6.83400838e-03  6.42342328e-03  6.01537127e-03
  5.61509139e-03  5.18469720e-03  4.79026817e-03  4.34750734e-03
  3.98445706e-03  3.56927884e-03  3.16511103e-03  2.77195000e-03
  2.41104240e-03  2.00049002e-03  1.64994985e-03  1.27784194e-03
  9.05652473e-04  5.35372143e-04  1.79615594e-04 -2.03484989e-04
 -5.54419109e-04 -9.17409662e-04 -1.27693032e-03 -1.61089282e-03
 -1.98825492e-03 -2.28548951e-03 -2.63418486e-03 -2.95660991e-03
 -3.28739007e-03 -3.60048499e-03 -3.93107283e-03 -4.21642094e-03
 -4.56273423e-03 -4.83902455e-03 -5.16311643e-03 -5.45008311e-03
 -5.77503637e-03 -6.04892949e-03 -6.34241234e-03 -6.62492813e-03
 -6.89781739e-03 -7.19040281e-03 -7.44061635e-03 -7.68902024e-03
 -7.94896245e-03 -8.22552668e-03 -8.45228771e-03 -8.72300133e-03
 -8.96741163e-03 -9.20709468e-03 -9.42278206e-03 -9.70022089e-03
 -9.90687276e-03 -1.01602969e-02 -1.03562609e-02 -1.05703857e-02
 -1.07703933e-02 -1.09763586e-02 -1.12024138e-02 -1.14025517e-02
 -1.15993277e-02 -1.17782421e-02 -1.19754340e-02 -1.21659530e-02
 -1.23537559e-02 -1.25297704e-02 -1.27225838e-02 -1.28536208e-02
 -1.30478674e-02 -1.31824767e-02 -1.33815634e-02 -1.35239972e-02
 -1.36916618e-02 -1.38275607e-02 -1.39896056e-02 -1.41204874e-02
 -1.42592823e-02 -1.44143501e-02 -1.45402473e-02 -1.46614486e-02
 -1.47898411e-02 -1.49139511e-02 -1.50400553e-02 -1.51736518e-02
 -1.52691971e-02 -1.54012131e-02 -1.54893213e-02 -1.56277027e-02
 -1.56980641e-02 -1.58251275e-02 -1.58967538e-02 -1.60057029e-02
 -1.60777791e-02 -1.61831753e-02 -1.62676776e-02 -1.63632331e-02
 -1.64162162e-02 -1.65144498e-02 -1.65698194e-02 -1.66749647e-02
 -1.67505276e-02 -1.68156035e-02 -1.68720491e-02 -1.69353434e-02
 -1.69977861e-02 -1.70360817e-02 -1.71128490e-02 -1.71573703e-02
 -1.72055561e-02 -1.72550752e-02 -1.73030094e-02 -1.73439047e-02
 -1.74075641e-02 -1.74384591e-02 -1.74807505e-02 -1.75082902e-02
 -1.75609896e-02 -1.75704183e-02 -1.76126379e-02 -1.76203673e-02
 -1.76472868e-02 -1.76711437e-02 -1.76951930e-02 -1.77210968e-02
 -1.77337950e-02 -1.77499073e-02 -1.77568045e-02 -1.77544401e-02
 -1.77708513e-02 -1.77909344e-02 -1.77887119e-02 -1.77849065e-02
 -1.77776955e-02 -1.77824524e-02 -1.77545570e-02 -1.77690155e-02
 -1.77572323e-02 -1.77504680e-02 -1.77232028e-02 -1.77092643e-02
 -1.76821377e-02 -1.76664968e-02 -1.76500317e-02 -1.76104369e-02
 -1.75952166e-02 -1.75747910e-02 -1.75336302e-02 -1.75048603e-02
 -1.74716973e-02 -1.74164742e-02 -1.73819909e-02 -1.73279607e-02
 -1.73024941e-02 -1.72192230e-02 -1.72035756e-02 -1.71147081e-02
 -1.70732780e-02 -1.70186588e-02 -1.69769818e-02 -1.68973238e-02
 -1.68369024e-02 -1.67487504e-02 -1.66947198e-02 -1.66059062e-02
 -1.65398320e-02 -1.64589808e-02 -1.63786147e-02 -1.62813063e-02
 -1.61942538e-02 -1.61042058e-02 -1.60037827e-02 -1.59419290e-02
 -1.57971062e-02 -1.57214446e-02 -1.55990054e-02 -1.55052152e-02
 -1.53897736e-02 -1.52867090e-02 -1.51500312e-02 -1.50419261e-02
 -1.48863823e-02 -1.47875149e-02 -1.46276918e-02 -1.45255889e-02
 -1.43667459e-02 -1.42309636e-02 -1.40896424e-02 -1.39377550e-02
 -1.38147348e-02 -1.36382613e-02 -1.34742154e-02 -1.32933221e-02
 -1.31493767e-02 -1.29661328e-02 -1.28076848e-02 -1.26175371e-02
 -1.24548837e-02 -1.22440893e-02 -1.20721024e-02 -1.18658780e-02
 -1.17087829e-02 -1.14658518e-02 -1.12755003e-02 -1.10397422e-02
 -1.08456635e-02 -1.06187702e-02 -1.03952187e-02 -1.02065323e-02
 -9.94530648e-03 -9.71896442e-03 -9.50494804e-03 -9.24146977e-03
 -8.99560524e-03 -8.77079207e-03 -8.47206191e-03 -8.23175450e-03
 -7.95568331e-03 -7.70593156e-03 -7.41168346e-03 -7.15687355e-03
 -6.85248416e-03 -6.59854427e-03 -6.30810310e-03 -6.01671860e-03
 -5.73899560e-03 -5.43031199e-03 -5.10576985e-03 -4.79190882e-03
 -4.48483814e-03 -4.17492351e-03 -3.85281625e-03 -3.51329682e-03
 -3.18305436e-03 -2.83219319e-03 -2.51797824e-03 -2.17348719e-03
 -1.86197530e-03 -1.47706651e-03 -1.15286468e-03 -7.81344355e-04
 -3.90101931e-04 -5.56707949e-05  3.15697412e-04  7.26383350e-04
  1.09015277e-03  1.48873949e-03  1.86908448e-03  2.23455742e-03
  2.64062304e-03  3.03017237e-03  3.42371680e-03  3.80871129e-03
  4.23779847e-03  4.61821673e-03  5.05563762e-03  5.45497878e-03
  5.89545874e-03  6.31747110e-03  6.75274067e-03  7.16080700e-03
  7.59812964e-03  8.03025110e-03  8.47858534e-03  8.87727109e-03
  9.36225715e-03  9.78394048e-03  1.02032821e-02  1.06450318e-02
  1.11055302e-02  1.15365299e-02  1.19826840e-02  1.24620628e-02
  1.29084790e-02  1.33487675e-02  1.38107023e-02  1.42825619e-02
  1.47238509e-02  1.51817744e-02  1.56420776e-02  1.61151351e-02
  1.65223098e-02  1.69953505e-02  1.74331554e-02  1.78989957e-02
  1.83446302e-02  1.88191392e-02  1.92877924e-02  1.97453512e-02
  2.01538331e-02  2.06491667e-02  2.11014319e-02  2.15340759e-02
  2.19652215e-02  2.24374599e-02  2.28296119e-02  2.32526854e-02
  2.37092337e-02  2.41121289e-02  2.45680091e-02  2.50012325e-02
  2.54172692e-02  2.58404139e-02  2.62631062e-02  2.66592957e-02
  2.70854532e-02  2.74646766e-02  2.78760217e-02  2.82707309e-02
  2.86262671e-02  2.89782339e-02  2.93903183e-02  2.97196945e-02
  3.00929085e-02  3.04609588e-02  3.07814937e-02  3.11463432e-02
  3.14614652e-02  3.18208560e-02  3.21519469e-02  3.24327644e-02
  3.27372268e-02  3.30557403e-02  3.32837907e-02  3.35789194e-02
  3.38630385e-02  3.41178803e-02  3.43082978e-02  3.46177266e-02
  3.48356326e-02  3.50528336e-02  3.52922203e-02  3.54781361e-02
  3.56694155e-02  3.58141956e-02  3.59707051e-02  3.61441661e-02
  3.62956289e-02  3.64044482e-02  3.65606658e-02  3.66482205e-02
  3.67182869e-02  3.67961754e-02  3.69113138e-02  3.69156424e-02
  3.70137921e-02  3.70127040e-02  3.70257335e-02  3.70029373e-02
  3.70030207e-02  3.70280627e-02  3.69462473e-02  3.69007285e-02
  3.68356230e-02  3.67227073e-02  3.65967988e-02  3.64765188e-02
  3.63655558e-02  3.62168284e-02  3.60178263e-02  3.58919651e-02
  3.56453359e-02  3.54748430e-02  3.52029409e-02  3.50135696e-02
  3.47431190e-02  3.44545896e-02  3.41869752e-02  3.38417731e-02
  3.35096322e-02  3.31465929e-02  3.28345507e-02  3.24495234e-02
  3.20276637e-02  3.16615897e-02  3.12226015e-02  3.07256575e-02
  3.03275192e-02  2.98372759e-02  2.93721969e-02  2.87852022e-02
  2.83284660e-02  2.77187537e-02  2.71485969e-02  2.66291159e-02
  2.60375624e-02  2.54216767e-02  2.47947530e-02  2.41594030e-02
  2.34691315e-02  2.27917770e-02  2.21690574e-02  2.14508201e-02
  2.07272790e-02  1.99670662e-02  1.91748922e-02  1.84673373e-02
  1.76302803e-02  1.68949790e-02  1.60570780e-02  1.52210837e-02
  1.43638599e-02  1.34963111e-02  1.27204050e-02  1.18032036e-02
  1.09369396e-02  9.99690227e-03  9.06476708e-03  8.14096009e-03
  7.19356984e-03  6.27698057e-03  5.29315885e-03  4.29123225e-03
  3.38179043e-03  2.32827266e-03  1.36041614e-03  3.28838746e-04
 -6.47065925e-04 -1.78578823e-03 -2.81423559e-03 -3.75390858e-03
 -4.91993407e-03 -5.95907287e-03 -7.00220652e-03 -8.05639358e-03
 -9.20570013e-03 -1.02307924e-02 -1.13251439e-02 -1.24865769e-02
 -1.35730672e-02 -1.46290852e-02 -1.57879958e-02 -1.68045473e-02
 -1.79763387e-02 -1.90054493e-02 -2.02283497e-02 -2.13056760e-02
 -2.23838375e-02 -2.35498298e-02 -2.46393497e-02 -2.57483057e-02
 -2.69027577e-02 -2.79775795e-02 -2.90250488e-02 -3.01891049e-02
 -3.12132431e-02 -3.22334550e-02 -3.35044796e-02 -3.45466310e-02
 -3.54747182e-02 -3.66782537e-02 -3.76199904e-02 -3.85922904e-02
 -3.97752802e-02 -4.07996872e-02 -4.16937880e-02 -4.27807379e-02
 -4.37588233e-02 -4.46173945e-02 -4.57283271e-02 -4.66395108e-02
 -4.76025890e-02 -4.84577346e-02 -4.92726318e-02 -5.03269589e-02
 -5.11952116e-02 -5.19445554e-02 -5.29938121e-02 -5.37173111e-02
 -5.44335878e-02 -5.53884237e-02 -5.60285185e-02 -5.66590851e-02
 -5.76047023e-02 -5.81250646e-02 -5.87279399e-02 -5.97125510e-02
 -6.00971447e-02 -6.07036410e-02 -6.13948387e-02 -6.19366560e-02
 -6.24714717e-02 -6.31131298e-02 -6.35503837e-02 -6.38833931e-02
 -6.44288205e-02 -6.48826051e-02 -6.51302482e-02 -6.55937666e-02
 -6.59250940e-02 -6.61565399e-02 -6.62997867e-02 -6.67280156e-02]
