Frame: 136
temp_s_est shape: (1024,)
temp_s_est dtype: float64
temp_s_est:
[-6.17808129e-07 -2.06663768e-04  1.32716220e-04 -1.48065043e-04
 -7.14850307e-05  5.28786786e-05 -1.08140004e-04  4.36258359e-05
 -1.00095502e-04 -1.98691799e-04  8.25144129e-05  9.44205196e-05
  5.43862818e-06 -6.27832134e-05 -3.36786303e-05  1.30974808e-04
  5.77632866e-05 -1.43743078e-04  2.47465567e-04 -1.04293762e-04
  1.16295929e-05  1.56845462e-04 -1.51567818e-04  2.40177868e-04
  4.01259577e-05  8.91033296e-05 -7.82703941e-05 -9.18223307e-05
  1.55656411e-04 -1.42303009e-05 -3.17426846e-05  6.21083634e-06
  2.30998686e-04 -6.02936066e-05  2.21517635e-04 -2.14766248e-04
  1.41156593e-04  2.40052126e-04 -1.81249417e-04  9.12430444e-05
 -2.05953314e-06  2.16626003e-04  4.14925301e-05  8.77558642e-05
  8.13271994e-05  2.71653806e-05 -2.02322364e-05 -6.11872772e-05
  2.48428148e-04  1.05035820e-04 -1.00111447e-04 -1.04012738e-04
  1.02785568e-04  3.66769919e-04  1.50564695e-04 -2.88801008e-04
  2.95750772e-04  1.00492663e-04 -3.81187105e-05 -6.20073867e-05
  3.39456552e-04  2.48364843e-06  4.74215873e-04 -4.17450725e-05
  1.06527659e-04  2.73734345e-04 -1.45381644e-04  3.43794375e-04
 -3.23193542e-04  3.94120448e-04  3.71200308e-04 -5.12425200e-05
 -6.10212417e-05  8.51604389e-05  5.45610785e-04  8.37574538e-05
 -3.68074712e-05 -3.51130827e-04  1.40617750e-04  2.97245135e-04
  4.71961088e-05  1.26621252e-05  1.32514913e-04  2.12196358e-04
 -1.24072857e-04  5.06287138e-04  1.29455167e-04 -1.41340429e-04
  1.74073870e-04 -3.05539319e-04  6.40494953e-04  3.89849050e-05
  4.39401073e-04  1.12952863e-04 -2.62878874e-04  3.34736373e-04
 -5.10822808e-06 -3.23565135e-04  1.66138686e-04  8.27041198e-05
 -2.27907979e-04  3.97202738e-04  6.76027680e-05 -6.82863712e-05
 -1.35219972e-04 -2.32063935e-04  6.48722800e-04 -2.04289725e-04
  2.31635080e-04  1.22221921e-04 -9.73815623e-04  9.61597984e-04
  3.38557807e-04 -2.07994580e-04  2.44754844e-04 -4.49804634e-04
  6.88451357e-04 -1.45107530e-04  6.09459837e-05 -9.51714630e-05
  1.35810546e-04  2.21097686e-04  5.89193463e-04  1.01638003e-04
  2.60121254e-04  1.78719098e-04 -8.44387727e-04  1.13873383e-03
  2.09867568e-04  3.06640201e-05  5.65180862e-04  4.50750172e-04
 -4.30570580e-05  8.94853070e-05  6.52712528e-04 -3.42516483e-04
  4.43922591e-04 -9.22900911e-05  4.89483536e-04 -1.18666570e-05
  1.09908177e-04  8.99293876e-07 -1.60928769e-04  1.32869523e-04
  7.06870428e-04 -7.17919967e-04 -2.82866856e-04 -1.77113648e-04
 -4.05112858e-04  3.65953187e-04  5.47938796e-04 -1.53588516e-04
 -4.00961184e-04  6.03375473e-04 -6.94228772e-04  6.82839988e-04
 -4.30447109e-04  1.21563992e-05 -2.16544315e-04 -4.25313538e-04
  9.10351007e-04 -3.02153530e-04  5.26101768e-04 -5.54833954e-04
 -3.14201954e-04  1.43893429e-04  2.06158489e-04 -7.19964852e-04
  2.82857542e-04  2.57323614e-04 -5.30898626e-04 -5.17142560e-04
  1.80510150e-05  6.83995881e-04 -6.28281886e-04 -1.39591681e-04
  4.28595329e-04 -8.02488478e-04 -7.09636402e-05 -4.08522759e-04
 -3.40797009e-05  5.73631369e-04 -1.56498586e-04 -4.92044779e-04
 -4.58108579e-04 -1.51511903e-04 -3.05036826e-04 -3.00418648e-04
  6.21966836e-05 -1.08430103e-04 -3.82569015e-04 -1.42686910e-04
 -7.62975358e-05 -7.78222304e-04  1.11168714e-04 -2.67179977e-04
 -6.89445413e-04  4.23876452e-05 -3.69210148e-04  5.69205831e-05
 -2.47614338e-04 -3.52055789e-04  9.28684136e-06 -7.54424837e-04
  4.62049916e-04 -6.67261554e-04 -4.08536123e-04  2.42514527e-04
 -4.34804033e-04 -7.54434605e-04  2.41446814e-04  1.61331903e-04
 -4.99671608e-04 -2.05861183e-04 -4.57947802e-04 -1.08098507e-04
 -8.20048948e-04 -1.58885079e-04  3.65982533e-04 -3.15340366e-04
 -9.92678084e-05 -5.78290693e-04  2.19925620e-05  5.99230007e-05
  6.68351982e-05 -5.90556395e-04  4.40965662e-05  2.16973308e-04
 -2.98045768e-04  1.25049446e-04 -1.00725506e-04 -1.95887762e-04
  2.01391664e-04 -6.94934407e-05 -2.79187376e-04 -2.06176441e-04
  7.08997190e-05  3.40531169e-05 -1.98280674e-04 -1.52922041e-04
  9.02030659e-05  4.05279142e-05 -3.46563360e-05  3.05400352e-04
 -3.52824245e-04 -1.68893295e-04  3.92695585e-05 -4.59661633e-04
  4.32195795e-04  9.45346737e-05  1.09048937e-04 -2.68671564e-04
 -2.64483776e-04  1.80705275e-05 -1.47451371e-04 -2.50006818e-05
  2.62952412e-04 -2.34787401e-04 -3.03185243e-04  5.57285823e-05
 -1.50096955e-04  1.52902629e-04 -1.41750773e-04 -2.90607287e-04
  2.88360917e-04 -2.85691985e-04 -3.36315747e-06 -1.01662207e-04
  4.36101544e-06  1.76036590e-04 -2.51416544e-05  1.28340001e-04
  1.07265274e-04 -1.06879298e-04  2.67367011e-05  1.22240711e-04
 -2.09918162e-05  7.21059908e-05  1.11566533e-04 -9.06744253e-06
  1.28543788e-04  8.00961742e-05  8.15700447e-05 -1.07525962e-04
  7.43742748e-07  1.43368459e-04  1.81842899e-05  1.48341988e-04
  1.06709531e-04  5.76898402e-06  8.64556478e-05 -4.70404904e-05
  3.04963768e-04  8.96492582e-05  8.58661827e-05  4.04551686e-05
  2.88057452e-05  1.59694747e-04  1.49376620e-04  3.59502008e-05
  1.44359797e-04  2.18802489e-04  1.10585483e-05  1.35787729e-04
  3.64657240e-06  8.62160150e-05  2.11385712e-04  4.75513446e-06
  1.73178797e-04  6.24156585e-05  2.00691682e-04  4.84393167e-05
  4.05422471e-05  1.41934774e-04  1.25414787e-04  6.38103116e-05
  9.02371656e-05  2.11309973e-04  1.18895016e-04  1.23309644e-04
  9.93950029e-05  7.38120512e-05  1.32228700e-04  1.76345641e-04
  1.63054046e-04  3.48414685e-05  1.73746006e-04  9.83687295e-05
  4.84764981e-05  9.11983970e-05  2.22249623e-04  1.89920103e-04
  4.45107534e-05  4.49556995e-05  1.27865913e-04  1.40097638e-04
  1.03484555e-04  6.77333428e-06  2.10165078e-04  2.19626171e-04
  6.49024492e-05  3.29610760e-05  1.33735583e-04  2.17975531e-04
  1.55123344e-04  2.51361578e-05  9.92271228e-05  1.31203287e-04
  9.45122644e-05  1.17849691e-04  7.78333559e-05  1.30728052e-05
  2.06573889e-04 -1.04135710e-05  2.35765812e-05  1.08242572e-04
  4.59101326e-05  9.94743393e-05  3.95599286e-06  6.73136885e-05
  9.42879027e-05  6.09602318e-05  6.91635822e-05  1.00230502e-04
  8.53554741e-07  6.13870593e-05  6.46852689e-05 -1.29230447e-05
  1.23684204e-04  3.53442210e-05  7.43513852e-05  1.81274023e-05
  5.69954409e-05  6.41475948e-05  2.09749004e-05  2.48335450e-05
  7.57200360e-05  5.69756391e-05 -6.43983423e-06  1.47371951e-06
  8.36230795e-05  9.43986491e-05  8.38618485e-06 -2.40700161e-05
  6.32973173e-05  7.28245940e-05 -4.29465574e-06  7.59113610e-06
  2.50752429e-05  7.74421484e-05  2.37712407e-05  4.07127829e-05
  4.30000018e-05  1.95002387e-05  7.43597891e-05 -1.34431559e-05
  7.40267790e-06 -8.24810672e-06  7.10056517e-05  2.23012459e-05
 -2.19584189e-05  5.67888534e-06  1.43883366e-05 -2.46061582e-05
  4.00897715e-05  1.10515044e-05 -1.47704515e-05  2.50242205e-05
 -2.03708274e-05  1.71226907e-05 -3.91173593e-06  4.05044758e-07
  5.91096362e-05 -5.06684562e-05 -2.15928120e-05  1.24217086e-05
 -4.19453068e-05  4.33777259e-06 -1.57638589e-05 -2.52581798e-05
  1.19360216e-05 -4.97661288e-05 -3.43784646e-05  4.73602434e-06
 -5.63909417e-05 -6.99136180e-05 -1.38750197e-06 -5.84766980e-05
 -3.71157870e-05 -3.20249369e-05 -3.92776369e-05 -2.45058185e-05
 -6.43678761e-05 -3.29908559e-05 -3.36566674e-05 -8.93521796e-05
 -2.07701332e-05 -2.44567112e-05 -5.70776479e-05 -4.97250067e-05
 -7.22816361e-06 -6.88619899e-05 -2.00854152e-05 -1.52056085e-05
 -6.90225122e-05 -4.54870960e-05 -6.46387455e-05 -4.63379041e-05
 -3.80449047e-05 -6.14779495e-05 -4.01495064e-05 -2.38150452e-05
 -8.32867736e-05 -2.70236496e-05 -5.32403202e-05 -6.63935328e-05
 -1.89642404e-05 -1.06471100e-04  3.59367296e-06 -3.05603710e-05
 -8.16159589e-05 -2.02468746e-05 -6.05299645e-05 -5.85413320e-05
 -2.22337500e-05 -5.40820268e-05 -3.82196967e-05 -6.60351480e-05
 -6.19515759e-05 -3.73352269e-05 -7.77191109e-05 -1.62748279e-05
 -3.66599961e-05 -9.08048729e-05 -3.99417525e-05 -3.96139285e-05
 -8.16579926e-05 -5.84264996e-05 -3.27466361e-05 -3.68338526e-05
 -4.74843488e-05 -8.12406247e-05 -2.27599656e-05 -7.05198079e-05
 -3.11303991e-05 -5.87143293e-05 -4.50813297e-05 -4.17983242e-05
 -6.20142056e-05 -3.51217548e-05 -3.09953767e-05 -5.06101565e-05
 -6.05914548e-05 -2.37312188e-05 -7.08352049e-05 -4.34174009e-05
 -6.38647586e-05 -1.72207742e-05 -5.85413114e-05 -8.49210281e-05
 -2.30009995e-07 -6.82086529e-05 -3.09070480e-05 -3.62685896e-05
 -6.96438218e-05 -3.50022297e-05 -3.69000661e-05 -6.43938597e-05
 -3.35177277e-05 -3.63010459e-05 -1.77160978e-05 -4.02187578e-05
 -6.57765762e-05 -2.64576355e-05 -5.08341234e-05 -4.90049480e-05
 -7.96414452e-06 -3.63247775e-05 -5.11110255e-05 -3.89538814e-05
 -4.07235657e-05 -2.52228986e-05 -2.41126793e-05 -4.54221646e-05
 -2.33511775e-05 -2.54778030e-05 -5.13075612e-05 -3.60499527e-05
  3.43760564e-06 -4.40130860e-05 -3.36748138e-05 -8.46425908e-06
 -8.88270560e-06 -2.54134172e-05 -4.56438098e-05 -4.43385262e-06
 -2.17119240e-05 -3.70266775e-05  1.60662348e-06  5.51770097e-06
 -2.84214626e-05 -9.03602028e-06 -1.83129051e-05 -2.78036582e-05
  1.85932563e-05 -4.28898586e-05 -5.78438507e-06  1.32761984e-05
 -1.38963365e-05  9.43105274e-06 -3.63310031e-05  7.63400795e-06
  8.39465557e-06 -9.67516144e-06  2.13406242e-05 -4.37806443e-06
 -1.92867838e-05  8.12811576e-06 -1.12700893e-05  1.03077730e-05
  3.69853988e-05 -1.38208667e-05  2.29434768e-05 -5.37325000e-06
  3.76703880e-07  7.35944045e-06  1.28589247e-05  1.04342699e-05
 -1.20053882e-06  6.88239692e-06  3.83573790e-05 -1.23800948e-05
 -2.16434718e-06  3.36216795e-05  1.21355255e-05  8.35787018e-06
  1.16115874e-06  3.37891635e-05  1.77088852e-05  1.80347418e-05
  5.20021812e-06  2.61559837e-05  1.80061971e-05  2.23758774e-05
  9.37128524e-06  2.85414548e-05  3.58391505e-05 -1.08108156e-05
  2.95090765e-05  1.45611283e-05  3.62559995e-05  3.30126165e-05
  1.31721477e-05  2.26294940e-05  8.29026552e-06  2.10097798e-05
  2.17621624e-05  1.67482750e-05  3.92429421e-05  3.15311866e-05
  6.57420134e-06  2.59565651e-05  1.14536892e-05  1.01304990e-05
  3.56218893e-05  2.42714072e-05  2.40563832e-05  9.03426519e-06
  2.98030877e-05  1.82642366e-05  2.88306249e-05  3.07075830e-05
  2.24367275e-05  4.44512040e-06  2.23751919e-05  2.58820160e-05
  2.80455047e-05  2.56131468e-05  3.25581378e-06  2.33299620e-05
  1.74360149e-05  4.00523730e-05  1.72130252e-05  2.48996335e-05
  1.21126902e-05  1.16413544e-05  1.82048550e-05  3.18750424e-05
  2.91479254e-05  1.26338514e-05  3.14167360e-05  2.76802602e-06
  2.70595228e-05  9.90167146e-06  1.55157722e-05  1.05617342e-05
  2.01508256e-05  3.85386203e-05  3.65726619e-06  7.38373504e-06
  1.49549700e-05  1.71251740e-05  2.06187984e-05  1.99554462e-05
  3.70942120e-06  5.08742464e-06  6.70501919e-06  1.04364872e-05
  2.98848339e-05  4.83084761e-06  1.76054046e-05 -4.70142480e-06
  1.29929977e-05  1.96881337e-05  1.11545697e-05  8.26125992e-06
  6.96019657e-06 -1.79448428e-07  1.21406942e-05  2.13882672e-05
  7.33046731e-06  4.85490763e-06 -1.00768201e-05  1.11327293e-05
  2.79572725e-06  7.66247282e-06  3.45081087e-07  5.10903216e-06
  8.29234727e-06  7.73730398e-07 -6.88723243e-06  2.62988746e-06
  7.59641265e-06 -7.12559795e-06  5.19848409e-06 -3.43207677e-06
  9.87117863e-06 -9.18946926e-06 -3.12445625e-06  8.37210173e-06
 -2.47871497e-06  7.62339499e-06 -1.10766647e-05 -1.26301431e-06
  5.29169306e-07  1.39605657e-06  7.56893283e-06  1.10470585e-06
 -5.26278776e-06 -1.75406562e-07  1.05218721e-05 -1.09946402e-05
  2.03922918e-06 -1.04095921e-05  1.17416071e-05 -1.36762520e-05
 -8.80234147e-06  1.23092270e-05  3.28040289e-06  9.39083028e-07
 -3.33738744e-06 -1.37485740e-05  6.18376729e-07 -6.11899327e-06
 -1.49420475e-05  1.25270966e-05 -7.98629028e-06 -2.09353779e-07
 -2.01721472e-05  9.53814085e-07 -8.64365820e-07 -1.03491677e-05
 -1.76800784e-05 -3.84359797e-06 -2.79844917e-06 -9.92948938e-06
 -2.56500931e-07 -1.90005158e-05  4.75968517e-06 -1.73692137e-05
  2.42608338e-06 -1.75321192e-05  5.39529428e-07 -1.30313875e-05
 -2.29015804e-05  1.47151667e-05 -9.39909068e-06 -5.53622871e-07
 -6.47425462e-06 -9.83256469e-06 -6.10371743e-06  7.17422558e-06
  2.41447589e-06 -1.36958274e-05 -2.34789959e-05 -5.73973727e-06
  2.70330181e-05 -1.96809680e-05  6.63411770e-06 -8.31545813e-06
 -1.95527606e-05  2.61972297e-07 -5.96619241e-06 -7.66268038e-09
  1.55982629e-05 -2.24012541e-05 -3.13517859e-06  5.99455929e-06
 -7.73095342e-06  1.44223965e-05 -2.97857323e-05  1.58773144e-05
  1.50069141e-06 -8.20807116e-06 -1.03364745e-06 -4.96342898e-06
 -1.00171361e-05  2.18758272e-05 -7.83010782e-07 -1.21155998e-05
  1.32321521e-05 -1.95798323e-05  1.14920437e-05 -6.22434079e-07
  1.17823627e-05 -4.64405340e-06 -5.09326147e-06  1.53587186e-05
  3.43381240e-06  3.26811248e-06  4.02142500e-07 -5.30513422e-06
 -9.60924901e-06  6.87681028e-06  3.26587634e-05  6.42611636e-06
  9.23012529e-06  1.98536056e-06  1.62707034e-06  9.06392056e-06
  2.64875222e-05 -3.03057888e-06  1.38020658e-05  1.59110758e-05
 -1.50792720e-05  3.11639416e-05 -9.98412048e-06  1.86667643e-05
  3.52607697e-05  2.18488941e-06  8.34028819e-06 -2.53421083e-07
  1.23155162e-05  2.47431983e-05 -1.07321810e-05  3.26718947e-05
  3.24734626e-05 -1.55352791e-05  2.92727780e-05  1.73043719e-05
  1.72225745e-05  7.22271533e-06  1.95190503e-05  1.02049001e-05
  2.09794700e-05  3.11806388e-05  2.57874797e-05  1.39633362e-05
  2.37434370e-05  6.87840458e-06  1.49911230e-05  4.69760700e-05
  1.74484323e-06  3.99457689e-05  3.68110228e-06  2.09158236e-05
  3.55035163e-05  1.01452168e-05  5.28019557e-05  1.46160129e-05
  2.58584907e-05  3.61536390e-05  1.03280529e-05  5.54022317e-06
  6.65228933e-05  6.18018474e-06  6.64462690e-05  4.30344586e-05
 -2.17192650e-05  5.55384158e-05  2.35535876e-05  3.70098475e-05
  2.47399633e-05  1.51713437e-05  7.27989172e-05  6.32928281e-06
 -1.37824206e-05  9.58312092e-05  5.22181357e-06  2.11676983e-05
  2.98532230e-05 -3.00889916e-08  6.60628778e-05  1.74029940e-05
  7.27823553e-06  3.77476886e-05  1.12895226e-05  2.10725680e-05
  5.87726076e-05  7.37586424e-06  3.95202134e-05 -6.25554034e-06
  2.30444986e-05  3.19632996e-05  2.66435629e-06  3.03353942e-05
  3.62886922e-05  1.69478918e-05  6.53868010e-07  3.35764860e-05
 -1.75707136e-05  4.69802134e-06  4.88506159e-05 -7.88615040e-06
  4.02971471e-05  2.33507607e-05 -1.08034039e-05 -2.28420788e-06
  2.90008484e-05  1.87937305e-05  1.23324918e-05  1.70484701e-06
  1.01450693e-05  1.92054134e-05 -3.27911970e-05  4.79891095e-05
  3.20422030e-05 -1.83382189e-05  2.58987565e-05 -1.24231906e-05
  2.94316966e-06  8.42269444e-07 -3.28912761e-05  3.24929877e-06
  2.43260778e-05 -4.00937442e-05  1.99033791e-05  4.56715777e-06
 -3.72896654e-05 -2.57585168e-05 -5.97451510e-06  5.73369405e-06
 -3.96160872e-05 -1.88606442e-05  2.46275850e-05 -2.47856449e-05
 -3.41069870e-06  5.25809315e-06 -3.53773845e-06 -2.43274704e-06
 -2.97116699e-05  5.98289235e-06 -3.85878083e-05  3.30813511e-06
  1.76565061e-06 -6.89591072e-05  2.85345456e-05 -1.18500642e-05
 -2.45264106e-05 -3.00118661e-05 -8.97791260e-06 -2.70076923e-05
 -3.34796872e-05 -5.41670995e-05  1.04589380e-05  4.11673585e-06
 -5.63735961e-05 -2.24557143e-05 -4.91816511e-05  2.94246625e-05
 -4.92982321e-05 -7.28270169e-05  8.31343050e-06 -2.21658424e-05
 -3.35728439e-05 -9.92701767e-06 -6.14244606e-05 -4.64579974e-05
  2.45755090e-05 -7.08409858e-05 -5.49509220e-05 -7.64054493e-05
  1.31940170e-05 -2.19795657e-05 -1.18829025e-04 -3.20357661e-05
  2.54934849e-05 -9.13682978e-05 -3.53940751e-05 -8.67611430e-05
 -5.61238874e-05  2.96471138e-05 -9.12275961e-05 -5.62238800e-05
 -3.80665388e-05  4.56083537e-06 -4.47480226e-05 -7.35967731e-05
 -7.17074850e-05 -3.45179344e-05 -3.93443500e-05 -1.17204926e-04
 -3.90933911e-05 -9.60593777e-05 -5.05995850e-05 -7.79313385e-05
 -6.25916550e-05 -2.22308640e-05 -7.94328733e-05 -1.38717694e-04
 -4.28081285e-05 -1.40861706e-05 -1.16599482e-04 -7.92155613e-05
 -4.40225224e-05 -3.62042186e-05 -5.44711237e-05 -1.08023186e-04
 -5.08858684e-05 -5.16065225e-05 -3.17432979e-05 -9.00429682e-05
 -1.09333514e-04 -2.55479436e-05  3.36503251e-05 -7.69333491e-05
 -1.60924666e-04  1.71758342e-05  3.06527781e-05 -6.29109496e-05
 -1.00916263e-04 -8.44432086e-05  2.35025763e-05 -4.74555234e-05
 -5.78564951e-05 -7.73261064e-05 -9.34287685e-05  4.86306348e-05
 -4.98907062e-05 -8.07355499e-05 -2.23016145e-05 -6.31821976e-05
 -2.42672629e-05 -1.03393236e-05 -3.19018242e-05 -4.42060352e-05
  2.00979638e-05 -6.25584620e-05  5.11543855e-05 -8.18693107e-05
  4.15414014e-06 -6.96542409e-05 -1.35582671e-04  4.85617460e-05
 -3.20038600e-05 -8.97193677e-05 -3.39060863e-05 -2.83004670e-05
 -1.14424538e-04 -6.37523410e-06  4.67245606e-05 -8.83327465e-05
 -5.91726141e-05 -8.55952005e-05 -5.95709346e-05 -1.07801427e-05
  3.79830430e-05 -8.38124298e-05 -7.40011102e-05  1.99365766e-05
 -2.93272673e-05 -6.22762079e-05 -1.60386711e-04  3.74105967e-05]
