Frame: 53
temp_s_est shape: (1024,)
temp_s_est dtype: float64
temp_s_est:
[ 4.71728457e-02  4.73375419e-02  4.77814044e-02  4.79844588e-02
  4.84383115e-02  4.87337153e-02  4.88256882e-02  4.90988443e-02
  4.93124862e-02  4.93675724e-02  4.96025478e-02  4.97323244e-02
  4.97068883e-02  4.96517351e-02  4.95379424e-02  4.95258604e-02
  4.96685042e-02  4.97337199e-02  4.97438002e-02  4.95466578e-02
  4.94564471e-02  4.92324236e-02  4.93133181e-02  4.91054108e-02
  4.91891619e-02  4.90027329e-02  4.84440283e-02  4.82192146e-02
  4.79822298e-02  4.77196471e-02  4.77612690e-02  4.70943598e-02
  4.65183022e-02  4.59788140e-02  4.55861071e-02  4.52727498e-02
  4.52098753e-02  4.42736061e-02  4.37386004e-02  4.33097957e-02
  4.29192814e-02  4.22910417e-02  4.20345147e-02  4.14293740e-02
  4.07579684e-02  3.97520828e-02  3.90773510e-02  3.84928805e-02
  3.78395060e-02  3.69101010e-02  3.64224519e-02  3.51686660e-02
  3.40895541e-02  3.37239276e-02  3.31805597e-02  3.20421249e-02
  3.15130766e-02  3.01717983e-02  2.93630921e-02  2.86551942e-02
  2.77844949e-02  2.71773320e-02  2.64978041e-02  2.48874042e-02
  2.34646665e-02  2.28977290e-02  2.18672524e-02  2.09089020e-02
  1.98259442e-02  1.80558633e-02  1.69714308e-02  1.58800976e-02
  1.52937811e-02  1.46103312e-02  1.36020756e-02  1.17411177e-02
  1.12407548e-02  9.71154714e-03  8.57500515e-03  7.70331423e-03
  6.51297029e-03  5.65263233e-03  3.88865611e-03  2.01346712e-03
  1.31295468e-03  5.32024961e-04 -2.21488576e-04 -2.00685143e-03
 -3.23532974e-03 -5.25937056e-03 -6.67664194e-03 -7.24362475e-03
 -7.72329776e-03 -8.60821352e-03 -1.02287432e-02 -1.18991379e-02
 -1.28097997e-02 -1.38455234e-02 -1.55064196e-02 -1.55014046e-02
 -1.69973511e-02 -1.92457769e-02 -2.10461615e-02 -2.11623188e-02
 -2.20947882e-02 -2.37333962e-02 -2.48350018e-02 -2.58476880e-02
 -2.74341063e-02 -2.83048081e-02 -2.95064170e-02 -2.97766045e-02
 -3.14884130e-02 -3.24614541e-02 -3.28334744e-02 -3.41273108e-02
 -3.57107321e-02 -3.57852599e-02 -3.72256634e-02 -3.79145559e-02
 -3.97317958e-02 -4.20652429e-02 -4.17794820e-02 -4.16504978e-02
 -4.33780289e-02 -4.47324678e-02 -4.54754407e-02 -4.68232889e-02
 -4.71758714e-02 -4.65405183e-02 -4.75157565e-02 -4.80630964e-02
 -4.98665263e-02 -5.05596025e-02 -5.04750742e-02 -5.15239039e-02
 -5.29809729e-02 -5.26001614e-02 -5.36549245e-02 -5.53040555e-02
 -5.57637407e-02 -5.56789029e-02 -5.57332919e-02 -5.64397200e-02
 -5.80099455e-02 -5.72171005e-02 -5.80590758e-02 -5.86309650e-02
 -5.86150491e-02 -5.71751741e-02 -5.91689684e-02 -6.00455375e-02
 -5.96632884e-02 -5.98116663e-02 -6.03119638e-02 -6.01262960e-02
 -6.09853240e-02 -6.10097616e-02 -6.22715045e-02 -6.21571408e-02
 -6.00599027e-02 -6.00632433e-02 -6.13687224e-02 -6.07587714e-02
 -6.09979801e-02 -6.09639318e-02 -6.05524037e-02 -6.02518101e-02
 -6.00572583e-02 -5.97197003e-02 -6.02595326e-02 -5.96076836e-02
 -5.85062323e-02 -5.88926535e-02 -5.91244780e-02 -5.85282603e-02
 -5.82826798e-02 -5.82999844e-02 -5.73875323e-02 -5.64833516e-02
 -5.51843460e-02 -5.61281161e-02 -5.62224590e-02 -5.41672687e-02
 -5.37680880e-02 -5.32548727e-02 -5.17733203e-02 -5.09833699e-02
 -5.18619787e-02 -5.14367803e-02 -4.97905890e-02 -4.86380945e-02
 -4.73995390e-02 -4.74541466e-02 -4.71078696e-02 -4.64354783e-02
 -4.58224528e-02 -4.47585433e-02 -4.24493039e-02 -4.19528411e-02
 -4.21446218e-02 -4.06461700e-02 -3.91861893e-02 -3.82054747e-02
 -3.71191636e-02 -3.61305703e-02 -3.45086569e-02 -3.43196727e-02
 -3.38850415e-02 -3.25208133e-02 -3.06349867e-02 -3.07559849e-02
 -2.92855755e-02 -2.81491191e-02 -2.74560079e-02 -2.61060253e-02
 -2.40580257e-02 -2.29456970e-02 -2.14718946e-02 -2.09592087e-02
 -2.00843103e-02 -1.79875260e-02 -1.68632146e-02 -1.62702547e-02
 -1.40871128e-02 -1.35925126e-02 -1.27851558e-02 -1.17924161e-02
 -9.98308400e-03 -8.65953322e-03 -7.19004223e-03 -6.95565390e-03
 -5.53964118e-03 -3.80758990e-03 -2.74122436e-03 -1.29408693e-03
  5.12183995e-04  1.13786263e-03  2.16548700e-03  3.76368435e-03
  5.01729332e-03  6.02124125e-03  7.23934951e-03  7.83482703e-03
  9.87227681e-03  1.00321950e-02  1.12329000e-02  1.30475397e-02
  1.44136408e-02  1.52559441e-02  1.62049157e-02  1.72151574e-02
  1.83056982e-02  1.97811079e-02  2.09174578e-02  2.20241793e-02
  2.30571006e-02  2.35260079e-02  2.49080549e-02  2.63645951e-02
  2.70493417e-02  2.77801705e-02  2.91772379e-02  2.97074511e-02
  3.05314540e-02  3.14716202e-02  3.23849955e-02  3.35151319e-02
  3.41119839e-02  3.50061831e-02  3.58849346e-02  3.67893432e-02
  3.75715120e-02  3.84951498e-02  3.91230794e-02  3.97207860e-02
  4.05062346e-02  4.12041486e-02  4.18593139e-02  4.26370889e-02
  4.30236628e-02  4.34573951e-02  4.41721302e-02  4.45038938e-02
  4.50506605e-02  4.59275659e-02  4.62071267e-02  4.65551362e-02
  4.68490650e-02  4.75133157e-02  4.80426110e-02  4.85814981e-02
  4.87378296e-02  4.90497076e-02  4.92475953e-02  4.94383054e-02
  4.97483252e-02  5.01546658e-02  5.01280511e-02  5.02053805e-02
  5.03495236e-02  5.04016055e-02  5.03948710e-02  5.08414984e-02
  5.08278837e-02  5.10415286e-02  5.07215490e-02  5.07956655e-02
  5.07932464e-02  5.08119784e-02  5.07073928e-02  5.07224336e-02
  5.04576505e-02  5.02351997e-02  5.00589763e-02  4.99323584e-02
  4.96331975e-02  4.95205100e-02  4.91423587e-02  4.88318372e-02
  4.84360470e-02  4.82350206e-02  4.79223201e-02  4.78104173e-02
  4.72078939e-02  4.69038717e-02  4.64760651e-02  4.60593248e-02
  4.56989690e-02  4.52107812e-02  4.47064728e-02  4.41515946e-02
  4.35971928e-02  4.30765965e-02  4.25273372e-02  4.20114103e-02
  4.14203183e-02  4.08389442e-02  4.00561221e-02  3.95498167e-02
  3.88661605e-02  3.83619993e-02  3.77140379e-02  3.70267355e-02
  3.62509645e-02  3.56315390e-02  3.49874185e-02  3.42093026e-02
  3.35449155e-02  3.27449181e-02  3.20246638e-02  3.11864065e-02
  3.03379709e-02  2.96437896e-02  2.88257488e-02  2.80638081e-02
  2.72338494e-02  2.64862323e-02  2.56036525e-02  2.48982307e-02
  2.41413596e-02  2.32822671e-02  2.24886916e-02  2.15384483e-02
  2.08171987e-02  1.99215937e-02  1.90245941e-02  1.81758936e-02
  1.74162311e-02  1.65082782e-02  1.56154823e-02  1.48195235e-02
  1.38984690e-02  1.30913743e-02  1.22648387e-02  1.13793505e-02
  1.05288601e-02  9.68488370e-03  8.88545776e-03  8.08682912e-03
  7.21662110e-03  6.30923576e-03  5.62741914e-03  4.70436544e-03
  3.91146411e-03  3.10187657e-03  2.17810310e-03  1.40607233e-03
  6.10377804e-04 -1.96194154e-04 -9.90320922e-04 -1.76448746e-03
 -2.55309150e-03 -3.35261922e-03 -4.08812293e-03 -4.88889059e-03
 -5.53387143e-03 -6.30902236e-03 -7.02496490e-03 -7.74471664e-03
 -8.48092784e-03 -9.23178318e-03 -9.81515658e-03 -1.05622397e-02
 -1.13248561e-02 -1.19265022e-02 -1.26174805e-02 -1.32633166e-02
 -1.39204805e-02 -1.45253206e-02 -1.51415986e-02 -1.57764232e-02
 -1.63187277e-02 -1.69159944e-02 -1.74152802e-02 -1.80003899e-02
 -1.84983541e-02 -1.90585557e-02 -1.96210723e-02 -2.01282101e-02
 -2.05686806e-02 -2.10602475e-02 -2.15781950e-02 -2.20345821e-02
 -2.25403189e-02 -2.29329577e-02 -2.33373211e-02 -2.37647984e-02
 -2.40669533e-02 -2.44881918e-02 -2.48768234e-02 -2.52265341e-02
 -2.55243940e-02 -2.58855139e-02 -2.61060353e-02 -2.64340604e-02
 -2.67685262e-02 -2.70304965e-02 -2.73222727e-02 -2.75357411e-02
 -2.77424467e-02 -2.79737813e-02 -2.82436961e-02 -2.84098141e-02
 -2.85948518e-02 -2.87623505e-02 -2.88734255e-02 -2.90378758e-02
 -2.91126767e-02 -2.92838693e-02 -2.94149402e-02 -2.94228829e-02
 -2.94971920e-02 -2.95896704e-02 -2.96223649e-02 -2.96722442e-02
 -2.97578587e-02 -2.97705029e-02 -2.97596338e-02 -2.97258417e-02
 -2.97370744e-02 -2.97308080e-02 -2.96787364e-02 -2.96222982e-02
 -2.95740712e-02 -2.95324538e-02 -2.93332189e-02 -2.92959994e-02
 -2.92179651e-02 -2.90529833e-02 -2.89228774e-02 -2.87889052e-02
 -2.86353732e-02 -2.85120665e-02 -2.83526064e-02 -2.81925662e-02
 -2.80477488e-02 -2.78243357e-02 -2.76253096e-02 -2.74784684e-02
 -2.72441935e-02 -2.70125444e-02 -2.67492090e-02 -2.65326568e-02
 -2.62620241e-02 -2.60068881e-02 -2.57182664e-02 -2.55056893e-02
 -2.52596532e-02 -2.48866703e-02 -2.46620392e-02 -2.43833019e-02
 -2.40773657e-02 -2.37958515e-02 -2.35088839e-02 -2.31900829e-02
 -2.28677456e-02 -2.25084897e-02 -2.21991972e-02 -2.19346747e-02
 -2.15211000e-02 -2.11806199e-02 -2.08472330e-02 -2.04933463e-02
 -2.01083089e-02 -1.97888590e-02 -1.94823202e-02 -1.90815026e-02
 -1.87013854e-02 -1.83459366e-02 -1.80376441e-02 -1.76656466e-02
 -1.72413492e-02 -1.69254213e-02 -1.65377728e-02 -1.61330046e-02
 -1.57461108e-02 -1.54034512e-02 -1.50092363e-02 -1.46341210e-02
 -1.42189321e-02 -1.38900164e-02 -1.34901321e-02 -1.30720440e-02
 -1.27335125e-02 -1.23744321e-02 -1.19822073e-02 -1.15304513e-02
 -1.12016987e-02 -1.08368097e-02 -1.04554285e-02 -1.00984618e-02
 -9.70756168e-03 -9.32858389e-03 -8.94545034e-03 -8.56560089e-03
 -8.22796400e-03 -7.88893882e-03 -7.47742057e-03 -7.06811680e-03
 -6.72666150e-03 -6.35200292e-03 -6.00388935e-03 -5.64231845e-03
 -5.35206838e-03 -4.94858303e-03 -4.57043098e-03 -4.23643202e-03
 -3.93912948e-03 -3.60623337e-03 -3.22358832e-03 -2.93856282e-03
 -2.57979938e-03 -2.21415071e-03 -1.89479916e-03 -1.58216535e-03
 -1.27883590e-03 -9.34127009e-04 -6.05577894e-04 -2.73679414e-04
  7.32141019e-06  3.42321234e-04  5.85822316e-04  8.61391550e-04
  1.18410862e-03  1.50290449e-03  1.77155888e-03  2.01556247e-03
  2.29867318e-03  2.58925541e-03  2.87033857e-03  3.17049493e-03
  3.43361788e-03  3.72140985e-03  3.92109704e-03  4.19878108e-03
  4.44643659e-03  4.72311713e-03  4.93168480e-03  5.19104587e-03
  5.39411985e-03  5.63215290e-03  5.82458132e-03  6.06967125e-03
  6.32139856e-03  6.52729256e-03  6.73672391e-03  6.94486510e-03
  7.15023970e-03  7.35912510e-03  7.56974094e-03  7.78823880e-03
  7.95213925e-03  8.14071733e-03  8.29174192e-03  8.50322888e-03
  8.69554079e-03  8.86107775e-03  8.99811452e-03  9.17352820e-03
  9.32752599e-03  9.48978722e-03  9.69459228e-03  9.82969641e-03
  9.97662563e-03  1.00840104e-02  1.02515783e-02  1.04146809e-02
  1.05321633e-02  1.06850338e-02  1.07981433e-02  1.09376888e-02
  1.10342555e-02  1.11738538e-02  1.12832513e-02  1.14101775e-02
  1.15307930e-02  1.16345927e-02  1.17441207e-02  1.18252525e-02
  1.19267986e-02  1.20339373e-02  1.21576208e-02  1.22245491e-02
  1.23088113e-02  1.24093153e-02  1.24839261e-02  1.25801897e-02
  1.26643582e-02  1.27448150e-02  1.28221837e-02  1.28775361e-02
  1.29731309e-02  1.30265621e-02  1.31027690e-02  1.31326589e-02
  1.32058767e-02  1.32524979e-02  1.33447223e-02  1.33809350e-02
  1.34579122e-02  1.34843552e-02  1.35356257e-02  1.35716041e-02
  1.36483687e-02  1.36881599e-02  1.37185790e-02  1.37559525e-02
  1.38107594e-02  1.38270121e-02  1.38734522e-02  1.38870460e-02
  1.39312169e-02  1.39377735e-02  1.39793600e-02  1.39906725e-02
  1.40317633e-02  1.40298687e-02  1.40665703e-02  1.40925902e-02
  1.41110478e-02  1.41164807e-02  1.41286583e-02  1.41683395e-02
  1.41621441e-02  1.41567155e-02  1.41649357e-02  1.41556141e-02
  1.41729010e-02  1.41607503e-02  1.41975244e-02  1.41601579e-02
  1.41655714e-02  1.41426679e-02  1.41654453e-02  1.41517294e-02
  1.41488948e-02  1.41399184e-02  1.41214004e-02  1.41177455e-02
  1.40997488e-02  1.40758832e-02  1.40622091e-02  1.40174009e-02
  1.40034183e-02  1.39839794e-02  1.39952335e-02  1.39278724e-02
  1.39002283e-02  1.38645014e-02  1.38302734e-02  1.38077536e-02
  1.37755320e-02  1.37483865e-02  1.37106701e-02  1.36778653e-02
  1.36137993e-02  1.35898628e-02  1.35185321e-02  1.34839431e-02
  1.34493789e-02  1.34033350e-02  1.33144942e-02  1.32445816e-02
  1.31863531e-02  1.31532723e-02  1.30884897e-02  1.30300639e-02
  1.29518014e-02  1.28843719e-02  1.28008045e-02  1.27740658e-02
  1.26921141e-02  1.26063535e-02  1.25100797e-02  1.24404758e-02
  1.23492491e-02  1.22930099e-02  1.21876085e-02  1.20881815e-02
  1.19864476e-02  1.18682070e-02  1.17857557e-02  1.17051044e-02
  1.16054919e-02  1.14917303e-02  1.13657123e-02  1.12733627e-02
  1.11323915e-02  1.10549102e-02  1.09399311e-02  1.08365932e-02
  1.06729664e-02  1.05498023e-02  1.03970046e-02  1.02664015e-02
  1.01325752e-02  1.00182570e-02  9.86674761e-03  9.69156838e-03
  9.52963906e-03  9.38931124e-03  9.24655865e-03  9.14024898e-03
  8.92781500e-03  8.78409693e-03  8.56832215e-03  8.42970077e-03
  8.25032980e-03  8.11381186e-03  7.92031712e-03  7.69733233e-03
  7.49933647e-03  7.31514693e-03  7.13031046e-03  6.94660529e-03
  6.74438442e-03  6.52758410e-03  6.30628217e-03  6.05406548e-03
  5.87264937e-03  5.69307218e-03  5.44584215e-03  5.22965091e-03
  4.98163996e-03  4.74874890e-03  4.49147534e-03  4.26180739e-03
  4.07912814e-03  3.80981857e-03  3.53184282e-03  3.25354701e-03
  3.00905268e-03  2.73719309e-03  2.49447300e-03  2.24253693e-03
  1.95666589e-03  1.63671459e-03  1.36068780e-03  1.09895342e-03
  8.35140947e-04  5.55573663e-04  2.13103415e-04 -4.16473415e-05
 -3.39261736e-04 -6.44218841e-04 -9.34306922e-04 -1.24068515e-03
 -1.54679582e-03 -1.91970816e-03 -2.21086803e-03 -2.54100913e-03
 -2.87249121e-03 -3.19995632e-03 -3.51927132e-03 -3.84424996e-03
 -4.18645321e-03 -4.54415308e-03 -4.84370841e-03 -5.13468117e-03
 -5.49439736e-03 -5.86259748e-03 -6.20302962e-03 -6.55805206e-03
 -6.88318015e-03 -7.30081378e-03 -7.56649587e-03 -7.96522729e-03
 -8.37871652e-03 -8.74555886e-03 -9.04733744e-03 -9.43995481e-03
 -9.80984853e-03 -1.01452724e-02 -1.05085717e-02 -1.08824318e-02
 -1.12391844e-02 -1.15706580e-02 -1.18969551e-02 -1.23191234e-02
 -1.27046611e-02 -1.30310952e-02 -1.33901561e-02 -1.38378730e-02
 -1.41517778e-02 -1.45417170e-02 -1.49048025e-02 -1.52739169e-02
 -1.56574673e-02 -1.59485876e-02 -1.63219604e-02 -1.66998687e-02
 -1.70236608e-02 -1.73812189e-02 -1.77598157e-02 -1.80783527e-02
 -1.84198137e-02 -1.87594310e-02 -1.91140393e-02 -1.95088114e-02
 -1.97961613e-02 -2.01129893e-02 -2.04512980e-02 -2.08325270e-02
 -2.10927000e-02 -2.14326397e-02 -2.18020647e-02 -2.20691971e-02
 -2.23452216e-02 -2.26302157e-02 -2.29623155e-02 -2.32548995e-02
 -2.35199593e-02 -2.38060832e-02 -2.40804392e-02 -2.43063069e-02
 -2.45355990e-02 -2.48803761e-02 -2.51480577e-02 -2.53617161e-02
 -2.55665240e-02 -2.58469914e-02 -2.60478351e-02 -2.62459015e-02
 -2.64881273e-02 -2.67171845e-02 -2.69306845e-02 -2.70029354e-02
 -2.72127275e-02 -2.74095949e-02 -2.75129560e-02 -2.76979841e-02
 -2.78592606e-02 -2.79339459e-02 -2.80448229e-02 -2.81714086e-02
 -2.82923030e-02 -2.84471733e-02 -2.85028207e-02 -2.85789227e-02
 -2.86769815e-02 -2.87038276e-02 -2.87466641e-02 -2.87939578e-02
 -2.88581098e-02 -2.88258856e-02 -2.88131114e-02 -2.87563502e-02
 -2.87316933e-02 -2.87558537e-02 -2.86722260e-02 -2.86335957e-02
 -2.85961752e-02 -2.85061075e-02 -2.84079745e-02 -2.83396466e-02
 -2.82593801e-02 -2.81395785e-02 -2.79796276e-02 -2.78419583e-02
 -2.76947760e-02 -2.74496717e-02 -2.72960104e-02 -2.71205519e-02
 -2.69133039e-02 -2.65848883e-02 -2.63931640e-02 -2.62026306e-02
 -2.58494342e-02 -2.56561844e-02 -2.53673288e-02 -2.50401391e-02
 -2.47520402e-02 -2.44501910e-02 -2.41341492e-02 -2.37939654e-02
 -2.34337655e-02 -2.30421740e-02 -2.26707503e-02 -2.21960394e-02
 -2.18047347e-02 -2.14319519e-02 -2.09710233e-02 -2.05060724e-02
 -2.00537024e-02 -1.95616852e-02 -1.90774033e-02 -1.86275546e-02
 -1.80340328e-02 -1.75954415e-02 -1.70748545e-02 -1.65114870e-02
 -1.60354137e-02 -1.53748343e-02 -1.48299343e-02 -1.42840723e-02
 -1.37006314e-02 -1.30483775e-02 -1.24837548e-02 -1.17721116e-02
 -1.11092662e-02 -1.05251169e-02 -9.78620020e-03 -9.15053525e-03
 -8.51428043e-03 -7.81779768e-03 -7.09837818e-03 -6.37244954e-03
 -5.67545063e-03 -5.08221907e-03 -4.38775806e-03 -3.57067745e-03
 -2.87830058e-03 -2.07164214e-03 -1.29050195e-03 -5.74318179e-04
  1.54860513e-04  1.01909748e-03  1.77543218e-03  2.53705112e-03
  3.40963583e-03  4.15903070e-03  4.99136250e-03  5.65343545e-03
  6.42215628e-03  7.45820223e-03  8.18683233e-03  9.01624312e-03
  9.73568899e-03  1.04858333e-02  1.12629902e-02  1.22102868e-02
  1.30494912e-02  1.39066834e-02  1.46817169e-02  1.54988304e-02
  1.63116995e-02  1.71524750e-02  1.80581591e-02  1.88946718e-02
  1.97117535e-02  2.04318782e-02  2.11114024e-02  2.19983478e-02
  2.28349029e-02  2.37963350e-02  2.44010132e-02  2.51568265e-02
  2.59000887e-02  2.66883857e-02  2.75916539e-02  2.83423862e-02
  2.91451517e-02  2.98693538e-02  3.05299649e-02  3.11966090e-02
  3.20458177e-02  3.28765977e-02  3.36195950e-02  3.43528279e-02
  3.48561265e-02  3.54484517e-02  3.60107424e-02  3.69534370e-02
  3.75713530e-02  3.80513076e-02  3.85788703e-02  3.91922348e-02
  3.97752664e-02  4.03808466e-02  4.11016632e-02  4.17851942e-02
  4.22998855e-02  4.27577535e-02  4.31420355e-02  4.36010574e-02
  4.40984588e-02  4.47876518e-02  4.51386832e-02  4.53643868e-02
  4.56278299e-02  4.61692845e-02  4.65874462e-02  4.70190917e-02]
