Frame: 12
temp_s_est shape: (1024,)
temp_s_est dtype: float64
temp_s_est:
[ 8.95990488e-05 -1.84000472e-05  1.59055907e-05  9.38330510e-05
 -1.23923049e-05 -2.40974680e-05 -4.62143497e-05  8.38791469e-05
  4.45306594e-05 -1.34651504e-05  2.84983064e-04  2.03178953e-04
 -1.31907083e-04  1.29836054e-04  1.77467415e-04  2.66651495e-04
 -1.22207143e-04  2.29036109e-05 -9.94303433e-05  2.06350403e-04
  8.77523074e-05  1.58459165e-05  1.43569636e-04  2.11126166e-04
  1.85592297e-04  9.35796453e-05  8.81270092e-05  1.69494180e-04
  5.66601742e-05  1.87685088e-04  6.79136285e-06  2.15725894e-04
  1.08205917e-04 -1.79623493e-05  2.49984734e-04  3.38008583e-04
 -5.89718493e-05 -4.90611771e-05  1.09810600e-04 -1.32916833e-05
  6.92805783e-05  8.38582125e-05  2.22134706e-05  2.90012877e-04
  4.53686214e-05  1.77198538e-04  2.51734734e-04  1.79922489e-04
  1.51359010e-04  1.51020999e-04  1.25315743e-04  3.19241937e-05
  2.09992275e-04  1.48971921e-04  4.11803446e-05  3.00894967e-04
  1.90234561e-04 -7.99386508e-05  2.50073012e-04  1.14693566e-04
  1.97863360e-04  1.03991855e-04  6.54281199e-05  4.24182725e-05
 -4.89593306e-05  2.92249730e-05  8.55488598e-05  6.59822216e-05
  1.29940960e-04  2.50414385e-04  2.41680139e-04 -2.88451796e-05
  2.02121149e-04  2.13322901e-04 -1.05786526e-05  1.00754530e-05
  8.60046896e-05  1.53730534e-04  4.74921303e-06  5.94434067e-05
  3.57874408e-04  1.01382350e-04  3.86011375e-04  7.48977041e-05
  2.61191175e-04 -6.11282543e-06  1.00077039e-04  1.78693447e-04
  1.03851157e-05 -1.17313076e-04  1.42423033e-04  6.13340102e-05
  1.54178193e-04  2.38189675e-04  2.59754588e-04  5.85570578e-05
  1.31777965e-04  1.63721892e-04 -2.38759602e-05 -3.80299602e-06
  1.42210084e-04  5.32383521e-05 -7.55526220e-05  5.89232820e-05
 -1.37664049e-04  2.14395977e-04 -6.43398932e-05 -4.70852349e-07
  1.47816082e-04 -6.32678728e-05  2.89333495e-05 -1.86717844e-06
 -7.57695549e-05 -1.02740668e-04  2.43090280e-04  1.34438135e-04
 -2.60201148e-04  1.68318734e-04  1.53491316e-04  1.27581726e-04
  4.40328582e-05  2.79093721e-05  2.71011359e-05 -6.28670174e-05
 -1.10404038e-04 -3.12374683e-05  4.03503095e-05  6.25269592e-05
  7.38427030e-05 -2.67388649e-05 -2.59298926e-04 -1.14813042e-04
  1.39576472e-04 -2.74215315e-04 -7.89484147e-05  2.46839254e-04
  6.98155716e-05  7.28998342e-05 -1.87222758e-06  1.26574421e-04
  3.17933758e-05 -2.06437445e-05  7.20526962e-05 -1.89647993e-04
  4.55090318e-05  9.89893242e-06 -3.08866285e-06 -2.11726855e-04
 -2.32173448e-04 -1.71432841e-04  5.46406015e-05 -1.80679538e-04
 -1.23557733e-04 -1.95176537e-04 -1.87543618e-04 -1.20824129e-04
  2.72237454e-06 -3.80612147e-04 -2.19394085e-04  5.24903848e-05
 -1.25544176e-04 -2.93460727e-04 -3.88327808e-04 -1.49726017e-04
 -3.03915168e-04 -5.98514887e-07 -1.34205721e-04 -2.58605877e-04
 -4.29511107e-05  4.11774644e-05 -9.17460316e-05 -4.67148162e-04
 -1.66280666e-04  3.45802191e-07 -3.92306707e-04 -2.90999689e-04
 -1.29984584e-04  1.10351812e-04 -2.60009422e-04 -1.49336767e-04
  2.81477214e-06 -3.30055756e-04 -4.31318936e-04 -7.15845943e-05
 -1.41236011e-04 -2.50584966e-04 -2.92122471e-04  5.34508127e-05
 -5.68402723e-04 -3.09334432e-04 -8.67769364e-05 -2.37181919e-04
 -1.21822000e-04 -2.67725915e-04 -2.14016494e-04 -1.61354759e-04
 -5.18296442e-04 -9.26330611e-05 -2.84264803e-04 -1.10273675e-04
 -4.77798544e-04 -4.43872447e-04 -4.96418300e-04 -5.51301086e-04
  1.80689821e-04 -3.78605097e-04 -3.73752581e-04  1.36737760e-04
 -2.39117906e-04 -2.15673938e-04 -6.49359498e-04 -1.50755002e-04
 -5.05503914e-04 -7.16020652e-04 -3.82339996e-04 -4.28580394e-04
 -3.79102042e-04 -6.67272214e-04 -8.27749569e-05 -1.07748950e-04
 -9.26151254e-04 -7.15715874e-05 -6.01610461e-04 -5.06599800e-04
 -5.80527725e-04 -4.40032513e-04 -4.86502688e-04 -5.90657703e-04
 -2.62615640e-04 -4.76873581e-04 -1.10723952e-04 -1.37947337e-04
  2.88989633e-05 -3.98192601e-04 -4.31022629e-04 -3.28012072e-04
 -1.71321783e-04 -7.39420650e-04 -5.76893709e-04 -2.21395533e-04
 -5.71444263e-04 -1.00496510e-03 -1.54325001e-04 -4.71421217e-04
 -2.90488112e-04 -4.42364458e-04 -3.97540948e-04 -7.69615846e-04
 -6.18431728e-04 -3.96676961e-04 -6.18370916e-04 -4.31284214e-04
 -3.89136122e-04 -6.42688831e-04 -4.36558737e-04 -8.31241090e-04
 -5.07773286e-04 -4.59133827e-04 -8.12995880e-04 -5.11292720e-04
 -3.65084710e-04 -8.58347488e-04 -6.63116833e-04 -2.26469513e-04
 -9.40822872e-04 -9.39559457e-04 -5.49321546e-05 -7.50042591e-04
 -1.07852942e-03 -5.51840962e-04 -8.27722248e-04 -4.65859637e-04
 -2.80846644e-04 -9.54265356e-04 -8.09505220e-04 -8.73937214e-04
 -4.98849853e-04 -2.08001747e-04 -7.97461828e-04 -6.03101158e-04
 -3.81415467e-04 -1.99447179e-04 -1.21855826e-03 -1.07606708e-03
 -5.71491637e-04 -1.06046259e-03 -6.14330167e-04 -6.83897528e-04
 -5.59166490e-04 -4.83988040e-04 -6.31265520e-04 -3.58501904e-04
 -5.64685735e-04 -7.22321882e-04 -6.28737000e-04 -5.66232798e-04
 -4.87691956e-04 -8.95862298e-04 -4.89576907e-04 -1.01160687e-03
 -6.18089233e-04 -2.30616074e-04 -5.95538222e-04 -1.18204580e-03
 -4.87164484e-04 -6.13121609e-04 -1.59864824e-03 -9.61931125e-04
 -1.26199984e-03 -1.19753391e-03 -1.20064039e-03 -8.61975137e-04
 -6.90302461e-04 -1.18155381e-03 -4.51025192e-04 -8.36054791e-04
 -5.73051084e-04 -1.11058370e-03 -6.96224492e-04 -4.81289903e-04
 -1.08974748e-03 -4.72834441e-04 -5.93374074e-04 -1.08186108e-03
 -8.20449141e-04 -7.52301090e-04 -5.47029999e-04 -1.17673149e-03
 -1.04422324e-03 -4.10236510e-04 -9.34263257e-04 -8.19483630e-04
 -1.11404033e-03 -2.79547947e-04 -8.87743598e-04 -1.14008655e-03
 -5.89381639e-04 -1.34586155e-03 -5.58111441e-04 -4.23823429e-04
 -8.89399759e-04 -6.60410649e-04 -7.02767191e-04 -1.48123466e-04
 -9.62356367e-04 -9.18292106e-04 -8.18170409e-04 -1.60351660e-03
 -1.32496665e-03 -1.36173425e-03 -7.05229629e-04 -1.09549736e-03
 -1.24664626e-03 -4.58862808e-04 -6.61435275e-04 -5.42015437e-04
 -1.13138413e-03 -5.77774657e-04 -1.17300346e-03 -5.64781708e-04
 -3.47390286e-04 -1.29186609e-03 -1.10258392e-03 -7.43188752e-04
 -1.26457911e-03 -7.83138138e-04 -1.04186743e-03  3.76012018e-05
 -1.37441662e-03 -9.16989532e-04 -1.16283101e-03 -1.03502978e-03
 -1.30085401e-03 -7.63735622e-04 -8.04844115e-04 -1.15961304e-03
 -1.02645827e-03 -9.52017886e-04 -7.97485587e-04 -6.20358216e-04
 -8.40728922e-04  5.62637759e-05 -1.02660026e-03 -7.53733355e-04
 -2.81197595e-04 -9.76844315e-04 -1.02249687e-03 -9.38329455e-04
 -5.06664338e-04 -1.72151004e-03 -1.51509249e-03 -2.75183853e-04
 -7.23147722e-04 -1.10067598e-03 -6.20307768e-04 -6.51265315e-04
 -6.36428380e-04 -1.25092509e-03 -8.98713521e-04 -1.03095315e-03
 -7.37288724e-04  1.13717778e-04 -6.63320114e-04 -1.03560166e-03
 -5.40779364e-04 -2.97908827e-04 -4.96266663e-04 -1.32605475e-03
  1.47239177e-05 -5.20536153e-04 -1.30539148e-03 -4.99039504e-04
 -1.88115492e-04 -3.73961152e-04 -9.83714880e-04 -4.86434100e-04
 -4.59887230e-04 -1.40980135e-03 -2.76612862e-04 -1.17273878e-03
 -1.67776586e-04 -8.69354863e-04 -1.07659354e-04 -5.53175103e-05
 -1.19416101e-03 -2.56521587e-05 -9.33569690e-05 -2.58398988e-04
 -1.02420719e-03 -7.13820391e-04 -4.52384797e-04 -1.49861265e-03
  1.49414527e-04 -7.33115994e-04 -1.45363026e-03 -5.62163000e-04
 -5.06797823e-04 -5.25581936e-04 -7.14575725e-04  3.45249100e-05
 -7.87507847e-06 -2.41868997e-04 -6.69243043e-04 -6.51884916e-04
 -3.67536115e-04 -1.06626263e-03  1.88329314e-04 -3.30085689e-04
 -4.20222322e-04 -5.11959900e-05 -1.85302809e-04 -2.20472160e-04
 -1.15095914e-03  1.34869182e-04 -8.32416028e-04 -1.12738871e-03
 -4.37275335e-04 -1.42985922e-03 -1.16328117e-03 -7.05383664e-04
 -1.90254971e-04 -3.96398469e-04 -8.29969592e-04 -3.47987298e-04
  1.47690745e-04  5.21354925e-05 -5.21936018e-04  2.93237740e-04
  9.19708885e-06 -1.16311031e-03 -2.05523425e-04 -6.65678810e-04
 -6.85301588e-04 -2.82354321e-05  9.23027131e-05 -5.40450428e-07
 -4.66548852e-04  3.49712312e-04 -6.49161911e-05 -3.68392150e-05
 -1.59078188e-04 -5.80390663e-05  2.36182426e-04 -6.65304287e-04
 -1.26744330e-04  6.06532596e-04 -5.60581847e-04 -4.22257291e-04
  8.50879157e-04 -2.41863420e-04 -8.44732280e-05  5.09859958e-04
 -1.25933006e-04 -7.75935614e-04  1.29692329e-04 -8.12104412e-04
 -6.38034291e-04 -2.88659627e-04 -2.98603502e-04 -6.60417488e-04
  1.34877556e-04 -1.44390822e-04  4.88620128e-04  2.10047894e-05
 -2.40278194e-04  2.72722801e-04  2.45858196e-04 -8.04918950e-04
  4.93557959e-04 -5.73519184e-05 -8.71617791e-04  3.19382952e-04
 -1.19739406e-04 -4.23188094e-04 -8.71125974e-04  5.69618610e-04
 -2.66777298e-04 -1.08548500e-04  3.40480032e-04  2.15407986e-04
  7.41569564e-05 -5.61329500e-04 -2.44465004e-04  3.29797933e-04
 -4.84367881e-04  8.64332154e-05  6.15005083e-04  3.37486863e-04
 -3.06997361e-04  1.11969411e-03  8.39688780e-04 -1.53599191e-04
  5.41458261e-04  1.11870108e-03 -6.86990860e-04  1.04860703e-04
 -4.15021610e-04  1.54240467e-04  7.90629575e-05  3.68755203e-05
  1.36780583e-04 -5.95652028e-04  2.05531595e-04  8.45784351e-04
  4.38917106e-05  3.04443744e-04 -3.89067629e-04  1.09581866e-03
 -5.24089236e-05 -6.39463427e-05  4.49490332e-04 -1.00940905e-04
  3.85307894e-04 -1.92473891e-04  2.96264619e-04 -2.29423796e-05
 -8.79517042e-05  1.17678484e-03 -1.70906275e-04  2.42110793e-04
 -5.52247905e-05  1.16452597e-03  5.04715176e-04 -1.26645475e-04
  1.04851119e-03  4.39715668e-05  4.07341151e-04  4.47514372e-04
  2.38410502e-04  3.48742260e-04  2.80401367e-04  1.54969811e-03
 -1.11055139e-04  9.25530075e-04  7.32597684e-04  6.15086459e-04
  6.39328443e-04 -3.61622641e-05  8.97283011e-04 -8.80588739e-04
  4.76817302e-06  9.73066259e-05  3.37591039e-05  1.68132546e-04
  5.54616387e-04  1.29390882e-03  3.83892390e-04  4.75353339e-04
  1.19869932e-03  4.66095293e-04  1.05508877e-03  5.75975297e-04
  9.12024046e-04 -9.27069654e-05  1.85838231e-04  7.15224242e-04
  4.52925018e-04  5.51555044e-04  6.70246011e-04  8.29944101e-04
  5.42697595e-04  3.74216098e-04  9.48368034e-04  9.66506547e-05
 -1.57759553e-04  3.93661873e-04  6.20135013e-04  1.09682912e-06
  2.99120855e-04  8.85301786e-04  8.55621279e-04  3.32849280e-04
  1.36828381e-03  1.21356524e-03  4.56765078e-04  5.49104145e-04
  1.13886884e-03  5.86558925e-04 -3.93975202e-04  5.54907552e-04
  4.93645856e-04 -6.39374888e-05  5.65666986e-04  7.01663535e-04
  1.10342317e-03  7.77209253e-04  1.22536938e-03  1.38746083e-03
  9.05388583e-04  1.06422563e-03  2.23753625e-04  9.09073084e-04
  8.16012652e-04  9.97491418e-04  1.35447755e-03  6.76623181e-04
  1.07841075e-03  1.40029676e-03  5.81339843e-04  9.18473068e-05
  9.44807001e-04  1.05611321e-03  4.11555584e-04  7.93156991e-04
  3.82497354e-04  8.97439652e-04  9.65051492e-04  3.84062789e-04
  8.26059703e-04  4.62055240e-04  1.13811695e-03  9.75679766e-04
  9.63777012e-04  9.65997915e-04  2.05577543e-03  9.52682867e-04
  9.78349052e-05  1.04432769e-03  5.90148693e-04 -1.68882386e-04
  5.01276273e-04  6.02723220e-04  2.19461645e-04  5.72127575e-04
  8.83590796e-04  5.46591590e-04  7.83693119e-04  7.34025147e-04
  7.37894157e-04  1.01495758e-03  3.74337648e-04  2.24801089e-04
  1.25422654e-03  7.02867168e-04  1.33153609e-03  1.06666905e-03
  6.41822978e-04  7.18852010e-04  1.29444907e-03  1.36153260e-03
 -2.98047605e-05  1.26214407e-03  1.53383901e-03  6.57115403e-04
  1.23844394e-03  5.35512926e-04  9.05522129e-04  7.40352849e-04
  2.15819994e-04  5.28963622e-04  3.39584348e-04  1.01100632e-03
  1.07679614e-03  1.14839553e-03  8.45074325e-04  1.08551453e-03
  1.41703973e-03  4.09399185e-04  1.05453981e-03  9.81361283e-04
  6.81646014e-04  5.57175878e-04  7.94381333e-04  4.54806369e-04
  5.26069605e-05  1.13704293e-03  5.70976685e-04  8.03091099e-04
  9.59475977e-04  5.86451026e-04  9.60672408e-04  7.28906965e-04
  1.18428932e-03  1.38221421e-03  5.29439429e-04  1.01529593e-03
  6.61033209e-04  9.06783166e-04 -1.73389803e-04  1.50808654e-03
  7.34237256e-04  6.79826691e-04  8.50662723e-04  1.02753756e-03
  7.96587401e-04  3.19816973e-04  7.99284285e-04  5.48978696e-04
  1.39540864e-04  9.94554815e-06  1.39235493e-04  7.54803866e-04
  1.03439243e-04  5.92200259e-04  1.14639725e-03  3.93264245e-04
  1.17547985e-03  1.40752806e-03  4.02280832e-04  7.57097463e-04
  1.02428996e-03  6.38421796e-04  9.10000396e-05  5.18240121e-04
  6.60608458e-04  3.00840836e-04  6.55855733e-04  6.05377860e-04
  4.89993376e-04  7.13237518e-04  4.86177223e-04  7.79812378e-04
  6.62616888e-04  2.68764943e-05  6.98012310e-04  3.68279861e-04
  2.60526950e-04  4.46156344e-04  1.29578739e-03  3.16061843e-04
  9.09903418e-04  1.10422069e-03  5.95152118e-04  7.32482754e-04
  8.53784450e-04  5.33809068e-04  3.46700246e-04  1.43871760e-04
  6.72204376e-04  4.55410874e-05  5.34433872e-04  6.34661828e-04
  8.07850539e-04  5.36946751e-04  3.31214976e-04  1.08227567e-03
  2.73459845e-04  7.02165479e-04  1.14063219e-03  6.52212094e-04
  4.51506158e-04  5.77206821e-04  7.00009938e-04  8.44657445e-05
  4.18436241e-04  4.69173281e-04  5.58685197e-04  4.30221095e-04
  2.07630874e-04  6.87818482e-04  9.45751927e-05  1.99675708e-04
  5.62382368e-04  2.12567231e-04  3.25927200e-04  1.66747577e-04
  5.79507874e-04  3.38367760e-04  3.89135353e-04  6.80116630e-04
  3.42439755e-04  3.44561113e-04  2.89279787e-04  7.06170832e-04
  3.81388731e-04  2.35518172e-04  8.41635151e-04  6.30745733e-04
  1.09039588e-05  5.04224972e-04  2.93903797e-04  9.47231428e-05
 -1.47253301e-05  3.54149205e-04  1.98405381e-04 -1.02808968e-05
  5.13533676e-04  3.62467942e-04  5.47005281e-04  2.96657322e-04
  5.02354341e-04  4.52477914e-04  3.26769844e-05  4.46252271e-04
  1.80434660e-04  1.88686401e-04  7.50036232e-05  5.00198193e-04
  3.97036073e-04  2.98697529e-04  7.10112177e-04  2.37735271e-04
  1.00988983e-04  5.68297645e-04  4.15303735e-04  3.11050913e-04
  1.65656475e-04  2.48264839e-04  3.18925588e-04  4.07627256e-05
  4.42882174e-05  4.71506553e-05  4.40670516e-04  1.46325197e-04
  5.37335813e-04  8.39699275e-05  1.86880536e-04  4.37913078e-04
  4.00781294e-04  9.50971011e-06  8.48424765e-05  3.58831539e-04
  1.33115618e-04 -1.21638643e-04  1.66460144e-04 -1.29278021e-04
  1.63490101e-04  2.37010539e-04  4.80654152e-04  3.00172630e-04
  1.14019207e-04  4.32912702e-04  2.86587126e-04  2.10760029e-04
 -3.83729624e-05  4.44966708e-04 -1.39401402e-06  5.49537604e-05
  2.06161560e-04  1.99412089e-04  1.06817244e-04  1.93354791e-04
  1.43003518e-04  3.16784028e-04  2.55201676e-04  6.13823819e-05
  1.72139495e-04  5.64228926e-05 -9.69315536e-05  1.41193371e-05
 -4.50118426e-05  4.77279315e-05  7.75617943e-05  2.92821300e-04
 -3.81126741e-05  3.96045200e-04  1.76923482e-04  7.68743556e-05
  3.00778748e-04  2.35614517e-04 -3.23324466e-05 -1.61610730e-04
 -8.23046123e-05  6.62306483e-05 -1.20942463e-04  1.72792611e-04
 -1.13769261e-04  2.97494935e-04  8.67274192e-05  4.02825554e-05
  7.93740403e-05 -1.19887720e-04  5.91917594e-06  4.37579395e-05
 -1.09898581e-04 -2.04463640e-04  3.45176539e-05  1.81098742e-04
 -1.49475353e-04  1.73300016e-04  1.25199118e-04 -2.12973859e-04
  3.43730558e-05  3.38359229e-06  1.97086016e-05 -1.76925802e-05
  1.81657650e-04 -9.48187841e-05  4.88262047e-05 -1.17147605e-05
 -2.49265729e-05  1.62858803e-04 -4.44785310e-05  1.97402232e-04
  2.48042805e-04 -5.68477147e-05 -1.18660198e-04  1.21103048e-04
  6.60962631e-05 -2.55091839e-04  1.31362018e-04 -3.90209517e-06
 -9.12943473e-05 -8.75441646e-05 -8.23917950e-05 -7.41462565e-05
 -6.79981559e-06 -2.53622723e-04 -7.89439240e-05 -2.11340067e-04
 -3.10682331e-05 -3.40297385e-05 -5.77343160e-05 -1.03529251e-04
  4.30146942e-05 -7.13819384e-06 -1.66090937e-04 -8.57442842e-05
  5.63639931e-05 -2.57670325e-04 -1.72033812e-04 -1.45286523e-04
 -1.66051774e-04 -1.35835841e-04 -8.62535230e-05  1.28629294e-04
  3.31970672e-06 -1.16471127e-05  3.52553667e-05 -2.08604703e-05
 -5.90665608e-05 -3.27422565e-04  3.89696596e-05 -2.33927944e-04
 -2.38033783e-06  3.07960238e-05 -7.87270354e-05 -6.82987728e-05
  8.85853262e-05  3.77623464e-05 -1.97687138e-04 -9.06779782e-05
 -2.30426453e-05 -7.57489546e-06 -1.21380053e-04 -1.04281857e-04
 -9.69707136e-05  9.28383209e-05 -1.16548665e-04  4.68549327e-05
 -4.57290005e-05  2.02550770e-04  3.48991928e-05  1.49709185e-04
 -1.76055315e-04  1.37477141e-05  1.63961101e-04 -1.59352977e-04
 -7.79108080e-06 -9.45888741e-05 -2.95096538e-05 -2.36065014e-04
  2.33375857e-05  1.44327045e-04 -2.24411582e-05 -4.61649835e-05
 -2.96604133e-05  1.20974368e-05 -1.28449214e-04 -1.53850909e-04
  2.70352970e-05 -2.19088727e-04 -1.23045228e-04 -7.02077391e-05
  3.47053069e-05 -1.57574615e-04  6.14936477e-05  8.49813555e-05
 -1.11035166e-04  8.37045505e-05  7.05041078e-05  5.12879922e-05
 -9.27939737e-05  5.66635760e-05  2.39667581e-04 -1.14604844e-05
 -1.23460232e-04  1.24403989e-04  4.14073967e-05 -1.12334743e-04
  2.35496842e-06 -1.41862634e-04  8.09399201e-05  1.07821760e-04]
