Frame: 114
temp_s_est shape: (1024,)
temp_s_est dtype: float64
temp_s_est:
[-9.73174434e-03 -9.79453846e-03 -9.99229053e-03 -1.01418319e-02
 -1.06814319e-02 -1.07626974e-02 -1.10396058e-02 -1.11724748e-02
 -1.15515293e-02 -1.15665449e-02 -1.19456496e-02 -1.19679563e-02
 -1.23132981e-02 -1.24919815e-02 -1.27501354e-02 -1.28617351e-02
 -1.31170711e-02 -1.31454033e-02 -1.33023038e-02 -1.35210038e-02
 -1.36702068e-02 -1.39641796e-02 -1.40918891e-02 -1.44225734e-02
 -1.44600273e-02 -1.43929976e-02 -1.41855199e-02 -1.47391786e-02
 -1.46603558e-02 -1.49992103e-02 -1.51555160e-02 -1.52660616e-02
 -1.51845102e-02 -1.53161597e-02 -1.51976236e-02 -1.55919205e-02
 -1.53808997e-02 -1.55780236e-02 -1.59184483e-02 -1.57783016e-02
 -1.57663486e-02 -1.57623511e-02 -1.56558417e-02 -1.57652312e-02
 -1.57685149e-02 -1.56754495e-02 -1.61149651e-02 -1.59076778e-02
 -1.60148955e-02 -1.55603016e-02 -1.55301384e-02 -1.53760249e-02
 -1.56769777e-02 -1.52942359e-02 -1.57471955e-02 -1.52735447e-02
 -1.50875799e-02 -1.47660296e-02 -1.51353865e-02 -1.47195739e-02
 -1.48915355e-02 -1.43565452e-02 -1.44851744e-02 -1.39436001e-02
 -1.41196702e-02 -1.40253970e-02 -1.38233811e-02 -1.32370963e-02
 -1.36332560e-02 -1.31353729e-02 -1.30865079e-02 -1.25863821e-02
 -1.26357085e-02 -1.26479656e-02 -1.22254746e-02 -1.14919441e-02
 -1.13925535e-02 -1.15747107e-02 -1.12172450e-02 -1.07653146e-02
 -1.02173185e-02 -1.07706240e-02 -1.02918206e-02 -1.01153602e-02
 -9.08152893e-03 -9.36811898e-03 -8.38091058e-03 -7.90617288e-03
 -7.70626046e-03 -8.54517426e-03 -7.47427189e-03 -7.23329094e-03
 -6.47961214e-03 -6.37229731e-03 -5.93125556e-03 -5.49608568e-03
 -5.19906709e-03 -5.64219813e-03 -4.45909215e-03 -3.96435275e-03
 -3.79922027e-03 -2.94106237e-03 -3.23914987e-03 -2.19586766e-03
 -2.21293816e-03 -2.18980033e-03 -2.06499628e-03 -9.10586218e-04
 -1.41851348e-03  3.12143767e-04  4.69110926e-04  1.58673747e-03
  9.63857614e-04  1.14051378e-03  1.12364972e-03  2.45735794e-03
  2.20590979e-03  3.44331606e-03  4.04621386e-03  3.80222412e-03
  4.17661941e-03  4.75488065e-03  5.02935384e-03  5.57819622e-03
  5.82436196e-03  6.36602108e-03  7.19901594e-03  6.54793576e-03
  7.94615762e-03  8.03239018e-03  8.35849568e-03  8.11013459e-03
  8.33103440e-03  8.94855575e-03  1.05108567e-02  1.02507086e-02
  1.11623681e-02  1.06292361e-02  1.17152418e-02  1.11618934e-02
  1.14990115e-02  1.21149328e-02  1.27836308e-02  1.21489352e-02
  1.32712051e-02  1.38227193e-02  1.48180596e-02  1.45046302e-02
  1.48249699e-02  1.48265604e-02  1.48630026e-02  1.45907575e-02
  1.59895669e-02  1.64309425e-02  1.67038585e-02  1.66513927e-02
  1.65813361e-02  1.66233762e-02  1.67597931e-02  1.73806912e-02
  1.80206823e-02  1.81329236e-02  1.77600923e-02  1.84513205e-02
  1.76346540e-02  1.90266538e-02  1.79321954e-02  1.77854387e-02
  1.85952763e-02  1.98131434e-02  1.91405646e-02  1.98579086e-02
  1.93135137e-02  1.95073455e-02  1.83877784e-02  1.83150610e-02
  1.96723316e-02  2.01406290e-02  1.94945622e-02  1.99582671e-02
  2.01241887e-02  1.92767315e-02  1.95864130e-02  1.91524874e-02
  2.03307228e-02  1.95533657e-02  1.91752906e-02  1.89637596e-02
  1.99007123e-02  1.89168141e-02  1.97849581e-02  1.78640772e-02
  1.92560122e-02  1.87945433e-02  1.87283121e-02  1.85374110e-02
  1.93206264e-02  1.82632365e-02  1.78077888e-02  1.71074933e-02
  1.79218287e-02  1.73539594e-02  1.67703498e-02  1.71413251e-02
  1.68857324e-02  1.65903736e-02  1.65392526e-02  1.66914988e-02
  1.60881297e-02  1.53996210e-02  1.49598659e-02  1.50496999e-02
  1.42930182e-02  1.47685288e-02  1.46715904e-02  1.41350932e-02
  1.30568018e-02  1.31308638e-02  1.24156503e-02  1.29877195e-02
  1.23152702e-02  1.20051786e-02  1.14670930e-02  1.12179574e-02
  1.06206381e-02  1.01962495e-02  9.49424072e-03  1.00799282e-02
  9.19706436e-03  8.74042932e-03  8.94580787e-03  8.51294823e-03
  7.65542854e-03  7.02520500e-03  6.57144674e-03  6.47008257e-03
  5.82366317e-03  5.68750256e-03  6.20943567e-03  4.90809431e-03
  4.33142523e-03  4.11562614e-03  3.67324523e-03  3.09901634e-03
  3.30834330e-03  2.28768533e-03  2.32565897e-03  1.44429720e-03
  1.16492883e-03  6.23334055e-04  4.13947410e-04 -2.21552742e-04
 -3.59290947e-04 -1.12955469e-03 -8.77306405e-04 -1.45046917e-03
 -2.19955027e-03 -2.52389029e-03 -2.91762424e-03 -3.43838525e-03
 -4.02205346e-03 -4.07935993e-03 -4.23687604e-03 -4.85460624e-03
 -5.49485970e-03 -5.41125604e-03 -6.11135802e-03 -6.34935783e-03
 -6.74855808e-03 -6.76737464e-03 -7.61801721e-03 -7.74944376e-03
 -8.19951271e-03 -8.08495498e-03 -8.83055791e-03 -8.94407657e-03
 -9.62325661e-03 -9.70481384e-03 -1.00021079e-02 -1.01609949e-02
 -1.06919450e-02 -1.06317593e-02 -1.10604784e-02 -1.14971119e-02
 -1.18841430e-02 -1.20308005e-02 -1.21033609e-02 -1.24855284e-02
 -1.27164698e-02 -1.26388377e-02 -1.30158092e-02 -1.34003919e-02
 -1.34292324e-02 -1.38750106e-02 -1.40492180e-02 -1.42423290e-02
 -1.42073691e-02 -1.43533803e-02 -1.44704695e-02 -1.46435057e-02
 -1.47249096e-02 -1.52501557e-02 -1.51289533e-02 -1.51528055e-02
 -1.52296248e-02 -1.53483063e-02 -1.54106761e-02 -1.56089978e-02
 -1.56475119e-02 -1.58558991e-02 -1.58634151e-02 -1.57982451e-02
 -1.58580100e-02 -1.57541794e-02 -1.58499068e-02 -1.59120934e-02
 -1.58417344e-02 -1.59479690e-02 -1.60797644e-02 -1.58068020e-02
 -1.58690037e-02 -1.59086177e-02 -1.57827874e-02 -1.56518339e-02
 -1.57502403e-02 -1.57308430e-02 -1.56202273e-02 -1.53397886e-02
 -1.53785493e-02 -1.53455609e-02 -1.51629879e-02 -1.49892380e-02
 -1.50364819e-02 -1.48925865e-02 -1.47238130e-02 -1.45476029e-02
 -1.45186877e-02 -1.43433005e-02 -1.41699540e-02 -1.39747128e-02
 -1.38080886e-02 -1.36505547e-02 -1.35172959e-02 -1.33135097e-02
 -1.31930972e-02 -1.30422094e-02 -1.27567991e-02 -1.25294703e-02
 -1.23624559e-02 -1.22012188e-02 -1.18916546e-02 -1.17254381e-02
 -1.15977408e-02 -1.13529634e-02 -1.10143607e-02 -1.08795507e-02
 -1.06586805e-02 -1.03805699e-02 -1.00708293e-02 -9.93593175e-03
 -9.70378487e-03 -9.43068292e-03 -9.10217763e-03 -8.92601497e-03
 -8.60235862e-03 -8.31107420e-03 -8.08715597e-03 -7.87005661e-03
 -7.62055501e-03 -7.37817795e-03 -7.07922333e-03 -6.80536212e-03
 -6.51743184e-03 -6.24703511e-03 -5.97642275e-03 -5.74668061e-03
 -5.43316371e-03 -5.15824202e-03 -4.86203255e-03 -4.68092149e-03
 -4.38814984e-03 -4.05829887e-03 -3.83269147e-03 -3.66650557e-03
 -3.28946881e-03 -2.98904841e-03 -2.79749696e-03 -2.57117414e-03
 -2.21063383e-03 -1.89206009e-03 -1.69021938e-03 -1.47256127e-03
 -1.14702349e-03 -9.26318557e-04 -6.96701572e-04 -4.37962462e-04
 -1.78599509e-04  9.37589233e-05  3.17499422e-04  5.77756125e-04
  8.21711652e-04  1.10943030e-03  1.30048801e-03  1.51856609e-03
  1.75492551e-03  1.98863588e-03  2.17113964e-03  2.43724924e-03
  2.66242320e-03  2.89161681e-03  3.02713742e-03  3.26519351e-03
  3.52953787e-03  3.69467538e-03  3.84214669e-03  4.06793795e-03
  4.32273690e-03  4.39538562e-03  4.57512524e-03  4.83811648e-03
  5.02239514e-03  5.11363136e-03  5.29274619e-03  5.47361166e-03
  5.70878915e-03  5.79180042e-03  5.95404980e-03  6.13009822e-03
  6.25044507e-03  6.34463615e-03  6.48585320e-03  6.62239570e-03
  6.79485356e-03  6.86260996e-03  6.97686319e-03  7.13266272e-03
  7.27739805e-03  7.33912276e-03  7.42598118e-03  7.55671281e-03
  7.62661660e-03  7.63912809e-03  7.73383837e-03  7.89439448e-03
  7.95869415e-03  7.96698567e-03  8.05801044e-03  8.15513563e-03
  8.18669265e-03  8.22176156e-03  8.31197316e-03  8.37263137e-03
  8.35367912e-03  8.39847418e-03  8.44907877e-03  8.48898120e-03
  8.48411033e-03  8.51386606e-03  8.55291673e-03  8.57158442e-03
  8.56668324e-03  8.61337094e-03  8.58910016e-03  8.61395696e-03
  8.56247839e-03  8.53488243e-03  8.55488633e-03  8.56750089e-03
  8.52093851e-03  8.51093894e-03  8.49945334e-03  8.48140087e-03
  8.41154540e-03  8.39706427e-03  8.39760749e-03  8.33089530e-03
  8.24279476e-03  8.20727384e-03  8.20536943e-03  8.10969906e-03
  8.07297702e-03  8.03297484e-03  7.97722964e-03  7.89776200e-03
  7.83808091e-03  7.79521398e-03  7.73028556e-03  7.60314077e-03
  7.58217922e-03  7.48284764e-03  7.40277915e-03  7.33237543e-03
  7.23600639e-03  7.17510458e-03  7.08940740e-03  6.97491906e-03
  6.91003931e-03  6.84105756e-03  6.75089869e-03  6.63242066e-03
  6.48461630e-03  6.44904384e-03  6.32548268e-03  6.23135552e-03
  6.12971306e-03  6.06965873e-03  5.92417192e-03  5.81253861e-03
  5.71128275e-03  5.66961962e-03  5.50502770e-03  5.39665290e-03
  5.31218427e-03  5.19306952e-03  5.04480206e-03  4.95981493e-03
  4.85887845e-03  4.76746616e-03  4.64081582e-03  4.53021262e-03
  4.43842036e-03  4.31375265e-03  4.19636372e-03  4.07588756e-03
  3.95313046e-03  3.85602662e-03  3.73859446e-03  3.61647116e-03
  3.55413241e-03  3.40791511e-03  3.27073299e-03  3.15526835e-03
  3.07570240e-03  2.97754949e-03  2.86160036e-03  2.74326314e-03
  2.65392307e-03  2.50038237e-03  2.36482750e-03  2.30774332e-03
  2.18948127e-03  2.06009337e-03  1.97862995e-03  1.88844395e-03
  1.78037991e-03  1.65131674e-03  1.55334470e-03  1.48756704e-03
  1.35734321e-03  1.23000355e-03  1.16078539e-03  1.06132978e-03
  9.78263383e-04  8.65734328e-04  7.47439443e-04  6.83882280e-04
  5.83059211e-04  4.92483707e-04  4.04580694e-04  3.28425409e-04
  2.31774553e-04  1.18110888e-04  3.49241546e-05 -5.73989684e-06
 -1.11910777e-04 -2.08774312e-04 -2.82188939e-04 -3.59837947e-04
 -4.49043048e-04 -5.17878475e-04 -5.66611914e-04 -6.44565423e-04
 -7.53251532e-04 -8.12286192e-04 -8.85574726e-04 -9.70847173e-04
 -1.02053281e-03 -1.06583405e-03 -1.12137043e-03 -1.20685183e-03
 -1.27228131e-03 -1.32797711e-03 -1.36798655e-03 -1.46352868e-03
 -1.50570810e-03 -1.57301835e-03 -1.60417532e-03 -1.65570479e-03
 -1.70854068e-03 -1.76921552e-03 -1.79151817e-03 -1.87913337e-03
 -1.92657787e-03 -1.92247618e-03 -1.95510758e-03 -2.01749166e-03
 -2.07856192e-03 -2.10099941e-03 -2.13765854e-03 -2.22207020e-03
 -2.23498690e-03 -2.21373393e-03 -2.26427359e-03 -2.31794361e-03
 -2.34894210e-03 -2.36400685e-03 -2.37813406e-03 -2.42108847e-03
 -2.44443560e-03 -2.45349346e-03 -2.48712667e-03 -2.50830174e-03
 -2.53132846e-03 -2.54491178e-03 -2.55491068e-03 -2.59783917e-03
 -2.61097831e-03 -2.59723381e-03 -2.59872318e-03 -2.64217571e-03
 -2.64854707e-03 -2.65843442e-03 -2.67277054e-03 -2.69983109e-03
 -2.68343468e-03 -2.67259404e-03 -2.70204087e-03 -2.71086229e-03
 -2.70588634e-03 -2.72078315e-03 -2.74155482e-03 -2.72202717e-03
 -2.71507647e-03 -2.72465009e-03 -2.75056671e-03 -2.73639784e-03
 -2.72089247e-03 -2.72575603e-03 -2.72775165e-03 -2.72731127e-03
 -2.73248841e-03 -2.72292065e-03 -2.71577396e-03 -2.71774158e-03
 -2.70797260e-03 -2.70689367e-03 -2.71531511e-03 -2.70373032e-03
 -2.69348655e-03 -2.69002491e-03 -2.69466915e-03 -2.68317987e-03
 -2.65849500e-03 -2.67480234e-03 -2.66683028e-03 -2.63780956e-03
 -2.63625874e-03 -2.65435622e-03 -2.65281016e-03 -2.63350080e-03
 -2.62474403e-03 -2.62522579e-03 -2.60009318e-03 -2.58463220e-03
 -2.61511078e-03 -2.60677162e-03 -2.60126846e-03 -2.57309707e-03
 -2.57400344e-03 -2.56002135e-03 -2.55248376e-03 -2.54617502e-03
 -2.55155296e-03 -2.54626234e-03 -2.55304056e-03 -2.53900827e-03
 -2.53328510e-03 -2.52891168e-03 -2.51618509e-03 -2.50420976e-03
 -2.51498482e-03 -2.51915864e-03 -2.50352497e-03 -2.50658459e-03
 -2.52259813e-03 -2.50174203e-03 -2.46747841e-03 -2.46823766e-03
 -2.51682404e-03 -2.51647070e-03 -2.48405047e-03 -2.50243539e-03
 -2.50974330e-03 -2.48746838e-03 -2.47917215e-03 -2.48816565e-03
 -2.51623039e-03 -2.50515576e-03 -2.49258688e-03 -2.50022241e-03
 -2.50367246e-03 -2.49987909e-03 -2.50579338e-03 -2.49697467e-03
 -2.52756404e-03 -2.52675655e-03 -2.51102269e-03 -2.52592098e-03
 -2.54493713e-03 -2.54131112e-03 -2.52405577e-03 -2.53108946e-03
 -2.54586184e-03 -2.55724013e-03 -2.54730085e-03 -2.57867058e-03
 -2.56345189e-03 -2.55429074e-03 -2.57646933e-03 -2.60879799e-03
 -2.60078623e-03 -2.60204831e-03 -2.60748356e-03 -2.62113756e-03
 -2.60875516e-03 -2.61996214e-03 -2.64823491e-03 -2.64766859e-03
 -2.63830609e-03 -2.65668034e-03 -2.66119956e-03 -2.66145342e-03
 -2.67581365e-03 -2.68756501e-03 -2.69754004e-03 -2.69251042e-03
 -2.67938472e-03 -2.68676344e-03 -2.72191261e-03 -2.72375090e-03
 -2.71077279e-03 -2.69900986e-03 -2.73579796e-03 -2.74059813e-03
 -2.70843653e-03 -2.72147538e-03 -2.73451654e-03 -2.72924183e-03
 -2.70747330e-03 -2.73368117e-03 -2.76293087e-03 -2.74463713e-03
 -2.69979696e-03 -2.72548243e-03 -2.71588464e-03 -2.71834648e-03
 -2.71914055e-03 -2.72675637e-03 -2.72843674e-03 -2.69061482e-03
 -2.66213128e-03 -2.66538627e-03 -2.65851802e-03 -2.67493860e-03
 -2.65993386e-03 -2.64587225e-03 -2.64145929e-03 -2.62152701e-03
 -2.58488415e-03 -2.59769772e-03 -2.56583570e-03 -2.52901125e-03
 -2.50902600e-03 -2.52784577e-03 -2.50806072e-03 -2.46783890e-03
 -2.42714004e-03 -2.43306960e-03 -2.39119658e-03 -2.34220170e-03
 -2.34853558e-03 -2.35427645e-03 -2.27864979e-03 -2.25243022e-03
 -2.20858977e-03 -2.18309263e-03 -2.14476671e-03 -2.10682609e-03
 -2.09725406e-03 -2.04819471e-03 -1.98403886e-03 -1.95038380e-03
 -1.92024514e-03 -1.87439774e-03 -1.83941338e-03 -1.73799713e-03
 -1.72488996e-03 -1.66469472e-03 -1.62166919e-03 -1.55581237e-03
 -1.52377425e-03 -1.47214339e-03 -1.39261573e-03 -1.31946289e-03
 -1.29768288e-03 -1.21500198e-03 -1.13173109e-03 -1.07675361e-03
 -1.02129708e-03 -9.58746429e-04 -8.68880975e-04 -8.27827220e-04
 -7.59854429e-04 -6.56093991e-04 -5.84952878e-04 -5.42830989e-04
 -4.45154573e-04 -3.88639780e-04 -2.97942739e-04 -2.18375156e-04
 -1.02720733e-04 -1.21823816e-05  6.46794934e-05  1.01192414e-04
  2.19108815e-04  3.05865086e-04  3.93590043e-04  4.86213450e-04
  5.54794889e-04  6.81912924e-04  7.86825865e-04  8.59013756e-04
  9.60018673e-04  1.10119267e-03  1.16440557e-03  1.26710960e-03
  1.36158160e-03  1.49588006e-03  1.57714089e-03  1.66214375e-03
  1.77579410e-03  1.90223590e-03  1.95460532e-03  2.11136487e-03
  2.24044761e-03  2.33905781e-03  2.42140726e-03  2.52085618e-03
  2.63362394e-03  2.77978454e-03  2.83689199e-03  3.00231727e-03
  3.10640420e-03  3.19101011e-03  3.30516147e-03  3.41277294e-03
  3.55704592e-03  3.69173825e-03  3.74573083e-03  3.88834162e-03
  4.02249941e-03  4.12684540e-03  4.19951637e-03  4.31365473e-03
  4.47655156e-03  4.55989576e-03  4.63352451e-03  4.80312307e-03
  4.94722638e-03  5.03003146e-03  5.10758052e-03  5.23478696e-03
  5.35646599e-03  5.41100994e-03  5.53884327e-03  5.65240095e-03
  5.76869248e-03  5.83716062e-03  5.95410706e-03  6.08734151e-03
  6.21351092e-03  6.27899924e-03  6.35851294e-03  6.46900814e-03
  6.56943837e-03  6.63730681e-03  6.73965903e-03  6.85583281e-03
  6.93184142e-03  7.00548696e-03  7.06542856e-03  7.22520112e-03
  7.27307894e-03  7.35153095e-03  7.45760596e-03  7.55685036e-03
  7.56429245e-03  7.64677023e-03  7.71929563e-03  7.83169612e-03
  7.80023883e-03  7.88198925e-03  7.99074156e-03  8.09585384e-03
  8.08936322e-03  8.16614653e-03  8.21955407e-03  8.24867152e-03
  8.23405792e-03  8.28926172e-03  8.37869556e-03  8.41109612e-03
  8.41408703e-03  8.43210777e-03  8.49255652e-03  8.52998292e-03
  8.53720724e-03  8.51388053e-03  8.60769262e-03  8.55540313e-03
  8.53434013e-03  8.55646633e-03  8.60564863e-03  8.58041435e-03
  8.54658359e-03  8.52871513e-03  8.55957119e-03  8.47947766e-03
  8.47573774e-03  8.50785103e-03  8.49085523e-03  8.37985026e-03
  8.31303372e-03  8.34184138e-03  8.26351850e-03  8.14844933e-03
  8.13436444e-03  8.09927727e-03  8.05743353e-03  7.95097620e-03
  7.89255931e-03  7.83949334e-03  7.77489111e-03  7.61309139e-03
  7.50752821e-03  7.46044809e-03  7.39919266e-03  7.23914172e-03
  7.14523615e-03  7.04287081e-03  6.97158417e-03  6.78275389e-03
  6.71753015e-03  6.64290919e-03  6.45461408e-03  6.24753959e-03
  6.18455757e-03  6.04518980e-03  5.85696747e-03  5.68903941e-03
  5.60781360e-03  5.47164688e-03  5.21360819e-03  5.03915048e-03
  4.93355083e-03  4.80075511e-03  4.54405399e-03  4.32779172e-03
  4.21597926e-03  3.98124941e-03  3.76580641e-03  3.54745459e-03
  3.35644255e-03  3.21649723e-03  2.99295092e-03  2.71011668e-03
  2.60737977e-03  2.37989212e-03  2.08288890e-03  1.82170937e-03
  1.61970723e-03  1.43290759e-03  1.25408799e-03  9.26017639e-04
  7.51870191e-04  4.73748392e-04  1.37273768e-04 -2.76185790e-05
 -1.61188438e-04 -5.09159735e-04 -6.58610908e-04 -9.15941432e-04
 -1.19524663e-03 -1.55091644e-03 -1.82290656e-03 -2.06753507e-03
 -2.17542652e-03 -2.56224823e-03 -2.75574784e-03 -3.01655533e-03
 -3.32312684e-03 -3.56843886e-03 -3.79365134e-03 -4.23929421e-03
 -4.40854572e-03 -4.67054779e-03 -4.84891298e-03 -5.17606067e-03
 -5.43872222e-03 -5.79610954e-03 -5.96042430e-03 -6.35322138e-03
 -6.54110697e-03 -6.86792812e-03 -6.98945306e-03 -7.20115652e-03
 -7.62354364e-03 -7.90773213e-03 -8.05340391e-03 -8.28788514e-03
 -8.69168509e-03 -8.85148522e-03 -9.09966867e-03 -9.25354601e-03]
