Frame: 130
temp_s_est shape: (1024,)
temp_s_est dtype: float64
temp_s_est:
[-6.82434770e-02 -6.88248668e-02 -6.90654545e-02 -6.90218010e-02
 -6.91603230e-02 -6.94722590e-02 -6.96230050e-02 -6.95751380e-02
 -6.94593180e-02 -6.95507202e-02 -6.98224147e-02 -6.96927762e-02
 -6.95954126e-02 -6.93708019e-02 -6.92834130e-02 -6.92687051e-02
 -6.90416748e-02 -6.85021243e-02 -6.82946596e-02 -6.81295271e-02
 -6.80059854e-02 -6.75336555e-02 -6.70012730e-02 -6.66093980e-02
 -6.65230640e-02 -6.60024634e-02 -6.51414329e-02 -6.45849484e-02
 -6.40744609e-02 -6.36011377e-02 -6.30292526e-02 -6.21389059e-02
 -6.13548521e-02 -6.10131590e-02 -6.01667411e-02 -5.91592243e-02
 -5.81956806e-02 -5.72709817e-02 -5.66169686e-02 -5.59481803e-02
 -5.44447671e-02 -5.35147991e-02 -5.26918552e-02 -5.18336039e-02
 -5.07669798e-02 -4.93547696e-02 -4.81558430e-02 -4.72703805e-02
 -4.60243570e-02 -4.46235178e-02 -4.31597691e-02 -4.19288220e-02
 -4.10757750e-02 -3.97679663e-02 -3.80624256e-02 -3.65500612e-02
 -3.52895665e-02 -3.41364707e-02 -3.26114197e-02 -3.09490838e-02
 -2.94376359e-02 -2.83652260e-02 -2.71352909e-02 -2.49794481e-02
 -2.31063963e-02 -2.19087429e-02 -2.03235653e-02 -1.89376642e-02
 -1.70263881e-02 -1.52159291e-02 -1.41055422e-02 -1.26350026e-02
 -1.08067326e-02 -8.60470000e-03 -6.88995831e-03 -5.47973831e-03
 -4.15487520e-03 -1.97712911e-03 -7.96652710e-04  1.13569457e-03
  2.15223906e-03  3.89440294e-03  6.30926425e-03  8.40099734e-03
  9.52263707e-03  1.13269273e-02  1.30521423e-02  1.51089868e-02
  1.67889444e-02  1.78514954e-02  1.93069187e-02  2.15358945e-02
  2.35405049e-02  2.48038674e-02  2.65882559e-02  2.82817328e-02
  3.03272650e-02  3.19173843e-02  3.35400357e-02  3.44861169e-02
  3.65443161e-02  3.84803956e-02  4.05666426e-02  4.15795402e-02
  4.31764917e-02  4.52301782e-02  4.75091168e-02  4.80801848e-02
  4.95882134e-02  5.10044082e-02  5.24167972e-02  5.41832677e-02
  5.45733911e-02  5.58451684e-02  5.77444315e-02  5.93877268e-02
  6.07081543e-02  6.21837149e-02  6.24726700e-02  6.41089344e-02
  6.54641486e-02  6.62708269e-02  6.66884412e-02  6.83510385e-02
  7.00312381e-02  7.13805633e-02  7.14958358e-02  7.21317859e-02
  7.34031604e-02  7.42221014e-02  7.53373688e-02  7.55820825e-02
  7.72687809e-02  7.78746844e-02  7.94815544e-02  7.97104445e-02
  7.96492655e-02  8.01448720e-02  8.12369873e-02  8.20998573e-02
  8.25393657e-02  8.25683234e-02  8.38402680e-02  8.46421436e-02
  8.43334647e-02  8.41288524e-02  8.43731373e-02  8.47805337e-02
  8.56556079e-02  8.57279836e-02  8.55246786e-02  8.64266996e-02
  8.61401080e-02  8.65608159e-02  8.58476412e-02  8.52720313e-02
  8.53644253e-02  8.56625356e-02  8.53882972e-02  8.46219910e-02
  8.41984749e-02  8.47307276e-02  8.47316271e-02  8.39648216e-02
  8.32546400e-02  8.30487416e-02  8.26738911e-02  8.21164446e-02
  8.09442520e-02  7.98013173e-02  7.95831342e-02  7.93228866e-02
  7.86322786e-02  7.72702889e-02  7.72469887e-02  7.62425470e-02
  7.55852712e-02  7.46196280e-02  7.22424814e-02  7.18776326e-02
  7.13806758e-02  7.05685586e-02  6.94659897e-02  6.87161606e-02
  6.76656986e-02  6.69039657e-02  6.51560226e-02  6.31180369e-02
  6.17440921e-02  6.08408062e-02  6.01425661e-02  5.88122676e-02
  5.71766375e-02  5.62139984e-02  5.53736277e-02  5.34376535e-02
  5.20763340e-02  5.01612977e-02  4.91466771e-02  4.80491988e-02
  4.67006808e-02  4.42967959e-02  4.29853108e-02  4.15119820e-02
  3.98940026e-02  3.81016941e-02  3.61844171e-02  3.47404835e-02
  3.35988550e-02  3.20913396e-02  2.96424022e-02  2.77221456e-02
  2.62412049e-02  2.44036031e-02  2.30247418e-02  2.11538961e-02
  1.95430370e-02  1.85842863e-02  1.66337076e-02  1.49210031e-02
  1.23545944e-02  1.08212612e-02  9.49244825e-03  7.71501150e-03
  5.69446896e-03  3.97851777e-03  2.50086295e-03  1.27153205e-03
 -5.75953359e-04 -2.61740020e-03 -4.01231938e-03 -5.30653387e-03
 -7.11843834e-03 -8.85956895e-03 -1.08248583e-02 -1.25276069e-02
 -1.37565471e-02 -1.52241335e-02 -1.70096979e-02 -1.88154368e-02
 -2.00147615e-02 -2.14014283e-02 -2.31884944e-02 -2.52472289e-02
 -2.69154788e-02 -2.79645169e-02 -2.96598967e-02 -3.11643977e-02
 -3.26520846e-02 -3.37527448e-02 -3.49149754e-02 -3.62619826e-02
 -3.79384201e-02 -3.94852733e-02 -4.07282901e-02 -4.20930109e-02
 -4.30966088e-02 -4.47209332e-02 -4.59409232e-02 -4.65266153e-02
 -4.77148422e-02 -4.91245083e-02 -5.01768202e-02 -5.13268555e-02
 -5.20951956e-02 -5.31778775e-02 -5.43839927e-02 -5.54952154e-02
 -5.60848897e-02 -5.69304926e-02 -5.78838222e-02 -5.87309006e-02
 -5.96013426e-02 -6.01378355e-02 -6.07314307e-02 -6.16003202e-02
 -6.24591968e-02 -6.29684345e-02 -6.34913734e-02 -6.41281180e-02
 -6.49327105e-02 -6.54355546e-02 -6.56794871e-02 -6.60050631e-02
 -6.64725576e-02 -6.69123603e-02 -6.73856809e-02 -6.75722869e-02
 -6.78462158e-02 -6.83360834e-02 -6.86176164e-02 -6.86627142e-02
 -6.86929353e-02 -6.88107024e-02 -6.89030598e-02 -6.91401974e-02
 -6.89247393e-02 -6.88621867e-02 -6.90082570e-02 -6.91633713e-02
 -6.90898251e-02 -6.89196077e-02 -6.86863168e-02 -6.86119940e-02
 -6.83237775e-02 -6.80228946e-02 -6.75906476e-02 -6.72701664e-02
 -6.71751696e-02 -6.67895987e-02 -6.63308860e-02 -6.58935802e-02
 -6.55376844e-02 -6.50219678e-02 -6.45735803e-02 -6.38763680e-02
 -6.32574931e-02 -6.27505870e-02 -6.22600128e-02 -6.15361700e-02
 -6.09177790e-02 -6.02702294e-02 -5.96765491e-02 -5.89965413e-02
 -5.81282726e-02 -5.72409321e-02 -5.65939810e-02 -5.57779717e-02
 -5.49139837e-02 -5.40495353e-02 -5.31473898e-02 -5.24351047e-02
 -5.15829365e-02 -5.06736808e-02 -4.97234281e-02 -4.88371101e-02
 -4.79180546e-02 -4.69878655e-02 -4.59486826e-02 -4.49415370e-02
 -4.40346255e-02 -4.30647092e-02 -4.19876696e-02 -4.09001677e-02
 -3.97964254e-02 -3.88032258e-02 -3.78182982e-02 -3.66512980e-02
 -3.55239398e-02 -3.44995941e-02 -3.33438025e-02 -3.22030197e-02
 -3.10689518e-02 -2.99425201e-02 -2.88845908e-02 -2.78715418e-02
 -2.66871407e-02 -2.55380681e-02 -2.43763675e-02 -2.32849819e-02
 -2.21096025e-02 -2.09297966e-02 -1.97308768e-02 -1.86460822e-02
 -1.75137412e-02 -1.63908687e-02 -1.52368735e-02 -1.41382333e-02
 -1.30601056e-02 -1.19647445e-02 -1.08133115e-02 -9.67867083e-03
 -8.56529403e-03 -7.48906188e-03 -6.43873376e-03 -5.28789298e-03
 -4.23439414e-03 -3.17952402e-03 -2.18275735e-03 -1.06802393e-03
 -5.38022142e-06  1.07637596e-03  2.05927529e-03  3.14331342e-03
  4.18038342e-03  5.21634120e-03  6.15157967e-03  7.10629189e-03
  8.03070345e-03  9.03965279e-03  9.99712892e-03  1.09331106e-02
  1.18512816e-02  1.27889093e-02  1.36970648e-02  1.45533862e-02
  1.54076913e-02  1.62243404e-02  1.71362270e-02  1.79637639e-02
  1.87606069e-02  1.95148625e-02  2.03018932e-02  2.10784117e-02
  2.18580457e-02  2.25415340e-02  2.32638267e-02  2.39861690e-02
  2.46848191e-02  2.53329963e-02  2.59606897e-02  2.65730423e-02
  2.72401240e-02  2.78521916e-02  2.83876625e-02  2.89702732e-02
  2.95381762e-02  3.01026651e-02  3.06121419e-02  3.10942907e-02
  3.15404049e-02  3.20124917e-02  3.24916868e-02  3.29084144e-02
  3.32903144e-02  3.36859689e-02  3.41239361e-02  3.44734464e-02
  3.47993681e-02  3.51088606e-02  3.54576292e-02  3.57729002e-02
  3.60598079e-02  3.62784985e-02  3.65136455e-02  3.67494320e-02
  3.69744984e-02  3.71451282e-02  3.73320527e-02  3.75029553e-02
  3.76607449e-02  3.78276046e-02  3.78969913e-02  3.79631146e-02
  3.80579672e-02  3.81593381e-02  3.81964053e-02  3.82257041e-02
  3.82388973e-02  3.82792446e-02  3.82836544e-02  3.82444968e-02
  3.81798675e-02  3.81302831e-02  3.80733987e-02  3.80060922e-02
  3.78735732e-02  3.77906039e-02  3.76773112e-02  3.75663142e-02
  3.74302658e-02  3.72565419e-02  3.70661348e-02  3.69108412e-02
  3.67561215e-02  3.65422237e-02  3.63060587e-02  3.60875341e-02
  3.58730096e-02  3.56170736e-02  3.53531605e-02  3.50753671e-02
  3.48445174e-02  3.45916851e-02  3.42995438e-02  3.39793301e-02
  3.36571213e-02  3.33337859e-02  3.30132729e-02  3.26699922e-02
  3.23222588e-02  3.19770386e-02  3.16479194e-02  3.13140506e-02
  3.09120007e-02  3.05134723e-02  3.01438097e-02  2.97602279e-02
  2.93536863e-02  2.89306969e-02  2.85238759e-02  2.81131572e-02
  2.77350500e-02  2.72699862e-02  2.68381145e-02  2.64177764e-02
  2.59754317e-02  2.55562341e-02  2.51083814e-02  2.46323296e-02
  2.41915978e-02  2.37476961e-02  2.32882689e-02  2.28202765e-02
  2.23580809e-02  2.19462412e-02  2.14805125e-02  2.10145365e-02
  2.05239261e-02  2.00535959e-02  1.95749359e-02  1.91217014e-02
  1.86348457e-02  1.81737385e-02  1.77102030e-02  1.72678507e-02
  1.67944333e-02  1.63131498e-02  1.58419693e-02  1.53704372e-02
  1.49150051e-02  1.44422577e-02  1.39277673e-02  1.34822794e-02
  1.30272259e-02  1.25443062e-02  1.20865218e-02  1.16120204e-02
  1.11625476e-02  1.07153479e-02  1.02655666e-02  9.78903642e-03
  9.34494932e-03  8.88212441e-03  8.45952641e-03  7.97787799e-03
  7.52804028e-03  7.10060173e-03  6.65864542e-03  6.24780875e-03
  5.81142840e-03  5.36284121e-03  4.94710603e-03  4.52868003e-03
  4.09139981e-03  3.66830923e-03  3.24999314e-03  2.86378660e-03
  2.45645678e-03  2.07783681e-03  1.65672260e-03  1.26838240e-03
  8.95177063e-04  4.95791542e-04  1.01736900e-04 -2.85782415e-04
 -6.51319804e-04 -1.02369342e-03 -1.37438639e-03 -1.75627480e-03
 -2.09121663e-03 -2.44722469e-03 -2.77664419e-03 -3.11801991e-03
 -3.46946144e-03 -3.81352615e-03 -4.13370511e-03 -4.48133084e-03
 -4.80900034e-03 -5.14888535e-03 -5.45036890e-03 -5.74334421e-03
 -6.04292321e-03 -6.36710257e-03 -6.64880986e-03 -6.94520450e-03
 -7.25914024e-03 -7.53434122e-03 -7.84353453e-03 -8.11146099e-03
 -8.38044496e-03 -8.63563441e-03 -8.91261759e-03 -9.17735832e-03
 -9.42777967e-03 -9.67580748e-03 -9.93323324e-03 -1.01796736e-02
 -1.04465602e-02 -1.06519939e-02 -1.08933642e-02 -1.11222584e-02
 -1.13445099e-02 -1.15543637e-02 -1.17566041e-02 -1.19700305e-02
 -1.21777292e-02 -1.23891463e-02 -1.25850043e-02 -1.27842877e-02
 -1.29553871e-02 -1.31733281e-02 -1.33586516e-02 -1.35173747e-02
 -1.36977018e-02 -1.38666590e-02 -1.40465024e-02 -1.42026317e-02
 -1.43499786e-02 -1.45174850e-02 -1.46791835e-02 -1.48385435e-02
 -1.49818400e-02 -1.51305903e-02 -1.52761198e-02 -1.54055094e-02
 -1.55504202e-02 -1.56707981e-02 -1.57904531e-02 -1.59185824e-02
 -1.60608454e-02 -1.61883350e-02 -1.62870983e-02 -1.64066162e-02
 -1.65199511e-02 -1.66347918e-02 -1.67151063e-02 -1.68186400e-02
 -1.69164614e-02 -1.70157653e-02 -1.71206197e-02 -1.71823605e-02
 -1.72709551e-02 -1.73625826e-02 -1.74452208e-02 -1.75340343e-02
 -1.76053084e-02 -1.76814003e-02 -1.77465089e-02 -1.78180170e-02
 -1.78604481e-02 -1.79115048e-02 -1.79720197e-02 -1.80392466e-02
 -1.81127150e-02 -1.81564923e-02 -1.82040541e-02 -1.82535684e-02
 -1.83013891e-02 -1.83278753e-02 -1.83530777e-02 -1.83910502e-02
 -1.84314076e-02 -1.84876436e-02 -1.85058067e-02 -1.85293623e-02
 -1.85680068e-02 -1.85787922e-02 -1.86042707e-02 -1.86130429e-02
 -1.86173158e-02 -1.86378652e-02 -1.86501155e-02 -1.86593430e-02
 -1.86482887e-02 -1.86534041e-02 -1.86587556e-02 -1.86697504e-02
 -1.86700683e-02 -1.86423341e-02 -1.86578052e-02 -1.86359344e-02
 -1.86353731e-02 -1.85930151e-02 -1.85820145e-02 -1.85524135e-02
 -1.85528834e-02 -1.85258784e-02 -1.84961722e-02 -1.84690391e-02
 -1.84407238e-02 -1.84033714e-02 -1.83670865e-02 -1.83005378e-02
 -1.82683622e-02 -1.82397881e-02 -1.81905876e-02 -1.81372773e-02
 -1.80798807e-02 -1.80376705e-02 -1.79737176e-02 -1.79257695e-02
 -1.78394536e-02 -1.77921212e-02 -1.77116676e-02 -1.76590417e-02
 -1.75760617e-02 -1.74791181e-02 -1.74012897e-02 -1.73239300e-02
 -1.72446375e-02 -1.71598405e-02 -1.70561541e-02 -1.69911809e-02
 -1.68921510e-02 -1.67929814e-02 -1.66680039e-02 -1.65548097e-02
 -1.64583397e-02 -1.63341886e-02 -1.62338156e-02 -1.61120198e-02
 -1.59997641e-02 -1.58765894e-02 -1.57571593e-02 -1.55986146e-02
 -1.54579676e-02 -1.53104263e-02 -1.51753377e-02 -1.50471228e-02
 -1.48776297e-02 -1.47357131e-02 -1.45922572e-02 -1.44316140e-02
 -1.42695828e-02 -1.40899212e-02 -1.39212894e-02 -1.37707245e-02
 -1.35701545e-02 -1.34031003e-02 -1.31896463e-02 -1.30119968e-02
 -1.28209513e-02 -1.26450125e-02 -1.24296358e-02 -1.22395411e-02
 -1.20498156e-02 -1.18327938e-02 -1.16084045e-02 -1.13702166e-02
 -1.11470472e-02 -1.09121101e-02 -1.07011663e-02 -1.04513707e-02
 -1.02096489e-02 -9.97740131e-03 -9.72186236e-03 -9.46733169e-03
 -9.20482665e-03 -8.91148811e-03 -8.67508792e-03 -8.39990769e-03
 -8.12458547e-03 -7.83267465e-03 -7.55828724e-03 -7.27330171e-03
 -6.98315769e-03 -6.67211588e-03 -6.36722819e-03 -6.06653131e-03
 -5.74805619e-03 -5.44608666e-03 -5.11239693e-03 -4.76660454e-03
 -4.46846988e-03 -4.14060778e-03 -3.80286710e-03 -3.46524921e-03
 -3.11904191e-03 -2.79303749e-03 -2.43115255e-03 -2.07814433e-03
 -1.69345113e-03 -1.34488098e-03 -9.76879073e-04 -5.88904597e-04
 -2.12046333e-04  1.72068944e-04  5.55714073e-04  9.25139158e-04
  1.29956697e-03  1.72493867e-03  2.12459055e-03  2.51045986e-03
  2.92425179e-03  3.35191648e-03  3.79792080e-03  4.17735417e-03
  4.60520923e-03  5.04596689e-03  5.47722482e-03  5.92170168e-03
  6.35183695e-03  6.78160880e-03  7.24118152e-03  7.68334190e-03
  8.13849138e-03  8.59320988e-03  9.02730463e-03  9.49343346e-03
  9.97191670e-03  1.04195801e-02  1.08457350e-02  1.13227627e-02
  1.17992744e-02  1.22889785e-02  1.27248537e-02  1.32173002e-02
  1.36954590e-02  1.41873996e-02  1.46463543e-02  1.50971254e-02
  1.55665913e-02  1.60385314e-02  1.65252223e-02  1.70011464e-02
  1.74711781e-02  1.79611917e-02  1.84484303e-02  1.89383797e-02
  1.94048866e-02  1.98432978e-02  2.03342613e-02  2.08324148e-02
  2.12828945e-02  2.17236401e-02  2.22118425e-02  2.26738348e-02
  2.31668711e-02  2.36187626e-02  2.40584141e-02  2.45292630e-02
  2.50032864e-02  2.54483895e-02  2.58760594e-02  2.63143655e-02
  2.67585810e-02  2.72136532e-02  2.76460307e-02  2.80563340e-02
  2.84774005e-02  2.89323990e-02  2.93623871e-02  2.97600543e-02
  3.01230084e-02  3.05513437e-02  3.09254927e-02  3.13160858e-02
  3.16789395e-02  3.20351804e-02  3.24299112e-02  3.28059706e-02
  3.31518421e-02  3.34382156e-02  3.37736960e-02  3.40936403e-02
  3.44203160e-02  3.47046751e-02  3.49992812e-02  3.52665146e-02
  3.55859944e-02  3.58429407e-02  3.60669359e-02  3.63006802e-02
  3.65660664e-02  3.68038939e-02  3.70080339e-02  3.71798759e-02
  3.73686001e-02  3.75501525e-02  3.77172816e-02  3.78807772e-02
  3.79701682e-02  3.81380498e-02  3.82855963e-02  3.83900157e-02
  3.84668676e-02  3.85289965e-02  3.85891381e-02  3.86641045e-02
  3.86758688e-02  3.86677939e-02  3.86655721e-02  3.86991970e-02
  3.86712198e-02  3.86186529e-02  3.85293018e-02  3.84661071e-02
  3.83986449e-02  3.83007335e-02  3.81640857e-02  3.80030604e-02
  3.78741249e-02  3.77139143e-02  3.75136011e-02  3.72658434e-02
  3.70600384e-02  3.68624988e-02  3.66359399e-02  3.63411955e-02
  3.60127703e-02  3.57033326e-02  3.53978614e-02  3.50464123e-02
  3.46468536e-02  3.42804126e-02  3.39139171e-02  3.35470617e-02
  3.31212534e-02  3.26478234e-02  3.21711839e-02  3.17314247e-02
  3.12109388e-02  3.06716853e-02  3.01014858e-02  2.95607685e-02
  2.90707276e-02  2.84860137e-02  2.78520309e-02  2.72067435e-02
  2.66154419e-02  2.59342720e-02  2.52756348e-02  2.45160554e-02
  2.38468728e-02  2.31565911e-02  2.24427607e-02  2.16500830e-02
  2.08707369e-02  2.01024494e-02  1.93649663e-02  1.85257562e-02
  1.76464714e-02  1.67894287e-02  1.59438689e-02  1.50821698e-02
  1.41626690e-02  1.32545456e-02  1.23304352e-02  1.14873334e-02
  1.05197373e-02  9.54513744e-03  8.51158074e-03  7.59404423e-03
  6.59813774e-03  5.63643340e-03  4.52917359e-03  3.53334076e-03
  2.52906723e-03  1.50933306e-03  3.94460637e-04 -7.07845686e-04
 -1.75514649e-03 -2.79762435e-03 -3.92193953e-03 -5.05090603e-03
 -6.14639195e-03 -7.24197149e-03 -8.26956708e-03 -9.41246616e-03
 -1.05967012e-02 -1.17633759e-02 -1.28126995e-02 -1.39604134e-02
 -1.50716429e-02 -1.62898237e-02 -1.73909561e-02 -1.84735636e-02
 -1.96664457e-02 -2.09481511e-02 -2.20706256e-02 -2.31961647e-02
 -2.42822626e-02 -2.54403225e-02 -2.66464843e-02 -2.77748210e-02
 -2.88362316e-02 -2.99555638e-02 -3.11834384e-02 -3.23418107e-02
 -3.34611964e-02 -3.45045113e-02 -3.56166627e-02 -3.68326741e-02
 -3.78884719e-02 -3.88899186e-02 -3.99578313e-02 -4.10635371e-02
 -4.22146237e-02 -4.32724853e-02 -4.41507043e-02 -4.52165555e-02
 -4.62977439e-02 -4.72923917e-02 -4.82303587e-02 -4.90661862e-02
 -4.99959746e-02 -5.10872457e-02 -5.19080287e-02 -5.27119825e-02
 -5.36063100e-02 -5.45620444e-02 -5.54607395e-02 -5.62775652e-02
 -5.69600849e-02 -5.76223747e-02 -5.85428034e-02 -5.93561837e-02
 -6.00000121e-02 -6.06170205e-02 -6.14362798e-02 -6.21916787e-02
 -6.27559126e-02 -6.32254940e-02 -6.37894886e-02 -6.44830338e-02
 -6.51118462e-02 -6.56020914e-02 -6.59595580e-02 -6.64057133e-02
 -6.69920641e-02 -6.73777285e-02 -6.76641572e-02 -6.79665102e-02]
