Frame: 44
temp_s_est shape: (1024,)
temp_s_est dtype: float64
temp_s_est:
[-6.30897997e-02 -6.35364849e-02 -6.37462979e-02 -6.42363043e-02
 -6.46052036e-02 -6.48773352e-02 -6.51382196e-02 -6.54423286e-02
 -6.52981711e-02 -6.55729538e-02 -6.57469547e-02 -6.58111582e-02
 -6.56561438e-02 -6.57208018e-02 -6.57206352e-02 -6.57209335e-02
 -6.57704615e-02 -6.56973685e-02 -6.56843056e-02 -6.54776328e-02
 -6.53993278e-02 -6.50769857e-02 -6.50489432e-02 -6.46468860e-02
 -6.43293618e-02 -6.40176877e-02 -6.37331559e-02 -6.33105199e-02
 -6.27152811e-02 -6.23967153e-02 -6.17478707e-02 -6.15309385e-02
 -6.09690187e-02 -6.05783066e-02 -5.97217060e-02 -5.92726642e-02
 -5.86300974e-02 -5.79203098e-02 -5.69131994e-02 -5.61535257e-02
 -5.54084975e-02 -5.46227724e-02 -5.37896155e-02 -5.28789463e-02
 -5.17342746e-02 -5.09310364e-02 -5.04794941e-02 -4.94173450e-02
 -4.81764098e-02 -4.72859220e-02 -4.64537774e-02 -4.50844578e-02
 -4.44027022e-02 -4.29358411e-02 -4.16006383e-02 -4.02879450e-02
 -3.95343542e-02 -3.80628422e-02 -3.70212559e-02 -3.56094032e-02
 -3.42097565e-02 -3.35396693e-02 -3.18446034e-02 -3.06680455e-02
 -2.87320442e-02 -2.76959681e-02 -2.56254669e-02 -2.50586186e-02
 -2.24238541e-02 -2.14889982e-02 -1.98928965e-02 -1.85933408e-02
 -1.69448950e-02 -1.60651794e-02 -1.46933901e-02 -1.29090234e-02
 -1.20659912e-02 -1.01592466e-02 -8.92651494e-03 -6.51321544e-03
 -5.23527761e-03 -3.38277727e-03 -2.00309145e-03  6.65750210e-05
  1.68302405e-03  3.79837230e-03  5.47636877e-03  6.33560876e-03
  8.00102960e-03  9.68522429e-03  1.13501581e-02  1.26155862e-02
  1.38127795e-02  1.53806653e-02  1.75309128e-02  1.96124863e-02
  2.07401595e-02  2.22226818e-02  2.38781535e-02  2.56472304e-02
  2.77036971e-02  2.85634273e-02  3.03497920e-02  3.09778240e-02
  3.33112558e-02  3.45280314e-02  3.62423601e-02  3.72606543e-02
  3.93254694e-02  4.08876869e-02  4.22097361e-02  4.49463610e-02
  4.51432573e-02  4.70265897e-02  4.83313501e-02  5.08801903e-02
  5.02267773e-02  5.21169281e-02  5.29312571e-02  5.41211338e-02
  5.57533170e-02  5.65973858e-02  5.81737565e-02  5.86070573e-02
  6.13022354e-02  6.17553664e-02  6.38900780e-02  6.38711425e-02
  6.52927453e-02  6.63151664e-02  6.68919087e-02  6.81305959e-02
  6.83128943e-02  6.92898158e-02  6.93568781e-02  7.22744788e-02
  7.19170534e-02  7.36277149e-02  7.40909148e-02  7.47430745e-02
  7.56681186e-02  7.75011986e-02  7.78965306e-02  7.72591692e-02
  7.82504625e-02  7.82275233e-02  7.90762753e-02  7.84489937e-02
  7.81840965e-02  7.89409197e-02  7.98812863e-02  8.03467991e-02
  8.04105196e-02  8.07262578e-02  8.08617366e-02  8.20333602e-02
  8.22770165e-02  8.18872359e-02  8.23006242e-02  8.17822057e-02
  8.24434680e-02  8.12504142e-02  8.14608975e-02  8.01873280e-02
  8.07988352e-02  8.08814043e-02  8.11980405e-02  8.06579263e-02
  7.93211360e-02  8.01913701e-02  7.85411635e-02  7.97711338e-02
  7.80011410e-02  7.82171691e-02  7.61109525e-02  7.70690187e-02
  7.51255413e-02  7.47623090e-02  7.39522609e-02  7.27807341e-02
  7.31738124e-02  7.27813166e-02  7.28713407e-02  7.05117976e-02
  7.07719572e-02  6.89139711e-02  6.86155391e-02  6.70719079e-02
  6.60848072e-02  6.47892157e-02  6.32964348e-02  6.25302493e-02
  6.12318867e-02  6.02445859e-02  5.82542625e-02  5.80217727e-02
  5.74012455e-02  5.60974489e-02  5.48962364e-02  5.30706320e-02
  5.18481140e-02  5.07275796e-02  4.96537594e-02  4.67316900e-02
  4.54086609e-02  4.46360904e-02  4.28967632e-02  4.16442599e-02
  3.96984555e-02  3.85279234e-02  3.67962582e-02  3.68376373e-02
  3.46323413e-02  3.33392074e-02  3.14048228e-02  3.00376668e-02
  2.85433351e-02  2.65651750e-02  2.47053693e-02  2.24852427e-02
  2.15163303e-02  1.91901971e-02  1.83016726e-02  1.61844593e-02
  1.48937573e-02  1.28719710e-02  1.18111332e-02  1.03792654e-02
  8.64827186e-03  7.24553044e-03  5.19112684e-03  3.92109522e-03
  1.99000455e-03  5.46244068e-04 -1.84849915e-03 -3.23371286e-03
 -4.57444702e-03 -6.26476150e-03 -7.72493242e-03 -9.64420686e-03
 -1.08964894e-02 -1.27097077e-02 -1.37255390e-02 -1.58973974e-02
 -1.70605985e-02 -1.92563511e-02 -2.05953207e-02 -2.19437239e-02
 -2.35218448e-02 -2.51956703e-02 -2.67685888e-02 -2.78581825e-02
 -2.91758490e-02 -3.01880210e-02 -3.20667373e-02 -3.32843717e-02
 -3.43750152e-02 -3.56965727e-02 -3.69326480e-02 -3.83884376e-02
 -3.99356456e-02 -4.12998746e-02 -4.22910937e-02 -4.36525895e-02
 -4.49810628e-02 -4.60392321e-02 -4.70287212e-02 -4.79283121e-02
 -4.90089314e-02 -4.99155723e-02 -5.10963234e-02 -5.17971829e-02
 -5.27335012e-02 -5.38216339e-02 -5.46597978e-02 -5.55899292e-02
 -5.64146506e-02 -5.75082827e-02 -5.78797519e-02 -5.90462335e-02
 -5.94997758e-02 -6.03904931e-02 -6.06886766e-02 -6.14227847e-02
 -6.17917435e-02 -6.25881485e-02 -6.29797723e-02 -6.33535743e-02
 -6.39154558e-02 -6.43143885e-02 -6.49672511e-02 -6.52456006e-02
 -6.57222405e-02 -6.58116694e-02 -6.62826897e-02 -6.63955067e-02
 -6.67595256e-02 -6.68391325e-02 -6.68747227e-02 -6.69332758e-02
 -6.70728261e-02 -6.71372421e-02 -6.70811422e-02 -6.71082045e-02
 -6.69534302e-02 -6.70259100e-02 -6.69763302e-02 -6.67521713e-02
 -6.65279454e-02 -6.64286891e-02 -6.61662538e-02 -6.59276757e-02
 -6.57737454e-02 -6.53539342e-02 -6.49996484e-02 -6.48018092e-02
 -6.43383250e-02 -6.39190991e-02 -6.35027461e-02 -6.30676639e-02
 -6.25538875e-02 -6.21620846e-02 -6.14734856e-02 -6.08530604e-02
 -6.02994719e-02 -5.96355388e-02 -5.89624028e-02 -5.83494099e-02
 -5.76934077e-02 -5.69479511e-02 -5.62622413e-02 -5.55054588e-02
 -5.48382647e-02 -5.39690363e-02 -5.31970134e-02 -5.23867326e-02
 -5.15933098e-02 -5.07131015e-02 -4.99261980e-02 -4.89613634e-02
 -4.80784958e-02 -4.71330048e-02 -4.62383885e-02 -4.52378165e-02
 -4.43119607e-02 -4.32755632e-02 -4.23138235e-02 -4.13124229e-02
 -4.03558468e-02 -3.93263858e-02 -3.82119642e-02 -3.71848300e-02
 -3.62122752e-02 -3.51285363e-02 -3.40631591e-02 -3.29956552e-02
 -3.19285783e-02 -3.08679439e-02 -2.98137550e-02 -2.86605832e-02
 -2.76103822e-02 -2.64807879e-02 -2.53812657e-02 -2.43150427e-02
 -2.31711876e-02 -2.20031483e-02 -2.09587620e-02 -1.98222594e-02
 -1.86780392e-02 -1.76255883e-02 -1.64953014e-02 -1.53077969e-02
 -1.42904888e-02 -1.31554545e-02 -1.20549590e-02 -1.09325804e-02
 -9.87917481e-03 -8.66973948e-03 -7.63982899e-03 -6.56574737e-03
 -5.49566694e-03 -4.37101366e-03 -3.33040438e-03 -2.30595044e-03
 -1.29059769e-03 -2.54960924e-04  7.99394822e-04  1.78045175e-03
  2.81640835e-03  3.79102873e-03  4.78802224e-03  5.82421983e-03
  6.85140177e-03  7.83722799e-03  8.76570859e-03  9.70222407e-03
  1.06270372e-02  1.16274016e-02  1.24578253e-02  1.32919435e-02
  1.41817612e-02  1.50793384e-02  1.59011660e-02  1.67462084e-02
  1.75148216e-02  1.82979057e-02  1.91739759e-02  1.99766309e-02
  2.07102566e-02  2.14607575e-02  2.22084523e-02  2.29281223e-02
  2.36316372e-02  2.43095332e-02  2.49381392e-02  2.55678294e-02
  2.62134413e-02  2.68603509e-02  2.74716186e-02  2.80288913e-02
  2.86461577e-02  2.91977137e-02  2.97608804e-02  3.02720301e-02
  3.08242171e-02  3.12757962e-02  3.17206784e-02  3.21827057e-02
  3.26453942e-02  3.29958492e-02  3.33352128e-02  3.37576107e-02
  3.40935603e-02  3.44808011e-02  3.48114695e-02  3.51172020e-02
  3.53963335e-02  3.57529241e-02  3.60097807e-02  3.62283636e-02
  3.64711452e-02  3.66597098e-02  3.68942517e-02  3.70385356e-02
  3.72138822e-02  3.73057134e-02  3.74545588e-02  3.75620906e-02
  3.77539505e-02  3.78095875e-02  3.78341224e-02  3.79153870e-02
  3.79849072e-02  3.79888081e-02  3.79532305e-02  3.79547395e-02
  3.78931069e-02  3.78526787e-02  3.78167359e-02  3.77051134e-02
  3.76211638e-02  3.75051580e-02  3.74553578e-02  3.73494638e-02
  3.72759486e-02  3.70916133e-02  3.69737894e-02  3.68124112e-02
  3.66185691e-02  3.64361823e-02  3.61955350e-02  3.59806991e-02
  3.57140790e-02  3.55236141e-02  3.52123287e-02  3.49766357e-02
  3.46646961e-02  3.44158238e-02  3.41648583e-02  3.38862009e-02
  3.35940558e-02  3.32319501e-02  3.29388634e-02  3.25786014e-02
  3.22787756e-02  3.18490460e-02  3.14835827e-02  3.11098312e-02
  3.07753075e-02  3.03789826e-02  2.99815272e-02  2.96075933e-02
  2.92157432e-02  2.88556627e-02  2.84851766e-02  2.80759434e-02
  2.76221993e-02  2.72034996e-02  2.68104823e-02  2.63174174e-02
  2.58891647e-02  2.53843496e-02  2.49529194e-02  2.44931263e-02
  2.40834787e-02  2.35936935e-02  2.31371974e-02  2.27175295e-02
  2.22565133e-02  2.18394525e-02  2.13199946e-02  2.08875040e-02
  2.03825924e-02  1.99380018e-02  1.94344532e-02  1.89911505e-02
  1.84539243e-02  1.79655685e-02  1.75446445e-02  1.70646399e-02
  1.66108877e-02  1.61298992e-02  1.57017242e-02  1.52040702e-02
  1.47782945e-02  1.42907290e-02  1.37889839e-02  1.32902040e-02
  1.28200830e-02  1.23730965e-02  1.18709770e-02  1.13885911e-02
  1.09118993e-02  1.04727190e-02  1.00318463e-02  9.59119657e-03
  9.15233681e-03  8.69854154e-03  8.29077396e-03  7.84190832e-03
  7.39959941e-03  6.91575578e-03  6.48661600e-03  6.04109993e-03
  5.60558778e-03  5.17866463e-03  4.73634898e-03  4.31928044e-03
  3.90017035e-03  3.51847388e-03  3.10518285e-03  2.72778583e-03
  2.31727467e-03  1.92519067e-03  1.53701302e-03  1.14808084e-03
  7.19945828e-04  3.11837397e-04 -7.43316626e-05 -4.33903543e-04
 -8.19347148e-04 -1.18005411e-03 -1.56888117e-03 -1.89504318e-03
 -2.23613923e-03 -2.55340773e-03 -2.91684417e-03 -3.23318159e-03
 -3.57777424e-03 -3.89869653e-03 -4.23237670e-03 -4.58313365e-03
 -4.91414908e-03 -5.24787871e-03 -5.54448038e-03 -5.86591733e-03
 -6.15912421e-03 -6.47638755e-03 -6.74132928e-03 -7.02506385e-03
 -7.29885595e-03 -7.57924638e-03 -7.84592103e-03 -8.13230868e-03
 -8.38806956e-03 -8.65856052e-03 -8.92765617e-03 -9.20676887e-03
 -9.44630855e-03 -9.69481012e-03 -9.92568942e-03 -1.01707084e-02
 -1.03965354e-02 -1.06124711e-02 -1.08353224e-02 -1.10320394e-02
 -1.12678514e-02 -1.14601048e-02 -1.17028776e-02 -1.18710532e-02
 -1.21225931e-02 -1.22869603e-02 -1.25127807e-02 -1.26784584e-02
 -1.28977256e-02 -1.30584315e-02 -1.32299407e-02 -1.33969538e-02
 -1.35691463e-02 -1.37367685e-02 -1.38731141e-02 -1.40459000e-02
 -1.41875741e-02 -1.43635683e-02 -1.44994973e-02 -1.46538930e-02
 -1.47965872e-02 -1.49508590e-02 -1.50760866e-02 -1.52104889e-02
 -1.53358004e-02 -1.54544451e-02 -1.55672492e-02 -1.56962092e-02
 -1.57821526e-02 -1.59093397e-02 -1.60003143e-02 -1.61270989e-02
 -1.62145022e-02 -1.63314877e-02 -1.64193167e-02 -1.65312163e-02
 -1.66255643e-02 -1.67024196e-02 -1.68054117e-02 -1.68673648e-02
 -1.69648628e-02 -1.70047139e-02 -1.71105864e-02 -1.71514979e-02
 -1.72473162e-02 -1.72785506e-02 -1.73559756e-02 -1.74046428e-02
 -1.74760773e-02 -1.75347358e-02 -1.75886464e-02 -1.76490534e-02
 -1.76828341e-02 -1.77412505e-02 -1.77758615e-02 -1.78221191e-02
 -1.78456904e-02 -1.78916235e-02 -1.79179307e-02 -1.79594677e-02
 -1.79858120e-02 -1.80050371e-02 -1.80140466e-02 -1.80528443e-02
 -1.80633856e-02 -1.81042359e-02 -1.81005416e-02 -1.81374377e-02
 -1.81220636e-02 -1.81582276e-02 -1.81247328e-02 -1.81515622e-02
 -1.81363938e-02 -1.81539509e-02 -1.81459797e-02 -1.81432734e-02
 -1.81326093e-02 -1.81077402e-02 -1.81087863e-02 -1.80845901e-02
 -1.80910507e-02 -1.80544318e-02 -1.80468652e-02 -1.80082917e-02
 -1.79941635e-02 -1.79483329e-02 -1.79109529e-02 -1.78796963e-02
 -1.78537683e-02 -1.78202325e-02 -1.77893998e-02 -1.77496033e-02
 -1.77017099e-02 -1.76425002e-02 -1.76144819e-02 -1.75548923e-02
 -1.75077754e-02 -1.74493384e-02 -1.73986416e-02 -1.73226681e-02
 -1.72487631e-02 -1.71917906e-02 -1.71036118e-02 -1.70498586e-02
 -1.69595261e-02 -1.69157052e-02 -1.68130279e-02 -1.67528389e-02
 -1.66450411e-02 -1.65754051e-02 -1.64671208e-02 -1.63835885e-02
 -1.62937325e-02 -1.61779296e-02 -1.60878126e-02 -1.59805057e-02
 -1.58772052e-02 -1.57456957e-02 -1.56550026e-02 -1.55383206e-02
 -1.54253053e-02 -1.53165798e-02 -1.51772716e-02 -1.50550770e-02
 -1.49164362e-02 -1.47776341e-02 -1.46258954e-02 -1.44868735e-02
 -1.43380079e-02 -1.41725071e-02 -1.40430453e-02 -1.38706895e-02
 -1.37428059e-02 -1.35443245e-02 -1.34073722e-02 -1.32229144e-02
 -1.30872185e-02 -1.28896683e-02 -1.27162051e-02 -1.25242913e-02
 -1.23276869e-02 -1.21311732e-02 -1.19228406e-02 -1.17433765e-02
 -1.15213363e-02 -1.13292424e-02 -1.11235109e-02 -1.09285437e-02
 -1.07035784e-02 -1.04937035e-02 -1.02657871e-02 -1.00361525e-02
 -9.79835291e-03 -9.56034521e-03 -9.30377255e-03 -9.04059291e-03
 -8.75401340e-03 -8.52990442e-03 -8.25487093e-03 -7.98728826e-03
 -7.70789088e-03 -7.48490238e-03 -7.20141650e-03 -6.93516948e-03
 -6.66504773e-03 -6.35572054e-03 -6.09189890e-03 -5.78714287e-03
 -5.50733631e-03 -5.12895213e-03 -4.84735792e-03 -4.50295844e-03
 -4.22498441e-03 -3.85024968e-03 -3.55977615e-03 -3.22434033e-03
 -2.90278201e-03 -2.56338477e-03 -2.25182756e-03 -1.89507627e-03
 -1.51686958e-03 -1.17924464e-03 -8.13397966e-04 -4.30848032e-04
 -3.96632071e-05  3.42932885e-04  7.30600898e-04  1.09026267e-03
  1.45771583e-03  1.82762706e-03  2.23610661e-03  2.58572139e-03
  2.98056266e-03  3.35102915e-03  3.78390193e-03  4.17109769e-03
  4.61025209e-03  5.01117192e-03  5.44881673e-03  5.89364492e-03
  6.34505429e-03  6.78143345e-03  7.17574434e-03  7.61181299e-03
  8.02198071e-03  8.48685970e-03  8.88549537e-03  9.33533841e-03
  9.76020308e-03  1.02109416e-02  1.06732354e-02  1.11458116e-02
  1.15954009e-02  1.20321503e-02  1.25248527e-02  1.29978754e-02
  1.34570970e-02  1.38837880e-02  1.42919277e-02  1.47557957e-02
  1.52024611e-02  1.56641891e-02  1.60938540e-02  1.65693584e-02
  1.70081138e-02  1.75229688e-02  1.80093626e-02  1.84461401e-02
  1.89349755e-02  1.94191396e-02  1.99137045e-02  2.03258685e-02
  2.08094625e-02  2.11812188e-02  2.16422305e-02  2.20552482e-02
  2.25326373e-02  2.29496166e-02  2.33580960e-02  2.38072349e-02
  2.42944603e-02  2.47323989e-02  2.51196915e-02  2.55919787e-02
  2.59903901e-02  2.64139800e-02  2.68431357e-02  2.72287641e-02
  2.75655944e-02  2.79518602e-02  2.83824168e-02  2.87502619e-02
  2.91315484e-02  2.94973342e-02  2.98957104e-02  3.02668446e-02
  3.06529672e-02  3.10341194e-02  3.13220816e-02  3.16711913e-02
  3.20067222e-02  3.23305245e-02  3.25692884e-02  3.28676099e-02
  3.31349770e-02  3.33979390e-02  3.36747011e-02  3.39384688e-02
  3.42057342e-02  3.43915038e-02  3.46979389e-02  3.49452873e-02
  3.51793043e-02  3.53174020e-02  3.55632617e-02  3.57143246e-02
  3.58788051e-02  3.60624724e-02  3.61612022e-02  3.62754420e-02
  3.63994992e-02  3.65652144e-02  3.66340501e-02  3.67315942e-02
  3.67895672e-02  3.68641105e-02  3.69610867e-02  3.69808905e-02
  3.69933767e-02  3.69232559e-02  3.69214819e-02  3.68562897e-02
  3.68725970e-02  3.67115168e-02  3.66499159e-02  3.66013417e-02
  3.65382023e-02  3.64045936e-02  3.62884976e-02  3.61693601e-02
  3.59953074e-02  3.59051248e-02  3.56664513e-02  3.55026435e-02
  3.52370976e-02  3.49726675e-02  3.47217809e-02  3.44593813e-02
  3.41051748e-02  3.37961603e-02  3.35318502e-02  3.31498324e-02
  3.28411007e-02  3.24636485e-02  3.20784260e-02  3.16493035e-02
  3.12681655e-02  3.08449833e-02  3.04003122e-02  2.98951460e-02
  2.93876424e-02  2.89073065e-02  2.83925780e-02  2.78649081e-02
  2.73156605e-02  2.66998353e-02  2.61978873e-02  2.56492822e-02
  2.50513003e-02  2.43620715e-02  2.37711540e-02  2.31043631e-02
  2.24222698e-02  2.17390224e-02  2.10171828e-02  2.02682130e-02
  1.94647709e-02  1.88169462e-02  1.80038379e-02  1.71896578e-02
  1.63762182e-02  1.56732304e-02  1.48358233e-02  1.40584806e-02
  1.32196715e-02  1.23027396e-02  1.14939700e-02  1.06257834e-02
  9.69874219e-03  8.74866944e-03  7.87792534e-03  6.91281147e-03
  6.01908607e-03  5.07579545e-03  4.07591049e-03  3.16569742e-03
  2.17315002e-03  1.20169533e-03  1.92923147e-04 -7.84473052e-04
 -1.88444630e-03 -2.84835991e-03 -3.91829390e-03 -4.95324923e-03
 -5.97684659e-03 -7.03066503e-03 -8.12427625e-03 -9.16671313e-03
 -1.02119819e-02 -1.12311397e-02 -1.22593756e-02 -1.33610547e-02
 -1.44540992e-02 -1.54029946e-02 -1.65230455e-02 -1.76710834e-02
 -1.87654793e-02 -1.98294751e-02 -2.08953882e-02 -2.19479302e-02
 -2.31160006e-02 -2.41696879e-02 -2.52305544e-02 -2.63367161e-02
 -2.73803115e-02 -2.83780469e-02 -2.95799181e-02 -3.05732729e-02
 -3.16177135e-02 -3.26286448e-02 -3.37758068e-02 -3.46937007e-02
 -3.58321417e-02 -3.67567680e-02 -3.78088666e-02 -3.87651665e-02
 -3.97972068e-02 -4.07194122e-02 -4.16408858e-02 -4.25816900e-02
 -4.34966272e-02 -4.44404601e-02 -4.53209820e-02 -4.63502265e-02
 -4.71980316e-02 -4.81394834e-02 -4.89719227e-02 -4.99039708e-02
 -5.07307834e-02 -5.16133020e-02 -5.23609468e-02 -5.31445546e-02
 -5.38636469e-02 -5.45728604e-02 -5.53781027e-02 -5.59819644e-02
 -5.66539633e-02 -5.72921939e-02 -5.80325354e-02 -5.85594944e-02
 -5.91811033e-02 -5.95907034e-02 -6.02829730e-02 -6.08205354e-02
 -6.12718798e-02 -6.17259580e-02 -6.21629084e-02 -6.25510690e-02]
