Frame: 70
temp_s_est shape: (1024,)
temp_s_est dtype: float64
temp_s_est:
[ 1.36276574e-02  1.35564656e-02  1.34753006e-02  1.33277756e-02
  1.32549618e-02  1.32048080e-02  1.29757928e-02  1.28538795e-02
  1.28220285e-02  1.26578981e-02  1.25334075e-02  1.23709189e-02
  1.22344952e-02  1.19562336e-02  1.17619609e-02  1.15227136e-02
  1.13698298e-02  1.10869501e-02  1.07633562e-02  1.06465092e-02
  1.02201918e-02  1.01327150e-02  9.72302492e-03  9.52150185e-03
  9.36170906e-03  9.00590536e-03  8.74218935e-03  8.50610899e-03
  8.27721302e-03  7.96648312e-03  7.71369204e-03  7.36985887e-03
  7.10397954e-03  6.69771860e-03  6.44786123e-03  6.07155554e-03
  5.61922016e-03  5.35965078e-03  4.89273075e-03  4.66823776e-03
  4.18351947e-03  3.73843303e-03  3.33534765e-03  3.05743013e-03
  2.70143919e-03  2.19685216e-03  2.00498081e-03  1.59121650e-03
  1.23718979e-03  7.96264091e-04  5.17507790e-04  1.84862096e-04
 -2.69744921e-04 -6.36435182e-04 -1.08541941e-03 -1.54109437e-03
 -2.06391423e-03 -2.47272830e-03 -2.67303465e-03 -3.31166836e-03
 -3.71012477e-03 -4.20023291e-03 -4.51128797e-03 -4.79213960e-03
 -5.26807983e-03 -5.52630825e-03 -5.89985523e-03 -6.15960594e-03
 -6.93861200e-03 -7.04153595e-03 -7.53594351e-03 -7.64623846e-03
 -8.23303241e-03 -8.60834192e-03 -9.12248008e-03 -9.64657776e-03
 -9.67469892e-03 -1.03949148e-02 -1.03621029e-02 -1.10658756e-02
 -1.13984366e-02 -1.17748356e-02 -1.20600425e-02 -1.22609039e-02
 -1.25548196e-02 -1.24744351e-02 -1.31187154e-02 -1.35269283e-02
 -1.37679036e-02 -1.37751602e-02 -1.39505721e-02 -1.43368295e-02
 -1.45422915e-02 -1.52581340e-02 -1.49302847e-02 -1.61317031e-02
 -1.57236857e-02 -1.59673377e-02 -1.64984223e-02 -1.67780804e-02
 -1.69338167e-02 -1.72049342e-02 -1.73788520e-02 -1.71583125e-02
 -1.72447926e-02 -1.72768301e-02 -1.78344300e-02 -1.78649046e-02
 -1.76188128e-02 -1.77393847e-02 -1.78001161e-02 -1.79940887e-02
 -1.80805165e-02 -1.81568676e-02 -1.85577638e-02 -1.82284605e-02
 -1.89053628e-02 -1.82790272e-02 -1.87263792e-02 -1.87792033e-02
 -1.88597741e-02 -1.86448374e-02 -1.88974365e-02 -1.82498755e-02
 -1.82880379e-02 -1.87369826e-02 -1.83831840e-02 -1.80404970e-02
 -1.81022849e-02 -1.79876556e-02 -1.76642958e-02 -1.74895834e-02
 -1.78148328e-02 -1.71182098e-02 -1.76719411e-02 -1.71099194e-02
 -1.68574163e-02 -1.69011891e-02 -1.67196583e-02 -1.66056788e-02
 -1.58717250e-02 -1.64742291e-02 -1.51917471e-02 -1.57059912e-02
 -1.49715041e-02 -1.51497201e-02 -1.46232255e-02 -1.43710605e-02
 -1.43030685e-02 -1.37849886e-02 -1.35019353e-02 -1.27091302e-02
 -1.33066413e-02 -1.25454504e-02 -1.22983258e-02 -1.24465449e-02
 -1.14926727e-02 -1.14768504e-02 -1.15589179e-02 -1.04141122e-02
 -1.04899866e-02 -1.03411924e-02 -9.35271977e-03 -9.06964304e-03
 -8.64607305e-03 -7.73794137e-03 -8.01873047e-03 -7.18665802e-03
 -7.46374441e-03 -5.94862058e-03 -6.35476599e-03 -5.67891656e-03
 -5.28270584e-03 -5.19733635e-03 -4.92788967e-03 -4.46336262e-03
 -4.42084924e-03 -3.59795483e-03 -3.14467975e-03 -2.78725351e-03
 -3.00139252e-03 -2.17502640e-03 -1.74538827e-03 -8.54103316e-04
 -4.71632244e-04 -8.50672613e-05  5.41300907e-04  3.22800792e-04
  1.36001580e-03  1.65561905e-03  2.24145075e-03  2.21681935e-03
  3.22360560e-03  3.03738578e-03  3.10804557e-03  3.81007706e-03
  4.27960256e-03  4.45853179e-03  5.15945848e-03  5.23216588e-03
  4.94168879e-03  6.16639383e-03  6.26359423e-03  6.84414341e-03
  7.46468213e-03  7.45600343e-03  8.09316651e-03  7.97000725e-03
  8.68124786e-03  8.87613829e-03  9.19222256e-03  9.69626433e-03
  9.50537559e-03  9.90252017e-03  9.78891908e-03  1.06386199e-02
  1.07479105e-02  1.12271452e-02  1.11742762e-02  1.15476032e-02
  1.14814409e-02  1.21182190e-02  1.23557487e-02  1.25233621e-02
  1.29983615e-02  1.29180385e-02  1.30138437e-02  1.31387584e-02
  1.35032721e-02  1.36548956e-02  1.37362615e-02  1.39365281e-02
  1.38365261e-02  1.37799770e-02  1.42236529e-02  1.42163285e-02
  1.43213477e-02  1.44439813e-02  1.44307271e-02  1.45603008e-02
  1.48537469e-02  1.44758995e-02  1.50440000e-02  1.51369898e-02
  1.50352726e-02  1.52192235e-02  1.50072820e-02  1.49907467e-02
  1.51486676e-02  1.50354767e-02  1.50035704e-02  1.49633887e-02
  1.47808942e-02  1.48125667e-02  1.47082319e-02  1.45383733e-02
  1.45602902e-02  1.45171108e-02  1.44901644e-02  1.42784267e-02
  1.41986307e-02  1.42210930e-02  1.40371956e-02  1.42956586e-02
  1.39252079e-02  1.39226257e-02  1.37992681e-02  1.35820782e-02
  1.34089942e-02  1.33127623e-02  1.31548727e-02  1.28779458e-02
  1.27906616e-02  1.24361171e-02  1.22921275e-02  1.19688737e-02
  1.19332131e-02  1.17071983e-02  1.15692156e-02  1.12669874e-02
  1.10112171e-02  1.09512131e-02  1.07095686e-02  1.05312143e-02
  1.04249169e-02  1.01233501e-02  9.83883411e-03  9.60461794e-03
  9.34496031e-03  9.11728365e-03  8.94164450e-03  8.63296750e-03
  8.35478357e-03  8.01446574e-03  7.79959828e-03  7.55079639e-03
  7.34103205e-03  7.16150412e-03  6.78604166e-03  6.63394005e-03
  6.25418477e-03  6.06462788e-03  5.89039980e-03  5.62799834e-03
  5.40486967e-03  5.15441980e-03  4.71891435e-03  4.55366757e-03
  4.28209181e-03  4.01699906e-03  3.76963828e-03  3.46126352e-03
  3.10359299e-03  2.87399457e-03  2.59967320e-03  2.39937000e-03
  2.18483005e-03  1.96575436e-03  1.69182308e-03  1.43282284e-03
  1.24117813e-03  1.00955704e-03  7.98433943e-04  6.21184957e-04
  3.62998447e-04  2.21018684e-06 -1.97462878e-04 -4.30370587e-04
 -6.44255790e-04 -8.77147719e-04 -1.14540150e-03 -1.37742379e-03
 -1.63616469e-03 -1.82071662e-03 -2.01023438e-03 -2.22384794e-03
 -2.38242309e-03 -2.59926632e-03 -2.78891922e-03 -2.96637292e-03
 -3.17446845e-03 -3.27442638e-03 -3.47882692e-03 -3.63513175e-03
 -3.81264898e-03 -4.01717374e-03 -4.17382018e-03 -4.33951025e-03
 -4.50777887e-03 -4.66107200e-03 -4.85677150e-03 -5.02297827e-03
 -5.16380497e-03 -5.30305642e-03 -5.43285512e-03 -5.52838867e-03
 -5.66812441e-03 -5.79623229e-03 -5.90025125e-03 -5.95724655e-03
 -6.10026456e-03 -6.17517477e-03 -6.26763609e-03 -6.37947874e-03
 -6.47642185e-03 -6.57680427e-03 -6.65692597e-03 -6.74858473e-03
 -6.82747335e-03 -6.88673585e-03 -7.01394269e-03 -7.06142857e-03
 -7.10469208e-03 -7.17035036e-03 -7.21667564e-03 -7.26314759e-03
 -7.33613975e-03 -7.36018545e-03 -7.36830671e-03 -7.41755441e-03
 -7.44191077e-03 -7.45265569e-03 -7.46871102e-03 -7.48305868e-03
 -7.52661517e-03 -7.51630857e-03 -7.53775937e-03 -7.54783631e-03
 -7.53566999e-03 -7.55353910e-03 -7.60636272e-03 -7.53554510e-03
 -7.56569752e-03 -7.54174263e-03 -7.48553321e-03 -7.48782402e-03
 -7.46244778e-03 -7.45638438e-03 -7.37166836e-03 -7.37581452e-03
 -7.30531189e-03 -7.25785462e-03 -7.24773747e-03 -7.20452910e-03
 -7.18464216e-03 -7.09164835e-03 -7.07354451e-03 -6.99281375e-03
 -6.96528213e-03 -6.93882341e-03 -6.88799389e-03 -6.79346036e-03
 -6.74905907e-03 -6.67094577e-03 -6.58647634e-03 -6.53126906e-03
 -6.46307784e-03 -6.40261819e-03 -6.27113347e-03 -6.20134864e-03
 -6.12588545e-03 -6.01690865e-03 -5.98723322e-03 -5.90603040e-03
 -5.80989374e-03 -5.69924098e-03 -5.64778839e-03 -5.55051817e-03
 -5.48291216e-03 -5.41418469e-03 -5.30882928e-03 -5.24043132e-03
 -5.11424970e-03 -5.01389508e-03 -4.91077423e-03 -4.83988152e-03
 -4.76160836e-03 -4.63698354e-03 -4.52137780e-03 -4.42024581e-03
 -4.30664321e-03 -4.22755689e-03 -4.13681564e-03 -4.04083862e-03
 -3.91824442e-03 -3.82315227e-03 -3.71487319e-03 -3.62049802e-03
 -3.52664086e-03 -3.44059676e-03 -3.34724243e-03 -3.23826309e-03
 -3.10772627e-03 -3.01195116e-03 -2.93097558e-03 -2.82336699e-03
 -2.76447806e-03 -2.60061379e-03 -2.54017473e-03 -2.41123561e-03
 -2.29723855e-03 -2.22470285e-03 -2.12385130e-03 -2.02368141e-03
 -1.92146326e-03 -1.82045095e-03 -1.72004490e-03 -1.62682794e-03
 -1.53979993e-03 -1.46486007e-03 -1.36863458e-03 -1.23472267e-03
 -1.16581298e-03 -1.04679721e-03 -9.80848148e-04 -8.81582798e-04
 -7.98664475e-04 -7.01598291e-04 -6.14998021e-04 -5.30706438e-04
 -4.22153178e-04 -3.79171487e-04 -2.70423622e-04 -2.17736473e-04
 -1.10124479e-04 -4.95816975e-05  5.93388050e-05  1.13784780e-04
  1.82854815e-04  2.58112333e-04  3.27193861e-04  4.19732056e-04
  4.78217874e-04  5.65575674e-04  6.35641381e-04  6.85456373e-04
  7.67045826e-04  8.21898158e-04  9.00672798e-04  9.84478864e-04
  1.03127561e-03  1.08464101e-03  1.14756093e-03  1.18356425e-03
  1.25785728e-03  1.31258189e-03  1.36249033e-03  1.43403318e-03
  1.42980088e-03  1.50527979e-03  1.53826871e-03  1.58579456e-03
  1.63654336e-03  1.68794708e-03  1.72543269e-03  1.74907960e-03
  1.79443710e-03  1.83570052e-03  1.87965534e-03  1.93701885e-03
  1.95480437e-03  1.98623272e-03  2.01758376e-03  2.03049641e-03
  2.07404693e-03  2.10248114e-03  2.13615016e-03  2.14788881e-03
  2.16528022e-03  2.17044505e-03  2.20330492e-03  2.20698171e-03
  2.25753070e-03  2.24757139e-03  2.26809005e-03  2.26298404e-03
  2.27876591e-03  2.29661588e-03  2.31486957e-03  2.31488213e-03
  2.32826903e-03  2.32993216e-03  2.30907837e-03  2.34324984e-03
  2.32912382e-03  2.34996469e-03  2.35710188e-03  2.32233627e-03
  2.34310006e-03  2.33348041e-03  2.32325413e-03  2.34489573e-03
  2.33154017e-03  2.32534997e-03  2.29599642e-03  2.30019362e-03
  2.28695446e-03  2.28006702e-03  2.26459508e-03  2.26527049e-03
  2.22479177e-03  2.23106597e-03  2.19719993e-03  2.18883745e-03
  2.18984416e-03  2.16456733e-03  2.15755305e-03  2.11836440e-03
  2.11193505e-03  2.08767752e-03  2.08885761e-03  2.06136709e-03
  2.05819178e-03  2.02744734e-03  2.00132479e-03  1.98838480e-03
  1.97235500e-03  1.95554578e-03  1.92580892e-03  1.91581404e-03
  1.87611787e-03  1.85116928e-03  1.84769515e-03  1.80810598e-03
  1.79884127e-03  1.77227776e-03  1.74176894e-03  1.72810917e-03
  1.70019519e-03  1.67888062e-03  1.66132260e-03  1.64539788e-03
  1.61651488e-03  1.59995451e-03  1.56527883e-03  1.57252483e-03
  1.52413402e-03  1.53134359e-03  1.49245236e-03  1.48345129e-03
  1.46006137e-03  1.44179203e-03  1.42798607e-03  1.41321728e-03
  1.38009217e-03  1.37219721e-03  1.35622530e-03  1.32863274e-03
  1.31978014e-03  1.29991790e-03  1.28177085e-03  1.27519598e-03
  1.25457878e-03  1.23178485e-03  1.23070277e-03  1.21203376e-03
  1.20606809e-03  1.18501320e-03  1.18203403e-03  1.16352208e-03
  1.16431798e-03  1.15515655e-03  1.13821017e-03  1.13883207e-03
  1.12984796e-03  1.12188068e-03  1.12388194e-03  1.11986540e-03
  1.10583577e-03  1.11819651e-03  1.10198183e-03  1.10986192e-03
  1.10328223e-03  1.09468189e-03  1.10519138e-03  1.09148346e-03
  1.09213542e-03  1.09844426e-03  1.09246092e-03  1.10465399e-03
  1.09820708e-03  1.11027301e-03  1.10428732e-03  1.12047527e-03
  1.12158977e-03  1.14336647e-03  1.13118813e-03  1.15530333e-03
  1.15849035e-03  1.16638329e-03  1.19311091e-03  1.18427928e-03
  1.21023312e-03  1.21139314e-03  1.23742682e-03  1.22202885e-03
  1.25817316e-03  1.25444931e-03  1.27817633e-03  1.28176734e-03
  1.29730136e-03  1.31242054e-03  1.32443398e-03  1.34098153e-03
  1.35687362e-03  1.38048778e-03  1.39446919e-03  1.40809888e-03
  1.42471535e-03  1.43777513e-03  1.46589014e-03  1.47884118e-03
  1.50122604e-03  1.51318330e-03  1.53309067e-03  1.54682784e-03
  1.57126460e-03  1.59223362e-03  1.60007858e-03  1.62322704e-03
  1.62965405e-03  1.66090518e-03  1.66221085e-03  1.68996676e-03
  1.69998997e-03  1.72230794e-03  1.74239417e-03  1.75020678e-03
  1.76581751e-03  1.78396570e-03  1.80262584e-03  1.81404510e-03
  1.83690824e-03  1.83946816e-03  1.85666133e-03  1.87421374e-03
  1.89165429e-03  1.89391246e-03  1.91235075e-03  1.91813321e-03
  1.94138449e-03  1.93522563e-03  1.95506387e-03  1.95916776e-03
  1.97919094e-03  1.97864827e-03  1.98462568e-03  1.98546066e-03
  2.00070341e-03  2.00004389e-03  1.99596461e-03  2.00903980e-03
  1.99300848e-03  2.00122495e-03  1.99312283e-03  2.00680903e-03
  1.99651092e-03  1.99071753e-03  1.98345855e-03  1.98570559e-03
  1.98008429e-03  1.96911260e-03  1.96656765e-03  1.96073941e-03
  1.93871669e-03  1.93239290e-03  1.91554994e-03  1.90837636e-03
  1.89197525e-03  1.88540342e-03  1.84181142e-03  1.84492525e-03
  1.80564697e-03  1.78848738e-03  1.77616408e-03  1.73960894e-03
  1.71367537e-03  1.67860424e-03  1.65778598e-03  1.61199202e-03
  1.60059369e-03  1.55505022e-03  1.53757993e-03  1.48432157e-03
  1.45251846e-03  1.41258901e-03  1.37667749e-03  1.35690697e-03
  1.29605326e-03  1.26059822e-03  1.21911123e-03  1.16593439e-03
  1.11400308e-03  1.08542847e-03  1.02434528e-03  9.86179722e-04
  9.08720974e-04  8.52171217e-04  8.16590291e-04  7.44647263e-04
  6.91938811e-04  6.46928066e-04  5.63204807e-04  5.05217018e-04
  4.32306678e-04  3.94995577e-04  3.13081748e-04  2.63331005e-04
  1.75733244e-04  1.11717603e-04  4.40636914e-05 -3.09311619e-05
 -1.05053124e-04 -1.58557297e-04 -2.35754110e-04 -3.22372827e-04
 -3.89133553e-04 -4.72283735e-04 -5.38292389e-04 -6.21922932e-04
 -6.84749616e-04 -7.78755508e-04 -8.73149589e-04 -9.62109714e-04
 -1.03628588e-03 -1.12032990e-03 -1.20394487e-03 -1.30014142e-03
 -1.38102539e-03 -1.47755284e-03 -1.57565159e-03 -1.65598897e-03
 -1.72563703e-03 -1.83402605e-03 -1.90476737e-03 -2.01240866e-03
 -2.10588660e-03 -2.16934912e-03 -2.29081247e-03 -2.35208517e-03
 -2.45221807e-03 -2.55024469e-03 -2.65562305e-03 -2.73883870e-03
 -2.82600207e-03 -2.92120255e-03 -3.01988551e-03 -3.10341091e-03
 -3.20951245e-03 -3.30532653e-03 -3.40265378e-03 -3.49216741e-03
 -3.57940630e-03 -3.68202732e-03 -3.77968176e-03 -3.85700643e-03
 -3.96857016e-03 -4.04063989e-03 -4.13911940e-03 -4.22303217e-03
 -4.29947591e-03 -4.41399025e-03 -4.48165676e-03 -4.58104052e-03
 -4.65209601e-03 -4.76089686e-03 -4.80934870e-03 -4.93314083e-03
 -4.98603882e-03 -5.10232904e-03 -5.15883391e-03 -5.23515960e-03
 -5.33285694e-03 -5.37832748e-03 -5.48484225e-03 -5.54286525e-03
 -5.62091025e-03 -5.71040705e-03 -5.76323013e-03 -5.82833694e-03
 -5.90410835e-03 -5.97178474e-03 -6.04094680e-03 -6.10519208e-03
 -6.15975889e-03 -6.22966864e-03 -6.26367646e-03 -6.33280895e-03
 -6.40361420e-03 -6.43082720e-03 -6.50636893e-03 -6.52704235e-03
 -6.58835621e-03 -6.58947499e-03 -6.65681720e-03 -6.68275271e-03
 -6.73939812e-03 -6.76378516e-03 -6.78033806e-03 -6.80037562e-03
 -6.82853459e-03 -6.87374224e-03 -6.88437004e-03 -6.92024822e-03
 -6.93638910e-03 -6.94378146e-03 -6.94528716e-03 -6.97150830e-03
 -6.98211391e-03 -6.99221146e-03 -6.98989967e-03 -6.98181647e-03
 -6.94640905e-03 -6.94690455e-03 -6.91208809e-03 -6.92888189e-03
 -6.89138005e-03 -6.85393294e-03 -6.81931705e-03 -6.78717516e-03
 -6.74486258e-03 -6.73698725e-03 -6.68511054e-03 -6.64829685e-03
 -6.63170207e-03 -6.52148116e-03 -6.50544325e-03 -6.45163333e-03
 -6.39844628e-03 -6.36043884e-03 -6.26936819e-03 -6.20252340e-03
 -6.10610765e-03 -6.03301476e-03 -5.97000323e-03 -5.87497875e-03
 -5.77423014e-03 -5.67960505e-03 -5.56963411e-03 -5.44841862e-03
 -5.38081227e-03 -5.24823773e-03 -5.18800916e-03 -5.04543834e-03
 -4.93530023e-03 -4.77672076e-03 -4.67786766e-03 -4.56659555e-03
 -4.42183498e-03 -4.31533609e-03 -4.12453212e-03 -4.02088590e-03
 -3.83001326e-03 -3.69907857e-03 -3.55808951e-03 -3.38797224e-03
 -3.24135182e-03 -3.05528832e-03 -2.86815584e-03 -2.68760596e-03
 -2.55082252e-03 -2.36810624e-03 -2.20777229e-03 -2.02567074e-03
 -1.80897485e-03 -1.63851973e-03 -1.46120030e-03 -1.28552224e-03
 -1.07896137e-03 -8.83612234e-04 -6.86983141e-04 -4.63148752e-04
 -2.19842509e-04 -3.06765723e-05  1.73340375e-04  4.15836328e-04
  6.10057657e-04  8.80664932e-04  1.08215397e-03  1.30893436e-03
  1.51123571e-03  1.73018444e-03  1.96417199e-03  2.16040507e-03
  2.41783903e-03  2.64780616e-03  2.84851995e-03  3.10055035e-03
  3.32135688e-03  3.55169192e-03  3.76278661e-03  4.05972218e-03
  4.29199064e-03  4.51427292e-03  4.75701851e-03  5.00087153e-03
  5.24479003e-03  5.51555490e-03  5.76462683e-03  5.98674100e-03
  6.23567758e-03  6.43852043e-03  6.67115045e-03  6.89907954e-03
  7.15427007e-03  7.36680362e-03  7.57137712e-03  7.79409393e-03
  7.98905716e-03  8.22409560e-03  8.45245513e-03  8.72962212e-03
  8.93046147e-03  9.10946294e-03  9.37525929e-03  9.60903536e-03
  9.82048711e-03  1.00283292e-02  1.02782572e-02  1.04307807e-02
  1.05942122e-02  1.07755522e-02  1.09486167e-02  1.11845290e-02
  1.13165937e-02  1.14615115e-02  1.16514550e-02  1.18083115e-02
  1.19514919e-02  1.21291202e-02  1.23358319e-02  1.24546591e-02
  1.25467783e-02  1.27594552e-02  1.29091410e-02  1.30102714e-02
  1.31690269e-02  1.33162438e-02  1.33874223e-02  1.34713292e-02
  1.35241865e-02  1.36606579e-02  1.37129592e-02  1.38048564e-02
  1.38131019e-02  1.38637690e-02  1.39106401e-02  1.39900078e-02
  1.40268477e-02  1.41108478e-02  1.41068490e-02  1.41252206e-02
  1.41681788e-02  1.42162355e-02  1.42100458e-02  1.42312584e-02
  1.42079175e-02  1.41904602e-02  1.40746876e-02  1.40294644e-02
  1.39914734e-02  1.39614835e-02  1.38479318e-02  1.37641714e-02]
