Frame: 23
temp_s_est shape: (1024,)
temp_s_est dtype: float64
temp_s_est:
[ 4.49760885e-06  1.34260251e-04 -2.10891321e-05 -2.81931512e-05
 -7.35315567e-05  1.17623453e-04  8.50617910e-06  1.31164222e-04
 -1.72298928e-04 -7.52546702e-06 -1.39460515e-05  8.70742699e-05
 -3.71040184e-05  1.49620748e-04  7.91471643e-05  1.03834989e-04
 -1.15375989e-04 -9.41440877e-05  8.83700882e-06 -8.94505147e-05
 -3.44242957e-05 -2.62203777e-05 -6.61724478e-05  4.69963810e-05
  4.37635346e-05 -2.62275985e-04 -1.28452122e-04  7.33532867e-06
 -7.22334243e-05  5.77750467e-05  7.72945984e-05 -5.22962734e-05
  5.28047412e-05 -2.25462510e-04 -3.69951075e-05 -5.97274033e-05
  9.15678058e-05 -4.52876629e-05  3.54909237e-05 -1.63613026e-04
  4.28131770e-05 -8.80441049e-05 -3.96259275e-05 -7.23806079e-05
 -1.07908603e-05  1.33979599e-04 -5.89208338e-05 -8.36196282e-05
 -6.52600196e-05  1.53849466e-04 -4.01617189e-05  1.87407955e-04
 -1.14806849e-04  1.15463109e-04 -6.67704708e-05 -8.92158826e-05
 -1.62232179e-04  1.10515805e-04  3.81610770e-05  1.43668050e-04
 -7.01795128e-05 -8.88832525e-05 -1.71867911e-05 -5.91886081e-05
 -8.12992935e-05 -1.18714264e-04  5.99799846e-05  5.95073125e-05
  5.68324106e-05 -7.35563585e-05  1.63087503e-04 -1.56479655e-04
  6.83381174e-05  9.67019947e-05 -1.19376002e-07 -4.82207653e-05
  1.01498508e-04 -1.90964448e-04  5.59840924e-05 -5.00601194e-05
  1.23738140e-04 -8.06449584e-06 -4.61473523e-05  3.54641080e-05
  1.38122737e-04 -1.44698116e-04 -1.28742607e-04  1.81653633e-05
 -4.89362895e-06  2.18448255e-04 -1.87835436e-04 -1.62144454e-05
 -8.98891827e-05  1.25272765e-04  8.55473534e-05 -6.96351041e-06
 -1.67958663e-04  2.41028054e-04  1.79021914e-04 -3.58956287e-05
 -4.61283327e-05 -1.58734742e-05  1.28857912e-04  1.44557348e-04
  4.64690779e-05 -3.30618458e-05  4.72114975e-06  3.16780922e-05
  7.47682754e-05 -4.98058793e-05  1.41072821e-04 -9.30087877e-06
 -4.66903520e-05 -1.16666845e-04 -7.93954543e-05 -1.81221159e-04
  1.10120728e-04 -6.06307945e-05 -2.71398249e-05  9.13818669e-05
  8.47968363e-05 -1.38509375e-04  1.33353973e-05 -2.49975950e-04
 -3.26173855e-05  6.44969913e-05 -8.48407679e-05  8.01114998e-05
  1.00819753e-04 -7.64988763e-05  1.48672721e-05  2.64042526e-04
 -4.76653002e-05  2.33007160e-04 -1.91018303e-04 -2.31912756e-04
 -1.79415732e-04  1.52520359e-04 -1.37451430e-04 -7.81277170e-05
 -1.47938785e-04  1.67326849e-04 -2.93395276e-05 -1.06957544e-05
 -1.63867701e-04 -2.07003907e-04  8.84273476e-05  1.27173341e-04
 -1.08008760e-05 -7.87661522e-05  1.27251867e-04 -8.04629859e-05
  1.84073304e-04 -1.28632683e-04  5.21637134e-07  8.85641246e-05
  6.33946996e-05  6.01881079e-05  2.29216870e-04 -1.24827628e-05
  1.15067460e-04 -1.82143913e-05 -6.23516703e-05 -2.25598034e-05
  1.29747188e-04  1.42758015e-04  3.32193986e-05 -3.77233080e-05
  3.58171470e-05  5.90494823e-05 -1.32361489e-04  3.01503753e-04
 -1.05945247e-04 -1.84319779e-04 -1.45231015e-04 -9.87241188e-05
 -7.29081101e-05  2.59068051e-04  2.40955710e-05 -2.73511206e-05
  2.17390736e-05  2.51795084e-04  4.12266678e-05 -1.26024163e-04
 -1.19174743e-04  2.17714845e-04  6.83380583e-05 -3.39596521e-05
  1.68656537e-04 -3.56232136e-05  1.78145469e-04  9.51924298e-05
  5.25480735e-05 -6.34595590e-05 -8.37584875e-05 -1.14744417e-04
  1.09454120e-04 -2.65596346e-04  1.51671586e-05  2.11775635e-04
 -1.72962498e-04 -1.19445949e-05  2.22790032e-04 -1.35215799e-04
 -7.61665687e-06 -5.28826764e-05 -3.27231204e-04  1.13122262e-04
  3.65426787e-04  2.39557816e-04  1.27210177e-05 -1.67473037e-05
 -3.35228889e-05  2.08738751e-05 -2.63098209e-04  1.99011656e-05
  5.86254287e-05  3.06293999e-04 -1.14289446e-04 -5.72655562e-06
 -7.99594029e-05  1.25281618e-04  1.76524283e-05  3.64957115e-06
  1.51368931e-05 -9.50202200e-06  5.75410425e-05 -7.86864938e-06
 -3.90142104e-04  1.67181811e-05  2.77284084e-04 -2.40608166e-04
 -3.21200546e-05 -2.39435937e-04  3.46614025e-05  5.52107630e-05
  1.18147296e-05 -3.51164474e-04  4.80294668e-04 -1.46468574e-04
  1.09101880e-06 -4.04609590e-04 -2.25625396e-04  1.15479820e-04
  4.09773009e-04  1.54717200e-04 -1.67472128e-04 -6.98825035e-06
  5.39666700e-05  2.52708646e-05 -4.22816758e-04  1.86920000e-04
 -1.53008300e-04 -1.18465194e-04 -5.28604572e-05  2.83508992e-05
  7.16891990e-05  2.38725264e-04 -4.65551087e-04  1.87882133e-04
  1.64423126e-05  2.13921752e-04 -1.45331792e-04 -2.54578131e-04
 -1.75414882e-04  5.03641999e-04  1.46822975e-04 -1.00210314e-04
  1.38115922e-04 -1.04616796e-04  6.42408271e-04 -8.38449534e-05
  2.29970778e-04  2.83274460e-05  2.69332061e-04  4.34465248e-05
 -4.56661550e-05 -4.93053425e-04  3.96167091e-04  3.73068837e-04
  1.16764769e-04  9.05150418e-05  1.53740511e-04  1.28999744e-04
  1.13292191e-04 -2.17895660e-04 -3.94898472e-04 -6.61896710e-05
 -8.33765015e-06  4.33206363e-04 -6.25622761e-04 -8.32746467e-05
 -5.05286863e-04 -1.56998208e-04 -1.96713411e-04  3.61623929e-04
  1.51038878e-04 -7.56123636e-05  5.73908253e-05 -1.69075537e-04
  4.52119067e-05 -3.93067050e-05 -3.76606708e-04 -6.62998796e-05
  3.15743401e-05  1.02869418e-04  4.46716686e-04  1.01038162e-05
 -4.88797369e-04  4.14011911e-04 -1.56523373e-04 -3.02056302e-04
 -2.10826137e-04 -3.98412094e-04 -1.41550207e-04 -1.17009809e-04
 -2.67819346e-04  1.81325810e-04  5.21950536e-04 -2.28157437e-04
 -9.04229732e-05 -8.39789619e-04  1.24523249e-04  7.74761617e-05
  1.69404776e-04 -1.41617536e-04  5.75247031e-05  5.18053931e-04
  7.32930380e-04 -2.12033633e-04 -3.41828377e-04  1.51474755e-04
 -1.45054449e-04  2.72789431e-04 -1.93557688e-04 -9.00663179e-05
  2.56103296e-04  1.85462512e-04 -3.44732892e-04  2.50610080e-04
 -7.56124827e-04 -1.17273540e-04 -2.40095702e-04  3.47175637e-05
  8.69080317e-05  5.84388483e-04 -4.44407741e-05  7.13643223e-05
 -3.41031897e-04 -1.88275488e-04  2.34550313e-04 -4.59268537e-04
  3.51864590e-04  3.50076943e-05 -1.28983316e-04  6.81393551e-05
 -2.40040821e-05 -1.12894589e-04  4.56012894e-04 -2.10385515e-04
  8.01596578e-05 -2.06379052e-05  3.80948096e-04  6.67710419e-05
  9.15257170e-05 -5.46543094e-04  8.50025070e-04 -9.52034626e-05
  1.77535663e-04 -3.08065240e-05 -5.15993538e-04  1.59027081e-04
  2.80443692e-05  3.27237568e-04 -3.13862630e-04  1.79945908e-04
 -8.33034910e-04  3.51511200e-04 -6.00047773e-04 -1.29443236e-04
  3.20072393e-04  1.16996698e-04  1.74791663e-05  5.46418055e-04
 -1.09678475e-04  2.52381493e-04  1.66504332e-04  1.36512826e-04
  1.10136615e-04  4.30695901e-04  2.94945682e-04 -1.35321163e-04
 -3.01063351e-04 -3.32369945e-04  4.34235614e-04 -4.10782286e-04
  5.92779497e-04 -2.24594936e-04 -3.92070345e-05 -2.62139690e-04
 -5.70562455e-04 -3.47856059e-04  1.52594105e-04  8.97123400e-05
 -2.77780406e-05  1.05423426e-04 -2.16553293e-04  1.23737310e-04
  3.99293055e-04  5.29659595e-06  4.30008560e-04  3.22931862e-04
 -5.61435229e-04 -4.84367230e-04 -2.04937396e-04 -7.41808384e-05
  1.95838514e-04  4.72867757e-04  1.20376374e-04  4.78212554e-04
 -3.19850620e-05 -1.98469386e-04 -3.97793419e-04 -1.95835934e-04
  7.57835793e-04  3.51422702e-04  1.41431245e-04  1.36165558e-04
 -6.49561752e-04  1.42239976e-04 -4.53764471e-04 -3.10540927e-04
  1.79106899e-04  2.44446486e-04 -6.34892006e-05  2.27094559e-04
 -4.67176257e-04  5.89940510e-05  2.29989484e-04 -7.37498308e-04
 -2.94160991e-04 -2.76400048e-06  4.65354085e-04  1.26845786e-04
 -1.81834621e-04  1.04058886e-04  1.03793861e-03  1.92051872e-04
  7.77877852e-05 -2.29695443e-04 -2.03891981e-04 -1.60494878e-04
  2.44066525e-04 -2.25319657e-04  2.02454651e-04  8.14741619e-07
 -4.17544007e-05 -2.54578193e-04 -7.00403218e-04  3.43808263e-04
  1.60088929e-04  1.50019864e-04 -4.02275658e-04  4.37342186e-04
 -2.29427576e-04  1.91032659e-04 -1.90628386e-04  3.06961951e-04
 -4.14893572e-06  5.91039721e-04  1.77391129e-04 -3.52252757e-04
 -1.01389094e-04  3.02128652e-05  1.32071938e-04 -6.35597164e-05
  2.84583468e-04 -3.77713384e-04  1.68833512e-04 -5.93417570e-04
 -2.48540416e-04  2.95446110e-04  9.11271834e-04 -2.71221337e-04
  3.56209839e-04  2.47121349e-04  2.31681823e-04 -2.07085559e-04
 -4.76627208e-04 -9.39278938e-04  5.13971164e-05  4.12860529e-04
 -5.32476322e-04  5.53061111e-05 -5.40955532e-04  2.81962523e-04
  1.72847597e-04 -1.05446503e-04 -1.81265198e-04  3.12993468e-05
  5.06451234e-05  1.78743919e-04 -2.67919860e-04  7.56061325e-04
  4.30534474e-04 -1.75865371e-04 -1.15144958e-05 -1.40452600e-04
  9.41869043e-07  9.87191726e-04 -7.81752855e-05 -8.60418445e-04
  1.86448192e-05 -6.39479796e-04 -2.23360550e-04 -6.57382487e-04
 -5.74524552e-04 -4.01818435e-04  3.63980475e-04 -1.15030164e-04
  9.72506509e-05 -1.49856393e-04 -2.36711760e-04  1.61316505e-04
  6.06174618e-04  2.68406517e-04  2.78862604e-06 -4.38614155e-04
 -5.01553755e-04 -3.33404134e-05  2.01340335e-04  4.18969966e-04
  4.24410513e-05  3.30019645e-04  2.58684807e-04 -2.88020422e-04
 -1.76138954e-04 -3.52984110e-04 -2.33984554e-04  4.12747948e-04
  6.13164421e-04 -3.68351524e-04  1.25582296e-04  3.73012659e-04
  1.38413447e-04  3.23505164e-04 -8.64972118e-05  5.99242965e-04
 -1.56408088e-04 -4.49634186e-04 -4.26972647e-04 -8.83803845e-04
  8.85753860e-05  5.01709603e-04 -1.53794312e-05 -1.34307895e-04
  2.23300353e-05 -6.45632383e-06  1.62624721e-04  3.85985388e-05
 -3.02816418e-05  7.16379748e-04  3.65507688e-04 -2.76862435e-04
  4.99868077e-04 -6.83451777e-04  8.07542839e-06  2.78269664e-04
 -1.10767886e-05 -1.45330556e-04  3.72150596e-04 -4.62520614e-04
 -3.74301370e-04 -2.27462956e-04 -1.96601411e-04  7.42951669e-04
 -3.91079738e-04  3.25207144e-04 -2.40579001e-04 -4.70807130e-04
 -6.49892509e-05  1.41594059e-04  3.73326838e-04  1.10494511e-03
  7.50481831e-04  1.96145680e-05 -3.93515324e-04 -2.29548508e-04
 -2.90866791e-04  4.42317765e-04 -6.45270290e-04  7.07454965e-04
  4.34537197e-04 -5.54399344e-04 -2.75113689e-04  2.02927489e-05
  3.88660334e-04 -5.86187985e-05  4.27780702e-04 -8.06293883e-04
  9.97228193e-05  3.79154477e-05 -7.66266020e-05 -4.70569127e-04
  1.11985093e-04  2.08496711e-04  1.90662325e-04 -5.29870288e-04
 -4.83007829e-04 -9.09945389e-04  3.78721521e-04  1.81734391e-04
 -4.02822412e-04  1.73042014e-04  5.38393534e-05 -2.65128734e-04
  2.98749880e-06  5.39524590e-05 -4.34732841e-04  1.14843416e-03
 -9.40765161e-05  3.87226443e-04  2.09347971e-04 -2.86414415e-05
  5.28242539e-05 -9.58831920e-05 -4.15179136e-04  1.73011341e-04
 -1.48860786e-04 -4.70582108e-04 -6.07270394e-04  1.79065100e-05
  6.59075872e-04  4.11473828e-04  1.69218417e-04 -6.77006464e-05
 -2.56005526e-04 -3.38371460e-04  3.33047185e-04 -9.81349441e-05
  3.36424190e-04  6.96309616e-04  1.67386369e-04 -2.78276014e-04
 -2.94080644e-05 -2.58891192e-04  3.25124779e-04  1.29549734e-04
  5.43713842e-04  6.34996585e-04  1.39653430e-04 -5.59541236e-04
 -6.26592422e-04 -3.62889955e-04  4.32759372e-04  6.57268508e-04
  1.79896461e-04  3.36609876e-04 -9.16332934e-05  2.44301866e-04
 -1.61202983e-05 -4.17851659e-04  7.10475420e-05  4.75437647e-04
 -2.69781893e-04 -3.20190562e-04 -7.60534049e-04 -2.52310047e-04
  4.81887119e-05 -6.36143889e-05 -1.19778075e-04  5.40971341e-04
  2.27689074e-04 -5.63590910e-04 -5.27229964e-04 -1.28863557e-04
  3.30704319e-04  4.46847907e-04  2.45317666e-04 -2.69472916e-04
 -8.44372734e-05 -1.32464644e-04  2.37816114e-04 -3.25204824e-04
  2.62561560e-04  2.14133913e-04 -1.25109162e-04 -4.87667951e-04
 -5.89939035e-04 -5.79345445e-04  2.25620083e-04 -4.74988449e-04
  3.73626029e-05  4.00910401e-04  1.26917389e-04 -1.31856187e-04
  7.44838048e-05 -2.69669239e-04  2.20428553e-04  6.31558874e-04
  2.60179191e-05  1.31489099e-04 -2.55948232e-04  1.14609223e-04
 -4.45120763e-04  9.46498451e-05  5.47454151e-05  3.98971891e-04
  2.28736547e-05 -1.45426273e-05 -2.20202333e-04  2.35902167e-04
 -4.77285421e-05 -1.58978562e-04 -1.35318428e-05  5.35010161e-05
 -2.99142240e-04 -3.79447708e-05  5.51177826e-05 -1.68517575e-04
  7.48081986e-04  2.03729060e-04 -2.27723315e-04 -3.34518663e-04
  8.79223350e-06 -3.48932812e-04 -9.71263016e-05 -4.53660429e-04
 -5.20610574e-05  3.97526943e-04  5.25547033e-04  2.48170933e-04
 -1.10882736e-04 -9.77652379e-05  3.28548525e-04  3.38158464e-04
 -2.13461036e-05 -2.28241518e-04 -8.29329299e-05  3.01650364e-04
  9.67354452e-05 -6.32056838e-05  1.87828913e-04 -2.89265126e-04
 -2.67229846e-04  8.36949894e-05 -3.93832696e-04  2.29914466e-05
 -1.77958386e-04  1.89172643e-04 -1.98607541e-04  2.11691863e-04
 -5.18224007e-05  6.15834636e-05 -6.05429683e-05  2.77870536e-05
  3.41994468e-04  2.23833927e-04  8.25021157e-05 -5.97114237e-05
 -2.67558937e-04 -1.26331811e-04  1.44863900e-04 -5.83128849e-05
  5.87452530e-05 -2.88970921e-04 -2.76735054e-04 -2.10349777e-04
  2.16484977e-04  2.84393016e-04  5.03183830e-04 -3.94148317e-04
  5.62202774e-05  1.48561212e-05 -9.31602860e-05 -1.07918600e-04
 -2.24094689e-04  1.04889014e-04  1.87060360e-04  1.74220540e-04
 -4.37272498e-04 -2.86331412e-04 -2.24018956e-04 -8.41937041e-05
  1.99679204e-04  7.80325062e-06 -9.47764766e-05  6.04032124e-05
 -2.91025345e-04  5.48208370e-05 -5.33635504e-05  2.88462121e-04
  1.61926611e-04 -1.46471842e-05 -1.29566652e-04  1.86631697e-04
 -8.42393494e-05 -1.38904029e-04  9.75188094e-05 -3.03727535e-04
  4.90247031e-04 -2.09229579e-04 -1.93871422e-04 -7.84688841e-05
 -2.29490198e-04 -1.70023530e-04  2.25688899e-04  1.29227771e-04
  1.76498562e-04  1.41923398e-04 -1.94853084e-04 -4.19483571e-05
  1.90713740e-04  2.75675795e-04  2.74741013e-04 -2.36915839e-04
 -8.70714797e-05  5.14489715e-05 -1.20697238e-05  1.43994184e-05
 -9.81756780e-05  1.87503965e-04  2.48436298e-04 -1.30915831e-04
 -2.88905918e-04 -1.65362584e-04 -1.05499825e-04  8.12462115e-05
  2.62530350e-04  1.15694582e-04  6.35774456e-05 -3.01382686e-05
 -3.27781820e-04 -3.09532421e-05 -1.22251173e-04  3.50129917e-04
  2.02728651e-04 -2.20104739e-04 -2.35835872e-04 -3.56672753e-05
 -1.65870482e-04 -1.74719214e-04 -1.01659374e-04  3.40469014e-05
  3.26866371e-04  1.10361115e-05 -2.60703988e-05 -2.19707203e-04
  8.97191600e-05  2.10314905e-04  2.79827314e-04 -1.88668532e-04
  1.38428086e-04 -3.69334401e-05 -9.53997622e-05 -5.88182751e-05
  1.44021157e-04  2.79541379e-04  9.51255091e-05 -4.23913227e-05
 -1.25782148e-04 -1.22893680e-04 -2.04561058e-04 -8.35989556e-05
 -1.15294795e-04 -4.12544268e-05  2.48211855e-04  1.46359068e-04
 -2.05227750e-04  9.00717467e-07 -1.61485705e-04  2.24564846e-04
  5.98867832e-05 -6.19737693e-05 -8.34661006e-05  1.00126700e-04
 -1.60017901e-04 -4.06938461e-05 -4.40728732e-05 -2.38742707e-06
  1.07847181e-04 -1.41096786e-04  2.46794777e-05 -1.22283991e-04
 -3.56374076e-05 -1.99355824e-05 -6.45355880e-05 -1.59890457e-05
  2.25055902e-04 -1.31090387e-04 -6.86030131e-05 -1.90207711e-04
  1.01392263e-04  5.81604723e-05 -5.25468093e-05 -1.38403177e-04
  9.72006709e-05  1.58389945e-05 -1.42688081e-04 -2.03568265e-05
 -1.22645498e-04  1.46775947e-04  1.99904414e-05 -2.62822932e-05
 -1.46457036e-04  1.85771868e-04  6.62920436e-05  1.67398247e-04
 -6.93034151e-05  6.14303721e-05  8.09561821e-05  7.50327466e-07
 -3.78845188e-05 -6.17946749e-05 -1.41690737e-04  2.04549355e-04
  3.07115338e-05 -2.30797221e-05 -5.40272098e-05 -1.12051912e-04
  1.03737346e-04 -9.09351460e-05  2.75345640e-05  4.30316634e-05
  6.14359911e-05 -1.01106466e-04  2.59952048e-04  1.49879888e-05
  7.67914157e-05  7.03629857e-06 -1.12154664e-05  5.67570544e-05
  1.06629468e-04 -7.41047028e-05 -6.21334187e-05 -3.20175742e-05
  1.90102786e-04  1.85058714e-04 -1.44494317e-04 -1.14940212e-04
 -2.23244617e-05 -4.98161743e-05 -6.74240526e-06  2.58211030e-05
 -8.67727287e-05  1.06252211e-04  8.67045893e-05 -7.93614001e-06
 -3.48568198e-05  7.51021648e-05  7.27269148e-05  2.13244977e-06
 -1.67194475e-04 -1.58452244e-07  5.77803196e-05  6.17933188e-05
 -1.05959801e-05  5.89994310e-05  4.38320008e-05  6.29547456e-05
 -1.70188297e-05 -8.04448416e-05 -1.73142646e-04  4.46898535e-05
  1.21604592e-04  4.71779992e-05 -5.71140315e-05  2.70494011e-05
  9.33980863e-05 -8.23061584e-05  6.60898410e-05 -1.10298780e-04
 -2.47876290e-06 -1.72262724e-04  1.22984910e-04 -1.11057718e-04
  1.93977870e-04 -7.13003118e-05 -6.56834292e-05 -7.28919649e-05
  6.50738220e-05  4.18025502e-06  7.17970615e-05 -5.70156067e-05
  1.73116218e-05  9.03457776e-05 -2.51374081e-05  7.38951008e-05
 -1.65450060e-04  1.07710372e-04 -9.60003166e-05  5.63642941e-05
 -1.45151972e-04  1.19590772e-04 -1.02349473e-05  1.12101322e-04
 -1.98199844e-04 -5.12233664e-05  3.37139161e-05  2.18117732e-05
  5.70743472e-05 -7.55523607e-05 -5.21503264e-06  1.60418885e-04
  1.21543542e-04 -1.42928053e-04 -4.53306350e-06  3.45818300e-05
  1.71193385e-04  2.97765663e-05  2.56719125e-05 -1.15680308e-04
 -5.68874272e-05 -7.71396113e-05  2.00096554e-04  9.79273832e-05
  1.39830937e-04  2.04952797e-05 -2.05083694e-05 -1.46611468e-04
  1.36693224e-04  1.22915359e-04 -5.02765675e-05 -3.73966005e-05]
