Frame: 58
temp_s_est shape: (1024,)
temp_s_est dtype: float64
temp_s_est:
[-6.08543557e-02 -6.13442278e-02 -6.17940542e-02 -6.22579148e-02
 -6.25873830e-02 -6.30782891e-02 -6.34978396e-02 -6.37397728e-02
 -6.39944289e-02 -6.42363226e-02 -6.45695187e-02 -6.47431158e-02
 -6.49902410e-02 -6.51014901e-02 -6.52029863e-02 -6.52587301e-02
 -6.54479277e-02 -6.55763263e-02 -6.55246692e-02 -6.55723411e-02
 -6.53876510e-02 -6.52714139e-02 -6.53186778e-02 -6.51788011e-02
 -6.50664763e-02 -6.47869279e-02 -6.44418342e-02 -6.42233226e-02
 -6.40408926e-02 -6.36934663e-02 -6.34214202e-02 -6.30889583e-02
 -6.25449699e-02 -6.21823555e-02 -6.17576688e-02 -6.13079500e-02
 -6.06400562e-02 -6.01032779e-02 -5.96036968e-02 -5.87219327e-02
 -5.80565432e-02 -5.74936367e-02 -5.66751990e-02 -5.59296354e-02
 -5.53052074e-02 -5.44413738e-02 -5.35289592e-02 -5.26849628e-02
 -5.17096288e-02 -5.06409454e-02 -4.98121808e-02 -4.87424072e-02
 -4.77873242e-02 -4.67224819e-02 -4.57969167e-02 -4.48512482e-02
 -4.35708202e-02 -4.24849609e-02 -4.11479100e-02 -4.00159126e-02
 -3.88687163e-02 -3.76138722e-02 -3.63472506e-02 -3.50142629e-02
 -3.34321923e-02 -3.21698470e-02 -3.11352989e-02 -2.95998368e-02
 -2.80911160e-02 -2.67269578e-02 -2.52874746e-02 -2.41424168e-02
 -2.25700632e-02 -2.13069499e-02 -1.95810978e-02 -1.78256325e-02
 -1.63722839e-02 -1.48958263e-02 -1.35253273e-02 -1.21592086e-02
 -1.05886820e-02 -8.58007400e-03 -7.00940740e-03 -5.63688332e-03
 -4.17738378e-03 -2.35374602e-03 -3.94051279e-04  1.24772270e-03
  2.93777132e-03  4.86492151e-03  5.79511121e-03  7.63461040e-03
  9.55646712e-03  1.13373414e-02  1.27933243e-02  1.46506326e-02
  1.60853085e-02  1.73748999e-02  1.92172297e-02  2.08625034e-02
  2.26755994e-02  2.39603457e-02  2.58475450e-02  2.74419884e-02
  2.89128751e-02  3.10347493e-02  3.25432068e-02  3.40905828e-02
  3.56318237e-02  3.70688098e-02  3.85622996e-02  3.98575944e-02
  4.15003950e-02  4.30250443e-02  4.50805787e-02  4.60706547e-02
  4.76383606e-02  4.91663611e-02  5.03379200e-02  5.13974119e-02
  5.30315971e-02  5.43806866e-02  5.51612546e-02  5.68007306e-02
  5.82102412e-02  5.93033696e-02  6.03038403e-02  6.21925551e-02
  6.31697647e-02  6.45203577e-02  6.59685110e-02  6.65486356e-02
  6.74324668e-02  6.84426508e-02  6.95307097e-02  7.08489892e-02
  7.20594177e-02  7.27512712e-02  7.33863509e-02  7.36068069e-02
  7.42632826e-02  7.60690608e-02  7.71950035e-02  7.75801488e-02
  7.75295157e-02  7.78099905e-02  7.81282445e-02  7.86043873e-02
  8.00435931e-02  8.10845781e-02  8.09758670e-02  8.12200463e-02
  8.17934397e-02  8.16147154e-02  8.25618612e-02  8.32948071e-02
  8.27816756e-02  8.26075695e-02  8.29190646e-02  8.27200153e-02
  8.25436463e-02  8.32540473e-02  8.34234656e-02  8.29741627e-02
  8.24467160e-02  8.21783832e-02  8.20579253e-02  8.17170083e-02
  8.16138578e-02  8.16463779e-02  8.13870473e-02  8.11435705e-02
  8.00104763e-02  7.97864578e-02  7.94943358e-02  7.88797392e-02
  7.87640842e-02  7.80690099e-02  7.75062991e-02  7.64826804e-02
  7.59596558e-02  7.46252090e-02  7.39906516e-02  7.36680119e-02
  7.28483532e-02  7.16451267e-02  7.05257099e-02  6.97891411e-02
  6.77373551e-02  6.69025736e-02  6.65810967e-02  6.54932320e-02
  6.44601280e-02  6.31029506e-02  6.18018168e-02  6.02721104e-02
  5.95503217e-02  5.85336981e-02  5.76209537e-02  5.61846180e-02
  5.41388624e-02  5.27252819e-02  5.09733653e-02  4.99910347e-02
  4.88780569e-02  4.75877146e-02  4.56053773e-02  4.42352829e-02
  4.26746100e-02  4.09955650e-02  3.95199557e-02  3.81291187e-02
  3.64845102e-02  3.42914029e-02  3.30173998e-02  3.15918522e-02
  2.98444679e-02  2.86236023e-02  2.72917339e-02  2.55185512e-02
  2.38064624e-02  2.19958048e-02  2.00677186e-02  1.83979419e-02
  1.68889312e-02  1.52850497e-02  1.37372784e-02  1.19309668e-02
  1.00012924e-02  8.17922032e-03  6.67061033e-03  5.05169629e-03
  3.45666796e-03  1.64733213e-03 -3.43712784e-04 -2.10284906e-03
 -3.51986139e-03 -5.22487260e-03 -7.02330870e-03 -8.25322992e-03
 -9.91287792e-03 -1.18353756e-02 -1.31689346e-02 -1.47322752e-02
 -1.63677710e-02 -1.80592075e-02 -1.96532886e-02 -2.11805186e-02
 -2.27635034e-02 -2.43326079e-02 -2.58866978e-02 -2.73053164e-02
 -2.88168198e-02 -3.01411939e-02 -3.17352365e-02 -3.30203269e-02
 -3.43902878e-02 -3.58091686e-02 -3.70990599e-02 -3.85582763e-02
 -3.96368807e-02 -4.08798493e-02 -4.22437411e-02 -4.33830213e-02
 -4.42948914e-02 -4.55532173e-02 -4.70527318e-02 -4.79000910e-02
 -4.89983428e-02 -5.00841045e-02 -5.10897123e-02 -5.20542332e-02
 -5.31076248e-02 -5.41193246e-02 -5.48620144e-02 -5.59060709e-02
 -5.66603470e-02 -5.74749286e-02 -5.83919633e-02 -5.92163722e-02
 -5.98045413e-02 -6.04233953e-02 -6.12156239e-02 -6.16782292e-02
 -6.23768628e-02 -6.29100317e-02 -6.33075771e-02 -6.39245450e-02
 -6.44011565e-02 -6.48550006e-02 -6.52773411e-02 -6.57490548e-02
 -6.59241137e-02 -6.61422499e-02 -6.65674077e-02 -6.68406109e-02
 -6.69601869e-02 -6.71500173e-02 -6.73068643e-02 -6.72722169e-02
 -6.74491161e-02 -6.76004682e-02 -6.75226170e-02 -6.74904953e-02
 -6.74127307e-02 -6.72749546e-02 -6.71524958e-02 -6.70698059e-02
 -6.68663133e-02 -6.66374661e-02 -6.63832718e-02 -6.61068256e-02
 -6.58716475e-02 -6.55714016e-02 -6.52349843e-02 -6.48838328e-02
 -6.44529061e-02 -6.39777028e-02 -6.35275216e-02 -6.30321859e-02
 -6.25185530e-02 -6.19475901e-02 -6.14932526e-02 -6.09368745e-02
 -6.02239559e-02 -5.96336702e-02 -5.90038552e-02 -5.82900380e-02
 -5.75956059e-02 -5.68802958e-02 -5.61376121e-02 -5.53652210e-02
 -5.45849241e-02 -5.37658439e-02 -5.29886757e-02 -5.21394279e-02
 -5.12854205e-02 -5.03953014e-02 -4.95530936e-02 -4.86549641e-02
 -4.77053834e-02 -4.67711768e-02 -4.57467277e-02 -4.48317994e-02
 -4.38999167e-02 -4.28760816e-02 -4.18276179e-02 -4.08583435e-02
 -3.98120736e-02 -3.87078305e-02 -3.77400769e-02 -3.67387060e-02
 -3.56195535e-02 -3.45543750e-02 -3.34951902e-02 -3.24738312e-02
 -3.13591879e-02 -3.02695001e-02 -2.91712494e-02 -2.80168245e-02
 -2.69143492e-02 -2.58306519e-02 -2.47327130e-02 -2.36225161e-02
 -2.25173240e-02 -2.13947355e-02 -2.02916747e-02 -1.91496801e-02
 -1.80636797e-02 -1.69575939e-02 -1.57784020e-02 -1.46733997e-02
 -1.36289990e-02 -1.24892483e-02 -1.13990715e-02 -1.03846543e-02
 -9.29874756e-03 -8.16829131e-03 -7.10972583e-03 -6.06419978e-03
 -4.97260543e-03 -3.91635727e-03 -2.88408155e-03 -1.84018453e-03
 -7.46297691e-04  2.80928007e-04  1.26474704e-03  2.27613499e-03
  3.26152931e-03  4.24690178e-03  5.22830076e-03  6.22347519e-03
  7.19534327e-03  8.10876687e-03  8.99932320e-03  9.93175153e-03
  1.08217560e-02  1.17273981e-02  1.26502137e-02  1.34757683e-02
  1.42732935e-02  1.51024774e-02  1.59519257e-02  1.67458892e-02
  1.75283224e-02  1.83745697e-02  1.91575553e-02  1.98342018e-02
  2.05845436e-02  2.13579813e-02  2.20292422e-02  2.27004153e-02
  2.34165098e-02  2.40560139e-02  2.46768559e-02  2.52825556e-02
  2.59098895e-02  2.65023335e-02  2.70718600e-02  2.76597322e-02
  2.81784537e-02  2.86335580e-02  2.91499278e-02  2.96630575e-02
  3.00991519e-02  3.05926141e-02  3.10806039e-02  3.14897938e-02
  3.18394266e-02  3.22385398e-02  3.26461842e-02  3.29957159e-02
  3.33153140e-02  3.36827059e-02  3.39921976e-02  3.42278349e-02
  3.45174580e-02  3.47922130e-02  3.50160875e-02  3.52583640e-02
  3.54684941e-02  3.56451572e-02  3.57867227e-02  3.59332290e-02
  3.61009442e-02  3.62251859e-02  3.63371765e-02  3.64686170e-02
  3.65238709e-02  3.65612868e-02  3.66420365e-02  3.67071108e-02
  3.67540364e-02  3.67402338e-02  3.67532829e-02  3.67279310e-02
  3.66640597e-02  3.66202456e-02  3.66211540e-02  3.65288621e-02
  3.64318117e-02  3.63719799e-02  3.62432348e-02  3.61110856e-02
  3.59768640e-02  3.58424623e-02  3.56683804e-02  3.54961918e-02
  3.53283880e-02  3.51509739e-02  3.49245918e-02  3.47065392e-02
  3.45281247e-02  3.42920128e-02  3.40617792e-02  3.38388835e-02
  3.35583118e-02  3.32664332e-02  3.29700927e-02  3.27126978e-02
  3.24236353e-02  3.20901551e-02  3.18126391e-02  3.15053077e-02
  3.11308801e-02  3.08111037e-02  3.05045656e-02  3.01319945e-02
  2.97588683e-02  2.94173563e-02  2.90471545e-02  2.86671017e-02
  2.82983156e-02  2.79243094e-02  2.75225861e-02  2.71256920e-02
  2.67611213e-02  2.63393629e-02  2.59337592e-02  2.55302149e-02
  2.51172087e-02  2.46903364e-02  2.42643247e-02  2.38436708e-02
  2.34161604e-02  2.29825333e-02  2.25380611e-02  2.21337097e-02
  2.16966640e-02  2.12281668e-02  2.07964929e-02  2.03590450e-02
  1.98913051e-02  1.94521285e-02  1.90130183e-02  1.85641370e-02
  1.81005513e-02  1.76615033e-02  1.72263398e-02  1.67526135e-02
  1.63007061e-02  1.58679996e-02  1.53905217e-02  1.49296603e-02
  1.45048742e-02  1.40397894e-02  1.35737772e-02  1.31374720e-02
  1.26956898e-02  1.22601753e-02  1.17999582e-02  1.13525654e-02
  1.09113293e-02  1.04627648e-02  1.00370824e-02  9.60785797e-03
  9.17416657e-03  8.70974362e-03  8.29756647e-03  7.87230195e-03
  7.45739301e-03  7.04469131e-03  6.62701752e-03  6.18811287e-03
  5.72931585e-03  5.34449669e-03  4.95896988e-03  4.54508920e-03
  4.14384600e-03  3.74938099e-03  3.33856550e-03  2.94022249e-03
  2.57537813e-03  2.19375421e-03  1.80588093e-03  1.42453308e-03
  1.03244571e-03  6.67679144e-04  2.94252946e-04 -4.79909241e-05
 -4.17728306e-04 -7.78486302e-04 -1.12400350e-03 -1.47588183e-03
 -1.81057757e-03 -2.16465270e-03 -2.49693770e-03 -2.81820833e-03
 -3.16860041e-03 -3.50418222e-03 -3.81547628e-03 -4.12586053e-03
 -4.45187385e-03 -4.74782691e-03 -5.03858189e-03 -5.35590585e-03
 -5.64450915e-03 -5.93373683e-03 -6.20934791e-03 -6.49786899e-03
 -6.77053168e-03 -7.05846817e-03 -7.33232291e-03 -7.58789920e-03
 -7.83063477e-03 -8.09132013e-03 -8.35767194e-03 -8.60556150e-03
 -8.85736425e-03 -9.09912645e-03 -9.32130880e-03 -9.55065468e-03
 -9.78399561e-03 -1.00212820e-02 -1.02433845e-02 -1.04332765e-02
 -1.06498685e-02 -1.08488765e-02 -1.10662694e-02 -1.12709877e-02
 -1.14800901e-02 -1.16578344e-02 -1.18300118e-02 -1.20205411e-02
 -1.22028110e-02 -1.23937298e-02 -1.25654202e-02 -1.27284714e-02
 -1.28843104e-02 -1.30439235e-02 -1.32169267e-02 -1.33732806e-02
 -1.35332215e-02 -1.36770089e-02 -1.38179858e-02 -1.39530807e-02
 -1.40862126e-02 -1.42347962e-02 -1.43573202e-02 -1.44943371e-02
 -1.46065327e-02 -1.47380714e-02 -1.48509261e-02 -1.49537705e-02
 -1.50745141e-02 -1.51921900e-02 -1.53005934e-02 -1.53904761e-02
 -1.54847301e-02 -1.55820726e-02 -1.56629291e-02 -1.57669673e-02
 -1.58656283e-02 -1.59513170e-02 -1.60324835e-02 -1.61024370e-02
 -1.61816037e-02 -1.62540403e-02 -1.63406076e-02 -1.63929343e-02
 -1.64557855e-02 -1.65172798e-02 -1.65828067e-02 -1.66456291e-02
 -1.66927501e-02 -1.67552613e-02 -1.68097954e-02 -1.68638330e-02
 -1.69135571e-02 -1.69532839e-02 -1.69925557e-02 -1.70061584e-02
 -1.70486318e-02 -1.70946413e-02 -1.71446755e-02 -1.71768656e-02
 -1.71900090e-02 -1.72161816e-02 -1.72263492e-02 -1.72637459e-02
 -1.72857896e-02 -1.73097387e-02 -1.73205647e-02 -1.73240636e-02
 -1.73286019e-02 -1.73382601e-02 -1.73580519e-02 -1.73622351e-02
 -1.73603951e-02 -1.73617263e-02 -1.73570943e-02 -1.73642209e-02
 -1.73443505e-02 -1.73405915e-02 -1.73369563e-02 -1.73264821e-02
 -1.73113465e-02 -1.72845973e-02 -1.72784731e-02 -1.72463087e-02
 -1.72368897e-02 -1.72214646e-02 -1.72035242e-02 -1.71636157e-02
 -1.71200279e-02 -1.70871012e-02 -1.70491930e-02 -1.70201849e-02
 -1.69906409e-02 -1.69483133e-02 -1.69101991e-02 -1.68580237e-02
 -1.68082865e-02 -1.67546912e-02 -1.67102052e-02 -1.66622342e-02
 -1.65998678e-02 -1.65473329e-02 -1.64820776e-02 -1.64190929e-02
 -1.63357662e-02 -1.62708615e-02 -1.62135522e-02 -1.61544869e-02
 -1.60783287e-02 -1.59791267e-02 -1.58949067e-02 -1.58067078e-02
 -1.57219512e-02 -1.56576511e-02 -1.55669063e-02 -1.54789152e-02
 -1.53607422e-02 -1.52574587e-02 -1.51613823e-02 -1.50693058e-02
 -1.49652362e-02 -1.48448584e-02 -1.47292401e-02 -1.45994611e-02
 -1.45014986e-02 -1.43773202e-02 -1.42643819e-02 -1.41344777e-02
 -1.39996412e-02 -1.38624552e-02 -1.37259563e-02 -1.35962294e-02
 -1.34454408e-02 -1.32847580e-02 -1.31367728e-02 -1.29891887e-02
 -1.28343660e-02 -1.26626543e-02 -1.25119122e-02 -1.23419341e-02
 -1.21680788e-02 -1.20116332e-02 -1.18260910e-02 -1.16525864e-02
 -1.14510746e-02 -1.12581673e-02 -1.10628295e-02 -1.08651554e-02
 -1.06747572e-02 -1.04796174e-02 -1.02715855e-02 -1.00596272e-02
 -9.84621491e-03 -9.61691771e-03 -9.38125967e-03 -9.16860064e-03
 -8.94088268e-03 -8.71324510e-03 -8.46108696e-03 -8.21944171e-03
 -7.97055068e-03 -7.71176859e-03 -7.48706674e-03 -7.23691698e-03
 -6.96721022e-03 -6.67912646e-03 -6.41134978e-03 -6.14289175e-03
 -5.87494833e-03 -5.60029629e-03 -5.31554772e-03 -5.01527281e-03
 -4.70476888e-03 -4.41274968e-03 -4.13678255e-03 -3.82369781e-03
 -3.51617324e-03 -3.18585595e-03 -2.86116839e-03 -2.54371662e-03
 -2.22401227e-03 -1.90547389e-03 -1.55348215e-03 -1.21106137e-03
 -8.87109657e-04 -5.41297609e-04 -1.72073421e-04  1.44703144e-04
  5.06480720e-04  8.95538388e-04  1.24436289e-03  1.60234081e-03
  1.97658229e-03  2.36005265e-03  2.73682014e-03  3.10782979e-03
  3.50361196e-03  3.88169515e-03  4.27232822e-03  4.67498595e-03
  5.07442943e-03  5.46110934e-03  5.86908835e-03  6.27132002e-03
  6.66361308e-03  7.07923252e-03  7.48194261e-03  7.89735641e-03
  8.31256851e-03  8.71485596e-03  9.15659300e-03  9.59486887e-03
  9.98517793e-03  1.04265743e-02  1.08638862e-02  1.12776303e-02
  1.16916768e-02  1.21372032e-02  1.25619751e-02  1.29893244e-02
  1.34335037e-02  1.38869839e-02  1.43192246e-02  1.47342725e-02
  1.51961091e-02  1.56092652e-02  1.60444165e-02  1.65067132e-02
  1.69277924e-02  1.73473187e-02  1.77738447e-02  1.82198163e-02
  1.86671997e-02  1.90912020e-02  1.95221233e-02  1.99665761e-02
  2.03825589e-02  2.07893674e-02  2.12409721e-02  2.16639284e-02
  2.20679539e-02  2.24920000e-02  2.29186813e-02  2.33184042e-02
  2.37095056e-02  2.41283911e-02  2.45378046e-02  2.49067490e-02
  2.53153048e-02  2.57426788e-02  2.60798400e-02  2.64361030e-02
  2.68350856e-02  2.71923468e-02  2.75656238e-02  2.79551299e-02
  2.82902240e-02  2.86319911e-02  2.89575485e-02  2.93192116e-02
  2.96638558e-02  2.99665343e-02  3.02955856e-02  3.05948865e-02
  3.08781592e-02  3.11817808e-02  3.14962728e-02  3.17791500e-02
  3.20469284e-02  3.22713508e-02  3.25424617e-02  3.27876922e-02
  3.29996422e-02  3.32666032e-02  3.34954760e-02  3.36619577e-02
  3.38615743e-02  3.40897063e-02  3.42517692e-02  3.44178274e-02
  3.46035236e-02  3.47453662e-02  3.48506540e-02  3.49587668e-02
  3.51041003e-02  3.51900540e-02  3.52772833e-02  3.54058058e-02
  3.54508772e-02  3.54608753e-02  3.55088886e-02  3.55490879e-02
  3.55431356e-02  3.55440080e-02  3.55277938e-02  3.55211100e-02
  3.54400069e-02  3.53872290e-02  3.53757633e-02  3.52732413e-02
  3.51661362e-02  3.51018470e-02  3.49724209e-02  3.47980788e-02
  3.46786257e-02  3.45206755e-02  3.43162791e-02  3.40808703e-02
  3.38912646e-02  3.36782432e-02  3.33948878e-02  3.31461027e-02
  3.28959063e-02  3.25876744e-02  3.22924479e-02  3.20119945e-02
  3.16464199e-02  3.12543981e-02  3.08734538e-02  3.04967845e-02
  3.01001412e-02  2.96951615e-02  2.93222970e-02  2.88906354e-02
  2.83732828e-02  2.78781729e-02  2.74359803e-02  2.69068793e-02
  2.63755175e-02  2.58566505e-02  2.52830970e-02  2.46673860e-02
  2.40416524e-02  2.34860122e-02  2.28807926e-02  2.22306540e-02
  2.16182129e-02  2.09271944e-02  2.01998273e-02  1.95033798e-02
  1.88299772e-02  1.81112248e-02  1.73920350e-02  1.66680034e-02
  1.58861052e-02  1.50650775e-02  1.42489761e-02  1.35439791e-02
  1.27072522e-02  1.18330207e-02  1.10491388e-02  1.01845933e-02
  9.27922107e-03  8.40259846e-03  7.54889731e-03  6.64492208e-03
  5.66334395e-03  4.75513665e-03  3.82206441e-03  2.86513801e-03
  1.88957874e-03  9.86931067e-04  1.02958095e-05 -9.95817796e-04
 -1.90930856e-03 -2.93894613e-03 -3.98381173e-03 -4.99943276e-03
 -5.96794837e-03 -6.98146035e-03 -8.02174305e-03 -9.02705260e-03
 -1.00845065e-02 -1.12163535e-02 -1.22522428e-02 -1.32426685e-02
 -1.42913795e-02 -1.54137331e-02 -1.64226503e-02 -1.75407786e-02
 -1.85950528e-02 -1.96715441e-02 -2.06808330e-02 -2.17168073e-02
 -2.28812760e-02 -2.39095210e-02 -2.50010675e-02 -2.60331209e-02
 -2.70746385e-02 -2.80893548e-02 -2.91030910e-02 -3.01613787e-02
 -3.11922984e-02 -3.22348903e-02 -3.32636213e-02 -3.43208731e-02
 -3.53377036e-02 -3.63233438e-02 -3.74418407e-02 -3.83477965e-02
 -3.93523416e-02 -4.02793707e-02 -4.12185237e-02 -4.21273965e-02
 -4.30712976e-02 -4.41095077e-02 -4.50627522e-02 -4.59052681e-02
 -4.67397197e-02 -4.77277859e-02 -4.85356506e-02 -4.93308079e-02
 -5.02458497e-02 -5.09714145e-02 -5.17206275e-02 -5.24977813e-02
 -5.33056774e-02 -5.41334555e-02 -5.48226119e-02 -5.56139633e-02
 -5.61808268e-02 -5.68475583e-02 -5.75802884e-02 -5.82185358e-02
 -5.87429401e-02 -5.93314779e-02 -5.98777721e-02 -6.03601386e-02]
