Frame: 68
temp_s_est shape: (1024,)
temp_s_est dtype: float64
temp_s_est:
[ 6.50680831e-02  6.51331881e-02  6.56477353e-02  6.57659543e-02
  6.57518311e-02  6.61347167e-02  6.62174189e-02  6.62765914e-02
  6.63737977e-02  6.63168054e-02  6.62331844e-02  6.62688769e-02
  6.62217942e-02  6.60162444e-02  6.59041771e-02  6.58346210e-02
  6.54796702e-02  6.53040374e-02  6.49404798e-02  6.47107709e-02
  6.44940783e-02  6.41597755e-02  6.37731836e-02  6.32800563e-02
  6.30378806e-02  6.25690728e-02  6.19115280e-02  6.16484245e-02
  6.09379092e-02  6.01966497e-02  5.96952583e-02  5.86686709e-02
  5.81492328e-02  5.76297006e-02  5.67489771e-02  5.58198471e-02
  5.52200334e-02  5.43490341e-02  5.34642233e-02  5.28751908e-02
  5.17392874e-02  5.07991042e-02  5.01900453e-02  4.89642345e-02
  4.77863311e-02  4.70426824e-02  4.55712350e-02  4.48906933e-02
  4.33807355e-02  4.22599912e-02  4.09904731e-02  3.99549345e-02
  3.88382588e-02  3.74946346e-02  3.63253653e-02  3.53122250e-02
  3.39437606e-02  3.26194342e-02  3.13173245e-02  2.98476302e-02
  2.85587352e-02  2.72366901e-02  2.53933965e-02  2.39277508e-02
  2.28323809e-02  2.09007593e-02  1.93022582e-02  1.85436897e-02
  1.63038457e-02  1.53561643e-02  1.37901729e-02  1.16949123e-02
  1.08316852e-02  9.51848200e-03  7.72309195e-03  6.27722896e-03
  4.40965515e-03  2.91731490e-03  1.21698313e-03 -4.24988065e-04
 -2.39479699e-03 -3.88289813e-03 -5.04142479e-03 -7.27353828e-03
 -8.49028223e-03 -1.02198452e-02 -1.16324438e-02 -1.28584478e-02
 -1.46784630e-02 -1.61302977e-02 -1.79298069e-02 -1.94123665e-02
 -2.06510946e-02 -2.30622449e-02 -2.40280978e-02 -2.58013644e-02
 -2.78950610e-02 -2.89152668e-02 -3.11755958e-02 -3.26010008e-02
 -3.39459977e-02 -3.53122679e-02 -3.70903923e-02 -3.79321039e-02
 -3.93162809e-02 -4.12523499e-02 -4.22860665e-02 -4.38768066e-02
 -4.54450841e-02 -4.57104268e-02 -4.81023289e-02 -5.02195395e-02
 -5.10117282e-02 -5.27640705e-02 -5.32971834e-02 -5.47772210e-02
 -5.60817679e-02 -5.74888619e-02 -5.83660493e-02 -5.95098486e-02
 -6.06316491e-02 -6.14527379e-02 -6.22950897e-02 -6.36833617e-02
 -6.44348013e-02 -6.57483822e-02 -6.66580152e-02 -6.79030378e-02
 -6.85972154e-02 -7.00668839e-02 -7.09208204e-02 -7.17510090e-02
 -7.24815688e-02 -7.39499733e-02 -7.33823508e-02 -7.47483542e-02
 -7.46287440e-02 -7.55968874e-02 -7.62682941e-02 -7.65662814e-02
 -7.65401338e-02 -7.81068986e-02 -7.81555591e-02 -7.88481971e-02
 -7.89846177e-02 -7.98439656e-02 -7.95977496e-02 -8.11297178e-02
 -8.07057395e-02 -8.06928063e-02 -8.08962575e-02 -8.08821740e-02
 -8.06015547e-02 -8.12061488e-02 -8.05646378e-02 -8.12424578e-02
 -8.04168045e-02 -8.04130930e-02 -8.02531342e-02 -8.07739285e-02
 -8.08778569e-02 -8.08569673e-02 -7.98257747e-02 -8.03668873e-02
 -7.95754029e-02 -7.97963565e-02 -7.89039244e-02 -7.85500905e-02
 -7.74237576e-02 -7.75717453e-02 -7.62515217e-02 -7.59296048e-02
 -7.55230705e-02 -7.48020586e-02 -7.33838083e-02 -7.36884664e-02
 -7.25165217e-02 -7.23907642e-02 -7.14467990e-02 -7.04432942e-02
 -6.95999252e-02 -6.93895316e-02 -6.78512077e-02 -6.66444920e-02
 -6.52255919e-02 -6.47673720e-02 -6.32589271e-02 -6.28807545e-02
 -6.06653830e-02 -5.98646584e-02 -5.86819263e-02 -5.83837359e-02
 -5.65020794e-02 -5.57182620e-02 -5.40242387e-02 -5.32474906e-02
 -5.19636494e-02 -5.09488749e-02 -4.89109814e-02 -4.78783770e-02
 -4.66356069e-02 -4.51270164e-02 -4.37165041e-02 -4.22291515e-02
 -3.99997934e-02 -3.90149881e-02 -3.76896062e-02 -3.60498712e-02
 -3.49390419e-02 -3.33937693e-02 -3.14588922e-02 -3.01970418e-02
 -2.91191904e-02 -2.74917176e-02 -2.58456342e-02 -2.41137254e-02
 -2.19000391e-02 -2.08690687e-02 -1.92583058e-02 -1.71656468e-02
 -1.55566185e-02 -1.42583052e-02 -1.25084312e-02 -1.12452033e-02
 -9.12806992e-03 -7.46858902e-03 -6.14352136e-03 -5.15286484e-03
 -3.20626446e-03 -1.48263347e-03 -1.10664503e-04  1.80387185e-03
  3.37438457e-03  4.75699795e-03  6.61252211e-03  7.96101024e-03
  9.61155421e-03  1.13949156e-02  1.31553569e-02  1.44787591e-02
  1.57185357e-02  1.71844101e-02  1.87195094e-02  2.00840199e-02
  2.18242364e-02  2.29350458e-02  2.48375823e-02  2.61250503e-02
  2.72916817e-02  2.86449495e-02  3.03364018e-02  3.16759751e-02
  3.31663423e-02  3.43985338e-02  3.55602254e-02  3.68077153e-02
  3.81244768e-02  3.92170932e-02  4.04121081e-02  4.18937621e-02
  4.27553479e-02  4.38393154e-02  4.49044642e-02  4.59262794e-02
  4.73266071e-02  4.83073178e-02  4.92668340e-02  5.01484160e-02
  5.13604287e-02  5.23182099e-02  5.29469916e-02  5.39569415e-02
  5.48194476e-02  5.56667169e-02  5.65782734e-02  5.70486761e-02
  5.77541988e-02  5.85329811e-02  5.92661000e-02  5.99042714e-02
  6.04874903e-02  6.11278749e-02  6.15104336e-02  6.21727060e-02
  6.27374840e-02  6.31018837e-02  6.37585529e-02  6.40906725e-02
  6.42531787e-02  6.47327351e-02  6.50434156e-02  6.52162074e-02
  6.54654368e-02  6.56930777e-02  6.58762349e-02  6.60223014e-02
  6.62973127e-02  6.60702267e-02  6.63157269e-02  6.64320394e-02
  6.64163606e-02  6.64072518e-02  6.62262454e-02  6.61184871e-02
  6.61962214e-02  6.60518988e-02  6.57829438e-02  6.55274643e-02
  6.53464113e-02  6.51091293e-02  6.46891581e-02  6.45327206e-02
  6.40401238e-02  6.38310011e-02  6.34631716e-02  6.29825592e-02
  6.24910907e-02  6.21685701e-02  6.16683601e-02  6.11215698e-02
  6.06324407e-02  6.00592436e-02  5.94114300e-02  5.87995693e-02
  5.81396291e-02  5.74452171e-02  5.70260683e-02  5.61719130e-02
  5.53952087e-02  5.46763627e-02  5.38812418e-02  5.31975409e-02
  5.24327998e-02  5.15680488e-02  5.07336578e-02  5.00104774e-02
  4.91057434e-02  4.81083911e-02  4.73038361e-02  4.64240374e-02
  4.55274870e-02  4.46213973e-02  4.35331934e-02  4.25225340e-02
  4.16397832e-02  4.06917708e-02  3.96795417e-02  3.86516477e-02
  3.77392965e-02  3.65993883e-02  3.56189006e-02  3.45497308e-02
  3.34954282e-02  3.25080229e-02  3.15175031e-02  3.02935556e-02
  2.93126360e-02  2.81739693e-02  2.71068145e-02  2.59806490e-02
  2.49457463e-02  2.38373694e-02  2.27934765e-02  2.16227839e-02
  2.04536025e-02  1.94142356e-02  1.83885637e-02  1.72795347e-02
  1.62411470e-02  1.50771866e-02  1.40088746e-02  1.29102072e-02
  1.18114992e-02  1.06791700e-02  9.65528722e-03  8.59079090e-03
  7.53165951e-03  6.32548398e-03  5.28961784e-03  4.20141733e-03
  3.24719284e-03  2.19077570e-03  1.15693326e-03  9.17255900e-05
 -8.72704900e-04 -1.93236441e-03 -2.90278408e-03 -3.89487052e-03
 -4.84937432e-03 -5.82431591e-03 -6.80090760e-03 -7.82133144e-03
 -8.77367349e-03 -9.66094070e-03 -1.05655976e-02 -1.15289564e-02
 -1.23806169e-02 -1.33019218e-02 -1.41346206e-02 -1.50116889e-02
 -1.58433242e-02 -1.66653251e-02 -1.74288703e-02 -1.82632694e-02
 -1.90563124e-02 -1.98461565e-02 -2.05822500e-02 -2.13286839e-02
 -2.20679186e-02 -2.28057298e-02 -2.34882988e-02 -2.41795276e-02
 -2.48438471e-02 -2.55353593e-02 -2.61389158e-02 -2.67405239e-02
 -2.73167528e-02 -2.79229361e-02 -2.84956394e-02 -2.90602947e-02
 -2.95642902e-02 -3.00869008e-02 -3.05934352e-02 -3.11137683e-02
 -3.15180703e-02 -3.20210874e-02 -3.24328853e-02 -3.28797136e-02
 -3.33012276e-02 -3.36616914e-02 -3.40012874e-02 -3.44160042e-02
 -3.47113909e-02 -3.50410048e-02 -3.53068009e-02 -3.55978568e-02
 -3.58675759e-02 -3.61272342e-02 -3.63376379e-02 -3.65477414e-02
 -3.67824295e-02 -3.69547274e-02 -3.71300067e-02 -3.73143499e-02
 -3.74307890e-02 -3.75740880e-02 -3.76640136e-02 -3.77443962e-02
 -3.78335481e-02 -3.78999726e-02 -3.79282758e-02 -3.79576666e-02
 -3.79385138e-02 -3.79897882e-02 -3.79347748e-02 -3.79199642e-02
 -3.78688606e-02 -3.78137046e-02 -3.77494323e-02 -3.76881746e-02
 -3.75529172e-02 -3.74545275e-02 -3.73577686e-02 -3.72132159e-02
 -3.70632683e-02 -3.69014551e-02 -3.66976270e-02 -3.65379462e-02
 -3.63457416e-02 -3.61222401e-02 -3.59179404e-02 -3.56767699e-02
 -3.54096754e-02 -3.51870910e-02 -3.49127704e-02 -3.46492350e-02
 -3.43713527e-02 -3.40923654e-02 -3.37878220e-02 -3.34857457e-02
 -3.31590886e-02 -3.28391150e-02 -3.24922846e-02 -3.21686853e-02
 -3.18103514e-02 -3.14533502e-02 -3.10702002e-02 -3.06875383e-02
 -3.03125727e-02 -2.99422804e-02 -2.95584665e-02 -2.91450404e-02
 -2.87492391e-02 -2.83324227e-02 -2.79176855e-02 -2.75062772e-02
 -2.70914953e-02 -2.66474493e-02 -2.62341910e-02 -2.57775984e-02
 -2.53392967e-02 -2.48867623e-02 -2.44317214e-02 -2.39734538e-02
 -2.35324022e-02 -2.30576176e-02 -2.25909432e-02 -2.21233797e-02
 -2.16626021e-02 -2.11859921e-02 -2.07492561e-02 -2.02745357e-02
 -1.98016807e-02 -1.93175390e-02 -1.88464861e-02 -1.83589387e-02
 -1.79040414e-02 -1.74045553e-02 -1.69470746e-02 -1.64443311e-02
 -1.59760862e-02 -1.54855361e-02 -1.50074866e-02 -1.45331150e-02
 -1.40711255e-02 -1.35919095e-02 -1.31231445e-02 -1.26328255e-02
 -1.21788756e-02 -1.17127250e-02 -1.12411863e-02 -1.07735496e-02
 -1.03085849e-02 -9.84755209e-03 -9.38164795e-03 -8.91610757e-03
 -8.45944725e-03 -7.98618433e-03 -7.56972452e-03 -7.11031085e-03
 -6.66249038e-03 -6.22129790e-03 -5.78652023e-03 -5.35819677e-03
 -4.92953755e-03 -4.48679285e-03 -4.06880780e-03 -3.64304751e-03
 -3.22952713e-03 -2.79359020e-03 -2.39230803e-03 -1.97433929e-03
 -1.56596506e-03 -1.16863853e-03 -7.69064779e-04 -3.85865478e-04
  1.56575048e-05  3.96959575e-04  7.76911558e-04  1.13266361e-03
  1.50299020e-03  1.88066503e-03  2.26960319e-03  2.60309925e-03
  2.96213338e-03  3.28850780e-03  3.65832926e-03  4.02530227e-03
  4.35197489e-03  4.67000814e-03  5.00095815e-03  5.32861022e-03
  5.65197494e-03  5.95571355e-03  6.27652727e-03  6.56937149e-03
  6.88848372e-03  7.17157126e-03  7.45902458e-03  7.74838690e-03
  8.04257645e-03  8.31697826e-03  8.61861572e-03  8.86629003e-03
  9.15637123e-03  9.38577929e-03  9.66718269e-03  9.90792607e-03
  1.01747123e-02  1.04057350e-02  1.06360494e-02  1.08652919e-02
  1.11097609e-02  1.13249678e-02  1.15668026e-02  1.17626721e-02
  1.19913547e-02  1.22021079e-02  1.24230612e-02  1.26209610e-02
  1.28040356e-02  1.30076682e-02  1.32156485e-02  1.33991202e-02
  1.35926858e-02  1.37445807e-02  1.39234178e-02  1.40909091e-02
  1.42675111e-02  1.44276315e-02  1.45864040e-02  1.47438618e-02
  1.49026342e-02  1.50349093e-02  1.51960180e-02  1.53284732e-02
  1.55031300e-02  1.56273116e-02  1.57553621e-02  1.58790443e-02
  1.60016872e-02  1.61250855e-02  1.62379932e-02  1.63576041e-02
  1.64705316e-02  1.65731124e-02  1.66830578e-02  1.67725214e-02
  1.68749913e-02  1.69920327e-02  1.70822851e-02  1.71782407e-02
  1.72634279e-02  1.73478642e-02  1.74356137e-02  1.75152874e-02
  1.75907940e-02  1.76536133e-02  1.77427559e-02  1.78046155e-02
  1.78548648e-02  1.79262821e-02  1.79800548e-02  1.80435683e-02
  1.81019802e-02  1.81523614e-02  1.82053101e-02  1.82588747e-02
  1.82985073e-02  1.83439352e-02  1.83869926e-02  1.84400621e-02
  1.84663449e-02  1.84991577e-02  1.85126512e-02  1.85409712e-02
  1.85839054e-02  1.85997564e-02  1.86050358e-02  1.86283219e-02
  1.86454556e-02  1.86649151e-02  1.86654865e-02  1.86795149e-02
  1.86806216e-02  1.86931542e-02  1.87080568e-02  1.86954018e-02
  1.86931377e-02  1.86870739e-02  1.86731989e-02  1.86771692e-02
  1.86547276e-02  1.86442155e-02  1.86132658e-02  1.86012229e-02
  1.85670528e-02  1.85504281e-02  1.85287433e-02  1.84954594e-02
  1.84610253e-02  1.84436031e-02  1.83959632e-02  1.83765413e-02
  1.83268470e-02  1.82788296e-02  1.82365277e-02  1.81881072e-02
  1.81379018e-02  1.80625745e-02  1.80080871e-02  1.79512739e-02
  1.78931946e-02  1.78303575e-02  1.77452433e-02  1.76731887e-02
  1.76113262e-02  1.75524611e-02  1.74687524e-02  1.73877647e-02
  1.73022079e-02  1.72187588e-02  1.71217441e-02  1.70384628e-02
  1.69307905e-02  1.68435643e-02  1.67309675e-02  1.66128208e-02
  1.65157008e-02  1.64034929e-02  1.62901475e-02  1.61703990e-02
  1.60464819e-02  1.59281781e-02  1.58173253e-02  1.56809625e-02
  1.55435281e-02  1.53994337e-02  1.52724662e-02  1.51201225e-02
  1.49829023e-02  1.48125372e-02  1.46555730e-02  1.44942094e-02
  1.43320313e-02  1.41630924e-02  1.39946477e-02  1.38227526e-02
  1.36622507e-02  1.34666290e-02  1.32842364e-02  1.31044282e-02
  1.29093332e-02  1.27230753e-02  1.25223569e-02  1.23058259e-02
  1.21014075e-02  1.18718876e-02  1.16669501e-02  1.14424703e-02
  1.12308108e-02  1.09875464e-02  1.07587380e-02  1.04961906e-02
  1.02705742e-02  1.00276966e-02  9.80588951e-03  9.51692428e-03
  9.27415351e-03  8.99885231e-03  8.75011676e-03  8.46862644e-03
  8.18430699e-03  7.90375798e-03  7.62249137e-03  7.32552611e-03
  7.03789073e-03  6.70412091e-03  6.42633353e-03  6.11564852e-03
  5.81293991e-03  5.49489815e-03  5.17831694e-03  4.83931006e-03
  4.52665830e-03  4.17633684e-03  3.84803922e-03  3.49598380e-03
  3.16956016e-03  2.78131868e-03  2.44863129e-03  2.07323589e-03
  1.69627902e-03  1.33722110e-03  9.59880269e-04  5.76272564e-04
  2.31402084e-04 -1.90255296e-04 -5.68804771e-04 -9.65476858e-04
 -1.35739895e-03 -1.74018506e-03 -2.14971056e-03 -2.57295464e-03
 -2.99656907e-03 -3.40475914e-03 -3.82201926e-03 -4.26057408e-03
 -4.68560897e-03 -5.11298946e-03 -5.53826614e-03 -5.99310912e-03
 -6.43306601e-03 -6.85729855e-03 -7.31863637e-03 -7.74165268e-03
 -8.20093697e-03 -8.66835879e-03 -9.09882086e-03 -9.58955735e-03
 -1.00390552e-02 -1.04948013e-02 -1.09860250e-02 -1.14303483e-02
 -1.19120771e-02 -1.23880431e-02 -1.28730296e-02 -1.33135077e-02
 -1.37999960e-02 -1.42648113e-02 -1.47328976e-02 -1.52215963e-02
 -1.57020611e-02 -1.61602949e-02 -1.66691208e-02 -1.71143790e-02
 -1.76087847e-02 -1.80924662e-02 -1.85544407e-02 -1.90520542e-02
 -1.95086223e-02 -1.99926633e-02 -2.04800943e-02 -2.09234682e-02
 -2.14140356e-02 -2.18625053e-02 -2.23303093e-02 -2.27949432e-02
 -2.32533811e-02 -2.36865025e-02 -2.41517179e-02 -2.45980966e-02
 -2.50589510e-02 -2.55055911e-02 -2.59482921e-02 -2.63385961e-02
 -2.68341446e-02 -2.72356967e-02 -2.76637355e-02 -2.80893641e-02
 -2.84775020e-02 -2.88904440e-02 -2.93177768e-02 -2.96776968e-02
 -3.00798845e-02 -3.04531821e-02 -3.08423486e-02 -3.12025891e-02
 -3.15665245e-02 -3.19078476e-02 -3.22366460e-02 -3.26068785e-02
 -3.29318935e-02 -3.32698976e-02 -3.35853280e-02 -3.38708864e-02
 -3.41735001e-02 -3.44444522e-02 -3.47472917e-02 -3.50063631e-02
 -3.52419611e-02 -3.54845008e-02 -3.57057569e-02 -3.59479771e-02
 -3.61739449e-02 -3.63312625e-02 -3.65470019e-02 -3.67348660e-02
 -3.69087173e-02 -3.70530416e-02 -3.71980780e-02 -3.73283005e-02
 -3.74462679e-02 -3.76100254e-02 -3.76395618e-02 -3.77300564e-02
 -3.78018573e-02 -3.78166938e-02 -3.78763358e-02 -3.78877117e-02
 -3.78757005e-02 -3.79002525e-02 -3.78562130e-02 -3.78139571e-02
 -3.77693083e-02 -3.77021895e-02 -3.76355908e-02 -3.75503997e-02
 -3.74498633e-02 -3.72970866e-02 -3.71696060e-02 -3.69988643e-02
 -3.68145690e-02 -3.66342655e-02 -3.64289425e-02 -3.62074482e-02
 -3.59299148e-02 -3.56620701e-02 -3.53963486e-02 -3.50938907e-02
 -3.48266815e-02 -3.44877501e-02 -3.41351500e-02 -3.38220680e-02
 -3.34339773e-02 -3.30454013e-02 -3.26430157e-02 -3.22264362e-02
 -3.17773189e-02 -3.13254041e-02 -3.08324893e-02 -3.03173940e-02
 -2.98447299e-02 -2.93119682e-02 -2.87297511e-02 -2.81957931e-02
 -2.75930661e-02 -2.70311610e-02 -2.64456469e-02 -2.57849674e-02
 -2.51531571e-02 -2.45263455e-02 -2.38741838e-02 -2.31964420e-02
 -2.24521719e-02 -2.17926921e-02 -2.09850039e-02 -2.02802055e-02
 -1.94916877e-02 -1.86775084e-02 -1.79140488e-02 -1.71061570e-02
 -1.62659747e-02 -1.54376960e-02 -1.45939687e-02 -1.37780523e-02
 -1.28829611e-02 -1.20304818e-02 -1.11050964e-02 -1.01948853e-02
 -9.35759810e-03 -8.31732745e-03 -7.42096708e-03 -6.48625878e-03
 -5.44627686e-03 -4.56139555e-03 -3.45603510e-03 -2.52161290e-03
 -1.47566429e-03 -5.30136942e-04  5.52519557e-04  1.59686759e-03
  2.56135201e-03  3.58144143e-03  4.70096371e-03  5.65941306e-03
  6.84782552e-03  7.83047220e-03  8.87115530e-03  1.00081963e-02
  1.10880002e-02  1.21786090e-02  1.32667645e-02  1.44020367e-02
  1.54632252e-02  1.65301741e-02  1.76892954e-02  1.86852211e-02
  1.98897622e-02  2.09891621e-02  2.19805929e-02  2.31158311e-02
  2.42147460e-02  2.52211448e-02  2.63921707e-02  2.74254380e-02
  2.85847186e-02  2.95773167e-02  3.07791949e-02  3.16894020e-02
  3.27729362e-02  3.39643533e-02  3.49639840e-02  3.59198247e-02
  3.70500319e-02  3.78827366e-02  3.90442168e-02  4.00314994e-02
  4.09759279e-02  4.19238974e-02  4.29686281e-02  4.38813774e-02
  4.47178063e-02  4.57048130e-02  4.65586545e-02  4.75088640e-02
  4.85607630e-02  4.92475375e-02  5.01814900e-02  5.10377098e-02
  5.18143125e-02  5.25879299e-02  5.34697013e-02  5.41428924e-02
  5.49395909e-02  5.55747642e-02  5.63173017e-02  5.68351168e-02
  5.77698327e-02  5.83196040e-02  5.88621291e-02  5.95983350e-02
  6.01230404e-02  6.06473955e-02  6.11947772e-02  6.17531063e-02
  6.21674655e-02  6.28333774e-02  6.32091438e-02  6.34539096e-02
  6.38682777e-02  6.42968306e-02  6.44709943e-02  6.49065986e-02]
