Frame: 28
temp_s_est shape: (1024,)
temp_s_est dtype: float64
temp_s_est:
[-5.60118303e-05 -6.79330966e-05 -6.03845457e-06  2.94648923e-05
  3.37793037e-05 -3.45019857e-05  1.70665879e-04 -9.26417226e-05
 -8.29078866e-05  5.06480246e-07  4.61553448e-05 -1.50429825e-04
 -4.31009688e-05  8.90429778e-05 -6.42692519e-05 -3.77664494e-05
 -5.46387946e-05  4.82106677e-05  1.77600188e-05 -4.79498665e-05
  4.06251579e-05  2.80708815e-05 -8.22621453e-05 -3.90588614e-05
 -1.32788828e-05 -6.51017292e-05 -1.45387539e-04  3.89189121e-05
 -1.54444949e-04 -1.49079394e-04 -3.58611005e-05 -1.71600037e-04
 -7.61700788e-05  4.87163492e-05  2.83991277e-05 -1.08902841e-05
 -6.28518869e-05 -5.08058186e-05  2.07201747e-05  5.64344774e-05
  7.87803964e-06  4.94136840e-05 -6.79816409e-05 -1.13702629e-04
 -1.24722621e-04 -1.78734278e-04 -2.48384947e-04 -1.06930244e-04
  5.96653525e-05 -8.66995424e-05 -1.21942549e-04 -4.63694326e-05
 -9.24379620e-05 -9.82693159e-05 -7.92976724e-05  1.78852519e-05
 -1.03484451e-05 -1.79729989e-04 -3.78259357e-05  7.25924219e-05
 -1.16906978e-04  1.36976738e-04  1.80982872e-05 -5.99598618e-05
 -7.71840082e-05  8.97592193e-05  1.14188141e-05 -1.25112268e-05
 -2.99296494e-05 -1.26928147e-04 -1.15205293e-05 -9.60417762e-05
 -5.50538859e-05 -1.16413040e-04 -1.51218607e-06 -1.25127569e-04
 -1.66114559e-05 -3.51251920e-05 -8.28070291e-05  2.10544067e-04
  1.37191748e-05  2.83844524e-06  1.92433529e-04  1.55666685e-04
 -1.10932268e-04 -8.31885096e-05  8.84884336e-05  6.34227085e-05
 -5.58417658e-05 -1.13292482e-04 -3.73325030e-05 -3.66386628e-05
 -1.77385035e-04  8.34935132e-05  7.01315083e-05  3.33713426e-05
  1.82689903e-05  1.60952517e-04  1.59471264e-04  1.25405802e-04
  7.49196357e-05 -2.02114620e-06  1.27624544e-04 -3.07372698e-05
  3.57113677e-06 -2.70372014e-05 -2.07322288e-05 -1.89325340e-04
 -2.97512960e-05 -1.21605966e-05 -6.79833411e-05  2.73068837e-05
 -1.68326046e-04 -1.92931973e-04  1.29135356e-04 -1.55621986e-04
 -1.35853365e-04 -9.64382300e-05 -1.81464459e-04  8.15773777e-05
 -1.31766796e-04 -6.21273609e-05  7.13274999e-05 -2.88795908e-05
  1.48829312e-04  2.90483503e-05  2.70820268e-05 -1.86453362e-04
 -2.24150321e-04  1.31726471e-04 -2.68466176e-04 -2.23110589e-04
 -1.02990974e-04 -3.07547371e-04 -4.01338738e-05 -2.52441564e-04
 -1.58313701e-04 -1.78991940e-04  9.60614640e-06  2.83285766e-05
  2.39574164e-04 -1.42486948e-04 -2.04643669e-04  6.62936672e-05
  1.94692790e-04  2.13561414e-04 -1.11978295e-04 -3.83134667e-05
 -6.03561030e-06 -2.23619435e-05 -4.11335608e-04 -3.31915912e-04
  1.06020043e-04 -7.34397422e-05  1.08122042e-04  1.05842125e-04
 -6.56140534e-05  1.68270803e-04 -1.75574504e-04  7.30580259e-05
 -4.20012760e-05 -5.94976536e-06  4.69076840e-05 -4.99816835e-05
  2.80899260e-04 -1.43523007e-04 -1.26164855e-04 -7.13767167e-05
 -5.12472544e-06  1.29702336e-04 -8.87131625e-05 -2.14516435e-04
  1.64165280e-04 -3.13417772e-04 -4.70257766e-05 -1.02908915e-04
 -5.07918682e-05  8.33349512e-05  4.55653787e-05  7.25059293e-05
 -2.84537281e-04  1.26332935e-04  4.75319301e-04  2.39898073e-04
 -2.99451978e-05 -5.65292523e-05  3.89083973e-04  1.59611502e-04
 -1.59865773e-05 -3.20000597e-05 -1.71162779e-04 -2.58398976e-04
  1.08665047e-04 -2.07167197e-04 -4.49995920e-04  1.63986933e-04
 -2.19813186e-04  1.85967782e-04  1.15191803e-04 -2.47184576e-04
 -1.32628206e-04 -1.19664041e-05  4.74155737e-04  2.36087640e-05
 -1.12158673e-04 -7.47676685e-05  8.68395316e-05  1.37520507e-04
 -1.25600354e-04 -1.24960557e-04 -1.72584598e-05 -4.72661697e-04
 -7.02312847e-05  2.49173363e-04 -2.53793140e-04 -1.67306467e-04
 -1.09290701e-04  1.93042399e-04 -2.61516728e-04 -5.52391681e-04
 -2.92201154e-04  2.63633135e-04  3.74483313e-04 -3.52733837e-04
 -7.20221594e-05  8.79050709e-05 -1.84976578e-04  5.39568076e-05
 -2.47302953e-04  2.91551426e-04 -2.04914277e-05 -1.04103055e-04
 -1.42947273e-04  1.19358988e-05 -6.22223829e-04 -2.52470724e-04
  4.93046982e-05  5.84228327e-05  8.02155088e-06  3.06064932e-05
  3.47287278e-04  1.19616098e-05  5.43172071e-05 -2.98611759e-04
  1.45283042e-04  5.75299989e-04  2.03158516e-04  1.87837100e-04
  1.50487134e-04 -3.76580769e-04  1.55806433e-04 -2.87862718e-04
 -2.70304294e-04  9.52381828e-05 -4.27072818e-04  2.56102383e-04
 -6.73149727e-05 -1.69499388e-04 -2.92985321e-04 -1.87815913e-05
  3.83738232e-04  1.68843651e-04 -8.10996982e-05  2.16817441e-04
 -2.15739103e-04  2.27507037e-04 -1.23844321e-04 -4.77864307e-05
  2.80328662e-04 -3.17674653e-04  4.72407827e-04 -7.08901763e-05
 -6.23070477e-04 -2.66696853e-04  3.59205394e-04  6.70171921e-05
 -5.57202569e-04 -4.53251348e-04 -1.56982587e-04  9.66386951e-05
  2.19721694e-04 -5.26816663e-04 -1.40973710e-04  1.93068339e-05
 -9.74464933e-05  6.57386163e-06 -2.37075400e-04 -7.07530799e-05
  2.33735356e-04 -1.43260898e-04  1.62933257e-04  2.92840203e-04
 -1.04526697e-03 -2.68379262e-04 -2.04779569e-05 -9.41978909e-05
 -8.11501928e-04 -8.87513011e-05  6.15277509e-04 -5.41246025e-04
 -3.23583118e-04  7.93015617e-05  4.15688355e-05  3.20294434e-04
  1.57501165e-04  1.40120652e-04  2.69591849e-04 -2.20503325e-04
  4.98249331e-04 -8.17873605e-05  2.66250355e-05 -2.76754350e-04
 -3.06121485e-04  1.40139974e-04 -3.50053015e-04 -4.70161446e-04
 -4.73722786e-04  2.36632258e-05  3.36187384e-04 -1.00980394e-04
  1.18642831e-04  1.37467717e-04  1.58391660e-04  4.39115161e-04
  7.42803497e-05 -1.74435740e-04  1.22693003e-04 -8.29428033e-05
  6.32937240e-04  5.82793801e-04 -5.31375600e-04  2.90428843e-04
  3.27681160e-04  2.11495870e-06 -4.76190559e-04 -6.58747498e-04
  5.06915489e-04  3.06543306e-04  1.13088150e-05 -8.25497987e-04
 -2.00543534e-05 -2.37136020e-05 -6.44990177e-04 -1.09852317e-04
  2.28404746e-04  1.08853646e-04  2.06418514e-04  1.46614427e-04
  6.55623301e-04 -5.94550482e-04 -2.87666695e-04  2.42860389e-04
  2.76064095e-04 -2.23326003e-04 -8.71798119e-04 -1.88246712e-04
  5.50508836e-04 -1.14753578e-04 -4.32373133e-04 -7.33146102e-04
 -4.89873889e-04  5.36794851e-04 -1.71420613e-04  1.11705969e-04
  1.29636955e-04 -7.01241291e-04  8.46283581e-04  2.62592123e-04
 -5.18630725e-04 -3.83261990e-04 -5.60937872e-04  7.96376042e-04
 -3.43220264e-04 -9.95743203e-04 -4.15843647e-04 -4.20252920e-04
  3.57344008e-04 -7.99921577e-04 -5.20356496e-04 -1.54637294e-05
 -3.36720691e-04  1.88854007e-04  2.10548477e-04 -5.21435257e-04
 -2.86474345e-04 -1.19678606e-03  8.04101672e-04 -1.95843248e-04
 -7.54477183e-04  6.23224844e-05  4.38151737e-04  1.75043875e-04
 -8.80940699e-04 -2.49420713e-04 -3.66441416e-04  6.43305850e-05
  1.79431260e-04 -3.75046487e-04 -9.57529000e-04 -7.56032230e-04
 -2.79812187e-04  3.30244220e-04 -3.83344660e-04 -3.64687645e-04
  4.64080671e-04  6.89922471e-04  2.91452538e-04 -1.11493901e-04
 -9.88243597e-04  1.04943726e-03  2.32203709e-04 -3.82237387e-04
 -5.08578665e-04  2.27801083e-04  1.03568776e-03 -7.26049426e-04
  2.38734032e-04 -3.67809685e-04 -6.81669733e-04  3.10622414e-04
 -3.20829534e-04  6.74788982e-04  6.12786074e-05 -4.49483954e-04
  1.14946870e-03  7.94209261e-04 -3.68773945e-04 -6.86942185e-04
 -5.97384555e-04  1.38638405e-03 -6.20330531e-04  2.75577268e-05
 -6.30441838e-04  4.07473657e-04  1.40786263e-05 -7.42497803e-04
 -3.42085816e-04 -5.40799712e-04 -3.63944435e-04  7.36239624e-05
  2.15127408e-04 -7.12714693e-04 -5.96134148e-04 -4.71597806e-04
  1.05318989e-03 -7.18121980e-05 -1.35074480e-03 -2.18109194e-04
  1.07075941e-04  6.08591560e-04 -1.05965423e-04 -8.42985542e-04
  7.33295490e-04 -1.77897739e-04  2.96266458e-04 -6.32161164e-04
 -1.10022919e-03 -6.48975123e-04 -1.68345334e-03  8.67238821e-04
 -3.03820221e-04 -1.07476587e-03 -7.26478015e-05  1.41753496e-04
  3.99874806e-04 -2.64817433e-04 -4.92790785e-04  1.18816351e-05
  1.30765660e-04  1.82347781e-04 -5.73639563e-04  5.89009038e-04
 -6.41621267e-05 -6.51074119e-04 -8.20765240e-05 -6.68626173e-04
 -4.06976378e-04 -5.11247310e-04 -2.01559555e-04  2.62400980e-04
 -6.56603269e-04 -9.85404375e-04  6.48545420e-04 -3.18862547e-04
 -6.26612517e-04 -3.12398306e-04  9.31591587e-05  7.35435865e-04
 -6.41010672e-04 -3.15973764e-04 -3.12112309e-04 -4.49039141e-04
  5.07544654e-04 -7.77367878e-04 -2.68239360e-04 -7.41111666e-05
 -1.01018035e-03  5.59110099e-04 -6.90967252e-05 -1.19654483e-03
 -4.22942399e-04 -6.76994489e-04  9.58767028e-04 -8.01536194e-04
 -1.06127969e-03 -4.56150516e-06  3.46966628e-05  5.11077022e-04
 -9.88579455e-04  3.51109643e-04  7.43333526e-05  1.92482916e-04
  3.87963125e-04 -3.42470275e-04 -7.84868866e-04 -7.57000198e-04
  2.28006905e-04  2.98953765e-04 -6.96014353e-04 -1.69454468e-03
 -3.04877241e-04 -2.00849973e-04  2.54718986e-05 -6.46339676e-04
 -3.19817547e-04  3.85882829e-04  3.55675257e-05 -6.62284859e-04
 -4.05211620e-04  3.14523094e-04  2.10715201e-04 -2.57926569e-04
  6.68174120e-05 -3.17532313e-04 -1.50833377e-03 -1.69701383e-04
 -3.37299869e-04  4.99393166e-04 -7.25363290e-04 -1.32273744e-03
  2.71670034e-04 -4.85749210e-04 -9.03245866e-04 -1.05997317e-03
 -1.37856686e-04  5.50870955e-04 -4.94641569e-04 -1.34862734e-04
 -3.63389348e-04 -3.51025556e-04  1.78747726e-04 -1.30553895e-03
  5.80302269e-05 -8.52015991e-04 -1.90530482e-04  1.76091435e-04
 -2.48197477e-04 -1.17371963e-03 -2.56903164e-04 -1.91646074e-04
  1.26571036e-04 -9.05932585e-04 -1.14706345e-03 -2.08241714e-04
 -3.26703677e-04  1.26706483e-04 -1.18098426e-03 -3.60159179e-04
  3.61111447e-04  1.51998720e-05  2.47684722e-04  3.84600820e-04
 -1.21231829e-03 -3.50996289e-04 -3.99931057e-04  6.25084512e-04
 -5.06027602e-04 -1.41165456e-03  1.39038064e-04 -3.46107283e-04
  2.47268206e-04 -1.36914356e-03 -7.32606199e-04 -1.90651801e-04
  2.20547183e-04 -2.67063761e-04 -5.70865404e-04  2.24936008e-05
  5.75987704e-05  1.08788396e-06  2.80339977e-05 -7.01697212e-04
 -8.43396700e-04 -7.69841568e-06  3.20549466e-05 -1.67559987e-04
 -9.51777564e-04 -9.71092663e-04  1.04668480e-04 -3.96310430e-04
 -4.98197809e-04 -7.18789120e-04 -9.47653063e-04 -1.73433616e-04
 -7.09869907e-04 -1.01998834e-04 -1.13275200e-03 -4.64686330e-04
  9.46712082e-06 -5.38803485e-04 -2.86250164e-04 -7.67047739e-04
 -8.93335517e-04  2.06589711e-04 -4.14202010e-04 -5.09892970e-04
 -6.11292570e-04 -9.01421798e-04  6.74068188e-04 -6.26527322e-04
 -1.36265908e-03 -6.30437575e-04 -5.38889158e-04 -1.07459277e-04
 -1.19778728e-03 -6.33071434e-05 -4.05742664e-04 -3.39580570e-04
  5.37901533e-04 -1.08660302e-04 -5.61720970e-04  4.23575162e-05
  8.21607980e-05 -1.77293783e-04 -5.33213642e-04 -9.17447139e-04
 -1.87651847e-04 -1.37066662e-04 -6.50353699e-04 -7.82769612e-04
 -6.66345979e-04 -4.03215208e-04 -4.99995541e-04 -1.61898149e-05
 -6.04160782e-04 -2.47803775e-04 -7.04209856e-05 -1.53367458e-04
 -1.11028036e-04 -7.87213723e-04 -6.36756411e-04  1.34058026e-04
  3.88367676e-04 -7.88018446e-05 -1.11579267e-03 -1.14360301e-03
  3.37741323e-04 -5.13655333e-04 -3.64112980e-04 -7.30677947e-04
 -2.96581472e-04 -1.83741957e-04 -6.88526392e-04 -4.33666721e-04
 -6.93573866e-04 -7.71676517e-04 -2.57548989e-04 -3.87596484e-04
 -1.20301811e-04 -6.64899922e-04 -4.42532663e-04  7.71945392e-04
 -1.10831345e-04 -1.42562645e-04 -5.61963317e-04 -1.09221365e-04
 -2.99706966e-05 -2.00084119e-04 -5.34773814e-04 -5.27723375e-04
 -2.52496326e-04 -2.93600422e-04 -8.07449513e-04 -6.10577324e-04
 -5.38240827e-04 -4.26603330e-04  1.38819012e-04 -4.42040447e-04
 -3.66346645e-04 -3.34283293e-05 -2.98901379e-04 -4.62855358e-05
  4.94391861e-05 -8.98518208e-04 -1.85692339e-04 -7.52990599e-04
 -5.34173093e-06 -1.07170491e-03 -7.58846486e-04 -4.44027470e-04
 -3.75895624e-04 -4.31713024e-04 -7.44534875e-04 -4.84534933e-04
 -4.93629799e-04 -3.03973482e-04 -6.15803112e-04 -5.42163425e-04
 -9.86501068e-04  9.46264359e-05 -1.04149381e-04 -7.17305481e-05
 -4.24133297e-04 -5.67956724e-04 -2.34533598e-04 -8.70651079e-04
  1.62151014e-04 -6.23503338e-04 -7.57968630e-05 -6.39398975e-04
 -2.45667051e-04  3.90545147e-05 -7.63161480e-04 -7.39562431e-04
 -2.33810456e-04 -8.57356543e-04 -4.93080503e-04 -5.93532588e-04
 -2.29385366e-04  5.60719681e-05 -8.61766280e-05 -2.71407944e-04
 -6.57941181e-04 -9.58167023e-05  5.02626226e-04 -5.52766304e-04
 -5.08947443e-04  7.34259383e-05 -2.11341967e-04 -3.16071969e-04
 -6.62140561e-04 -4.12004780e-04 -6.81934107e-04 -3.93124086e-04
 -6.72419635e-05 -3.62995958e-04 -5.77181847e-04 -3.71572145e-04
 -3.65042098e-04  2.19448285e-04 -2.65481972e-04 -6.31368083e-04
  1.06108286e-04 -4.59770723e-04  1.28840287e-04 -4.52348641e-04
 -2.35571564e-04 -5.53557125e-04 -2.75441459e-04 -1.01457921e-04
 -5.39477991e-04 -4.98819397e-04 -4.18990226e-04 -2.87093247e-04
 -1.26862382e-04 -4.70011917e-04 -4.45841739e-04 -1.99034881e-04
 -1.30354217e-04 -2.78823676e-04 -5.06068823e-04  1.15714469e-04
 -1.13438484e-04 -5.23823449e-05 -1.98345994e-04 -4.97071644e-04
 -1.80995708e-05 -2.98676779e-04 -2.35993289e-04 -1.61062232e-04
 -4.57425564e-04 -2.69117455e-04 -5.69530970e-04 -3.34625550e-04
 -5.37706603e-04 -4.37121432e-04 -5.44869684e-04  3.07542061e-04
 -6.38936277e-04 -4.03180635e-04 -2.51736305e-04 -1.31289140e-04
  1.44581556e-04 -1.98053147e-04  2.09473551e-04 -1.73873041e-04
 -1.68414524e-04 -1.59774248e-04 -4.19157232e-04 -4.62300038e-04
 -2.85925815e-04 -1.56783237e-04 -1.85157879e-04 -4.48049405e-04
 -4.93084811e-04 -2.70060084e-04 -2.43459074e-04  1.20331462e-04
 -5.31824618e-04 -2.78449235e-04 -3.31889356e-05 -6.85573941e-05
 -2.98384850e-04 -4.10709760e-04 -2.53285500e-04  3.47458252e-06
 -7.13703824e-05 -8.27594618e-05 -2.95307175e-04 -1.69842616e-04
 -4.34754529e-04 -2.36278998e-04 -3.04998068e-04 -2.28983332e-04
 -4.59783887e-04 -1.65083070e-04  1.45830639e-04 -3.19999949e-04
 -2.95846012e-04 -6.23587221e-04 -9.30193919e-05 -1.61467042e-04
 -5.29725409e-05 -1.64266766e-04 -2.19873288e-04 -3.17703440e-04
  6.19073708e-05  1.37838497e-04 -4.86776992e-04  3.65632580e-05
 -2.46958837e-04 -3.40323322e-04 -4.04886005e-04 -3.62606241e-04
 -3.14943220e-04 -1.53692587e-04 -4.40376654e-04 -2.11506322e-04
 -3.64565400e-04 -1.48770313e-04 -2.14125074e-04 -1.02733368e-04
  1.35241708e-04 -8.58021714e-05  6.11395842e-06  8.76546182e-05
 -1.06961120e-04 -1.85923733e-04 -2.05833447e-04 -3.82806165e-04
 -3.96325303e-05 -4.26684623e-04 -1.57357637e-04 -2.29954852e-04
 -5.34345139e-05 -1.30505792e-04 -2.80607708e-04 -2.91633029e-04
 -4.07051577e-05 -1.84008673e-04 -1.18420686e-04  1.01467908e-05
 -2.20049336e-04 -1.78793168e-04 -3.07790691e-04 -2.65316270e-05
 -1.11971560e-04 -3.78148186e-05 -1.34760060e-06  6.04554590e-05
 -6.72908031e-05 -2.84692160e-04 -3.64365842e-04  1.41175313e-05
 -6.89163561e-05 -2.68239093e-05 -1.15527486e-04 -1.88474939e-04
 -2.29517226e-04 -2.37199124e-05 -3.13698593e-04 -2.02717668e-04
  7.45531953e-05 -2.05477221e-04  8.74953553e-05 -4.03569223e-05
  1.40239745e-04 -1.45948695e-04  5.72404379e-05  1.37432953e-04
 -9.33528072e-05 -1.70676678e-04 -1.58948108e-04 -1.03423102e-04
 -3.10013862e-04 -2.27634108e-04 -1.79479086e-04 -1.44436494e-04
 -2.10589826e-06 -8.79319977e-05  6.60269120e-05 -1.75010185e-04
  5.49224383e-05 -3.21280088e-05  7.41955201e-05  1.53155144e-04
 -1.24826697e-04 -1.09491137e-04 -4.01860434e-05 -2.41784429e-04
 -1.97571474e-04  2.01561082e-05 -8.85589097e-05 -7.89242769e-05
 -1.92798907e-04 -8.85687452e-05 -7.56119878e-05 -2.86008612e-04
 -1.01127070e-04 -1.51388139e-04  5.04282099e-05 -1.34915385e-04
 -2.97203539e-05 -2.44398163e-04 -1.06028122e-04 -6.83965684e-05
  1.66129726e-05 -4.69323223e-05  2.09256929e-05  1.26200345e-04
 -1.43664755e-04  1.28700147e-04  3.85902218e-05 -9.91305385e-05
 -1.46627063e-04 -1.35773337e-04  1.75896714e-05 -1.42236189e-04
 -8.04333195e-05 -2.65780246e-05 -2.17884508e-04 -1.30860586e-04
  1.01550961e-05 -1.81213134e-06 -9.77405939e-05  4.86456550e-05
  3.67455889e-05  4.57557420e-05 -4.39083558e-05  4.56274431e-05
  8.34655312e-05 -1.13069409e-04 -1.30499258e-04 -8.76420504e-05
 -3.43059300e-05 -1.75366449e-04 -9.60637894e-05 -1.09450890e-05
  4.10235965e-05 -1.44294312e-04  1.39909415e-04 -9.85022450e-05
 -3.75837540e-05  8.31285212e-05 -2.95662192e-05  4.96140995e-08
  8.47966700e-06 -1.78241947e-05 -2.72527334e-06  4.78209063e-05
  6.53046174e-06  2.95017000e-05 -1.48824267e-04  7.13595535e-05
  5.02606352e-05  4.10085807e-05 -1.31628303e-04 -1.24333497e-05
 -1.46127456e-04 -4.12086603e-05 -5.97643906e-05  7.20710611e-05
 -4.51843010e-05 -1.90997123e-04  8.17015801e-05 -6.03018336e-05
  1.89200915e-05 -4.74170495e-05  1.44115374e-04  1.00742747e-04
 -6.01715535e-05  2.41744013e-04  1.31072949e-07 -1.22948908e-04
  9.60313981e-06  6.08142879e-05 -2.11040328e-06 -2.61650931e-05
 -5.24142291e-05 -1.77006373e-04 -7.52580672e-05 -1.00627518e-04
 -6.33774780e-05  4.67618551e-05  8.75626899e-05 -4.95074270e-05
 -1.11867940e-04 -5.13525836e-05 -8.56763622e-06  8.32224163e-05
  6.16016202e-06 -1.00839960e-04  3.65751707e-05  8.73563062e-05]
