Frame: 93
temp_s_est shape: (1024,)
temp_s_est dtype: float64
temp_s_est:
[-1.03398751e-05  1.81733151e-05  5.69096468e-05 -7.85283822e-05
  1.23271657e-04 -1.52667067e-06 -1.52914935e-04  2.72021474e-05
 -3.05636649e-05 -1.15532040e-04  1.88412144e-05  6.55341968e-05
  4.00127464e-05  3.27351315e-06 -7.58155953e-05 -6.99760005e-05
 -2.19266151e-05 -7.72249923e-05 -3.27193931e-05  1.79190356e-04
  8.98964930e-05 -8.42239334e-05  1.84915555e-04  4.05177866e-06
 -2.82245592e-04  6.53988931e-05  1.20467742e-04  4.31865853e-05
  1.86198923e-04  3.51876291e-05  1.96673947e-04  7.02637085e-05
 -2.70308694e-04  1.63157255e-04  1.47982144e-04 -6.19510161e-05
  1.41146541e-04  1.00966528e-04  2.58414138e-05 -1.12677680e-06
 -5.41481970e-05 -1.10192632e-04 -8.43717840e-05  1.82251747e-04
 -1.04181080e-05  1.32056194e-04  1.96939393e-04 -1.54989646e-04
  9.65551660e-05 -2.64890145e-05 -1.14631945e-04  2.74498141e-04
  2.98048727e-04  1.91015017e-04  1.90767940e-04  1.47487986e-04
  1.14588727e-04  1.41040953e-04 -1.04271735e-04  1.01350093e-04
  2.84861040e-04  9.75959386e-05  1.76735993e-04  1.50692678e-04
 -2.42102960e-04 -2.01156300e-04  2.17560880e-04 -2.47675487e-04
 -3.36019195e-04  4.24800404e-04 -4.91613004e-05 -2.38016496e-04
  9.35118632e-06 -1.72608184e-04  2.69294268e-04 -2.30541288e-04
 -2.24864164e-04  4.14192114e-04  3.95759938e-05 -1.78579200e-04
  3.28399503e-04  7.77010447e-05 -2.51182663e-04  1.77787676e-04
  8.19386186e-05 -2.17041319e-04  1.08044300e-04  4.12959164e-04
 -7.06772863e-05 -1.74268070e-04 -2.56124246e-05 -2.49100049e-04
  4.16422613e-05 -2.04852370e-04 -4.48311580e-04  5.32736277e-04
  1.95187393e-04 -3.48127381e-04 -6.24869744e-06 -3.07380317e-04
  1.46648162e-05 -8.23551636e-05 -2.49310749e-04  4.84944442e-04
  2.32642445e-04 -3.35159009e-04 -1.37313605e-04  3.00614744e-04
 -4.53031903e-04 -2.36868913e-04  7.03837151e-04  9.69352791e-06
 -1.30273515e-04  8.43696833e-04  1.39245410e-04 -3.24286623e-04
 -5.27577763e-05 -5.25813747e-05  5.06243647e-04  1.11435420e-04
  2.16431779e-04  6.95402528e-04 -1.95047793e-04 -3.63775923e-04
  2.01854649e-04 -3.72604117e-04 -1.83300889e-04  5.57948248e-04
  1.37495346e-04 -3.97223036e-04 -5.91946171e-06  4.54857381e-04
 -4.55452304e-04 -7.01369305e-04  1.90095297e-04  2.75015135e-04
  3.27696889e-04 -2.53442363e-05 -2.79318498e-04  3.47076040e-04
 -1.44690493e-04 -1.91459230e-06  4.41589319e-04 -4.08843412e-04
  6.07949422e-04  3.58852398e-04 -6.84558941e-04  5.49741783e-05
  4.25053713e-04 -2.76335416e-04 -4.49386195e-04 -1.51699270e-05
 -2.44692124e-04  1.19832386e-04  3.61512811e-04 -5.51194637e-04
 -4.06167522e-04  3.47969158e-04 -3.20129354e-04 -6.35651898e-04
 -2.80093990e-04  1.41643152e-04  2.45589399e-04 -4.97723303e-04
 -2.56556574e-04  5.60513377e-04 -6.31680251e-04 -7.78621339e-04
  4.10478509e-04 -9.33760348e-05 -2.46772180e-04  4.29329950e-04
  3.07612282e-04 -7.21934816e-04 -3.05334357e-04  7.37980387e-04
 -5.51453930e-05 -7.11920988e-05  4.07408973e-04  1.40834101e-04
  2.19923144e-04 -7.71896493e-05 -1.43675072e-04  1.30392544e-05
 -3.35325352e-04 -3.82644650e-05  2.07732667e-04 -5.04827440e-04
  2.03235471e-05  9.88372832e-05 -6.28341701e-04 -3.52115258e-04
 -5.40571471e-05  2.49516744e-05  1.12216240e-04 -7.43070339e-05
  2.59333691e-04  2.78695053e-04  2.01204544e-04 -9.54759973e-05
 -1.10785210e-04  3.86760159e-04  3.28278302e-04  3.46897284e-04
  1.35444456e-04  1.15728027e-04  3.91282765e-04 -3.12609137e-04
 -3.43910239e-04  2.32649868e-04 -8.73418574e-06  1.04767527e-04
  7.37786161e-05 -4.13839595e-04 -5.75959424e-05 -7.14202663e-05
 -3.79073062e-04 -4.54294328e-04 -4.35555398e-06  3.64592491e-04
 -1.80463753e-04 -6.53994107e-05  2.03129386e-04 -1.57922822e-04
 -8.90462710e-05 -2.32948589e-04  5.37126786e-05  1.94916453e-04
 -3.20640606e-04  9.36599727e-05  3.28438952e-04 -1.88945714e-04
 -4.23885984e-05 -8.86323210e-05 -3.24171319e-04  1.07606481e-04
 -7.30208210e-05  3.83333256e-05  1.65123923e-04 -2.93835302e-04
  3.23973944e-05 -1.34050150e-04 -2.69628372e-04 -1.36610613e-04
 -1.08366501e-04  1.28660145e-04 -1.85131850e-04 -1.74501980e-04
 -3.22237595e-05 -3.30043254e-04 -1.27462832e-04 -2.27645765e-04
 -7.24798700e-05  1.12452047e-04 -8.69529859e-05  1.03344309e-04
  5.50832988e-05 -1.82483891e-04 -2.25514237e-05 -6.57923292e-05
  1.72328558e-05  7.57427096e-05  8.61907839e-05  1.89638795e-04
  1.20308592e-04 -5.08658788e-05 -2.67578905e-05 -6.46609672e-05
 -2.10086084e-05 -4.17243866e-05  1.01615040e-04  1.93515013e-04
 -1.14080980e-04 -1.39509064e-05 -6.77720168e-05 -1.49859212e-04
  1.29716662e-04 -2.89599055e-05 -2.06363552e-05  2.26923126e-04
  3.60583125e-05 -1.07327347e-06 -5.29758050e-05 -9.76175182e-05
  1.25712680e-04  6.43992712e-05  1.37340353e-05  1.73424503e-04
  1.18588308e-04  6.25151361e-05 -6.01586264e-06  1.12903820e-05
  8.27884471e-05  1.29233545e-05  1.02359373e-04  8.07272450e-05
  9.98355061e-05  1.18332220e-04 -3.41750204e-05  7.24871292e-05
  7.87957732e-06 -5.99587075e-05  1.18507626e-04  4.44574117e-05
 -2.54105884e-05  8.30219668e-05  6.81367003e-05 -6.99416092e-05
 -1.22026361e-04 -3.56934850e-05  4.36736609e-05 -1.75980726e-05
  1.96577145e-05  2.54607182e-05  3.74019932e-05  2.54434929e-05
 -1.23428697e-04 -1.86935096e-05  3.95511391e-05  3.95128235e-05
  1.36248451e-04  1.39552431e-05  9.86212444e-05  8.95276563e-05
 -8.33856377e-05  2.07036360e-05  6.10967383e-06 -3.42402556e-05
  5.73384999e-05  5.22534173e-05  3.46862182e-05  3.49516735e-05
  1.29067452e-06 -3.41353886e-05 -6.61831767e-05 -3.94856243e-05
  5.37636985e-05  1.83395999e-05 -1.35633889e-05  4.89141837e-05
  2.90794248e-05  2.72230215e-05 -8.26705054e-05  2.46926614e-05
  1.18858016e-04  3.88442565e-05  1.15735181e-04  4.97755425e-05
  1.28869889e-05  1.02636482e-04  1.20379012e-05  1.36866084e-05
  2.39758909e-05  8.04354849e-05  1.06501728e-04  1.60203552e-05
  6.18730141e-05  4.18956165e-05 -1.01516967e-05  1.21143040e-05
  2.01098290e-05  5.31718777e-05  4.64587821e-05  6.46678361e-05
  8.62281007e-05  2.83534693e-06  2.15158190e-05  7.13889136e-05
  4.65339436e-06  3.43499661e-05  8.61341842e-05  6.72521730e-05
  8.04270900e-05  4.01769783e-05  2.28466784e-05  5.06776708e-05
  3.01164739e-05  1.27131170e-05  3.40921469e-05  3.57152143e-05
  6.49986693e-05  1.02713193e-05 -4.00941488e-05  1.84694905e-05
  3.23440182e-06  9.03251499e-07  4.45809536e-06  2.01029552e-05
  6.12466972e-05  1.54194582e-05  2.25890182e-05  2.24039407e-05
 -1.68474624e-05  3.02157356e-05  3.63395680e-05  1.12794899e-05
  2.07709193e-05  3.54752128e-05  3.10055281e-05 -1.15533102e-05
 -2.03561429e-05  1.20909172e-05 -1.37882091e-05 -3.86549562e-05
  1.57665197e-05  7.89452657e-06 -2.39380674e-05 -2.60408001e-05
 -2.17070116e-05 -1.79351062e-05 -1.90682962e-05  1.02608001e-05
  7.17216112e-06  8.94817319e-07  9.79903088e-06 -4.94999718e-06
 -1.17493026e-05 -1.18374903e-05  8.94911300e-06  2.72561469e-05
 -6.65158599e-06 -3.39254725e-06  2.97846148e-05 -1.57546134e-05
  3.20289424e-06  4.45166382e-06 -1.87417885e-05  2.47837749e-06
 -8.74954080e-06  7.87399779e-06  1.33036890e-05 -8.40649941e-06
  2.47018516e-05  5.30401599e-06 -2.35360260e-05  2.75034334e-06
  1.15395503e-05  1.36970200e-05 -1.05459923e-05 -1.38885141e-05
  4.30334726e-05 -1.55438051e-05 -3.02674070e-05  1.18755321e-05
 -1.19507198e-05  6.33937570e-06  5.24636764e-06 -1.05962980e-05
 -7.48442443e-07 -1.61467739e-05  1.53205424e-05 -4.59588670e-06
 -1.81217996e-05  3.57955534e-05  1.93259137e-05 -7.68711699e-06
 -1.30085629e-05  8.78628239e-06  1.29827867e-05 -2.33194952e-05
 -6.63604795e-06 -4.74936511e-06 -8.66663038e-06 -7.59950421e-06
 -3.83665112e-05 -3.31554249e-05 -2.32301288e-05 -2.40159235e-05
 -2.65220597e-05 -4.21529102e-05 -2.24149750e-05 -2.18604879e-05
 -5.68084309e-05 -2.91206770e-05 -1.31834773e-05 -4.48207442e-05
 -1.34100909e-05 -1.85178152e-05 -3.33394382e-05 -1.24541879e-05
 -3.05332202e-05 -1.68698286e-05 -3.71423378e-05 -4.34513966e-05
  7.56118628e-06 -3.39494492e-05 -2.50186573e-05 -1.57096386e-05
 -4.71196249e-05 -3.29383705e-05 -3.89099504e-05 -2.71754224e-05
 -3.12564247e-05 -4.97453208e-05 -6.29390383e-06 -3.35435058e-05
 -5.69869779e-05 -1.43759028e-05 -3.28783523e-05 -4.03899492e-05
 -3.22110352e-05 -2.49330881e-05 -1.51428738e-05 -4.08109872e-05
 -2.52844434e-05 -1.26195395e-05 -3.24510495e-05 -1.72888237e-05
 -1.55345584e-05 -1.18879677e-05 -1.43629943e-05 -1.05835315e-05
  6.61189602e-06 -1.46759956e-05 -6.48199425e-06 -4.05726050e-06
 -3.05194419e-05 -9.40249689e-06 -2.70468435e-06 -1.09356180e-05
  1.02906717e-05 -2.00135900e-05 -2.95229181e-05 -1.81588691e-06
 -2.63048235e-05 -2.78734653e-05 -3.14137863e-05 -1.30736423e-05
  1.83881194e-05 -4.13609075e-05 -2.62513480e-05  1.49992048e-05
 -2.25661517e-05 -2.47873013e-05 -1.32632631e-05  2.00917080e-05
  1.52850753e-06 -2.47880697e-05  1.28813244e-05 -1.64800219e-05
 -2.05010694e-05  1.61593794e-05 -1.68595252e-05 -2.34470907e-05
  5.03022513e-06  1.91381609e-06 -1.62801696e-05 -4.16177240e-05
 -1.74136007e-05  4.31390533e-06 -3.99536229e-05 -2.66251795e-05
  1.96972799e-06 -8.45301359e-06 -1.59532133e-05 -2.08389071e-05
 -1.57435988e-05 -2.70983571e-05 -8.06441325e-06  8.81759475e-06
 -3.04318567e-05 -4.57254463e-06  1.30291008e-05 -1.14551314e-05
 -1.18513797e-05 -2.37206635e-05 -2.89997127e-06 -6.88888926e-07
 -1.49428542e-05 -4.03343149e-06 -9.64302736e-06 -1.20184678e-05
 -5.04433386e-06 -1.68803728e-05 -1.26707523e-05  6.42594398e-06
 -2.74160221e-06  1.51454622e-06 -4.97002127e-06  5.95247968e-06
  6.52271124e-06 -9.69410606e-06  6.90076685e-06 -1.40506100e-05
 -3.35441799e-06  2.94783609e-05 -2.38743949e-06 -7.22704214e-06
  8.84607498e-06  1.35151818e-05  7.90752074e-06 -2.00583633e-05
 -2.04155046e-07  2.40283380e-05  1.39393899e-06 -3.06849023e-06
  1.03537592e-05  1.25848581e-05 -9.72795858e-07 -5.45713216e-06
  1.08109956e-05  2.24862184e-06  9.56945441e-06  3.27288107e-05
  1.74295933e-07  2.67381568e-06  1.44411443e-05  4.92119080e-06
  1.21807967e-05 -6.64781436e-06  1.63480734e-05  2.41860935e-05
  3.37008066e-06  7.49889249e-06  4.95529618e-06  1.37370311e-06
 -7.52514740e-06  1.26574767e-06  1.62928386e-05  1.22570863e-05
  1.19675465e-05  9.06524828e-06 -4.61603195e-06  7.21162912e-07
  6.19946343e-06 -1.06581329e-05  9.78037110e-07  1.18972782e-05
  5.57755326e-06  2.03139172e-05 -3.32306360e-06 -6.30318857e-06
  3.29454119e-06 -5.97716652e-06  1.40573301e-05  4.04621255e-06
  1.32014821e-05  1.57822659e-05 -2.12810101e-06 -9.15872554e-07
 -2.46855687e-06  7.38717665e-06  3.21770894e-06  6.96704521e-06
  1.91710667e-05  7.47994689e-06  2.47462241e-06  4.61131871e-06
 -5.23797580e-06 -5.67818620e-06  8.46414510e-06  3.95936052e-06
  8.57962200e-06  6.52754209e-06  7.80794544e-06  1.14450927e-05
 -1.00041867e-05  2.44926871e-06  2.34629694e-05  2.83894169e-06
 -2.36691121e-06  1.28320902e-05  2.47177622e-05  9.90540413e-06
  6.82076418e-07  1.27341776e-05  6.24251549e-06  1.04414746e-05
  1.31173348e-05  9.77900929e-06  1.35476334e-05  1.36279512e-05
  9.71707602e-06  1.38850924e-05  1.74830140e-06  3.36175461e-06
  2.40216357e-05  4.05302990e-06  1.30620249e-05  2.36605857e-05
  1.14889905e-05  2.98112295e-06 -3.01453731e-06  1.12820339e-05
  1.26732092e-05  1.32615260e-05  1.04421416e-05  9.21060949e-06
  2.00198934e-05  4.27586757e-06 -1.97533953e-06  8.40563620e-06
  3.14558837e-06  3.92138767e-06  1.24137556e-05  1.01853720e-05
  9.53940962e-06  8.87458645e-06  2.49350912e-06  8.48800499e-06
 -1.31974571e-06  6.84818966e-07  2.59894275e-05  8.74612045e-06
 -2.24975309e-06 -1.49251261e-06  1.20638844e-05  3.83318842e-06
 -2.15267119e-05  8.73594454e-06  9.08558127e-06  3.65203800e-06
  1.03522036e-05  3.36742259e-06  1.96986931e-06 -1.23702064e-05
 -7.05276380e-06  8.59891457e-06 -4.70187036e-07  8.42956431e-06
  2.29082183e-05 -5.70413053e-06 -1.22192257e-05  1.43908840e-05
  1.37233818e-06 -1.20277455e-05 -9.79014608e-07  2.07773943e-05
  1.93944053e-05 -6.76654133e-06  4.30258991e-06 -4.07676232e-07
  4.95155088e-07  8.00901949e-06  1.12223750e-06  1.64498316e-05
  4.73781108e-06  1.70241927e-05  2.03373494e-05 -1.02387358e-05
  1.36865285e-05  2.54984044e-05  7.51665785e-06  1.15720639e-05
  1.48819942e-05  1.95803402e-05  2.30762766e-05  3.54836256e-06
 -9.73969064e-08  7.90901617e-06  1.56429923e-05  7.61145127e-06
 -8.04576796e-06  2.52525531e-05  2.51923314e-05 -5.35983840e-07
  1.59885339e-05  1.06225978e-05  9.28991111e-06  7.42873771e-06
  3.53690680e-06  2.71934959e-05  8.26694171e-06  1.09317102e-05
  4.05448876e-05 -2.29992776e-06 -1.54714801e-05  3.44177733e-05
  2.73231460e-05 -8.43357310e-06 -1.89073286e-06  3.32744621e-05
  2.69880853e-05 -2.25736175e-05 -1.85084305e-06  1.06334333e-05
 -4.28952305e-06  8.99950997e-06  6.06223220e-06  1.07268936e-05
 -4.36756496e-06  3.03075327e-07  9.01744343e-06 -3.32923694e-05
  1.78042404e-06  2.23479852e-05 -6.38196748e-06  1.45722932e-06
  3.64235475e-06  1.30636647e-05 -1.04127556e-05 -1.63006958e-05
  3.43621288e-06 -1.40725568e-06  1.00063261e-05  1.76042580e-05
 -1.88007207e-06 -9.55373304e-08  7.81266713e-06 -4.66287386e-06
  4.44072493e-06  7.26726145e-07  1.86212385e-05  1.78368307e-05
 -1.60425760e-05  1.43516493e-05  2.65398710e-06 -1.25645095e-05
  2.18258300e-05 -8.92656774e-06 -1.87974853e-06  1.95597357e-05
  4.50016403e-06  3.60553129e-06 -1.10790016e-05  1.16612997e-05
  9.49424845e-06 -1.21082180e-05  2.45353663e-05  1.00703157e-05
 -3.89195971e-06  2.56129880e-05  2.65961473e-05  8.87900173e-06
 -2.13617454e-06  1.49508705e-05  2.45887170e-05 -8.83385525e-06
  1.79168599e-05  3.20475419e-05  6.14105720e-07  4.27869218e-06
 -2.27275800e-06  1.40740408e-05 -9.32248725e-07 -6.82739112e-06
  2.79125349e-05 -1.02287904e-06  2.48156728e-07  1.46337290e-05
 -2.11560397e-05 -5.42497459e-07  3.43098864e-06 -1.21170159e-05
  1.24916741e-05  2.74533317e-06  9.01500021e-06 -6.90358168e-06
 -3.41416728e-05  2.43744877e-06 -1.47392601e-05 -1.43785396e-05
  6.99010022e-06 -2.68637010e-05 -4.06643969e-07  1.04571998e-06
 -3.19094511e-05 -8.66737550e-06 -2.14808123e-05 -3.96426933e-06
 -6.75202993e-06 -2.68500970e-05  2.22087605e-05  1.61713576e-06
 -2.66055326e-05 -1.26332882e-05 -1.31122316e-05 -3.42465498e-06
  8.25671493e-07 -2.38232202e-05 -2.12270499e-05 -2.15233959e-05
 -2.02090078e-05 -3.09017627e-05 -5.66618109e-05 -2.07132022e-05
 -2.78686351e-06 -2.34471165e-05 -3.96151024e-05 -2.22003718e-05
  4.65466024e-06 -3.86419784e-05 -3.60540610e-05  1.17196678e-05
 -1.12554343e-05  8.04712016e-06 -7.02476897e-06 -1.19539820e-05
  2.12072890e-05 -1.88569899e-05  1.30128998e-05  4.42699639e-06
 -3.38271560e-05  5.41301348e-06  3.66466642e-07 -8.87859974e-06
 -2.66432780e-05 -2.22878236e-05 -9.93785435e-06 -3.65068713e-05
 -2.82098373e-05  9.03679384e-07 -2.44087701e-05 -1.78812518e-05
 -1.52219460e-05 -2.59369477e-05 -7.86301655e-06 -1.86927032e-05
 -1.58035146e-06  6.83141846e-06 -2.55343517e-05  5.64867534e-06
  3.05242994e-05 -4.77317274e-05 -2.60273534e-05  6.79691968e-06
 -1.56921373e-05  3.23501326e-06 -1.19407722e-05 -2.47307813e-06
 -1.77387931e-05 -3.08192770e-05 -2.50273740e-05 -4.14351789e-05
 -5.86353697e-06 -1.24843382e-05 -1.01352679e-05 -2.77054900e-05
 -3.94141917e-05  6.89741853e-06 -6.74773322e-05 -5.60006610e-05
  2.23552527e-05 -3.16297034e-05 -3.90879890e-05 -2.10656599e-05
 -1.38934111e-05 -3.28442511e-05 -5.37181886e-05 -4.37289620e-05
 -4.35169154e-05 -3.30019069e-05 -1.50526187e-05 -2.18856900e-05
 -2.63661939e-05 -1.05506683e-05 -3.02197179e-05 -4.57889504e-05
 -6.24013579e-05 -2.10062476e-05  6.24905376e-06 -3.83145345e-05
 -1.23431407e-05  1.39337851e-05 -7.44748991e-05 -2.29863847e-05
 -5.53107027e-06 -9.03351463e-05  1.57038520e-06  1.93890335e-05
 -3.31316622e-05 -2.78685177e-05 -2.24763969e-05  1.63436349e-06
 -3.80453773e-05 -7.74213763e-05 -2.99770912e-06  2.84595959e-05
 -2.34096307e-05  2.09585035e-08  4.16959057e-05 -4.08522188e-05
 -7.35121237e-05  2.14078076e-05 -3.17615037e-05 -5.50984026e-05
  9.48374387e-05  4.30539768e-05 -2.30466769e-05 -1.40678505e-05
 -2.91999585e-05 -3.45523752e-05 -1.17131514e-05 -3.06966168e-05
  4.64913413e-05  1.06584792e-04  3.97496524e-05  3.26585200e-06
 -2.08927837e-05 -4.02901479e-06  3.31268889e-06 -2.02738838e-05
  3.03790319e-05  7.48966164e-05  6.87047078e-05 -3.20535916e-05
 -1.44552484e-05  2.41402878e-05 -9.87384124e-05  2.56387151e-05
  6.45236084e-05 -2.99720270e-05  9.12362123e-05  1.71562789e-05
 -8.77265740e-05 -5.02480930e-06 -2.71072409e-05 -4.68408798e-05
  6.11675479e-05  1.41619886e-05  2.50380806e-05  9.58312048e-05
 -6.85677013e-05  2.86033505e-05 -1.39931944e-05 -8.27220545e-05
  5.15240685e-05  6.37507351e-05  4.69773332e-05 -1.11084434e-05
  7.42850913e-05  2.14172611e-05 -1.35182680e-04  1.46388183e-05]
