Frame: 56
temp_s_est shape: (1024,)
temp_s_est dtype: float64
temp_s_est:
[ 3.79039524e-03  3.79344542e-03  3.68820175e-03  3.60778850e-03
  3.62586581e-03  3.48153016e-03  3.41844280e-03  3.50948714e-03
  3.39903252e-03  3.26929678e-03  3.15330313e-03  3.05040573e-03
  2.99265795e-03  2.90715448e-03  2.71935087e-03  2.64488135e-03
  2.60809699e-03  2.39073169e-03  2.34935178e-03  2.35379485e-03
  2.12924468e-03  2.06589725e-03  1.92468538e-03  1.82495821e-03
  1.84526630e-03  1.58666369e-03  1.38615776e-03  1.34076417e-03
  1.21730736e-03  1.23665107e-03  1.21542475e-03  8.81335327e-04
  5.60841026e-04  5.89861487e-04  5.37121439e-04  4.37871635e-04
  3.48396664e-04 -1.03325499e-06 -8.04321998e-05 -6.40072642e-05
 -3.67401231e-04 -3.98572478e-04 -6.60306380e-04 -8.57233015e-04
 -7.91340627e-04 -8.99423666e-04 -1.04512110e-03 -1.24453960e-03
 -1.52111819e-03 -1.30768778e-03 -1.48684801e-03 -1.78709798e-03
 -1.91662519e-03 -2.13363899e-03 -2.26641832e-03 -2.44043851e-03
 -2.61205027e-03 -2.56491999e-03 -2.79234521e-03 -2.93441183e-03
 -2.78456341e-03 -2.93436683e-03 -3.38236412e-03 -3.27475604e-03
 -3.23090655e-03 -3.60153539e-03 -3.57219409e-03 -3.81007336e-03
 -4.01638598e-03 -4.00308065e-03 -4.25056360e-03 -4.07416264e-03
 -4.01483548e-03 -4.80137751e-03 -4.75540770e-03 -4.59525030e-03
 -4.60389892e-03 -4.95616523e-03 -5.17943971e-03 -5.01402856e-03
 -4.77997018e-03 -5.03011724e-03 -5.24553553e-03 -5.34639977e-03
 -5.37485200e-03 -5.59573732e-03 -5.39980824e-03 -5.64475239e-03
 -6.02234388e-03 -5.94310625e-03 -5.62384788e-03 -5.54367248e-03
 -5.67943645e-03 -6.04624742e-03 -6.01310244e-03 -6.30133410e-03
 -6.11799389e-03 -5.89054211e-03 -6.09881073e-03 -6.21622946e-03
 -6.29061116e-03 -6.23103875e-03 -5.46735791e-03 -5.85614811e-03
 -6.38012338e-03 -6.30269231e-03 -6.14075432e-03 -6.08063879e-03
 -6.02154776e-03 -6.57460097e-03 -6.75757266e-03 -6.20609078e-03
 -5.95667911e-03 -5.88264935e-03 -5.64693535e-03 -6.54184822e-03
 -6.10409516e-03 -5.30546323e-03 -5.89130424e-03 -5.60847053e-03
 -5.34167958e-03 -5.84366555e-03 -5.42469884e-03 -5.58526774e-03
 -5.82495586e-03 -5.30168001e-03 -5.33517681e-03 -5.10157671e-03
 -4.81380831e-03 -5.33795368e-03 -5.19803565e-03 -4.45157457e-03
 -4.62493952e-03 -4.63276109e-03 -4.45855059e-03 -4.13690457e-03
 -4.02967928e-03 -4.48103932e-03 -4.39980723e-03 -3.68390778e-03
 -4.03092471e-03 -3.87316110e-03 -3.19676232e-03 -3.34317252e-03
 -3.32347000e-03 -3.30306131e-03 -3.16122925e-03 -2.45104400e-03
 -3.02689057e-03 -2.62679082e-03 -2.15564688e-03 -2.96409369e-03
 -2.46338101e-03 -1.51260283e-03 -1.75145558e-03 -1.98649453e-03
 -1.88973354e-03 -1.24520176e-03 -8.50229064e-04 -1.45400876e-03
 -1.63817292e-03 -8.41538143e-04 -6.68607667e-04 -5.95556479e-04
 -1.36762459e-05 -5.95316629e-04 -1.01356566e-03 -9.84679061e-05
  3.55813620e-04  4.60377451e-04  1.59588630e-04 -1.16462924e-04
  6.41627696e-04  1.21138101e-03  1.34272033e-03  1.56256736e-03
  1.09605582e-03  9.77695406e-04  1.65818158e-03  2.07127863e-03
  1.90650012e-03  1.45701925e-03  1.71467755e-03  2.31943469e-03
  2.63230496e-03  2.72763624e-03  2.74157734e-03  2.71235139e-03
  2.83865680e-03  3.38199557e-03  3.46128070e-03  3.15878430e-03
  3.23874140e-03  3.31741817e-03  3.75460470e-03  3.95490679e-03
  3.81265232e-03  4.15723158e-03  4.07815039e-03  3.96865365e-03
  4.50620342e-03  4.04563122e-03  3.97191226e-03  4.68279916e-03
  4.78807660e-03  4.53534109e-03  4.65497304e-03  4.50674089e-03
  4.82883611e-03  5.29268649e-03  5.19097726e-03  5.13021525e-03
  4.94291958e-03  4.70939452e-03  5.53232732e-03  5.55802380e-03
  5.04673155e-03  5.34732440e-03  5.35054708e-03  5.26742599e-03
  5.59411969e-03  5.32668250e-03  5.32517182e-03  5.29335567e-03
  5.30658983e-03  5.88686691e-03  5.93146257e-03  5.32026619e-03
  5.23757083e-03  5.32570474e-03  5.60688051e-03  5.62356933e-03
  5.52833395e-03  5.32776687e-03  5.09667887e-03  5.23305596e-03
  5.62676348e-03  5.43186269e-03  5.08063230e-03  5.13923349e-03
  5.49502597e-03  5.41609665e-03  5.21476006e-03  4.94720264e-03
  5.01503043e-03  5.08000754e-03  5.19293744e-03  5.07249279e-03
  4.72872987e-03  4.59143237e-03  4.84124870e-03  4.80324164e-03
  4.56882075e-03  4.38823537e-03  4.46149112e-03  4.37809340e-03
  4.23231305e-03  4.24678009e-03  4.15858556e-03  4.05603183e-03
  4.07645393e-03  3.94146326e-03  3.83410208e-03  3.64239623e-03
  3.48955981e-03  3.55168660e-03  3.44038716e-03  3.31205124e-03
  3.26198157e-03  3.11302414e-03  3.03104684e-03  3.01057098e-03
  2.83114312e-03  2.72209030e-03  2.49169966e-03  2.39075289e-03
  2.44074964e-03  2.37616742e-03  2.10075320e-03  2.02825455e-03
  1.98832934e-03  1.96615188e-03  1.86165916e-03  1.54410496e-03
  1.37587337e-03  1.38646688e-03  1.30636636e-03  1.29844173e-03
  1.08799375e-03  8.61991576e-04  8.19130034e-04  7.45074940e-04
  7.56031552e-04  6.66813032e-04  3.28009912e-04  2.47360847e-04
  2.55637521e-04  2.03047590e-04  8.08592510e-05 -1.21587889e-04
 -2.12485225e-04 -2.21895072e-04 -3.37405030e-04 -3.95575003e-04
 -5.14622619e-04 -7.92776825e-04 -8.45371882e-04 -7.41302375e-04
 -8.31078712e-04 -9.94036579e-04 -1.17477169e-03 -1.27154433e-03
 -1.20962461e-03 -1.26360868e-03 -1.37145620e-03 -1.49143979e-03
 -1.65588604e-03 -1.65564450e-03 -1.65379531e-03 -1.79060745e-03
 -1.91292367e-03 -1.99780036e-03 -1.99580473e-03 -2.00890936e-03
 -2.12286537e-03 -2.29493475e-03 -2.33120442e-03 -2.30813941e-03
 -2.37391558e-03 -2.44545807e-03 -2.45137155e-03 -2.55420970e-03
 -2.56353068e-03 -2.59972675e-03 -2.65116519e-03 -2.68269899e-03
 -2.77848660e-03 -2.81907772e-03 -2.78805719e-03 -2.88481662e-03
 -2.92496026e-03 -2.96081430e-03 -3.01767888e-03 -2.99314639e-03
 -2.96429579e-03 -3.06018985e-03 -3.09588045e-03 -3.11636775e-03
 -3.12748674e-03 -3.06653376e-03 -3.10668181e-03 -3.21908942e-03
 -3.18328203e-03 -3.15841981e-03 -3.13170903e-03 -3.13628896e-03
 -3.20596477e-03 -3.18858996e-03 -3.18231219e-03 -3.20231695e-03
 -3.15012745e-03 -3.18120091e-03 -3.20957482e-03 -3.17081134e-03
 -3.10948112e-03 -3.09958122e-03 -3.10852780e-03 -3.10381244e-03
 -3.06723262e-03 -3.05356440e-03 -3.00335783e-03 -3.02782660e-03
 -3.02546210e-03 -2.98513540e-03 -2.93102113e-03 -2.91156240e-03
 -2.88098937e-03 -2.89114316e-03 -2.85967778e-03 -2.80958672e-03
 -2.77709284e-03 -2.75015996e-03 -2.68389772e-03 -2.68191819e-03
 -2.61728479e-03 -2.57114620e-03 -2.54371071e-03 -2.49954708e-03
 -2.47993424e-03 -2.46011252e-03 -2.35692285e-03 -2.36363500e-03
 -2.32066605e-03 -2.25778663e-03 -2.24412254e-03 -2.18803072e-03
 -2.11445042e-03 -2.10090227e-03 -2.05748933e-03 -2.02193487e-03
 -1.94775308e-03 -1.88077245e-03 -1.87168355e-03 -1.81854048e-03
 -1.71134253e-03 -1.68674299e-03 -1.66520023e-03 -1.62642865e-03
 -1.58232437e-03 -1.50689395e-03 -1.45570563e-03 -1.42698843e-03
 -1.36503357e-03 -1.34335986e-03 -1.28784929e-03 -1.21161701e-03
 -1.17150225e-03 -1.12083937e-03 -1.06661148e-03 -1.02679443e-03
 -9.66695913e-04 -9.46205317e-04 -8.87814224e-04 -8.02154720e-04
 -7.88898015e-04 -7.50489590e-04 -6.75196425e-04 -6.33411908e-04
 -5.89980590e-04 -5.43054990e-04 -5.02391571e-04 -4.33749537e-04
 -3.95934651e-04 -3.67282046e-04 -3.04318926e-04 -2.65171858e-04
 -2.32094829e-04 -1.70343513e-04 -1.41568650e-04 -8.94896616e-05
 -2.55446472e-05  4.62158816e-06  3.46409956e-05  5.91445696e-05
  9.82675762e-05  1.85934846e-04  2.12896914e-04  2.05040352e-04
  2.43078118e-04  2.92973586e-04  3.40593455e-04  3.88575640e-04
  4.07618801e-04  4.41695262e-04  4.87393823e-04  5.20612574e-04
  5.68553929e-04  5.93881899e-04  5.99838811e-04  6.49204748e-04
  6.77132215e-04  6.91536876e-04  7.36067826e-04  7.47220916e-04
  7.69548234e-04  8.13016909e-04  8.18372900e-04  8.62992846e-04
  8.95928907e-04  8.89659889e-04  9.18729292e-04  9.50062644e-04
  9.67659929e-04  1.00562824e-03  9.99544150e-04  1.01112498e-03
  1.05575229e-03  1.06334847e-03  1.06165472e-03  1.09150984e-03
  1.08697835e-03  1.10954875e-03  1.13817619e-03  1.12313478e-03
  1.13535506e-03  1.16699923e-03  1.17569377e-03  1.19629296e-03
  1.17852681e-03  1.18636497e-03  1.22168691e-03  1.21326822e-03
  1.20457922e-03  1.21287760e-03  1.21095131e-03  1.22785291e-03
  1.23734092e-03  1.23556540e-03  1.24093927e-03  1.22652321e-03
  1.24092178e-03  1.26557631e-03  1.24420562e-03  1.20623080e-03
  1.21878621e-03  1.22579105e-03  1.23096378e-03  1.22446933e-03
  1.21543420e-03  1.22018231e-03  1.19894874e-03  1.18509371e-03
  1.22229803e-03  1.19713665e-03  1.16226475e-03  1.16551167e-03
  1.16947029e-03  1.16066008e-03  1.13524552e-03  1.11619312e-03
  1.12349225e-03  1.09095663e-03  1.08958839e-03  1.09982034e-03
  1.07763264e-03  1.03760238e-03  1.03625807e-03  1.05013984e-03
  1.03681621e-03  9.93059275e-04  9.84989191e-04  9.76905708e-04
  9.54310190e-04  9.26190977e-04  9.14238447e-04  8.90794153e-04
  8.80175199e-04  8.63291310e-04  8.48327679e-04  8.25122841e-04
  8.07290333e-04  7.88991425e-04  7.88610837e-04  7.50179647e-04
  7.35297957e-04  7.25877909e-04  6.92890351e-04  6.69861271e-04
  6.58963662e-04  6.32475119e-04  6.15651897e-04  5.93185277e-04
  5.88727597e-04  5.66586331e-04  5.24846785e-04  5.07630988e-04
  4.96075896e-04  4.80239379e-04  4.57412631e-04  4.37509721e-04
  4.14690469e-04  3.85822903e-04  3.75597987e-04  3.81013891e-04
  3.33395503e-04  2.86312520e-04  2.91467376e-04  2.92731821e-04
  2.59479239e-04  2.36697642e-04  2.05344798e-04  1.91931814e-04
  1.87722402e-04  1.71464574e-04  1.55685690e-04  1.25854054e-04
  7.51503379e-05  8.70092854e-05  8.68694693e-05  5.56545873e-05
  4.31565995e-05  1.80784637e-05  9.45936935e-07  2.82463853e-06
 -1.92938224e-05 -3.62450626e-05 -6.01829960e-05 -8.64150357e-05
 -8.79618380e-05 -9.19143764e-05 -1.14002476e-04 -1.34654269e-04
 -1.46562208e-04 -1.56039071e-04 -1.62404330e-04 -1.63897279e-04
 -1.82896554e-04 -2.01598433e-04 -2.19133944e-04 -2.17627484e-04
 -2.21113207e-04 -2.42725659e-04 -2.57688496e-04 -2.59498172e-04
 -2.68358809e-04 -2.67758928e-04 -2.77200879e-04 -2.90940278e-04
 -2.98322389e-04 -3.01981702e-04 -3.00217780e-04 -3.04309231e-04
 -3.23938002e-04 -3.17809507e-04 -3.15934728e-04 -3.25924768e-04
 -3.27787916e-04 -3.31562153e-04 -3.41867291e-04 -3.30619760e-04
 -3.28783416e-04 -3.36789415e-04 -3.26942603e-04 -3.28436627e-04
 -3.28463864e-04 -3.24803918e-04 -3.31468640e-04 -3.19948523e-04
 -3.11664513e-04 -3.22036344e-04 -3.12942258e-04 -3.14942902e-04
 -3.09809581e-04 -2.93232595e-04 -2.82490545e-04 -2.71415929e-04
 -2.70967834e-04 -2.72735267e-04 -2.62707096e-04 -2.51299901e-04
 -2.44930714e-04 -2.34554169e-04 -2.29861558e-04 -2.19244481e-04
 -2.02691889e-04 -1.89725314e-04 -1.81698261e-04 -1.74460078e-04
 -1.70070849e-04 -1.47625302e-04 -1.25003425e-04 -1.21536588e-04
 -1.13416119e-04 -1.09090599e-04 -9.95861459e-05 -6.78928683e-05
 -5.28996587e-05 -4.70717025e-05 -3.66953607e-05 -3.23367969e-05
 -7.02259936e-06  9.67424037e-06  2.29935785e-05  4.43627834e-05
  5.32124213e-05  5.75468862e-05  8.84301926e-05  1.06798514e-04
  1.17338535e-04  1.14663414e-04  1.32690986e-04  1.58049484e-04
  1.81694591e-04  1.80314181e-04  2.05147149e-04  2.15281050e-04
  2.29018249e-04  2.59317695e-04  2.81300748e-04  2.83196794e-04
  2.96212412e-04  2.99984863e-04  3.32209716e-04  3.49783160e-04
  3.50624336e-04  3.70488677e-04  3.92617597e-04  3.94207940e-04
  4.13886097e-04  4.34895092e-04  4.57255568e-04  4.61762655e-04
  4.61876473e-04  4.78240909e-04  5.07484173e-04  5.18042730e-04
  5.21009086e-04  5.35652462e-04  5.53887718e-04  5.62317532e-04
  5.82147299e-04  5.82534758e-04  5.87219717e-04  6.02348177e-04
  6.19921760e-04  6.37439360e-04  6.35897972e-04  6.38012090e-04
  6.53248287e-04  6.56441200e-04  6.75365855e-04  6.77473424e-04
  6.75209033e-04  6.90273504e-04  6.91960050e-04  6.96202508e-04
  7.13142289e-04  7.13695577e-04  7.21601754e-04  7.25068596e-04
  7.14966166e-04  7.28834959e-04  7.29319541e-04  7.11105904e-04
  7.10732052e-04  7.23744417e-04  7.22876644e-04  7.34513226e-04
  7.19329897e-04  7.12256037e-04  7.22568741e-04  7.17526694e-04
  7.09534419e-04  7.24502108e-04  7.02484554e-04  6.92477513e-04
  6.84198162e-04  6.80625884e-04  6.79029820e-04  6.64677447e-04
  6.60111385e-04  6.65803297e-04  6.38425133e-04  6.29378321e-04
  6.24928918e-04  6.23815502e-04  6.01772979e-04  5.81658240e-04
  5.75654199e-04  5.74462838e-04  5.54741532e-04  5.36748923e-04
  5.23224670e-04  5.03340902e-04  4.84309257e-04  4.78440517e-04
  4.65617825e-04  4.47706454e-04  4.21532650e-04  3.91670969e-04
  3.93459912e-04  3.75365666e-04  3.43211661e-04  3.39333405e-04
  3.00074140e-04  2.60402572e-04  2.60757925e-04  2.51865065e-04
  2.22834407e-04  1.82162874e-04  1.56985784e-04  1.64086438e-04
  1.44325524e-04  1.00464920e-04  6.68111622e-05  4.53073042e-05
  1.34046747e-05 -9.41180540e-06 -2.20063487e-05 -6.91567064e-05
 -1.07932592e-04 -1.12270676e-04 -1.35901616e-04 -1.75540470e-04
 -2.06608973e-04 -2.28940773e-04 -2.48095577e-04 -2.88929177e-04
 -3.19139942e-04 -3.31203203e-04 -3.71288473e-04 -4.32620976e-04
 -4.46391683e-04 -4.58312039e-04 -4.99072931e-04 -5.50794468e-04
 -5.82816483e-04 -6.08281616e-04 -6.30446885e-04 -6.69337971e-04
 -6.85086746e-04 -7.26043472e-04 -7.67730167e-04 -7.78346932e-04
 -7.90629850e-04 -8.54265542e-04 -9.00264854e-04 -9.23875936e-04
 -9.39818714e-04 -9.89075560e-04 -1.02595882e-03 -1.04664659e-03
 -1.07334517e-03 -1.11308318e-03 -1.13136994e-03 -1.15762310e-03
 -1.20146109e-03 -1.23484726e-03 -1.24306750e-03 -1.28960546e-03
 -1.33896424e-03 -1.36745976e-03 -1.37040638e-03 -1.39611132e-03
 -1.44250021e-03 -1.47185934e-03 -1.48372702e-03 -1.53069786e-03
 -1.55072021e-03 -1.56200953e-03 -1.60230988e-03 -1.64010343e-03
 -1.65726447e-03 -1.67404463e-03 -1.68601261e-03 -1.73243202e-03
 -1.76499494e-03 -1.76881675e-03 -1.79163407e-03 -1.81313993e-03
 -1.80980070e-03 -1.85710052e-03 -1.89546830e-03 -1.90064035e-03
 -1.90177777e-03 -1.90667207e-03 -1.95608160e-03 -2.00152344e-03
 -1.97897431e-03 -1.98827954e-03 -2.02663208e-03 -2.03365018e-03
 -2.06274320e-03 -2.05686020e-03 -2.05155550e-03 -2.07670023e-03
 -2.08155508e-03 -2.09252486e-03 -2.12201104e-03 -2.09160077e-03
 -2.09425599e-03 -2.11244018e-03 -2.12036947e-03 -2.14565444e-03
 -2.13582164e-03 -2.11116204e-03 -2.15379763e-03 -2.12484413e-03
 -2.11142119e-03 -2.14643664e-03 -2.12124606e-03 -2.10231492e-03
 -2.10734969e-03 -2.08347904e-03 -2.10493230e-03 -2.06651313e-03
 -2.02813021e-03 -2.06171031e-03 -2.04253623e-03 -2.01567382e-03
 -2.02978434e-03 -1.98895118e-03 -1.96740987e-03 -1.96647695e-03
 -1.92941543e-03 -1.91670828e-03 -1.88649931e-03 -1.84454159e-03
 -1.84681914e-03 -1.81230168e-03 -1.74778690e-03 -1.75253506e-03
 -1.73396013e-03 -1.69539041e-03 -1.64678736e-03 -1.57257475e-03
 -1.56815819e-03 -1.55617482e-03 -1.50050638e-03 -1.47251708e-03
 -1.40718235e-03 -1.37550121e-03 -1.37452843e-03 -1.30646952e-03
 -1.24291035e-03 -1.20715864e-03 -1.15981766e-03 -1.11580299e-03
 -1.03617233e-03 -9.80107551e-04 -9.42043671e-04 -8.91902829e-04
 -8.31860909e-04 -7.80799773e-04 -7.20773435e-04 -6.64375036e-04
 -6.12788350e-04 -5.49324866e-04 -4.84719729e-04 -4.37980724e-04
 -3.79762179e-04 -3.21957569e-04 -2.26781454e-04 -1.57713666e-04
 -1.29299090e-04 -3.78862356e-05  6.50257732e-05  1.27263935e-04
  1.78116639e-04  2.22793624e-04  3.42191022e-04  4.31921846e-04
  4.46871628e-04  5.23638639e-04  6.07343971e-04  6.78541365e-04
  7.61611099e-04  8.38792678e-04  9.07459064e-04  9.59447813e-04
  1.03289824e-03  1.13685950e-03  1.20676132e-03  1.28011139e-03
  1.38659144e-03  1.49555953e-03  1.55058606e-03  1.60077373e-03
  1.67943786e-03  1.78147244e-03  1.88298755e-03  1.91007889e-03
  1.95628206e-03  2.05978554e-03  2.14631164e-03  2.20519314e-03
  2.31305614e-03  2.37923441e-03  2.44986442e-03  2.52086420e-03
  2.61864470e-03  2.68265668e-03  2.76478556e-03  2.80189092e-03
  2.91295328e-03  3.00360386e-03  3.04974098e-03  3.09564372e-03
  3.19102725e-03  3.19687551e-03  3.30761646e-03  3.36711123e-03
  3.44028496e-03  3.49004920e-03  3.50213059e-03  3.54161369e-03
  3.71896608e-03  3.73818438e-03  3.74796427e-03  3.80555224e-03
  3.92668307e-03  3.99568120e-03  4.00474186e-03  3.99049031e-03
  4.04644311e-03  4.08035707e-03  4.15466181e-03  4.18680255e-03
  4.18713513e-03  4.19691217e-03  4.25292581e-03  4.30391299e-03
  4.39269450e-03  4.33475985e-03  4.35583258e-03  4.37894209e-03
  4.34100983e-03  4.44493316e-03  4.52550105e-03  4.43928720e-03
  4.51001518e-03  4.47481431e-03  4.47611592e-03  4.56550505e-03
  4.45773296e-03  4.35850522e-03  4.44112060e-03  4.41222648e-03
  4.42874565e-03  4.42513210e-03  4.34444905e-03  4.34418701e-03
  4.40313667e-03  4.33561174e-03  4.30403011e-03  4.21662465e-03
  4.17691471e-03  4.26314961e-03  4.16845123e-03  4.05598675e-03
  4.11226423e-03  4.02526844e-03  3.97012918e-03  3.92572187e-03]
