Frame: 96
temp_s_est shape: (1024,)
temp_s_est dtype: float64
temp_s_est:
[ 5.21143351e-02  5.26257375e-02  5.29695219e-02  5.31292264e-02
  5.34159139e-02  5.37498439e-02  5.38435603e-02  5.40879678e-02
  5.42628002e-02  5.44634505e-02  5.44893633e-02  5.47153993e-02
  5.46724400e-02  5.48635176e-02  5.47892918e-02  5.48527755e-02
  5.48216748e-02  5.47758972e-02  5.47379722e-02  5.46349275e-02
  5.45788659e-02  5.43607100e-02  5.41895006e-02  5.41397946e-02
  5.37282415e-02  5.34901451e-02  5.33340212e-02  5.30816794e-02
  5.25502843e-02  5.21688292e-02  5.20973753e-02  5.15475003e-02
  5.09896346e-02  5.07347519e-02  5.02594700e-02  4.97708486e-02
  4.90410257e-02  4.88455181e-02  4.80655257e-02  4.75571949e-02
  4.69234818e-02  4.63692792e-02  4.55686668e-02  4.49585947e-02
  4.43013506e-02  4.34933133e-02  4.26070459e-02  4.18777883e-02
  4.12333087e-02  4.01585138e-02  3.91589058e-02  3.86833170e-02
  3.76662324e-02  3.64043746e-02  3.57622601e-02  3.49991444e-02
  3.36097046e-02  3.27528983e-02  3.19845492e-02  3.09329559e-02
  2.95616310e-02  2.87737273e-02  2.77535440e-02  2.65212884e-02
  2.55288676e-02  2.42100969e-02  2.29170343e-02  2.17796219e-02
  2.09398391e-02  1.94264422e-02  1.82776877e-02  1.69415569e-02
  1.58991162e-02  1.46117866e-02  1.30821422e-02  1.21222574e-02
  1.08730956e-02  9.41334185e-03  8.06713549e-03  7.22738560e-03
  5.92773170e-03  4.25260754e-03  3.08138456e-03  2.10806739e-03
  4.24478052e-04 -9.59143457e-04 -2.01465744e-03 -3.60767743e-03
 -5.07828492e-03 -6.24065575e-03 -7.37621320e-03 -9.26800164e-03
 -1.02247377e-02 -1.18165350e-02 -1.30446876e-02 -1.44836338e-02
 -1.55741026e-02 -1.68619268e-02 -1.85252461e-02 -1.96769556e-02
 -2.08597611e-02 -2.17450073e-02 -2.37160889e-02 -2.53355743e-02
 -2.57106903e-02 -2.74618712e-02 -2.87814947e-02 -3.03228848e-02
 -3.07480009e-02 -3.30508160e-02 -3.39022338e-02 -3.46696831e-02
 -3.58015253e-02 -3.76606461e-02 -3.84014540e-02 -3.97949783e-02
 -4.10702959e-02 -4.15771633e-02 -4.28760365e-02 -4.40812906e-02
 -4.56492205e-02 -4.57103895e-02 -4.69741919e-02 -4.79692818e-02
 -4.87728094e-02 -5.02364488e-02 -5.09597266e-02 -5.25413074e-02
 -5.17857455e-02 -5.37380409e-02 -5.43232046e-02 -5.60061423e-02
 -5.58834720e-02 -5.65077768e-02 -5.78533433e-02 -5.86082849e-02
 -5.92403172e-02 -6.04091541e-02 -6.06355426e-02 -6.04792804e-02
 -6.18043448e-02 -6.25699891e-02 -6.24838795e-02 -6.30127608e-02
 -6.40791700e-02 -6.40714904e-02 -6.35794894e-02 -6.56325899e-02
 -6.54793759e-02 -6.51728076e-02 -6.54290839e-02 -6.66146823e-02
 -6.65002827e-02 -6.67579899e-02 -6.72760684e-02 -6.71495712e-02
 -6.72751111e-02 -6.71769854e-02 -6.77955575e-02 -6.76554368e-02
 -6.74374650e-02 -6.66581242e-02 -6.71952335e-02 -6.73022740e-02
 -6.67794323e-02 -6.68560235e-02 -6.59688269e-02 -6.63000590e-02
 -6.58120949e-02 -6.64126424e-02 -6.52931738e-02 -6.49883942e-02
 -6.49844322e-02 -6.46541945e-02 -6.41406054e-02 -6.36445979e-02
 -6.34677471e-02 -6.23826377e-02 -6.19457558e-02 -6.15222309e-02
 -6.10566777e-02 -6.01520710e-02 -5.95685778e-02 -5.82342409e-02
 -5.79889806e-02 -5.72796614e-02 -5.64808724e-02 -5.60496732e-02
 -5.45841779e-02 -5.42680585e-02 -5.31447842e-02 -5.27863880e-02
 -5.18069165e-02 -5.05808995e-02 -5.01409001e-02 -4.83679711e-02
 -4.82139069e-02 -4.70925510e-02 -4.61231916e-02 -4.38089241e-02
 -4.39632186e-02 -4.27012008e-02 -4.10168994e-02 -4.00037840e-02
 -3.91797315e-02 -3.79587617e-02 -3.62798217e-02 -3.56460925e-02
 -3.43854488e-02 -3.30351069e-02 -3.18885832e-02 -3.09077271e-02
 -2.92632567e-02 -2.80265694e-02 -2.73220820e-02 -2.56410682e-02
 -2.44630215e-02 -2.29195526e-02 -2.19918567e-02 -2.02502742e-02
 -1.92143750e-02 -1.77888563e-02 -1.64100230e-02 -1.49890262e-02
 -1.37464341e-02 -1.26246630e-02 -1.10205244e-02 -9.34382630e-03
 -8.22142606e-03 -7.03632354e-03 -5.64572553e-03 -4.06501347e-03
 -3.14372276e-03 -1.50128263e-03 -5.02625533e-04  1.00081675e-03
  2.30799068e-03  3.79350168e-03  4.97574786e-03  6.16210715e-03
  7.80612404e-03  8.82796127e-03  1.01688211e-02  1.15788798e-02
  1.28750087e-02  1.41977507e-02  1.53378626e-02  1.64919469e-02
  1.79574151e-02  1.92824091e-02  2.01659970e-02  2.15286756e-02
  2.26381854e-02  2.36344565e-02  2.47817658e-02  2.61816928e-02
  2.71850901e-02  2.81147796e-02  2.90915646e-02  3.05103543e-02
  3.14878944e-02  3.24604875e-02  3.35616217e-02  3.44915232e-02
  3.55489642e-02  3.65348351e-02  3.75188691e-02  3.84100221e-02
  3.91653402e-02  4.01867937e-02  4.09965416e-02  4.16873617e-02
  4.26201891e-02  4.33690296e-02  4.40854083e-02  4.46281988e-02
  4.55549113e-02  4.62306632e-02  4.68813524e-02  4.74147998e-02
  4.81735347e-02  4.87327580e-02  4.92428204e-02  4.98990626e-02
  5.04048117e-02  5.07247167e-02  5.13287568e-02  5.17982874e-02
  5.22206536e-02  5.25315288e-02  5.29707993e-02  5.32590627e-02
  5.35069315e-02  5.39492319e-02  5.41006634e-02  5.42553286e-02
  5.44969444e-02  5.46816924e-02  5.49598867e-02  5.48652798e-02
  5.50877841e-02  5.51478263e-02  5.52503553e-02  5.51869879e-02
  5.52717057e-02  5.52956064e-02  5.51427619e-02  5.51122217e-02
  5.50273282e-02  5.49848125e-02  5.46979341e-02  5.46298631e-02
  5.44427862e-02  5.41119542e-02  5.39764240e-02  5.36790103e-02
  5.34730937e-02  5.30110451e-02  5.27906809e-02  5.23856417e-02
  5.20617913e-02  5.15999012e-02  5.12848305e-02  5.07778951e-02
  5.03276452e-02  4.98570730e-02  4.93756611e-02  4.89512595e-02
  4.83167686e-02  4.77945973e-02  4.72882227e-02  4.66391721e-02
  4.60136103e-02  4.55000316e-02  4.48579298e-02  4.40359766e-02
  4.35368788e-02  4.27975074e-02  4.20914410e-02  4.13385644e-02
  4.07291627e-02  3.99340059e-02  3.91084190e-02  3.84978556e-02
  3.76634159e-02  3.68364040e-02  3.60693746e-02  3.52986351e-02
  3.44896429e-02  3.35708689e-02  3.28473508e-02  3.19697107e-02
  3.10922364e-02  3.02110895e-02  2.94241177e-02  2.85010858e-02
  2.75950175e-02  2.67888978e-02  2.58776378e-02  2.49175772e-02
  2.40560524e-02  2.32114119e-02  2.22451130e-02  2.13029748e-02
  2.04344331e-02  1.95558705e-02  1.85661412e-02  1.76491299e-02
  1.67998656e-02  1.58314525e-02  1.48704447e-02  1.40005614e-02
  1.31363138e-02  1.21111539e-02  1.12093845e-02  1.03836730e-02
  9.41335388e-03  8.52144058e-03  7.63430401e-03  6.76755612e-03
  5.81469474e-03  4.93520291e-03  4.10490748e-03  3.16429590e-03
  2.27093234e-03  1.41380412e-03  5.63527692e-04 -3.55854773e-04
 -1.18881241e-03 -1.98506671e-03 -2.85302480e-03 -3.72858795e-03
 -4.51132658e-03 -5.24238025e-03 -6.11938229e-03 -6.89856007e-03
 -7.65720854e-03 -8.42190397e-03 -9.21915584e-03 -9.94422722e-03
 -1.06758027e-02 -1.14273964e-02 -1.21733345e-02 -1.28476637e-02
 -1.35461434e-02 -1.42826639e-02 -1.49406362e-02 -1.55780795e-02
 -1.62785007e-02 -1.69123512e-02 -1.74989389e-02 -1.81273848e-02
 -1.87608617e-02 -1.93366331e-02 -1.98619080e-02 -2.04539381e-02
 -2.10387971e-02 -2.14892208e-02 -2.20466726e-02 -2.25849774e-02
 -2.30699776e-02 -2.34810903e-02 -2.39986803e-02 -2.44845346e-02
 -2.48952891e-02 -2.53148494e-02 -2.57545043e-02 -2.61342487e-02
 -2.65136834e-02 -2.69148538e-02 -2.72765403e-02 -2.75573080e-02
 -2.78982461e-02 -2.82655623e-02 -2.85226396e-02 -2.87892107e-02
 -2.91026872e-02 -2.93436082e-02 -2.95491283e-02 -2.97582643e-02
 -3.00673312e-02 -3.02024534e-02 -3.03538696e-02 -3.05867471e-02
 -3.07366387e-02 -3.08513310e-02 -3.10011076e-02 -3.11808061e-02
 -3.12054261e-02 -3.13081379e-02 -3.14201305e-02 -3.14901797e-02
 -3.15295132e-02 -3.15673329e-02 -3.16159355e-02 -3.15868730e-02
 -3.16071099e-02 -3.16168555e-02 -3.16030142e-02 -3.14929124e-02
 -3.15007765e-02 -3.14366744e-02 -3.13877681e-02 -3.12740529e-02
 -3.11942170e-02 -3.11319631e-02 -3.09734073e-02 -3.08634645e-02
 -3.07505506e-02 -3.06353749e-02 -3.04310012e-02 -3.02998617e-02
 -3.01470248e-02 -2.99509918e-02 -2.97599424e-02 -2.95717760e-02
 -2.93661101e-02 -2.91067951e-02 -2.89163189e-02 -2.86827046e-02
 -2.84261062e-02 -2.81583482e-02 -2.79343320e-02 -2.76372319e-02
 -2.73724784e-02 -2.71250101e-02 -2.68146749e-02 -2.65304765e-02
 -2.62269668e-02 -2.59508534e-02 -2.56529631e-02 -2.53098835e-02
 -2.49951348e-02 -2.46829057e-02 -2.43525748e-02 -2.39873641e-02
 -2.36795975e-02 -2.33138358e-02 -2.29498986e-02 -2.25945445e-02
 -2.22686056e-02 -2.18658970e-02 -2.15086571e-02 -2.11630691e-02
 -2.07789679e-02 -2.03692595e-02 -2.00248653e-02 -1.96943676e-02
 -1.92368897e-02 -1.88791118e-02 -1.85116734e-02 -1.81046362e-02
 -1.77063775e-02 -1.73351894e-02 -1.69628149e-02 -1.65257576e-02
 -1.61299329e-02 -1.57515226e-02 -1.53632959e-02 -1.49355394e-02
 -1.45412482e-02 -1.41458326e-02 -1.37423031e-02 -1.33487493e-02
 -1.29568258e-02 -1.25665045e-02 -1.21413533e-02 -1.17550894e-02
 -1.13682586e-02 -1.09769279e-02 -1.05579277e-02 -1.02055870e-02
 -9.79437859e-03 -9.38052866e-03 -9.02115107e-03 -8.64508723e-03
 -8.24025800e-03 -7.84492185e-03 -7.47322986e-03 -7.08408864e-03
 -6.70349288e-03 -6.33803240e-03 -5.96030978e-03 -5.57673134e-03
 -5.20878369e-03 -4.85998125e-03 -4.47807363e-03 -4.12966142e-03
 -3.77026761e-03 -3.40532057e-03 -3.05223531e-03 -2.72937985e-03
 -2.37671140e-03 -2.03458680e-03 -1.68086401e-03 -1.35817461e-03
 -1.01871172e-03 -7.07148953e-04 -3.51515302e-04 -4.36103897e-05
  2.82037551e-04  5.97284687e-04  9.18164061e-04  1.20356536e-03
  1.52325618e-03  1.83880848e-03  2.13404099e-03  2.40267802e-03
  2.70157775e-03  2.99655816e-03  3.27231738e-03  3.56525432e-03
  3.83589676e-03  4.08108646e-03  4.36797025e-03  4.62311743e-03
  4.90299202e-03  5.13872922e-03  5.40387472e-03  5.63775275e-03
  5.88907563e-03  6.12493742e-03  6.38739245e-03  6.61090801e-03
  6.81824825e-03  7.06229248e-03  7.28293563e-03  7.50928596e-03
  7.70946061e-03  7.93159462e-03  8.13080636e-03  8.32488898e-03
  8.53507424e-03  8.73856728e-03  8.92390956e-03  9.09244265e-03
  9.29441475e-03  9.46145987e-03  9.65419190e-03  9.82689139e-03
  1.00047308e-02  1.01541993e-02  1.03148407e-02  1.04966269e-02
  1.06467771e-02  1.07984777e-02  1.09445844e-02  1.11022121e-02
  1.12306386e-02  1.13838169e-02  1.15211039e-02  1.16634244e-02
  1.17734384e-02  1.18979271e-02  1.20367788e-02  1.21576772e-02
  1.22826499e-02  1.23758840e-02  1.24990244e-02  1.26101899e-02
  1.27137929e-02  1.28380032e-02  1.29211978e-02  1.30291195e-02
  1.31036402e-02  1.32245844e-02  1.33091965e-02  1.34111160e-02
  1.34690373e-02  1.35640870e-02  1.36381731e-02  1.37284357e-02
  1.38061399e-02  1.38649379e-02  1.39311382e-02  1.40064668e-02
  1.40744594e-02  1.41420317e-02  1.42063848e-02  1.42591870e-02
  1.43101108e-02  1.43681689e-02  1.44275079e-02  1.44912236e-02
  1.45243221e-02  1.45824319e-02  1.46053978e-02  1.46677857e-02
  1.47106511e-02  1.47546500e-02  1.47755575e-02  1.48037770e-02
  1.48370574e-02  1.48820557e-02  1.49108678e-02  1.49356971e-02
  1.49545404e-02  1.49695442e-02  1.49976210e-02  1.50365672e-02
  1.50496630e-02  1.50562732e-02  1.50521396e-02  1.50924720e-02
  1.51063473e-02  1.51135926e-02  1.51136110e-02  1.51177579e-02
  1.51201320e-02  1.51204915e-02  1.51327126e-02  1.51368525e-02
  1.51126937e-02  1.51079544e-02  1.51099534e-02  1.51083485e-02
  1.50976626e-02  1.50896542e-02  1.50614313e-02  1.50507106e-02
  1.50365428e-02  1.50262701e-02  1.50095244e-02  1.49716003e-02
  1.49548082e-02  1.49239959e-02  1.49121968e-02  1.48794733e-02
  1.48569261e-02  1.48012295e-02  1.47723164e-02  1.47384896e-02
  1.47201415e-02  1.46674347e-02  1.46120767e-02  1.45804718e-02
  1.45250800e-02  1.44896381e-02  1.44381728e-02  1.43835692e-02
  1.43289261e-02  1.42578273e-02  1.42170319e-02  1.41495452e-02
  1.40996334e-02  1.40243479e-02  1.39647980e-02  1.38760192e-02
  1.38294258e-02  1.37503831e-02  1.36768780e-02  1.35807580e-02
  1.35059157e-02  1.34258347e-02  1.33323346e-02  1.32582985e-02
  1.31598766e-02  1.30583550e-02  1.29492820e-02  1.28719695e-02
  1.27815564e-02  1.26612216e-02  1.25548297e-02  1.24323574e-02
  1.23558307e-02  1.22143282e-02  1.21256531e-02  1.19786065e-02
  1.18649321e-02  1.17292215e-02  1.16127091e-02  1.14755437e-02
  1.13366229e-02  1.11886649e-02  1.10501094e-02  1.09056149e-02
  1.07563936e-02  1.06203841e-02  1.04590826e-02  1.02837918e-02
  1.01283257e-02  9.97725551e-03  9.81561767e-03  9.61814356e-03
  9.47396696e-03  9.27738697e-03  9.08816343e-03  8.91772720e-03
  8.74825439e-03  8.53148274e-03  8.32283586e-03  8.12886992e-03
  7.93546872e-03  7.73014540e-03  7.50945910e-03  7.30142711e-03
  7.06033147e-03  6.85358858e-03  6.63650420e-03  6.41348251e-03
  6.16498546e-03  5.91666366e-03  5.70284481e-03  5.45047794e-03
  5.20267160e-03  4.96158207e-03  4.72165500e-03  4.42113018e-03
  4.17046630e-03  3.94011644e-03  3.64558678e-03  3.35955117e-03
  3.08962434e-03  2.82353116e-03  2.51317879e-03  2.23722282e-03
  1.96081540e-03  1.64490267e-03  1.33035716e-03  1.06436459e-03
  7.42372817e-04  4.32260882e-04  1.27159132e-04 -1.83265185e-04
 -5.25199078e-04 -8.25108885e-04 -1.14112880e-03 -1.47847019e-03
 -1.83407099e-03 -2.15476965e-03 -2.48157862e-03 -2.83170092e-03
 -3.19111263e-03 -3.52268041e-03 -3.87639603e-03 -4.24745013e-03
 -4.60653595e-03 -4.93109017e-03 -5.31660758e-03 -5.69142526e-03
 -6.04466508e-03 -6.39522911e-03 -6.80652104e-03 -7.14092404e-03
 -7.51505660e-03 -7.90115469e-03 -8.31461570e-03 -8.62910727e-03
 -9.03064128e-03 -9.44380873e-03 -9.79601153e-03 -1.01840069e-02
 -1.05834457e-02 -1.09879014e-02 -1.13395228e-02 -1.17297193e-02
 -1.21555542e-02 -1.25492536e-02 -1.29147896e-02 -1.33063334e-02
 -1.37203990e-02 -1.40991130e-02 -1.44910356e-02 -1.48704802e-02
 -1.53048625e-02 -1.56372632e-02 -1.60286775e-02 -1.64417769e-02
 -1.68382707e-02 -1.71817212e-02 -1.75961764e-02 -1.79940620e-02
 -1.83162216e-02 -1.87406000e-02 -1.91407785e-02 -1.94932035e-02
 -1.98345614e-02 -2.02418072e-02 -2.06292825e-02 -2.09466313e-02
 -2.13470797e-02 -2.17194523e-02 -2.20462495e-02 -2.23713864e-02
 -2.27694319e-02 -2.30926773e-02 -2.34233213e-02 -2.37541379e-02
 -2.40969806e-02 -2.44131917e-02 -2.47130266e-02 -2.50763557e-02
 -2.53505643e-02 -2.56364453e-02 -2.59333074e-02 -2.62849544e-02
 -2.65192039e-02 -2.67928677e-02 -2.71171182e-02 -2.73656616e-02
 -2.75908448e-02 -2.78787107e-02 -2.81662927e-02 -2.83375253e-02
 -2.85353932e-02 -2.88045173e-02 -2.90419473e-02 -2.91699359e-02
 -2.93955596e-02 -2.96122275e-02 -2.97240259e-02 -2.99137051e-02
 -3.00895577e-02 -3.02530794e-02 -3.03289712e-02 -3.05048606e-02
 -3.06404158e-02 -3.07312327e-02 -3.08424164e-02 -3.09508343e-02
 -3.10411518e-02 -3.10371631e-02 -3.11456391e-02 -3.12144811e-02
 -3.12189728e-02 -3.12108222e-02 -3.12342583e-02 -3.12406857e-02
 -3.11917134e-02 -3.11630306e-02 -3.11698875e-02 -3.10992780e-02
 -3.09572640e-02 -3.09693466e-02 -3.08654448e-02 -3.07655845e-02
 -3.06182469e-02 -3.05321672e-02 -3.03706835e-02 -3.02045981e-02
 -3.00900765e-02 -2.98910546e-02 -2.96614886e-02 -2.94515978e-02
 -2.92840008e-02 -2.90036472e-02 -2.87155794e-02 -2.85212159e-02
 -2.82289610e-02 -2.78819716e-02 -2.75911187e-02 -2.73309787e-02
 -2.69693351e-02 -2.65748004e-02 -2.62325214e-02 -2.59050894e-02
 -2.54452828e-02 -2.50527611e-02 -2.47024579e-02 -2.42376320e-02
 -2.37535706e-02 -2.33581358e-02 -2.28907991e-02 -2.23678061e-02
 -2.18624314e-02 -2.14038374e-02 -2.08276015e-02 -2.02892577e-02
 -1.97579412e-02 -1.92202382e-02 -1.85512812e-02 -1.79983014e-02
 -1.74568379e-02 -1.67904460e-02 -1.60903996e-02 -1.55315930e-02
 -1.48986814e-02 -1.41771370e-02 -1.34863064e-02 -1.28923989e-02
 -1.21624746e-02 -1.13859974e-02 -1.07401898e-02 -1.00318922e-02
 -9.20054147e-03 -8.51100562e-03 -7.77557443e-03 -6.95695034e-03
 -6.15294704e-03 -5.43098680e-03 -4.62588098e-03 -3.76793225e-03
 -2.95438850e-03 -2.17233942e-03 -1.30255263e-03 -4.47372233e-04
  3.83193727e-04  1.18938095e-03  2.15088626e-03  2.94197739e-03
  3.79953209e-03  4.65956275e-03  5.60031663e-03  6.46625547e-03
  7.28918523e-03  8.22177563e-03  9.13621382e-03  9.98808961e-03
  1.09084784e-02  1.18290272e-02  1.27404491e-02  1.35929260e-02
  1.45693497e-02  1.54861239e-02  1.63613930e-02  1.72933908e-02
  1.82283660e-02  1.91111038e-02  1.99906576e-02  2.09238565e-02
  2.18519425e-02  2.26720344e-02  2.35913703e-02  2.44745703e-02
  2.53673227e-02  2.62138928e-02  2.70970033e-02  2.80130563e-02
  2.88559088e-02  2.96535417e-02  3.05935347e-02  3.14517610e-02
  3.22173896e-02  3.30687755e-02  3.39698948e-02  3.46789289e-02
  3.54362186e-02  3.63953767e-02  3.70961613e-02  3.78126262e-02
  3.85599060e-02  3.94324351e-02  4.00364736e-02  4.07639096e-02
  4.15938645e-02  4.21789683e-02  4.28262029e-02  4.35711268e-02
  4.42590772e-02  4.48101743e-02  4.53981556e-02  4.60355067e-02
  4.65768197e-02  4.72026093e-02  4.76798965e-02  4.83352137e-02
  4.87528980e-02  4.92737560e-02  4.97989756e-02  5.02605956e-02
  5.06662106e-02  5.10581700e-02  5.15862545e-02  5.18933795e-02]
