Frame: 86
temp_s_est shape: (1024,)
temp_s_est dtype: float64
temp_s_est:
[-3.21180466e-02 -3.25295915e-02 -3.28969988e-02 -3.32690966e-02
 -3.37096179e-02 -3.39234321e-02 -3.44805832e-02 -3.47237980e-02
 -3.50263075e-02 -3.52415184e-02 -3.54711127e-02 -3.56709447e-02
 -3.60618455e-02 -3.62090936e-02 -3.63507066e-02 -3.65956937e-02
 -3.67971133e-02 -3.70661018e-02 -3.72043273e-02 -3.73450475e-02
 -3.74300833e-02 -3.74147551e-02 -3.76315839e-02 -3.76189912e-02
 -3.77135795e-02 -3.79468820e-02 -3.79090989e-02 -3.78959660e-02
 -3.79150577e-02 -3.76825453e-02 -3.77456452e-02 -3.77577939e-02
 -3.77084956e-02 -3.76665526e-02 -3.74661925e-02 -3.71542015e-02
 -3.70832883e-02 -3.69935838e-02 -3.69021452e-02 -3.68165815e-02
 -3.64494537e-02 -3.61893341e-02 -3.58406916e-02 -3.55824396e-02
 -3.54519860e-02 -3.48975567e-02 -3.45011654e-02 -3.43009730e-02
 -3.38173011e-02 -3.36491011e-02 -3.31332774e-02 -3.26295790e-02
 -3.22488597e-02 -3.17638511e-02 -3.14112267e-02 -3.10075651e-02
 -3.03606652e-02 -2.99573039e-02 -2.93112636e-02 -2.86666534e-02
 -2.86487081e-02 -2.79179936e-02 -2.71722285e-02 -2.66837861e-02
 -2.56973492e-02 -2.51424866e-02 -2.46421193e-02 -2.37425864e-02
 -2.30639654e-02 -2.25828035e-02 -2.16418447e-02 -2.08234100e-02
 -1.96964044e-02 -1.94399326e-02 -1.87046194e-02 -1.80692160e-02
 -1.72301919e-02 -1.63513711e-02 -1.51205475e-02 -1.45108466e-02
 -1.37147937e-02 -1.27988165e-02 -1.25396742e-02 -1.10652785e-02
 -1.03731745e-02 -9.33512024e-03 -8.78910856e-03 -8.09585463e-03
 -6.65262242e-03 -5.31952110e-03 -4.80863263e-03 -3.88589170e-03
 -3.28210986e-03 -2.53971581e-03 -1.37515226e-03 -5.07767193e-04
  8.34044639e-05  1.12131539e-03  2.27021232e-03  3.46128255e-03
  4.26611832e-03  5.52936313e-03  6.35096215e-03  6.95110021e-03
  7.71974943e-03  9.06280714e-03  9.71274731e-03  1.10785754e-02
  1.23939370e-02  1.31585773e-02  1.40651156e-02  1.48594281e-02
  1.55965491e-02  1.62375993e-02  1.73399612e-02  1.88083680e-02
  1.92166078e-02  1.98383302e-02  2.08684008e-02  2.17132124e-02
  2.26740866e-02  2.42749841e-02  2.45644428e-02  2.47890920e-02
  2.62919260e-02  2.71491399e-02  2.79833168e-02  2.85647731e-02
  2.98905920e-02  3.01753271e-02  3.10082130e-02  3.21334954e-02
  3.25806628e-02  3.32026980e-02  3.45724971e-02  3.50513322e-02
  3.53083779e-02  3.66039408e-02  3.70780020e-02  3.74944754e-02
  3.75408964e-02  3.86975974e-02  3.93139375e-02  4.00995366e-02
  4.09088940e-02  4.10426720e-02  4.15030261e-02  4.18176919e-02
  4.26810850e-02  4.22172105e-02  4.32330966e-02  4.37899472e-02
  4.39387930e-02  4.40201203e-02  4.45192247e-02  4.53144394e-02
  4.49981609e-02  4.56383101e-02  4.61126014e-02  4.58694940e-02
  4.60096819e-02  4.66879282e-02  4.62617481e-02  4.66396789e-02
  4.79435282e-02  4.72985205e-02  4.70275679e-02  4.73935426e-02
  4.76200163e-02  4.76353177e-02  4.74040073e-02  4.76741138e-02
  4.66502791e-02  4.68638609e-02  4.73607000e-02  4.71851314e-02
  4.64116046e-02  4.69361164e-02  4.65134596e-02  4.62021009e-02
  4.66045093e-02  4.62056122e-02  4.53383727e-02  4.48309367e-02
  4.50469799e-02  4.45356742e-02  4.41473258e-02  4.44343828e-02
  4.38116044e-02  4.30253304e-02  4.25795623e-02  4.26897606e-02
  4.08879656e-02  4.14858639e-02  4.10622396e-02  4.01604920e-02
  3.99215319e-02  3.91915905e-02  3.85430249e-02  3.79707047e-02
  3.82801569e-02  3.71316200e-02  3.60715242e-02  3.49857434e-02
  3.47719054e-02  3.36810876e-02  3.33283089e-02  3.26718264e-02
  3.13247212e-02  3.07590865e-02  2.98872789e-02  2.92109995e-02
  2.82651853e-02  2.76849785e-02  2.68183655e-02  2.58324318e-02
  2.49689646e-02  2.43296009e-02  2.34954694e-02  2.20960625e-02
  2.17633855e-02  2.07907959e-02  1.98360588e-02  1.90649098e-02
  1.81165549e-02  1.69394418e-02  1.60293468e-02  1.49021103e-02
  1.37397956e-02  1.32219806e-02  1.21816037e-02  1.14179329e-02
  1.01223806e-02  9.20716884e-03  8.56712681e-03  7.28417814e-03
  6.69853397e-03  5.38246955e-03  4.52840629e-03  3.38990281e-03
  2.36411556e-03  1.53871419e-03  5.53528571e-04 -1.92482095e-04
 -1.25012135e-03 -2.37340480e-03 -3.61009597e-03 -4.21139303e-03
 -5.41905115e-03 -6.23774622e-03 -7.02971592e-03 -8.06152703e-03
 -9.09504113e-03 -9.79232807e-03 -1.06107768e-02 -1.16146080e-02
 -1.22998163e-02 -1.34212360e-02 -1.42474965e-02 -1.50632358e-02
 -1.58289071e-02 -1.67427211e-02 -1.78683443e-02 -1.85067884e-02
 -1.95719516e-02 -1.99940189e-02 -2.08757796e-02 -2.16649132e-02
 -2.26471126e-02 -2.32930732e-02 -2.41529601e-02 -2.47439128e-02
 -2.53766259e-02 -2.62067269e-02 -2.66003009e-02 -2.75002248e-02
 -2.81137878e-02 -2.87824124e-02 -2.92799994e-02 -2.97344058e-02
 -3.03848256e-02 -3.09881505e-02 -3.17503876e-02 -3.22856729e-02
 -3.26361389e-02 -3.30741078e-02 -3.35141090e-02 -3.39655019e-02
 -3.44596022e-02 -3.50112390e-02 -3.52842779e-02 -3.56353619e-02
 -3.59182065e-02 -3.63559694e-02 -3.67115004e-02 -3.70648897e-02
 -3.72258852e-02 -3.75423180e-02 -3.77532810e-02 -3.80470717e-02
 -3.82865298e-02 -3.83243413e-02 -3.86979561e-02 -3.87797991e-02
 -3.88978377e-02 -3.90833297e-02 -3.91543791e-02 -3.92541627e-02
 -3.92260771e-02 -3.92550430e-02 -3.92050097e-02 -3.92588785e-02
 -3.92859465e-02 -3.93182893e-02 -3.91600245e-02 -3.91059013e-02
 -3.90120475e-02 -3.88443961e-02 -3.88693469e-02 -3.86887137e-02
 -3.85715017e-02 -3.83227664e-02 -3.80730276e-02 -3.79214652e-02
 -3.77922912e-02 -3.75084690e-02 -3.73068205e-02 -3.70025049e-02
 -3.65872108e-02 -3.63391323e-02 -3.60287585e-02 -3.56977656e-02
 -3.53820625e-02 -3.50596401e-02 -3.45875936e-02 -3.42780294e-02
 -3.39016941e-02 -3.34750466e-02 -3.30600703e-02 -3.26096089e-02
 -3.22322136e-02 -3.16424261e-02 -3.13136683e-02 -3.07644172e-02
 -3.02005973e-02 -2.97521122e-02 -2.92081985e-02 -2.86422406e-02
 -2.81604807e-02 -2.76215178e-02 -2.70233954e-02 -2.64554036e-02
 -2.58657845e-02 -2.53447697e-02 -2.47447639e-02 -2.41932207e-02
 -2.36318008e-02 -2.29603137e-02 -2.23486612e-02 -2.17885128e-02
 -2.11509598e-02 -2.05318069e-02 -1.99638396e-02 -1.92256099e-02
 -1.85549705e-02 -1.79419329e-02 -1.72524241e-02 -1.66395162e-02
 -1.60010530e-02 -1.53797406e-02 -1.46204833e-02 -1.40035925e-02
 -1.33790460e-02 -1.27033841e-02 -1.20392430e-02 -1.14357674e-02
 -1.07230025e-02 -1.00443264e-02 -9.48545411e-03 -8.72979974e-03
 -8.12769808e-03 -7.46937161e-03 -6.81190682e-03 -6.12812931e-03
 -5.47753718e-03 -4.85860541e-03 -4.17849325e-03 -3.52415435e-03
 -2.90692135e-03 -2.27757335e-03 -1.61558510e-03 -1.03068339e-03
 -4.43924738e-04  2.30158343e-04  7.86221578e-04  1.38506026e-03
  1.98914203e-03  2.59902142e-03  3.12835888e-03  3.74967244e-03
  4.32335310e-03  4.88885285e-03  5.39833782e-03  5.99417759e-03
  6.52918636e-03  7.00693506e-03  7.63330076e-03  8.11841146e-03
  8.63281601e-03  9.15096754e-03  9.66820513e-03  1.01232864e-02
  1.06130622e-02  1.10936782e-02  1.15211241e-02  1.19862941e-02
  1.24370667e-02  1.28842823e-02  1.32660152e-02  1.37081215e-02
  1.41275998e-02  1.44849576e-02  1.48937756e-02  1.52822645e-02
  1.56192538e-02  1.59743198e-02  1.63634583e-02  1.66619521e-02
  1.69813229e-02  1.73326676e-02  1.76444912e-02  1.79243441e-02
  1.82036345e-02  1.84945630e-02  1.87477277e-02  1.90131403e-02
  1.92886338e-02  1.94897337e-02  1.96918958e-02  1.99291872e-02
  2.01265683e-02  2.02986381e-02  2.05447009e-02  2.07052698e-02
  2.08606605e-02  2.10231913e-02  2.11734755e-02  2.13012970e-02
  2.14279380e-02  2.15522406e-02  2.16350097e-02  2.17524331e-02
  2.18424474e-02  2.19282980e-02  2.19656228e-02  2.20390873e-02
  2.21068506e-02  2.21219326e-02  2.21526103e-02  2.21627895e-02
  2.21561296e-02  2.21775282e-02  2.21842976e-02  2.21578078e-02
  2.21452537e-02  2.21150119e-02  2.20774086e-02  2.20378205e-02
  2.19738455e-02  2.19211226e-02  2.18480317e-02  2.17710338e-02
  2.17029212e-02  2.15955102e-02  2.14756687e-02  2.13923357e-02
  2.12633273e-02  2.11616425e-02  2.10430630e-02  2.09005370e-02
  2.07412012e-02  2.06056760e-02  2.04329330e-02  2.02857662e-02
  2.01191167e-02  1.99397504e-02  1.97706817e-02  1.95806844e-02
  1.94169339e-02  1.92297505e-02  1.90179162e-02  1.88140493e-02
  1.86085462e-02  1.83802775e-02  1.81847368e-02  1.79488759e-02
  1.77234508e-02  1.75169555e-02  1.72846832e-02  1.70582885e-02
  1.68126499e-02  1.65693722e-02  1.63450934e-02  1.60677009e-02
  1.58271548e-02  1.55685574e-02  1.53118873e-02  1.50602901e-02
  1.48222537e-02  1.45347686e-02  1.42633463e-02  1.40123774e-02
  1.37219320e-02  1.34666619e-02  1.31948323e-02  1.29214535e-02
  1.26358812e-02  1.23646764e-02  1.20873271e-02  1.17924630e-02
  1.15235546e-02  1.12639207e-02  1.09722472e-02  1.06727193e-02
  1.04214406e-02  1.01162734e-02  9.83124684e-03  9.56958477e-03
  9.26306045e-03  8.98768691e-03  8.70234765e-03  8.45144146e-03
  8.13589706e-03  7.87966159e-03  7.60839177e-03  7.32637241e-03
  7.03184551e-03  6.77097310e-03  6.50125337e-03  6.19299741e-03
  5.94177158e-03  5.65012950e-03  5.39914397e-03  5.13639584e-03
  4.88652605e-03  4.58109660e-03  4.31498309e-03  4.07783638e-03
  3.80318029e-03  3.54438549e-03  3.27942626e-03  3.04559347e-03
  2.77632141e-03  2.53885792e-03  2.28302778e-03  2.02447887e-03
  1.80705414e-03  1.56236450e-03  1.32499274e-03  1.06651670e-03
  8.46792974e-04  6.16471028e-04  3.85541523e-04  1.63257280e-04
 -5.86367241e-05 -2.83657773e-04 -5.10542664e-04 -6.99054027e-04
 -9.27207506e-04 -1.12381235e-03 -1.35022926e-03 -1.55296901e-03
 -1.75744672e-03 -1.95787868e-03 -2.12265085e-03 -2.35311451e-03
 -2.52663058e-03 -2.71747250e-03 -2.88482282e-03 -3.07891639e-03
 -3.23779527e-03 -3.42693567e-03 -3.61910752e-03 -3.77250992e-03
 -3.95416736e-03 -4.10978227e-03 -4.27515481e-03 -4.40865072e-03
 -4.56985873e-03 -4.73421994e-03 -4.88449243e-03 -5.03717306e-03
 -5.17162683e-03 -5.31285811e-03 -5.43411044e-03 -5.60510201e-03
 -5.71708433e-03 -5.84948711e-03 -5.96990257e-03 -6.08684701e-03
 -6.22301496e-03 -6.32686664e-03 -6.46938038e-03 -6.55994703e-03
 -6.68297833e-03 -6.78055286e-03 -6.90283054e-03 -6.98394840e-03
 -7.10980218e-03 -7.19189583e-03 -7.27908030e-03 -7.39073937e-03
 -7.47186533e-03 -7.56325323e-03 -7.65516214e-03 -7.73673923e-03
 -7.81297829e-03 -7.88872502e-03 -7.98057989e-03 -8.04753567e-03
 -8.13858261e-03 -8.18985107e-03 -8.25627625e-03 -8.30589012e-03
 -8.37673866e-03 -8.44576635e-03 -8.49899031e-03 -8.57877676e-03
 -8.61164471e-03 -8.67563784e-03 -8.71465364e-03 -8.77473994e-03
 -8.82004883e-03 -8.88161309e-03 -8.90610003e-03 -8.95037950e-03
 -8.99349393e-03 -9.03015015e-03 -9.09311064e-03 -9.11411087e-03
 -9.16108257e-03 -9.18287696e-03 -9.20855462e-03 -9.24174867e-03
 -9.27251762e-03 -9.30552985e-03 -9.32307826e-03 -9.35412485e-03
 -9.36576562e-03 -9.41629559e-03 -9.43225499e-03 -9.45716097e-03
 -9.46177823e-03 -9.47617030e-03 -9.50444103e-03 -9.51900806e-03
 -9.54453770e-03 -9.55008794e-03 -9.56333478e-03 -9.57162385e-03
 -9.58688945e-03 -9.58864749e-03 -9.61039233e-03 -9.62983332e-03
 -9.61859809e-03 -9.63750333e-03 -9.61473584e-03 -9.63327260e-03
 -9.64137594e-03 -9.65375363e-03 -9.65465261e-03 -9.65868823e-03
 -9.64288300e-03 -9.65522387e-03 -9.66069273e-03 -9.66191039e-03
 -9.67186026e-03 -9.64806205e-03 -9.64268163e-03 -9.63490556e-03
 -9.64061204e-03 -9.63362956e-03 -9.62587941e-03 -9.61784204e-03
 -9.61215847e-03 -9.59606138e-03 -9.59498341e-03 -9.57981691e-03
 -9.56511786e-03 -9.55005611e-03 -9.54354026e-03 -9.51241617e-03
 -9.53187458e-03 -9.50242003e-03 -9.49276102e-03 -9.46620388e-03
 -9.45031014e-03 -9.42360302e-03 -9.42132055e-03 -9.39072821e-03
 -9.37766205e-03 -9.35048295e-03 -9.31326993e-03 -9.29620095e-03
 -9.26677912e-03 -9.26418558e-03 -9.23577994e-03 -9.20299981e-03
 -9.16567066e-03 -9.14286837e-03 -9.11295922e-03 -9.09141605e-03
 -9.05733293e-03 -9.01609310e-03 -8.98685799e-03 -8.93837058e-03
 -8.90996414e-03 -8.87499229e-03 -8.84341158e-03 -8.81221772e-03
 -8.75383209e-03 -8.71001811e-03 -8.65787757e-03 -8.62279788e-03
 -8.56557063e-03 -8.52277113e-03 -8.45474288e-03 -8.41987534e-03
 -8.37591767e-03 -8.31800899e-03 -8.26181834e-03 -8.19880618e-03
 -8.13621011e-03 -8.06739870e-03 -8.01557166e-03 -7.93991096e-03
 -7.88539158e-03 -7.82833331e-03 -7.75337474e-03 -7.66664608e-03
 -7.59795118e-03 -7.53624615e-03 -7.44659306e-03 -7.37759077e-03
 -7.27767598e-03 -7.18638947e-03 -7.10195357e-03 -7.02314333e-03
 -6.93894720e-03 -6.83938576e-03 -6.75337476e-03 -6.64536594e-03
 -6.53343350e-03 -6.44036058e-03 -6.35009321e-03 -6.24143115e-03
 -6.11893990e-03 -6.00910134e-03 -5.88195451e-03 -5.78836775e-03
 -5.64961276e-03 -5.54138333e-03 -5.40134059e-03 -5.28820136e-03
 -5.18011304e-03 -5.02106752e-03 -4.88940492e-03 -4.75000174e-03
 -4.62607303e-03 -4.45305392e-03 -4.34019786e-03 -4.16556890e-03
 -4.04150071e-03 -3.89261902e-03 -3.73091732e-03 -3.56613862e-03
 -3.39581911e-03 -3.25112148e-03 -3.07696675e-03 -2.90201387e-03
 -2.73608229e-03 -2.57292709e-03 -2.36884209e-03 -2.21376856e-03
 -2.04555161e-03 -1.83524857e-03 -1.67508510e-03 -1.45637219e-03
 -1.26805124e-03 -1.06259630e-03 -8.76632258e-04 -6.85880151e-04
 -4.62839894e-04 -2.69944073e-04 -6.12824577e-05  1.57220283e-04
  3.74972979e-04  5.44189582e-04  8.09196866e-04  1.00986845e-03
  1.21917678e-03  1.46454167e-03  1.67975689e-03  1.90627769e-03
  2.14731227e-03  2.38928893e-03  2.60322545e-03  2.84151119e-03
  3.07403298e-03  3.31793492e-03  3.56260389e-03  3.81553926e-03
  4.09317571e-03  4.29843368e-03  4.56998854e-03  4.82213540e-03
  5.06468072e-03  5.32135357e-03  5.57230232e-03  5.83262010e-03
  6.09126893e-03  6.36990866e-03  6.60660696e-03  6.89191474e-03
  7.13744680e-03  7.44306192e-03  7.67543528e-03  7.91791955e-03
  8.19077736e-03  8.44487684e-03  8.73368648e-03  9.00078212e-03
  9.27670892e-03  9.50704307e-03  9.80364654e-03  1.00586493e-02
  1.03228151e-02  1.05898195e-02  1.08404263e-02  1.11197707e-02
  1.13703294e-02  1.16514614e-02  1.18986029e-02  1.21551222e-02
  1.24127817e-02  1.26890872e-02  1.29383879e-02  1.31977452e-02
  1.34659159e-02  1.36913064e-02  1.39491356e-02  1.41982359e-02
  1.44480555e-02  1.46838194e-02  1.49251473e-02  1.51706876e-02
  1.54024379e-02  1.56577402e-02  1.58717599e-02  1.60937778e-02
  1.63089831e-02  1.65543336e-02  1.67538803e-02  1.69351785e-02
  1.71697934e-02  1.73648324e-02  1.75862645e-02  1.77856630e-02
  1.79788106e-02  1.81422948e-02  1.83538226e-02  1.85203434e-02
  1.86847756e-02  1.88719699e-02  1.90255353e-02  1.92131529e-02
  1.93527611e-02  1.95264781e-02  1.96649951e-02  1.97945100e-02
  1.99433818e-02  2.00525151e-02  2.01809629e-02  2.03088172e-02
  2.04254098e-02  2.04866841e-02  2.06091504e-02  2.06810684e-02
  2.07517266e-02  2.08304836e-02  2.09151228e-02  2.09610330e-02
  2.10121646e-02  2.10640018e-02  2.10992489e-02  2.11290976e-02
  2.11529723e-02  2.11897788e-02  2.11450187e-02  2.11665827e-02
  2.11757358e-02  2.11361419e-02  2.11369691e-02  2.11305228e-02
  2.10550336e-02  2.10052962e-02  2.09346704e-02  2.08636855e-02
  2.07585403e-02  2.07007990e-02  2.06025699e-02  2.05049115e-02
  2.03897298e-02  2.03001553e-02  2.01237209e-02  1.99802293e-02
  1.98713591e-02  1.96909801e-02  1.94990076e-02  1.93481010e-02
  1.91484572e-02  1.89528087e-02  1.87592028e-02  1.85552646e-02
  1.83171417e-02  1.80683966e-02  1.78409753e-02  1.75597429e-02
  1.72529820e-02  1.70072719e-02  1.67508097e-02  1.64157692e-02
  1.61524194e-02  1.58445697e-02  1.54742130e-02  1.51720155e-02
  1.48505544e-02  1.45079144e-02  1.41571696e-02  1.38069997e-02
  1.34450339e-02  1.30142873e-02  1.26598960e-02  1.22929911e-02
  1.18317912e-02  1.14196072e-02  1.10164029e-02  1.05442669e-02
  1.01047498e-02  9.66401854e-03  9.18615296e-03  8.70246251e-03
  8.23939666e-03  7.76285535e-03  7.26058381e-03  6.74626648e-03
  6.25410898e-03  5.77245670e-03  5.20047834e-03  4.78288053e-03
  4.23108701e-03  3.65223484e-03  3.19677899e-03  2.56695504e-03
  1.99485541e-03  1.43060058e-03  8.98192984e-04  2.96748590e-04
 -2.75517339e-04 -8.31840985e-04 -1.45895778e-03 -2.07718673e-03
 -2.62211192e-03 -3.18965903e-03 -3.87295532e-03 -4.38075880e-03
 -5.05140166e-03 -5.71495460e-03 -6.25152622e-03 -6.81655171e-03
 -7.46229963e-03 -8.00791671e-03 -8.67034119e-03 -9.32891912e-03
 -9.95019471e-03 -1.05869431e-02 -1.11730676e-02 -1.18791104e-02
 -1.24807662e-02 -1.30826317e-02 -1.37451059e-02 -1.43013724e-02
 -1.49428103e-02 -1.56508197e-02 -1.62522644e-02 -1.67726823e-02
 -1.74187008e-02 -1.80065000e-02 -1.86271014e-02 -1.92553752e-02
 -1.98371475e-02 -2.04752798e-02 -2.09163056e-02 -2.15366000e-02
 -2.21082558e-02 -2.26475518e-02 -2.33415449e-02 -2.38925583e-02
 -2.43642315e-02 -2.49494968e-02 -2.54700174e-02 -2.60006505e-02
 -2.65634107e-02 -2.71275796e-02 -2.76356209e-02 -2.81083303e-02
 -2.84114770e-02 -2.89350560e-02 -2.94420858e-02 -3.00882845e-02
 -3.05486095e-02 -3.09277720e-02 -3.12540969e-02 -3.17038276e-02]
