Frame: 20
temp_s_est shape: (1024,)
temp_s_est dtype: float64
temp_s_est:
[-2.86997890e-04 -6.82478088e-05  2.04041148e-05 -1.89122198e-04
  2.77434171e-06 -2.03580492e-04 -1.70531921e-04 -3.41104147e-04
 -2.19808521e-04 -1.85913356e-04 -1.21065806e-04  4.64050787e-05
 -9.34595704e-05 -1.89959954e-04 -8.62632007e-05 -1.00945578e-04
 -1.81165396e-04  7.50683885e-05 -1.66171476e-04 -1.13217375e-04
 -3.34180460e-04 -1.35743521e-04 -2.04035204e-04 -5.91077745e-05
 -1.69036177e-04 -1.52971565e-04 -3.14352264e-05 -3.83199536e-04
 -6.12666619e-05 -1.29624279e-04 -1.15981288e-04 -1.44728744e-04
  1.38799684e-04 -1.68318057e-04 -2.19856371e-04 -6.13785845e-05
 -1.47212686e-04 -1.20503054e-04 -1.12769252e-04 -3.23253243e-05
 -3.58077360e-04 -2.93789359e-04 -2.21879531e-04  2.48472573e-05
 -1.92074383e-04 -4.02565199e-06 -2.67295028e-04 -8.47868331e-05
 -2.37713329e-04 -3.20800443e-04 -1.24492235e-04 -1.59453887e-04
 -1.96337363e-05 -1.49904644e-04 -1.90136207e-04 -4.02912941e-04
 -2.45056609e-04 -8.21327437e-05 -1.69670400e-04 -8.72573979e-05
 -1.10767049e-04 -2.52067992e-04 -1.80909248e-04 -1.60877768e-04
 -3.30769249e-05  3.01475900e-05 -1.40860217e-04 -2.42423868e-04
 -2.15950013e-04 -2.10332667e-04 -2.70632711e-04 -1.83269039e-04
 -4.80585458e-06 -7.46687942e-05 -2.04298853e-04 -1.64928987e-04
 -2.80189056e-04 -2.48989182e-04 -1.91466274e-05 -1.58533879e-04
 -2.67617307e-04 -3.49343294e-04 -2.56280861e-04 -4.10195427e-04
 -9.27032373e-05 -9.37479612e-05 -1.41811136e-04 -2.07137757e-04
 -3.68600833e-04 -3.37437713e-04 -1.86286850e-04 -1.43422753e-04
 -1.59855670e-04 -6.44350214e-06 -2.19349515e-04 -2.91426067e-04
 -2.00295596e-04 -2.41821903e-04 -2.02913413e-04 -1.56410398e-05
 -1.60698895e-04 -2.62513672e-04 -3.75766690e-04 -3.33665310e-04
 -2.04180323e-04 -1.54113111e-04 -1.41605600e-04 -3.17127573e-04
 -2.35738327e-04 -2.86259693e-04 -4.51489596e-04 -1.81685669e-04
 -6.03272869e-05 -2.63759300e-04 -2.28493986e-04 -2.04258405e-04
 -4.11445115e-04 -3.55510570e-04 -1.80992513e-04 -2.99732108e-04
 -2.52840409e-04 -2.40498247e-04 -4.08322112e-04 -3.77958288e-04
 -2.83751058e-04 -1.25201965e-04 -2.23343708e-04 -2.72272705e-04
 -4.56749224e-04 -2.71070250e-04 -4.41480959e-04 -3.67793681e-04
 -3.46262906e-04 -1.13899303e-04 -3.13265103e-04 -2.07707241e-04
 -3.54440667e-04 -3.03521104e-04 -3.74479534e-04 -1.32827731e-04
 -1.05632966e-04 -5.38195784e-04 -6.61769876e-05 -5.27257763e-04
 -4.93499231e-04 -3.07076161e-04 -4.02825695e-04 -3.43647624e-04
 -3.44776718e-04 -4.31245373e-04 -6.78049940e-04 -4.12362883e-04
 -5.18899827e-04 -3.98892253e-04 -1.67914628e-04 -3.38988768e-04
 -6.33850742e-04 -3.26937506e-04 -3.87219606e-04 -4.73709116e-04
 -2.20516237e-04 -3.36730091e-04 -1.58329025e-04 -6.52998520e-04
 -3.78369266e-04 -5.28812266e-04 -2.44853488e-04 -1.49164120e-04
 -4.28869790e-04 -3.67953655e-04 -4.97862011e-04 -6.23682528e-04
 -4.69072874e-04 -3.04880962e-04 -4.38561888e-04 -2.54572841e-04
 -2.05230912e-04 -9.06817832e-04 -5.78244675e-04 -2.13327138e-04
 -6.14220026e-04 -3.29295331e-04 -2.86641745e-04 -5.61833545e-04
 -4.61319337e-04 -4.73782302e-04 -5.95930060e-04 -3.05723687e-04
 -1.41566793e-04 -5.02777141e-04 -6.11343047e-04 -6.88809956e-04
 -5.62072810e-04 -5.48458903e-04 -4.70298420e-04 -6.01398075e-04
 -6.16153589e-04 -5.56221450e-04 -6.56007003e-04 -8.34345035e-04
 -6.00330647e-04 -5.19829022e-04 -6.41712582e-04 -7.27084155e-04
 -6.11926729e-04 -8.94173724e-04 -4.71659857e-04 -4.53631976e-04
 -6.64840086e-04 -4.06469018e-04 -5.97393747e-04 -9.88757117e-04
 -5.61077344e-04 -8.25455487e-04 -5.79521138e-04 -5.95435215e-05
 -4.40903627e-04 -1.06464194e-03 -4.64649707e-04 -7.32826337e-04
 -8.72689835e-04 -6.28001162e-04 -5.63326566e-04 -9.82213946e-04
 -8.45685215e-04 -9.20570228e-04 -1.06743331e-03 -6.03729748e-04
 -8.19584608e-04 -4.18210036e-04 -8.29858066e-04 -8.11967838e-04
 -7.26973516e-04 -9.69506681e-04 -4.99374367e-04 -6.49490312e-04
 -4.54873666e-04 -2.56475514e-04 -8.67590633e-04 -1.07447591e-03
 -4.66967809e-04 -6.95883712e-04 -9.10022821e-04 -6.56495224e-04
 -9.68061981e-04 -8.67375351e-04 -8.04025640e-04 -8.95513622e-04
 -6.67109685e-04 -3.95892652e-04 -1.13203064e-03 -6.09803585e-04
 -5.24181411e-04 -1.42874356e-03 -8.08382812e-04 -9.05877082e-04
 -9.07079631e-04 -7.69271928e-04 -8.27596030e-04 -1.24687304e-03
 -1.19422557e-03 -7.98367924e-04 -6.06577621e-04 -7.80677152e-04
 -7.51695583e-04 -6.53384898e-04 -1.07412963e-03 -8.75573665e-04
 -6.40524962e-04 -9.71991643e-04 -9.69941292e-04 -7.77332373e-04
 -1.37344196e-03 -1.29452781e-03 -9.86148902e-04 -1.45680189e-03
 -3.58095704e-04 -7.06666222e-04 -7.91063123e-04 -8.76899434e-04
 -7.53588450e-04 -1.06407505e-03 -7.27511084e-04 -8.75853772e-04
 -1.18221899e-03 -8.21266943e-04 -9.51675764e-04 -1.37001763e-03
 -1.03316315e-03 -1.22700903e-03 -1.22762453e-03 -9.32227183e-04
 -1.11425048e-03 -1.41086940e-03 -1.12116286e-03 -9.39708941e-04
 -1.38419522e-03 -1.00073252e-03 -4.09657599e-04 -1.14126345e-03
 -1.56185337e-03 -1.28123475e-03 -1.39080908e-03 -1.40504632e-03
 -8.20716132e-04 -1.23879609e-03 -1.39153083e-03 -1.22647268e-03
 -1.27219804e-03 -1.20301035e-03 -8.08147105e-04 -1.17633837e-03
 -7.63529575e-04 -6.94652646e-04 -1.60130286e-03 -1.41045771e-03
 -1.11501633e-03 -5.72537866e-04 -1.49196961e-03 -7.53794933e-04
 -1.92153221e-03 -1.77985844e-03 -1.68534431e-03 -1.48359624e-03
 -1.36093378e-03 -1.09085444e-03 -1.28647259e-03 -1.24492054e-03
 -1.06502872e-03 -9.75904884e-04 -1.17625932e-03 -9.65041927e-04
 -1.24853973e-03 -1.76988918e-03 -1.19462721e-03 -1.75386491e-03
 -2.10124731e-03 -1.12752554e-03 -6.60114066e-04 -1.21802788e-03
 -1.29721777e-03 -1.53481167e-03 -2.01282482e-03 -9.95265514e-04
 -8.92066938e-04 -1.28140445e-03 -1.38701885e-03 -9.82887467e-04
 -1.87320944e-03 -1.74467865e-03 -1.93214316e-03 -1.49664638e-03
 -1.59189573e-03 -1.63353798e-03 -1.97321594e-03 -1.77115803e-03
 -1.78395560e-03 -1.32528678e-03 -1.08086844e-03 -8.21903555e-04
 -1.08763810e-03 -1.17462236e-03 -1.33985340e-03 -1.74099584e-03
 -1.80292856e-03 -9.43506281e-04 -1.59177965e-03 -2.26564055e-03
 -1.68071426e-03 -2.14873765e-03 -1.99504896e-03 -1.41139493e-03
 -1.89215079e-03 -1.91058137e-03 -1.07803880e-03 -1.35969381e-03
 -2.13719496e-03 -8.90456934e-04 -1.86629621e-03 -6.74713748e-04
 -1.57938630e-03 -1.65720169e-03 -2.47303129e-03 -1.93308730e-03
 -1.68783227e-03 -1.83914016e-03 -1.79395939e-03 -1.68464965e-03
 -1.29157576e-03 -1.82407011e-03 -1.44609169e-03 -1.82027676e-03
 -1.24024610e-03 -1.26703999e-03 -2.04129468e-03 -2.09339078e-03
 -1.62514463e-03 -2.41442612e-03 -2.48797213e-03 -1.07193847e-03
 -2.51047297e-03 -1.71339946e-03 -1.89356681e-03 -2.99343214e-03
 -1.82682696e-03 -1.19457793e-03 -1.65937600e-03 -1.12566086e-03
 -1.62408479e-03 -1.60573169e-03 -1.81257421e-03 -1.95137010e-03
 -2.39566372e-03 -1.98637010e-03 -1.32589058e-03 -2.51326274e-03
 -2.17928806e-03 -2.41927604e-03 -2.12139588e-03 -1.30272274e-03
 -1.58773916e-03 -1.64059980e-03 -2.04244032e-03 -1.71324115e-03
 -1.17405758e-03 -2.35436040e-03 -1.28394913e-03 -1.19336760e-03
 -2.07687906e-03 -1.35705135e-03 -2.79268498e-03 -2.35620624e-03
 -2.14817976e-03 -1.81895519e-03 -2.33694587e-03 -1.66455689e-03
 -2.07558784e-03 -2.26415244e-03 -1.51530875e-03 -1.87017053e-03
 -1.95215200e-03 -4.45290800e-04 -1.91634059e-03 -2.92663204e-03
 -2.23518792e-03 -2.58656850e-03 -1.84734763e-03 -1.92814994e-03
 -1.93502726e-03 -2.20837390e-03 -2.12007140e-03 -2.12666876e-03
 -2.30165319e-03 -1.34728371e-03 -1.34678142e-03 -1.38855309e-03
 -1.63499850e-03 -1.59687803e-03 -1.92043665e-03 -1.83499697e-03
 -1.38879162e-03 -2.08758292e-03 -2.20098761e-03 -2.22694895e-03
 -2.44663281e-03 -3.15062265e-03 -1.70357213e-03 -2.08190199e-03
 -1.21288066e-03 -1.85248098e-03 -2.21264971e-03 -1.83945550e-03
 -1.31090721e-03 -2.37501098e-03 -1.78463482e-03 -1.60535130e-03
 -1.91464482e-03 -2.03287756e-03 -1.95953620e-03 -3.02041103e-03
 -2.12862322e-03 -1.41657118e-03 -1.72125622e-03 -2.05731618e-03
 -1.67019729e-03 -2.13674094e-03 -1.55669105e-03 -1.94521279e-03
 -1.45769539e-03 -1.35414346e-03 -1.44121411e-03 -1.91042634e-03
 -2.73161895e-03 -2.74187892e-03 -1.89030275e-03 -2.45939165e-03
 -2.20525721e-03 -2.63193532e-03 -2.60794536e-03 -2.10313957e-03
 -1.82569126e-03 -2.23965564e-03 -1.16274283e-03 -1.66608184e-03
 -2.11704961e-03 -2.18924741e-03 -1.45611678e-03 -2.19095103e-03
 -1.71712357e-03 -2.23785839e-03 -2.41379773e-03 -2.01446220e-03
 -2.57815492e-03 -2.85053536e-03 -2.34798373e-03 -1.72948623e-03
 -1.50231650e-03 -1.80973225e-03 -1.82750078e-03 -2.79201479e-03
 -1.55148057e-03 -1.45351968e-03 -1.51887918e-03 -2.62561771e-03
 -1.60498430e-03 -2.45915587e-03 -2.12328905e-03 -2.16078749e-03
 -2.20939668e-03 -2.10635770e-03 -1.32985075e-03 -1.95926429e-03
 -2.35303181e-03 -2.16412710e-03 -2.17190862e-03 -1.80421520e-03
 -1.10781258e-03 -1.90006538e-03 -1.94812108e-03 -1.92052231e-03
 -2.52535215e-03 -2.36424274e-03 -1.86687211e-03 -1.69171258e-03
 -2.40528898e-03 -2.53990238e-03 -2.82605116e-03 -2.14409136e-03
 -1.38901333e-03 -1.85720049e-03 -1.81968166e-03 -1.28555876e-03
 -1.27099210e-03 -2.28823908e-03 -1.81526486e-03 -2.35046053e-03
 -1.41678638e-03 -1.05881048e-03 -1.86348137e-03 -3.05141467e-03
 -2.42730133e-03 -1.80901099e-03 -2.15151231e-03 -1.39185593e-03
 -1.61342968e-03 -1.98818375e-03 -1.76217043e-03 -2.01725127e-03
 -2.21136951e-03 -1.51118562e-03 -1.25714146e-03 -1.29608809e-03
 -2.32055397e-03 -2.63696114e-03 -2.27556056e-03 -2.48143305e-03
 -1.83191336e-03 -1.90819980e-03 -1.28923881e-03 -1.63512397e-03
 -2.17642349e-03 -2.38143903e-03 -1.47948659e-03 -1.54956801e-03
 -1.18029661e-03 -1.88038372e-03 -2.13569703e-03 -2.44378832e-03
 -2.35374397e-03 -2.28569878e-03 -2.50176405e-03 -1.43063463e-03
 -2.19048226e-03 -2.10718435e-03 -2.36775630e-03 -3.01903542e-03
 -1.23229212e-03 -1.38751351e-03 -1.63951754e-03 -2.18277393e-03
 -1.40518715e-03 -1.72140538e-03 -2.04137011e-03 -1.64739608e-03
 -1.29827004e-03 -1.66727093e-03 -1.82027904e-03 -2.38646346e-03
 -2.62584139e-03 -1.83688212e-03 -1.42807402e-03 -1.30048574e-03
 -2.15884145e-03 -1.89438747e-03 -1.79940013e-03 -1.76139100e-03
 -1.65442575e-03 -1.76665823e-03 -1.21241932e-03 -1.50503396e-03
 -1.93578073e-03 -1.89850413e-03 -2.02581139e-03 -1.32403078e-03
 -1.19001808e-03 -1.10641464e-03 -2.48024820e-03 -1.07779396e-03
 -1.35938965e-03 -1.10654538e-03 -1.03546224e-03 -8.36245177e-04
 -1.11823369e-03 -1.01268322e-03 -1.30566269e-03 -1.91046854e-03
 -1.87251315e-03 -1.44567284e-03 -1.49647132e-03 -1.43548770e-03
 -1.92038786e-03 -2.06191649e-03 -1.93305714e-03 -1.37324005e-03
 -1.00030059e-03 -1.01915619e-03 -1.07534611e-03 -1.45245838e-03
 -2.13975559e-03 -1.32946303e-03 -1.36190965e-03 -1.40585234e-03
 -1.42245280e-03 -1.27899412e-03 -1.34073085e-03 -1.59248560e-03
 -2.21171728e-03 -1.65195157e-03 -9.85149251e-04 -7.86116221e-04
 -1.47120527e-03 -1.16864181e-03 -1.73821838e-03 -1.25102149e-03
 -7.59479069e-04 -1.35637624e-03 -1.41208625e-03 -1.29765348e-03
 -1.60608139e-03 -1.54422567e-03 -1.71942602e-03 -1.32148151e-03
 -1.15977274e-03 -9.54970628e-04 -1.49991799e-03 -1.65618763e-03
 -1.23015585e-03 -1.05054134e-03 -1.40561059e-03 -6.23725218e-04
 -1.14624078e-03 -9.79228251e-04 -1.79423222e-03 -1.16984092e-03
 -1.64991917e-03 -1.21478332e-03 -1.00872538e-03 -1.40473220e-03
 -1.65462973e-03 -1.44466035e-03 -1.19371066e-03 -1.10336594e-03
 -1.08108714e-03 -1.02099125e-03 -5.22129241e-04 -1.19415071e-03
 -1.46312540e-03 -1.39880648e-03 -1.17270058e-03 -1.09803654e-03
 -1.09031578e-03 -1.14105363e-03 -1.51817995e-03 -9.06567161e-04
 -1.12234742e-03 -1.22032110e-03 -8.01903221e-04 -5.37114312e-04
 -1.02781362e-03 -1.26916214e-03 -1.29463611e-03 -9.49391623e-04
 -9.28155042e-04 -9.29981125e-04 -1.06645339e-03 -1.29695352e-03
 -1.01159199e-03 -1.46802648e-03 -1.03115722e-03 -1.08386159e-03
 -7.90243505e-04 -1.01559744e-03 -9.48571387e-04 -1.01165378e-03
 -9.87700022e-04 -4.42739775e-04 -6.73150370e-04 -9.72840446e-04
 -9.40219688e-04 -7.37893340e-04 -6.47671596e-04 -8.69970079e-04
 -7.98762104e-04 -7.04787162e-04 -4.89492123e-04 -1.13043812e-03
 -1.07986096e-03 -8.74945138e-04 -1.21019011e-03 -8.59358601e-04
 -8.87166754e-04 -7.43683781e-04 -1.07512383e-03 -5.81075280e-04
 -7.32346649e-04 -9.26324540e-04 -8.73853565e-04 -8.08161309e-04
 -4.78623893e-04 -8.12566264e-04 -9.70739658e-04 -9.27598242e-04
 -7.60288100e-04 -6.15480686e-04 -7.08796215e-04 -6.52044925e-04
 -7.80419097e-04 -9.12234420e-04 -1.06910484e-03 -7.84090292e-04
 -9.15105398e-04 -5.72546646e-04 -8.90805098e-04 -7.68742948e-04
 -9.63676687e-04 -9.46986702e-04 -7.14517390e-04 -7.86196606e-04
 -7.26929893e-04 -7.47614016e-04 -6.64514897e-04 -6.39030746e-04
 -9.46636116e-04 -5.19921325e-04 -4.62386577e-04 -5.18295398e-04
 -4.36566343e-04 -7.40108064e-04 -7.99775728e-04 -7.83362276e-04
 -3.74617000e-04 -8.52169131e-04 -2.16458506e-04 -5.12592454e-04
 -5.94134166e-04 -9.44616125e-04 -7.19036174e-04 -6.77984465e-04
 -7.09066070e-04 -5.80491979e-04 -6.13878881e-04 -4.82922054e-04
 -7.25436547e-04 -5.47497272e-04 -5.90837030e-04 -5.82455717e-04
 -2.93388538e-04 -3.21306064e-04 -8.20349464e-04 -6.76410890e-04
 -6.57508828e-04 -3.36645041e-04 -1.48265823e-04 -6.06688624e-04
 -2.72707076e-04 -4.12528694e-04 -4.42516491e-04 -4.17701630e-04
 -5.26412656e-04 -2.42621552e-04 -3.15297699e-04 -3.33993056e-04
 -4.98354049e-04 -4.20867836e-04 -5.05400535e-04 -3.56977088e-04
 -3.25825665e-04 -2.19847452e-04 -5.97423280e-04 -3.40425618e-04
 -8.54712456e-04 -4.54946233e-04 -3.30683178e-04 -2.03124479e-04
 -1.44247436e-04 -6.24053869e-04 -1.97837958e-04 -5.81870223e-04
 -3.47949265e-04 -4.00825694e-04 -1.57790353e-04 -3.09298026e-04
 -1.93551000e-04 -3.71081064e-04 -5.05609204e-04 -3.16633063e-04
 -1.87905228e-04 -2.31244856e-04 -3.44799434e-04 -3.60118212e-04
 -6.19294963e-04 -1.55134186e-04 -3.03034306e-04 -9.21476750e-05
 -8.85828000e-06 -3.69933366e-04 -1.68038192e-04 -3.71569601e-04
 -2.77399664e-04 -2.05894200e-04 -1.69748328e-04 -2.24209246e-04
 -4.83209785e-04 -3.14948386e-04 -4.27220708e-04 -2.21612863e-04
 -1.25014679e-04 -2.87733399e-04 -1.94836642e-04 -2.89650082e-04
 -5.94647205e-04 -3.66026998e-04 -2.13282548e-04  1.80566246e-05
 -2.26166390e-04 -2.90512169e-04 -2.73433704e-04 -4.00948151e-04
 -3.38134950e-04 -1.22248647e-04 -9.60118112e-05 -1.14738913e-04
 -2.39263521e-04 -8.87946999e-05 -2.68760703e-04 -2.70284544e-04
 -7.16770088e-05 -4.35110321e-05 -2.07905647e-04 -2.93683106e-04
 -1.74972297e-04 -3.83746116e-04 -3.30603283e-04 -8.02875007e-05
 -3.85997320e-05 -1.92085791e-04 -1.91174101e-04 -3.09928806e-04
 -3.68916646e-04 -1.92730417e-04 -2.84622311e-04 -1.43547896e-04
 -1.63774348e-04 -1.60022333e-04 -2.04037637e-04 -2.48902369e-04
 -2.04435395e-04 -6.74641080e-05 -2.43153251e-05 -1.56962850e-04
 -2.21096721e-04 -4.25927000e-04 -2.37417543e-04 -1.34715988e-04
 -8.77982829e-05 -1.22380337e-04 -4.63603731e-05 -1.70590267e-04
 -2.47095679e-04 -9.75269997e-05 -1.55792129e-04 -1.48434775e-04
 -3.29064282e-05 -1.27785576e-04 -7.28419623e-05 -3.30856468e-04
 -4.11118340e-05 -2.62529726e-04 -1.49300140e-04 -4.99529973e-05
 -1.01833028e-04 -2.21261250e-04 -2.96762809e-04 -9.17959282e-05
 -6.78690205e-05 -3.10150716e-05 -3.77072466e-05 -1.13429468e-04
 -2.00166432e-04 -1.32777717e-04 -2.23634086e-04 -1.05857159e-04
 -1.69719414e-04  4.55635663e-06 -1.84682406e-04 -2.17198534e-04
 -2.69195392e-04 -2.15105391e-04  1.07275405e-06 -1.22251328e-04
 -9.45212501e-05 -2.07707842e-04 -2.40155393e-04 -1.37957571e-04
 -8.60585910e-05  3.13880484e-05  1.46774980e-04 -6.16724824e-05
 -2.43037910e-04 -1.07404362e-04 -2.13745646e-04 -1.06996573e-04
 -9.55922539e-05 -2.75725066e-05 -2.39710084e-04 -1.50995922e-04
 -9.78562401e-05 -1.37138274e-04 -1.29704070e-04 -6.09734539e-05
  4.75573368e-05 -2.38210263e-04 -2.39499021e-04 -2.56243408e-04
 -1.45704041e-04 -2.31367562e-04 -2.03627867e-05 -2.09165051e-04
 -1.66609668e-04 -1.23643203e-04 -2.43034148e-04 -1.59525916e-04
 -1.22989014e-04  1.60393305e-05  9.93917046e-06 -1.90460518e-04
 -6.98010736e-05 -1.06241298e-04 -1.28406382e-04 -1.02348208e-04
 -6.11471479e-05 -1.16517630e-04 -3.13366763e-04 -2.08819049e-04
 -2.67107961e-04 -1.27139576e-04 -6.32931625e-06 -9.42944860e-06
 -1.55257821e-04 -8.84945919e-05 -1.66600566e-04 -9.70061626e-05
 -7.58882691e-05 -8.61246345e-05  7.34475827e-05 -6.23654228e-05
 -2.98970096e-05 -3.15572822e-04 -1.56381822e-04 -2.53181946e-05
 -1.76587202e-04 -1.26033773e-04 -1.63747354e-04 -2.41967668e-04
 -2.72662621e-04 -1.36320854e-04  4.61805634e-06 -5.85810444e-05
  1.36077650e-05 -1.43621533e-04 -8.70105747e-05 -1.21467569e-04
 -2.07703151e-04 -1.51566172e-05 -4.83749815e-05 -1.71209384e-04
  4.07824314e-05 -1.37786814e-04 -1.86342676e-04 -2.55933375e-05
  8.00986365e-06  8.61789074e-07 -9.04054964e-05 -2.95626284e-05]
