Frame: 89
temp_s_est shape: (1024,)
temp_s_est dtype: float64
temp_s_est:
[-2.34361135e-02 -2.35061689e-02 -2.34681912e-02 -2.31899379e-02
 -2.31367435e-02 -2.31781159e-02 -2.31148546e-02 -2.31553766e-02
 -2.29712395e-02 -2.30096524e-02 -2.26268318e-02 -2.24400956e-02
 -2.23402102e-02 -2.22666585e-02 -2.19642441e-02 -2.17523330e-02
 -2.13534337e-02 -2.12184379e-02 -2.11206807e-02 -2.09102182e-02
 -2.06127671e-02 -2.05348619e-02 -2.00510049e-02 -1.98494382e-02
 -1.95410200e-02 -1.92884670e-02 -1.88026489e-02 -1.84208100e-02
 -1.81507131e-02 -1.77125556e-02 -1.75303317e-02 -1.70119136e-02
 -1.66867120e-02 -1.64366085e-02 -1.59837260e-02 -1.55848405e-02
 -1.51917020e-02 -1.49195526e-02 -1.43810143e-02 -1.36911300e-02
 -1.33574220e-02 -1.27846511e-02 -1.22893944e-02 -1.18814856e-02
 -1.14412518e-02 -1.06362330e-02 -1.04108515e-02 -9.91926170e-03
 -9.29679302e-03 -8.92708527e-03 -8.03155107e-03 -7.93822100e-03
 -7.17293891e-03 -6.75734910e-03 -5.89549120e-03 -5.31019476e-03
 -5.02299452e-03 -4.29319200e-03 -3.75016027e-03 -3.41455587e-03
 -2.75095714e-03 -2.23792543e-03 -1.34374075e-03 -8.38659031e-04
 -2.69136993e-04 -1.05466987e-04  9.17232186e-04  1.72458558e-03
  2.27971218e-03  2.66358102e-03  3.12682305e-03  3.79130261e-03
  4.23678045e-03  5.46241787e-03  6.15765735e-03  6.43318624e-03
  6.86046506e-03  7.41454171e-03  8.40594482e-03  9.06585232e-03
  9.18650879e-03  9.59745104e-03  1.03604729e-02  1.09586089e-02
  1.14007316e-02  1.22089274e-02  1.29717821e-02  1.35078202e-02
  1.34520603e-02  1.43302639e-02  1.51413011e-02  1.59569423e-02
  1.66035031e-02  1.58905221e-02  1.67792667e-02  1.71652944e-02
  1.85214162e-02  1.84544046e-02  1.89962687e-02  1.94022504e-02
  1.94941213e-02  2.05439801e-02  2.13352292e-02  2.16621316e-02
  2.23072732e-02  2.19842550e-02  2.25123586e-02  2.26568842e-02
  2.33197086e-02  2.33495093e-02  2.38983156e-02  2.37837600e-02
  2.45586078e-02  2.51701963e-02  2.54526189e-02  2.63281699e-02
  2.56872218e-02  2.63682662e-02  2.68096704e-02  2.67022796e-02
  2.72258531e-02  2.69986012e-02  2.68870180e-02  2.67787230e-02
  2.76782611e-02  2.78834538e-02  2.80936710e-02  2.82119990e-02
  2.76171948e-02  2.90005680e-02  2.88178029e-02  2.86014647e-02
  2.85829342e-02  2.86482940e-02  2.88295389e-02  2.82902331e-02
  2.84914572e-02  2.84633452e-02  2.92664540e-02  2.80956399e-02
  2.83029464e-02  2.88499195e-02  2.84547148e-02  2.90149300e-02
  2.77306741e-02  2.75192781e-02  2.82949384e-02  2.73838755e-02
  2.75299685e-02  2.75140266e-02  2.68846663e-02  2.63522768e-02
  2.67439098e-02  2.64056149e-02  2.68156636e-02  2.66005268e-02
  2.51957367e-02  2.54608169e-02  2.52939166e-02  2.53077914e-02
  2.47077508e-02  2.43859316e-02  2.38823889e-02  2.34463616e-02
  2.28443638e-02  2.26396444e-02  2.31114297e-02  2.20335998e-02
  2.13851384e-02  2.08269691e-02  1.98013113e-02  2.05262332e-02
  1.99927638e-02  1.89867288e-02  1.83857185e-02  1.82314883e-02
  1.81013916e-02  1.83118946e-02  1.75482254e-02  1.58322238e-02
  1.63336392e-02  1.49805950e-02  1.46744367e-02  1.44972907e-02
  1.40940960e-02  1.35873606e-02  1.26085020e-02  1.20533819e-02
  1.19504821e-02  1.18332363e-02  1.11096253e-02  9.73683209e-03
  9.44451794e-03  8.49549993e-03  8.58385120e-03  7.71301023e-03
  7.15511161e-03  6.39946082e-03  5.34261873e-03  4.86182310e-03
  5.07342175e-03  4.60581951e-03  3.55523545e-03  3.48651466e-03
  2.46894448e-03  2.61549027e-03  2.16515368e-03  2.10728656e-04
  1.84349937e-04 -4.75883807e-04 -1.52189246e-03 -1.69723736e-03
 -1.85537985e-03 -2.04153764e-03 -2.77144919e-03 -3.50237768e-03
 -4.22252619e-03 -4.00683692e-03 -4.52909867e-03 -5.86439072e-03
 -6.66889886e-03 -7.44592227e-03 -7.06998968e-03 -7.72691515e-03
 -8.34540067e-03 -9.19930764e-03 -9.53372545e-03 -9.97632557e-03
 -1.00275127e-02 -1.04892409e-02 -1.13069720e-02 -1.15654043e-02
 -1.20078898e-02 -1.27208830e-02 -1.25707720e-02 -1.35216932e-02
 -1.41592319e-02 -1.44395440e-02 -1.50203971e-02 -1.50407506e-02
 -1.47301502e-02 -1.54247855e-02 -1.57465845e-02 -1.63110016e-02
 -1.69952501e-02 -1.69719178e-02 -1.71924904e-02 -1.73909034e-02
 -1.81759339e-02 -1.86821965e-02 -1.89090175e-02 -1.87820142e-02
 -1.87660686e-02 -1.93522879e-02 -1.98063664e-02 -2.00534560e-02
 -2.01119808e-02 -2.01246392e-02 -2.06061835e-02 -2.06281137e-02
 -2.07368417e-02 -2.11824455e-02 -2.13219934e-02 -2.12996351e-02
 -2.13109915e-02 -2.13653297e-02 -2.16689311e-02 -2.21412026e-02
 -2.16370756e-02 -2.17631200e-02 -2.18768715e-02 -2.20886114e-02
 -2.22386113e-02 -2.22954578e-02 -2.22210051e-02 -2.20647789e-02
 -2.19832922e-02 -2.21282711e-02 -2.22077144e-02 -2.22758842e-02
 -2.21001080e-02 -2.20493707e-02 -2.20709397e-02 -2.21838391e-02
 -2.20583209e-02 -2.19708519e-02 -2.17871449e-02 -2.16602401e-02
 -2.14444030e-02 -2.11878547e-02 -2.13693367e-02 -2.11368788e-02
 -2.10057915e-02 -2.07799478e-02 -2.05717473e-02 -2.07043771e-02
 -2.04935830e-02 -2.01339760e-02 -1.99506262e-02 -1.97428271e-02
 -1.96408009e-02 -1.94455650e-02 -1.90809776e-02 -1.87145425e-02
 -1.84402839e-02 -1.83943466e-02 -1.81792015e-02 -1.79582849e-02
 -1.77299121e-02 -1.74810795e-02 -1.71767251e-02 -1.69730867e-02
 -1.65686049e-02 -1.64083111e-02 -1.59363236e-02 -1.55943983e-02
 -1.51607153e-02 -1.49499709e-02 -1.47559878e-02 -1.45193642e-02
 -1.40977107e-02 -1.37392894e-02 -1.34139583e-02 -1.31973838e-02
 -1.29972247e-02 -1.25373386e-02 -1.19406482e-02 -1.16468200e-02
 -1.12902291e-02 -1.11406830e-02 -1.07826955e-02 -1.02794030e-02
 -9.88922354e-03 -9.54222884e-03 -9.38122772e-03 -8.97053951e-03
 -8.70886726e-03 -8.32378876e-03 -7.85393229e-03 -7.51502718e-03
 -7.11305112e-03 -6.80060667e-03 -6.46033013e-03 -6.00050731e-03
 -5.57818109e-03 -5.23299070e-03 -4.94046016e-03 -4.67382275e-03
 -4.27122125e-03 -3.89258729e-03 -3.50168724e-03 -3.12225065e-03
 -2.85133121e-03 -2.49411707e-03 -2.00532864e-03 -1.72558350e-03
 -1.31634674e-03 -1.08612823e-03 -7.43744734e-04 -3.81555364e-04
 -2.69054975e-05  2.65592031e-04  5.58567207e-04  8.91552135e-04
  1.22262074e-03  1.49546386e-03  1.88183470e-03  2.23082582e-03
  2.56780694e-03  2.87134694e-03  3.14607439e-03  3.40078638e-03
  3.80340834e-03  4.07071334e-03  4.29239587e-03  4.59113636e-03
  4.86514065e-03  5.22164648e-03  5.45140729e-03  5.68250510e-03
  5.94914369e-03  6.21169393e-03  6.51977689e-03  6.74698175e-03
  6.97614847e-03  7.21528436e-03  7.37630211e-03  7.60218059e-03
  7.90168811e-03  8.08340527e-03  8.28264331e-03  8.46073373e-03
  8.67722870e-03  8.87575992e-03  9.09668363e-03  9.29439907e-03
  9.47197282e-03  9.65916047e-03  9.80950346e-03  9.87909829e-03
  1.01274194e-02  1.02654295e-02  1.04378825e-02  1.05381762e-02
  1.06736865e-02  1.08491634e-02  1.09684670e-02  1.10928590e-02
  1.12119349e-02  1.12887219e-02  1.14027181e-02  1.14801589e-02
  1.15800734e-02  1.16936856e-02  1.17874415e-02  1.17920310e-02
  1.19229237e-02  1.19795378e-02  1.20131585e-02  1.21088337e-02
  1.21014424e-02  1.21507119e-02  1.22057223e-02  1.22360188e-02
  1.22655980e-02  1.22785855e-02  1.22983281e-02  1.23160577e-02
  1.23319281e-02  1.23108205e-02  1.23426188e-02  1.23666739e-02
  1.23549815e-02  1.23321289e-02  1.22797976e-02  1.22621733e-02
  1.22756352e-02  1.21873072e-02  1.21375189e-02  1.21301389e-02
  1.20789991e-02  1.20593948e-02  1.20164933e-02  1.19036462e-02
  1.19134864e-02  1.18166110e-02  1.17146013e-02  1.16592634e-02
  1.15492768e-02  1.14592948e-02  1.13795723e-02  1.13043904e-02
  1.12313334e-02  1.11224184e-02  1.10348707e-02  1.09693598e-02
  1.08659556e-02  1.07363791e-02  1.06399893e-02  1.05446044e-02
  1.04224612e-02  1.03000837e-02  1.01310415e-02  1.00154938e-02
  9.92729423e-03  9.79360339e-03  9.63880704e-03  9.54698084e-03
  9.41994369e-03  9.31154408e-03  9.17737074e-03  9.01985548e-03
  8.86934244e-03  8.72732103e-03  8.56370023e-03  8.41220207e-03
  8.27426228e-03  8.11389977e-03  7.98775138e-03  7.82649061e-03
  7.68188649e-03  7.53388336e-03  7.39540923e-03  7.26992585e-03
  7.09930679e-03  6.90513380e-03  6.77656829e-03  6.61897192e-03
  6.48624324e-03  6.29595875e-03  6.13696123e-03  5.97187987e-03
  5.83218953e-03  5.68545044e-03  5.51335032e-03  5.37841965e-03
  5.24378317e-03  5.05229982e-03  4.90259742e-03  4.75110347e-03
  4.57270220e-03  4.43039261e-03  4.25715828e-03  4.09393163e-03
  3.95718507e-03  3.79441369e-03  3.64159152e-03  3.49561619e-03
  3.32421726e-03  3.18444978e-03  3.01761075e-03  2.88761554e-03
  2.74099106e-03  2.58692650e-03  2.44631929e-03  2.32567676e-03
  2.17237653e-03  2.01863318e-03  1.89306262e-03  1.70830350e-03
  1.58723942e-03  1.44878417e-03  1.31575813e-03  1.16101323e-03
  1.04663923e-03  9.03351371e-04  7.86283122e-04  6.64803647e-04
  5.21941157e-04  3.79854974e-04  2.82226957e-04  1.26259547e-04
  3.22529302e-05 -1.25592066e-04 -2.32492462e-04 -3.53361706e-04
 -4.93384518e-04 -6.06843305e-04 -6.92268251e-04 -7.99092601e-04
 -8.96811731e-04 -1.01614215e-03 -1.12788577e-03 -1.18361827e-03
 -1.31971688e-03 -1.43177078e-03 -1.51353577e-03 -1.63768069e-03
 -1.75063178e-03 -1.83923465e-03 -1.92019163e-03 -1.99132483e-03
 -2.10519298e-03 -2.18576234e-03 -2.27869558e-03 -2.30790426e-03
 -2.42242511e-03 -2.52017000e-03 -2.59222345e-03 -2.67198539e-03
 -2.74205706e-03 -2.84680131e-03 -2.90452061e-03 -2.96833231e-03
 -3.03443846e-03 -3.11638561e-03 -3.16858048e-03 -3.22857074e-03
 -3.27600995e-03 -3.34314336e-03 -3.42121176e-03 -3.46214145e-03
 -3.50492491e-03 -3.59771503e-03 -3.62640745e-03 -3.70132729e-03
 -3.73641527e-03 -3.78459721e-03 -3.83598501e-03 -3.88193528e-03
 -3.93985415e-03 -3.96580047e-03 -4.01404684e-03 -4.05321661e-03
 -4.09423812e-03 -4.13388787e-03 -4.17867855e-03 -4.20660274e-03
 -4.25843203e-03 -4.27121575e-03 -4.30407833e-03 -4.34803765e-03
 -4.39519169e-03 -4.40871299e-03 -4.44059921e-03 -4.44857196e-03
 -4.51093405e-03 -4.51097936e-03 -4.54766696e-03 -4.56857168e-03
 -4.58334336e-03 -4.60053908e-03 -4.60988611e-03 -4.65610630e-03
 -4.68086427e-03 -4.69637506e-03 -4.69734235e-03 -4.74174662e-03
 -4.77493740e-03 -4.78714849e-03 -4.77893770e-03 -4.81552364e-03
 -4.81084089e-03 -4.82505391e-03 -4.82052578e-03 -4.85278839e-03
 -4.87347068e-03 -4.90032457e-03 -4.86939203e-03 -4.91006189e-03
 -4.93259544e-03 -4.94716162e-03 -4.95231869e-03 -4.95038614e-03
 -4.97457701e-03 -4.97917914e-03 -4.96097227e-03 -4.96887969e-03
 -4.99145012e-03 -4.99869341e-03 -5.00908061e-03 -5.00677034e-03
 -5.03455661e-03 -5.04653599e-03 -5.06734271e-03 -5.05923789e-03
 -5.07892526e-03 -5.06681494e-03 -5.07260888e-03 -5.07165301e-03
 -5.08551246e-03 -5.07720096e-03 -5.09413848e-03 -5.09598837e-03
 -5.10148224e-03 -5.12425064e-03 -5.12570014e-03 -5.14583248e-03
 -5.14273698e-03 -5.13639410e-03 -5.13551480e-03 -5.15301853e-03
 -5.14357678e-03 -5.16446989e-03 -5.14051967e-03 -5.15293589e-03
 -5.14639608e-03 -5.17693250e-03 -5.18209402e-03 -5.19347156e-03
 -5.17945287e-03 -5.18604248e-03 -5.19656022e-03 -5.20552610e-03
 -5.19280406e-03 -5.18291826e-03 -5.19114511e-03 -5.20285105e-03
 -5.20286516e-03 -5.19030099e-03 -5.20249528e-03 -5.22082977e-03
 -5.22103992e-03 -5.19395848e-03 -5.21322940e-03 -5.19814634e-03
 -5.21784344e-03 -5.18552524e-03 -5.18825896e-03 -5.20006006e-03
 -5.20560389e-03 -5.18405576e-03 -5.18246832e-03 -5.18642289e-03
 -5.17854161e-03 -5.16719204e-03 -5.16556096e-03 -5.15526390e-03
 -5.15416117e-03 -5.13462444e-03 -5.11811964e-03 -5.14075733e-03
 -5.10472911e-03 -5.10152213e-03 -5.07803598e-03 -5.09756361e-03
 -5.07269353e-03 -5.06805173e-03 -5.02015047e-03 -5.02856262e-03
 -4.99329125e-03 -4.96593026e-03 -4.95398459e-03 -4.93443804e-03
 -4.91409064e-03 -4.90281543e-03 -4.85577675e-03 -4.86442677e-03
 -4.84750368e-03 -4.80662306e-03 -4.76295080e-03 -4.73357101e-03
 -4.70125897e-03 -4.65696507e-03 -4.63636756e-03 -4.57731761e-03
 -4.56603675e-03 -4.51716672e-03 -4.48551917e-03 -4.44763700e-03
 -4.41712255e-03 -4.36762668e-03 -4.33038047e-03 -4.27873049e-03
 -4.22501862e-03 -4.16921970e-03 -4.11585011e-03 -4.05854432e-03
 -4.00241095e-03 -3.92476883e-03 -3.89790000e-03 -3.82685524e-03
 -3.75187282e-03 -3.72853948e-03 -3.65185583e-03 -3.59515494e-03
 -3.49843262e-03 -3.43536243e-03 -3.35553087e-03 -3.29041180e-03
 -3.18253429e-03 -3.10752086e-03 -3.03791866e-03 -2.95475132e-03
 -2.86594167e-03 -2.79465443e-03 -2.72886377e-03 -2.63139438e-03
 -2.51168355e-03 -2.42402984e-03 -2.33319144e-03 -2.25703675e-03
 -2.14376521e-03 -2.01606747e-03 -1.92890790e-03 -1.81788129e-03
 -1.71590502e-03 -1.58748512e-03 -1.51089215e-03 -1.38135165e-03
 -1.25424273e-03 -1.13408787e-03 -1.04913384e-03 -9.22316607e-04
 -7.87220051e-04 -6.44191197e-04 -5.32171625e-04 -4.14641482e-04
 -2.79499059e-04 -1.34468706e-04 -7.40516403e-06  1.18796216e-04
  2.61594749e-04  4.28853706e-04  5.37414481e-04  6.73404572e-04
  8.44435180e-04  9.56481630e-04  1.14517772e-03  1.24980101e-03
  1.40142228e-03  1.55249011e-03  1.71081986e-03  1.86417942e-03
  2.02533876e-03  2.17334451e-03  2.35420379e-03  2.50552209e-03
  2.67371404e-03  2.82367836e-03  2.98023678e-03  3.14059585e-03
  3.31404320e-03  3.44305061e-03  3.62305490e-03  3.79967441e-03
  3.95508216e-03  4.12049587e-03  4.29915130e-03  4.49748934e-03
  4.65573641e-03  4.82470857e-03  4.97694748e-03  5.15454473e-03
  5.33853527e-03  5.48229915e-03  5.63055730e-03  5.81385507e-03
  5.97302127e-03  6.14428037e-03  6.32185980e-03  6.50146717e-03
  6.68257986e-03  6.84481167e-03  7.01434329e-03  7.18579046e-03
  7.36321327e-03  7.52023308e-03  7.66527065e-03  7.82164644e-03
  8.01661697e-03  8.13333515e-03  8.32227406e-03  8.48181990e-03
  8.65484224e-03  8.78932051e-03  8.94403104e-03  9.12887531e-03
  9.29124610e-03  9.41029693e-03  9.58189873e-03  9.68884037e-03
  9.85655564e-03  1.00054473e-02  1.00949502e-02  1.02588044e-02
  1.04147615e-02  1.05288282e-02  1.06754979e-02  1.07947914e-02
  1.09267513e-02  1.10669279e-02  1.11833464e-02  1.12898201e-02
  1.14125506e-02  1.15335198e-02  1.16257459e-02  1.17478076e-02
  1.18239505e-02  1.19419497e-02  1.20338247e-02  1.21147619e-02
  1.22111026e-02  1.22690006e-02  1.23520685e-02  1.24667018e-02
  1.25202980e-02  1.25621156e-02  1.26671499e-02  1.27271328e-02
  1.27739701e-02  1.28435486e-02  1.28499610e-02  1.28946765e-02
  1.29621675e-02  1.29356596e-02  1.29907549e-02  1.30153893e-02
  1.30188457e-02  1.30567754e-02  1.30629786e-02  1.30612756e-02
  1.30961313e-02  1.30700726e-02  1.30789542e-02  1.30558595e-02
  1.29879832e-02  1.29903510e-02  1.29428851e-02  1.29060832e-02
  1.28751563e-02  1.27807063e-02  1.27301135e-02  1.27120567e-02
  1.26450275e-02  1.25408153e-02  1.25053510e-02  1.24211687e-02
  1.23021087e-02  1.22158080e-02  1.20820224e-02  1.19873528e-02
  1.18690624e-02  1.17265352e-02  1.15998548e-02  1.14707314e-02
  1.13398490e-02  1.12189874e-02  1.10969831e-02  1.09337694e-02
  1.07817867e-02  1.05889003e-02  1.04478354e-02  1.02604803e-02
  1.00309803e-02  9.84326586e-03  9.66429680e-03  9.45395593e-03
  9.26547562e-03  9.02472654e-03  8.83349734e-03  8.60867347e-03
  8.37710520e-03  8.09173832e-03  7.90076253e-03  7.63176197e-03
  7.36882499e-03  7.08760943e-03  6.84959900e-03  6.57099523e-03
  6.27632297e-03  6.02118534e-03  5.72931974e-03  5.46876357e-03
  5.18010949e-03  4.82929954e-03  4.60274238e-03  4.25579635e-03
  3.96244781e-03  3.60488747e-03  3.29048457e-03  3.00598456e-03
  2.63019959e-03  2.27936259e-03  1.94413255e-03  1.63381931e-03
  1.30957437e-03  9.48691162e-04  5.64621247e-04  1.98063319e-04
 -1.33049469e-04 -5.55751069e-04 -8.79120438e-04 -1.24406860e-03
 -1.62143007e-03 -2.00539082e-03 -2.36317528e-03 -2.74707978e-03
 -3.10059416e-03 -3.47861393e-03 -3.85914876e-03 -4.30927990e-03
 -4.62900868e-03 -5.08036733e-03 -5.40224683e-03 -5.82607846e-03
 -6.21074236e-03 -6.60948513e-03 -7.01416947e-03 -7.42913842e-03
 -7.71788666e-03 -8.15450531e-03 -8.54048998e-03 -8.97172880e-03
 -9.36079276e-03 -9.66295769e-03 -1.01042764e-02 -1.04879374e-02
 -1.08610158e-02 -1.13081152e-02 -1.16294320e-02 -1.19934933e-02
 -1.23593885e-02 -1.27415671e-02 -1.31230368e-02 -1.35186490e-02
 -1.39336381e-02 -1.42030422e-02 -1.45245880e-02 -1.48979054e-02
 -1.52933535e-02 -1.56622400e-02 -1.59807361e-02 -1.62454481e-02
 -1.65920622e-02 -1.69363679e-02 -1.72080198e-02 -1.75687513e-02
 -1.77776427e-02 -1.81932416e-02 -1.84250906e-02 -1.87623362e-02
 -1.90248811e-02 -1.92739503e-02 -1.95461239e-02 -1.99031823e-02
 -2.00628857e-02 -2.04320783e-02 -2.05272981e-02 -2.07367031e-02
 -2.09008668e-02 -2.13044165e-02 -2.14340267e-02 -2.16908139e-02
 -2.18494111e-02 -2.20680541e-02 -2.21869109e-02 -2.22842495e-02
 -2.25374721e-02 -2.26383349e-02 -2.27342364e-02 -2.27797014e-02
 -2.28304770e-02 -2.31270944e-02 -2.31899231e-02 -2.32084192e-02
 -2.32323495e-02 -2.32862047e-02 -2.34714631e-02 -2.34727162e-02
 -2.36365835e-02 -2.35233063e-02 -2.33897759e-02 -2.34695453e-02]
