Frame: 84
temp_s_est shape: (1024,)
temp_s_est dtype: float64
temp_s_est:
[ 1.62746048e-02  1.62545910e-02  1.60299823e-02  1.60952661e-02
  1.59153170e-02  1.57765699e-02  1.57166511e-02  1.55753187e-02
  1.52717292e-02  1.53984902e-02  1.49738170e-02  1.47527670e-02
  1.46993177e-02  1.45520940e-02  1.40451874e-02  1.40512630e-02
  1.38111021e-02  1.35704880e-02  1.34951721e-02  1.31866757e-02
  1.29299154e-02  1.27815251e-02  1.24122203e-02  1.20663739e-02
  1.18738526e-02  1.16160395e-02  1.12068282e-02  1.07708152e-02
  1.07505945e-02  1.02241823e-02  9.99408485e-03  9.61423800e-03
  9.44348949e-03  8.91143077e-03  8.89903123e-03  8.36801183e-03
  8.03473001e-03  7.79987125e-03  7.44733305e-03  6.77156787e-03
  6.80994860e-03  6.07447757e-03  5.81657625e-03  5.26827980e-03
  5.14970524e-03  4.49052412e-03  4.23250932e-03  3.77600959e-03
  3.48871668e-03  2.85471576e-03  2.79524598e-03  1.96474950e-03
  1.85879832e-03  1.48208955e-03  1.03413553e-03  3.46460307e-04
  5.99392555e-04 -5.50570127e-04 -6.68891602e-04 -1.15427666e-03
 -1.38666816e-03 -2.15535172e-03 -1.99347552e-03 -2.99299077e-03
 -3.22013732e-03 -3.61329131e-03 -4.08659604e-03 -4.72474186e-03
 -4.64354336e-03 -5.39546072e-03 -5.77493927e-03 -6.09713262e-03
 -6.16936134e-03 -7.01254193e-03 -7.05919249e-03 -7.64620761e-03
 -8.40496506e-03 -8.41940947e-03 -8.91732171e-03 -9.52336984e-03
 -9.89144869e-03 -9.73978487e-03 -1.05205092e-02 -1.08567764e-02
 -1.09329151e-02 -1.13837971e-02 -1.18705787e-02 -1.14197533e-02
 -1.27462832e-02 -1.27427104e-02 -1.29919115e-02 -1.34221261e-02
 -1.42062568e-02 -1.39337386e-02 -1.45664533e-02 -1.49418995e-02
 -1.51871031e-02 -1.48763791e-02 -1.54614701e-02 -1.54309064e-02
 -1.58490972e-02 -1.63749805e-02 -1.67477431e-02 -1.62637380e-02
 -1.77243596e-02 -1.71335721e-02 -1.73715034e-02 -1.78488006e-02
 -1.85590374e-02 -1.76361166e-02 -1.82327942e-02 -1.82093501e-02
 -1.86265550e-02 -1.85845269e-02 -1.91272327e-02 -1.83504850e-02
 -1.96044917e-02 -1.86598012e-02 -1.98529841e-02 -1.95468831e-02
 -2.02112953e-02 -1.99435119e-02 -1.98662104e-02 -1.98409101e-02
 -2.00069885e-02 -1.91861669e-02 -2.02347795e-02 -1.95763433e-02
 -2.00327500e-02 -1.96551661e-02 -1.97241175e-02 -1.98520889e-02
 -2.05943692e-02 -2.02058412e-02 -1.99653454e-02 -2.01746688e-02
 -1.99761312e-02 -1.97624052e-02 -1.99074393e-02 -2.00336611e-02
 -1.93495479e-02 -1.89440960e-02 -1.92141520e-02 -1.89933120e-02
 -1.87142020e-02 -1.93803197e-02 -1.87664090e-02 -1.88105692e-02
 -1.86344492e-02 -1.87288314e-02 -1.77564303e-02 -1.86952497e-02
 -1.78919788e-02 -1.71837674e-02 -1.75899304e-02 -1.72466589e-02
 -1.63739116e-02 -1.73368721e-02 -1.59816701e-02 -1.60033214e-02
 -1.52497370e-02 -1.59457398e-02 -1.48005569e-02 -1.53509461e-02
 -1.46508487e-02 -1.49422806e-02 -1.39699173e-02 -1.47552909e-02
 -1.30153989e-02 -1.41134340e-02 -1.34198656e-02 -1.25081789e-02
 -1.19976973e-02 -1.26354674e-02 -1.07712824e-02 -1.12064803e-02
 -1.05265285e-02 -1.05212396e-02 -8.82226294e-03 -1.01192535e-02
 -8.45148696e-03 -9.00269781e-03 -9.15927557e-03 -8.02564755e-03
 -7.49410663e-03 -8.06582403e-03 -7.04583619e-03 -6.61206356e-03
 -6.12059447e-03 -6.60449708e-03 -4.58592903e-03 -4.99241907e-03
 -4.64929801e-03 -3.59568096e-03 -3.62220562e-03 -3.04003349e-03
 -2.37277921e-03 -2.34019155e-03 -2.14368531e-03 -1.23659317e-03
 -1.30502967e-03 -1.26037022e-03 -8.60872681e-07  1.62275012e-04
  2.20269819e-04  1.40630350e-03  1.30377889e-03  1.87780585e-03
  2.11363800e-03  3.02144163e-03  2.70547633e-03  3.93458249e-03
  3.56226751e-03  4.07840715e-03  4.76097439e-03  5.25230531e-03
  4.88076881e-03  6.17488495e-03  5.83271189e-03  6.70889638e-03
  6.43812362e-03  8.09081700e-03  7.12596476e-03  8.38023386e-03
  8.24862668e-03  8.69051928e-03  8.72115678e-03  9.80005932e-03
  9.20009233e-03  1.01005519e-02  1.02131817e-02  1.05707181e-02
  1.05338265e-02  1.18712463e-02  1.11405136e-02  1.20641995e-02
  1.19046617e-02  1.26582129e-02  1.23474681e-02  1.31271455e-02
  1.29691390e-02  1.35429756e-02  1.32138049e-02  1.37996843e-02
  1.37605704e-02  1.41219286e-02  1.42935464e-02  1.46098974e-02
  1.47128954e-02  1.54383168e-02  1.48252943e-02  1.54648681e-02
  1.55926761e-02  1.56193444e-02  1.55968818e-02  1.57107834e-02
  1.58494164e-02  1.58249283e-02  1.60474095e-02  1.60491297e-02
  1.63597754e-02  1.63604270e-02  1.64442895e-02  1.64983112e-02
  1.67246837e-02  1.67558467e-02  1.67274050e-02  1.65894908e-02
  1.71248657e-02  1.64166419e-02  1.69253840e-02  1.66493596e-02
  1.67627819e-02  1.65207985e-02  1.68050745e-02  1.64412757e-02
  1.67319935e-02  1.64394330e-02  1.65583142e-02  1.62404355e-02
  1.66104540e-02  1.60773606e-02  1.63424622e-02  1.59323572e-02
  1.62615379e-02  1.57181057e-02  1.59142410e-02  1.56799601e-02
  1.55859070e-02  1.52680771e-02  1.54325298e-02  1.49892479e-02
  1.51040773e-02  1.46700660e-02  1.48036631e-02  1.43382855e-02
  1.45823623e-02  1.39188726e-02  1.41145991e-02  1.37715469e-02
  1.36050472e-02  1.33752380e-02  1.32821802e-02  1.29271663e-02
  1.28289798e-02  1.24492789e-02  1.23885350e-02  1.19284756e-02
  1.19048602e-02  1.15115440e-02  1.13468668e-02  1.11623692e-02
  1.09205849e-02  1.06282729e-02  1.05079250e-02  1.02077995e-02
  9.87326122e-03  9.73669448e-03  9.41871589e-03  9.06410396e-03
  8.84441679e-03  8.59865595e-03  8.21124371e-03  8.09480724e-03
  7.69999182e-03  7.48610345e-03  7.18096197e-03  6.99386752e-03
  6.58404568e-03  6.47323908e-03  6.10093788e-03  5.81822110e-03
  5.43818142e-03  5.30456606e-03  4.88235646e-03  4.61916576e-03
  4.32133764e-03  4.13858572e-03  3.73558270e-03  3.59631510e-03
  3.19960339e-03  3.03780314e-03  2.64226695e-03  2.48499255e-03
  2.03192074e-03  1.91593324e-03  1.57050394e-03  1.25956960e-03
  9.37126087e-04  8.15345135e-04  3.71334595e-04  2.00933268e-04
 -1.22861526e-04 -3.21407120e-04 -6.52129109e-04 -8.24142016e-04
 -1.15119724e-03 -1.29813026e-03 -1.63413343e-03 -1.83825397e-03
 -2.11986256e-03 -2.35959687e-03 -2.62695572e-03 -2.92587568e-03
 -3.12407971e-03 -3.34860382e-03 -3.61017507e-03 -3.80976970e-03
 -4.03137671e-03 -4.26227198e-03 -4.41021096e-03 -4.65236631e-03
 -4.83118588e-03 -4.99562409e-03 -5.26381773e-03 -5.47262043e-03
 -5.57959462e-03 -5.87860779e-03 -6.01996856e-03 -6.23276798e-03
 -6.40869229e-03 -6.59004024e-03 -6.75148707e-03 -6.91948913e-03
 -7.02273052e-03 -7.21471205e-03 -7.31965188e-03 -7.49752833e-03
 -7.58396396e-03 -7.75814190e-03 -7.84365446e-03 -8.00162597e-03
 -8.11459362e-03 -8.24473000e-03 -8.36905332e-03 -8.48780549e-03
 -8.55990666e-03 -8.71363957e-03 -8.77274233e-03 -8.89977217e-03
 -8.92926847e-03 -9.08142161e-03 -9.09336989e-03 -9.15960054e-03
 -9.24729679e-03 -9.28631146e-03 -9.33944747e-03 -9.36424224e-03
 -9.45937184e-03 -9.45383027e-03 -9.51518192e-03 -9.55548522e-03
 -9.57432693e-03 -9.60229306e-03 -9.64190905e-03 -9.60420930e-03
 -9.68601585e-03 -9.68343552e-03 -9.67937370e-03 -9.64857870e-03
 -9.71904365e-03 -9.63405689e-03 -9.68157732e-03 -9.59526355e-03
 -9.63526164e-03 -9.56465746e-03 -9.54636777e-03 -9.48956051e-03
 -9.50549242e-03 -9.42437515e-03 -9.44197228e-03 -9.31349134e-03
 -9.35030347e-03 -9.25742428e-03 -9.17900774e-03 -9.15334308e-03
 -9.10884782e-03 -8.97844725e-03 -8.98500413e-03 -8.84559287e-03
 -8.80575898e-03 -8.73255833e-03 -8.64966232e-03 -8.53954721e-03
 -8.51728750e-03 -8.40153922e-03 -8.29197952e-03 -8.23689865e-03
 -8.16043318e-03 -8.01006050e-03 -7.94109806e-03 -7.83216442e-03
 -7.72490040e-03 -7.61883854e-03 -7.52295429e-03 -7.43538494e-03
 -7.29034307e-03 -7.22259355e-03 -7.07265486e-03 -6.97613429e-03
 -6.88635083e-03 -6.73680701e-03 -6.59898721e-03 -6.54856302e-03
 -6.36327085e-03 -6.27967778e-03 -6.13504821e-03 -6.06072188e-03
 -5.88747315e-03 -5.81822588e-03 -5.63325357e-03 -5.58824311e-03
 -5.41791303e-03 -5.32067347e-03 -5.17653310e-03 -5.08397399e-03
 -4.90945457e-03 -4.80874912e-03 -4.63341980e-03 -4.57814869e-03
 -4.36942369e-03 -4.29547809e-03 -4.13576052e-03 -4.06341386e-03
 -3.86941003e-03 -3.82675432e-03 -3.65064203e-03 -3.56174711e-03
 -3.42067019e-03 -3.31202247e-03 -3.15615231e-03 -3.09679430e-03
 -2.89720528e-03 -2.82062846e-03 -2.66693658e-03 -2.56250575e-03
 -2.41198601e-03 -2.30843404e-03 -2.19255857e-03 -2.10021877e-03
 -1.93832171e-03 -1.88404782e-03 -1.75671427e-03 -1.62288680e-03
 -1.52688561e-03 -1.42643947e-03 -1.29910075e-03 -1.20310586e-03
 -1.06456929e-03 -9.60491035e-04 -8.81955290e-04 -7.27970357e-04
 -6.58500814e-04 -5.29351845e-04 -4.56604371e-04 -3.14489355e-04
 -2.51665593e-04 -1.48510556e-04 -7.54592350e-05  4.01671081e-05
  1.11615950e-04  2.15988566e-04  2.91264847e-04  4.25368035e-04
  4.58582744e-04  5.98878908e-04  6.25029205e-04  7.78639850e-04
  8.26902185e-04  8.99497334e-04  9.82841448e-04  1.10454823e-03
  1.09100435e-03  1.24676132e-03  1.28146698e-03  1.36638982e-03
  1.41501821e-03  1.50977195e-03  1.53974825e-03  1.66825498e-03
  1.67347206e-03  1.78767066e-03  1.80476008e-03  1.92472648e-03
  1.90855551e-03  2.01234895e-03  2.05502436e-03  2.14614806e-03
  2.13725332e-03  2.23516876e-03  2.27114793e-03  2.32974759e-03
  2.36002777e-03  2.43894094e-03  2.43210870e-03  2.53198823e-03
  2.51799454e-03  2.58635903e-03  2.64977234e-03  2.67840272e-03
  2.69553768e-03  2.76470426e-03  2.78168587e-03  2.81272760e-03
  2.85700077e-03  2.87615142e-03  2.91483768e-03  2.93368064e-03
  2.95923104e-03  2.99286244e-03  3.02295604e-03  3.04289642e-03
  3.09300406e-03  3.07273195e-03  3.15238893e-03  3.12068599e-03
  3.17956769e-03  3.19702855e-03  3.20564749e-03  3.20300485e-03
  3.23618532e-03  3.23271663e-03  3.25821277e-03  3.26259282e-03
  3.31319711e-03  3.28006959e-03  3.34859502e-03  3.30437042e-03
  3.37989654e-03  3.35232105e-03  3.38789956e-03  3.36169531e-03
  3.39392484e-03  3.37450418e-03  3.39617336e-03  3.37074300e-03
  3.42784703e-03  3.38254764e-03  3.41744027e-03  3.39602081e-03
  3.44762351e-03  3.40853365e-03  3.47228339e-03  3.43013762e-03
  3.47566536e-03  3.44623972e-03  3.45808095e-03  3.43939629e-03
  3.47731663e-03  3.42581117e-03  3.44297108e-03  3.43050035e-03
  3.45438906e-03  3.42705612e-03  3.45907061e-03  3.44195193e-03
  3.46976374e-03  3.44536290e-03  3.46724156e-03  3.46129383e-03
  3.47173088e-03  3.46435909e-03  3.44849669e-03  3.45580671e-03
  3.45853989e-03  3.43410256e-03  3.43700556e-03  3.44895078e-03
  3.44215432e-03  3.42781717e-03  3.44432884e-03  3.45108952e-03
  3.44568716e-03  3.47231847e-03  3.43109742e-03  3.46510432e-03
  3.44783200e-03  3.45150018e-03  3.43904843e-03  3.45311832e-03
  3.44059238e-03  3.43881516e-03  3.43029379e-03  3.45130692e-03
  3.42764609e-03  3.45593745e-03  3.43238334e-03  3.46542941e-03
  3.43374425e-03  3.47268311e-03  3.43745184e-03  3.46849437e-03
  3.45435136e-03  3.44241961e-03  3.45091377e-03  3.44775087e-03
  3.44210296e-03  3.45745993e-03  3.45082587e-03  3.45941193e-03
  3.44400787e-03  3.48428411e-03  3.44488207e-03  3.47806333e-03
  3.45313331e-03  3.46165797e-03  3.46272510e-03  3.45555611e-03
  3.45486391e-03  3.46099839e-03  3.45289233e-03  3.46239603e-03
  3.44171686e-03  3.47155440e-03  3.45493620e-03  3.46703069e-03
  3.45053187e-03  3.46525956e-03  3.44733846e-03  3.44905073e-03
  3.44398878e-03  3.44664795e-03  3.43810957e-03  3.42946580e-03
  3.41986166e-03  3.43729307e-03  3.41745370e-03  3.42367649e-03
  3.40725958e-03  3.41351151e-03  3.38770318e-03  3.38169126e-03
  3.38440351e-03  3.37271940e-03  3.37355209e-03  3.34100663e-03
  3.34659506e-03  3.33861160e-03  3.31440727e-03  3.31537495e-03
  3.28502371e-03  3.28944771e-03  3.25100031e-03  3.23808432e-03
  3.22194406e-03  3.22078018e-03  3.18911274e-03  3.16655340e-03
  3.15629177e-03  3.13660906e-03  3.10583568e-03  3.10029236e-03
  3.05939977e-03  3.06450089e-03  2.99217144e-03  2.98599868e-03
  2.93637277e-03  2.93345797e-03  2.87768209e-03  2.85200141e-03
  2.81540326e-03  2.79248220e-03  2.76324778e-03  2.72352426e-03
  2.70196534e-03  2.66728349e-03  2.59949515e-03  2.58455705e-03
  2.51612360e-03  2.48293710e-03  2.43581480e-03  2.38069242e-03
  2.32265241e-03  2.27667579e-03  2.22508546e-03  2.16983546e-03
  2.14468840e-03  2.07159291e-03  2.03168979e-03  1.96522148e-03
  1.92445547e-03  1.86048301e-03  1.79604674e-03  1.74264239e-03
  1.65904395e-03  1.56292936e-03  1.53827637e-03  1.42588376e-03
  1.38211093e-03  1.30687973e-03  1.23832329e-03  1.14959731e-03
  1.10887228e-03  9.95903881e-04  9.48546932e-04  8.75885058e-04
  7.89390424e-04  6.75683892e-04  6.33937977e-04  4.96267213e-04
  4.57586696e-04  3.19505247e-04  2.69243193e-04  1.24847596e-04
  7.33771526e-05 -5.20991190e-05 -1.10065531e-04 -2.21127578e-04
 -2.91766051e-04 -4.30820911e-04 -4.97875166e-04 -6.08745129e-04
 -7.13888613e-04 -8.47679577e-04 -8.74143868e-04 -1.08088411e-03
 -1.12503775e-03 -1.27282903e-03 -1.36310017e-03 -1.48174827e-03
 -1.58322650e-03 -1.71093747e-03 -1.80363658e-03 -1.93780602e-03
 -2.03109338e-03 -2.17377195e-03 -2.24057061e-03 -2.40843006e-03
 -2.51906073e-03 -2.65444007e-03 -2.75501106e-03 -2.89943214e-03
 -3.01921816e-03 -3.12569497e-03 -3.25500389e-03 -3.37806611e-03
 -3.49251696e-03 -3.62715492e-03 -3.73927559e-03 -3.84942718e-03
 -4.03446730e-03 -4.10875283e-03 -4.24840828e-03 -4.39712249e-03
 -4.51705856e-03 -4.61999043e-03 -4.79568135e-03 -4.87952412e-03
 -5.04549475e-03 -5.12791204e-03 -5.28860233e-03 -5.37231939e-03
 -5.53071057e-03 -5.62187560e-03 -5.78059909e-03 -5.86441826e-03
 -6.04810654e-03 -6.10662316e-03 -6.26813214e-03 -6.38023118e-03
 -6.51958999e-03 -6.57283979e-03 -6.78459911e-03 -6.83197449e-03
 -6.97811321e-03 -7.07227504e-03 -7.22124567e-03 -7.28647477e-03
 -7.43293838e-03 -7.49582889e-03 -7.63414471e-03 -7.71143906e-03
 -7.83289578e-03 -7.90308243e-03 -8.06632830e-03 -8.09789576e-03
 -8.25927545e-03 -8.27530537e-03 -8.45578629e-03 -8.48575970e-03
 -8.57030544e-03 -8.68275763e-03 -8.74523462e-03 -8.80373939e-03
 -8.92052025e-03 -8.92265912e-03 -9.03773608e-03 -9.08945136e-03
 -9.14102550e-03 -9.19506775e-03 -9.29627862e-03 -9.30167453e-03
 -9.37514202e-03 -9.46556540e-03 -9.47373194e-03 -9.51690093e-03
 -9.55827168e-03 -9.60002255e-03 -9.60742068e-03 -9.64788170e-03
 -9.65052250e-03 -9.68630988e-03 -9.66584938e-03 -9.69750755e-03
 -9.66588873e-03 -9.70897211e-03 -9.67579735e-03 -9.67623398e-03
 -9.65197585e-03 -9.71167865e-03 -9.59909267e-03 -9.63536476e-03
 -9.60628568e-03 -9.56819861e-03 -9.51187278e-03 -9.49012396e-03
 -9.39692546e-03 -9.43056072e-03 -9.28700765e-03 -9.26232434e-03
 -9.18622295e-03 -9.14798529e-03 -9.01959554e-03 -8.98281451e-03
 -8.86503797e-03 -8.84325791e-03 -8.66730772e-03 -8.63145398e-03
 -8.52836916e-03 -8.42008481e-03 -8.27959615e-03 -8.21223235e-03
 -8.00929447e-03 -7.95468608e-03 -7.76952976e-03 -7.65777746e-03
 -7.51618976e-03 -7.40938769e-03 -7.18018823e-03 -7.08299082e-03
 -6.92623399e-03 -6.75413865e-03 -6.59234317e-03 -6.42638415e-03
 -6.25743302e-03 -6.05579170e-03 -5.87129673e-03 -5.71047317e-03
 -5.49566465e-03 -5.30990575e-03 -5.11624796e-03 -4.89058565e-03
 -4.70934192e-03 -4.50503991e-03 -4.26669329e-03 -4.07044100e-03
 -3.85745020e-03 -3.57861403e-03 -3.37692993e-03 -3.11060725e-03
 -2.91818233e-03 -2.62223031e-03 -2.41502134e-03 -2.17766576e-03
 -1.91590518e-03 -1.68032506e-03 -1.44840589e-03 -1.16891010e-03
 -9.44788849e-04 -6.60987350e-04 -4.16857989e-04 -1.01184716e-04
  1.03564128e-04  4.42000269e-04  6.87321500e-04  9.50454332e-04
  1.26299487e-03  1.53849593e-03  1.71175128e-03  2.12673854e-03
  2.31243614e-03  2.61333299e-03  2.88985158e-03  3.20504620e-03
  3.42790506e-03  3.79241674e-03  4.02677545e-03  4.31253135e-03
  4.63498707e-03  4.89861491e-03  5.12239523e-03  5.46410379e-03
  5.75070707e-03  6.01358358e-03  6.25564187e-03  6.61393694e-03
  6.87057326e-03  7.09571203e-03  7.44191977e-03  7.67993123e-03
  7.99109913e-03  8.24140490e-03  8.48734782e-03  8.74296689e-03
  9.06234924e-03  9.28030281e-03  9.55844993e-03  9.81590704e-03
  1.01345984e-02  1.03475543e-02  1.06088588e-02  1.08870546e-02
  1.11701664e-02  1.13634958e-02  1.16086882e-02  1.18092858e-02
  1.20515932e-02  1.22406127e-02  1.24643249e-02  1.26531987e-02
  1.29015985e-02  1.30395639e-02  1.33067871e-02  1.35484015e-02
  1.37498495e-02  1.39418644e-02  1.41923075e-02  1.43443653e-02
  1.45316414e-02  1.47098524e-02  1.48605424e-02  1.49093388e-02
  1.51527679e-02  1.51909048e-02  1.52927839e-02  1.55509215e-02
  1.56139267e-02  1.57111605e-02  1.59805796e-02  1.60351178e-02
  1.60978963e-02  1.62850737e-02  1.63403890e-02  1.64506722e-02
  1.64665833e-02  1.65660502e-02  1.65409641e-02  1.66282067e-02
  1.66264940e-02  1.67714437e-02  1.66334237e-02  1.68829625e-02
  1.67485586e-02  1.67779363e-02  1.68300865e-02  1.68472004e-02
  1.67853043e-02  1.68305813e-02  1.66876445e-02  1.66380875e-02
  1.65353594e-02  1.66545785e-02  1.63255251e-02  1.64468283e-02]
