Frame: 10
temp_s_est shape: (1024,)
temp_s_est dtype: float64
temp_s_est:
[ 4.10153053e-05  5.48646993e-05 -3.92706295e-05 -1.92710015e-04
 -6.69211996e-05  1.13269424e-05 -1.13306115e-04  9.34539175e-05
 -6.34229618e-05 -3.23355421e-05 -1.59262286e-04  2.96939474e-05
 -1.08036064e-04  1.43081988e-04 -4.61340607e-05 -4.70234981e-05
 -3.83233713e-05 -1.19472045e-04 -2.23533801e-05  2.68221676e-05
 -1.50550943e-04 -4.82449258e-05  4.61652330e-05  4.19306501e-05
 -7.50719727e-05 -2.92915990e-05 -1.58802571e-04 -1.59336776e-05
  9.80201811e-05 -1.11370365e-04  4.36332270e-05 -1.68734572e-04
  1.01226742e-04 -6.38960033e-05  5.84430333e-06 -6.48375106e-05
  1.31693971e-04 -6.34925960e-05 -6.77634379e-05 -8.39889264e-05
 -9.95529735e-07 -7.50618574e-05 -1.34575960e-05 -5.21018242e-05
  2.31700573e-04 -1.13690239e-04 -2.22547692e-05  1.35795508e-04
 -1.15375427e-05 -9.36022470e-05 -1.56764232e-04 -8.04372656e-05
  4.46234642e-05  7.53084555e-05 -1.61686035e-05  5.38639929e-05
 -9.66478143e-05 -3.78131322e-05 -5.65424375e-05  3.91790026e-05
 -1.57313021e-04  8.96788729e-05 -9.76884706e-06  1.52666399e-04
  1.04731819e-05 -7.17612385e-05 -5.73790611e-05  6.32483973e-05
 -1.95167462e-04 -1.02883562e-04  2.28825646e-04 -3.69656164e-06
 -4.21699685e-05 -9.92335431e-05 -1.63452444e-04  1.18313821e-04
 -3.07234813e-05  7.37934964e-05  1.56780670e-05 -1.92492725e-04
 -6.08595139e-05 -1.81548869e-04 -4.38224112e-05  4.56228256e-05
  8.97983748e-05 -3.15144181e-05  6.18155978e-05  1.65142234e-04
 -8.82736762e-05 -5.82005340e-06 -1.56378881e-04 -2.53819333e-05
 -6.92648777e-05 -1.26306888e-04  8.26398950e-05  6.64797556e-05
 -1.61964660e-04 -1.11497945e-04 -4.26039504e-05 -1.40450411e-04
  1.20670193e-04  7.52809677e-05 -2.04979779e-05 -7.38391163e-05
 -1.11882917e-04  2.34056331e-05  8.33351570e-05 -1.75924977e-04
 -4.24522390e-05  1.09789521e-05 -4.60462372e-05 -4.40159087e-05
  9.18921584e-05 -2.93958910e-05  8.55884299e-05 -3.12475710e-06
 -1.83376758e-04  1.62580150e-05 -3.95472803e-05  4.09218973e-05
 -8.91953227e-05 -3.88006967e-04  1.74870390e-06  1.12349297e-04
  2.88095471e-05  1.91838241e-04  1.55027901e-04  6.96950419e-05
 -9.67994128e-05  1.96147319e-05 -1.29647024e-04  8.29027957e-05
 -1.22344647e-04  7.98893127e-07  3.11994999e-05  1.57960238e-04
  6.88496291e-05  2.85725260e-06 -6.75185886e-05  1.50271413e-04
 -4.24144355e-05  1.18736308e-05  2.25651929e-04 -9.51870290e-06
 -4.22637864e-05 -3.67871459e-05 -2.64542995e-05 -1.50486021e-04
  1.88188547e-04  2.17211914e-04  1.03254804e-04 -1.18874720e-04
 -8.00986635e-05  3.20422984e-05  3.61341310e-04 -4.20991677e-05
  1.57573362e-04 -1.45414597e-04  3.47455326e-05  4.36306739e-05
  2.66883403e-05  3.33074095e-05 -1.28055753e-05 -1.29343821e-04
 -3.39294750e-06  3.72619814e-04 -1.14850391e-05  4.00622496e-05
 -1.71408935e-04  4.81154587e-05  9.83951623e-05 -1.46824347e-04
  9.23687271e-05  1.67432656e-04  1.13131351e-04 -2.03074216e-04
 -1.78857368e-04 -5.78835280e-05  2.50899447e-04  3.10662657e-04
 -1.76831756e-04 -4.38721186e-06  4.16068347e-05 -2.01617217e-04
 -1.00778986e-04  1.26261082e-05  1.68784649e-05 -9.16279536e-05
 -1.50591137e-04  2.90785502e-04  9.20980651e-05 -5.14055286e-05
 -2.12301261e-04  7.53823519e-05  7.98079406e-05  1.24970990e-04
  3.73569863e-04 -4.94270930e-05 -2.96155594e-04 -1.93575387e-04
  2.09314168e-04  3.03491591e-04  2.94274219e-05  7.81340257e-05
  1.41604963e-04  1.77842836e-04 -3.30330485e-04 -1.26341946e-04
 -9.01747049e-05  1.55140120e-04 -3.63784280e-05  1.36786200e-05
  2.33134031e-04  1.89139174e-04  3.84244255e-04 -2.95538188e-05
 -3.74667735e-05  7.88871784e-05 -1.29046934e-04  2.55452921e-04
  2.93790337e-04  1.09996807e-04 -4.12649015e-04 -3.66915809e-04
  3.69531299e-04  8.46564291e-05  1.96770781e-04  1.10122977e-04
  3.09707597e-04  7.45548559e-05 -2.03190719e-04 -3.02338094e-05
  1.62219955e-04  1.69884194e-04 -1.18393402e-04  1.49744686e-04
  1.79845387e-04 -8.72330576e-05 -6.64913395e-05 -1.61103237e-04
  1.23128932e-04  1.06869734e-04 -7.45595122e-05  4.39716064e-04
  1.83930986e-04 -4.99451372e-05 -2.96037619e-04 -3.33016355e-04
  4.62615973e-06  8.21620629e-05  2.22486730e-04 -1.00775794e-04
  1.51461292e-04 -1.27088974e-04  1.60322996e-04  1.47688980e-04
 -9.33096851e-05  6.21670615e-05 -4.44048161e-05 -1.15776251e-04
 -2.96561709e-04  3.94675606e-05  3.29318900e-05  2.60479336e-04
 -3.10350898e-04 -2.29242821e-04  2.35614790e-04  1.09168715e-04
  8.79024181e-05  4.16278185e-05 -4.76810299e-04  1.40859513e-04
 -2.23689921e-04  1.66317430e-04  4.72725166e-05  4.90870455e-04
 -1.79835229e-04 -5.32850399e-04 -4.70120266e-04  2.61466303e-04
  1.31079356e-04 -1.28223797e-04 -5.92678641e-05  5.93789161e-04
 -2.87495166e-04  1.82485514e-04 -1.65729299e-04 -2.15827684e-04
 -2.56447605e-04 -4.01009269e-04  1.32100182e-04  2.84231331e-04
  4.59147682e-04 -3.61595689e-04 -1.46469201e-04 -4.04430645e-04
  4.53341626e-04  1.51161604e-04  2.45478040e-05  4.07322722e-04
 -1.58573198e-04 -6.50782457e-04 -3.22584030e-05 -2.88462294e-05
  1.88364148e-04  1.37888464e-04  5.75716345e-04 -8.32705126e-04
  3.23642455e-04 -1.30360207e-04 -1.90147001e-04 -2.20382971e-04
 -1.99068103e-04  5.18624264e-04  4.48339537e-04  1.37839789e-04
  3.41153447e-04 -4.73666189e-04 -3.95022804e-04 -4.71267876e-04
 -1.08816234e-05  2.28343112e-04  4.87021108e-04  1.25970305e-04
 -8.47729773e-04  1.42959730e-04  8.33680015e-05  2.88902267e-04
 -5.04210543e-04  9.06709348e-05 -1.06539116e-04 -8.13532150e-05
 -5.52944876e-05  2.09822170e-04 -1.34543034e-04  2.29343828e-05
 -6.27363902e-04  2.95135652e-04  1.73183089e-04  5.16077563e-04
 -2.91366827e-04 -1.32263176e-04 -1.48842961e-04  9.02911462e-05
 -1.98826332e-05  3.47143871e-04  1.66453637e-04 -4.43715915e-04
 -7.56578057e-04 -4.42314016e-04 -5.37659074e-05 -5.28670694e-05
  2.55723061e-04  2.47276333e-04 -2.23352832e-04  1.59079827e-04
  2.42147326e-04 -1.38267863e-04  4.80242532e-05 -5.14742703e-04
 -7.40278543e-05 -1.62913621e-04  3.49912899e-04 -7.05179271e-05
  1.45960359e-04 -3.80596318e-04 -9.42706336e-05  1.80420447e-04
  3.12217580e-04  5.00420739e-05  1.41026891e-04 -4.86718734e-04
 -4.12306912e-04 -1.71748759e-04 -6.05574900e-05  1.48163617e-04
 -6.42707892e-05  3.54860566e-04 -1.86479774e-04 -4.56689576e-04
  6.78410610e-05  2.46703183e-04  4.32956427e-04 -4.91438742e-04
  5.17040269e-04  3.51405975e-04  2.00386314e-05 -1.17793787e-04
 -3.22853419e-04 -1.34803670e-04 -3.22349833e-04 -4.84684925e-05
  5.72935521e-04  2.89531993e-04 -6.32601192e-04 -3.32047637e-04
 -1.53806229e-04  1.54086186e-04 -2.83783959e-05  5.99986530e-05
  6.80420241e-04  2.45400780e-04 -2.69725024e-04 -1.72976919e-04
 -1.84905657e-06  4.38378052e-04  1.37254725e-04 -2.29560838e-04
 -2.35559929e-04  4.99351906e-04  6.48257234e-04  4.09554485e-05
 -6.61927728e-05 -2.79348733e-04 -9.10165089e-04  3.53865232e-04
 -1.91038141e-04  3.58685666e-04 -3.04926985e-04 -2.70597103e-04
 -3.03067178e-04  1.90716831e-04  1.25186603e-04  9.02898031e-04
  1.45969726e-04 -4.32838378e-04 -1.22493018e-04 -1.19349642e-04
 -6.67577194e-04  6.79464121e-04  2.55995352e-04  1.31800665e-04
  3.54271674e-04 -4.92174964e-04 -3.29370211e-05  1.73731359e-04
 -2.87686659e-04 -1.10138457e-03 -5.29223326e-04  1.72173995e-04
  4.86462119e-04  1.28131868e-04  1.30579277e-04  2.80809895e-04
  5.43526549e-05 -6.84185984e-04  4.78116044e-04  4.65964435e-04
 -1.34455111e-04 -5.98089148e-04 -2.10272095e-04 -1.56894409e-04
  6.52425686e-04  6.24639898e-05 -2.51704006e-04 -3.36702277e-04
  6.24386155e-04 -1.83721155e-04 -3.05111836e-04 -1.72125944e-04
  2.81258824e-04 -5.88285774e-04  1.72695256e-04  5.14067592e-05
  2.19773431e-04  8.32892764e-04 -5.35320236e-04 -2.82891302e-04
 -5.20348849e-04  6.40787239e-04  6.50607380e-04  6.11749313e-04
  4.31426212e-04  3.83681190e-05 -2.20160345e-04 -8.13064576e-04
  7.86429875e-04  1.41892083e-04 -4.20472473e-04  4.33477388e-04
 -4.66683089e-04  1.47457234e-04  3.37624144e-05  2.09728070e-04
 -3.64681758e-04 -5.12156153e-04  1.12974375e-07  6.36670056e-04
  6.71691862e-05  3.43957375e-04 -8.94392316e-05 -9.68887172e-05
 -6.43293020e-04  4.38341336e-04  2.80372198e-04  4.54663632e-04
  2.31324530e-04 -7.76589822e-05  1.07515234e-04 -1.50937245e-04
  9.63169722e-05 -4.52680622e-05  1.81095619e-04 -4.12578324e-04
 -3.99063385e-04 -6.53169468e-04 -2.65436588e-04  2.29006410e-04
 -7.85678032e-04 -2.70310709e-05  8.06985367e-04  5.87581117e-04
  8.45056841e-04  6.24656405e-05  8.09164539e-05 -3.65935771e-04
 -1.40012806e-04 -9.97069916e-04  6.34091268e-04  7.14434638e-04
 -2.17847316e-04 -2.95919442e-04 -5.30667213e-04  1.39801409e-04
  4.33995798e-04 -7.17381884e-04  2.55459219e-05 -5.97754014e-05
 -1.86303125e-04 -6.54018526e-05  1.00778146e-04  2.04514365e-05
 -1.23116773e-04  4.21665250e-04  9.57004028e-05  4.56658635e-04
 -1.41833221e-04 -1.08197480e-04  1.70917675e-04 -2.51001704e-04
  1.81825550e-04  6.31908900e-04  6.17804143e-04  2.35531605e-05
 -2.50585164e-04 -9.06475371e-04 -3.05602459e-04 -1.51102965e-04
  9.98111933e-05  2.68135860e-04 -1.28598949e-04 -7.73444182e-04
 -1.00499030e-04  4.08537211e-04  5.26717080e-04 -1.63758454e-04
  3.92033847e-05  5.79722855e-04 -2.53407030e-04  2.92211165e-04
 -5.44734593e-05  5.60009965e-04 -2.54990039e-04 -1.35846984e-04
 -5.06774234e-04  4.27499887e-04  9.75282947e-04 -5.88706835e-04
 -2.94949415e-04 -9.71349273e-06  1.63534879e-04 -3.41719925e-04
 -7.02457448e-04  7.39784804e-04  2.72290890e-04 -7.39702472e-04
 -3.91405639e-04  7.74352382e-04  5.63325971e-04  1.03826009e-04
  6.49463911e-05 -2.90075454e-05  1.82133090e-04  6.10185362e-04
 -3.84195971e-04 -2.12921040e-04  2.08451540e-04 -3.26887424e-04
  4.25387350e-04 -3.84938747e-05  1.79594700e-04 -3.89098545e-04
 -1.13267428e-04 -8.30476918e-04 -2.14468078e-04 -4.85699979e-04
  5.02143705e-04  3.98258010e-04 -7.20128827e-04  6.00166597e-04
  7.94231592e-04  6.81071034e-05 -3.84231367e-04  8.98670046e-04
 -3.68056117e-04 -2.87135672e-04 -9.20578358e-05  3.88689828e-04
  3.90573290e-04 -3.14661912e-04 -5.02361790e-04 -8.64680522e-05
 -2.25145742e-04  3.39207474e-04 -2.86749614e-04 -5.95220670e-04
  2.64535195e-04 -2.50351929e-04 -6.53499887e-04  1.29306267e-04
  7.07673828e-04 -3.34501077e-04 -4.99136815e-05 -9.60363766e-05
  4.16940503e-04  4.57301996e-04 -2.12683168e-04 -5.38892383e-05
  3.22287875e-04  2.09254854e-05  1.02453923e-04 -9.19346002e-05
  2.28993282e-05 -1.45517984e-04 -3.72988942e-04 -9.68858530e-04
  4.54740984e-04  2.12711627e-04 -9.23646840e-05  4.53931791e-04
 -9.22874990e-05 -4.83262856e-04  2.51219848e-04  3.47250733e-04
  3.12412773e-04 -4.15971351e-05  1.01589785e-04  2.26083895e-04
  1.21325013e-04 -3.22193413e-04  1.55435485e-04  4.91705903e-04
 -4.41764776e-04  1.21381740e-04 -4.96565672e-05 -1.22293939e-04
 -4.52252158e-04 -2.48383414e-04  2.35908295e-05 -4.01416875e-05
  3.06837118e-06  4.21896945e-05  2.98830440e-04 -1.11453979e-04
 -4.43986976e-04 -1.34564306e-04  2.24791251e-04  8.53752558e-04
  3.68565656e-05  1.26351907e-04  1.82761220e-04 -3.01566607e-05
 -2.26329374e-05 -1.34024803e-04 -5.28338175e-04  3.49579597e-04
 -3.80489087e-04  7.14403232e-06  7.42704455e-05 -8.64841215e-05
 -1.30465266e-04 -5.68943371e-04  4.74080851e-05 -1.70594203e-04
  1.88533455e-04 -3.42677482e-04  4.28291316e-04  1.89998787e-05
 -2.73177914e-04  6.43525311e-05  1.08041021e-04  4.66449076e-04
  1.46361003e-04 -2.93199686e-04 -1.64186135e-04 -8.91903838e-05
 -2.95008130e-05 -3.35054745e-05  1.55474816e-04 -4.70846855e-04
  4.94485783e-04 -1.93365556e-04 -1.95498815e-05 -1.26435851e-04
 -8.21081224e-06 -3.82380645e-04 -4.84795502e-05 -2.67890542e-04
  2.34226358e-04  3.64004831e-04 -4.60984285e-05 -1.75755527e-04
  1.93270295e-04  3.67774064e-04  1.85891289e-04  2.66170910e-04
 -1.10805343e-04  6.48465740e-04 -5.78318651e-04 -2.12659871e-04
 -1.67778680e-04 -3.96811573e-04 -1.86350465e-05 -8.24362158e-05
 -2.07469656e-04 -8.94178182e-05  7.74161767e-04 -1.99589716e-05
 -7.44954056e-05 -1.15148698e-04  2.43157619e-04 -3.92876058e-05
 -2.76899107e-04  3.85407143e-04  5.31445538e-04 -2.56743232e-04
 -4.76393641e-04  1.71122362e-04  5.88697289e-04  1.69243735e-04
  1.52657012e-04  1.85825061e-04 -1.48123454e-04 -3.43077761e-05
 -6.46613004e-04  1.46304792e-04 -1.48804647e-04 -2.61091982e-05
 -3.26370612e-04 -3.34188408e-05  1.49864385e-04  5.29192356e-05
 -2.80064451e-04  1.73734901e-04  3.97663968e-05 -1.03654587e-04
  1.73927710e-04  3.34106767e-04 -1.80599176e-04  2.37973926e-04
 -1.32033498e-04 -1.10744883e-04 -2.24226090e-04  1.47418618e-04
  9.11624499e-05 -2.07788344e-04 -5.05574448e-04  2.61173342e-04
 -1.55681285e-04  2.10322289e-05  1.43369812e-04 -2.94408183e-04
 -1.97115606e-04 -3.13355400e-04  2.95744751e-04 -3.83182294e-04
  6.59507108e-04 -3.16766104e-04  8.33367401e-06 -1.53124093e-04
  4.36761755e-04  2.04911469e-04  8.14532036e-06 -4.19440516e-04
 -7.31917553e-05 -1.98181896e-04 -3.39500511e-04 -1.47713419e-04
  1.01789507e-04 -1.26953714e-04  1.36384377e-04 -1.68547212e-04
  2.96919025e-05 -1.01219499e-05 -1.09131304e-04 -1.22978122e-04
  1.19633184e-04 -5.72745212e-05  1.44296945e-05 -8.73979122e-06
  1.63713887e-05  4.33607411e-05 -8.58991504e-05 -5.12904812e-05
  4.00243165e-04  1.70839029e-04 -3.94753124e-04  7.56640830e-05
 -4.62678478e-04  2.79744444e-04 -2.23123730e-04  2.12322694e-04
 -1.15139377e-04 -1.29272728e-04 -3.13382335e-04  1.84440139e-04
  3.29013551e-05  1.37297029e-05 -5.97755115e-05 -1.67309488e-06
 -1.72240933e-04  3.59991203e-04 -2.86408571e-04 -1.16329232e-04
  5.47875520e-05  1.38484176e-04 -8.87902822e-05  2.35097567e-04
  6.02076167e-06  2.21120512e-04 -4.97403589e-05 -4.59342151e-04
  4.30945053e-05 -2.19425410e-05 -9.74615354e-05  2.70559815e-04
 -1.31193073e-04 -5.44951095e-04  2.54726658e-04  2.91287104e-05
  1.42663080e-04 -1.59699004e-04  1.25602264e-04  1.19442388e-04
  2.94908312e-04 -3.62779001e-04  1.36747646e-04 -5.18437908e-05
  4.44043964e-05 -2.34065204e-04  1.03536805e-04  4.19052651e-05
  2.02316636e-04 -2.28217610e-04 -1.68837769e-04 -1.52643679e-04
  2.05143702e-05  5.58803167e-05  1.32487788e-04 -1.63048635e-05
 -3.68184534e-05 -5.16796207e-05 -2.29393022e-04 -1.56175438e-04
  2.39771662e-04  1.91600647e-05  1.69859518e-04 -1.12623584e-04
  2.35012054e-04  1.30645623e-04 -1.17284575e-04  5.89776510e-05
  7.94069789e-06 -5.91984420e-05 -9.71223927e-05  1.08944876e-05
 -1.45488076e-04  1.22957877e-04 -3.25785354e-04 -3.63955158e-05
  1.54247083e-04  7.04017622e-05 -5.55332831e-05  2.27046494e-04
 -1.49241443e-04 -1.57619144e-05 -3.45101782e-07  1.02568869e-04
  2.99057430e-05  1.02333624e-04  6.82251726e-05  1.06176719e-04
 -1.99702527e-04 -1.18161871e-04  2.53681614e-04  8.51427783e-05
 -8.20411084e-05  2.01477804e-04 -1.15770898e-05  1.89909300e-04
 -1.40070346e-04  6.32938826e-05 -1.04880467e-04  1.30102746e-04
 -8.24562324e-05  1.20937299e-05  2.27882002e-04  8.78635867e-05
  1.54514583e-04 -1.84377034e-04  9.46978319e-05  2.03852741e-04
 -1.79005486e-05  9.82419702e-06  1.95296906e-04 -7.00247151e-05
  1.77652418e-05 -6.78967010e-05  8.85676245e-05  1.91568813e-05
  2.26901769e-05 -2.26434420e-05  6.07981275e-05  7.78427415e-05
  8.88768219e-05 -7.72229247e-05 -4.45706176e-07  3.13228985e-05
 -5.47150250e-06 -1.88276454e-05  2.55409355e-04  9.30265054e-06
 -8.98056440e-05 -6.45948898e-06  1.14782585e-04 -1.69599209e-04
  4.98335934e-05  7.09010145e-05  1.62389892e-04 -2.30147699e-05
 -1.28435502e-04  3.46584775e-05  1.15196466e-04 -1.05735121e-04
 -2.68660322e-05  5.66929420e-05 -4.94976103e-06  1.11914793e-04
  5.75616959e-05 -1.16099586e-04 -1.43338962e-04 -4.56192147e-05
 -9.26811795e-07  1.53468612e-04  7.25691661e-06  4.90558933e-05
  4.07635571e-05  8.07873251e-05 -5.43136003e-05  7.79591242e-05
 -8.34074041e-05  7.16635496e-05  2.26126451e-05 -3.27790336e-05
 -7.46080206e-05  5.85165396e-05 -8.28199333e-05  1.40498819e-04
 -7.39338688e-06  1.83531525e-04 -6.13519365e-05  2.60888252e-05
 -6.52856440e-05  7.66073344e-05 -1.04565622e-04  2.03413158e-05
  3.98544248e-05  1.64141310e-04  6.85296127e-05 -6.80260500e-05
 -1.76816049e-05  1.51880304e-04  6.11559564e-05 -6.98196366e-05
  4.16557723e-05 -9.32157385e-05  1.44824945e-04 -8.67029835e-05
  1.18151968e-04  9.29968007e-05 -3.07093095e-05 -1.38895258e-04
  1.32795450e-04 -5.32305521e-06 -6.44163235e-05  1.25891438e-04
  1.05192664e-04 -3.20292192e-05  8.88765383e-05 -8.94193393e-05
  2.67535600e-04 -1.24847895e-04  3.31135672e-05 -3.64959323e-05
 -5.63091847e-05 -1.18426881e-04  5.77287145e-05  8.57797235e-05
 -3.48053164e-06  5.24543761e-05  4.75100580e-05 -1.46101039e-05
  1.91795072e-04 -1.47512079e-04 -1.60216380e-04 -7.77096612e-06
  1.78185289e-05 -1.08068075e-05 -1.01888118e-04 -5.58011619e-05
  4.83371494e-05  9.11609786e-05 -9.62520785e-05  6.06477765e-05]
