Frame: 88
temp_s_est shape: (1024,)
temp_s_est dtype: float64
temp_s_est:
[-5.87507299e-02 -5.89310185e-02 -5.88328728e-02 -5.89995599e-02
 -5.89445498e-02 -5.88852544e-02 -5.87155515e-02 -5.86516182e-02
 -5.84642945e-02 -5.84066778e-02 -5.81605179e-02 -5.78167315e-02
 -5.77368018e-02 -5.75026475e-02 -5.71169149e-02 -5.68539722e-02
 -5.63934556e-02 -5.60199204e-02 -5.57328284e-02 -5.52353524e-02
 -5.47075347e-02 -5.43766406e-02 -5.35159394e-02 -5.31966652e-02
 -5.23637089e-02 -5.19919030e-02 -5.13928447e-02 -5.04658077e-02
 -4.98170241e-02 -4.90715489e-02 -4.83221729e-02 -4.75651212e-02
 -4.67154237e-02 -4.56866303e-02 -4.50943857e-02 -4.39108559e-02
 -4.31130528e-02 -4.22758038e-02 -4.11941772e-02 -4.02749001e-02
 -3.91820329e-02 -3.80206386e-02 -3.69792389e-02 -3.60588123e-02
 -3.48582592e-02 -3.37956670e-02 -3.27054987e-02 -3.14545992e-02
 -3.02874358e-02 -2.91145448e-02 -2.77914542e-02 -2.67165298e-02
 -2.53743167e-02 -2.41477941e-02 -2.28920313e-02 -2.14738714e-02
 -2.03461776e-02 -1.91006875e-02 -1.79048197e-02 -1.63608190e-02
 -1.52191297e-02 -1.36801838e-02 -1.18060576e-02 -1.10260953e-02
 -9.39673589e-03 -8.33581542e-03 -6.82923032e-03 -5.14610562e-03
 -3.46848041e-03 -2.24316964e-03 -6.50143117e-04  4.00848953e-04
  2.08742087e-03  3.81807968e-03  4.88821401e-03  6.90759056e-03
  7.89501054e-03  8.90332739e-03  1.06339157e-02  1.18582312e-02
  1.40168513e-02  1.53293448e-02  1.61539119e-02  1.79993688e-02
  1.92976082e-02  2.04474129e-02  2.27809277e-02  2.40083850e-02
  2.51002882e-02  2.65612188e-02  2.75798644e-02  2.89008087e-02
  3.12030352e-02  3.20644737e-02  3.36223643e-02  3.44675664e-02
  3.59811597e-02  3.75639963e-02  3.88779338e-02  4.05653312e-02
  4.18047131e-02  4.27511321e-02  4.41829583e-02  4.49661996e-02
  4.68284126e-02  4.80867442e-02  4.87129976e-02  5.01919928e-02
  5.13475250e-02  5.21153355e-02  5.34482808e-02  5.36905816e-02
  5.55238157e-02  5.62508256e-02  5.75001177e-02  5.84237481e-02
  5.88199294e-02  6.00832992e-02  6.11302848e-02  6.13585822e-02
  6.33192595e-02  6.29657779e-02  6.35624748e-02  6.45206014e-02
  6.47809893e-02  6.57449995e-02  6.67862552e-02  6.69249496e-02
  6.69527120e-02  6.81048606e-02  6.78963481e-02  6.92115241e-02
  6.98291427e-02  7.00048999e-02  7.02575838e-02  7.05171924e-02
  7.04772935e-02  7.11373216e-02  7.16970755e-02  7.10732120e-02
  7.22370102e-02  7.10724524e-02  7.12647340e-02  7.16120152e-02
  7.18031057e-02  7.20319619e-02  7.11566676e-02  7.15141398e-02
  7.10187256e-02  7.06001618e-02  7.07939350e-02  7.05508773e-02
  7.05772586e-02  7.05545976e-02  6.90581482e-02  6.94381802e-02
  6.86925757e-02  6.87043393e-02  6.82285848e-02  6.73149461e-02
  6.74840596e-02  6.62627848e-02  6.61178798e-02  6.49344493e-02
  6.53306884e-02  6.46795522e-02  6.37637450e-02  6.22406167e-02
  6.25630091e-02  6.12292895e-02  6.03699598e-02  6.07814123e-02
  5.86803890e-02  5.84130182e-02  5.71092039e-02  5.61395848e-02
  5.52474889e-02  5.47401328e-02  5.34326286e-02  5.21454102e-02
  5.16774731e-02  4.93924620e-02  4.92591995e-02  4.81538739e-02
  4.68968384e-02  4.59524627e-02  4.43242850e-02  4.23330846e-02
  4.20668906e-02  4.03271770e-02  3.95552127e-02  3.80605504e-02
  3.67297653e-02  3.55036900e-02  3.34165128e-02  3.31899184e-02
  3.21267299e-02  3.05020292e-02  2.89093140e-02  2.74669088e-02
  2.60077240e-02  2.48676860e-02  2.33716867e-02  2.18715445e-02
  2.11511210e-02  1.87455357e-02  1.79711931e-02  1.60062406e-02
  1.54581098e-02  1.34870566e-02  1.20898584e-02  1.05019936e-02
  8.99508647e-03  7.55692957e-03  5.87104848e-03  4.57786672e-03
  3.28964455e-03  2.07152761e-03  2.93839952e-04 -1.18899330e-03
 -2.41391354e-03 -3.76282681e-03 -4.96018539e-03 -6.66612994e-03
 -7.85136032e-03 -9.18550422e-03 -1.08061161e-02 -1.19949178e-02
 -1.26356286e-02 -1.47125968e-02 -1.56185464e-02 -1.72645107e-02
 -1.85514402e-02 -1.93968922e-02 -2.12293931e-02 -2.20875240e-02
 -2.30219646e-02 -2.46020507e-02 -2.57036425e-02 -2.67432814e-02
 -2.79402995e-02 -2.88414876e-02 -3.03944475e-02 -3.11168435e-02
 -3.24235411e-02 -3.34868741e-02 -3.43490760e-02 -3.58985291e-02
 -3.64680899e-02 -3.76724890e-02 -3.83694203e-02 -3.96403023e-02
 -4.03002013e-02 -4.13603589e-02 -4.23197662e-02 -4.30540760e-02
 -4.36427523e-02 -4.45629747e-02 -4.53639611e-02 -4.62206914e-02
 -4.68837035e-02 -4.74629880e-02 -4.82464912e-02 -4.88921529e-02
 -4.94027832e-02 -5.02262036e-02 -5.07293102e-02 -5.11748874e-02
 -5.15549083e-02 -5.21748120e-02 -5.26620028e-02 -5.31023752e-02
 -5.34946616e-02 -5.37720884e-02 -5.42053889e-02 -5.46722888e-02
 -5.48253035e-02 -5.54395969e-02 -5.54214854e-02 -5.59355465e-02
 -5.59471468e-02 -5.60028600e-02 -5.64964124e-02 -5.63853080e-02
 -5.64759244e-02 -5.66367328e-02 -5.66389143e-02 -5.66664832e-02
 -5.65609454e-02 -5.65103233e-02 -5.65758706e-02 -5.64768086e-02
 -5.62603232e-02 -5.61531962e-02 -5.59996027e-02 -5.58558244e-02
 -5.55915978e-02 -5.53814759e-02 -5.51078878e-02 -5.48809556e-02
 -5.44705587e-02 -5.42869610e-02 -5.37382511e-02 -5.34778373e-02
 -5.30167744e-02 -5.26189215e-02 -5.21117004e-02 -5.18701190e-02
 -5.12091599e-02 -5.07203604e-02 -5.03275368e-02 -4.97559143e-02
 -4.92589559e-02 -4.86714806e-02 -4.80964838e-02 -4.75016909e-02
 -4.67856547e-02 -4.62125062e-02 -4.55235617e-02 -4.49529327e-02
 -4.41326382e-02 -4.34887357e-02 -4.28250120e-02 -4.21666884e-02
 -4.12996793e-02 -4.07126059e-02 -3.98338948e-02 -3.90812226e-02
 -3.82800294e-02 -3.74685456e-02 -3.66053382e-02 -3.58236766e-02
 -3.50510230e-02 -3.41620217e-02 -3.33370905e-02 -3.24873949e-02
 -3.16543288e-02 -3.07460521e-02 -2.99444635e-02 -2.91030473e-02
 -2.81636048e-02 -2.72903159e-02 -2.63408671e-02 -2.55251420e-02
 -2.46485812e-02 -2.37363618e-02 -2.27921787e-02 -2.19831989e-02
 -2.08357683e-02 -2.00213501e-02 -1.90896868e-02 -1.82517015e-02
 -1.72783390e-02 -1.63371449e-02 -1.54244812e-02 -1.45078330e-02
 -1.36212074e-02 -1.27524663e-02 -1.18329237e-02 -1.09007453e-02
 -9.93857256e-03 -9.01370181e-03 -8.11634954e-03 -7.27159475e-03
 -6.35127232e-03 -5.48872411e-03 -4.51045892e-03 -3.77029066e-03
 -2.82089993e-03 -2.00784602e-03 -1.11879199e-03 -2.78498548e-04
  5.48604799e-04  1.44513784e-03  2.32606755e-03  3.02214269e-03
  3.88843009e-03  4.68778741e-03  5.48505857e-03  6.34150180e-03
  7.03865657e-03  7.87022584e-03  8.58111210e-03  9.31598612e-03
  1.00767100e-02  1.08089647e-02  1.15131269e-02  1.22389527e-02
  1.28985949e-02  1.35252201e-02  1.43088216e-02  1.49071124e-02
  1.55931522e-02  1.62296994e-02  1.68331183e-02  1.74316526e-02
  1.80508067e-02  1.85976834e-02  1.92251664e-02  1.97058510e-02
  2.02965435e-02  2.08043102e-02  2.13288274e-02  2.18638349e-02
  2.23204864e-02  2.28098207e-02  2.32783064e-02  2.37111502e-02
  2.42097615e-02  2.45947547e-02  2.50269938e-02  2.54112604e-02
  2.58041604e-02  2.61545888e-02  2.65483469e-02  2.68811321e-02
  2.72368779e-02  2.74896240e-02  2.78541175e-02  2.80977518e-02
  2.83821828e-02  2.86751446e-02  2.89252757e-02  2.91436679e-02
  2.93543945e-02  2.95901369e-02  2.97722423e-02  2.99896835e-02
  3.01272734e-02  3.02771495e-02  3.04084198e-02  3.05447425e-02
  3.06457088e-02  3.08008243e-02  3.08457209e-02  3.09633856e-02
  3.10464676e-02  3.10342608e-02  3.11472688e-02  3.11558489e-02
  3.11921809e-02  3.11827113e-02  3.11642149e-02  3.11542227e-02
  3.11211113e-02  3.10496567e-02  3.10567007e-02  3.09817087e-02
  3.08885262e-02  3.08293508e-02  3.07119685e-02  3.06407676e-02
  3.05067252e-02  3.04000231e-02  3.02822446e-02  3.01328574e-02
  2.99728825e-02  2.97999921e-02  2.96450607e-02  2.94593450e-02
  2.92812483e-02  2.90679227e-02  2.88689175e-02  2.86329697e-02
  2.84405312e-02  2.81675091e-02  2.79594410e-02  2.77462395e-02
  2.74548664e-02  2.72132414e-02  2.69315582e-02  2.66793049e-02
  2.64205772e-02  2.61442797e-02  2.58333066e-02  2.55798385e-02
  2.52118298e-02  2.49304288e-02  2.46379245e-02  2.43070796e-02
  2.40262248e-02  2.36603147e-02  2.33492907e-02  2.30110725e-02
  2.26844672e-02  2.23384979e-02  2.20448434e-02  2.16554423e-02
  2.13154764e-02  2.09359209e-02  2.05597978e-02  2.02324903e-02
  1.98652271e-02  1.95081854e-02  1.91281870e-02  1.87484731e-02
  1.83641017e-02  1.80233742e-02  1.76381267e-02  1.72818318e-02
  1.68952987e-02  1.64783687e-02  1.61264011e-02  1.57243174e-02
  1.53687287e-02  1.49705718e-02  1.46065435e-02  1.41942988e-02
  1.38191398e-02  1.34032419e-02  1.30678680e-02  1.26598043e-02
  1.22785764e-02  1.18885687e-02  1.14871066e-02  1.11300232e-02
  1.07149542e-02  1.03590665e-02  9.99248650e-03  9.58590489e-03
  9.22306960e-03  8.82802197e-03  8.44229734e-03  8.09056448e-03
  7.71108944e-03  7.32364966e-03  6.97258188e-03  6.58186464e-03
  6.23780235e-03  5.84121875e-03  5.51232090e-03  5.15912000e-03
  4.79050871e-03  4.43375031e-03  4.08703817e-03  3.72649985e-03
  3.38894133e-03  3.04187435e-03  2.71033617e-03  2.37645263e-03
  2.03303485e-03  1.70061071e-03  1.37477490e-03  1.05589849e-03
  7.32648884e-04  4.29333855e-04  1.06082034e-04 -2.38047102e-04
 -4.96611599e-04 -8.25119522e-04 -1.12110437e-03 -1.40976364e-03
 -1.71831221e-03 -2.01123281e-03 -2.29995038e-03 -2.58460725e-03
 -2.85644598e-03 -3.13419283e-03 -3.39649880e-03 -3.67330818e-03
 -3.94507827e-03 -4.19253191e-03 -4.44228925e-03 -4.69698402e-03
 -4.95657100e-03 -5.20602693e-03 -5.44288958e-03 -5.69945200e-03
 -5.93510913e-03 -6.14727921e-03 -6.38536963e-03 -6.61344691e-03
 -6.84798433e-03 -7.05621605e-03 -7.26753766e-03 -7.47789372e-03
 -7.68543713e-03 -7.88924505e-03 -8.09409336e-03 -8.28884518e-03
 -8.48668297e-03 -8.67045005e-03 -8.86586668e-03 -9.04856769e-03
 -9.23137779e-03 -9.40829307e-03 -9.58931405e-03 -9.75531649e-03
 -9.91950439e-03 -1.01042856e-02 -1.02357727e-02 -1.04189281e-02
 -1.05655639e-02 -1.06890778e-02 -1.08708049e-02 -1.09910696e-02
 -1.11378529e-02 -1.12913227e-02 -1.14188752e-02 -1.15623058e-02
 -1.16947790e-02 -1.18077694e-02 -1.19412077e-02 -1.20751971e-02
 -1.21847971e-02 -1.22967944e-02 -1.23834730e-02 -1.25228140e-02
 -1.26095859e-02 -1.27231053e-02 -1.28356101e-02 -1.29332682e-02
 -1.30336957e-02 -1.31195822e-02 -1.32092336e-02 -1.33229962e-02
 -1.34001544e-02 -1.34786494e-02 -1.35645649e-02 -1.36394588e-02
 -1.37191305e-02 -1.37866980e-02 -1.38742228e-02 -1.39401550e-02
 -1.40076317e-02 -1.40693036e-02 -1.41268728e-02 -1.42093614e-02
 -1.42626676e-02 -1.43297876e-02 -1.43649047e-02 -1.44328872e-02
 -1.44675573e-02 -1.45237519e-02 -1.45778183e-02 -1.46282907e-02
 -1.46797101e-02 -1.47046814e-02 -1.47474694e-02 -1.47896179e-02
 -1.48341519e-02 -1.48667443e-02 -1.49156761e-02 -1.49360114e-02
 -1.49598252e-02 -1.49907618e-02 -1.50189378e-02 -1.50648315e-02
 -1.50849227e-02 -1.51027032e-02 -1.51075034e-02 -1.51315934e-02
 -1.51504374e-02 -1.51721079e-02 -1.51866426e-02 -1.52020029e-02
 -1.51939178e-02 -1.52107625e-02 -1.52123376e-02 -1.52312201e-02
 -1.52465847e-02 -1.52118711e-02 -1.52355500e-02 -1.52103594e-02
 -1.52191249e-02 -1.52166344e-02 -1.52139612e-02 -1.52039460e-02
 -1.51776768e-02 -1.51634173e-02 -1.51597407e-02 -1.51503637e-02
 -1.51300390e-02 -1.51223795e-02 -1.50838842e-02 -1.50763897e-02
 -1.50390922e-02 -1.50234502e-02 -1.49961115e-02 -1.49677924e-02
 -1.49381338e-02 -1.48926165e-02 -1.48563328e-02 -1.48190833e-02
 -1.47863754e-02 -1.47383436e-02 -1.46917175e-02 -1.46509090e-02
 -1.46038703e-02 -1.45434669e-02 -1.45069758e-02 -1.44518205e-02
 -1.43862963e-02 -1.43428419e-02 -1.42592178e-02 -1.42136526e-02
 -1.41268178e-02 -1.40734297e-02 -1.39825185e-02 -1.39277859e-02
 -1.38373069e-02 -1.37710060e-02 -1.36931027e-02 -1.36016605e-02
 -1.35271376e-02 -1.34297208e-02 -1.33421795e-02 -1.32451955e-02
 -1.31476976e-02 -1.30510353e-02 -1.29448252e-02 -1.28373019e-02
 -1.27336654e-02 -1.26153903e-02 -1.25042690e-02 -1.23818352e-02
 -1.22393834e-02 -1.21454480e-02 -1.20041511e-02 -1.18705403e-02
 -1.17326032e-02 -1.15992554e-02 -1.14542495e-02 -1.13164740e-02
 -1.11586892e-02 -1.10215683e-02 -1.08541742e-02 -1.06811605e-02
 -1.05289822e-02 -1.03400902e-02 -1.02025873e-02 -9.99403054e-03
 -9.83412076e-03 -9.63939970e-03 -9.45586679e-03 -9.28829942e-03
 -9.08370983e-03 -8.88330660e-03 -8.69138144e-03 -8.48043438e-03
 -8.25694665e-03 -8.07496004e-03 -7.83792745e-03 -7.62298832e-03
 -7.39367992e-03 -7.15458784e-03 -6.94730860e-03 -6.71363565e-03
 -6.46934860e-03 -6.24005825e-03 -5.98450447e-03 -5.72502818e-03
 -5.48877766e-03 -5.20895881e-03 -4.97052407e-03 -4.67874557e-03
 -4.42727377e-03 -4.14437937e-03 -3.85422671e-03 -3.58233994e-03
 -3.30411896e-03 -3.01532433e-03 -2.73586219e-03 -2.42361678e-03
 -2.11586800e-03 -1.85147917e-03 -1.50979603e-03 -1.21931027e-03
 -9.04937590e-04 -5.83645548e-04 -2.62312970e-04  8.80983163e-05
  3.91506155e-04  7.32842307e-04  1.05817608e-03  1.40178957e-03
  1.76898286e-03  2.08685603e-03  2.43513156e-03  2.80170254e-03
  3.12775547e-03  3.49995423e-03  3.86664119e-03  4.22645934e-03
  4.63124520e-03  4.96670366e-03  5.32873867e-03  5.72254834e-03
  6.11647317e-03  6.48412241e-03  6.89290543e-03  7.26734898e-03
  7.64712182e-03  8.02846481e-03  8.43364347e-03  8.83124633e-03
  9.24716535e-03  9.61813401e-03  1.00212015e-02  1.04161978e-02
  1.08011552e-02  1.12454504e-02  1.16446621e-02  1.20417878e-02
  1.24786828e-02  1.28330496e-02  1.32783150e-02  1.36758371e-02
  1.40889972e-02  1.45309210e-02  1.49050460e-02  1.53108385e-02
  1.57276955e-02  1.60933874e-02  1.65492642e-02  1.69567235e-02
  1.73455582e-02  1.77540230e-02  1.81437186e-02  1.85555722e-02
  1.89666128e-02  1.93592019e-02  1.97775520e-02  2.01399077e-02
  2.05255530e-02  2.08952513e-02  2.12909381e-02  2.16831904e-02
  2.20559365e-02  2.24341283e-02  2.28009477e-02  2.31394127e-02
  2.35234574e-02  2.38840595e-02  2.42353489e-02  2.46070944e-02
  2.49394338e-02  2.52536769e-02  2.56054987e-02  2.59473213e-02
  2.62774674e-02  2.66028254e-02  2.69127547e-02  2.72031340e-02
  2.75199028e-02  2.77795488e-02  2.81096368e-02  2.83788493e-02
  2.86455150e-02  2.89193380e-02  2.91582806e-02  2.94211736e-02
  2.96703993e-02  2.98927562e-02  3.01408919e-02  3.03658597e-02
  3.05482546e-02  3.07848245e-02  3.09461014e-02  3.11179369e-02
  3.13277331e-02  3.14715087e-02  3.16251613e-02  3.17818884e-02
  3.18950632e-02  3.20280898e-02  3.21540232e-02  3.22539295e-02
  3.23486729e-02  3.24125460e-02  3.24680615e-02  3.25137773e-02
  3.25577546e-02  3.26249439e-02  3.26223025e-02  3.26608088e-02
  3.26201294e-02  3.26106848e-02  3.26012312e-02  3.25533162e-02
  3.25006473e-02  3.24430679e-02  3.23438087e-02  3.22310070e-02
  3.21185450e-02  3.19811139e-02  3.19154374e-02  3.16824526e-02
  3.15506178e-02  3.13535841e-02  3.11392692e-02  3.09689007e-02
  3.07243236e-02  3.04886900e-02  3.02588522e-02  2.99543022e-02
  2.96663085e-02  2.94206541e-02  2.90537249e-02  2.87567037e-02
  2.84106190e-02  2.80206957e-02  2.76843537e-02  2.72909198e-02
  2.68876926e-02  2.64725007e-02  2.60565472e-02  2.55765013e-02
  2.51577532e-02  2.46597189e-02  2.42175232e-02  2.37053210e-02
  2.31599320e-02  2.26299276e-02  2.20984465e-02  2.15274664e-02
  2.09532520e-02  2.03758517e-02  1.97349921e-02  1.91406992e-02
  1.84749567e-02  1.79168375e-02  1.72355365e-02  1.65364443e-02
  1.58659303e-02  1.51352154e-02  1.44564760e-02  1.37455260e-02
  1.30587575e-02  1.22730613e-02  1.15144301e-02  1.06607423e-02
  9.96053025e-03  9.14066140e-03  8.40513645e-03  7.53145640e-03
  6.67841378e-03  5.85502087e-03  4.99833758e-03  4.20477719e-03
  3.34218656e-03  2.46423868e-03  1.62006879e-03  6.60351160e-04
 -2.66501081e-04 -1.07874899e-03 -2.01353325e-03 -2.98025972e-03
 -3.88539108e-03 -4.89132388e-03 -5.77195635e-03 -6.70808878e-03
 -7.68162756e-03 -8.61463302e-03 -9.58074524e-03 -1.05956103e-02
 -1.15235223e-02 -1.25170098e-02 -1.34444316e-02 -1.44106438e-02
 -1.54905686e-02 -1.63896433e-02 -1.74291947e-02 -1.83256347e-02
 -1.93251623e-02 -2.03549229e-02 -2.12538273e-02 -2.22460879e-02
 -2.32647211e-02 -2.41717144e-02 -2.51951468e-02 -2.61233909e-02
 -2.70453821e-02 -2.80436388e-02 -2.88893141e-02 -2.99558038e-02
 -3.07569387e-02 -3.18330561e-02 -3.27760347e-02 -3.35983812e-02
 -3.45332166e-02 -3.54439081e-02 -3.62877474e-02 -3.72752187e-02
 -3.80051760e-02 -3.88874991e-02 -3.97546724e-02 -4.04486745e-02
 -4.13505251e-02 -4.21670911e-02 -4.28855209e-02 -4.37728821e-02
 -4.44352126e-02 -4.52538812e-02 -4.59759358e-02 -4.66442072e-02
 -4.74443076e-02 -4.81203362e-02 -4.86711617e-02 -4.94777843e-02
 -4.99310956e-02 -5.05881435e-02 -5.11923719e-02 -5.17746624e-02
 -5.22724266e-02 -5.28902981e-02 -5.33089628e-02 -5.38979148e-02
 -5.43695514e-02 -5.47730000e-02 -5.53451030e-02 -5.56164178e-02
 -5.60672883e-02 -5.63856570e-02 -5.67548798e-02 -5.71577018e-02
 -5.74156709e-02 -5.77356595e-02 -5.78736245e-02 -5.80407410e-02
 -5.82631800e-02 -5.85172913e-02 -5.85892284e-02 -5.87660673e-02]
