Frame: 103
temp_s_est shape: (1024,)
temp_s_est dtype: float64
temp_s_est:
[-3.14305103e-02 -3.14575500e-02 -3.13351628e-02 -3.13019833e-02
 -3.11738904e-02 -3.10839841e-02 -3.09083332e-02 -3.08372471e-02
 -3.06843445e-02 -3.04468262e-02 -3.03788675e-02 -3.01500061e-02
 -2.99632796e-02 -2.98075614e-02 -2.95179935e-02 -2.91217624e-02
 -2.87629229e-02 -2.86172694e-02 -2.83006371e-02 -2.79788056e-02
 -2.76605132e-02 -2.73213457e-02 -2.70650044e-02 -2.65650682e-02
 -2.62002189e-02 -2.57049557e-02 -2.53855707e-02 -2.48765678e-02
 -2.44559728e-02 -2.41334393e-02 -2.34674015e-02 -2.31680589e-02
 -2.26459708e-02 -2.21291645e-02 -2.15928035e-02 -2.10693746e-02
 -2.04932675e-02 -1.98858196e-02 -1.94300862e-02 -1.85800966e-02
 -1.81475752e-02 -1.75942283e-02 -1.69542797e-02 -1.63664654e-02
 -1.56807125e-02 -1.51873179e-02 -1.43218504e-02 -1.37069540e-02
 -1.30615988e-02 -1.23505310e-02 -1.18077714e-02 -1.07883337e-02
 -1.02614723e-02 -9.68652059e-03 -9.09544288e-03 -8.10605058e-03
 -7.40946970e-03 -6.72713536e-03 -5.80143770e-03 -5.22913091e-03
 -4.31935330e-03 -3.58840993e-03 -2.87028120e-03 -2.18107438e-03
 -1.60933406e-03 -5.45108334e-04  2.31116062e-04  9.12296358e-04
  1.45380877e-03  2.42209354e-03  3.28924975e-03  4.00921359e-03
  4.98295920e-03  5.82953749e-03  6.18240062e-03  7.14190078e-03
  7.76260591e-03  8.42768692e-03  9.20737739e-03  1.03974947e-02
  1.09731767e-02  1.20112115e-02  1.26067908e-02  1.31278873e-02
  1.41944400e-02  1.47226600e-02  1.50440056e-02  1.65878433e-02
  1.69692201e-02  1.74652365e-02  1.79857319e-02  1.93496678e-02
  1.97447720e-02  2.04086152e-02  2.09205145e-02  2.18767419e-02
  2.26394872e-02  2.26882063e-02  2.33511952e-02  2.43406690e-02
  2.44072762e-02  2.54959587e-02  2.62355757e-02  2.69561293e-02
  2.70007198e-02  2.80959685e-02  2.79321429e-02  2.90025296e-02
  2.98974656e-02  2.93358550e-02  3.02613410e-02  3.15535888e-02
  3.12540990e-02  3.17344679e-02  3.24369570e-02  3.25163351e-02
  3.26278563e-02  3.39089386e-02  3.31122867e-02  3.39695185e-02
  3.48609114e-02  3.44939066e-02  3.48579785e-02  3.57197761e-02
  3.55530363e-02  3.53716568e-02  3.63648121e-02  3.66462106e-02
  3.61134028e-02  3.69267816e-02  3.69846623e-02  3.70654564e-02
  3.70342380e-02  3.74185295e-02  3.76721459e-02  3.75255078e-02
  3.78441747e-02  3.77673192e-02  3.80473254e-02  3.75963902e-02
  3.72916256e-02  3.75779216e-02  3.76306981e-02  3.80002605e-02
  3.72992937e-02  3.77272608e-02  3.71686757e-02  3.70308389e-02
  3.74861330e-02  3.70940471e-02  3.63311484e-02  3.62533866e-02
  3.68332720e-02  3.60429909e-02  3.51262303e-02  3.54240626e-02
  3.54857452e-02  3.52583730e-02  3.45603347e-02  3.50376123e-02
  3.41775618e-02  3.32569786e-02  3.28941193e-02  3.26451083e-02
  3.25933469e-02  3.17714637e-02  3.17691043e-02  3.18635254e-02
  3.08360145e-02  2.97309463e-02  2.95850692e-02  2.95616072e-02
  2.83325367e-02  2.82386539e-02  2.79361908e-02  2.70086647e-02
  2.62863048e-02  2.58986211e-02  2.54019104e-02  2.49593057e-02
  2.40194911e-02  2.33812008e-02  2.28808858e-02  2.23988956e-02
  2.12125645e-02  2.07434140e-02  2.03014445e-02  1.90829474e-02
  1.93872696e-02  1.83825987e-02  1.71509774e-02  1.66526870e-02
  1.63443267e-02  1.52838012e-02  1.44638528e-02  1.42982049e-02
  1.31683680e-02  1.22720516e-02  1.17295575e-02  1.13945003e-02
  1.05684478e-02  9.03420448e-03  9.07845096e-03  8.13209736e-03
  7.46763892e-03  6.33113124e-03  5.41847484e-03  5.28918238e-03
  4.15254057e-03  3.31232568e-03  2.49876434e-03  2.32635166e-03
  1.25189717e-03  6.85593786e-04  1.82234701e-04 -1.20214094e-03
 -1.72314149e-03 -2.48095621e-03 -3.24387653e-03 -4.05859829e-03
 -4.41863732e-03 -4.95644400e-03 -6.10719627e-03 -6.35668374e-03
 -7.33808318e-03 -8.02646458e-03 -9.15409493e-03 -9.86705078e-03
 -9.87254153e-03 -1.06815648e-02 -1.16118513e-02 -1.18799546e-02
 -1.26150329e-02 -1.36864291e-02 -1.40594088e-02 -1.42074070e-02
 -1.54807675e-02 -1.58630326e-02 -1.65874658e-02 -1.68614295e-02
 -1.74406629e-02 -1.84851633e-02 -1.86891125e-02 -1.87859948e-02
 -1.96293450e-02 -2.03541938e-02 -2.07725892e-02 -2.12725278e-02
 -2.20656427e-02 -2.21628691e-02 -2.26511323e-02 -2.31021279e-02
 -2.34734680e-02 -2.38336236e-02 -2.42571873e-02 -2.49278724e-02
 -2.52689943e-02 -2.55896281e-02 -2.57527861e-02 -2.63449777e-02
 -2.65178578e-02 -2.67736065e-02 -2.74328259e-02 -2.74739179e-02
 -2.75012817e-02 -2.79109150e-02 -2.81844967e-02 -2.83482690e-02
 -2.85802756e-02 -2.89620528e-02 -2.91351454e-02 -2.93500813e-02
 -2.94389611e-02 -2.96254332e-02 -2.97666946e-02 -2.96235861e-02
 -2.98042019e-02 -3.00371174e-02 -3.01351441e-02 -3.00182574e-02
 -3.01562670e-02 -3.03833320e-02 -3.02411472e-02 -3.02799535e-02
 -3.02665719e-02 -3.00692446e-02 -3.00952510e-02 -3.00388854e-02
 -3.00188615e-02 -2.99269087e-02 -2.99141219e-02 -2.97796421e-02
 -2.97191939e-02 -2.96250310e-02 -2.93562539e-02 -2.92849918e-02
 -2.90720827e-02 -2.89203068e-02 -2.87928730e-02 -2.83865200e-02
 -2.82438022e-02 -2.80890820e-02 -2.80650032e-02 -2.75271041e-02
 -2.73395464e-02 -2.71879478e-02 -2.67769159e-02 -2.64530682e-02
 -2.61170008e-02 -2.59362656e-02 -2.56616977e-02 -2.52626321e-02
 -2.49622365e-02 -2.47172192e-02 -2.43361939e-02 -2.37887884e-02
 -2.35762836e-02 -2.31711452e-02 -2.27690493e-02 -2.24481140e-02
 -2.19452914e-02 -2.16168126e-02 -2.11476397e-02 -2.08158507e-02
 -2.03659423e-02 -1.99572639e-02 -1.94890879e-02 -1.90662141e-02
 -1.86301495e-02 -1.80853351e-02 -1.76397801e-02 -1.72241886e-02
 -1.67822329e-02 -1.63442203e-02 -1.58901220e-02 -1.54341752e-02
 -1.48632364e-02 -1.44345452e-02 -1.39471861e-02 -1.34178024e-02
 -1.29210742e-02 -1.24600145e-02 -1.20132651e-02 -1.14654887e-02
 -1.09770879e-02 -1.05366419e-02 -1.00381796e-02 -9.54198230e-03
 -9.03886768e-03 -8.46699632e-03 -8.01567129e-03 -7.52540973e-03
 -6.97131694e-03 -6.51879544e-03 -6.05206405e-03 -5.51315921e-03
 -5.09458377e-03 -4.58229093e-03 -4.04669674e-03 -3.62159583e-03
 -3.12808520e-03 -2.57469119e-03 -2.12918043e-03 -1.62681336e-03
 -1.20020227e-03 -7.19664252e-04 -2.70472779e-04  2.03418095e-04
  6.05283636e-04  1.13200954e-03  1.58549335e-03  2.03056280e-03
  2.50011588e-03  2.96284649e-03  3.34114773e-03  3.79364558e-03
  4.19072472e-03  4.58720719e-03  5.01717383e-03  5.44141784e-03
  5.78375325e-03  6.26289964e-03  6.62474160e-03  6.99476463e-03
  7.41832891e-03  7.80836860e-03  8.12391046e-03  8.49300612e-03
  8.84260191e-03  9.16880369e-03  9.55595403e-03  9.85422902e-03
  1.01859661e-02  1.05596208e-02  1.08736246e-02  1.11695912e-02
  1.14411279e-02  1.17100402e-02  1.19878503e-02  1.22874496e-02
  1.25333535e-02  1.28096413e-02  1.30912086e-02  1.33217460e-02
  1.35839708e-02  1.37976872e-02  1.40008715e-02  1.42365222e-02
  1.44599353e-02  1.46414034e-02  1.48392948e-02  1.50253899e-02
  1.52011979e-02  1.53954309e-02  1.55629821e-02  1.56975799e-02
  1.58504662e-02  1.59969911e-02  1.61233954e-02  1.62271970e-02
  1.63636249e-02  1.64830904e-02  1.65828719e-02  1.66584044e-02
  1.67665613e-02  1.68556413e-02  1.69305569e-02  1.69644766e-02
  1.70300011e-02  1.70933113e-02  1.71338054e-02  1.71734696e-02
  1.71914885e-02  1.72232987e-02  1.72460236e-02  1.72870882e-02
  1.72651555e-02  1.72369180e-02  1.72268588e-02  1.72429518e-02
  1.72163183e-02  1.71722871e-02  1.71507854e-02  1.71144633e-02
  1.70711621e-02  1.70071372e-02  1.69273270e-02  1.69006932e-02
  1.68154080e-02  1.67561591e-02  1.66847327e-02  1.65898908e-02
  1.64589177e-02  1.63714687e-02  1.63089253e-02  1.61717544e-02
  1.60572675e-02  1.59671886e-02  1.58608368e-02  1.57086165e-02
  1.55726713e-02  1.54587414e-02  1.53053892e-02  1.51618105e-02
  1.50118408e-02  1.48711632e-02  1.47332964e-02  1.45640501e-02
  1.43873430e-02  1.42364676e-02  1.41031012e-02  1.39100850e-02
  1.37209725e-02  1.35599310e-02  1.33715356e-02  1.31810283e-02
  1.30165460e-02  1.28170088e-02  1.26224671e-02  1.24422666e-02
  1.22637123e-02  1.20453926e-02  1.18604229e-02  1.16353911e-02
  1.14227237e-02  1.12485229e-02  1.10453814e-02  1.08120478e-02
  1.05955998e-02  1.04174461e-02  1.02030825e-02  9.95913395e-03
  9.77216122e-03  9.54308419e-03  9.34389068e-03  9.12331947e-03
  8.91551869e-03  8.68715545e-03  8.46276572e-03  8.25296820e-03
  8.02790841e-03  7.82974690e-03  7.57638428e-03  7.37080880e-03
  7.16496347e-03  6.94015922e-03  6.71291562e-03  6.48959174e-03
  6.30117703e-03  6.04098538e-03  5.82612997e-03  5.64221284e-03
  5.40985043e-03  5.19881941e-03  4.97582996e-03  4.78526070e-03
  4.55063010e-03  4.34810139e-03  4.12702469e-03  3.92706385e-03
  3.71785539e-03  3.51984944e-03  3.32896968e-03  3.09827048e-03
  2.88448584e-03  2.69624233e-03  2.51182493e-03  2.31003432e-03
  2.07828399e-03  1.91012029e-03  1.73063797e-03  1.52481129e-03
  1.32287813e-03  1.16445872e-03  9.62016312e-04  7.72851572e-04
  6.14912100e-04  4.25652138e-04  2.16301508e-04  6.12209968e-05
 -1.09013275e-04 -2.76406002e-04 -4.59495122e-04 -6.13143083e-04
 -7.79252078e-04 -9.38027010e-04 -1.11080143e-03 -1.28157958e-03
 -1.40885415e-03 -1.58687577e-03 -1.75561407e-03 -1.86401752e-03
 -2.02847036e-03 -2.18209950e-03 -2.32165069e-03 -2.45229387e-03
 -2.61329559e-03 -2.73207272e-03 -2.86616584e-03 -3.01382943e-03
 -3.13396374e-03 -3.28146809e-03 -3.37411240e-03 -3.51965014e-03
 -3.65676159e-03 -3.74868901e-03 -3.85827262e-03 -3.97873459e-03
 -4.11586423e-03 -4.19215174e-03 -4.33219337e-03 -4.42993739e-03
 -4.51838040e-03 -4.63376083e-03 -4.73298808e-03 -4.83541851e-03
 -4.91528481e-03 -5.01685282e-03 -5.11780256e-03 -5.21228643e-03
 -5.28463029e-03 -5.36114482e-03 -5.47754661e-03 -5.53333461e-03
 -5.61391811e-03 -5.70851567e-03 -5.78210125e-03 -5.84851932e-03
 -5.91276891e-03 -6.00498311e-03 -6.06362711e-03 -6.12397871e-03
 -6.19877574e-03 -6.27291813e-03 -6.32790982e-03 -6.37509972e-03
 -6.45349312e-03 -6.50187373e-03 -6.54724783e-03 -6.61935002e-03
 -6.66751759e-03 -6.72256820e-03 -6.75486069e-03 -6.82015285e-03
 -6.86544552e-03 -6.90139575e-03 -6.96106804e-03 -6.99840494e-03
 -7.04659290e-03 -7.06757894e-03 -7.12480936e-03 -7.17459121e-03
 -7.18403265e-03 -7.22993428e-03 -7.26822222e-03 -7.32978027e-03
 -7.32452376e-03 -7.36443571e-03 -7.40368307e-03 -7.43244603e-03
 -7.45385474e-03 -7.47117515e-03 -7.52550091e-03 -7.53551988e-03
 -7.56316411e-03 -7.59541963e-03 -7.60701236e-03 -7.64466268e-03
 -7.64122327e-03 -7.68933549e-03 -7.69386230e-03 -7.71972695e-03
 -7.73719869e-03 -7.76295005e-03 -7.78494209e-03 -7.77947296e-03
 -7.81151252e-03 -7.81817718e-03 -7.83711140e-03 -7.85518075e-03
 -7.85809300e-03 -7.88672888e-03 -7.88982713e-03 -7.91150174e-03
 -7.90165134e-03 -7.92078002e-03 -7.94655149e-03 -7.93990990e-03
 -7.95415954e-03 -7.95866756e-03 -7.97997721e-03 -7.97256526e-03
 -7.97773407e-03 -7.98866271e-03 -7.98849146e-03 -8.01333625e-03
 -7.99860146e-03 -8.01013229e-03 -8.01250708e-03 -7.99884524e-03
 -8.01589025e-03 -8.01268429e-03 -8.02489173e-03 -8.00702286e-03
 -8.02612225e-03 -8.01328008e-03 -7.99558026e-03 -8.00553035e-03
 -7.99954261e-03 -8.01091152e-03 -7.99862032e-03 -7.98304618e-03
 -7.99287869e-03 -7.96634685e-03 -7.96263982e-03 -7.94070021e-03
 -7.96041502e-03 -7.92569552e-03 -7.93903436e-03 -7.92693734e-03
 -7.88695267e-03 -7.89118584e-03 -7.87117952e-03 -7.84674842e-03
 -7.83745106e-03 -7.82109352e-03 -7.80321041e-03 -7.77784371e-03
 -7.77473519e-03 -7.71225434e-03 -7.71817189e-03 -7.68945469e-03
 -7.65049540e-03 -7.63968448e-03 -7.60475021e-03 -7.56967391e-03
 -7.53519868e-03 -7.51608768e-03 -7.46807581e-03 -7.43258692e-03
 -7.42051090e-03 -7.35411153e-03 -7.33131275e-03 -7.27223175e-03
 -7.24669148e-03 -7.19768899e-03 -7.14730616e-03 -7.10336057e-03
 -7.04958230e-03 -7.01077380e-03 -6.93913043e-03 -6.89451887e-03
 -6.83729599e-03 -6.77438536e-03 -6.73225900e-03 -6.65274451e-03
 -6.60326898e-03 -6.52922125e-03 -6.46161786e-03 -6.38977836e-03
 -6.31973357e-03 -6.24885844e-03 -6.15209167e-03 -6.10001551e-03
 -6.01452510e-03 -5.93078681e-03 -5.85019717e-03 -5.75416805e-03
 -5.67690579e-03 -5.57905650e-03 -5.48180385e-03 -5.37984326e-03
 -5.30410147e-03 -5.21029365e-03 -5.08028691e-03 -4.99641850e-03
 -4.88260651e-03 -4.76691293e-03 -4.65971758e-03 -4.54708471e-03
 -4.43750122e-03 -4.30852653e-03 -4.19645259e-03 -4.05626737e-03
 -3.94167490e-03 -3.80680522e-03 -3.66869095e-03 -3.55827089e-03
 -3.38827282e-03 -3.26900792e-03 -3.13025523e-03 -2.98836600e-03
 -2.83519184e-03 -2.67907000e-03 -2.54775419e-03 -2.38400068e-03
 -2.23604125e-03 -2.05533388e-03 -1.90510726e-03 -1.74574843e-03
 -1.56472623e-03 -1.42308204e-03 -1.22439906e-03 -1.06444309e-03
 -8.88942101e-04 -7.22105255e-04 -5.14402730e-04 -3.33376246e-04
 -1.75116343e-04  3.54218103e-05  2.07511319e-04  4.11379167e-04
  6.09399181e-04  7.95577054e-04  1.00514717e-03  1.20427141e-03
  1.40251777e-03  1.59046099e-03  1.81460024e-03  2.01009346e-03
  2.22581198e-03  2.44606704e-03  2.65105564e-03  2.87363547e-03
  3.09151685e-03  3.30551524e-03  3.50856934e-03  3.72926543e-03
  3.98403204e-03  4.18360972e-03  4.39836089e-03  4.64529629e-03
  4.87368207e-03  5.08340790e-03  5.33855955e-03  5.57227307e-03
  5.76950186e-03  6.01989828e-03  6.26844738e-03  6.48189128e-03
  6.71054486e-03  6.93321694e-03  7.19333374e-03  7.44004628e-03
  7.65491529e-03  7.87270147e-03  8.13758221e-03  8.38635659e-03
  8.55641448e-03  8.83251144e-03  9.07568928e-03  9.28447599e-03
  9.51359324e-03  9.77654226e-03  1.00101809e-02  1.02007281e-02
  1.04446763e-02  1.06849680e-02  1.09173958e-02  1.11185380e-02
  1.13501348e-02  1.16016707e-02  1.17862549e-02  1.20192048e-02
  1.22328541e-02  1.24662701e-02  1.26653162e-02  1.28694926e-02
  1.31039698e-02  1.33173530e-02  1.34978761e-02  1.36874136e-02
  1.39125020e-02  1.40971314e-02  1.42749921e-02  1.45060343e-02
  1.46620258e-02  1.48320087e-02  1.50224131e-02  1.52166867e-02
  1.53637186e-02  1.55305897e-02  1.56980441e-02  1.58646987e-02
  1.60298293e-02  1.61715281e-02  1.63002388e-02  1.64676858e-02
  1.66036040e-02  1.67392638e-02  1.68691401e-02  1.69739859e-02
  1.70929865e-02  1.72304309e-02  1.73429343e-02  1.74106571e-02
  1.75151661e-02  1.76217085e-02  1.76927709e-02  1.77602121e-02
  1.78379160e-02  1.79246844e-02  1.79481933e-02  1.80172002e-02
  1.80643135e-02  1.80893135e-02  1.81299521e-02  1.81636710e-02
  1.81956224e-02  1.81921411e-02  1.82149019e-02  1.81985098e-02
  1.81688869e-02  1.81747320e-02  1.81429685e-02  1.81347568e-02
  1.80951341e-02  1.80492953e-02  1.79684895e-02  1.79495929e-02
  1.78767163e-02  1.77721578e-02  1.77046448e-02  1.76014510e-02
  1.75088938e-02  1.74123477e-02  1.72770386e-02  1.71322603e-02
  1.70126290e-02  1.69288334e-02  1.67455636e-02  1.65797837e-02
  1.64136393e-02  1.62616791e-02  1.60536479e-02  1.58617300e-02
  1.56709028e-02  1.54646482e-02  1.52600346e-02  1.50552117e-02
  1.48201683e-02  1.45742202e-02  1.43104348e-02  1.40837104e-02
  1.38013407e-02  1.35396573e-02  1.32631983e-02  1.29843978e-02
  1.26735027e-02  1.23789387e-02  1.20420565e-02  1.17463411e-02
  1.14304930e-02  1.10844275e-02  1.07508407e-02  1.04351673e-02
  1.00443645e-02  9.66905257e-03  9.30708312e-03  8.92343007e-03
  8.53445928e-03  8.16024572e-03  7.76757888e-03  7.33067124e-03
  6.93497204e-03  6.55568925e-03  6.11293794e-03  5.65088527e-03
  5.21107773e-03  4.78398043e-03  4.33286301e-03  3.87562400e-03
  3.42295083e-03  2.94153958e-03  2.49806644e-03  2.03078628e-03
  1.53842391e-03  1.03701528e-03  5.60402864e-04  6.10522074e-05
 -4.30536700e-04 -8.99871078e-04 -1.45221355e-03 -1.94585578e-03
 -2.42285377e-03 -2.95696973e-03 -3.49572545e-03 -3.98670645e-03
 -4.54452296e-03 -5.06411744e-03 -5.57238003e-03 -6.14889187e-03
 -6.63840107e-03 -7.10655053e-03 -7.66548991e-03 -8.19850113e-03
 -8.74028499e-03 -9.26916201e-03 -9.80765963e-03 -1.03703552e-02
 -1.09398291e-02 -1.13571277e-02 -1.19100896e-02 -1.24783986e-02
 -1.29570339e-02 -1.34718119e-02 -1.40419554e-02 -1.45153793e-02
 -1.50843225e-02 -1.55907136e-02 -1.60899168e-02 -1.65886591e-02
 -1.71432684e-02 -1.75363737e-02 -1.81239289e-02 -1.85614568e-02
 -1.89369577e-02 -1.94666012e-02 -2.00322680e-02 -2.04111754e-02
 -2.09591295e-02 -2.14047256e-02 -2.18304716e-02 -2.23072907e-02
 -2.27194562e-02 -2.30256961e-02 -2.35954159e-02 -2.39678986e-02
 -2.42725474e-02 -2.47780314e-02 -2.51536064e-02 -2.54618371e-02
 -2.59517124e-02 -2.62346422e-02 -2.65470881e-02 -2.69532996e-02
 -2.72624367e-02 -2.75064152e-02 -2.79000089e-02 -2.80941838e-02
 -2.83757096e-02 -2.88068275e-02 -2.89673183e-02 -2.91679223e-02
 -2.95208269e-02 -2.97241778e-02 -2.99033892e-02 -3.01178521e-02
 -3.02740416e-02 -3.04548888e-02 -3.06981678e-02 -3.07080941e-02
 -3.08719056e-02 -3.11601119e-02 -3.11589112e-02 -3.12775475e-02
 -3.14051298e-02 -3.13954731e-02 -3.14039392e-02 -3.14892993e-02
 -3.14741990e-02 -3.14844495e-02 -3.15868115e-02 -3.15025601e-02]
