Frame: 122
temp_s_est shape: (1024,)
temp_s_est dtype: float64
temp_s_est:
[ 2.90800657e-04  1.79997338e-04  3.79367447e-04  3.31626589e-04
  2.82594656e-04  2.58924267e-04  5.49812824e-04  3.70252712e-04
  3.63885121e-04  3.51213135e-04  4.23111291e-04  4.48822347e-04
  4.44910792e-04  5.51131287e-04  3.59331978e-04  4.82935874e-04
  4.36921709e-04  4.80503328e-04  3.93396723e-04  4.69108766e-04
  4.62769345e-04  3.66948015e-04  4.14790095e-04  5.33670880e-04
  3.73638155e-04  3.10867035e-04  4.36035323e-04  6.06824446e-04
  3.48112728e-04  4.48434954e-04  4.97263944e-04  5.07726091e-04
  3.60106369e-04  4.34510718e-04  6.27259446e-04  4.41017676e-04
  4.33640489e-04  4.67173660e-04  6.15833834e-04  3.42184785e-04
  2.40199597e-04  4.78895201e-04  3.89800949e-04  3.33140954e-04
  3.79977375e-04  4.04074289e-04  3.80860425e-04  2.88509051e-04
  4.56606770e-04  3.44067615e-04  4.38362989e-04  3.59978578e-04
  4.54136393e-04  1.97553554e-04  4.44259233e-04  5.41160789e-04
  3.84466945e-04  3.80540442e-04  3.71957358e-04  5.37350324e-04
  8.28361803e-05  3.75062072e-04  5.78167434e-04  7.02820939e-04
  1.46212659e-04  3.99497014e-04  4.33042025e-04  5.26114483e-04
  3.68036615e-05  4.63575476e-04  2.30367754e-04  3.33514769e-04
  1.32789831e-04  4.99100056e-04  8.30148282e-05  3.02594767e-04
  2.64305463e-04  2.64242164e-04  3.33161141e-04  1.63181319e-04
  4.32882152e-04  3.20417923e-05  5.38407564e-04  3.10755420e-04
  2.44482527e-04 -8.25571082e-05  3.92075394e-04  3.86828978e-04
 -1.38881541e-05 -1.15312480e-04  2.30120101e-04 -2.44014101e-04
 -3.79749122e-04 -1.36337001e-04  2.05318649e-04 -4.37862951e-04
 -4.69437058e-04 -1.07443385e-04  4.83251433e-05 -3.29653946e-04
 -1.75959894e-04  6.77875376e-04 -8.66446538e-05 -1.01321773e-04
 -1.61850110e-04  5.41955184e-04 -8.46684517e-05  6.92993145e-05
  3.37649535e-04  1.66727458e-05 -1.12034679e-04 -1.72957923e-04
 -5.22702951e-05  3.45683424e-06 -6.95428007e-05 -2.10361364e-04
 -3.95909929e-04 -2.54426763e-04 -3.77766118e-04 -5.19517980e-04
 -2.27943999e-04 -3.05822092e-06  9.05029394e-05 -8.84488914e-04
 -2.74121967e-04 -3.74840098e-04 -9.83521529e-05 -5.32389885e-04
 -1.76118212e-05 -1.43580359e-04 -8.48204460e-04 -7.20403150e-04
 -2.63805374e-04 -2.25503618e-04 -9.33668175e-04 -7.71486854e-04
 -3.51005934e-04 -7.61629191e-04 -9.12800107e-04 -5.66296214e-04
 -3.43577771e-04 -6.22844524e-04 -5.76095080e-04 -2.40363754e-04
 -4.36853456e-04 -3.34311794e-04 -5.04581891e-04 -5.82065619e-05
 -2.17918116e-04 -1.32666404e-05 -9.33084787e-05 -1.84383789e-04
 -3.28780875e-04 -3.95444444e-04 -4.16806626e-04 -6.88699163e-04
 -4.95063387e-04 -2.89825238e-04 -6.61636516e-04 -6.70095153e-04
 -6.89248105e-04 -3.93845794e-04 -7.81170973e-04 -6.84181790e-04
 -5.07710026e-04 -4.29441001e-04 -6.52602532e-04 -7.35575930e-04
 -2.65438736e-04 -7.51897038e-04 -2.54428641e-04 -6.15227734e-04
 -4.17722912e-04 -9.77102347e-04 -6.47074800e-04 -7.39019352e-04
 -4.48232161e-04 -3.37943225e-04 -2.54117551e-04 -5.15110857e-04
 -7.83755572e-04 -6.25752306e-04 -5.77505143e-05 -2.93346747e-04
 -3.72932801e-04 -3.46492037e-04 -3.22805238e-04 -6.70088476e-04
 -4.92201638e-04 -2.78152740e-05 -7.30304154e-04 -2.49303663e-04
 -3.31583066e-04 -2.82864192e-04 -9.71044485e-04 -5.17249191e-04
 -1.86239588e-04 -6.02638214e-04 -4.57786315e-04 -2.68385606e-04
 -9.28997655e-05 -8.09235446e-04 -2.96952647e-04 -2.32577220e-05
 -2.91814837e-04 -6.60054371e-04 -4.81807199e-04 -3.49141909e-04
 -3.82031505e-04 -4.82550396e-04 -1.78983808e-04 -4.60793028e-04
 -2.22127964e-04 -5.54899381e-04 -2.64582267e-04 -4.72374744e-04
  8.36048536e-05 -3.61447008e-06 -3.12147245e-04 -9.07275341e-05
 -2.35682783e-05 -8.86806187e-05 -5.80448658e-04 -6.78760717e-05
 -1.71926884e-04 -4.83898689e-04 -4.93580150e-04  1.67550094e-05
 -1.47268916e-04 -5.65800840e-04 -4.18883820e-04  4.85691801e-05
 -3.65285761e-04 -2.93759638e-04 -2.26340438e-04  1.22214868e-04
 -3.57495726e-04 -6.82070723e-05  1.52891159e-05  2.68636062e-05
 -7.33788649e-05 -1.78312111e-05  3.34323404e-04  1.22469324e-04
 -1.17467541e-05 -1.96679066e-04  9.04231743e-05  3.13454293e-05
  1.68750942e-04  5.41227923e-05 -3.68272411e-05  1.33189346e-04
  1.47799591e-04 -3.37941444e-05  3.66541914e-05  1.55738163e-04
  1.06552123e-04 -1.00558084e-04  2.19667249e-04  2.73627560e-04
  2.00194296e-04  7.57876199e-05  2.07189915e-04  2.61513411e-04
  1.69849838e-05  1.60821927e-04  2.69401192e-04  3.50006598e-04
  6.38865825e-05  2.43896760e-04  3.60639638e-04  1.52191694e-04
  1.52701532e-04  2.36470228e-04  2.88686163e-04  1.32183334e-04
  2.48577338e-04  4.69402446e-04  2.73986714e-04  3.13452371e-04
  3.38960580e-04  5.19480365e-04  2.93464853e-04  4.11429130e-04
  4.46059700e-04  3.74099468e-04  4.37644604e-04  4.40932655e-04
  4.37424979e-04  2.55740134e-04  4.50984363e-04  4.27905330e-04
  3.86239920e-04  3.75043667e-04  4.77920662e-04  3.83168262e-04
  2.47580604e-04  4.40766392e-04  6.00713995e-04  3.95470500e-04
  3.35661276e-04  4.03354695e-04  5.48636456e-04  3.55339702e-04
  3.61124490e-04  5.25977837e-04  4.44301247e-04  4.09224693e-04
  3.57627461e-04  5.36012498e-04  3.36964421e-04  4.70021108e-04
  4.50458413e-04  4.93082447e-04  4.02888940e-04  4.95587521e-04
  4.30429767e-04  4.04118423e-04  4.88635567e-04  5.40679928e-04
  3.82528468e-04  4.17684122e-04  4.34935130e-04  4.65946142e-04
  2.92965325e-04  3.75481774e-04  4.44038271e-04  3.73954309e-04
  2.69741123e-04  3.82814112e-04  4.80465551e-04  3.08337073e-04
  4.05823008e-04  4.56034940e-04  4.37724315e-04  2.76064959e-04
  3.93506828e-04  4.54822256e-04  3.68085201e-04  3.14470382e-04
  3.90254015e-04  3.87333339e-04  3.29696161e-04  3.21105822e-04
  3.98457860e-04  3.03527164e-04  3.13204332e-04  3.29757282e-04
  3.21475571e-04  2.73784664e-04  2.65941567e-04  3.01665610e-04
  2.22986981e-04  3.23503989e-04  2.89502157e-04  2.52730714e-04
  2.01189153e-04  3.20048417e-04  3.08070505e-04  1.84373921e-04
  1.99102206e-04  2.70534914e-04  2.67997349e-04  1.58225614e-04
  2.22482187e-04  2.54822062e-04  1.65832165e-04  1.05708920e-04
  2.00942706e-04  2.01847077e-04  1.21186424e-04  1.19704878e-04
  2.20639204e-04  1.24668565e-04  8.42506719e-05  9.40237927e-05
  1.61631381e-04  8.59786673e-05  1.05318567e-04  1.08211109e-04
  9.44821572e-05  9.86183828e-05  7.74965557e-05  1.04344430e-04
  6.80567945e-05  6.28806635e-05  7.04415523e-05  3.02493412e-05
  2.49776019e-05  3.24579243e-05  2.58942043e-05 -1.64319710e-05
  2.82924804e-05  4.46683076e-05 -4.49853783e-05 -4.18684100e-05
  2.58680458e-05  4.04223917e-05 -5.17970214e-05 -3.61709334e-05
  2.68756979e-06 -4.07672418e-05 -9.09315633e-05 -6.19057942e-05
  8.05661291e-06 -7.80471153e-05 -1.15627582e-04 -7.66836787e-05
 -7.22668930e-05 -1.28570144e-04 -1.25086713e-04 -8.21906957e-05
 -1.15056518e-04 -1.43159504e-04 -1.23769799e-04 -1.29324906e-04
 -1.51776121e-04 -1.52298482e-04 -1.26662622e-04 -1.69117369e-04
 -1.74029563e-04 -1.56322179e-04 -1.60430125e-04 -1.93971285e-04
 -1.75106839e-04 -1.45253013e-04 -1.94005367e-04 -1.98593037e-04
 -1.75864608e-04 -1.92838149e-04 -2.03920736e-04 -1.90063164e-04
 -1.43684219e-04 -2.17897996e-04 -2.12525793e-04 -1.74645983e-04
 -1.88037298e-04 -2.50632607e-04 -2.20807255e-04 -1.91200534e-04
 -2.43265680e-04 -2.56415330e-04 -2.21039493e-04 -2.12164427e-04
 -2.74042231e-04 -2.55641229e-04 -2.26959201e-04 -2.42364931e-04
 -2.68373471e-04 -2.34323998e-04 -2.29829583e-04 -2.65457250e-04
 -2.72938724e-04 -2.19796314e-04 -2.65031320e-04 -2.65386026e-04
 -2.54039969e-04 -2.43153843e-04 -2.86246439e-04 -2.50659952e-04
 -2.24358991e-04 -2.68392985e-04 -2.84338330e-04 -2.48516893e-04
 -2.34121038e-04 -2.87771626e-04 -2.64585618e-04 -2.25617809e-04
 -2.46141663e-04 -2.81120194e-04 -2.39462499e-04 -2.30575033e-04
 -2.66563954e-04 -2.65279409e-04 -2.12875199e-04 -2.47095045e-04
 -2.51298075e-04 -2.54554758e-04 -2.26376261e-04 -2.53136899e-04
 -2.35892792e-04 -2.15812346e-04 -2.29863648e-04 -2.39898227e-04
 -2.24501689e-04 -2.09851215e-04 -2.40097051e-04 -2.08202259e-04
 -2.10060827e-04 -2.24540210e-04 -2.39445028e-04 -1.87445947e-04
 -2.01211442e-04 -2.26465840e-04 -2.09819617e-04 -1.70000358e-04
 -2.22105576e-04 -2.14379452e-04 -1.79629190e-04 -1.47806970e-04
 -2.11928137e-04 -1.91163320e-04 -1.60794802e-04 -1.78957059e-04
 -2.03518236e-04 -1.73651097e-04 -1.43297409e-04 -1.85794360e-04
 -1.70524428e-04 -1.54968079e-04 -1.44452318e-04 -1.71610747e-04
 -1.47989956e-04 -1.38330540e-04 -1.35726278e-04 -1.43567759e-04
 -1.19866561e-04 -1.32371549e-04 -1.23184627e-04 -1.13071092e-04
 -9.76130775e-05 -1.28038229e-04 -1.09887257e-04 -9.98732868e-05
 -1.05033969e-04 -9.74940324e-05 -8.23771115e-05 -8.10263548e-05
 -1.20129244e-04 -7.99136997e-05 -7.18673387e-05 -6.63160314e-05
 -9.91694709e-05 -5.61652306e-05 -6.48083536e-05 -7.42909388e-05
 -7.70044712e-05 -4.12232836e-05 -5.78812888e-05 -6.46348132e-05
 -6.06375105e-05 -3.15762876e-05 -5.29923713e-05 -5.37858043e-05
 -3.92029322e-05 -3.03509055e-05 -4.13467878e-05 -4.92719869e-05
 -1.41894893e-05 -2.62295752e-05 -1.68370813e-05 -2.78937236e-05
 -7.52154531e-06 -2.98594503e-05 -1.08535737e-06 -1.08713329e-05
 -8.28858414e-06 -1.06028344e-05  1.50094787e-05 -1.91187166e-06
 -3.84327716e-06  2.36494528e-06  2.75671426e-05  5.09502155e-06
  9.03184472e-06  2.74759813e-05  2.96814362e-05  9.29826344e-06
  1.69989274e-05  4.85998276e-05  3.23755156e-05  2.97080608e-05
  2.20252042e-05  4.84758940e-05  2.61387489e-05  5.28320693e-05
  4.05052740e-05  4.37142334e-05  2.26639315e-05  5.18873752e-05
  4.41473703e-05  4.88357809e-05  4.43118022e-05  6.27214754e-05
  3.16019632e-05  4.25477735e-05  6.19166539e-05  6.32507301e-05
  4.67934018e-05  5.63656100e-05  7.48129792e-05  4.61101400e-05
  5.49218449e-05  6.30788277e-05  8.04082821e-05  4.30210397e-05
  7.14712060e-05  6.69591345e-05  7.63360985e-05  4.73882957e-05
  8.50263027e-05  7.54872928e-05  7.27549281e-05  5.98322258e-05
  8.29073664e-05  7.02985440e-05  6.78741903e-05  7.31847208e-05
  8.90031814e-05  8.20971038e-05  7.38819818e-05  7.92180009e-05
  7.17605671e-05  8.55025398e-05  8.63502226e-05  9.01598520e-05
  6.57389559e-05  8.86288715e-05  7.39554156e-05  8.49818885e-05
  7.16535722e-05  9.81731919e-05  7.32249732e-05  7.10009357e-05
  7.78700267e-05  9.65573986e-05  7.94541495e-05  7.50153120e-05
  8.35506503e-05  9.00682766e-05  8.17081467e-05  7.79308034e-05
  9.09010375e-05  7.16766747e-05  8.10778238e-05  7.46243290e-05
  9.80401694e-05  7.24605547e-05  9.14568202e-05  7.19115813e-05
  9.46200524e-05  7.04603957e-05  9.23743940e-05  7.97842953e-05
  9.19792754e-05  8.14804104e-05  8.76006804e-05  8.07526068e-05
  8.15505981e-05  8.76665940e-05  8.10212554e-05  7.97000355e-05
  8.06733195e-05  9.01459229e-05  6.46362729e-05  7.49219587e-05
  6.89385501e-05  9.52975159e-05  6.45904915e-05  8.92657259e-05
  6.69755827e-05  8.63220135e-05  5.46947969e-05  8.76209551e-05
  8.42497991e-05  9.34343935e-05  6.36987743e-05  7.82723663e-05
  8.12992214e-05  8.57094789e-05  7.92975895e-05  8.42550278e-05
  7.99685240e-05  7.56219823e-05  8.31580362e-05  8.05669673e-05
  8.96678495e-05  7.54346087e-05  9.29242017e-05  7.12786027e-05
  9.25104172e-05  7.17124265e-05  9.10505457e-05  6.49427374e-05
  8.93663765e-05  7.88828122e-05  8.75768589e-05  6.56749687e-05
  7.92999987e-05  7.84777599e-05  7.34892703e-05  7.22598747e-05
  8.36252609e-05  8.22632957e-05  6.57114910e-05  7.73163744e-05
  7.77173103e-05  8.32009606e-05  6.30584510e-05  8.94584722e-05
  7.30098029e-05  8.70770548e-05  7.12419483e-05  9.76606682e-05
  7.11425426e-05  8.21355887e-05  7.75538552e-05  9.08633862e-05
  8.82270061e-05  9.22573890e-05  8.61494066e-05  7.19411456e-05
  8.68973723e-05  1.01823976e-04  9.39193351e-05  7.87781120e-05
  9.84801033e-05  8.77684516e-05  8.78559671e-05  7.99051193e-05
  1.16933902e-04  8.56900853e-05  8.36802780e-05  7.96560237e-05
  1.15683190e-04  8.25974018e-05  8.93589369e-05  9.34701248e-05
  1.09088687e-04  7.90343957e-05  8.46881190e-05  9.54682410e-05
  8.89315247e-05  8.58445605e-05  9.15986582e-05  9.39896346e-05
  8.04772188e-05  8.86177206e-05  8.15823076e-05  9.23391926e-05
  8.90370145e-05  1.11920123e-04  7.86771311e-05  9.07738904e-05
  8.92182364e-05  1.08398899e-04  7.69293102e-05  1.02606303e-04
  1.03112402e-04  9.68979315e-05  6.87475053e-05  1.01910141e-04
  1.10382604e-04  8.61467418e-05  8.48015653e-05  9.70576927e-05
  9.72298808e-05  7.45134891e-05  9.69040623e-05  1.09534128e-04
  9.28049817e-05  6.55315978e-05  1.02283385e-04  9.28762599e-05
  9.65052842e-05  7.65491904e-05  1.05043647e-04  8.14582805e-05
  8.90765475e-05  8.38131913e-05  9.48093693e-05  7.02918343e-05
  9.07097351e-05  8.11617994e-05  8.02764832e-05  7.94000459e-05
  8.26679818e-05  7.74359637e-05  6.26058186e-05  7.82510391e-05
  7.55785065e-05  5.66214059e-05  5.24565264e-05  7.26241975e-05
  5.80833387e-05  5.61100715e-05  4.15693422e-05  6.93644227e-05
  3.91555145e-05  5.14319684e-05  5.25743097e-05  6.54192660e-05
  3.06412029e-05  4.48156043e-05  5.39186891e-05  4.49524194e-05
  3.98946295e-05  5.31233612e-05  5.38785279e-05  1.68477371e-05
  3.80951411e-05  4.00291986e-05  3.80969218e-05  2.42042597e-05
  4.13442527e-05  2.35117664e-05  7.30323049e-06  6.28929218e-06
  4.22101851e-05  3.61511223e-06 -2.02271505e-06  4.00908458e-06
  1.50046867e-05 -2.27659274e-05 -7.86126302e-06  1.40295624e-05
 -9.43193753e-06 -3.65893483e-05 -1.14623180e-05  9.62461322e-06
 -4.34497559e-05 -4.12781139e-05 -1.50322099e-05 -5.28736743e-06
 -5.86618835e-05 -5.00543032e-05 -2.85971693e-05 -4.88087338e-05
 -6.77589445e-05 -3.91562356e-05 -6.24962890e-05 -6.31970688e-05
 -8.13516665e-05 -6.74068128e-05 -9.00833174e-05 -6.84044614e-05
 -7.40651353e-05 -9.98528141e-05 -1.08077052e-04 -7.96207662e-05
 -7.94740548e-05 -1.24284890e-04 -9.18583699e-05 -7.52297189e-05
 -1.04031286e-04 -1.41023805e-04 -8.23782996e-05 -8.10150614e-05
 -1.34089191e-04 -1.36816223e-04 -9.32380990e-05 -1.26035692e-04
 -1.58623440e-04 -1.28883290e-04 -9.83604538e-05 -1.64904749e-04
 -1.71277628e-04 -1.31437012e-04 -1.49574251e-04 -1.90927581e-04
 -1.74724711e-04 -1.47151932e-04 -2.04277745e-04 -1.88056821e-04
 -1.84231713e-04 -1.84116637e-04 -2.17129927e-04 -1.78919339e-04
 -1.83173562e-04 -2.06513989e-04 -2.03501214e-04 -1.84355360e-04
 -2.15147510e-04 -2.18863437e-04 -1.94270981e-04 -1.86390830e-04
 -2.55060920e-04 -2.31825138e-04 -2.06251830e-04 -2.33826881e-04
 -2.73512570e-04 -2.34743547e-04 -2.25115430e-04 -2.78810074e-04
 -2.63940780e-04 -2.28585944e-04 -2.36907795e-04 -2.94954044e-04
 -2.51544128e-04 -2.19404889e-04 -2.56658136e-04 -2.62288844e-04
 -2.28014310e-04 -2.27930704e-04 -2.67172649e-04 -2.41864819e-04
 -2.34189631e-04 -2.59267587e-04 -2.67435624e-04 -2.64650256e-04
 -2.88846568e-04 -3.03862032e-04 -2.71157617e-04 -2.63724590e-04
 -3.07204406e-04 -3.01030454e-04 -2.80668948e-04 -2.89790360e-04
 -3.28328418e-04 -2.71289021e-04 -2.61085454e-04 -3.10599528e-04
 -2.87503392e-04 -2.48394574e-04 -2.63231482e-04 -3.13013391e-04
 -2.50792880e-04 -2.09411497e-04 -2.59060941e-04 -2.95275059e-04
 -2.60466671e-04 -2.29030899e-04 -2.84703926e-04 -2.62977757e-04
 -2.34601203e-04 -2.29622617e-04 -2.93550791e-04 -2.74676125e-04
 -2.68193205e-04 -2.68561116e-04 -2.46608041e-04 -2.42029194e-04
 -2.40948076e-04 -2.42152048e-04 -2.43651256e-04 -2.33611255e-04
 -2.34939740e-04 -1.93125635e-04 -1.95120499e-04 -2.45258066e-04
 -2.16098523e-04 -1.87705116e-04 -1.55238675e-04 -2.40237111e-04
 -1.65263147e-04 -1.54459647e-04 -1.66299083e-04 -2.46380757e-04
 -1.53339194e-04 -1.38672277e-04 -1.83719152e-04 -1.76511433e-04
 -9.07232006e-05 -1.29522209e-04 -1.85596470e-04 -1.58852721e-04
 -5.15443676e-05 -1.08672840e-04 -1.10955973e-04 -8.66551875e-05
 -3.92334288e-05 -9.21460599e-05 -1.08575299e-04 -5.36866012e-05
 -7.34225089e-05 -7.17166334e-05 -8.29724581e-05  2.09175988e-06
 -6.82185548e-05 -2.47157769e-05 -2.28181945e-05  2.77212877e-06
  1.89507782e-06  1.42704699e-05 -5.41523275e-06 -2.60955000e-05
  8.17174458e-05  4.53238310e-05 -3.54760762e-05 -3.22392557e-05
  1.14983069e-04  5.74435433e-05 -7.08537731e-06  3.43098739e-06
  2.00694390e-04  4.38260457e-06  5.24527164e-05  8.93237440e-05
  2.45538486e-04  2.46152393e-05  1.25862178e-04  2.34865400e-04
  2.12315288e-04  9.24815561e-05  1.45639418e-04  3.17741215e-04
  2.11381725e-04  1.91026833e-04  1.63522742e-04  2.39756033e-04
  1.58284328e-04  2.17179103e-04  1.96509806e-04  2.28039900e-04
  1.75135509e-04  2.58885119e-04  1.51919297e-04  2.71733677e-04
  2.87334454e-04  3.73006984e-04  2.05056221e-04  3.88761277e-04
  3.52842484e-04  2.49835949e-04  2.22403703e-04  3.88579632e-04
  4.46633227e-04  1.90976472e-04  3.37826014e-04  4.04911877e-04
  3.19359252e-04  1.66775283e-04  3.45632834e-04  4.12816448e-04]
