Frame: 71
temp_s_est shape: (1024,)
temp_s_est dtype: float64
temp_s_est:
[-4.56461868e-03 -4.84201658e-03 -5.02322266e-03 -5.25180065e-03
 -5.39896351e-03 -5.60716868e-03 -5.91197368e-03 -5.98794904e-03
 -6.30960880e-03 -6.38178420e-03 -6.49374830e-03 -6.64501295e-03
 -6.88786104e-03 -7.15379237e-03 -7.27058888e-03 -7.22101012e-03
 -7.49471564e-03 -7.88982001e-03 -8.02043977e-03 -8.11991263e-03
 -8.08376275e-03 -8.43726287e-03 -8.88637156e-03 -8.90394534e-03
 -8.80734531e-03 -9.02728417e-03 -9.41674802e-03 -9.59597265e-03
 -9.63694410e-03 -9.56704086e-03 -9.89532369e-03 -1.00122010e-02
 -1.01570633e-02 -1.02183363e-02 -1.00657204e-02 -1.04348115e-02
 -1.04624903e-02 -1.05092298e-02 -1.05282255e-02 -1.07150241e-02
 -1.09882544e-02 -1.10380267e-02 -1.11718205e-02 -1.12500966e-02
 -1.13808998e-02 -1.10950903e-02 -1.15081044e-02 -1.14759590e-02
 -1.17042903e-02 -1.15134119e-02 -1.10469448e-02 -1.14689229e-02
 -1.15704375e-02 -1.18413330e-02 -1.14414140e-02 -1.11639353e-02
 -1.15800438e-02 -1.18809463e-02 -1.18481092e-02 -1.14026162e-02
 -1.16006942e-02 -1.15858337e-02 -1.18690177e-02 -1.14579272e-02
 -1.10347376e-02 -1.13358124e-02 -1.13360491e-02 -1.13103874e-02
 -1.09192581e-02 -1.07797084e-02 -1.07486245e-02 -1.08390384e-02
 -1.07603662e-02 -1.07581557e-02 -1.06703960e-02 -1.02870214e-02
 -1.03433620e-02 -1.00117252e-02 -1.03038144e-02 -1.01963107e-02
 -9.41607373e-03 -9.36356215e-03 -9.43338230e-03 -9.70046458e-03
 -9.42122924e-03 -8.48485516e-03 -8.42794552e-03 -9.07610938e-03
 -8.40567065e-03 -7.87553719e-03 -7.64325967e-03 -7.32342632e-03
 -7.85813434e-03 -7.42310206e-03 -6.82459691e-03 -6.54693838e-03
 -6.80954188e-03 -6.53215973e-03 -6.39496120e-03 -5.51318441e-03
 -5.77128214e-03 -5.81050808e-03 -5.16964514e-03 -4.74971905e-03
 -4.26795154e-03 -4.52183498e-03 -4.20370264e-03 -3.66834715e-03
 -3.44039564e-03 -2.92348957e-03 -2.90694507e-03 -2.23114416e-03
 -1.92642237e-03 -2.02323256e-03 -1.73508096e-03 -5.83014850e-04
 -4.98493823e-04 -1.22368952e-03 -5.66176937e-04 -3.55828056e-04
  8.03755006e-04  3.88676293e-04  2.01551839e-04  5.51276725e-04
  1.25556547e-03  2.20848160e-03  1.70229963e-03  1.74433652e-03
  1.98342632e-03  3.69864640e-03  3.93339742e-03  3.50883733e-03
  3.57954854e-03  4.23500994e-03  5.36286616e-03  4.90522443e-03
  4.87199625e-03  4.86388558e-03  5.36202989e-03  6.04430411e-03
  5.96009570e-03  6.56658777e-03  6.73884125e-03  6.92836314e-03
  7.00886937e-03  8.36706548e-03  8.47641285e-03  8.87160786e-03
  8.40159015e-03  8.46468001e-03  9.68520848e-03  9.71016053e-03
  9.56767052e-03  9.42270553e-03  9.30522402e-03  1.09423791e-02
  1.09611878e-02  1.04326597e-02  1.05369407e-02  1.13386919e-02
  1.15057560e-02  1.19150088e-02  1.10036607e-02  1.18873507e-02
  1.25989640e-02  1.24735390e-02  1.25143428e-02  1.22243716e-02
  1.26390825e-02  1.32164834e-02  1.32061291e-02  1.25454966e-02
  1.35259411e-02  1.33729485e-02  1.35367933e-02  1.33554774e-02
  1.34140944e-02  1.42510764e-02  1.37982332e-02  1.38438045e-02
  1.40431092e-02  1.43586237e-02  1.44133995e-02  1.42347865e-02
  1.44382028e-02  1.46614820e-02  1.49231945e-02  1.41908448e-02
  1.44222676e-02  1.44296402e-02  1.49640943e-02  1.48787943e-02
  1.36706757e-02  1.39710147e-02  1.42541973e-02  1.48717317e-02
  1.39174896e-02  1.36585258e-02  1.37702444e-02  1.45583424e-02
  1.42671630e-02  1.31852226e-02  1.32055988e-02  1.31829478e-02
  1.37302351e-02  1.33270420e-02  1.28240864e-02  1.32337758e-02
  1.25786893e-02  1.31991309e-02  1.28413664e-02  1.27544902e-02
  1.22303397e-02  1.20938989e-02  1.14370820e-02  1.18947245e-02
  1.15872400e-02  1.11039586e-02  1.07186903e-02  1.00430026e-02
  1.06972096e-02  1.08272441e-02  1.00723260e-02  9.68243317e-03
  9.74012353e-03  1.01743341e-02  9.76796821e-03  8.78621203e-03
  8.26253767e-03  8.91372221e-03  8.77233218e-03  8.08261160e-03
  7.21011981e-03  7.16759972e-03  7.26589830e-03  6.72809094e-03
  6.53925511e-03  5.98904639e-03  5.73748030e-03  5.65309496e-03
  5.41248132e-03  4.94554365e-03  4.81665757e-03  4.60902683e-03
  3.99372247e-03  3.80654818e-03  3.05349322e-03  3.38285130e-03
  2.92011495e-03  2.33159925e-03  2.20465880e-03  1.95440427e-03
  1.77008522e-03  1.17466529e-03  9.40216322e-04  6.56359018e-04
  6.46961002e-04 -6.97807651e-05 -4.86635002e-04 -4.64221878e-04
 -7.32705653e-04 -8.31508342e-04 -1.84561676e-03 -1.72588202e-03
 -1.82779110e-03 -2.02041846e-03 -2.52463949e-03 -3.14342620e-03
 -3.30205750e-03 -3.35615848e-03 -3.56572416e-03 -4.30746481e-03
 -4.46288118e-03 -4.66817567e-03 -4.71213179e-03 -4.86262093e-03
 -5.51175847e-03 -5.49632777e-03 -5.90675412e-03 -6.02782551e-03
 -6.28737880e-03 -6.59813507e-03 -6.79504999e-03 -7.08898075e-03
 -7.31956266e-03 -7.47855802e-03 -7.57235930e-03 -7.95917217e-03
 -8.23176503e-03 -8.53419907e-03 -8.37622504e-03 -8.49474870e-03
 -9.06694553e-03 -9.18649761e-03 -9.35058407e-03 -9.24515050e-03
 -9.53601084e-03 -9.83438388e-03 -1.00719278e-02 -9.92831924e-03
 -1.00363557e-02 -1.01530895e-02 -1.03602191e-02 -1.05522304e-02
 -1.04122603e-02 -1.05380292e-02 -1.06849069e-02 -1.08164189e-02
 -1.08927742e-02 -1.09687261e-02 -1.10989893e-02 -1.12020240e-02
 -1.12725547e-02 -1.12538892e-02 -1.15005487e-02 -1.13843507e-02
 -1.14635521e-02 -1.13651540e-02 -1.13350284e-02 -1.15348652e-02
 -1.13686431e-02 -1.13978471e-02 -1.14316608e-02 -1.15459460e-02
 -1.14012020e-02 -1.12976154e-02 -1.13276795e-02 -1.13616101e-02
 -1.14186962e-02 -1.11920496e-02 -1.12050200e-02 -1.10625193e-02
 -1.11603171e-02 -1.11497131e-02 -1.09731210e-02 -1.08939987e-02
 -1.08010021e-02 -1.08666653e-02 -1.06967777e-02 -1.05395878e-02
 -1.04221428e-02 -1.04467190e-02 -1.02871474e-02 -1.00720112e-02
 -9.97932140e-03 -9.79634937e-03 -9.83432017e-03 -9.58311827e-03
 -9.47201264e-03 -9.39221619e-03 -9.16796830e-03 -8.99200259e-03
 -8.92781643e-03 -8.82536386e-03 -8.62805058e-03 -8.46673562e-03
 -8.26219885e-03 -8.17151856e-03 -7.98827525e-03 -7.79567129e-03
 -7.61869678e-03 -7.40138046e-03 -7.30965562e-03 -7.12226575e-03
 -6.94541647e-03 -6.70754256e-03 -6.55546578e-03 -6.40739441e-03
 -6.25812369e-03 -6.00933622e-03 -5.78272486e-03 -5.64069812e-03
 -5.41858633e-03 -5.30054820e-03 -5.03048659e-03 -4.86895637e-03
 -4.67988382e-03 -4.42648262e-03 -4.24745548e-03 -4.08938467e-03
 -3.93421697e-03 -3.66270169e-03 -3.49819711e-03 -3.28932911e-03
 -3.14480315e-03 -2.91483903e-03 -2.71164155e-03 -2.53860967e-03
 -2.33531961e-03 -2.18101460e-03 -1.91689690e-03 -1.74305510e-03
 -1.55712795e-03 -1.39208758e-03 -1.19085662e-03 -9.51055234e-04
 -7.95120373e-04 -6.10089170e-04 -4.49899398e-04 -2.05208980e-04
 -8.67921718e-05  1.02097183e-04  2.86039526e-04  4.65304949e-04
  6.41355762e-04  7.71757422e-04  9.43971912e-04  1.11066447e-03
  1.29829533e-03  1.41123505e-03  1.58105771e-03  1.74358475e-03
  1.90829889e-03  2.07271123e-03  2.15969640e-03  2.34947378e-03
  2.48325492e-03  2.69319131e-03  2.76325835e-03  2.87573212e-03
  3.04711483e-03  3.21493476e-03  3.32550578e-03  3.40909869e-03
  3.54477898e-03  3.68847435e-03  3.84259608e-03  3.86743944e-03
  3.98467648e-03  4.13962455e-03  4.21257137e-03  4.33825287e-03
  4.38094312e-03  4.50577705e-03  4.59095632e-03  4.70439614e-03
  4.74338468e-03  4.85958280e-03  4.95160586e-03  5.02979952e-03
  5.10739808e-03  5.13319177e-03  5.25291794e-03  5.33340258e-03
  5.36618469e-03  5.40639052e-03  5.44898239e-03  5.54205986e-03
  5.58657814e-03  5.60179522e-03  5.59782248e-03  5.70985479e-03
  5.72325990e-03  5.76822185e-03  5.76335649e-03  5.80741707e-03
  5.88345750e-03  5.84831482e-03  5.87836650e-03  5.89444528e-03
  5.92454945e-03  5.93108455e-03  5.95654401e-03  5.91879663e-03
  5.94682026e-03  5.97409044e-03  5.93778453e-03  5.96932042e-03
  5.92376850e-03  5.96412300e-03  5.92296550e-03  5.88563713e-03
  5.90716960e-03  5.88932506e-03  5.86754823e-03  5.80429769e-03
  5.79009809e-03  5.76465468e-03  5.78696075e-03  5.69323967e-03
  5.66010190e-03  5.64531418e-03  5.60925328e-03  5.60394343e-03
  5.48362173e-03  5.47784629e-03  5.43843617e-03  5.41000542e-03
  5.34380672e-03  5.28158646e-03  5.23716109e-03  5.17749957e-03
  5.15656051e-03  5.05873636e-03  5.01972262e-03  4.96112455e-03
  4.89682999e-03  4.84359398e-03  4.76766459e-03  4.74499963e-03
  4.64143014e-03  4.57676227e-03  4.49075092e-03  4.46359101e-03
  4.37802522e-03  4.29682222e-03  4.20445512e-03  4.15178875e-03
  4.12875132e-03  4.00637261e-03  3.93096037e-03  3.83612371e-03
  3.81954672e-03  3.76536537e-03  3.64567261e-03  3.54368339e-03
  3.48572720e-03  3.43513879e-03  3.34413561e-03  3.26746309e-03
  3.15562023e-03  3.12030115e-03  3.02566796e-03  2.93350754e-03
  2.85616462e-03  2.77260066e-03  2.71623786e-03  2.60684252e-03
  2.54054382e-03  2.44903614e-03  2.38484434e-03  2.29132952e-03
  2.21868684e-03  2.14378698e-03  2.05956945e-03  2.00119354e-03
  1.86967543e-03  1.82668994e-03  1.74717405e-03  1.70202587e-03
  1.60133500e-03  1.48372908e-03  1.45374735e-03  1.38704369e-03
  1.32691884e-03  1.18672705e-03  1.14529988e-03  1.08948640e-03
  1.01265164e-03  9.17319609e-04  8.24301050e-04  8.00978483e-04
  7.12043728e-04  6.67536513e-04  5.51352412e-04  5.01448705e-04
  4.48823873e-04  3.92742651e-04  3.33334663e-04  2.25779854e-04
  1.90337216e-04  1.24828179e-04  8.36090491e-05 -3.05075165e-06
 -5.09948813e-05 -1.05545497e-04 -1.79938529e-04 -2.25853460e-04
 -2.95558467e-04 -3.21574445e-04 -4.01361794e-04 -4.70128584e-04
 -5.08203288e-04 -5.28740932e-04 -5.95053347e-04 -6.71391527e-04
 -7.16444536e-04 -7.40210521e-04 -7.57534712e-04 -8.42469779e-04
 -8.89656489e-04 -9.36354618e-04 -9.53302509e-04 -9.78582275e-04
 -1.05191935e-03 -1.09942573e-03 -1.12650779e-03 -1.12777032e-03
 -1.18094248e-03 -1.22131930e-03 -1.27197874e-03 -1.26349365e-03
 -1.29869709e-03 -1.34108492e-03 -1.35674660e-03 -1.39882901e-03
 -1.39464379e-03 -1.45937235e-03 -1.46284404e-03 -1.48520607e-03
 -1.50981549e-03 -1.54478749e-03 -1.57121287e-03 -1.55851939e-03
 -1.59271089e-03 -1.59432492e-03 -1.64959740e-03 -1.62028487e-03
 -1.62459113e-03 -1.65538290e-03 -1.66279769e-03 -1.70747511e-03
 -1.67072788e-03 -1.68668409e-03 -1.70104577e-03 -1.74739390e-03
 -1.73437175e-03 -1.71244127e-03 -1.73128659e-03 -1.74489003e-03
 -1.77582713e-03 -1.72848257e-03 -1.73473545e-03 -1.74217311e-03
 -1.76548742e-03 -1.75943410e-03 -1.73128049e-03 -1.74539801e-03
 -1.74565515e-03 -1.76127871e-03 -1.73347112e-03 -1.73114482e-03
 -1.73039089e-03 -1.72353307e-03 -1.71151448e-03 -1.69446890e-03
 -1.71191344e-03 -1.69756747e-03 -1.68351655e-03 -1.65711950e-03
 -1.67122536e-03 -1.67322830e-03 -1.66298065e-03 -1.62997056e-03
 -1.63191040e-03 -1.63781872e-03 -1.61936878e-03 -1.59770015e-03
 -1.57466680e-03 -1.59150671e-03 -1.57921206e-03 -1.56530569e-03
 -1.53069154e-03 -1.52564995e-03 -1.54955333e-03 -1.52071017e-03
 -1.51110031e-03 -1.46579490e-03 -1.49051545e-03 -1.48384820e-03
 -1.47021775e-03 -1.43238764e-03 -1.42589924e-03 -1.44555619e-03
 -1.41110863e-03 -1.40497380e-03 -1.36728033e-03 -1.39185818e-03
 -1.38155852e-03 -1.35750081e-03 -1.35419958e-03 -1.32463667e-03
 -1.34230553e-03 -1.30713043e-03 -1.31290811e-03 -1.29710100e-03
 -1.29366629e-03 -1.27547315e-03 -1.25100952e-03 -1.27411099e-03
 -1.25623999e-03 -1.26416604e-03 -1.21958428e-03 -1.23282705e-03
 -1.24112587e-03 -1.23537731e-03 -1.22900540e-03 -1.18615274e-03
 -1.20565971e-03 -1.21860839e-03 -1.21111684e-03 -1.17694846e-03
 -1.17895617e-03 -1.20072960e-03 -1.20877337e-03 -1.19756945e-03
 -1.17055665e-03 -1.19901538e-03 -1.20011806e-03 -1.19942010e-03
 -1.19054132e-03 -1.19044650e-03 -1.19771452e-03 -1.20506525e-03
 -1.19395011e-03 -1.19022083e-03 -1.20637530e-03 -1.20656060e-03
 -1.21264197e-03 -1.20605865e-03 -1.22610353e-03 -1.22782272e-03
 -1.23162222e-03 -1.22979446e-03 -1.24482214e-03 -1.27149823e-03
 -1.25518412e-03 -1.26502656e-03 -1.26178457e-03 -1.31019927e-03
 -1.31200559e-03 -1.29027787e-03 -1.30089084e-03 -1.31713881e-03
 -1.37025836e-03 -1.33510986e-03 -1.34376829e-03 -1.35011845e-03
 -1.39499642e-03 -1.40423626e-03 -1.39109539e-03 -1.40039735e-03
 -1.41425097e-03 -1.47228889e-03 -1.45513639e-03 -1.45930353e-03
 -1.47002628e-03 -1.50796725e-03 -1.53353040e-03 -1.50327184e-03
 -1.54151428e-03 -1.53403440e-03 -1.57663519e-03 -1.56974327e-03
 -1.58178978e-03 -1.60679301e-03 -1.60546887e-03 -1.62541823e-03
 -1.62788044e-03 -1.66622691e-03 -1.67408246e-03 -1.68678484e-03
 -1.67587889e-03 -1.69433299e-03 -1.73640459e-03 -1.72778350e-03
 -1.72857412e-03 -1.71542866e-03 -1.76299988e-03 -1.78277407e-03
 -1.77722570e-03 -1.76380235e-03 -1.78509531e-03 -1.83631784e-03
 -1.84397659e-03 -1.81652628e-03 -1.80208361e-03 -1.86226149e-03
 -1.87357284e-03 -1.87169861e-03 -1.83539113e-03 -1.85164147e-03
 -1.87134314e-03 -1.87262421e-03 -1.88458478e-03 -1.87113869e-03
 -1.87693505e-03 -1.87591163e-03 -1.89682205e-03 -1.87465620e-03
 -1.88403808e-03 -1.88577415e-03 -1.87320119e-03 -1.87644939e-03
 -1.85895585e-03 -1.88123140e-03 -1.84433343e-03 -1.83521335e-03
 -1.84139092e-03 -1.85768243e-03 -1.83946483e-03 -1.78221054e-03
 -1.79616319e-03 -1.78856165e-03 -1.83248684e-03 -1.75290686e-03
 -1.71571753e-03 -1.73351355e-03 -1.71386813e-03 -1.71633231e-03
 -1.64528158e-03 -1.63320744e-03 -1.61184444e-03 -1.61579705e-03
 -1.57721519e-03 -1.54336405e-03 -1.50870493e-03 -1.49789031e-03
 -1.50493113e-03 -1.42156225e-03 -1.42747488e-03 -1.37703070e-03
 -1.35773431e-03 -1.31765031e-03 -1.27093072e-03 -1.27433574e-03
 -1.20787436e-03 -1.15130107e-03 -1.11964094e-03 -1.10941652e-03
 -1.05222467e-03 -1.00083807e-03 -9.27345026e-04 -8.97795132e-04
 -8.89704904e-04 -8.01460646e-04 -7.54710834e-04 -6.88002410e-04
 -6.82369449e-04 -6.29217389e-04 -5.53360630e-04 -4.76277239e-04
 -4.43268194e-04 -4.12011635e-04 -3.43041805e-04 -2.72644282e-04
 -1.79631578e-04 -1.66371481e-04 -1.03011171e-04 -2.43015079e-05
  4.76806724e-05  1.09240109e-04  1.46906530e-04  2.45778060e-04
  3.11659917e-04  3.96003504e-04  4.23378155e-04  5.26585714e-04
  5.99962609e-04  6.58703426e-04  7.40686215e-04  7.85551985e-04
  9.08392569e-04  9.53340661e-04  1.03059709e-03  1.07957826e-03
  1.20829632e-03  1.29077230e-03  1.32917059e-03  1.40645911e-03
  1.47672814e-03  1.61776151e-03  1.66130045e-03  1.72806322e-03
  1.77960233e-03  1.90542535e-03  2.01712671e-03  2.05874563e-03
  2.15387471e-03  2.19341355e-03  2.32953694e-03  2.41198128e-03
  2.47402094e-03  2.56253921e-03  2.65167082e-03  2.74797165e-03
  2.81225096e-03  2.90440368e-03  2.97534935e-03  3.10939486e-03
  3.14948601e-03  3.23974928e-03  3.32533209e-03  3.41453941e-03
  3.50420693e-03  3.52396564e-03  3.64717284e-03  3.75206964e-03
  3.81413317e-03  3.85803457e-03  3.94331233e-03  4.05649596e-03
  4.14031852e-03  4.22172770e-03  4.24367649e-03  4.35832379e-03
  4.43169097e-03  4.53354599e-03  4.58183503e-03  4.63619281e-03
  4.73463668e-03  4.80607425e-03  4.85766344e-03  4.90143013e-03
  5.00674555e-03  5.04263985e-03  5.13386880e-03  5.15041997e-03
  5.22155234e-03  5.31414891e-03  5.33240717e-03  5.38775104e-03
  5.42241381e-03  5.53555006e-03  5.59094130e-03  5.58597395e-03
  5.60916557e-03  5.72656234e-03  5.78056403e-03  5.78786198e-03
  5.86082614e-03  5.85605553e-03  5.94968659e-03  5.98664959e-03
  5.97799939e-03  6.01833210e-03  6.04417905e-03  6.09757411e-03
  6.08311673e-03  6.05569110e-03  6.05780528e-03  6.15868599e-03
  6.11896852e-03  6.12908891e-03  6.13112690e-03  6.13438934e-03
  6.16716716e-03  6.12559197e-03  6.16749511e-03  6.16704223e-03
  6.17494648e-03  6.14277390e-03  6.09079836e-03  6.12266661e-03
  6.11275721e-03  6.05091236e-03  5.96986074e-03  6.03472119e-03
  5.95910483e-03  5.94118167e-03  5.85067247e-03  5.78879787e-03
  5.80857140e-03  5.78904331e-03  5.72036733e-03  5.59633105e-03
  5.56000154e-03  5.54059430e-03  5.53699043e-03  5.38818739e-03
  5.28802312e-03  5.30102134e-03  5.17964747e-03  5.12082902e-03
  5.00590273e-03  4.93536348e-03  4.86434058e-03  4.78853064e-03
  4.66284011e-03  4.53384440e-03  4.46767547e-03  4.36002268e-03
  4.23035990e-03  4.13425567e-03  4.06456783e-03  3.90526922e-03
  3.72802755e-03  3.64979147e-03  3.53806998e-03  3.45913930e-03
  3.27538874e-03  3.10371753e-03  2.97079465e-03  2.89863015e-03
  2.70115290e-03  2.57341453e-03  2.35477003e-03  2.24097851e-03
  2.13901011e-03  1.89844177e-03  1.73907329e-03  1.65002542e-03
  1.52177492e-03  1.30681291e-03  1.17706558e-03  9.65578432e-04
  8.18401892e-04  6.50406678e-04  5.13339447e-04  3.22895213e-04
  3.74571078e-05 -5.02069815e-05 -3.16006185e-04 -4.54145746e-04
 -6.03792552e-04 -8.91863261e-04 -1.07839731e-03 -1.35321279e-03
 -1.40283282e-03 -1.52548303e-03 -1.82570161e-03 -2.18516154e-03
 -2.24903142e-03 -2.31838724e-03 -2.53357319e-03 -2.72861184e-03
 -3.16933283e-03 -3.13952414e-03 -3.25441287e-03 -3.50657631e-03
 -3.80642044e-03 -3.99657423e-03 -4.14867492e-03 -4.39665858e-03]
