Frame: 45
temp_s_est shape: (1024,)
temp_s_est dtype: float64
temp_s_est:
[-5.66581875e-02 -5.66787361e-02 -5.67460530e-02 -5.65902431e-02
 -5.66093331e-02 -5.63230619e-02 -5.63399121e-02 -5.62071273e-02
 -5.60595011e-02 -5.60174566e-02 -5.56705654e-02 -5.56093034e-02
 -5.51834478e-02 -5.50220406e-02 -5.47719478e-02 -5.45702702e-02
 -5.40532928e-02 -5.36825298e-02 -5.31374682e-02 -5.26993914e-02
 -5.22871662e-02 -5.16726222e-02 -5.12671927e-02 -5.06331211e-02
 -4.98512531e-02 -4.94969722e-02 -4.87799002e-02 -4.82307201e-02
 -4.74327787e-02 -4.69059108e-02 -4.61760067e-02 -4.54364461e-02
 -4.47028345e-02 -4.39205697e-02 -4.29596202e-02 -4.23084605e-02
 -4.13356204e-02 -4.04899181e-02 -3.97464672e-02 -3.84261483e-02
 -3.75899674e-02 -3.67442582e-02 -3.53142226e-02 -3.47170342e-02
 -3.33314336e-02 -3.25669791e-02 -3.14212156e-02 -3.04264974e-02
 -2.94644544e-02 -2.83095337e-02 -2.71861355e-02 -2.57699591e-02
 -2.47682423e-02 -2.35377847e-02 -2.26062565e-02 -2.10979014e-02
 -2.00075951e-02 -1.85230784e-02 -1.70667039e-02 -1.60292717e-02
 -1.42519241e-02 -1.35084301e-02 -1.18213421e-02 -1.07324399e-02
 -9.84659655e-03 -8.19649081e-03 -6.78227543e-03 -5.49635045e-03
 -4.15949147e-03 -2.71867277e-03 -1.46676270e-03 -3.90178523e-04
  1.52476397e-03  2.60698347e-03  4.34302459e-03  5.67211729e-03
  7.37952453e-03  8.42594602e-03  1.01538838e-02  1.13172852e-02
  1.22735536e-02  1.39426591e-02  1.51227337e-02  1.65088862e-02
  1.76929800e-02  1.91028470e-02  2.05724376e-02  2.17100415e-02
  2.35442021e-02  2.47325054e-02  2.61836331e-02  2.68584189e-02
  2.87928259e-02  2.96044692e-02  3.17289957e-02  3.26231798e-02
  3.38202290e-02  3.49337811e-02  3.55451735e-02  3.75412292e-02
  3.78125174e-02  3.94861059e-02  4.11999919e-02  4.13221960e-02
  4.36825711e-02  4.43883338e-02  4.48791113e-02  4.63980318e-02
  4.69868583e-02  4.83874197e-02  4.99459536e-02  5.04773842e-02
  5.22025021e-02  5.21304315e-02  5.36394736e-02  5.45099995e-02
  5.45215731e-02  5.64587318e-02  5.63085525e-02  5.69939538e-02
  5.88591046e-02  5.87781619e-02  6.05007258e-02  6.02774201e-02
  6.12919517e-02  6.17829681e-02  6.23293972e-02  6.34325446e-02
  6.46594699e-02  6.45223464e-02  6.54761670e-02  6.58682231e-02
  6.54000721e-02  6.65903644e-02  6.59842694e-02  6.66663196e-02
  6.70025355e-02  6.69965365e-02  6.87080736e-02  6.64941598e-02
  6.89290542e-02  6.77525886e-02  6.76135763e-02  6.93875779e-02
  6.86812715e-02  6.93944181e-02  6.90975081e-02  6.93500908e-02
  6.91919054e-02  6.84614431e-02  6.85202039e-02  6.87394295e-02
  6.73276180e-02  6.76195668e-02  6.75961454e-02  6.59708906e-02
  6.75650729e-02  6.54078279e-02  6.62804098e-02  6.61582767e-02
  6.46695742e-02  6.61287409e-02  6.33771220e-02  6.47970906e-02
  6.40167830e-02  6.21893959e-02  6.38982319e-02  6.14053714e-02
  6.09430751e-02  5.98413647e-02  5.94088231e-02  5.85993363e-02
  5.78770570e-02  5.69074587e-02  5.67715246e-02  5.49795273e-02
  5.42391804e-02  5.40280580e-02  5.16680354e-02  5.28963136e-02
  5.05407770e-02  5.03916723e-02  5.02402880e-02  4.75195144e-02
  4.81135632e-02  4.54756238e-02  4.57659204e-02  4.38728277e-02
  4.21978450e-02  4.20882314e-02  3.98827811e-02  3.88477761e-02
  3.79869423e-02  3.66470211e-02  3.56474926e-02  3.38599985e-02
  3.30329686e-02  3.22312321e-02  3.06951250e-02  2.98797228e-02
  2.88124071e-02  2.65778243e-02  2.63351193e-02  2.41217288e-02
  2.28856390e-02  2.19870557e-02  1.98174611e-02  1.88487039e-02
  1.72209716e-02  1.65396546e-02  1.40143906e-02  1.31199230e-02
  1.20689549e-02  1.03385436e-02  9.38566644e-03  8.13885288e-03
  7.22149692e-03  4.62413316e-03  4.58335907e-03  2.45672064e-03
  1.59347576e-03  2.39490149e-04 -1.71019828e-03 -2.48342347e-03
 -4.53501782e-03 -5.70811466e-03 -6.90216202e-03 -8.48756746e-03
 -9.43700543e-03 -1.08990970e-02 -1.20862370e-02 -1.32986185e-02
 -1.44147944e-02 -1.62582389e-02 -1.69794677e-02 -1.82537357e-02
 -1.90254340e-02 -2.06561951e-02 -2.15902857e-02 -2.28319875e-02
 -2.47023968e-02 -2.52036287e-02 -2.65204219e-02 -2.76567498e-02
 -2.85039747e-02 -2.99791358e-02 -3.07723101e-02 -3.22454448e-02
 -3.28950908e-02 -3.43020167e-02 -3.48322116e-02 -3.59244017e-02
 -3.67707035e-02 -3.77276646e-02 -3.86318973e-02 -3.93213582e-02
 -4.07063322e-02 -4.09149402e-02 -4.22146287e-02 -4.29978581e-02
 -4.36741671e-02 -4.46948845e-02 -4.50350618e-02 -4.61168494e-02
 -4.64058992e-02 -4.72884554e-02 -4.79281427e-02 -4.85291389e-02
 -4.89706150e-02 -4.97342521e-02 -4.99952739e-02 -5.05364583e-02
 -5.11799253e-02 -5.14999767e-02 -5.21379512e-02 -5.23867191e-02
 -5.29060792e-02 -5.32439738e-02 -5.33910645e-02 -5.40614143e-02
 -5.38312166e-02 -5.45006797e-02 -5.46473946e-02 -5.46849013e-02
 -5.49748628e-02 -5.50596303e-02 -5.51371367e-02 -5.52795792e-02
 -5.52986569e-02 -5.53995087e-02 -5.53653675e-02 -5.52715314e-02
 -5.54436177e-02 -5.53494859e-02 -5.52059307e-02 -5.53812509e-02
 -5.49206633e-02 -5.50731632e-02 -5.45552038e-02 -5.45985825e-02
 -5.43239977e-02 -5.38534734e-02 -5.39713679e-02 -5.33271765e-02
 -5.32216029e-02 -5.28310425e-02 -5.23783066e-02 -5.20251347e-02
 -5.16525169e-02 -5.12654331e-02 -5.08847441e-02 -5.05283236e-02
 -4.99388218e-02 -4.94366916e-02 -4.88753690e-02 -4.84570659e-02
 -4.78230912e-02 -4.73385327e-02 -4.67288764e-02 -4.61316284e-02
 -4.55131847e-02 -4.48035746e-02 -4.41743965e-02 -4.35143113e-02
 -4.28114088e-02 -4.21519489e-02 -4.14996085e-02 -4.07901169e-02
 -3.99381019e-02 -3.93970977e-02 -3.84642115e-02 -3.78549790e-02
 -3.70235172e-02 -3.61867505e-02 -3.55087868e-02 -3.45393897e-02
 -3.37759901e-02 -3.29268491e-02 -3.21337583e-02 -3.12490746e-02
 -3.02739411e-02 -2.96121764e-02 -2.85807320e-02 -2.78011542e-02
 -2.68921083e-02 -2.60635558e-02 -2.51396994e-02 -2.42847936e-02
 -2.33629523e-02 -2.25119046e-02 -2.15792562e-02 -2.06992837e-02
 -1.98207196e-02 -1.88373197e-02 -1.79957544e-02 -1.69994756e-02
 -1.60900354e-02 -1.52025179e-02 -1.42445491e-02 -1.33696519e-02
 -1.23754227e-02 -1.15451008e-02 -1.06115023e-02 -9.71040318e-03
 -8.84339458e-03 -7.97675986e-03 -7.03424362e-03 -6.19417027e-03
 -5.38147029e-03 -4.40032084e-03 -3.55958322e-03 -2.73329256e-03
 -1.76613190e-03 -9.89593966e-04 -8.03386876e-05  7.09094840e-04
  1.66398231e-03  2.43195004e-03  3.29954541e-03  4.13546737e-03
  4.89195163e-03  5.70644512e-03  6.49147631e-03  7.23196497e-03
  7.98558571e-03  8.77815943e-03  9.50386081e-03  1.02467033e-02
  1.09856374e-02  1.16497091e-02  1.24136940e-02  1.30416882e-02
  1.38199204e-02  1.44871857e-02  1.51699863e-02  1.58126747e-02
  1.64702045e-02  1.70844765e-02  1.76843256e-02  1.83269698e-02
  1.88710287e-02  1.94323728e-02  2.00282440e-02  2.05583744e-02
  2.10629197e-02  2.16056324e-02  2.21042610e-02  2.25415680e-02
  2.31161100e-02  2.35333769e-02  2.40081442e-02  2.44865037e-02
  2.48947814e-02  2.53631805e-02  2.57258292e-02  2.61523683e-02
  2.64995783e-02  2.67967467e-02  2.72432296e-02  2.74853302e-02
  2.78086947e-02  2.81556907e-02  2.83966106e-02  2.86504960e-02
  2.89354919e-02  2.91657783e-02  2.94556638e-02  2.96238720e-02
  2.98989055e-02  3.00900227e-02  3.02414717e-02  3.04656686e-02
  3.05849996e-02  3.07078557e-02  3.08699949e-02  3.09459248e-02
  3.10727223e-02  3.11469672e-02  3.12156980e-02  3.12838662e-02
  3.12925478e-02  3.13903932e-02  3.14071164e-02  3.13640082e-02
  3.14555758e-02  3.13932100e-02  3.13781687e-02  3.13910365e-02
  3.13117633e-02  3.13152407e-02  3.12051260e-02  3.11290961e-02
  3.10768495e-02  3.08902026e-02  3.08639454e-02  3.06981894e-02
  3.05580638e-02  3.04878705e-02  3.02576326e-02  3.01399029e-02
  2.99775901e-02  2.97342675e-02  2.96566844e-02  2.93696088e-02
  2.92402787e-02  2.90567975e-02  2.87219152e-02  2.86354278e-02
  2.83002132e-02  2.80668039e-02  2.78831104e-02  2.75153893e-02
  2.73505432e-02  2.70169444e-02  2.67414401e-02  2.64962748e-02
  2.61294389e-02  2.59051845e-02  2.55626795e-02  2.52231537e-02
  2.50133457e-02  2.45987308e-02  2.43290498e-02  2.40313029e-02
  2.36376813e-02  2.33689145e-02  2.29612562e-02  2.26376671e-02
  2.23012329e-02  2.18571664e-02  2.15790511e-02  2.11720448e-02
  2.07923975e-02  2.04785012e-02  2.00442334e-02  1.97163907e-02
  1.93355737e-02  1.89344139e-02  1.86218132e-02  1.81899590e-02
  1.78453460e-02  1.74659358e-02  1.70110724e-02  1.67251795e-02
  1.62555545e-02  1.58472222e-02  1.55187487e-02  1.50432017e-02
  1.47059939e-02  1.42692569e-02  1.38951932e-02  1.35381465e-02
  1.30737848e-02  1.27409508e-02  1.23542800e-02  1.19103727e-02
  1.15730155e-02  1.11470303e-02  1.07759444e-02  1.04249040e-02
  9.97416765e-03  9.65077024e-03  9.22986080e-03  8.80609005e-03
  8.47540739e-03  8.01650095e-03  7.72547751e-03  7.30474885e-03
  6.90617380e-03  6.59491886e-03  6.16337411e-03  5.81974643e-03
  5.44454223e-03  5.06843708e-03  4.75434222e-03  4.34275036e-03
  4.03054243e-03  3.68246631e-03  3.29621143e-03  2.96660819e-03
  2.60876230e-03  2.25683343e-03  1.94083560e-03  1.55615583e-03
  1.26457761e-03  9.26629441e-04  5.68926732e-04  2.83365428e-04
 -7.92907470e-05 -3.61360694e-04 -6.95145517e-04 -1.01602808e-03
 -1.26853334e-03 -1.60857196e-03 -1.87970160e-03 -2.19061546e-03
 -2.47130643e-03 -2.77230952e-03 -3.07156944e-03 -3.33433039e-03
 -3.62510736e-03 -3.91053553e-03 -4.17861184e-03 -4.44902276e-03
 -4.69733481e-03 -4.97827000e-03 -5.20818438e-03 -5.48155323e-03
 -5.70582253e-03 -5.94402079e-03 -6.20307787e-03 -6.40378231e-03
 -6.66017169e-03 -6.89165901e-03 -7.11225957e-03 -7.34038349e-03
 -7.54425573e-03 -7.78763507e-03 -7.99025597e-03 -8.19902009e-03
 -8.41243127e-03 -8.60114946e-03 -8.78716049e-03 -8.98639126e-03
 -9.17335451e-03 -9.37344446e-03 -9.53675962e-03 -9.71799896e-03
 -9.90439924e-03 -1.00506352e-02 -1.02391326e-02 -1.04020737e-02
 -1.05380763e-02 -1.07355358e-02 -1.08757389e-02 -1.10377941e-02
 -1.11904202e-02 -1.13206367e-02 -1.14791219e-02 -1.15952425e-02
 -1.17666949e-02 -1.18944162e-02 -1.20069011e-02 -1.21414276e-02
 -1.22538133e-02 -1.23788673e-02 -1.25064094e-02 -1.26139681e-02
 -1.27258344e-02 -1.28397086e-02 -1.29358989e-02 -1.30611818e-02
 -1.31559047e-02 -1.32545548e-02 -1.33710775e-02 -1.34397583e-02
 -1.35591195e-02 -1.36480916e-02 -1.37141333e-02 -1.38164169e-02
 -1.38667421e-02 -1.39680666e-02 -1.40414263e-02 -1.41086245e-02
 -1.41963026e-02 -1.42364653e-02 -1.43232658e-02 -1.43865355e-02
 -1.44451363e-02 -1.45205938e-02 -1.45685406e-02 -1.46250043e-02
 -1.46974272e-02 -1.47531586e-02 -1.47963581e-02 -1.48491767e-02
 -1.48786045e-02 -1.49298801e-02 -1.49670037e-02 -1.50105518e-02
 -1.50627008e-02 -1.50692977e-02 -1.51331318e-02 -1.51502689e-02
 -1.51737294e-02 -1.52220357e-02 -1.52193796e-02 -1.52769225e-02
 -1.52881540e-02 -1.53253126e-02 -1.53561725e-02 -1.53461931e-02
 -1.53861669e-02 -1.53783357e-02 -1.53935727e-02 -1.54256724e-02
 -1.54291656e-02 -1.54389935e-02 -1.54300872e-02 -1.54391251e-02
 -1.54428794e-02 -1.54352945e-02 -1.54456685e-02 -1.54523813e-02
 -1.54258944e-02 -1.54457021e-02 -1.54302348e-02 -1.54173513e-02
 -1.54148534e-02 -1.53893778e-02 -1.53856319e-02 -1.53732740e-02
 -1.53469893e-02 -1.53327439e-02 -1.52814353e-02 -1.52764326e-02
 -1.52430566e-02 -1.52098948e-02 -1.52077582e-02 -1.51572010e-02
 -1.51216304e-02 -1.50835809e-02 -1.50461111e-02 -1.50223281e-02
 -1.49673469e-02 -1.49316794e-02 -1.48785808e-02 -1.48300087e-02
 -1.47718498e-02 -1.47256670e-02 -1.46621061e-02 -1.46072920e-02
 -1.45355659e-02 -1.44769885e-02 -1.44315403e-02 -1.43473343e-02
 -1.42792001e-02 -1.42088296e-02 -1.41297518e-02 -1.40821304e-02
 -1.39684385e-02 -1.39155258e-02 -1.38115783e-02 -1.37092941e-02
 -1.36493874e-02 -1.35373849e-02 -1.34610053e-02 -1.33449063e-02
 -1.32438471e-02 -1.31464052e-02 -1.30240648e-02 -1.29392109e-02
 -1.28039662e-02 -1.26915463e-02 -1.25830431e-02 -1.24572269e-02
 -1.23252383e-02 -1.22266990e-02 -1.20699949e-02 -1.19394765e-02
 -1.18105927e-02 -1.16639098e-02 -1.15340845e-02 -1.13664524e-02
 -1.12317558e-02 -1.10786683e-02 -1.08945331e-02 -1.07641754e-02
 -1.05624060e-02 -1.03989769e-02 -1.02269750e-02 -1.00496376e-02
 -9.90349559e-03 -9.70440993e-03 -9.52975146e-03 -9.33386335e-03
 -9.12938736e-03 -8.95017371e-03 -8.74421928e-03 -8.53394087e-03
 -8.33622441e-03 -8.11898536e-03 -7.89373739e-03 -7.67217146e-03
 -7.43380752e-03 -7.20183511e-03 -6.96033242e-03 -6.73148629e-03
 -6.50820375e-03 -6.25662655e-03 -6.02244736e-03 -5.76563063e-03
 -5.50369684e-03 -5.25588153e-03 -4.97750056e-03 -4.72657286e-03
 -4.45011503e-03 -4.17034854e-03 -3.88514998e-03 -3.59522394e-03
 -3.31454722e-03 -3.00551991e-03 -2.71687899e-03 -2.40418865e-03
 -2.11388657e-03 -1.80123272e-03 -1.48164784e-03 -1.19951082e-03
 -8.52642624e-04 -5.56992522e-04 -2.22031655e-04  1.14511875e-04
  4.24564572e-04  7.95162454e-04  1.11611380e-03  1.46225534e-03
  1.80566400e-03  2.14273131e-03  2.52804085e-03  2.85727450e-03
  3.22967524e-03  3.62182511e-03  3.95455161e-03  4.33190606e-03
  4.70993672e-03  5.07307432e-03  5.45927527e-03  5.82427702e-03
  6.20081849e-03  6.60305507e-03  6.95736713e-03  7.37363081e-03
  7.75836532e-03  8.12431401e-03  8.55610756e-03  8.91213018e-03
  9.34496255e-03  9.75561210e-03  1.01471085e-02  1.05783937e-02
  1.09560698e-02  1.13852215e-02  1.17896781e-02  1.21429977e-02
  1.26026571e-02  1.29769513e-02  1.33660962e-02  1.38194082e-02
  1.41925003e-02  1.46209795e-02  1.50299500e-02  1.54134142e-02
  1.58909618e-02  1.62382839e-02  1.66912627e-02  1.71147633e-02
  1.74695680e-02  1.79490178e-02  1.82843846e-02  1.86978941e-02
  1.91396925e-02  1.94329028e-02  1.99183780e-02  2.02338046e-02
  2.06453748e-02  2.10773673e-02  2.13664990e-02  2.18380340e-02
  2.22010392e-02  2.25275720e-02  2.29905846e-02  2.32812230e-02
  2.36881687e-02  2.40493454e-02  2.43549686e-02  2.48048606e-02
  2.50706848e-02  2.54098501e-02  2.57867823e-02  2.60093106e-02
  2.64180673e-02  2.66628890e-02  2.69744331e-02  2.73594162e-02
  2.75514230e-02  2.79142160e-02  2.81833528e-02  2.84299019e-02
  2.87703818e-02  2.89312257e-02  2.92714187e-02  2.95036867e-02
  2.96963888e-02  3.00009839e-02  3.01576966e-02  3.03813592e-02
  3.05921926e-02  3.07008733e-02  3.09908214e-02  3.10614696e-02
  3.12427687e-02  3.14413305e-02  3.15089621e-02  3.17301905e-02
  3.17934062e-02  3.18828654e-02  3.20566493e-02  3.20719689e-02
  3.21999321e-02  3.22849725e-02  3.23294667e-02  3.23963665e-02
  3.23677842e-02  3.24009558e-02  3.24285838e-02  3.23182369e-02
  3.23884038e-02  3.23154403e-02  3.22386338e-02  3.22399931e-02
  3.21075533e-02  3.20780233e-02  3.19642227e-02  3.18190388e-02
  3.17873232e-02  3.15837111e-02  3.14718570e-02  3.13261319e-02
  3.10728256e-02  3.09414260e-02  3.07047288e-02  3.04587587e-02
  3.02606581e-02  2.99553433e-02  2.97067135e-02  2.93917841e-02
  2.91093449e-02  2.88509499e-02  2.84431639e-02  2.81738256e-02
  2.78233820e-02  2.73886669e-02  2.70962598e-02  2.66280558e-02
  2.62676635e-02  2.58333888e-02  2.53782892e-02  2.49589140e-02
  2.44347212e-02  2.39730758e-02  2.34563375e-02  2.28962392e-02
  2.24344686e-02  2.18414471e-02  2.13034263e-02  2.07500633e-02
  2.01354181e-02  1.95719445e-02  1.89592027e-02  1.83323018e-02
  1.77297900e-02  1.70133168e-02  1.63906828e-02  1.57175046e-02
  1.50119846e-02  1.43437662e-02  1.36156659e-02  1.28358321e-02
  1.21368120e-02  1.13878038e-02  1.06074827e-02  9.84222213e-03
  9.07930527e-03  8.30269176e-03  7.47707147e-03  6.71351499e-03
  5.88257044e-03  5.00234396e-03  4.21178475e-03  3.39332312e-03
  2.51685219e-03  1.64833958e-03  8.06149466e-04 -1.37725042e-04
 -9.96698704e-04 -1.90428459e-03 -2.81782043e-03 -3.72871765e-03
 -4.62740148e-03 -5.54694863e-03 -6.48472463e-03 -7.37218862e-03
 -8.27391391e-03 -9.25700296e-03 -1.01701610e-02 -1.10998899e-02
 -1.19895481e-02 -1.30099046e-02 -1.38909647e-02 -1.48444764e-02
 -1.58256113e-02 -1.67746567e-02 -1.76655697e-02 -1.87151136e-02
 -1.96497637e-02 -2.05548685e-02 -2.15451386e-02 -2.24386547e-02
 -2.33618699e-02 -2.43502991e-02 -2.52362980e-02 -2.61583034e-02
 -2.70082385e-02 -2.80301441e-02 -2.88344308e-02 -2.97404232e-02
 -3.06588415e-02 -3.14497657e-02 -3.23906961e-02 -3.32954003e-02
 -3.41533578e-02 -3.49945232e-02 -3.58694966e-02 -3.66430624e-02
 -3.75139377e-02 -3.83258578e-02 -3.90778792e-02 -3.99284677e-02
 -4.06195093e-02 -4.14947409e-02 -4.20950748e-02 -4.29171944e-02
 -4.35611635e-02 -4.42714489e-02 -4.49201396e-02 -4.56001483e-02
 -4.63052641e-02 -4.69139115e-02 -4.75271121e-02 -4.82191495e-02
 -4.87907629e-02 -4.93614474e-02 -4.99129804e-02 -5.05013150e-02
 -5.08772270e-02 -5.15807564e-02 -5.19371368e-02 -5.24378205e-02
 -5.28427497e-02 -5.31800786e-02 -5.35462328e-02 -5.39141879e-02
 -5.42791503e-02 -5.45809232e-02 -5.48003521e-02 -5.52730790e-02
 -5.54275556e-02 -5.57576313e-02 -5.59411978e-02 -5.61082062e-02
 -5.62691367e-02 -5.64676912e-02 -5.65260920e-02 -5.67940252e-02]
