Frame: 37
temp_s_est shape: (1024,)
temp_s_est dtype: float64
temp_s_est:
[-1.67806396e-04 -2.68597634e-05 -5.11860655e-06 -1.03757038e-04
 -8.45153428e-05 -1.89474239e-04 -1.05900257e-04  5.22949390e-05
 -2.14716140e-04 -1.02408619e-04  2.61224349e-06 -1.49517028e-04
 -1.59996588e-04 -1.22282933e-04 -1.21660588e-04 -4.06004561e-04
 -1.56166459e-04 -2.22418625e-04 -1.60829045e-04 -1.28135831e-04
 -9.52594358e-06 -9.03860324e-05 -3.19719703e-04 -1.71928652e-04
 -2.77630674e-04 -1.80292342e-04 -1.00443794e-04 -2.16345261e-04
 -1.55083249e-04 -4.83703194e-05 -3.22200622e-05 -1.39278088e-04
 -4.22055398e-05 -3.37580345e-04 -1.01550939e-04  9.07829180e-06
 -2.61174660e-05 -1.32292939e-04  8.12758545e-05 -9.00859947e-05
 -1.51416073e-04 -1.68296372e-04 -7.29941967e-05  3.98625974e-05
 -7.56397404e-05 -4.94688750e-06 -3.88350043e-05 -9.57786009e-05
 -9.71222748e-05 -2.42144850e-04 -7.53914086e-05 -1.87241167e-04
 -9.05165026e-05 -1.40652767e-04  5.16944025e-05 -2.30382951e-04
  8.00783254e-05 -2.11380967e-04 -2.36310648e-04 -1.76464833e-04
 -9.76760491e-05 -2.26809267e-04 -2.26277273e-04 -2.36204243e-04
 -1.79056299e-04 -1.32324131e-04 -1.33591828e-04 -9.32628018e-05
 -7.17397286e-05 -2.25079497e-04 -8.25680789e-05 -1.47293774e-04
 -8.14174980e-05 -2.62238596e-04 -1.01274900e-04 -1.50209376e-04
 -1.39035602e-04 -2.38819902e-04 -4.06809404e-05 -1.48800087e-04
 -1.40284539e-04 -2.84472896e-04 -1.04110863e-04 -2.67073313e-05
 -4.08752774e-05 -1.65172331e-04 -2.85378344e-05 -1.45692898e-04
  6.90964065e-05 -1.80061379e-04  3.66968770e-05 -1.32311864e-04
  1.85782794e-04 -2.10945929e-04  3.16792611e-05 -4.49205355e-05
  5.53644010e-05 -2.16414946e-04 -1.32024816e-04 -8.52285046e-05
 -8.62876472e-05 -1.16626143e-04 -4.09035530e-05 -6.66081839e-05
 -2.39706466e-05 -3.02892827e-04 -2.11969481e-04  2.24320939e-06
 -7.38203198e-05 -2.29684838e-04 -1.13866539e-04 -1.06363593e-04
 -1.99113536e-04 -2.43182888e-04 -6.77160204e-05 -2.00967484e-04
 -7.80543756e-05 -2.25308286e-04 -1.96794985e-04 -1.48185630e-04
 -2.71060582e-04 -3.00035509e-04 -2.57577747e-04 -2.76121040e-04
 -3.36600842e-04 -3.57500754e-04 -2.74052931e-05 -2.50411540e-05
 -2.11724399e-04 -1.87547995e-04  3.70106389e-06 -4.89255077e-05
  1.71457319e-05 -2.81081393e-04  7.53552048e-05 -1.41227479e-05
  7.19663557e-05 -9.23754091e-05  1.50574633e-04 -8.92789620e-05
 -1.69153133e-04 -4.29973371e-05 -6.87460320e-07  3.62918140e-05
 -1.54193552e-04 -1.23947991e-04 -8.84275048e-05 -2.37812377e-04
 -3.57414950e-04 -4.17042143e-05 -2.30756085e-05 -1.35406585e-04
 -4.24615634e-04  3.37527123e-05 -2.07215411e-04 -1.53694839e-04
 -1.87960519e-04 -2.35099241e-04 -4.41142423e-04 -1.93087019e-04
 -1.04384364e-04 -2.19711625e-04  3.30043612e-06 -2.26170969e-04
 -3.99955270e-04 -2.19362486e-04 -1.69240737e-04 -2.95600763e-04
 -1.35596041e-04 -3.45383619e-04 -2.84304398e-04 -2.33798462e-04
 -1.43494411e-04 -3.25399983e-04 -5.29175046e-05 -1.75709216e-04
 -1.76377875e-04  4.20774527e-05 -3.07092616e-05  1.10163919e-06
 -1.33941427e-04 -1.79731772e-04 -3.19732381e-04 -1.22147642e-04
 -9.65864950e-05 -2.39857016e-05 -3.73855767e-04 -1.46952669e-04
 -3.33104924e-04 -8.09713748e-05 -2.83524839e-04 -2.24035026e-04
 -2.46180363e-04 -1.87937838e-04 -3.57628406e-04 -2.12066162e-04
 -2.21237515e-04 -2.18346591e-04 -3.86851271e-04  5.13598651e-05
 -4.56136796e-04 -1.30401977e-04 -1.89969629e-04 -1.83738061e-04
 -5.73231180e-04 -2.60690838e-04 -2.57455326e-04 -1.20377454e-04
 -3.61408559e-04 -1.85365252e-04 -3.35306066e-04 -1.63649005e-04
 -1.26315394e-04 -2.32371402e-04 -1.24291076e-04 -1.89175712e-04
 -3.08459230e-04 -2.76521867e-04 -1.05132531e-04 -3.33972230e-04
 -2.59905342e-04 -1.26391261e-04 -5.74377570e-04 -2.22764680e-04
 -4.32527861e-04  4.89517815e-06 -4.78550273e-04 -1.40059546e-05
 -3.73157480e-04 -6.51882616e-06 -7.19795130e-04 -3.27277664e-05
 -1.70590061e-04  5.02432464e-06 -5.31576529e-04 -1.26821278e-04
 -4.50708150e-04 -5.78721770e-05 -1.52918506e-04 -3.53614624e-04
 -4.59253784e-04 -1.38102917e-04 -2.68768368e-04 -1.28153790e-04
 -5.28181600e-04  1.57492890e-04 -3.69681230e-04 -1.33906103e-04
 -3.59647525e-04 -1.42470665e-04 -2.78485869e-04 -5.03154796e-04
 -3.39347346e-04 -1.73848738e-04 -5.72826805e-04 -3.67125354e-04
 -4.22011401e-04 -1.69672316e-04 -9.35845704e-04 -3.15133761e-04
 -2.26867774e-05 -2.35462153e-04 -4.23877468e-04 -3.87178126e-04
 -6.12203105e-04 -3.18017599e-04 -6.72076047e-04 -1.49302505e-04
 -4.64413164e-04 -2.27995434e-04 -4.16385121e-04  1.23479316e-04
 -2.44321541e-05 -3.42387687e-04 -7.01378651e-04 -2.48216354e-04
 -4.34048701e-04  6.38891258e-05 -2.01938981e-04 -1.50416653e-04
 -5.06324399e-04 -2.06892530e-04 -8.12764256e-04 -4.57123256e-04
 -2.89301740e-04 -1.18044816e-04 -3.79664651e-04 -3.07985794e-04
 -2.74686056e-04 -4.17305663e-05 -3.35313334e-04 -4.50907525e-04
 -5.50404550e-04 -1.15655457e-04 -3.32557991e-04  9.12982246e-05
  6.90789802e-05 -5.86914796e-04 -4.45233656e-04  2.29988780e-05
 -6.46026555e-04 -2.56855800e-04 -5.11605607e-04 -2.02192475e-04
 -6.54362332e-04 -2.40355942e-04 -6.75531717e-04 -6.92765195e-04
 -2.05271081e-04 -4.67382366e-04 -3.90684011e-04 -5.32212835e-04
 -4.76467390e-04 -3.31303542e-04 -7.08592520e-04 -5.43577219e-04
 -8.60433888e-04 -2.17695899e-04 -1.11397722e-04 -7.89073990e-04
 -4.68849962e-04 -5.08270356e-04 -6.10760073e-04 -6.34039270e-04
 -6.12945862e-04 -9.34109308e-04 -3.87782917e-04 -3.81354783e-04
 -5.58965930e-04 -8.84771271e-04 -1.10074020e-03 -9.26652555e-04
 -7.13177117e-04 -4.14087502e-04 -1.04989111e-03 -1.69838029e-04
 -4.40717298e-04 -1.43433127e-05 -6.56044474e-04 -3.50966682e-04
 -7.19778337e-04 -4.61646899e-04 -4.42454127e-04 -3.48760978e-04
 -9.35727312e-05 -4.90370046e-04 -3.94188162e-04 -1.25634848e-03
 -3.11477156e-04 -3.97021415e-04 -9.74953169e-04 -4.33080844e-04
 -4.09564289e-04 -5.41390051e-04 -4.83043739e-04 -7.59614458e-04
 -5.08043197e-04 -8.67975054e-04 -6.88336491e-04 -1.13661741e-03
 -3.30017810e-04 -2.45653333e-04 -5.87704594e-04 -1.05012643e-03
 -7.46093820e-04 -1.20495110e-03 -8.40062049e-04 -9.84171850e-04
 -5.57595935e-04 -1.03055533e-03 -5.26557997e-04 -8.21437167e-04
 -1.11046289e-03 -6.66651906e-04 -1.14744505e-03 -9.82545162e-04
 -1.14179507e-03 -8.26714591e-04 -3.92540479e-04 -5.20354153e-04
 -7.61528980e-05 -4.41938101e-04 -8.66463134e-04 -1.17083382e-03
  4.17699638e-04 -3.46375185e-04 -5.71267403e-04 -6.00293262e-04
 -5.16628233e-04 -1.17656833e-03 -4.91055311e-04 -9.53542676e-04
 -8.44167078e-04 -1.15675183e-03 -1.20341902e-04 -8.90862017e-04
  1.08392171e-04 -1.34445119e-03 -9.27919109e-04 -1.51111005e-03
 -1.00245060e-03 -1.33897912e-03 -2.79867758e-04 -8.38391716e-04
 -6.37625300e-04 -1.71365458e-03 -1.12596541e-04 -1.23363008e-03
 -1.15536595e-03 -9.46927813e-04 -9.86285172e-04 -1.03616988e-03
 -7.27118705e-04 -1.02007442e-03 -5.88946664e-04 -1.33163353e-03
 -1.06618443e-03 -9.85270409e-04 -3.74751927e-04 -5.15263945e-04
 -4.54296035e-04 -8.49785621e-04 -1.27237537e-03 -6.10562914e-04
 -3.89676879e-04 -1.41718097e-03 -4.06022697e-04 -1.01190982e-03
 -3.08881377e-05 -1.08299518e-03  1.08299082e-04 -7.61939963e-04
 -1.81868260e-04 -1.13180837e-03 -5.92696242e-04 -1.28996310e-03
 -4.73953252e-04 -7.11422890e-04  1.49111271e-04 -1.00345202e-03
 -7.37221431e-04 -1.41365243e-03 -5.01261280e-04 -1.21072074e-03
 -8.76271269e-04 -9.97904831e-04 -9.83364200e-04 -1.09719778e-03
 -9.50865028e-04 -1.33833994e-03 -6.67222338e-04 -1.33640841e-03
 -7.66244927e-04 -1.54447672e-03 -4.89882830e-04 -1.04582761e-03
 -1.07423710e-03 -4.93909350e-04 -2.08420660e-03 -9.81632704e-04
 -7.91500579e-04 -1.10466128e-03 -8.56309754e-04 -8.01053006e-04
 -6.25939527e-04 -1.72199417e-03 -6.72220645e-04 -1.10882242e-03
 -1.53501051e-03 -9.56681747e-04 -8.13329167e-04 -1.59817635e-03
 -6.40632288e-04 -1.35388191e-03 -5.96046708e-04 -1.46428693e-03
 -4.97645269e-04 -1.53185568e-03 -4.63879850e-04  6.30551295e-05
 -1.00588929e-03 -6.77715129e-04 -7.74181161e-04 -1.74787019e-03
 -9.95266101e-04 -1.00094329e-03 -8.48939837e-04 -1.47436012e-03
 -5.31726470e-04 -1.22494499e-03 -3.48397637e-04 -1.02156381e-03
 -1.65872283e-03 -1.52627071e-03 -1.36680684e-03 -3.38443947e-04
 -1.19022564e-03 -1.08527765e-03 -1.19187286e-03 -1.28252458e-03
 -1.45455030e-03 -1.64936936e-03 -1.29944879e-03 -1.03203962e-03
 -1.38959856e-03 -1.30968190e-03 -8.56281230e-04 -1.47725886e-03
 -1.66283314e-03 -1.72034368e-03 -1.02933616e-03 -2.08297747e-03
 -4.79893595e-04 -8.09159948e-04 -5.93993524e-04 -9.62033316e-04
 -1.96193170e-03 -7.68289684e-04 -1.60723169e-03 -1.38463845e-03
 -9.90446654e-04 -6.77417944e-04 -6.75063583e-04 -7.10722039e-04
 -1.27644212e-03 -1.15593130e-03 -1.18778031e-03 -1.10574208e-03
 -1.32271369e-03 -7.29471907e-04 -8.85650289e-04 -1.58280985e-03
 -1.15262502e-03 -1.35912469e-03 -1.46022917e-03 -1.66122391e-03
 -1.53889132e-03 -8.20274047e-04 -1.22636481e-03 -6.20701203e-04
 -1.56443559e-03 -9.62245607e-04 -1.11684922e-03 -1.30015277e-03
 -1.71395691e-03 -8.17055106e-04 -1.14590569e-03 -1.23419040e-03
 -6.73098825e-04 -8.29119919e-04 -1.93290288e-03 -1.53343135e-03
 -1.76927978e-03 -1.56808777e-03 -1.38672751e-03 -8.75810942e-04
 -1.20515371e-03 -1.20352797e-03 -1.12102090e-03 -1.28302093e-03
 -1.39827715e-03 -6.99278638e-04 -1.27619055e-03 -2.53401778e-04
 -1.46777970e-03 -2.28850137e-04 -1.60103784e-03 -7.84468643e-04
 -1.63469928e-03 -1.02036507e-03 -1.40695495e-03 -8.45309304e-04
 -1.36853502e-03 -5.11103817e-04 -1.51835284e-03 -6.70963759e-04
 -1.77469612e-03 -1.64660098e-03 -1.20229404e-03 -1.16988897e-03
 -1.09748597e-03 -1.21447457e-03 -1.62673548e-03 -1.30451171e-03
 -1.07241950e-03 -8.22133238e-04 -1.53794703e-03 -7.08921030e-04
 -1.61966651e-03 -9.92611776e-04 -1.27461863e-03 -9.30774642e-04
 -1.51960239e-03 -1.68510682e-03 -2.10784364e-03 -9.43851338e-04
 -1.10936380e-03 -7.69812890e-04 -1.30983031e-03 -1.15505420e-03
 -1.74677414e-03 -8.82154374e-04 -1.60472819e-03 -7.95184609e-04
 -1.88347474e-03 -9.26313253e-04 -1.19330693e-03 -7.25537820e-04
 -1.25945226e-03 -4.03177495e-04 -2.11216075e-03 -1.12138245e-03
 -1.49939081e-03 -7.90322960e-04 -1.36817952e-03 -5.45701941e-04
 -1.29598612e-03 -1.72891195e-03 -1.18800409e-03 -1.42054779e-03
 -6.46507070e-04 -6.85916726e-04 -1.38640661e-03 -8.95781502e-04
 -9.35749837e-04 -7.69309013e-04 -2.15199483e-03 -1.09802630e-03
 -1.31032086e-03 -1.52551723e-03 -1.06107026e-03 -1.99438678e-04
 -1.13333129e-03 -6.82550687e-04 -9.89614561e-04 -1.55200761e-03
 -1.83496488e-03 -7.81402984e-04 -1.34724352e-03 -1.33072808e-03
 -1.17757424e-03 -8.55582010e-04 -1.49299478e-03 -1.12036688e-03
 -1.66738592e-03 -1.07893427e-03 -1.93218568e-03 -1.02138588e-03
 -1.56217324e-03 -5.95210854e-04 -1.77394377e-03 -1.01602560e-03
 -1.52852453e-03 -1.38704193e-03 -1.36318054e-03 -1.15425914e-03
 -8.09843902e-04 -1.24004131e-03 -1.28972542e-03 -9.13835274e-04
 -1.48109774e-03 -1.62630876e-03 -1.18538960e-03 -1.25810506e-03
 -9.70183739e-04 -1.12493959e-03 -8.98909059e-04 -8.23404767e-04
 -1.20654528e-03 -1.59361235e-03 -1.79131732e-03 -6.68708754e-04
 -1.23347757e-03 -6.39066293e-04 -1.08173420e-03 -1.11789151e-03
 -1.14952265e-03 -8.30464135e-04 -1.21885477e-03 -1.17902806e-03
 -1.41867491e-03 -3.62116321e-04 -1.12430571e-03 -6.34998122e-04
 -7.73564614e-04 -1.15166666e-03 -1.13621232e-03 -1.26512692e-03
 -1.28831049e-03 -9.63862457e-04 -8.70730828e-04 -6.42500967e-04
 -1.00198638e-03 -1.11121269e-03 -1.50968670e-03 -1.06670649e-03
 -1.21630544e-03 -1.16061783e-03 -6.84582150e-04 -8.90733691e-04
 -4.81575449e-04 -1.11742068e-03 -9.69311594e-04 -1.03922877e-03
 -8.91579942e-04 -1.52324787e-03 -5.48766743e-04 -6.95993135e-04
 -6.46319906e-04 -7.28460421e-04 -8.17478327e-04 -1.60400925e-03
 -1.18389016e-03 -1.34675966e-03 -9.45334247e-04 -8.24880334e-04
 -8.81128431e-04 -6.55964256e-04 -1.27908628e-03 -9.91449734e-04
 -9.34478308e-04 -1.49531721e-03 -8.24761067e-04 -1.48196744e-03
 -6.85971619e-04 -6.95970829e-04 -6.33273797e-04 -1.10501885e-03
 -9.62739229e-04 -1.18329920e-03 -8.97893598e-04 -2.63032216e-04
 -4.42994064e-04 -8.74823084e-04 -6.15645850e-04 -1.31428590e-03
 -1.04017721e-03 -1.05409601e-03 -9.00383869e-04 -8.64768027e-04
 -4.13298411e-04 -9.46982087e-04 -5.48503731e-04 -1.19918556e-03
 -4.21799849e-04 -1.46104005e-03 -8.48193095e-04 -1.06235525e-03
 -3.36835578e-04 -8.05874441e-04 -8.09720721e-04 -9.83130796e-04
 -9.94763658e-04 -1.09509711e-03 -1.26470114e-03 -8.43384013e-04
 -6.66332922e-04 -8.90543552e-04 -7.56907637e-04 -1.07000002e-03
 -7.29675899e-04 -9.99907252e-04 -6.34866706e-04 -1.05716223e-03
 -3.34235926e-04 -8.67236949e-04 -1.57315129e-04 -4.23060392e-04
 -2.56540260e-04 -1.18463581e-03 -5.35122454e-04 -1.11601845e-03
 -8.00794931e-04 -3.72959318e-04 -5.08903245e-04 -7.40361395e-04
 -5.20026261e-04 -9.00297104e-04 -8.47447392e-04 -9.05753787e-04
 -3.24910824e-04 -1.15874164e-03 -2.74877776e-04 -5.47753044e-04
 -5.73987739e-04 -7.54350097e-04 -5.65884717e-04 -8.05233205e-04
 -7.96469676e-04 -9.93228887e-04 -6.17019221e-04 -6.04551960e-04
 -3.23530833e-04 -8.86958534e-04 -8.57505286e-04 -9.43555425e-04
 -1.11448868e-03 -9.12329249e-04 -5.17974533e-04 -1.23630371e-03
 -7.02263475e-04 -6.82670064e-04 -4.27215694e-04 -1.04871579e-03
 -6.16792590e-04 -1.04927872e-03 -4.81158828e-04 -7.68793986e-04
 -4.69112472e-04 -4.87088386e-04 -1.88352558e-04 -7.18326316e-04
 -5.69471317e-04 -6.23337897e-04 -2.62624094e-04 -7.06577134e-04
 -2.58254101e-04 -4.60746753e-04 -4.09184249e-04 -4.80119802e-04
 -2.84824065e-04 -9.47165663e-04 -6.10262999e-04 -5.06166432e-04
 -3.36246050e-04 -1.41937380e-04 -3.35955101e-05 -6.40058047e-04
 -5.52087974e-04 -4.86839916e-04 -5.26209251e-04 -5.81278477e-04
 -6.36007450e-04 -3.87377761e-04 -4.06999847e-04 -5.28720972e-04
 -5.20837597e-04 -4.64381402e-04 -4.89502708e-04 -5.44279191e-04
 -5.44328260e-04 -6.06181331e-04 -3.63599953e-04 -5.09140734e-04
 -4.43008780e-04 -5.86687778e-04 -5.90083211e-04 -9.58482228e-04
 -2.73289184e-04 -4.88787706e-04 -2.43889912e-04 -5.68893759e-04
 -2.90884831e-04 -5.90937908e-04 -5.42325561e-04 -3.49178745e-04
 -2.91811919e-04 -4.92543062e-04 -4.09602492e-04 -2.41042200e-04
 -5.42644860e-04 -1.26842060e-04 -2.54622943e-04 -3.24230142e-04
 -5.11321684e-04 -3.62958015e-04 -2.94550832e-04 -1.95748509e-04
 -2.76807458e-04 -3.72927752e-04 -3.26645686e-04 -4.39995788e-04
 -2.87704013e-04 -5.46703814e-05 -2.67473859e-04 -4.49823144e-04
 -2.30546494e-04 -1.29175825e-04 -2.52645112e-04 -4.18800812e-04
 -5.52308984e-04 -2.87116472e-04 -5.14749632e-04 -2.97019736e-04
 -2.61505691e-04 -1.53221582e-04 -2.62851099e-04 -5.44741263e-04
 -4.47849331e-04 -3.20784187e-04 -3.70557275e-04 -3.26913703e-04
 -2.37093440e-04 -4.11319579e-04 -3.33044250e-04 -3.01572010e-04
 -4.53105369e-04 -4.06232100e-04 -3.32511635e-04 -4.57006754e-04
 -3.53054805e-04 -1.03791890e-05 -2.71840721e-04 -1.76522375e-04
 -4.60908469e-04 -1.84831948e-04 -5.06218624e-04 -1.46432046e-04
 -2.05792701e-04  1.20257933e-04 -2.76532239e-04 -1.73484876e-04
 -3.25363163e-04 -1.25311531e-04 -4.12647946e-04 -4.58716180e-04
 -2.15296192e-04 -1.14671919e-04 -3.56958819e-04 -1.47601886e-04
 -1.57635286e-04 -1.70661224e-04 -2.77013226e-04 -3.94706783e-04
 -2.38673472e-04 -1.65182559e-04 -1.86162932e-04 -2.46974349e-04
 -2.01633538e-04 -2.32677626e-04 -5.07066628e-04 -2.31980439e-04
 -2.95665223e-04 -2.11703649e-04 -1.01025815e-04 -1.66972631e-04
 -2.73565705e-04 -3.03158267e-04 -4.01582423e-04 -2.40265481e-04
 -5.17729463e-04 -1.66028966e-04 -3.42909884e-04 -9.06487652e-05
 -1.95880750e-04 -1.79861782e-04 -2.87624118e-04 -1.35426153e-04
 -2.98960944e-04 -2.80616803e-05 -3.38766260e-05 -1.45635898e-05
 -2.39707693e-04 -6.50842074e-05 -3.00171041e-04 -1.31991578e-04
 -1.39880920e-04 -2.34167237e-04 -1.62940362e-04  1.88903538e-05
 -1.35154240e-04 -1.57409488e-04 -2.73750383e-04 -2.19020942e-04
 -3.18181021e-04 -9.51459508e-05 -3.31082082e-04 -6.71760165e-05
 -9.45221999e-05 -9.99659638e-05 -1.91240736e-04 -2.19149430e-04
 -2.10833859e-04 -6.75308089e-05 -1.40329566e-04 -1.30354227e-04
 -2.80671746e-04 -1.60170129e-04 -7.05083092e-05 -9.25877673e-05
 -1.49526833e-04 -2.20052758e-04 -1.36330426e-04 -7.35116255e-05
 -1.23646912e-04  9.92744218e-06 -2.55727382e-04  2.00018948e-05
 -2.90718543e-04 -7.77690548e-05 -2.65387022e-04 -1.18228917e-04
 -1.96619063e-04 -2.39563675e-04 -2.38622798e-04 -1.67532137e-04
 -1.94478806e-04 -7.66005825e-05 -1.65921943e-04 -2.72166868e-04
 -2.75737010e-04 -1.75716921e-04 -8.78555348e-05 -2.30447286e-04
 -1.68571498e-04 -2.20593432e-04 -2.19712908e-04 -1.14292210e-04
 -1.30269959e-04 -3.13348428e-05 -2.53026728e-04 -1.78105245e-04
 -7.28164640e-05 -6.84920577e-05 -7.36656588e-05 -1.25024211e-05
 -4.52583032e-05 -3.34412583e-05 -2.79707862e-05 -3.63410614e-05
 -2.52278869e-05 -6.00000979e-06 -1.12917626e-04 -1.53319061e-04]
