Frame: 51
temp_s_est shape: (1024,)
temp_s_est dtype: float64
temp_s_est:
[ 6.79830618e-04  8.71696240e-04  6.78546429e-04  1.04029734e-03
  8.54056696e-04  1.06613568e-03  1.00126805e-03  1.17310645e-03
  9.67867688e-04  1.29453754e-03  9.84317731e-04  1.23126845e-03
  1.08084321e-03  1.24874383e-03  1.20198670e-03  1.58362774e-03
  1.27125220e-03  1.61523884e-03  1.24218535e-03  1.55300805e-03
  1.49379061e-03  1.66214980e-03  1.34344830e-03  1.74797461e-03
  1.37268200e-03  1.48483031e-03  1.41064466e-03  1.80107221e-03
  1.60277600e-03  1.89488440e-03  1.49035709e-03  1.90185348e-03
  1.73625887e-03  1.72552667e-03  1.47453518e-03  1.86250437e-03
  1.51425842e-03  1.84526467e-03  1.52195434e-03  1.89930815e-03
  1.76149837e-03  1.96857515e-03  1.64230385e-03  2.15809715e-03
  1.75242473e-03  1.92390350e-03  1.65442806e-03  1.84405111e-03
  1.62272571e-03  2.04830290e-03  1.70451452e-03  2.21256996e-03
  2.12080973e-03  2.28887330e-03  1.99013335e-03  2.54142393e-03
  2.00843032e-03  2.48411310e-03  1.95780840e-03  2.14607476e-03
  1.92730930e-03  2.20239542e-03  1.56644209e-03  2.31623492e-03
  1.96513079e-03  2.28753471e-03  2.19966494e-03  2.70180743e-03
  1.71867328e-03  2.42152824e-03  1.60146065e-03  2.27129134e-03
  1.85868505e-03  2.03876722e-03  1.49166339e-03  2.02276866e-03
  1.62652300e-03  2.41601932e-03  1.69463814e-03  2.08532252e-03
  1.95896740e-03  2.30072326e-03  6.69036015e-04  2.28144187e-03
  1.65484124e-03  1.41280139e-03  8.94941254e-04  1.89536110e-03
  9.95851685e-04  2.15297310e-03  1.21665377e-03  1.51182209e-03
  1.49882873e-03  2.05486304e-03  1.12028846e-03  1.69903621e-03
  6.93209599e-04  1.82236134e-03  8.27796201e-04  1.02148716e-03
  1.35713632e-03  2.27438537e-03  6.43883855e-04  2.11812159e-03
  1.22484432e-03  1.01603458e-03  7.12267809e-04  1.62280980e-03
  1.12059603e-04  1.33280387e-03  1.97589013e-04  4.97463585e-04
  6.75788981e-04  8.92238368e-04 -3.38426811e-05  1.45729624e-03
  6.55371991e-04  7.99618612e-04 -1.28467853e-04  7.13034180e-05
 -3.54394012e-04  4.22575412e-04 -1.11458314e-03  1.32418662e-04
 -2.78748168e-04 -5.53912039e-04 -9.79303535e-04 -1.35140590e-05
 -5.31646024e-04  8.05227898e-04 -7.24473449e-04 -9.59775979e-04
 -6.81996422e-04 -3.41842432e-04 -1.48127207e-03 -2.22007376e-04
 -8.53112546e-04 -4.65513614e-04 -4.97621618e-04 -4.33761105e-04
 -1.23547871e-03  4.89579654e-04 -1.22619639e-03 -9.73683553e-04
 -7.95096027e-04 -4.71208172e-04 -1.80499114e-03 -1.15010532e-03
 -1.97722957e-03 -6.46097525e-04 -1.30244704e-03 -1.03241706e-03
 -1.47662137e-03 -7.88757669e-04 -2.33057683e-03 -9.79453382e-04
 -2.40099400e-03 -1.65237175e-03 -2.29383553e-03 -2.03018147e-03
 -3.04392037e-03 -1.16685269e-03 -3.02791918e-03 -2.26510185e-03
 -1.69283847e-03 -1.48879439e-03 -3.52094794e-03 -2.01758334e-03
 -3.44912581e-03 -2.57086578e-03 -3.88460788e-03 -2.69785943e-03
 -3.25669916e-03 -2.04583921e-03 -3.69890375e-03 -2.26335851e-03
 -2.98927351e-03 -1.68131227e-03 -2.26128698e-03 -2.10481908e-03
 -3.19167077e-03 -1.46394925e-03 -3.62303373e-03 -3.16117826e-03
 -2.95068792e-03 -1.82137564e-03 -3.15104562e-03 -2.25041409e-03
 -3.45653151e-03 -2.01423262e-03 -2.54085660e-03 -2.29703444e-03
 -3.18806649e-03 -2.35827418e-03 -3.70359390e-03 -2.74429689e-03
 -3.58223024e-03 -2.95044237e-03 -3.17956438e-03 -2.63719014e-03
 -3.30296117e-03 -2.04920200e-03 -2.98745703e-03 -2.69959813e-03
 -3.02194458e-03 -2.59877811e-03 -3.28754321e-03 -2.51844504e-03
 -3.51374731e-03 -2.38790893e-03 -3.17557270e-03 -2.61972684e-03
 -2.64459583e-03 -1.66302887e-03 -2.82602986e-03 -2.12308825e-03
 -2.40692634e-03 -1.95860843e-03 -2.67340360e-03 -2.34563258e-03
 -3.14174211e-03 -1.64262272e-03 -2.35928854e-03 -1.89774155e-03
 -2.20247920e-03 -1.22009540e-03 -2.08924332e-03 -1.24212940e-03
 -2.12318697e-03 -1.16303223e-03 -2.02248884e-03 -1.77595616e-03
 -2.49374766e-03 -1.32231894e-03 -1.95033076e-03 -1.29502762e-03
 -1.78592299e-03 -9.64100910e-04 -1.32690665e-03 -8.62277908e-04
 -1.59405635e-03 -3.35577694e-04 -1.18563487e-03 -9.33526811e-04
 -1.50070218e-03 -8.32191000e-04 -1.57501016e-03 -6.38412876e-04
 -1.15269161e-03 -6.17034329e-04 -8.41073877e-04 -4.46559102e-04
 -7.41454312e-04 -1.95599284e-05 -7.11132328e-04 -2.28021193e-04
 -6.29820490e-04 -1.74446091e-04 -4.96520230e-04  6.63330251e-05
 -4.24086691e-04  4.08893035e-04  6.04519764e-05  4.13701632e-04
  2.43602355e-04  6.98897676e-04  3.10632745e-04  6.45330249e-04
  2.32265756e-04  8.43566462e-04  5.20445581e-04  7.63944633e-04
  5.47450404e-04  1.25651161e-03  8.28149699e-04  1.17305492e-03
  8.96843076e-04  1.22014859e-03  1.09037899e-03  1.51726379e-03
  8.34622923e-04  1.32337848e-03  1.09155129e-03  1.43630931e-03
  1.15830628e-03  1.71766493e-03  1.52499741e-03  1.78443664e-03
  1.38038566e-03  1.85316822e-03  1.59964988e-03  1.79335407e-03
  1.49289522e-03  1.90470010e-03  1.45456085e-03  1.85479912e-03
  1.61669549e-03  1.98408800e-03  1.80348595e-03  2.20723627e-03
  1.77709555e-03  2.18839704e-03  2.03984287e-03  2.19832188e-03
  1.96056258e-03  2.31094244e-03  2.02620629e-03  2.20419699e-03
  1.97476447e-03  2.33101958e-03  2.13119433e-03  2.42684235e-03
  2.14775562e-03  2.42177378e-03  2.19424419e-03  2.47327556e-03
  2.19507830e-03  2.32024696e-03  2.20935255e-03  2.40955980e-03
  2.10949366e-03  2.35341863e-03  2.27662680e-03  2.38048387e-03
  2.16464610e-03  2.40852566e-03  2.16439993e-03  2.27823168e-03
  2.13540997e-03  2.30898909e-03  2.09842814e-03  2.28996386e-03
  2.05675939e-03  2.24800081e-03  2.11054940e-03  2.26004863e-03
  2.12488328e-03  2.17020528e-03  2.05582882e-03  2.18948592e-03
  1.97145130e-03  2.07627141e-03  2.03342373e-03  2.11694278e-03
  1.87264670e-03  2.04156312e-03  1.94078217e-03  2.04157689e-03
  1.90944549e-03  2.00014591e-03  1.87986852e-03  1.96319317e-03
  1.77360426e-03  1.81566888e-03  1.74921975e-03  1.80436065e-03
  1.68125483e-03  1.69244033e-03  1.55510125e-03  1.69542682e-03
  1.55229320e-03  1.55775488e-03  1.46540616e-03  1.55453773e-03
  1.39786774e-03  1.45052303e-03  1.33734796e-03  1.40437564e-03
  1.26558619e-03  1.26620296e-03  1.15114068e-03  1.28606186e-03
  1.10930083e-03  1.14606406e-03  1.05549199e-03  1.07015970e-03
  9.43840519e-04  1.04924307e-03  8.74710736e-04  9.34381674e-04
  8.21319888e-04  8.44286850e-04  7.18708173e-04  8.17888989e-04
  6.47577775e-04  7.16296813e-04  5.80328461e-04  6.38939096e-04
  4.99171125e-04  5.09396835e-04  4.48910355e-04  5.52639982e-04
  3.92286140e-04  4.51424598e-04  3.66283751e-04  3.82201530e-04
  2.47460864e-04  2.79136669e-04  1.40793430e-04  1.94193207e-04
  1.10585657e-04  8.16139211e-05 -3.09001799e-05  7.69427728e-05
 -2.15998333e-05 -2.16430073e-05 -9.68275673e-05 -5.86485322e-05
 -1.71812967e-04 -1.87325153e-04 -2.90396060e-04 -2.33956909e-04
 -3.19124744e-04 -3.13628392e-04 -3.85772677e-04 -3.52178337e-04
 -4.22623956e-04 -3.84159441e-04 -4.71488030e-04 -4.45232184e-04
 -4.95931671e-04 -5.04241407e-04 -6.16671338e-04 -5.79225836e-04
 -6.68167145e-04 -6.58055882e-04 -7.02997470e-04 -6.57691317e-04
 -7.22460568e-04 -6.66633363e-04 -7.72430220e-04 -7.16494443e-04
 -7.73586663e-04 -7.75234377e-04 -8.53462248e-04 -8.22286688e-04
 -9.06058285e-04 -8.82867274e-04 -9.50378101e-04 -9.12228709e-04
 -9.37765562e-04 -9.20773593e-04 -9.92702241e-04 -9.20731989e-04
 -1.02817711e-03 -1.01597713e-03 -1.08225200e-03 -1.04504140e-03
 -1.14155306e-03 -1.08756712e-03 -1.16427846e-03 -1.12089579e-03
 -1.13844902e-03 -1.09384365e-03 -1.14572001e-03 -1.08612182e-03
 -1.12399769e-03 -1.11204552e-03 -1.20682051e-03 -1.15529075e-03
 -1.18634362e-03 -1.18427427e-03 -1.25863277e-03 -1.15107448e-03
 -1.20686004e-03 -1.17606269e-03 -1.19616481e-03 -1.12738626e-03
 -1.19793219e-03 -1.15501384e-03 -1.19173461e-03 -1.18374617e-03
 -1.22440542e-03 -1.18792855e-03 -1.23772957e-03 -1.20449012e-03
 -1.21505462e-03 -1.15519357e-03 -1.19188127e-03 -1.15941137e-03
 -1.18963232e-03 -1.13170547e-03 -1.19273890e-03 -1.16337715e-03
 -1.18527385e-03 -1.18039820e-03 -1.21867064e-03 -1.15409562e-03
 -1.17279893e-03 -1.13555313e-03 -1.14373187e-03 -1.10646904e-03
 -1.11627807e-03 -1.08053810e-03 -1.11041728e-03 -1.07402164e-03
 -1.12014954e-03 -1.08746895e-03 -1.08985675e-03 -1.05462203e-03
 -1.07433483e-03 -9.89441807e-04 -1.02436032e-03 -1.00249423e-03
 -9.68508279e-04 -9.42823536e-04 -9.87199752e-04 -9.30216529e-04
 -9.46386501e-04 -9.27393106e-04 -9.51643820e-04 -8.96566773e-04
 -8.81249247e-04 -8.36385634e-04 -8.53400156e-04 -7.69731913e-04
 -7.86056155e-04 -7.54937179e-04 -7.59073246e-04 -7.31556120e-04
 -7.54200311e-04 -7.07797605e-04 -7.35044344e-04 -7.16429094e-04
 -6.93493907e-04 -6.53256488e-04 -6.60120601e-04 -6.07361611e-04
 -6.11263142e-04 -5.73511270e-04 -5.83152859e-04 -5.63726948e-04
 -5.71147885e-04 -5.16500228e-04 -5.43486015e-04 -5.22486066e-04
 -5.17185451e-04 -4.67446734e-04 -4.39152401e-04 -4.20493233e-04
 -4.12418129e-04 -3.71752289e-04 -3.65108168e-04 -3.57436849e-04
 -3.25616469e-04 -3.16476020e-04 -3.29457932e-04 -2.93673979e-04
 -2.94946558e-04 -2.63809247e-04 -2.38284894e-04 -2.08333073e-04
 -2.03975274e-04 -1.73309620e-04 -1.63909457e-04 -1.49949138e-04
 -1.39918127e-04 -1.41776801e-04 -1.11030296e-04 -1.05492201e-04
 -1.02965517e-04 -5.68310928e-05 -4.90685576e-05 -5.30949892e-05
 -5.58823631e-07  2.32489955e-05 -4.64332594e-06  1.91423538e-05
  1.76557072e-05  4.07479233e-05  4.13045631e-05  4.12197518e-05
  5.09002423e-05  8.28463589e-05  8.73180072e-05  1.06045620e-04
  1.22755190e-04  1.46014546e-04  1.63782386e-04  1.57621646e-04
  1.31605892e-04  1.91501673e-04  1.84246269e-04  1.71912086e-04
  1.78159971e-04  2.14212870e-04  2.08590780e-04  2.46246554e-04
  2.36243950e-04  2.74916585e-04  2.94665352e-04  2.86993753e-04
  2.70070356e-04  3.09230628e-04  2.95304079e-04  3.14597535e-04
  3.10898261e-04  3.23019272e-04  3.12821061e-04  3.50592890e-04
  3.38823846e-04  3.75440418e-04  3.64771544e-04  3.83122398e-04
  3.68935374e-04  3.78335761e-04  3.62894007e-04  3.86238885e-04
  3.61119293e-04  3.81132843e-04  3.92040111e-04  3.88279788e-04
  3.70956743e-04  4.16165016e-04  4.01791432e-04  4.08767569e-04
  4.04842615e-04  4.16898067e-04  3.94718929e-04  4.04899482e-04
  3.77626095e-04  4.14436818e-04  4.13843197e-04  4.09117866e-04
  4.02470223e-04  4.23234342e-04  4.28705555e-04  4.31426153e-04
  4.07884160e-04  4.09044877e-04  4.21055740e-04  4.12608434e-04
  3.92162632e-04  4.12568978e-04  4.02653824e-04  4.04347488e-04
  4.01153262e-04  4.15839728e-04  4.32450055e-04  4.39060656e-04
  4.01384955e-04  4.13910423e-04  4.14634981e-04  3.97334749e-04
  3.95689143e-04  3.88709904e-04  3.82879908e-04  3.93262494e-04
  3.76229343e-04  3.78800793e-04  3.87864579e-04  3.94854950e-04
  3.87398935e-04  3.95285144e-04  3.67308146e-04  3.73630718e-04
  3.49989689e-04  3.38729483e-04  3.50956096e-04  3.65047125e-04
  3.30459909e-04  3.45791429e-04  3.41645592e-04  3.49425503e-04
  3.48034232e-04  3.65777337e-04  3.48502845e-04  3.60763822e-04
  3.18054621e-04  3.28911524e-04  3.24197292e-04  3.31140628e-04
  3.16049760e-04  3.33580417e-04  3.08693040e-04  3.37401540e-04
  3.20979370e-04  3.20278112e-04  3.24661503e-04  3.41860012e-04
  2.93418818e-04  3.11701387e-04  2.92952976e-04  3.00375008e-04
  2.76625929e-04  2.96522707e-04  2.78776174e-04  3.05847992e-04
  2.81429528e-04  2.90565200e-04  2.86335510e-04  2.93905769e-04
  2.70627492e-04  2.82224426e-04  2.60728995e-04  2.78063039e-04
  2.66537275e-04  2.54699594e-04  2.56515756e-04  2.90735781e-04
  2.63639664e-04  2.83157879e-04  2.73314406e-04  2.87033066e-04
  2.80577247e-04  2.63821087e-04  2.41269859e-04  2.77310318e-04
  2.68143666e-04  2.49777623e-04  2.65509252e-04  2.78552136e-04
  2.66468229e-04  2.76975690e-04  2.74255306e-04  2.92569124e-04
  2.97463871e-04  2.74752982e-04  2.57257900e-04  2.64595434e-04
  2.57037155e-04  2.69035208e-04  2.60252973e-04  2.60247568e-04
  2.78212516e-04  2.70021891e-04  2.61414212e-04  2.97153407e-04
  2.81423129e-04  2.57641328e-04  2.73390819e-04  2.64357227e-04
  2.42895711e-04  2.53989456e-04  2.47331973e-04  2.67909803e-04
  2.68413079e-04  2.73133779e-04  2.84321054e-04  2.96630937e-04
  2.84077326e-04  2.99756194e-04  2.88179980e-04  2.91992689e-04
  2.91363798e-04  2.77816917e-04  2.59863414e-04  3.11360977e-04
  3.07709206e-04  2.97744310e-04  2.94958712e-04  3.23968366e-04
  3.20592706e-04  3.40080110e-04  3.00765117e-04  3.23915728e-04
  3.15165495e-04  3.01279271e-04  2.93622358e-04  3.22641787e-04
  3.20182792e-04  3.37023055e-04  3.16368014e-04  3.30082933e-04
  3.48626289e-04  3.54119327e-04  3.04514792e-04  3.36980561e-04
  3.13159455e-04  3.12987361e-04  3.01590870e-04  3.18805593e-04
  2.94977632e-04  3.40336299e-04  3.25447620e-04  3.26567116e-04
  3.35393417e-04  3.37534934e-04  3.24259388e-04  3.25817196e-04
  2.98321015e-04  3.11623822e-04  2.83625513e-04  2.88566732e-04
  3.06306199e-04  3.24828504e-04  2.80580271e-04  3.46232426e-04
  3.32307355e-04  3.15204123e-04  3.15360781e-04  3.33840008e-04
  2.93939903e-04  2.96879018e-04  2.65045027e-04  2.72391189e-04
  2.88409819e-04  2.85780898e-04  2.81840302e-04  3.15990779e-04
  2.88075138e-04  2.99847707e-04  2.80286636e-04  2.74086665e-04
  2.63825917e-04  2.78730356e-04  1.95441470e-04  2.09591653e-04
  2.02996170e-04  2.10858522e-04  2.02459266e-04  2.07480047e-04
  1.95398385e-04  2.07693925e-04  1.66841291e-04  1.88393086e-04
  1.69132329e-04  1.45072808e-04  1.20477749e-04  1.43654992e-04
  8.95860416e-05  1.16199792e-04  1.23164607e-04  1.16200982e-04
  8.73900093e-05  1.49809581e-04  1.04977552e-04  7.54406648e-05
  5.09461500e-05  6.65391164e-05  2.33546940e-05  1.98419015e-05
 -6.06602666e-07  2.12110064e-05 -1.64541895e-05  8.37225114e-06
  5.86450329e-06  1.24658168e-05 -3.86971756e-05 -1.44780924e-05
 -5.87868672e-05 -6.53637252e-05 -8.74399372e-05 -9.34992882e-05
 -1.42280529e-04 -1.18023879e-04 -1.43351560e-04 -1.35156394e-04
 -1.28800835e-04 -1.31267461e-04 -1.90275033e-04 -1.79891433e-04
 -2.34620212e-04 -2.35042223e-04 -2.81317709e-04 -2.97139773e-04
 -3.35423066e-04 -3.10371198e-04 -3.69213224e-04 -3.38880669e-04
 -3.50056482e-04 -3.40922622e-04 -3.58267335e-04 -3.81877700e-04
 -4.30344130e-04 -4.00962871e-04 -4.64795036e-04 -4.87330951e-04
 -4.98002343e-04 -4.92092351e-04 -5.44129553e-04 -4.87081129e-04
 -5.43076182e-04 -5.24792382e-04 -5.52640506e-04 -5.33837735e-04
 -6.04861582e-04 -5.78040529e-04 -6.27500580e-04 -6.35731090e-04
 -6.98368441e-04 -6.68416279e-04 -6.75961112e-04 -6.80622661e-04
 -7.30537005e-04 -6.44091746e-04 -7.16003214e-04 -7.27914661e-04
 -7.75523067e-04 -7.29965181e-04 -8.44459244e-04 -7.94583375e-04
 -8.61622697e-04 -8.53220495e-04 -9.04348292e-04 -8.35667273e-04
 -9.11726263e-04 -8.48384342e-04 -8.82073083e-04 -8.75941426e-04
 -9.57683571e-04 -9.20507404e-04 -9.89890443e-04 -9.41442724e-04
 -1.02961571e-03 -9.56992842e-04 -1.02326521e-03 -9.90426805e-04
 -1.03687815e-03 -9.33668670e-04 -1.03536223e-03 -9.66565272e-04
 -1.01793109e-03 -1.01269716e-03 -1.06079979e-03 -1.04785778e-03
 -1.13829727e-03 -1.04189838e-03 -1.07483784e-03 -1.06956421e-03
 -1.09907915e-03 -1.00029227e-03 -1.08205372e-03 -1.02404731e-03
 -1.09018528e-03 -1.03864581e-03 -1.05487953e-03 -1.06663061e-03
 -1.17290268e-03 -1.07786209e-03 -1.13134039e-03 -1.07899870e-03
 -1.11540720e-03 -1.07845453e-03 -1.09776178e-03 -1.06895169e-03
 -1.16618717e-03 -1.07593738e-03 -1.11698782e-03 -1.10922964e-03
 -1.14042874e-03 -1.09513430e-03 -1.16038268e-03 -1.03698015e-03
 -1.11804059e-03 -1.05783690e-03 -1.02711745e-03 -9.56673428e-04
 -1.08404328e-03 -9.67851414e-04 -1.01802332e-03 -1.01355988e-03
 -1.02730968e-03 -9.31828518e-04 -1.00349220e-03 -9.08495520e-04
 -9.71981672e-04 -8.65711368e-04 -9.08431127e-04 -8.38201311e-04
 -8.73889368e-04 -8.12612699e-04 -9.32144124e-04 -7.76210838e-04
 -8.82721538e-04 -8.15674008e-04 -7.75156376e-04 -6.79224345e-04
 -8.43248072e-04 -6.42884268e-04 -6.87929654e-04 -6.59106072e-04
 -7.29404739e-04 -5.74754873e-04 -6.79191178e-04 -5.79553660e-04
 -6.82096139e-04 -5.77706487e-04 -6.26143142e-04 -4.81317715e-04
 -6.27221787e-04 -4.37302176e-04 -5.10511617e-04 -2.90240905e-04
 -4.30688725e-04 -4.32104547e-04 -4.01968807e-04 -2.43464770e-04
 -4.41090747e-04 -2.22937146e-04 -3.00389251e-04 -1.62539984e-04
 -2.49830947e-04 -3.59331090e-05 -1.75265209e-04  3.96695791e-05
 -2.10102193e-05  1.08453769e-05 -5.66841109e-05  9.93142706e-05
 -5.83521561e-06  1.32577691e-04  7.18645963e-05  2.78723082e-04
  1.31474868e-04  2.98833048e-04  2.17896713e-04  4.41670354e-04
  1.89645910e-04  3.87821907e-04  3.60426193e-04  4.16634025e-04
  3.25827935e-04  5.35585356e-04  3.82408663e-04  6.00724351e-04
  5.46022768e-04  6.38335246e-04  5.62450109e-04  8.46034771e-04
  5.57653071e-04  7.60194488e-04  5.59080269e-04  7.86345552e-04]
