Frame: 24
temp_s_est shape: (1024,)
temp_s_est dtype: float64
temp_s_est:
[-1.76069661e-04 -1.11045718e-04 -8.67832641e-05 -8.95571388e-05
 -2.00340277e-04  3.41209962e-05 -1.22007348e-04 -1.05655067e-04
 -1.40468237e-04 -1.76900846e-04 -5.09857061e-05 -8.93817658e-05
 -3.11362185e-04 -1.77933185e-04 -1.94102462e-04 -9.32072014e-06
 -5.27804560e-05 -2.57295793e-04 -6.81948544e-05 -1.41469288e-04
 -1.22933270e-04 -1.82060435e-04 -1.80646521e-04  5.01683418e-05
 -2.03126099e-04  2.63120618e-05 -1.95890816e-04 -2.22338127e-04
 -1.48798218e-04 -1.32578375e-04 -8.52338811e-05 -1.96490417e-04
 -5.85550221e-05 -3.08011812e-04 -1.37977753e-04 -7.97057238e-05
 -1.85767131e-04 -5.19129764e-05 -1.68032667e-04 -1.82808427e-04
 -2.64444740e-04 -2.01452194e-04 -1.20364579e-04 -9.46140400e-05
 -4.59495953e-05 -3.39332857e-04 -1.05016035e-04 -1.19545640e-04
 -1.88451868e-06  4.70110963e-05 -3.19194703e-04 -7.03699848e-05
 -2.25723985e-04 -6.10890152e-05 -4.17478419e-05 -1.52546028e-04
 -8.54081484e-05 -2.46697534e-04 -1.17751541e-04 -2.68195011e-04
 -9.43164209e-05 -8.83137188e-05 -3.30358832e-05 -1.44593151e-04
 -1.81197688e-04 -6.24335552e-05 -1.97995893e-04 -1.76362601e-04
  6.83017719e-05 -1.02271588e-04 -1.58440454e-04 -2.10600090e-04
 -2.66013980e-04 -1.47865347e-04 -6.32282832e-05 -6.89493174e-05
 -1.36852876e-04 -2.45963397e-04 -2.36743626e-04 -1.02903417e-04
 -1.31632714e-04 -8.10794160e-05  4.50478796e-05 -2.81324007e-04
 -3.88595069e-05 -1.03832482e-04 -1.17360934e-04 -1.33632931e-04
 -7.24483065e-05 -1.70902480e-04 -1.83222667e-04 -2.02030595e-04
 -1.25060547e-04 -1.05681746e-04 -5.02489365e-05 -1.80508741e-04
 -1.61281312e-04 -1.73067028e-04 -1.15089491e-04 -2.56703909e-05
 -2.45897987e-04 -1.45549973e-04 -2.31753682e-04 -1.53046067e-04
  3.11518212e-06 -1.57495632e-04 -1.35658779e-04 -7.74077121e-05
 -3.39537558e-05 -2.37404867e-04 -1.67322518e-04 -2.39574978e-04
 -3.18626878e-05 -4.59545681e-05 -1.16436295e-04 -2.19830212e-04
 -2.70936591e-04 -7.60606578e-05  4.26836357e-05 -2.02304827e-04
 -6.83476036e-05 -1.88075415e-04 -1.08745510e-04 -3.04565380e-04
 -3.98690028e-05 -3.27540092e-05 -3.05375427e-04  7.02229282e-05
 -1.28795326e-04  7.06043408e-05 -1.95443767e-04 -4.43678652e-05
 -1.40766027e-04 -2.60582566e-04 -1.15533425e-04 -1.24221462e-04
 -1.99215327e-04 -2.10963946e-04 -1.69949730e-04 -1.49653380e-04
 -1.49859697e-04  4.34823939e-05  7.58017622e-06 -9.39915664e-05
 -2.49632907e-04 -1.80902760e-04 -1.83617298e-04 -1.90282883e-04
  1.24847951e-05 -8.45587170e-05 -1.51118669e-04 -2.04979441e-05
 -1.29385401e-04 -1.14875296e-04 -4.54758280e-04 -1.40887406e-04
 -2.33369763e-04 -1.63551779e-04 -1.26940571e-04 -5.21100308e-04
 -2.04550628e-04 -1.50233595e-04 -8.58972457e-05 -1.59839442e-04
 -2.85982667e-04 -4.29817010e-05 -2.82598215e-04 -2.51737650e-04
 -1.90034545e-04 -9.60186869e-05 -1.25384280e-04 -1.80727552e-04
 -1.26962331e-04 -9.35034214e-05 -1.82952785e-04 -3.68887239e-05
 -2.58421968e-04 -2.61946153e-04 -3.00753541e-04 -2.73581618e-04
 -6.20893926e-05 -2.48814017e-04 -1.52619047e-04 -2.84329425e-04
 -3.28004636e-04 -5.39872009e-05 -1.82224498e-04 -1.49258641e-04
 -3.66293747e-04 -1.11022462e-04 -2.90702518e-04 -1.87687534e-04
 -2.19352775e-04 -6.37785531e-05  4.53040787e-05 -2.56125753e-04
 -7.89155864e-05 -5.89239965e-04 -2.85291079e-04 -2.30825207e-04
 -1.20826589e-05 -2.42756435e-04 -3.15852562e-04 -2.10079462e-04
 -1.36038438e-04 -2.21330025e-04 -3.51012257e-04 -3.00428535e-04
 -1.69364995e-04 -4.79050291e-04 -2.11678712e-04 -1.45707705e-04
 -4.36268840e-04  9.72717023e-05 -3.96199806e-04 -1.90527951e-04
 -5.82094105e-04 -8.45837017e-05 -1.64705810e-04 -6.04540256e-04
 -2.17621129e-04 -6.38797226e-04  3.64199326e-06 -1.51113366e-04
  1.90542353e-04 -5.40073792e-04 -3.93839568e-04 -1.44822912e-04
 -2.47936560e-04 -3.91111294e-04 -4.04848295e-04 -3.48281289e-04
 -2.60728136e-04 -1.84341472e-04 -3.70654033e-04 -2.27515659e-04
 -8.07607587e-04 -9.49188573e-05 -2.99773711e-04 -5.90508862e-04
 -4.62184173e-04 -5.22681736e-04 -4.74181833e-05 -3.32541378e-04
 -9.98769720e-05 -4.67082432e-04 -4.97632670e-05 -4.37080825e-04
 -4.89429125e-04 -3.85054687e-04 -2.07765617e-07 -3.08717037e-04
 -6.10566287e-04 -5.25560220e-04 -3.96298308e-04 -3.64459755e-04
 -4.93245756e-04 -1.77004187e-04 -7.93507988e-04 -5.77121097e-04
 -2.23817852e-04 -4.20501710e-04 -1.92756219e-04  3.23291557e-06
 -7.06119750e-04 -5.50298297e-04 -5.73322770e-04 -2.99517919e-04
 -2.39638750e-04 -5.02145035e-04 -1.80839033e-04 -3.97365675e-04
 -5.81494849e-04 -5.71329190e-04 -3.75707881e-04 -7.74139565e-04
 -4.70570342e-04 -6.86189625e-05 -1.01036461e-03 -4.20906952e-04
 -2.68858561e-04 -4.47861074e-04 -5.95097637e-04 -6.22317025e-05
 -2.25599617e-04 -7.78226774e-04 -5.57179479e-04 -6.04656336e-04
 -1.70900171e-04 -5.43147077e-04 -6.74947599e-04 -5.24680338e-04
 -1.11847907e-03  3.14986548e-04 -6.85238018e-04 -6.52663482e-04
 -4.20509323e-04 -6.02185660e-04 -4.42351032e-04 -5.11479110e-04
  2.46589001e-05 -3.17035171e-04 -5.35545449e-04 -3.93125947e-04
 -4.76768695e-04 -5.60177639e-04 -4.74283122e-04 -1.69935915e-04
 -5.70773221e-04 -7.53645803e-04 -3.13583668e-04 -9.25861305e-04
 -5.83899447e-04 -2.32530328e-04 -9.13088984e-04 -3.01205690e-04
 -8.47957387e-04 -5.58116412e-04 -5.74864523e-04 -3.50955453e-04
 -4.99068174e-04 -4.60833521e-04 -4.24628308e-04 -6.12655304e-04
 -7.43317567e-04 -1.00529978e-03 -4.18436750e-04 -4.21234748e-04
 -4.80262049e-04 -4.07666622e-04 -6.33158891e-04 -8.52634346e-04
 -4.23930514e-04 -8.18629455e-04 -9.36937951e-04 -8.81123271e-04
 -6.68811423e-04 -3.45214825e-04 -6.99500145e-04 -7.39371417e-04
 -1.01790358e-03 -6.58112915e-04 -6.69051415e-04 -5.93217799e-04
 -9.84387380e-04 -5.66083868e-04 -4.80216306e-04 -9.43051435e-04
 -4.91961169e-04 -2.28216876e-04 -4.47008616e-04 -6.96820213e-04
 -6.36234221e-04 -9.68724591e-04 -1.25681861e-03 -6.39924012e-04
 -8.03154576e-04 -5.43770133e-04 -1.04226171e-03 -4.26728698e-04
 -5.77106828e-04 -1.03885835e-03 -3.43781912e-04 -1.11387490e-03
 -6.95134324e-04 -1.75799453e-04 -8.71044017e-04 -1.10246589e-03
 -6.83934741e-04 -5.58521794e-04 -9.17976882e-04 -9.70119765e-04
 -8.33494667e-04 -1.18146287e-03 -9.32259265e-04 -6.11957748e-04
 -9.91981414e-04 -1.15160557e-03 -1.10211678e-03 -3.96512376e-04
 -1.09047043e-03 -5.11519844e-04 -5.04226497e-04 -1.42726398e-03
 -6.58529852e-04 -6.95953443e-04 -8.55517954e-04 -1.48145540e-03
 -5.32908580e-04 -7.32707268e-04 -1.31306165e-03 -1.48044091e-03
 -7.08952359e-04 -9.12042309e-04 -1.22582328e-03 -3.94635121e-04
 -1.25017232e-03 -1.31856595e-03 -5.29705370e-04 -6.35545859e-04
 -1.84655002e-03 -7.53960240e-04 -9.09082535e-04 -7.58680318e-04
 -9.71876107e-04 -1.19698504e-03 -8.87934420e-04 -1.49200404e-03
 -1.00930887e-04 -9.05617527e-04 -1.36931973e-03 -1.42236858e-03
 -4.71716633e-04 -1.14578314e-03 -1.12896623e-03 -3.18935774e-04
 -1.15290865e-03 -1.10632413e-03 -3.70646501e-04 -8.46862711e-04
 -1.89323887e-03 -7.11748061e-04 -1.30362893e-03 -6.23209726e-04
 -1.36499388e-03 -1.50323631e-06 -4.54101243e-04 -1.52798695e-03
 -7.27762644e-04 -8.82247168e-04 -1.19589720e-03 -7.29207733e-04
 -5.05306087e-04 -1.24344499e-03 -1.18803129e-03 -1.15574361e-03
 -7.70243323e-04 -1.11190125e-03 -6.45586125e-04 -1.06679936e-03
 -1.74788753e-03 -8.59359402e-04 -1.05354944e-03 -4.40875305e-04
 -1.86264731e-03 -1.84684574e-04 -1.08987327e-03 -1.09267630e-03
 -3.52420449e-04 -1.33842176e-03 -1.07583523e-03 -8.68308095e-04
 -1.09384588e-03 -1.42978480e-03 -1.22800634e-03 -9.99699758e-04
 -1.70119325e-03 -8.83438709e-04 -1.11872115e-03 -1.13847009e-03
 -1.05633490e-03 -1.44500928e-03 -6.22088755e-04 -1.21971447e-03
 -9.68746287e-04 -1.19462857e-03 -1.42294351e-03 -6.41446640e-04
 -1.03315347e-03 -7.30915640e-04 -9.46021644e-04 -1.17574407e-03
 -1.59139396e-03 -1.69480308e-03 -9.67560994e-04 -9.40279328e-04
 -1.02519374e-03 -6.66177495e-04 -1.11618679e-03 -1.16864736e-03
 -1.77302086e-03 -6.90390027e-04 -8.72550458e-04 -1.57601119e-03
 -5.44222776e-04 -1.37653741e-03 -1.38294623e-03 -7.21738718e-04
 -9.90510283e-04 -1.05006273e-03 -8.45262569e-04 -9.54139405e-04
 -1.49339393e-03 -1.42338869e-03 -1.18732567e-03 -1.38499098e-03
 -1.38558280e-03 -1.12218438e-03 -1.28696829e-03 -1.35604344e-03
 -1.07802587e-03 -1.56420666e-03 -1.39407628e-03 -1.09690772e-03
 -1.19388041e-03 -1.50298160e-03 -1.95500631e-03 -5.17735269e-04
 -1.15705995e-03 -1.37527996e-03 -8.07792621e-04 -1.50981113e-03
 -9.84149799e-04 -1.34601319e-03 -8.61833950e-04 -2.18748934e-03
 -1.63160719e-03 -5.11045302e-04 -2.19638714e-03 -1.33303794e-03
 -8.21385947e-04 -1.18583059e-03 -1.62335016e-03 -1.14535040e-03
 -1.31079874e-03 -1.65072853e-03 -1.25676217e-03 -7.84510955e-04
 -8.89066311e-04 -1.65073406e-03 -1.35130077e-03 -1.40496944e-03
 -1.73496610e-03 -1.07767002e-03 -1.47127062e-03 -1.79364906e-03
 -1.07978004e-03 -7.96772670e-04 -1.48115171e-03 -2.07353812e-03
 -6.72287319e-05 -1.15158170e-03 -1.93181076e-03 -6.20987458e-04
 -1.49267237e-03 -1.09522708e-03 -1.22927022e-03 -1.01266530e-03
 -1.47233925e-03 -2.10257182e-03 -1.64606554e-04 -1.70688141e-03
 -1.92690412e-03 -1.19853700e-03 -1.62601146e-03 -1.54229429e-03
 -1.06781705e-03 -9.35022757e-04 -1.19512982e-03 -1.61159260e-03
 -9.93752609e-04 -1.25691196e-03 -2.05401163e-03 -7.96761570e-04
 -1.64393897e-03 -7.78596421e-04 -1.54442373e-03 -1.31668090e-03
 -1.60720097e-03 -1.66683917e-03 -3.32827144e-04 -1.40024915e-03
 -1.90381746e-03 -7.02379943e-04 -9.81841462e-04 -1.79769675e-03
 -1.19468401e-03 -1.57052846e-03 -7.64135457e-04 -1.49572114e-03
 -1.23042835e-03 -1.49168035e-03 -2.00189546e-03 -3.47170251e-04
 -1.78010569e-03 -1.27479399e-03 -1.93752199e-03 -1.28722385e-03
 -1.26239727e-03 -1.43647505e-03 -9.96057571e-04 -1.68457612e-03
 -1.11665293e-03 -7.66039553e-04 -1.37609192e-03 -1.46836581e-03
 -1.14896359e-03 -1.30100744e-03 -1.30865614e-03 -1.48142005e-03
 -1.26087307e-03 -1.47522040e-03 -8.15110144e-04 -1.01068341e-03
 -1.22931593e-03 -1.16700507e-03 -1.40037632e-03 -1.06740391e-03
 -1.86864258e-03 -5.93380142e-04 -2.26685958e-03 -1.36282853e-03
 -8.98626646e-04 -1.67561318e-03 -1.07302601e-03 -1.72207879e-03
 -1.02681732e-03 -1.16724187e-03 -1.39415861e-03 -1.77436874e-03
 -1.76209639e-03 -1.07888756e-03 -9.85759412e-04 -9.63951894e-04
 -8.89371490e-04 -1.58325472e-03 -4.25529619e-04 -1.32777004e-03
 -1.70962696e-03 -1.26211571e-03 -2.24813323e-03 -7.45902171e-04
 -8.21354112e-04 -1.54455072e-03 -1.48184366e-03 -1.28316886e-03
 -1.43154745e-03 -1.79353225e-03 -1.27378037e-03 -1.22501985e-03
 -1.45441612e-03 -1.37991800e-03 -7.67544069e-04 -1.42141493e-03
 -1.27619770e-03 -8.08555502e-04 -1.00847472e-03 -1.69101302e-03
 -1.32433470e-03 -1.08976272e-03 -1.69901149e-03 -9.39808481e-04
 -8.05927365e-04 -1.54095725e-03 -1.17008704e-03 -9.21348930e-04
 -1.39289864e-03 -1.38902031e-03 -1.15124459e-03 -1.21432552e-03
 -1.33065956e-03 -1.41528406e-03 -7.55277590e-04 -1.71508120e-03
 -1.27922647e-03 -5.31761944e-04 -1.11178775e-03 -1.72715477e-03
 -1.35822323e-03 -1.11423012e-03 -1.31061084e-03 -1.12971271e-03
 -1.23384476e-03 -1.61058697e-03 -1.34215860e-03 -1.00071872e-03
 -6.57188925e-04 -1.49344547e-03 -5.25519471e-04 -1.38242969e-03
 -1.77133030e-03 -1.50076219e-03 -7.14784970e-04 -7.28625635e-04
 -1.56074333e-03 -7.46187176e-04 -1.69046903e-03 -1.68975761e-03
 -7.67559712e-04 -1.06887544e-03 -1.17818198e-03 -1.52182194e-03
 -6.53543908e-04 -1.38047418e-03 -1.34931561e-03 -1.03591075e-03
 -1.51133394e-03 -1.08806577e-03 -7.44578022e-04 -1.29316237e-03
 -1.04388986e-03 -1.34865974e-03 -8.60129116e-04 -1.07679109e-03
 -1.21355934e-03 -1.01087427e-03 -1.35908429e-03 -1.21822535e-03
 -1.40692106e-03 -8.63506468e-04 -1.14636436e-03 -8.91378677e-04
 -7.91961362e-04 -1.55337106e-03 -1.32274571e-03 -8.88740077e-04
 -1.06245382e-03 -1.28098553e-03 -9.24393183e-04 -1.24729610e-03
 -8.70645122e-04 -8.84952182e-04 -7.24216005e-04 -1.09783992e-03
 -1.39312550e-03 -9.96228612e-04 -1.06992894e-03 -6.62548880e-04
 -8.84100152e-04 -1.04511734e-03 -1.36016178e-03 -6.64336694e-04
 -1.14692928e-03 -1.09341246e-03 -8.00007565e-04 -7.68206108e-04
 -1.15457450e-03 -1.32635803e-03 -9.30882203e-04 -1.19965060e-03
 -6.42578233e-04 -1.00625572e-03 -7.68415355e-04 -1.26655169e-03
 -5.88282462e-04 -3.30798614e-04 -1.18586402e-03 -6.64740084e-04
 -1.05110977e-03 -6.93612190e-04 -1.06089031e-03 -9.48952555e-04
 -1.14302408e-03 -8.61568286e-04 -7.54090824e-04 -1.35494307e-03
 -7.32667624e-04 -9.73851962e-04 -7.95397514e-04 -6.12735277e-04
 -1.03115441e-03 -1.17762277e-03 -9.59025493e-04 -9.87207120e-04
 -2.63476759e-04 -9.64729597e-04 -5.28439597e-04 -1.05261061e-03
 -7.05491877e-04 -7.38040041e-04 -1.14852357e-03 -4.24505592e-04
 -1.05664393e-03 -3.49747760e-04 -1.16864269e-03 -7.91178188e-04
 -9.84169328e-04 -6.40098390e-04 -3.33998210e-04 -1.05364996e-03
 -3.39514870e-04 -7.68013699e-04 -8.84971562e-04 -7.79115635e-04
 -3.07568059e-04 -1.02916687e-03 -4.49989215e-04 -7.30098510e-04
 -7.81729455e-04 -7.74283074e-04 -4.51350901e-04 -9.70725684e-04
 -6.36519105e-04 -3.58012314e-04 -1.03800186e-03 -5.79616876e-04
 -9.11947015e-04 -4.08733324e-04 -6.10303866e-04 -1.00002738e-03
 -6.04165059e-04 -7.18600147e-04 -5.56300308e-04 -4.74034329e-04
 -5.59757518e-04 -9.33587300e-04 -4.08946247e-04 -3.93125615e-04
 -6.08172884e-04 -8.56906014e-04 -4.06506122e-04 -7.35167988e-04
 -8.07534797e-04 -6.10307017e-04 -7.28670460e-04 -6.27597266e-04
 -5.71242443e-04 -6.41875271e-04 -6.96503075e-04 -8.98932248e-04
 -6.01357188e-04 -5.84132354e-04 -6.13373799e-04 -4.30710630e-04
 -4.96367761e-04 -6.73029514e-04 -4.57833428e-04 -6.47026377e-04
 -6.08062783e-04 -9.34808973e-04 -2.08003512e-04 -6.00283417e-04
 -5.40624094e-04 -4.46217528e-04 -7.79676751e-04 -6.13474270e-04
 -5.94230849e-04 -5.24639502e-04 -6.88048290e-04 -6.46062429e-04
 -1.42080857e-04 -5.34950043e-04 -3.92432914e-04 -7.55824284e-04
 -5.83688457e-04 -3.22298414e-04 -3.73295354e-04 -5.26333099e-04
 -7.40111231e-04 -4.73926151e-04 -5.92319640e-04 -4.67168196e-04
 -4.21358720e-04 -4.35867963e-04 -3.81780319e-04 -4.40641607e-04
 -5.27231070e-04 -4.66574425e-04 -3.42278039e-04 -3.24133656e-04
 -3.12703207e-04 -4.28293908e-04 -6.42865050e-04 -3.92460542e-04
 -3.17192283e-04 -4.55710374e-04 -2.14511715e-04 -4.00796990e-04
 -3.81946238e-04 -3.61263246e-04 -3.90188839e-04 -3.88948286e-04
 -5.08509611e-04 -2.25223565e-04 -3.36376272e-04 -4.01480870e-04
 -5.39609139e-04 -2.71664006e-04 -1.87782573e-04 -3.62825377e-04
 -4.54973055e-04 -5.26281755e-04 -3.53184284e-04 -2.93968388e-04
 -3.33986466e-04 -2.27499597e-04 -3.89877584e-04 -4.31689927e-04
 -3.83123628e-04 -3.38565149e-04 -2.84373996e-04 -8.85324183e-05
 -2.83735903e-04 -4.20478915e-04 -4.29011798e-04 -3.24212951e-04
 -4.20536396e-04 -5.89043647e-05 -9.78470256e-05 -1.93808435e-04
 -4.14278528e-04 -3.45063433e-04 -1.40474137e-04 -4.34245484e-04
 -1.80017259e-04 -4.19617642e-04 -1.88643953e-04 -2.54073325e-04
 -1.96184763e-04 -1.60267990e-04 -3.29007099e-04 -2.63938501e-05
 -3.76913745e-04 -2.66947988e-04 -4.78012084e-04 -3.54842744e-04
 -2.09841592e-04 -2.57858381e-04 -1.16360094e-04 -2.89464210e-04
 -9.98700583e-05 -1.12833973e-04 -2.42106969e-04 -2.23214987e-04
 -3.18871613e-04 -1.98047820e-04 -2.38142235e-04 -3.97506737e-04
 -3.04096614e-06 -2.97033427e-04 -8.32094581e-05 -4.29389160e-04
 -2.72298480e-04 -2.66117191e-04 -2.99290824e-04 -1.03848382e-04
 -4.64228300e-04 -1.46672068e-04 -3.94627805e-04 -1.36023725e-04
 -1.82232715e-04 -2.10928750e-04 -1.18617333e-04 -2.57408067e-04
 -1.79089490e-04 -3.62123496e-04 -1.10845963e-04 -3.06981335e-04
 -9.26655777e-05 -3.19763013e-04 -1.78066483e-04 -2.25073406e-04
 -1.72458569e-04 -2.16874383e-04 -1.47335104e-04 -2.61445879e-04
 -2.18661040e-04 -1.68123395e-04 -3.73144330e-04 -7.98249468e-05
 -2.29339584e-04 -1.85837298e-04 -2.85330913e-04 -2.71889038e-04
 -2.25335360e-04 -3.08739908e-04 -8.62567293e-05 -1.81593348e-04
 -1.15557756e-04 -4.31735593e-04 -1.81686292e-04 -2.57308028e-04
 -8.09235467e-05  1.48163622e-06 -8.73403035e-05 -3.42983391e-04
 -1.76570784e-04 -2.87834079e-04 -6.01793470e-05 -1.92517984e-04
 -2.97036505e-04 -2.18043309e-04 -2.89882437e-04 -2.66609631e-04
 -1.34990657e-04 -7.08437661e-05 -2.83440672e-04 -2.35852189e-05
 -2.22587011e-04 -1.61109568e-04 -1.19103175e-04 -1.83301341e-04
 -2.11823198e-05 -2.30198638e-04 -1.72944250e-04 -2.58146813e-04
 -2.83663172e-05 -1.61538744e-04 -1.92299171e-04 -1.00752787e-04
 -3.01185708e-04 -4.54804989e-05 -2.10588320e-04 -1.93464066e-04
 -1.27109426e-04 -1.03026871e-04 -1.18993399e-05 -3.20099961e-04
 -1.83005270e-04 -1.51035863e-05 -1.42618999e-04 -2.59249319e-05
 -7.06888248e-05 -1.76750810e-04 -3.78801446e-04 -9.90515835e-05
 -1.29490644e-04 -6.75206995e-05 -1.87282585e-04 -2.23457701e-04
 -8.66433818e-05 -1.20215688e-04 -5.64917468e-05  4.96094590e-06]
