Frame: 79
temp_s_est shape: (1024,)
temp_s_est dtype: float64
temp_s_est:
[ 4.39334609e-05  9.71034637e-06  7.08101847e-05  4.36145315e-06
  1.74609438e-04  1.41908652e-04  8.24989579e-05  1.75923961e-04
 -3.30683392e-05  7.88770372e-06  1.21507219e-04  1.92234073e-04
  8.35440417e-05  9.23412712e-05  9.40183770e-05  1.80034355e-04
  1.64317719e-04  9.23275867e-05  4.52169060e-05  3.11233391e-04
  2.01542790e-04  1.87632346e-04 -4.46556983e-05 -2.99062423e-05
  1.69606529e-04  2.02710673e-04  3.04385738e-04  1.42060453e-04
  1.33669509e-04  2.24158604e-04  3.37251951e-05  2.53830037e-06
  2.25618178e-04  2.74165477e-04  3.64186918e-04  2.57394889e-04
  1.98621402e-05 -7.93451034e-06  2.48813388e-04  1.02582221e-04
  3.35798395e-04  3.30130652e-04  3.76825077e-04  2.36032238e-04
 -8.98016288e-05 -1.06761504e-04  4.19678205e-05  5.25569192e-04
  5.26945550e-04  2.13456919e-04  1.07411052e-04  1.82628913e-04
  5.16343549e-05  1.46364037e-04  3.39071104e-04  6.18609991e-04
  6.76140437e-04  6.11389102e-04  2.66031011e-05  1.03577460e-04
  7.24433581e-05  2.53526291e-04  5.25756292e-04  4.04469991e-04
  5.59536975e-04  6.11233043e-04  4.41533748e-05 -1.61152592e-04
  2.41411780e-04  5.84706998e-04  7.25912438e-04  3.33283633e-04
  4.62425270e-04  1.58784701e-04  8.77674384e-05  4.95603881e-05
  3.65423700e-04  4.58952510e-04  1.02235445e-03  8.89802338e-04
  2.17979639e-04 -6.95977101e-07  5.62908438e-05  2.58862967e-04
  4.64936344e-04  6.46543283e-05  6.69222790e-04  5.04234940e-04
 -2.40967324e-04 -1.71734346e-04  2.61788806e-04  6.27578072e-04
  3.02436094e-04  4.22682768e-04 -2.16255800e-04  3.87696514e-05
  7.27986984e-05 -8.44465548e-06 -2.53107125e-04  8.20822826e-05
  3.39237036e-04  3.79927493e-04 -1.97582244e-04 -3.75788509e-04
 -3.89918938e-04  4.41837823e-04  1.58284701e-04 -1.52263613e-04
  2.09117559e-04  1.26025284e-04 -2.92352843e-04 -2.20063145e-04
  5.43616941e-05 -2.40501412e-05  7.73169294e-04  6.77651628e-05
 -6.76486584e-05 -6.14686284e-05  1.98401959e-05  3.63512355e-04
  1.97119648e-04 -1.73935853e-04  2.75294630e-04 -8.74976136e-05
 -4.27299099e-04 -7.95357821e-04  2.21684573e-04  8.45838721e-04
  6.10785966e-04  4.58628931e-04 -4.68563000e-05 -2.55711118e-04
 -4.04743216e-04  5.77457947e-05  2.86734369e-05  3.20835779e-04
  8.41939015e-04  2.69244264e-04 -5.62290342e-04 -5.40835758e-04
 -4.57171939e-05  6.14154785e-04  2.43896628e-04  6.00370710e-04
  7.43747654e-04  1.11747117e-04 -8.76114228e-04 -1.09630261e-03
 -3.49579997e-04  4.16086807e-04  8.47801730e-04  3.31961810e-04
  1.50280802e-04 -4.77812522e-04 -2.69809698e-04 -3.18919020e-04
 -8.48328798e-04 -4.64546297e-05  6.82230518e-04 -8.00416417e-05
 -7.71472878e-04 -1.46211295e-03 -5.97665778e-04 -3.02039935e-04
 -2.83609488e-04  1.00156283e-04  3.53267807e-04 -6.49247473e-06
 -1.22534927e-03 -1.28274074e-03 -8.47480348e-04 -9.72992962e-05
  3.25088038e-04  7.85675101e-05 -5.27975382e-04 -6.81523714e-04
 -6.80566919e-04 -4.85613941e-04 -1.00228293e-03  1.12042826e-04
  2.74170047e-04  1.79775421e-05 -7.20573812e-04 -1.24205411e-03
 -8.80234664e-04 -6.03466127e-04 -7.87947222e-04 -8.07908715e-05
  3.29753388e-04 -7.00376710e-05 -5.56985127e-04 -6.80223247e-04
 -8.18599806e-04 -2.56366664e-04  3.43245125e-04 -1.00938690e-05
 -1.88709584e-04 -5.89220467e-04 -2.08445123e-04 -9.01727715e-04
 -5.35583280e-04 -8.50128642e-06  2.70761877e-04  2.36709236e-04
 -2.30681804e-04 -5.71228527e-04 -3.50168908e-04 -5.09790579e-04
 -3.42224290e-04 -9.77507370e-05 -1.00062760e-04 -5.53233697e-04
 -1.81361724e-04 -2.64583194e-04 -5.17165192e-04  2.94137949e-04
 -3.93172733e-05 -1.40072174e-04 -4.09723605e-04 -4.44007384e-04
 -4.70194442e-04 -5.88392327e-04 -4.68315924e-04 -1.73570662e-04
  4.21689989e-05  2.25882763e-04 -1.68724588e-04 -4.05504546e-04
 -5.24761644e-04 -2.45177064e-04  7.63759311e-05 -6.66012419e-05
 -4.56811140e-04 -5.05091430e-04 -7.78413315e-05 -4.33682626e-04
 -3.55646146e-04 -1.28087856e-04 -2.10294231e-04 -4.90398574e-05
 -1.93199589e-04 -4.81307450e-04 -3.61525575e-04 -4.10255205e-04
 -8.62342820e-05 -2.01685127e-04 -1.12583433e-04 -1.00941042e-04
 -7.98979547e-05 -3.19479396e-04 -3.56999559e-04  1.04742398e-05
  2.16863639e-04  1.26406311e-04 -3.21859115e-04 -2.68101312e-04
 -1.69553418e-04 -1.74085582e-04 -1.29025874e-04 -3.84622575e-05
 -2.61535406e-05  1.36242910e-04 -1.00189793e-04 -1.36827166e-04
 -6.58570061e-05  1.21803396e-04  3.38366130e-05  1.69177912e-04
  8.33922375e-07  7.36114546e-05  9.41847266e-05 -1.59893535e-04
 -6.51952118e-05  9.66437247e-05  3.21600269e-04  1.82563213e-04
  8.47925173e-06  7.91019208e-05  1.14419843e-04  6.90279681e-05
  1.49712518e-04 -1.04505006e-05  2.12153350e-04  2.67095341e-04
  1.49984891e-04 -1.02533277e-06  1.44438869e-04  2.59636415e-04
  3.93539170e-04  3.46400224e-04  2.11729944e-04  2.05316973e-04
  1.76192517e-04  8.84439700e-05  1.80372161e-04  2.76122715e-04
  2.89969417e-04  2.90713779e-04  2.01613257e-04  2.12984063e-04
  1.87271569e-04  3.82333438e-04  2.53011037e-04  1.57640586e-04
  1.79303014e-04  3.73660949e-04  2.35494694e-04  2.16856940e-04
  2.47321819e-04  2.48448854e-04  4.26822089e-04  3.92913497e-04
  2.33472346e-04  2.69825354e-04  1.86284656e-04  2.47773881e-04
  2.97807121e-04  2.22020564e-04  2.69271490e-04  2.67540719e-04
  2.96217890e-04  1.79645044e-04  2.86284956e-04  3.27988008e-04
  2.87606135e-04  2.38524102e-04  2.38851944e-04  2.48024588e-04
  2.80299934e-04  2.54503242e-04  2.11346100e-04  2.30320858e-04
  3.89346724e-04  3.00968643e-04  1.98387806e-04  2.02453392e-04
  1.82202992e-04  2.88458301e-04  3.17926727e-04  2.22106766e-04
  2.47580380e-04  2.68730448e-04  2.07327909e-04  2.30906911e-04
  2.80833858e-04  2.85685118e-04  2.76474002e-04  2.53164217e-04
  1.89631016e-04  2.74088002e-04  2.19207052e-04  2.03426496e-04
  1.74228730e-04  2.28792574e-04  2.63462612e-04  2.06623711e-04
  1.56519177e-04  1.19215802e-04  2.11799497e-04  3.03466004e-04
  2.62976518e-04  1.76905088e-04  2.18283606e-04  2.25333831e-04
  1.69428969e-04  1.94070639e-04  1.72367185e-04  1.73411897e-04
  2.67037518e-04  1.97598784e-04  1.83734457e-04  1.67128305e-04
  1.49946287e-04  1.42555667e-04  1.35389562e-04  1.39451212e-04
  1.44946295e-04  1.45262687e-04  6.84447921e-05  9.89951180e-05
  1.51248251e-04  1.51848958e-04  1.65322413e-04  1.37157326e-04
  1.39637559e-04  9.18235406e-05  7.38202844e-05  1.09859262e-04
  7.72253219e-05  8.27764132e-05  1.17195643e-04  7.83151633e-05
  7.50894233e-05  6.43513960e-05  2.60682489e-05  7.40860569e-05
  4.82446063e-05  6.69734778e-05  5.21391203e-05  1.25527049e-05
 -1.52362389e-05  1.44363976e-05  2.57337615e-05  1.93171642e-06
  1.95740582e-05  6.38754591e-06 -8.91701338e-06 -5.43841516e-06
 -2.71473949e-05 -2.67174595e-05 -1.82786015e-05 -2.77606640e-05
 -3.57089431e-05 -5.80363785e-05 -5.56371311e-05 -8.05751144e-05
 -1.03477449e-04 -5.58989927e-05 -2.14586629e-05 -4.17628810e-05
 -3.16381528e-05 -9.98532609e-05 -1.04655658e-04 -9.79913521e-05
 -1.11438354e-04 -7.03375581e-05 -7.22201780e-05 -9.72680750e-05
 -9.02267830e-05 -1.29158876e-04 -1.28289488e-04 -1.11642023e-04
 -8.57785135e-05 -8.93888513e-05 -8.45850147e-05 -8.85173354e-05
 -1.31310871e-04 -1.60167158e-04 -1.71595779e-04 -1.27081209e-04
 -1.10537264e-04 -8.71726041e-05 -7.92151541e-05 -1.13054263e-04
 -1.34787949e-04 -1.23823168e-04 -1.46536684e-04 -1.22212669e-04
 -1.16645969e-04 -1.00611806e-04 -1.14340450e-04 -1.59377403e-04
 -1.52754248e-04 -1.28357444e-04 -1.27794540e-04 -1.08556781e-04
 -6.66458901e-05 -1.00717808e-04 -1.27042092e-04 -1.58116708e-04
 -1.65452162e-04 -1.43981321e-04 -1.34320560e-04 -1.08728791e-04
 -9.39183517e-05 -1.35719634e-04 -1.32068980e-04 -1.64529420e-04
 -1.59569658e-04 -1.26925027e-04 -1.22705552e-04 -1.05638491e-04
 -1.30599329e-04 -1.58738771e-04 -1.69017540e-04 -1.70434680e-04
 -1.69768186e-04 -1.25646256e-04 -1.08680114e-04 -1.12020535e-04
 -1.25196920e-04 -1.51024308e-04 -1.70876121e-04 -1.39932482e-04
 -1.56037631e-04 -1.37836450e-04 -1.33055422e-04 -1.46964052e-04
 -1.63887999e-04 -1.69006787e-04 -1.70641470e-04 -1.41486881e-04
 -1.25158500e-04 -1.19675931e-04 -1.34368251e-04 -1.59754653e-04
 -1.48996602e-04 -1.66650077e-04 -1.71744734e-04 -1.31791273e-04
 -1.03618047e-04 -1.33603710e-04 -1.19890004e-04 -1.48263432e-04
 -1.30012796e-04 -1.24322582e-04 -1.02406011e-04 -8.24085282e-05
 -9.48740761e-05 -1.26234043e-04 -1.20019835e-04 -1.42148169e-04
 -1.29786853e-04 -9.92174573e-05 -6.56802704e-05 -5.72792050e-05
 -9.16080758e-05 -8.56606532e-05 -9.20064582e-05 -1.00441326e-04
 -1.06923081e-04 -6.25924482e-05 -6.45155912e-05 -6.39856765e-05
 -6.89746179e-05 -7.72392518e-05 -9.14437060e-05 -4.60763815e-05
 -4.05012024e-05 -1.52652767e-05 -4.22700617e-05 -5.16993110e-05
 -4.30912456e-05 -6.68732414e-05 -7.91913472e-05 -4.46598653e-05
 -1.51279601e-05 -1.44364467e-05 -2.34128403e-05 -4.72881119e-05
 -3.43491187e-05 -4.84160732e-05 -2.01961112e-05 -1.81019543e-05
 -1.30449737e-05 -1.63006090e-05 -2.24168163e-05 -6.20261356e-05
 -4.84624210e-05 -4.20510933e-05  1.11785016e-05  4.48671207e-06
 -1.07894401e-05 -1.29056260e-05 -5.47762913e-06 -2.80396302e-05
 -4.57626159e-05 -8.70734728e-06  3.65624816e-06  1.00295719e-05
 -8.52310375e-06 -2.11648217e-05 -2.32395753e-05 -7.83213397e-08
 -6.99589865e-06  8.27986271e-06  3.38074639e-06  2.70719181e-05
  8.38806576e-06 -1.35441424e-05 -3.41841310e-05  1.95704232e-06
  2.42707132e-05  2.22214293e-05 -1.03651624e-06  1.67417966e-05
  2.93818401e-05  5.26459456e-06  1.78774776e-05  2.39588866e-05
  4.42263580e-05  4.60564091e-05  3.02648503e-05 -7.69084191e-07
  1.39471884e-05  1.83223001e-05  3.98896121e-05  3.14568942e-05
  5.91619380e-05  5.53911539e-05  5.62082400e-05  1.75061335e-05
  2.26656335e-05  3.81841923e-05  5.74808235e-05  5.10315019e-05
  3.83429955e-05  4.61524023e-05  4.43372602e-05  4.40545844e-05
  3.81424723e-05  5.34282087e-05  6.09862862e-05  8.37849135e-05
  5.69800889e-05  4.63793492e-05  2.90372560e-05  5.64525871e-05
  3.69594763e-05  5.54262125e-05  4.32121520e-05  6.97566808e-05
  6.23179075e-05  5.57794393e-05  4.10702079e-05  4.92619664e-05
  5.52649434e-05  5.84000167e-05  4.94087560e-05  5.26109461e-05
  4.75977785e-05  3.68700760e-05  4.76151260e-05  3.31151759e-05
  4.97996796e-05  5.01127745e-05  6.49010850e-05  4.32878653e-05
  4.58522117e-05  3.19483610e-05  5.33371169e-05  3.72788475e-05
  4.07679060e-05  3.45208979e-05  5.46635603e-05  4.34506238e-05
  4.28183552e-05  3.85415719e-05  3.61669603e-05  3.66166127e-05
  4.12089519e-05  4.01597280e-05  4.36497152e-05  5.79831033e-05
  3.86901959e-05  2.74993657e-05  1.18114932e-05  3.19488497e-05
  2.86731111e-05  4.29521658e-05  3.64693962e-05  4.68672007e-05
  3.67857122e-05  4.34391047e-05  1.36341485e-05  2.31844043e-05
  2.16836877e-05  3.74875201e-05  4.00411410e-05  2.06716600e-05
  2.10106187e-05  2.60434665e-05  2.96411692e-05  1.03959967e-05
  2.37011677e-05  4.23149568e-05  4.39764129e-05  2.17536929e-05
  2.38733058e-05 -6.24365176e-06  2.34961628e-05  1.57335107e-05
  3.04463115e-05  1.96963878e-05  3.79055450e-05  2.84665026e-05
  1.99159443e-05  5.36560755e-06  1.72426565e-05  2.95575048e-05
  3.41397807e-05  2.11403082e-05  8.70428815e-06  1.83717859e-05
  1.12640715e-05  1.29992818e-05  1.01394778e-05  2.73148231e-05
  2.37392162e-05  4.15087702e-05  4.28956409e-06  1.58717203e-05
  1.17683539e-05  3.46641366e-05  1.02722866e-05  1.89461260e-05
  1.66610849e-05  2.85794741e-05  1.86272175e-05  5.34748451e-06
  3.91216309e-06  3.02937890e-05  2.92779122e-05  2.16318950e-05
  1.05140781e-05  1.31579572e-05  2.88567545e-05  1.05831205e-05
  1.57045788e-05 -8.93656259e-07  2.14076960e-05  1.22983648e-05
  1.73532630e-05 -4.58640265e-06  2.57567814e-05  2.42394588e-05
  3.05340306e-05  2.35087943e-06  2.62534188e-06  8.77378423e-06
  1.15180633e-05 -5.97388677e-06  1.09414259e-05  1.62844633e-05
  1.77256906e-05  1.20375083e-05 -2.41568084e-06  6.90619641e-06
  9.79752506e-06  3.14562509e-05  9.01590003e-06  6.76159921e-06
 -3.41524879e-06  1.65022031e-05 -7.67900815e-06 -2.24785051e-06
  1.46947137e-05  3.71807972e-05  1.61000595e-05  1.09144783e-05
 -1.09802313e-06  1.96706689e-05  2.25018291e-05  1.37109020e-05
  2.02884741e-05  1.80259209e-05  2.24855649e-05  1.90323545e-05
  9.50978692e-06 -1.11813309e-06  4.37151491e-05  5.23310944e-05
  5.02363377e-05  1.60412099e-05  3.07630156e-05  2.84548852e-05
  2.61492227e-05  1.94623816e-05  4.57197391e-05  4.82674953e-05
  6.44974711e-05  2.52677022e-05  1.30827155e-05  3.80051845e-05
  4.00022253e-05  6.10040803e-05  7.17547607e-05  5.96019770e-05
  4.77769245e-05  5.02191297e-05  2.25469577e-05  2.67522606e-05
  5.14634040e-05  9.33077978e-05  5.68820897e-05  5.01626351e-05
  3.09595715e-05  5.90742079e-05  3.85976798e-05  4.52794981e-05
  6.64471516e-05  7.64869785e-05  5.61316165e-05  3.84969000e-05
  9.93521818e-06  2.80372426e-05  3.85204438e-05  6.58031795e-05
  8.16761802e-05  4.98563343e-05  6.67501733e-05  3.67271201e-05
  1.55313742e-06  7.39737156e-06  5.42107133e-05  5.96087362e-05
  7.02283475e-05  3.25967706e-05  3.66078170e-05  1.21295262e-05
  1.35873226e-05  3.56682701e-05  6.29010950e-05  6.10795192e-05
  6.81110743e-05  3.46149549e-05  6.76443941e-06 -7.02399027e-06
  1.63337273e-05  4.63631110e-05  5.10634532e-05  6.27351291e-05
  5.48889652e-05  4.28084629e-05 -4.29919808e-06  2.42143807e-05
  3.80586195e-05  5.10927118e-05  5.63688262e-05  4.48046585e-05
  3.17970041e-05  3.23329447e-05  2.79795033e-07  4.77693456e-05
  6.40346526e-05  5.88115578e-05  6.98891711e-05  5.36664361e-05
  2.90697916e-05  2.33377534e-05  2.52925914e-05  4.86198466e-05
  7.02975005e-05  4.51967263e-05  6.00649757e-05  2.77923650e-05
  2.12165925e-05  3.26828682e-05  4.57969077e-05  5.39787032e-05
  6.85661365e-05  4.34514136e-05  3.93658113e-05  4.52664907e-06
 -2.24988049e-06  2.80840898e-05  4.13126920e-05  2.94871868e-05
  3.89079833e-05  3.84941550e-05  6.96955630e-06  8.27176969e-06
  8.81423262e-06  2.68888672e-05  2.48422670e-05  1.61670091e-05
 -5.85178207e-06 -3.09111502e-05 -3.51795264e-05  7.70156527e-06
 -3.91002562e-06  1.16934353e-05  1.80233922e-05 -4.06064974e-06
 -2.30971803e-05 -4.94017228e-05 -5.30288329e-05 -1.16718696e-05
 -3.07291035e-05 -3.70256678e-05 -1.98824327e-05 -5.99961819e-05
 -6.72647754e-05 -6.86211164e-05 -5.50564894e-05 -3.44318370e-05
 -1.55654300e-05 -4.05257743e-05 -6.20856049e-05 -1.11594800e-04
 -1.00739751e-04 -8.79599051e-05 -7.90911048e-05 -4.58201226e-05
 -1.61218520e-05 -3.85218837e-05 -6.71434196e-05 -9.37329738e-05
 -8.95172262e-05 -7.30782247e-05 -6.56001796e-05 -4.81657831e-05
 -6.22423119e-05 -9.12359439e-05 -1.04392705e-04 -1.03112984e-04
 -1.20760401e-04 -5.69691396e-05 -5.99362456e-05 -6.25451733e-05
 -7.38441244e-05 -1.05286772e-04 -1.22370492e-04 -1.19652562e-04
 -1.11869847e-04 -8.25042880e-05 -6.85332461e-05 -9.25837981e-05
 -9.16831671e-05 -1.22286810e-04 -1.14849670e-04 -8.16986781e-05
 -1.12575539e-04 -6.23953061e-05 -6.61021077e-05 -1.04785975e-04
 -1.15416848e-04 -1.76173458e-04 -1.39083134e-04 -1.12873565e-04
 -1.00256696e-04 -7.01882171e-05 -9.62954538e-05 -1.24738589e-04
 -1.28950081e-04 -1.19912840e-04 -1.60351127e-04 -1.22727349e-04
 -8.92156041e-05 -1.38919737e-04 -1.44162074e-04 -1.78836099e-04
 -1.73147935e-04 -1.37392318e-04 -1.53959945e-04 -1.17881950e-04
 -1.00436394e-04 -1.37996401e-04 -1.17873112e-04 -1.93944648e-04
 -1.88681980e-04 -1.40632181e-04 -1.54511969e-04 -1.16125164e-04
 -1.65091527e-04 -1.63890300e-04 -1.29439961e-04 -1.44320169e-04
 -1.47855314e-04 -1.34124520e-04 -1.40629649e-04 -1.75169421e-04
 -1.52318691e-04 -2.22183058e-04 -2.08373886e-04 -1.39873607e-04
 -1.85376901e-04 -1.38857979e-04 -1.30941367e-04 -1.39359513e-04
 -1.56654698e-04 -1.85440151e-04 -1.91914423e-04 -1.30284422e-04
 -9.10515155e-05 -1.31910955e-04 -1.53385581e-04 -1.68491919e-04
 -1.27265222e-04 -1.43953072e-04 -1.69702312e-04 -1.24814994e-04
 -9.86423156e-05 -1.28609461e-04 -1.51221771e-04 -2.24783378e-04
 -1.15288904e-04 -8.53296036e-05 -1.26447418e-04 -9.37217132e-05
 -1.07409940e-04 -1.59873472e-04 -7.59331452e-05 -1.41888861e-04
 -1.40208240e-04  2.09060430e-05  3.91222090e-05 -4.40984086e-05
 -1.55209339e-04 -1.47073059e-04 -6.30581861e-05 -2.28413372e-05
 -1.21524776e-04 -7.08144741e-05 -7.27675838e-05  2.32486908e-05
 -5.82895469e-05 -1.24799852e-04 -7.35206982e-05  4.06499255e-06
  4.19032862e-05  2.80991591e-05 -6.03152941e-05 -4.03749498e-05
 -2.38263468e-05 -4.80294554e-05 -5.62856928e-05  1.11582079e-04
  4.84610959e-05  2.99297766e-05 -2.20253910e-05 -1.90754069e-04
  1.46950301e-05  3.68596520e-05  2.77110300e-05  2.63161375e-05
  9.25776999e-05  4.81750375e-05  4.29071714e-05 -7.93241248e-05
 -5.45542907e-06  1.21460339e-04  2.04070768e-04  7.87685181e-05]
