Frame: 40
temp_s_est shape: (1024,)
temp_s_est dtype: float64
temp_s_est:
[-2.53572865e-05  7.16235710e-05 -1.84177260e-04 -1.52799093e-04
 -2.47631910e-05  1.31586318e-04 -3.05755249e-06 -8.28568434e-06
 -6.58759466e-05  1.03306864e-04  2.13408911e-05 -2.28379686e-05
 -1.16173054e-04 -1.76444580e-04 -9.28021786e-05  1.16999866e-04
 -1.14967844e-04 -8.31188438e-06 -1.84039491e-05 -2.99790875e-05
  1.14842993e-05 -3.83106840e-05  2.91244498e-05 -4.67137816e-05
 -7.73219370e-05  6.10842759e-06  3.63056573e-05  8.72637799e-05
 -3.91134292e-05 -6.54113499e-05 -1.34266896e-04  1.13055603e-04
 -2.60826918e-05  6.35548529e-06  2.83729463e-05 -6.93766428e-05
 -3.99988072e-05 -1.57987114e-04 -1.26257492e-05 -1.06963437e-04
  1.05302713e-04  1.15606596e-04  1.83387877e-05 -4.87665494e-05
  1.65587009e-05  3.05808637e-06 -1.73040226e-04  1.11191497e-04
  3.78557564e-06  1.25974787e-04 -6.01741786e-05  3.65162747e-05
  1.32369642e-05 -3.20302637e-05  8.70388518e-05  4.71576688e-05
 -1.05611932e-04 -2.03566755e-05 -6.12457047e-05  3.23989158e-05
  2.11854905e-05 -1.28164512e-05  3.52862617e-05  1.53807554e-04
  1.63259180e-06 -3.17675489e-05 -1.20371826e-04 -4.27857748e-05
  1.81338725e-04 -3.82474677e-05  1.36225168e-05 -3.20243291e-05
 -6.38874747e-05 -1.07053231e-04 -1.90265386e-05 -2.39288247e-04
  1.40566501e-04  1.99268312e-04  1.56268785e-04  4.79620553e-05
 -1.71704452e-04 -1.19372084e-05 -4.72436764e-05 -7.15863881e-06
 -9.79465089e-05  3.65541804e-05 -4.32145664e-05  1.71603619e-04
 -1.47514194e-04 -2.22068452e-05 -1.10922736e-05  6.31883631e-05
  1.48361681e-04 -1.72685517e-04 -9.35601051e-05  1.09918246e-05
 -1.27421691e-04 -1.12847098e-04  3.32593085e-05  6.01237661e-05
  9.86382318e-05  3.51810648e-05 -3.21487957e-05  1.29426387e-04
 -8.65415248e-05  6.42814788e-05  1.88409333e-04 -8.84414611e-05
  5.36021090e-05 -9.49522470e-05 -5.32758233e-05  2.57754877e-05
 -9.00549058e-05 -4.50652039e-05  7.46007841e-05  1.10214707e-04
  2.82885576e-04  1.22549878e-04 -8.41320355e-05 -3.04711538e-05
 -6.78968081e-05 -8.96567415e-05  6.27485510e-05  5.85045377e-05
 -2.05685869e-05 -5.71652513e-05  1.14175801e-04 -1.54300603e-04
 -2.37432677e-05 -1.75313718e-04 -9.38865637e-05  1.87655427e-04
  3.04269463e-05 -1.50773924e-04 -2.00457411e-06  1.02561609e-04
  3.19965407e-05  1.02974638e-04 -1.13981648e-04  2.21181626e-04
 -1.04135654e-04 -3.38844369e-06  8.41033977e-05 -1.83491122e-05
  1.31271538e-06  2.24243403e-04  1.04516236e-04 -8.71752365e-05
  1.71420585e-05 -5.32444115e-05 -5.36630440e-05 -1.92399664e-04
  5.77204636e-05  9.06747901e-05  1.37356575e-04  2.97344363e-05
 -1.80872995e-04 -1.77274758e-04 -2.92809130e-05 -4.62372836e-05
  9.85527995e-05  8.18032991e-05  1.02658658e-04 -1.43098885e-04
 -1.87567146e-04 -5.77640773e-06 -1.55374095e-04 -1.78411657e-04
  5.93259894e-05  9.62527151e-05 -2.68591397e-05  2.21752428e-04
  4.30394106e-05  1.03032886e-05  1.55093187e-04  1.49456005e-04
 -1.21464160e-04 -3.68664830e-05 -3.07502638e-05 -3.60340755e-05
 -3.67458132e-05 -3.37178638e-05  1.25283248e-04 -6.48866331e-05
 -3.67894613e-04 -1.68738430e-04 -3.66839776e-05  9.53324582e-05
  3.88069302e-04  4.13776137e-05  1.41936500e-04 -6.87599386e-05
 -1.42125102e-04 -2.08708397e-04 -8.26386884e-05  1.56838492e-04
  1.70465089e-04  2.37342992e-04 -8.21668446e-05 -1.73411587e-04
 -1.01478828e-04 -3.73672931e-05 -3.24276354e-05  2.04055995e-04
  1.13306271e-04 -2.60632159e-04  1.16161679e-05 -1.52480880e-04
  8.59648493e-05  2.15866148e-05  9.01217670e-05  2.78192704e-04
 -1.11793204e-04 -2.86130190e-05  1.69261746e-04 -3.09251477e-04
  5.45206692e-05  2.11657602e-04 -4.46582321e-05 -9.60711618e-05
 -3.78793873e-04 -5.90650194e-05  1.69300975e-04  8.91878493e-05
 -8.89085597e-05  3.37166460e-04  2.98580485e-04  3.18190747e-04
 -2.58111019e-05 -5.10393670e-04  1.45467224e-04  1.05181406e-04
  1.63901414e-04  1.07064583e-04 -2.07838518e-04  9.51010151e-05
  3.82023445e-04 -5.83284609e-05 -1.76344262e-04 -1.92830810e-04
 -1.32322877e-04 -1.43021573e-04 -3.69466164e-05 -3.17545140e-04
  4.33582821e-04 -1.83705817e-04  4.03863992e-04  1.66034647e-04
 -1.21400518e-04 -5.13734168e-05  1.67125716e-05 -9.65645752e-05
 -2.15433487e-04  2.88962532e-04 -1.04188946e-04 -3.10783063e-05
 -2.46999167e-04 -1.47024622e-04  3.77085229e-04  5.77082856e-07
  4.12726251e-04  2.52074178e-04  1.85004125e-04  7.80485946e-05
  1.17057946e-04 -4.21342759e-06  6.83882721e-05 -4.60964085e-05
 -1.89940254e-05  4.34540022e-05  1.53348339e-04  1.78487936e-04
  1.81083407e-04  9.30361182e-05  1.56393138e-04  7.89637463e-05
 -1.09005681e-04 -1.19884799e-04 -1.77074406e-04  2.05949301e-05
  2.88152968e-04 -7.96048499e-05  4.41481477e-04  1.67515846e-04
  2.97782155e-04 -4.03099067e-05  2.12729787e-04  1.58326807e-04
 -3.81018076e-04 -5.19681142e-05  2.70426657e-04  1.77169394e-04
 -6.89090882e-04 -1.99214837e-04 -1.31304221e-04 -2.12356013e-04
  3.53695927e-04  1.46908721e-04  6.16693684e-04  1.40137595e-04
 -1.06331570e-04 -5.39215814e-04 -1.62227262e-04 -2.90333685e-04
 -1.95844676e-04  4.10117918e-04 -6.35013697e-04  6.93968600e-04
  3.71026602e-04  1.31291344e-04 -3.46918658e-04 -5.88913511e-04
 -5.63330676e-05  2.87927732e-04 -6.00864825e-05 -4.31076584e-04
  2.30346770e-04  3.54962857e-04  2.98582166e-04  1.68515896e-06
 -3.57339040e-04  1.49930229e-04  4.27645563e-05 -5.18272789e-05
 -3.70011636e-04 -2.99607718e-04  2.12664990e-05  1.86175119e-04
  1.78356838e-04 -5.64879480e-04 -1.53792778e-04 -4.82648674e-05
 -1.92574083e-04 -1.01884686e-04  1.05876055e-04 -7.69564319e-05
  6.91825886e-05 -3.05469194e-05 -6.35903796e-04 -2.37410243e-04
 -1.95173847e-04  4.53265233e-04 -1.22737124e-04  1.96114659e-04
  1.36491282e-05  6.54758082e-05 -6.66358683e-04 -2.09228771e-04
 -2.20736074e-05 -2.41315566e-04  3.55741032e-04 -1.29804090e-04
 -1.78070059e-04 -7.63952597e-05  6.19194071e-04  2.96110987e-04
  3.56745477e-04  6.13126439e-04 -8.09254003e-05  1.34762436e-04
 -6.83581655e-04 -3.45447156e-05  5.00222732e-05  7.38305947e-04
  2.99839689e-04  2.93796404e-04  1.97491266e-04 -1.09295621e-04
  3.86371328e-05 -3.60470718e-04  6.41826750e-04  7.10005866e-04
  1.78825203e-04  2.26829624e-04  5.96580381e-05 -7.19184072e-04
 -3.41711864e-04  4.22180971e-04 -4.00544553e-04  7.23861715e-04
  5.00102352e-04  3.10518601e-04  1.85771826e-04 -7.72122971e-04
 -2.51760243e-04  2.49901912e-04 -3.22677025e-05  3.05322147e-04
 -3.42209409e-04 -4.99664188e-04  7.18021613e-04  6.08524043e-05
 -1.84649203e-04  6.18990779e-04  1.31898044e-04  6.41833806e-04
 -1.98236117e-04 -2.85024330e-04 -8.42546009e-05  1.18704692e-04
 -1.47176174e-04  1.51579960e-04  1.54260406e-04  3.22353195e-04
  2.62834854e-04 -7.15742333e-04 -1.02430565e-04 -3.73063660e-04
  2.71237891e-04  6.84573043e-04  2.55684685e-04 -2.59861149e-04
 -9.18885144e-06 -1.68497705e-04 -5.27596673e-04 -4.19753085e-04
 -5.46585104e-04  7.76411648e-04  4.87971119e-04 -1.44857852e-05
  2.43767422e-05 -7.98018683e-04 -6.82555913e-04  1.08265249e-05
  9.80177327e-05 -4.48816368e-04  4.02132204e-04 -1.02822408e-04
 -1.88559742e-04 -1.28042727e-04 -1.05059155e-03 -1.45904970e-05
 -7.16807718e-05  2.44917054e-04 -5.88259532e-05 -4.18182549e-05
 -1.00365649e-03 -3.92974696e-04  1.48983924e-04  1.16334983e-04
  4.98180109e-04 -6.39252769e-04  1.41303992e-04 -3.80052827e-04
 -3.72533496e-04  4.90261391e-04  5.40079081e-04  3.86291161e-04
  5.64408100e-04  4.06881731e-04 -5.21728345e-04 -2.86680948e-04
 -3.19558088e-04  9.86415826e-04  8.56964242e-04  2.89510447e-05
  4.35909529e-04 -4.12711397e-04 -2.25355818e-04 -5.20728010e-04
 -5.75611329e-04  3.91940342e-04  8.36383789e-04  8.26639801e-05
  2.49938268e-05 -4.95434254e-04 -5.73126051e-04 -2.28833793e-05
  3.28049580e-05  5.33480186e-04  6.10890568e-04 -5.10912558e-04
 -3.28880662e-04 -3.91933469e-04 -8.51620580e-04  3.91166331e-04
  2.80472013e-04  2.00789264e-04  6.68622562e-04 -2.51661199e-04
 -3.58389904e-04  2.62455137e-04  4.65908171e-04  3.86072792e-04
  3.04736699e-04  6.49449112e-05 -4.32215662e-06 -1.58542280e-04
 -7.16485207e-04 -1.69059894e-04  6.36921473e-04  1.09939537e-03
  9.07721979e-04 -5.07938433e-04 -6.82779768e-04 -7.00607248e-04
 -6.23233219e-05 -8.79782728e-04  1.00798462e-04  7.26465531e-04
  5.98616672e-04  9.26680434e-05 -4.92957727e-04 -6.85427382e-05
  1.37012483e-04 -5.02507767e-05  2.01419451e-04 -4.83120478e-05
 -3.36867919e-04 -1.89711397e-04 -4.14785221e-04 -5.94454722e-04
  2.56716089e-04  2.45573445e-04  3.58517718e-04 -6.95714802e-05
 -8.16158346e-04  1.00059350e-04 -3.16822272e-04 -3.85846572e-04
 -3.04490599e-04 -9.34401939e-05  5.00915603e-04 -2.15144968e-04
 -5.71428995e-04  1.62434975e-05 -1.26318680e-04 -6.17769178e-04
  5.62576433e-04  7.65502796e-04 -4.09867578e-04 -6.81171064e-04
 -1.20081930e-03 -1.27034855e-04  3.63395388e-04  1.10139134e-05
  6.52527136e-04  4.82612210e-04  7.02752785e-04  4.67580888e-04
 -3.18900508e-04 -3.58640941e-04 -2.35221142e-04 -1.22227223e-04
  2.45506765e-04  2.39634276e-04  6.47859103e-05 -9.54912035e-05
 -3.77203417e-04 -1.65110483e-04  5.64128464e-04 -4.05220585e-04
 -8.35724951e-05  4.68331334e-04  1.57625378e-05 -6.43502581e-06
 -1.44242357e-04 -3.57738329e-04  1.69733457e-04  1.05027453e-04
 -9.16808573e-05  1.60956468e-04 -2.45582023e-04  3.22069145e-04
  7.46980590e-04  3.78462383e-04  3.77682336e-04 -2.98069535e-04
 -4.78885264e-04  2.46650208e-05 -5.87263980e-04 -1.40401326e-04
  6.68291046e-04  8.39799768e-04  2.79754432e-04  1.44622819e-04
  2.07055084e-04 -4.96577191e-04 -8.23264559e-05 -1.59850252e-04
  1.82169989e-04  9.05380472e-05  1.60062016e-05  1.37511040e-05
 -5.22690097e-04 -5.48265139e-04  2.99454251e-04  3.48971297e-04
  2.72949202e-04  7.92068772e-05 -2.51430329e-04  2.27419072e-06
  1.40617979e-04 -1.02755518e-04  5.85068169e-04  2.75985215e-05
  3.10692275e-05  9.29845606e-05 -6.11191933e-04 -6.18167239e-05
 -1.08714156e-04  1.71251382e-04  6.12947970e-04 -1.78749374e-05
 -7.42624676e-04 -1.35827597e-05 -2.95391736e-04 -5.19275216e-04
  1.46714181e-04  1.86026836e-04  1.31504194e-04  2.19342123e-04
  3.47177722e-04 -2.64991618e-04 -4.53477934e-04 -8.38122396e-04
 -3.06623161e-04  2.15666392e-04  3.83418587e-04 -8.74217515e-05
 -1.76069336e-04  4.76455056e-05 -5.09194862e-05 -3.61860796e-04
  6.29517961e-05 -1.74579180e-05  2.29557484e-05 -8.63603646e-05
 -5.10089393e-05  1.84836229e-04  1.87507450e-04 -1.46701690e-04
  8.32619625e-05  3.60707155e-05  2.30775506e-04 -4.06805738e-05
 -4.00287076e-04 -1.74011156e-04 -3.22261857e-04 -1.16823344e-04
  3.31769697e-04  7.13263348e-05 -4.36978820e-04 -8.39587612e-05
  1.70810622e-04  2.42224410e-05 -6.47949979e-05 -2.61035116e-04
  5.99496067e-04  3.72630123e-04  1.01765760e-06  1.51691725e-05
 -1.00151651e-03  9.12881735e-06 -1.81930990e-05  2.91444033e-04
 -2.28115228e-05  3.91359208e-04 -2.10276842e-04  2.39151307e-04
 -7.71476185e-05  7.37347873e-05  5.37352240e-06 -2.58540046e-04
  4.57659462e-04  1.73361999e-04  4.84442834e-04 -3.64998688e-04
 -3.97591296e-04  2.10415118e-04  6.12618711e-04  1.29088590e-04
 -2.31153458e-04  1.57568659e-04 -4.04677667e-05  2.38317734e-04
 -2.43746708e-04  5.04864985e-04 -9.75506031e-05  2.75403339e-05
 -2.20383072e-05 -3.01529762e-04 -1.54611852e-04  3.07420122e-04
  4.92051762e-04  3.79775445e-04  1.20517013e-04 -1.02075861e-04
  2.63403692e-05 -1.42443523e-04 -7.84422394e-04  1.10025786e-04
  2.70471717e-05  3.89795384e-04 -6.68333746e-05  7.10185333e-05
 -3.06567419e-04  3.15580414e-05  1.65191912e-04 -1.53575540e-04
  6.78563760e-04  2.88051935e-04  1.00736363e-04 -2.53114451e-04
 -1.33373174e-04 -2.64654464e-04  4.76745481e-05  5.78297306e-04
  6.87946246e-05  4.00872923e-04 -5.31382979e-04 -1.55767256e-04
  1.69933139e-04  1.52413876e-04 -1.68863071e-04 -2.27863825e-04
  1.70569839e-04  2.35518793e-04 -7.83391457e-05 -6.81147879e-04
  7.14419343e-04  2.32222031e-04 -1.01850170e-05 -2.94704260e-05
 -1.61214294e-04 -8.64968457e-05 -1.07439995e-04 -2.79502709e-04
 -1.51068328e-04  5.84181954e-04  3.21333256e-05  7.40584645e-05
 -3.48243581e-04 -8.80043417e-05  1.46750598e-04 -1.63718905e-05
 -5.72656506e-05  4.47097588e-05  3.36127724e-04  1.31562168e-04
 -2.73781903e-04 -5.31039109e-04  1.42775354e-05  2.07091022e-04
 -2.39180434e-04  4.72847734e-05 -6.27407524e-05  4.80788172e-05
 -1.26821932e-04  1.69729394e-04 -9.83723434e-05 -3.14785793e-04
 -3.97131684e-05 -4.69430958e-04  3.15201791e-04  1.21844083e-04
  5.13044646e-04 -4.82217946e-05 -1.13129755e-04 -3.37522026e-05
  1.54740300e-04  2.38002148e-05 -2.55399598e-04 -2.85521874e-04
 -3.39547335e-04  4.29426267e-04 -1.45351509e-04 -4.70042630e-05
 -2.08505523e-04 -2.00401001e-04  4.05644475e-04 -1.38332155e-04
  1.24353006e-05 -2.12477810e-04 -5.46165055e-04  2.19373232e-04
  2.34673070e-04 -2.39587209e-04  3.88009807e-05 -1.93926956e-04
  1.23144488e-04  1.58658305e-04 -3.31066139e-04 -2.04900785e-04
  1.95712469e-04  3.52763032e-04  2.03105660e-04 -2.59718125e-04
  3.82476479e-05  4.35531431e-05 -2.44412555e-04  2.08519069e-04
  5.19344448e-04  2.35819218e-04  3.96100523e-04  1.10686966e-04
 -9.71645800e-05  2.23660304e-05 -1.71897108e-04 -2.03653527e-04
  1.34627676e-04 -7.19084448e-06  2.70505062e-04  2.39654525e-04
 -7.03618231e-05 -6.49589708e-05 -1.78273642e-04 -1.32871761e-04
  3.45920815e-04 -3.98395649e-04 -4.66802451e-05 -3.18147278e-05
 -5.04089119e-05  1.76958310e-04  1.70207567e-04  6.36289810e-05
  1.88430925e-05  2.24349556e-04 -2.47691319e-04  2.63892637e-04
 -2.54562796e-04  6.52252564e-05 -4.45619115e-05 -1.63381364e-04
  2.15639649e-04  6.07388743e-05  1.12126730e-05 -1.93431261e-04
  1.32156599e-04  2.52560698e-04  1.37874073e-04 -6.36162591e-05
  7.08838307e-05 -2.21289707e-06 -2.38430974e-04 -3.44565967e-04
 -9.30459146e-05  1.77925669e-04  8.34382737e-05  1.53756228e-04
  1.85304280e-04 -3.62202487e-04  2.97010220e-05 -9.13429548e-05
  1.27678441e-04  3.66480646e-05 -1.16628933e-04 -4.76123717e-05
  3.41958032e-05 -4.49939276e-05 -6.40364472e-05  2.30754240e-05
  4.30055331e-05  9.07597823e-05 -1.40540579e-04  2.02888086e-05
 -4.29667747e-05 -1.51197913e-04 -2.07786306e-04 -1.46072262e-04
 -3.67553464e-05  4.90016681e-05 -7.84240535e-05 -1.86191309e-04
 -1.65928901e-04 -1.59873028e-05  2.10584399e-04 -3.08710563e-05
  1.32173915e-04 -3.19286006e-05 -1.17745908e-04  1.32666303e-04
 -2.14712141e-04 -1.80666487e-04 -5.63244173e-05  2.37413485e-04
  2.04613935e-04 -2.89595249e-05 -2.15367120e-04 -7.40835545e-05
  1.23953361e-04 -5.85948019e-06  2.00890658e-04 -3.50210980e-05
 -4.82065381e-06  7.09196130e-05  3.96260477e-05  6.26303943e-06
 -1.04581019e-05  1.06678562e-05  1.25010322e-05  1.82902165e-04
  2.68733871e-05 -1.71656581e-04 -1.28314407e-04 -6.47581619e-05
  1.71652197e-04  4.85504737e-05  5.90161994e-05  1.65151617e-05
 -5.26842951e-05 -3.86695456e-05 -3.11095845e-06  1.07330341e-04
  3.22106716e-05  2.21466381e-04 -7.87674925e-05  1.51835325e-05
  7.96080654e-05  3.94349707e-05 -1.43627827e-04 -6.39449257e-05
  9.42227950e-05  1.52462098e-04 -7.39818320e-05 -1.21718573e-04
 -3.63248468e-05 -2.64193851e-05 -5.70536118e-05 -7.43008454e-05
  6.00787903e-05  5.31450103e-05  2.35683983e-04 -2.82303365e-04
  7.75088820e-05 -8.74472440e-06 -7.91207693e-05 -1.32379183e-04
 -6.37607779e-05  5.65062057e-06  2.54421810e-05 -1.17639055e-04
 -1.91208151e-04  5.11431897e-06  3.60965195e-05  2.35354317e-05
 -1.24235987e-06 -9.54709150e-05  1.96585267e-04  1.96153123e-05
 -1.64289769e-05 -8.89276920e-05 -1.17665420e-04  1.39611264e-04
  3.94065977e-06 -6.15921894e-05 -1.14353581e-04 -4.94631410e-06
  3.85766538e-05 -5.76742349e-05 -1.65011164e-04  1.01199877e-04
  4.90713317e-05 -2.31558872e-04  4.21664908e-05 -6.10151382e-05
  9.18140838e-05  7.29305586e-05 -1.27357568e-05  1.82269241e-04
  4.65943421e-06 -2.71783482e-05  4.01378024e-05 -1.21254093e-04
  1.57090125e-04  6.19472165e-05 -1.14484423e-04  8.89848069e-05
  4.74047019e-05 -1.58785768e-04 -1.91661949e-05  7.48065615e-05
 -2.56938591e-05  1.49891223e-04  1.06695901e-04 -2.83526986e-06
  2.22224288e-04 -4.88635647e-05  2.04143864e-05 -2.79999733e-05
  9.63641166e-05  1.12984504e-04 -1.56339737e-07 -1.06719141e-04
  7.21295093e-06  6.26446786e-05 -6.18673109e-05  2.68699959e-04
 -3.24651636e-05 -2.16472159e-05 -5.72047920e-05 -4.41477857e-05
  1.14123951e-04  6.42753721e-05  1.38580486e-05  1.70369591e-05
  1.28450380e-04  1.51177869e-04 -9.28082499e-05 -5.90065927e-05
 -1.41092914e-04  3.48901092e-05  9.56188440e-05  1.26682220e-04
  9.29085831e-06 -4.96246234e-05 -1.43811215e-05 -9.60149029e-06
  1.85331656e-05 -1.93340984e-04  1.99930149e-04  5.15671830e-05
  6.14122666e-05  2.58283463e-05 -1.20391705e-04 -1.24825889e-05
 -1.88043620e-05 -1.10444262e-04 -2.07116850e-05  1.30226275e-04
 -6.56484509e-05 -3.30411493e-05 -1.98514852e-04 -2.95233469e-05]
