Frame: 92
temp_s_est shape: (1024,)
temp_s_est dtype: float64
temp_s_est:
[-1.08366123e-04 -1.86633011e-05 -5.90328161e-05  9.66685237e-05
  5.09035734e-05 -5.17444791e-05 -1.56430916e-05 -9.39521637e-05
 -6.55210271e-05 -1.90527278e-05 -4.91785249e-05 -4.07732399e-05
 -3.87253710e-05 -3.35571836e-06  3.37754818e-05 -1.10753867e-04
  1.04090279e-04  3.44463177e-05 -1.70261892e-04 -2.35354448e-05
 -1.40305141e-04 -4.10943396e-05  1.16956527e-06 -4.98484849e-05
  1.17987637e-04 -4.95031297e-05  6.83328767e-05  4.13634662e-05
 -1.50073762e-04  1.13498292e-04 -5.38120456e-05 -1.15233356e-04
 -2.09849778e-04 -1.07257244e-04  2.25377339e-04 -9.36246416e-05
 -1.52755444e-05  8.93332453e-06 -1.48361767e-04  3.95639622e-06
 -1.14607285e-04 -1.79294692e-05 -7.78612500e-05 -9.71870147e-05
  1.36862808e-04  1.00919955e-04  1.21469553e-04  1.49775438e-04
 -5.95276998e-05 -1.21069500e-04  7.10338471e-05 -4.83771952e-05
 -1.09291397e-06  1.03724528e-04  8.20232281e-05  1.71249016e-04
 -7.05431789e-05  3.37764134e-04  2.57389958e-04 -2.83464899e-05
 -1.42752562e-04 -1.88189345e-04  1.99839078e-04 -2.44567567e-04
 -1.42513426e-04  2.30011746e-04  3.69068628e-05  9.78302891e-05
  8.20644276e-05 -5.56040511e-05  2.32726086e-04 -6.36808261e-06
 -2.56375797e-04 -2.95832488e-05 -2.87005325e-04  6.59187441e-05
  1.45039811e-04  2.90106610e-04  3.13890576e-04 -7.48581102e-05
  4.59011391e-05 -1.12202952e-04  3.00142883e-04  6.66522993e-05
 -5.85256858e-04  1.12121224e-04  2.74493361e-04 -4.71354003e-05
  4.25707196e-04  2.76887432e-04  3.89273840e-04  5.42577935e-05
 -3.26961534e-04  1.34826591e-04  1.74955485e-04  2.27819562e-04
 -2.24187227e-05 -1.41523422e-04  2.97606426e-04  1.44177329e-04
 -5.82673113e-05 -1.66035926e-04 -3.89348705e-04  2.63391200e-04
 -6.26853925e-04 -7.42072600e-04  4.48960901e-04  7.54665142e-05
  3.49733985e-04 -2.55022617e-05  3.68819581e-04  3.17622364e-04
 -4.82990055e-04  4.78936727e-04  1.14101984e-04 -2.57254128e-04
 -1.89524042e-04 -6.40561267e-04  2.94773346e-04  2.01969263e-04
 -2.78813428e-05  2.56937280e-04 -5.24223899e-04 -1.77203054e-04
 -3.03126147e-04 -3.58152254e-04 -3.48989197e-05  1.00061272e-04
 -2.52308220e-05 -2.50291117e-04  7.05087659e-04  1.08654116e-03
 -1.46896075e-04 -1.43281025e-04  4.85331319e-04 -6.97522163e-04
 -2.67850287e-04 -1.88814147e-04 -5.41145709e-04 -9.35068708e-05
 -3.99538693e-04 -3.47394344e-06 -5.82405602e-05 -1.63021936e-04
 -8.79905635e-05 -1.95492132e-04  8.31338148e-05 -5.48820817e-05
  2.10019459e-04  1.88685109e-04  3.71787161e-04  9.09658916e-04
 -2.17790052e-04 -2.47076784e-04  6.56231301e-04 -1.17838726e-04
 -9.66657474e-04 -1.12131264e-04 -3.90294176e-04 -9.20891048e-04
  1.43270355e-04 -3.07653048e-04  2.25746369e-04  6.14924639e-05
 -2.00935266e-04 -2.04067268e-04 -3.24760594e-04  4.79699809e-04
 -2.07321138e-05 -2.71287212e-05 -8.02207393e-05  2.44465795e-04
  7.57029459e-04  2.81105323e-04  2.40975492e-04  2.22607495e-04
 -7.18125323e-04 -1.49481331e-04 -3.74452328e-04 -7.27901025e-04
  3.15651770e-04 -3.24478748e-04  2.88504520e-04  2.10994615e-04
  3.27134197e-04  4.53659801e-04 -1.15997211e-04  7.08689930e-04
 -3.03896182e-06 -1.50895986e-04  4.94097339e-05 -2.74442284e-04
  3.10483860e-04  2.19382316e-04 -1.65759894e-04 -1.73006064e-04
 -4.89085063e-04  1.32995776e-04 -4.04938344e-04 -3.13671665e-04
  3.05023033e-04 -5.41245823e-04 -1.23492344e-04  3.73587743e-05
  5.84176848e-04  6.65680755e-04  1.49142759e-04  1.69795758e-04
 -5.24774766e-06  2.60280010e-04  1.55228081e-04  2.05467647e-04
 -1.39239048e-04 -1.09708319e-05  3.66806501e-04 -1.14254668e-06
  2.35187336e-04  1.18819142e-04 -2.12404612e-04 -4.26148493e-04
 -2.52870982e-05 -1.04127167e-04 -4.28317010e-04  4.64398398e-04
  8.13375711e-05  1.35469827e-04  2.82556704e-04  4.11701301e-06
  3.16388312e-04 -1.43190997e-04 -7.78155781e-05 -2.78048045e-05
 -1.29275327e-04 -2.75881224e-04  1.09908200e-04  1.26229058e-04
 -6.25300260e-05  2.56373073e-04  9.77737703e-06 -2.62022540e-04
 -3.71936613e-05  2.95499550e-04 -2.10056877e-04 -1.35753097e-04
  2.13072847e-06 -9.24072876e-05  1.88995815e-04  4.97991770e-05
 -3.02780138e-05  1.51826096e-04 -1.15421075e-04 -1.35214956e-04
  6.22317916e-05 -2.20187469e-04 -4.35387887e-05 -1.68266855e-04
 -6.58879040e-05  1.59630111e-04  4.72676026e-05 -7.10415349e-05
 -1.79614476e-04  1.76434485e-04 -1.65053219e-04 -2.35567400e-04
  1.01595009e-04  3.57800836e-05  1.32409527e-05  1.06111321e-04
  2.59411987e-05  1.31434852e-04 -3.22269665e-05 -1.14680760e-04
  4.12473700e-05 -7.54920561e-05  5.57910484e-05 -1.46301375e-04
 -1.08095765e-04  1.20673936e-04  8.33779350e-05 -8.51256840e-06
 -1.54737492e-04 -6.31526905e-05 -4.27274087e-05 -7.06727334e-05
 -1.22965038e-05 -6.25883996e-05 -1.34310283e-04 -1.51059875e-04
 -7.33155803e-06  1.52514553e-04  1.45145685e-05 -2.35987136e-05
  5.78679128e-06 -6.37783700e-05 -3.47559401e-05  1.21770386e-06
 -3.07378262e-05  7.07711454e-06  4.69385957e-06 -8.79855258e-05
  1.22235596e-04  5.85792062e-05  1.63376445e-05  2.01246102e-05
  2.21898204e-05  7.75875112e-06 -2.74709559e-05  7.48500350e-05
 -7.16531372e-06  1.02298148e-04  4.50672829e-05 -9.50742913e-06
  3.29422154e-05 -8.25200275e-05 -1.31661897e-05  2.34356014e-05
 -5.58944312e-06 -5.65280429e-05  3.54097961e-06 -2.26417359e-05
 -3.45015342e-05  7.88671858e-05 -4.50418075e-05 -2.13597263e-05
  1.81797340e-07 -3.26404703e-05  9.16653452e-05  2.61506829e-05
  2.75934692e-05  1.28231611e-05  1.89848885e-06  3.67367670e-05
 -1.19635945e-05  5.52139996e-05  1.48509387e-06  3.91245449e-05
  2.48857034e-05 -2.33969246e-05  6.37938619e-05 -1.52352339e-08
 -3.28826720e-06  7.44506909e-05  1.79966029e-05  4.61856392e-05
  2.72009764e-05  1.37169328e-05  5.30160800e-05 -5.44791837e-07
 -5.40066845e-06 -1.47713544e-05  2.18469256e-05 -2.81131469e-05
 -2.12638214e-05  1.53531089e-06 -2.42190362e-05 -3.63992797e-05
 -5.11884113e-05 -9.36648994e-07  2.50608084e-06  4.83342068e-05
 -1.85434957e-05  3.46803388e-05  3.95774891e-05  6.82408712e-06
  4.73705677e-05 -3.51991486e-05  5.55166072e-05  5.01153340e-06
 -2.18404667e-05  2.83696704e-05  3.97108221e-06 -4.06806480e-05
 -4.20143747e-05 -2.05145979e-05 -2.24528357e-05 -6.56247180e-05
 -2.83227746e-05  1.29986847e-05 -2.51412775e-05  2.52099800e-05
 -1.01821066e-05  4.92631616e-05  8.42247807e-06 -2.81524291e-05
  5.14299373e-05 -2.46858450e-05  2.22614279e-05 -1.26009903e-06
 -3.03861410e-05  1.60825250e-05 -1.35836576e-05 -2.20709332e-05
 -3.34971024e-06 -2.01241156e-05 -3.83861415e-05 -2.09608674e-05
  1.27758152e-05 -4.03450290e-06 -2.37265869e-05  4.11850318e-05
 -3.30250678e-06  1.78725791e-05  5.13811313e-05  5.33370285e-06
  3.16798303e-05 -4.65330634e-06 -5.78708128e-06 -4.81782780e-06
 -5.51359125e-05  9.69501779e-06 -3.67715314e-06 -2.67951444e-05
 -9.34355720e-06 -1.73745290e-05 -1.16105551e-05 -2.01411857e-05
  1.61246288e-06 -1.60523343e-05 -2.19395017e-05  3.60345309e-05
  8.26150983e-06 -1.60603169e-05  4.33130198e-05  2.26306147e-05
  8.34686959e-06 -7.60285224e-06 -1.51694092e-05  1.31132292e-05
 -3.55288116e-07  1.67427376e-05 -8.45129501e-06 -1.14915337e-05
  3.64487039e-06  2.11156852e-05 -2.20329679e-05 -1.13963483e-05
  3.33697806e-05 -3.59705539e-05 -1.08807156e-05 -1.45637360e-05
  2.39882495e-05 -3.11756521e-06 -1.62456541e-05  3.28973637e-05
 -2.14369394e-05  1.41193574e-05 -8.27426584e-06 -1.12712912e-05
  5.83624234e-06 -3.94582883e-05  7.91561034e-06  1.84933343e-07
 -1.31598802e-05  3.26078071e-05 -2.49367537e-05  5.02742586e-06
  2.50129076e-05 -2.99117711e-05  1.83556505e-06 -1.95748031e-05
  1.46823808e-05 -3.20491891e-06 -2.19139017e-05  4.43179320e-05
  3.75562068e-06  1.93391221e-05  1.74547642e-05 -1.32825418e-05
  1.55715380e-05 -1.41538259e-05  5.60541141e-06  1.76727612e-05
 -3.32709384e-05  1.43438516e-05 -8.38923623e-06 -2.15999424e-05
  9.87219876e-06 -2.93187312e-05 -8.57498953e-06 -2.40392891e-05
 -2.65517720e-05  1.10716398e-05 -1.62970847e-05  2.43772424e-05
  9.66994283e-06 -1.05664161e-05  3.46869456e-05  3.70378757e-06
  2.39406376e-05 -2.32196751e-06 -1.42670417e-05  1.62855092e-05
 -2.67429429e-05  8.37378393e-06  6.69327880e-06 -1.56919493e-05
  1.16683182e-05 -1.69714953e-06 -1.64333990e-05  1.30157418e-06
 -1.40518056e-05 -5.59602253e-06 -5.82543153e-06 -8.55954208e-06
  2.41443981e-05 -4.73940731e-06  1.80998213e-05  1.79761514e-05
  1.01445910e-05  7.86843325e-06 -1.47556192e-05  3.45785498e-06
 -8.02833459e-06 -4.43805596e-06  1.25253321e-05 -5.43259539e-06
 -8.07903561e-06  2.17846127e-05 -8.66365891e-06  8.31498212e-06
  2.56048639e-05 -2.52403786e-05 -2.92808069e-06 -1.27990051e-06
  1.86675129e-05  8.12539423e-06 -6.65759923e-06  2.66965158e-05
 -6.35164206e-06  4.01965108e-06  6.04540121e-06 -6.46930947e-06
  5.96020655e-06 -3.44899256e-05  1.91530496e-07  7.52226285e-06
 -2.00163613e-05  2.53018323e-05 -1.15233143e-06 -1.60235700e-06
  2.69556948e-05 -8.69090165e-06  5.42481300e-06  5.62866382e-06
  5.62126489e-06  1.41046276e-06 -1.22813654e-05  3.43633400e-05
  1.97024142e-06 -3.97816241e-06  1.27248901e-05  8.80462158e-07
  4.23138125e-06 -2.00879726e-05 -4.53539798e-06  1.95779021e-05
  6.05355251e-07 -1.22251254e-05  6.66174341e-06 -2.40164287e-07
  2.08879945e-05 -8.26623905e-06 -1.66258601e-05  1.00074424e-05
 -2.69443301e-05 -4.59018070e-06 -1.96673706e-05  1.66577994e-05
  1.14147897e-05 -2.99004267e-05  9.90671333e-06  6.97753791e-06
  7.96011335e-06 -4.80182303e-06 -8.07618632e-06 -4.27433073e-06
 -4.48463147e-06 -1.17620993e-05  4.04736223e-06  3.87392014e-06
  4.80212293e-06 -9.37211657e-07 -1.68074147e-05  1.61882873e-05
 -1.58606054e-05 -9.32254487e-06  7.87895676e-06 -1.46921479e-05
  7.88266823e-06 -8.54715343e-06  1.68859054e-07  1.70769274e-05
  5.69877002e-07  6.55898359e-06 -3.53859453e-06 -1.17356373e-05
 -2.34122291e-06 -8.47042908e-09  7.41460672e-06 -1.01851432e-05
 -6.32985939e-06 -1.60481498e-06 -2.01285541e-05  9.39722217e-06
 -3.18438136e-06 -2.12561138e-05 -4.17039226e-06 -1.38748081e-05
 -1.27102222e-06  1.02739192e-05  7.56405077e-06  5.26918099e-07
  6.17531504e-06  3.77559673e-07  6.21742284e-06  7.84520060e-06
 -9.93663604e-06  2.82909228e-06 -1.34780063e-05 -1.52976118e-07
 -3.56900985e-06  5.86506980e-06  5.88283213e-06 -8.44565381e-06
  1.52670537e-05 -1.55999590e-05 -7.37791128e-06 -2.10014297e-06
 -2.96464848e-06  1.08368084e-05  1.07783998e-06 -5.97101404e-06
  3.47479019e-06  1.23617878e-05  5.16574274e-06  6.40391371e-06
 -9.96012870e-06  7.71949599e-06 -1.28553394e-05 -5.10087527e-06
  1.39094561e-05  4.67505042e-06  1.10911963e-05 -1.70572756e-05
  9.74565343e-06  1.34017129e-05 -1.78836390e-06  6.79216370e-06
 -5.31594704e-06  4.64109719e-06  2.88288990e-06  1.83454247e-06
  1.55116331e-05  5.26312131e-06  9.89544217e-06  1.90688075e-06
 -1.51683890e-05  1.06798710e-05 -2.11122158e-06 -1.05562198e-05
  2.47391448e-06  3.08750021e-07  4.99343238e-06 -2.51963830e-06
  5.72953959e-06  1.71544791e-05  7.45254383e-06 -4.58408630e-06
 -4.60941373e-06 -7.97447629e-09  1.02776998e-05  2.45236681e-06
  6.56076519e-06  9.35321922e-06 -3.33332497e-06  1.15822423e-05
 -2.49134597e-06  7.33134623e-06  1.41727308e-05 -2.86829527e-05
 -6.17056171e-06 -2.31342364e-07  2.99718410e-06  4.19491755e-06
 -1.32447576e-05  1.05495126e-05 -7.27480660e-06 -6.99964979e-06
 -3.62944517e-06 -3.27124015e-06  7.78682662e-06 -1.15527890e-05
 -6.00649571e-06  5.07503090e-06  7.46061037e-06  2.52770950e-07
  6.28797586e-06 -6.17069997e-07  9.33625048e-07 -1.21363680e-05
 -2.27259713e-05  5.18810963e-06 -4.16613219e-06 -3.23903744e-09
 -1.25282935e-05 -3.31835342e-06  1.83690141e-05 -8.70423094e-06
  5.79656780e-06  1.03681313e-05 -1.18186425e-05 -9.51107181e-06
 -1.38258714e-05  1.42408729e-05  1.93217494e-05 -1.82155292e-05
 -6.93328938e-06  8.09591578e-07  2.30538966e-06 -7.00613172e-06
 -1.58689446e-05 -3.59913714e-06 -1.32899024e-05 -1.41147627e-05
 -5.28150939e-06 -8.32296948e-06  1.58234609e-05  1.94267043e-06
 -2.45771874e-05  1.46325937e-05 -6.48191795e-06 -5.26739044e-06
  5.43220653e-06 -1.18048917e-05  1.55428142e-05 -1.21713883e-05
 -7.15523354e-06  1.21201810e-05 -7.68000851e-07  6.70749581e-06
 -1.39258796e-05 -4.64538689e-06 -4.06728582e-06 -2.12745530e-05
  2.42907120e-05  1.83423677e-06  5.20843046e-06  1.26927578e-05
 -1.43770827e-05  2.24879306e-05  7.27023512e-06 -3.92848451e-06
 -1.75284412e-06 -1.71344098e-05 -2.06780655e-06 -3.52749870e-06
 -4.47570172e-06  1.51746055e-05 -1.03951290e-05 -3.12622079e-06
  4.19895579e-06 -1.25117129e-05  1.27493911e-05 -2.35264622e-05
  7.14712628e-06  1.19182622e-05 -1.84166291e-05  2.23731071e-05
  8.52494568e-06  1.72477702e-05  3.99899251e-06 -2.71476548e-06
  1.74957684e-05 -1.14734290e-05 -2.59897397e-06  8.83760476e-06
 -9.03614343e-06  1.17803342e-05 -2.04382599e-06 -1.07426707e-05
  2.42733075e-05 -5.82610989e-08  3.24662247e-07  3.22412427e-06
 -2.01005144e-05  1.70480965e-05  3.11944767e-07  1.05977492e-05
  1.70940022e-05 -1.37351629e-05  1.92471444e-05  2.02104509e-06
  1.08754076e-05  3.55894514e-06 -2.02110874e-05  1.83402950e-05
 -1.59386147e-05 -2.55485554e-07  3.64013307e-05 -6.67608121e-06
  2.12077420e-05  1.07925422e-05 -1.96786936e-05  1.88990911e-05
 -8.08523460e-06 -5.74110338e-06 -2.11827332e-05 -1.13922340e-05
  1.55592329e-05 -2.14968362e-05 -9.55390529e-07  1.41079603e-05
  5.21350648e-06 -1.57753788e-06 -7.11688331e-06 -5.22344755e-06
  3.56317787e-06 -1.41921919e-05  2.62506800e-05  4.90266692e-06
 -2.29422558e-05  3.85206330e-05 -1.02693239e-05  1.28491557e-05
  6.73107875e-06 -2.17413076e-05 -3.09644299e-06 -3.18945264e-05
  1.78075504e-05  2.63200364e-06 -1.39848360e-05  2.62842864e-05
 -6.63100548e-07 -2.34986122e-06  2.10775673e-05  3.45243414e-06
  1.24107731e-05 -1.53831063e-05 -3.24644597e-06  2.16387001e-05
 -2.45417325e-05  3.34727967e-05 -4.78954709e-07 -2.79642192e-05
  1.38892297e-05 -2.60565514e-05  1.57075045e-06 -2.75011263e-05
 -2.65981059e-05  1.32748169e-05 -2.69907381e-05  1.43233097e-05
  1.04053171e-05 -7.05060038e-06  3.22937477e-05  5.38957449e-06
  5.56765222e-06 -4.53298227e-06 -1.23779971e-05  2.96951811e-05
 -2.43123872e-05 -3.97860985e-06  1.16321236e-05 -8.11549915e-06
  2.62828645e-05 -2.87156221e-05 -2.18082684e-06  3.55166547e-06
 -2.48239725e-05  8.70593550e-07 -1.90592144e-05  1.78919691e-05
  2.23008391e-05 -5.16069986e-06  3.21257015e-06  2.13414257e-05
  1.18707831e-05 -2.05164085e-06 -1.75578831e-05 -1.42902973e-05
 -9.23915126e-06 -2.51539436e-05  3.95819214e-06 -6.90382608e-07
  9.63501714e-06 -2.38162104e-05 -1.40125685e-05  2.55920919e-05
 -1.15083900e-05 -2.13440013e-05 -6.35053978e-06  1.07956055e-05
 -6.07346515e-06 -6.98344720e-06 -1.22706180e-05  4.08853398e-05
  2.29224642e-05 -2.72782491e-05  3.83518948e-06 -3.95222856e-06
  1.91059565e-05 -2.53173507e-05 -6.71866410e-06  1.78319869e-05
 -6.75339023e-06  2.27017303e-06 -2.84003445e-05  8.49211973e-06
  2.04015202e-05 -4.93201044e-05 -1.51053097e-05 -1.30632692e-05
 -2.62113716e-05  1.00268592e-05 -1.58162647e-05  2.52987058e-05
  2.55200880e-06 -2.47998575e-05  3.22828678e-05  1.33962879e-05
  2.49649319e-06 -1.25171474e-05  5.31654463e-06  3.45300870e-05
 -1.16626710e-05  9.93257428e-06  7.10352906e-06 -2.12443807e-05
  1.95809655e-05 -4.30527083e-05 -3.03261330e-05  3.45213564e-06
 -2.36614758e-05 -2.22315005e-05 -7.07476089e-05  1.51040842e-05
  4.35454113e-05 -3.45066707e-05  1.94025373e-05  3.47582075e-05
  2.33203574e-05  6.90333485e-06 -4.69362909e-06  4.68709367e-05
 -2.45373460e-05  1.98135330e-05  6.62242160e-06 -3.21191094e-05
  5.64785566e-05 -3.35825374e-05 -4.71330963e-08  3.82492932e-06
 -7.82086753e-06  1.72343560e-05 -3.24463674e-05  4.24364526e-05
  6.12455749e-05  1.74880288e-05  2.77893111e-05  4.26709710e-05
  3.99878963e-05 -4.91315893e-06  1.24598047e-05  2.83324581e-05
 -1.56471810e-05  6.64946437e-06 -1.45963312e-05 -4.46395908e-05
  9.99448942e-06 -2.28868417e-05 -7.15201132e-05 -2.45745262e-05
  2.01686450e-05 -2.24387263e-05  2.36561074e-06  3.43482508e-05
  5.90161725e-05  3.48094825e-05  2.80539378e-05  5.40396108e-05
  3.03253827e-05  3.91851297e-05  4.10591706e-05  1.32699936e-05
  4.55938124e-05  5.20157506e-05  5.81976693e-06 -2.71344309e-05
  7.82757437e-06  4.48458128e-05 -3.30585162e-05  6.20301117e-06
  4.71354406e-05 -1.91884442e-05 -3.51002295e-05  2.73094010e-05
  7.44467288e-05 -1.33079020e-05 -3.69922417e-05  5.26899246e-05
  3.75042245e-05 -5.81182235e-05 -7.37246912e-06  8.05369456e-06
 -4.74267346e-05 -1.61593293e-05 -7.66799466e-05 -3.58373007e-05
  1.87544085e-07  2.06253305e-05 -4.22959383e-05 -9.02424298e-05
 -1.78491778e-05 -1.36139302e-05 -7.10418399e-05  1.16753961e-05
  8.44504947e-05  7.57576411e-05 -7.59290832e-05 -9.55746163e-05
  1.40399962e-04 -7.15385245e-05 -5.29969235e-05  1.87420423e-05]
