Frame: 43
temp_s_est shape: (1024,)
temp_s_est dtype: float64
temp_s_est:
[-2.77899149e-02 -2.80282573e-02 -2.83683206e-02 -2.86816117e-02
 -2.89185793e-02 -2.92805711e-02 -2.98702036e-02 -2.99755744e-02
 -3.01774381e-02 -3.05906142e-02 -3.08936745e-02 -3.09684985e-02
 -3.11112839e-02 -3.14682482e-02 -3.17756063e-02 -3.20916421e-02
 -3.21075259e-02 -3.22031049e-02 -3.24953455e-02 -3.26012130e-02
 -3.26024118e-02 -3.27226131e-02 -3.28386388e-02 -3.27950265e-02
 -3.29534561e-02 -3.31629761e-02 -3.27919884e-02 -3.29446459e-02
 -3.29701510e-02 -3.28703539e-02 -3.27648999e-02 -3.26044888e-02
 -3.28132962e-02 -3.27101320e-02 -3.28079534e-02 -3.26391084e-02
 -3.25681586e-02 -3.23496349e-02 -3.23402023e-02 -3.22153369e-02
 -3.17897355e-02 -3.18044493e-02 -3.16152086e-02 -3.13506307e-02
 -3.10275231e-02 -3.04813709e-02 -3.02348904e-02 -3.01028211e-02
 -2.96618859e-02 -2.90664794e-02 -2.87866088e-02 -2.87663917e-02
 -2.83948077e-02 -2.80446300e-02 -2.76835569e-02 -2.74190914e-02
 -2.70453731e-02 -2.62843448e-02 -2.55573519e-02 -2.54481720e-02
 -2.48016787e-02 -2.43482746e-02 -2.40198794e-02 -2.34293236e-02
 -2.30503908e-02 -2.24071894e-02 -2.18888651e-02 -2.09085265e-02
 -2.02007945e-02 -1.96618896e-02 -1.90056554e-02 -1.82660103e-02
 -1.77516435e-02 -1.73957600e-02 -1.63923215e-02 -1.53283059e-02
 -1.49740413e-02 -1.45851120e-02 -1.32062641e-02 -1.29109575e-02
 -1.30876152e-02 -1.19744259e-02 -1.10909566e-02 -1.06553081e-02
 -9.41459317e-03 -8.43639151e-03 -7.21587648e-03 -6.64000119e-03
 -5.68511993e-03 -4.87918156e-03 -4.22055888e-03 -3.70352645e-03
 -3.74202319e-03 -2.13055695e-03 -1.26270480e-03 -5.35048534e-04
  9.29792917e-04  1.68091219e-03  2.23660994e-03  3.47075892e-03
  3.61308088e-03  3.47487871e-03  4.97273141e-03  6.06350552e-03
  6.59263406e-03  7.43122676e-03  8.37142158e-03  1.00515940e-02
  1.06537149e-02  1.05974391e-02  1.16391306e-02  1.23129445e-02
  1.36787222e-02  1.44121346e-02  1.52663504e-02  1.63351559e-02
  1.77749708e-02  1.77509971e-02  1.76639085e-02  1.86486948e-02
  1.88618640e-02  1.93819172e-02  2.04218373e-02  2.14999699e-02
  2.18019496e-02  2.36498047e-02  2.42255696e-02  2.48370146e-02
  2.58039723e-02  2.56140623e-02  2.63785990e-02  2.74453997e-02
  2.72357664e-02  2.78838578e-02  2.96165614e-02  3.03418687e-02
  3.15105797e-02  3.14307197e-02  3.19517486e-02  3.18450413e-02
  3.29845489e-02  3.34916759e-02  3.27436703e-02  3.43330247e-02
  3.57046123e-02  3.54946863e-02  3.61234550e-02  3.57694064e-02
  3.62774163e-02  3.69642901e-02  3.58937035e-02  3.67416756e-02
  3.76011628e-02  3.86429618e-02  3.90326794e-02  3.95062934e-02
  3.98554877e-02  3.98726421e-02  4.01058300e-02  3.98114580e-02
  4.00089688e-02  3.99935777e-02  4.03531463e-02  4.01601836e-02
  4.10006278e-02  4.03048490e-02  4.04726427e-02  4.10663155e-02
  4.04504620e-02  4.03903844e-02  4.10049108e-02  4.03116123e-02
  4.09236589e-02  4.14398244e-02  4.11686438e-02  4.12808708e-02
  4.03914044e-02  4.06168026e-02  3.97130389e-02  3.92841317e-02
  3.87619488e-02  3.99148376e-02  3.90302902e-02  3.89371950e-02
  3.87176745e-02  3.89347511e-02  3.80145651e-02  3.70744907e-02
  3.72029751e-02  3.61883959e-02  3.60152635e-02  3.51980920e-02
  3.51001612e-02  3.54102761e-02  3.44778617e-02  3.40842527e-02
  3.41929312e-02  3.30746985e-02  3.35759648e-02  3.30647563e-02
  3.15373682e-02  3.16421863e-02  3.12663797e-02  3.02249271e-02
  2.91653632e-02  2.89510674e-02  2.81201886e-02  2.74733067e-02
  2.69270178e-02  2.60045569e-02  2.50835022e-02  2.53953653e-02
  2.43316578e-02  2.33507205e-02  2.33160364e-02  2.17936720e-02
  2.12854691e-02  2.05855261e-02  1.95518980e-02  1.89048344e-02
  1.89212347e-02  1.75126590e-02  1.76313621e-02  1.63338822e-02
  1.53310748e-02  1.46623871e-02  1.42812245e-02  1.27454493e-02
  1.15247485e-02  1.11056398e-02  1.05089267e-02  9.28521773e-03
  8.50102535e-03  7.84857025e-03  6.89827310e-03  6.20246794e-03
  5.11942699e-03  4.70479714e-03  3.51602281e-03  3.31119471e-03
  2.71390319e-03  1.33074704e-03  2.14665903e-04 -8.35571738e-05
 -1.06220028e-03 -2.37639891e-03 -3.07879341e-03 -4.14303378e-03
 -4.44066642e-03 -5.53960423e-03 -6.45386884e-03 -7.10007342e-03
 -8.00261350e-03 -8.79870323e-03 -9.57726073e-03 -1.03959693e-02
 -1.13077631e-02 -1.20023936e-02 -1.22926687e-02 -1.31511739e-02
 -1.41049808e-02 -1.45201983e-02 -1.54478837e-02 -1.60795574e-02
 -1.68195796e-02 -1.74158477e-02 -1.80595868e-02 -1.85055594e-02
 -1.93879406e-02 -1.97367284e-02 -2.06170847e-02 -2.12733792e-02
 -2.18821178e-02 -2.26430569e-02 -2.33182217e-02 -2.40553304e-02
 -2.43379723e-02 -2.48888235e-02 -2.52291347e-02 -2.57585738e-02
 -2.61505872e-02 -2.65524922e-02 -2.69993647e-02 -2.76436732e-02
 -2.77546567e-02 -2.82698038e-02 -2.88922682e-02 -2.90664732e-02
 -2.94844226e-02 -2.99754336e-02 -3.02561582e-02 -3.05674868e-02
 -3.10712810e-02 -3.11805725e-02 -3.15519732e-02 -3.18088487e-02
 -3.19951393e-02 -3.21170881e-02 -3.23620132e-02 -3.25413653e-02
 -3.28398079e-02 -3.30170722e-02 -3.30825969e-02 -3.33074240e-02
 -3.33349090e-02 -3.34363396e-02 -3.32652885e-02 -3.33463019e-02
 -3.33543776e-02 -3.35174021e-02 -3.34071858e-02 -3.34372218e-02
 -3.36694525e-02 -3.36629796e-02 -3.36965128e-02 -3.35966558e-02
 -3.34322995e-02 -3.34402773e-02 -3.32380280e-02 -3.31150059e-02
 -3.30914278e-02 -3.28319575e-02 -3.25796506e-02 -3.24604807e-02
 -3.22957850e-02 -3.17479928e-02 -3.16819152e-02 -3.15457269e-02
 -3.12244187e-02 -3.09702963e-02 -3.08268347e-02 -3.05333117e-02
 -3.01568924e-02 -2.99789319e-02 -2.95262176e-02 -2.91352916e-02
 -2.87355203e-02 -2.85696350e-02 -2.82203408e-02 -2.77439420e-02
 -2.74407613e-02 -2.72068732e-02 -2.67176781e-02 -2.61118345e-02
 -2.57468787e-02 -2.53320324e-02 -2.47941605e-02 -2.43278421e-02
 -2.38941564e-02 -2.34149656e-02 -2.29348094e-02 -2.24440058e-02
 -2.20459486e-02 -2.14686672e-02 -2.09295519e-02 -2.05495051e-02
 -2.00550576e-02 -1.94296339e-02 -1.90282871e-02 -1.85655482e-02
 -1.79221861e-02 -1.74866737e-02 -1.69266319e-02 -1.62227124e-02
 -1.56481925e-02 -1.52399624e-02 -1.46012246e-02 -1.39882106e-02
 -1.34437670e-02 -1.29589432e-02 -1.23897791e-02 -1.17817684e-02
 -1.11781867e-02 -1.06610520e-02 -1.00732823e-02 -9.51276694e-03
 -8.96954679e-03 -8.36465891e-03 -7.82871811e-03 -7.35849700e-03
 -6.77239415e-03 -6.14749128e-03 -5.65526423e-03 -5.04986332e-03
 -4.49435054e-03 -3.90394198e-03 -3.37555083e-03 -2.81010698e-03
 -2.25533524e-03 -1.70408526e-03 -1.16733747e-03 -6.19766114e-04
 -7.73467952e-06  4.19340068e-04  9.52456281e-04  1.51586411e-03
  1.99178936e-03  2.40895785e-03  2.93222889e-03  3.44876893e-03
  3.90371090e-03  4.39688964e-03  4.89567958e-03  5.38082144e-03
  5.86091851e-03  6.31641216e-03  6.74435837e-03  7.17084436e-03
  7.61049810e-03  8.08292636e-03  8.46380340e-03  8.91888147e-03
  9.32286558e-03  9.77499325e-03  1.01479528e-02  1.05152478e-02
  1.08958315e-02  1.12629649e-02  1.16013303e-02  1.19324504e-02
  1.22834214e-02  1.26039639e-02  1.29495979e-02  1.32287531e-02
  1.35794568e-02  1.38564574e-02  1.41649346e-02  1.44596790e-02
  1.47511155e-02  1.49903977e-02  1.52663396e-02  1.55214289e-02
  1.57201318e-02  1.59573419e-02  1.62149706e-02  1.64099967e-02
  1.66365873e-02  1.68491839e-02  1.69966876e-02  1.72046316e-02
  1.73681190e-02  1.75339128e-02  1.76491862e-02  1.77707414e-02
  1.79330376e-02  1.80670264e-02  1.81358662e-02  1.82381815e-02
  1.83977098e-02  1.85153991e-02  1.85963184e-02  1.86454424e-02
  1.87760524e-02  1.88180347e-02  1.88834294e-02  1.89173895e-02
  1.89491835e-02  1.89605055e-02  1.89913464e-02  1.90195771e-02
  1.89659157e-02  1.89456342e-02  1.89936017e-02  1.90003264e-02
  1.88944744e-02  1.88878485e-02  1.88866495e-02  1.88276220e-02
  1.87637195e-02  1.87189961e-02  1.86260322e-02  1.85671384e-02
  1.84891300e-02  1.84409904e-02  1.83137775e-02  1.82254581e-02
  1.81693276e-02  1.80620461e-02  1.79290056e-02  1.77734935e-02
  1.76802850e-02  1.75651178e-02  1.73945764e-02  1.72430214e-02
  1.70955941e-02  1.69505109e-02  1.67988428e-02  1.66193081e-02
  1.64492083e-02  1.62632460e-02  1.60975844e-02  1.59581580e-02
  1.57094713e-02  1.55305511e-02  1.53957833e-02  1.52167771e-02
  1.50110383e-02  1.48021368e-02  1.46001656e-02  1.44143027e-02
  1.41901442e-02  1.39645379e-02  1.37121505e-02  1.35115174e-02
  1.33234837e-02  1.30326946e-02  1.28242893e-02  1.26188874e-02
  1.24018190e-02  1.21634172e-02  1.19429054e-02  1.16927481e-02
  1.14874579e-02  1.12433711e-02  1.10136455e-02  1.07670393e-02
  1.05103729e-02  1.02843316e-02  1.00347228e-02  9.79391817e-03
  9.54012717e-03  9.33289957e-03  9.11223302e-03  8.86503565e-03
  8.62310619e-03  8.38975376e-03  8.13994963e-03  7.88537584e-03
  7.62413928e-03  7.37231559e-03  7.13436498e-03  6.86793605e-03
  6.66220453e-03  6.42889872e-03  6.16887465e-03  5.97741335e-03
  5.77827820e-03  5.51074320e-03  5.28182359e-03  5.05829922e-03
  4.85458969e-03  4.59740356e-03  4.33738408e-03  4.12822896e-03
  3.90162227e-03  3.68211987e-03  3.42961613e-03  3.21311926e-03
  3.02493119e-03  2.79067664e-03  2.56209884e-03  2.37969620e-03
  2.14549887e-03  1.95775492e-03  1.77142328e-03  1.52959528e-03
  1.31759463e-03  1.11552664e-03  9.39961712e-04  7.17596259e-04
  5.03502620e-04  3.45008037e-04  1.75615900e-04 -4.74330646e-05
 -2.10630931e-04 -4.14890916e-04 -5.85773591e-04 -7.64599767e-04
 -9.44340946e-04 -1.12770067e-03 -1.33027936e-03 -1.46760618e-03
 -1.63812361e-03 -1.81697512e-03 -1.97203621e-03 -2.13957506e-03
 -2.28333581e-03 -2.40194420e-03 -2.61753745e-03 -2.75254240e-03
 -2.86910427e-03 -3.02601082e-03 -3.15206897e-03 -3.31082992e-03
 -3.44678144e-03 -3.55861340e-03 -3.68095195e-03 -3.85295314e-03
 -3.98758182e-03 -4.09031837e-03 -4.20930008e-03 -4.35041807e-03
 -4.44564574e-03 -4.55969161e-03 -4.68235008e-03 -4.74994190e-03
 -4.87353285e-03 -5.00764400e-03 -5.08120538e-03 -5.17340385e-03
 -5.27743207e-03 -5.38834872e-03 -5.48549824e-03 -5.53263665e-03
 -5.65094950e-03 -5.72256534e-03 -5.79429776e-03 -5.88508894e-03
 -5.96900429e-03 -6.03496489e-03 -6.12450334e-03 -6.19794252e-03
 -6.28235770e-03 -6.32623377e-03 -6.39018809e-03 -6.48917308e-03
 -6.53735224e-03 -6.59886335e-03 -6.65106931e-03 -6.71281683e-03
 -6.78019314e-03 -6.79152941e-03 -6.84772747e-03 -6.91375423e-03
 -6.94287537e-03 -7.01364542e-03 -7.06530907e-03 -7.10012977e-03
 -7.16756312e-03 -7.19936878e-03 -7.23693555e-03 -7.26066891e-03
 -7.30116262e-03 -7.33578773e-03 -7.35536871e-03 -7.39287237e-03
 -7.42975597e-03 -7.45976468e-03 -7.50081814e-03 -7.53173439e-03
 -7.55281053e-03 -7.59752575e-03 -7.60576060e-03 -7.63568515e-03
 -7.64460099e-03 -7.65354135e-03 -7.69249221e-03 -7.69634642e-03
 -7.70833164e-03 -7.75101590e-03 -7.73934882e-03 -7.76721706e-03
 -7.79819646e-03 -7.79617534e-03 -7.81220258e-03 -7.85332955e-03
 -7.85442197e-03 -7.86704674e-03 -7.86220779e-03 -7.86429653e-03
 -7.86761668e-03 -7.87654981e-03 -7.86772195e-03 -7.86553331e-03
 -7.92209775e-03 -7.91991288e-03 -7.89968354e-03 -7.93238734e-03
 -7.92697767e-03 -7.92316745e-03 -7.93185783e-03 -7.91727572e-03
 -7.91202650e-03 -7.93435081e-03 -7.92177895e-03 -7.93370124e-03
 -7.92703684e-03 -7.92348531e-03 -7.94500430e-03 -7.94192518e-03
 -7.94057877e-03 -7.92056511e-03 -7.92232850e-03 -7.94343507e-03
 -7.92019720e-03 -7.90050403e-03 -7.91131603e-03 -7.90163452e-03
 -7.90085924e-03 -7.88455541e-03 -7.87026589e-03 -7.85633584e-03
 -7.86194242e-03 -7.88201554e-03 -7.85085266e-03 -7.82538394e-03
 -7.85757718e-03 -7.83134767e-03 -7.80569079e-03 -7.79066696e-03
 -7.76661281e-03 -7.76705299e-03 -7.77240573e-03 -7.73460864e-03
 -7.72970344e-03 -7.71734627e-03 -7.71002731e-03 -7.68683684e-03
 -7.65890002e-03 -7.64457357e-03 -7.61707552e-03 -7.61145230e-03
 -7.58596921e-03 -7.54664702e-03 -7.53526237e-03 -7.51955740e-03
 -7.49939572e-03 -7.48622946e-03 -7.42756588e-03 -7.40818448e-03
 -7.41201757e-03 -7.35313169e-03 -7.31164922e-03 -7.29586538e-03
 -7.27301680e-03 -7.25808311e-03 -7.19205191e-03 -7.15902197e-03
 -7.13977645e-03 -7.08120919e-03 -7.03797645e-03 -7.00465924e-03
 -6.94209259e-03 -6.91450594e-03 -6.88210261e-03 -6.83912191e-03
 -6.76280576e-03 -6.73049125e-03 -6.72132148e-03 -6.61534504e-03
 -6.55976944e-03 -6.54515702e-03 -6.45982953e-03 -6.41580233e-03
 -6.34470708e-03 -6.29148881e-03 -6.23693145e-03 -6.16299636e-03
 -6.10046147e-03 -6.03324280e-03 -5.95251047e-03 -5.87484047e-03
 -5.80357937e-03 -5.72532872e-03 -5.63804253e-03 -5.54122487e-03
 -5.49439331e-03 -5.38878608e-03 -5.28097667e-03 -5.20936186e-03
 -5.10935269e-03 -5.03460882e-03 -4.94140997e-03 -4.83678293e-03
 -4.75822890e-03 -4.65038369e-03 -4.54553732e-03 -4.42541260e-03
 -4.27622838e-03 -4.19333618e-03 -4.07186123e-03 -3.91090091e-03
 -3.81507349e-03 -3.69154215e-03 -3.57913873e-03 -3.47761621e-03
 -3.33227085e-03 -3.17619336e-03 -3.09012408e-03 -2.94624259e-03
 -2.77311250e-03 -2.59492569e-03 -2.49906548e-03 -2.34686799e-03
 -2.17000882e-03 -2.03154580e-03 -1.86863132e-03 -1.74524334e-03
 -1.60438193e-03 -1.40236521e-03 -1.26020261e-03 -1.10887192e-03
 -9.14118915e-04 -7.68640610e-04 -5.70950667e-04 -3.70099067e-04
 -1.94543648e-04 -2.04513507e-05  1.66145869e-04  3.85874500e-04
  5.62515640e-04  6.87057726e-04  8.87835707e-04  1.07567709e-03
  1.26518906e-03  1.45723434e-03  1.63141944e-03  1.85860870e-03
  2.05983152e-03  2.29049503e-03  2.49734891e-03  2.67952876e-03
  2.91279841e-03  3.14051878e-03  3.33721697e-03  3.52864214e-03
  3.73479983e-03  3.98320361e-03  4.24000391e-03  4.38106342e-03
  4.62983549e-03  4.86748034e-03  5.09984237e-03  5.29842421e-03
  5.51291124e-03  5.77389363e-03  5.98240602e-03  6.21547814e-03
  6.47719998e-03  6.65491517e-03  6.89920324e-03  7.17630307e-03
  7.37019092e-03  7.59126681e-03  7.82632758e-03  8.08122506e-03
  8.32692797e-03  8.55177530e-03  8.79129144e-03  9.05649210e-03
  9.27892374e-03  9.51246566e-03  9.74429145e-03  9.95373868e-03
  1.02123228e-02  1.04240888e-02  1.06476612e-02  1.08623540e-02
  1.10903905e-02  1.13182264e-02  1.15495587e-02  1.17645372e-02
  1.19877450e-02  1.22228529e-02  1.24675850e-02  1.26790636e-02
  1.29089749e-02  1.31262815e-02  1.33283757e-02  1.35714160e-02
  1.37219643e-02  1.39056505e-02  1.41547852e-02  1.43484143e-02
  1.44980055e-02  1.46971037e-02  1.49036608e-02  1.51037290e-02
  1.52420641e-02  1.54568069e-02  1.56187837e-02  1.57723177e-02
  1.59756643e-02  1.60942334e-02  1.62224791e-02  1.63759701e-02
  1.65743052e-02  1.67117385e-02  1.68290511e-02  1.69795591e-02
  1.71824926e-02  1.72931114e-02  1.73897575e-02  1.75195382e-02
  1.76304896e-02  1.77330508e-02  1.77751564e-02  1.78679536e-02
  1.79400963e-02  1.80109340e-02  1.81098494e-02  1.81916668e-02
  1.82261981e-02  1.82680696e-02  1.83605235e-02  1.84129342e-02
  1.83927711e-02  1.84295076e-02  1.84772793e-02  1.85121918e-02
  1.85139853e-02  1.85116607e-02  1.85207327e-02  1.85010899e-02
  1.85206914e-02  1.84387481e-02  1.83853613e-02  1.83466151e-02
  1.83443982e-02  1.82977588e-02  1.81694190e-02  1.81192528e-02
  1.80424426e-02  1.79608429e-02  1.77889086e-02  1.76682219e-02
  1.75805193e-02  1.74947975e-02  1.73656930e-02  1.72332267e-02
  1.70970635e-02  1.69760486e-02  1.68069476e-02  1.66406907e-02
  1.64207421e-02  1.61715993e-02  1.60165863e-02  1.58271560e-02
  1.55616776e-02  1.53749694e-02  1.51886699e-02  1.49067899e-02
  1.46920717e-02  1.43907494e-02  1.40669037e-02  1.37516111e-02
  1.35375030e-02  1.32479487e-02  1.29124566e-02  1.26352111e-02
  1.23930216e-02  1.20990532e-02  1.16574119e-02  1.13488196e-02
  1.10296921e-02  1.06581756e-02  1.02603950e-02  9.94391928e-03
  9.61047584e-03  9.18904390e-03  8.80945891e-03  8.35734277e-03
  7.93613579e-03  7.43496062e-03  7.01777414e-03  6.58424261e-03
  6.12674969e-03  5.73685088e-03  5.35793396e-03  4.87398796e-03
  4.37227466e-03  3.93226562e-03  3.49732337e-03  2.87186968e-03
  2.44540299e-03  2.05020196e-03  1.51262301e-03  9.85420854e-04
  5.99952794e-04  1.32869218e-04 -5.23294955e-04 -9.97793438e-04
 -1.56189513e-03 -2.10917943e-03 -2.65375351e-03 -3.21507408e-03
 -3.73626909e-03 -4.26487907e-03 -4.72768008e-03 -5.34018576e-03
 -5.89541368e-03 -6.42801589e-03 -6.92984419e-03 -7.48337651e-03
 -8.08765039e-03 -8.45158441e-03 -8.98635387e-03 -9.62180067e-03
 -1.00917811e-02 -1.06283415e-02 -1.12116700e-02 -1.18951461e-02
 -1.24723668e-02 -1.30241199e-02 -1.35300788e-02 -1.41458114e-02
 -1.46329952e-02 -1.50534234e-02 -1.57310726e-02 -1.61633127e-02
 -1.66460017e-02 -1.73644968e-02 -1.78986650e-02 -1.81917867e-02
 -1.88590738e-02 -1.94625440e-02 -1.97650117e-02 -2.02386789e-02
 -2.08150454e-02 -2.12560774e-02 -2.16533306e-02 -2.22614314e-02
 -2.27502474e-02 -2.32058829e-02 -2.35119007e-02 -2.40511838e-02
 -2.45850527e-02 -2.49190957e-02 -2.54036678e-02 -2.59231927e-02
 -2.64473126e-02 -2.68994021e-02 -2.70499260e-02 -2.75108958e-02]
