Frame: 108
temp_s_est shape: (1024,)
temp_s_est dtype: float64
temp_s_est:
[ 4.73896952e-04  4.99687526e-04  5.28359975e-04  5.73062520e-04
  5.21379574e-04  5.75095022e-04  6.97886658e-04  6.73098827e-04
  5.26580419e-04  6.02764183e-04  7.97961009e-04  6.65634246e-04
  6.32748834e-04  6.75422484e-04  8.37106719e-04  7.10951267e-04
  6.74830252e-04  8.88393443e-04  8.77295794e-04  6.86839674e-04
  6.81706469e-04  7.09631030e-04  7.48749145e-04  8.02448686e-04
  7.46693739e-04  8.57874056e-04  7.46437963e-04  6.23306321e-04
  6.77645506e-04  8.19669861e-04  8.22210797e-04  7.28519008e-04
  6.02652974e-04  9.74293950e-04  7.82726406e-04  6.93182084e-04
  8.37427858e-04  8.93567759e-04  5.99711525e-04  6.30053493e-04
  7.27268276e-04  9.30466397e-04  7.72928251e-04  6.80653133e-04
  8.32744549e-04  5.68174775e-04  6.97286687e-04  7.74074303e-04
  8.99989377e-04  7.02041271e-04  7.41805859e-04  5.17493909e-04
  9.72552543e-04  6.63790303e-04  7.07483379e-04  7.98739110e-04
  6.88355086e-04  8.57687389e-04  5.63426415e-04  8.95770084e-04
  9.58114941e-04  9.12059853e-04  5.18677553e-04  9.53603943e-04
  8.16348070e-04  8.44492798e-04  8.55338621e-04  8.96688488e-04
  1.00960535e-03  4.79769391e-04  7.90232644e-04  7.52257765e-04
  7.07266305e-04  5.95895081e-04  9.04319913e-04  5.13292186e-04
  7.88036640e-04  6.52980424e-04  5.09706458e-04  4.96695149e-04
  4.73531982e-04  4.49915274e-04  2.24650031e-04  4.88700089e-04
  5.60255090e-04  4.70108450e-04 -2.72294314e-05  6.87198210e-04
  2.39649616e-04  1.61904670e-04  1.91290229e-04  5.82544381e-04
  4.96176853e-04  2.06394475e-04  3.73836280e-04  4.82417791e-04
  1.76951081e-04 -1.19338473e-04  2.94691086e-04  7.36273329e-05
  2.29882800e-04  1.27720898e-04  2.15057565e-04 -4.84985750e-05
 -1.33019841e-04 -2.16919386e-05  3.80805902e-04  9.77561049e-05
  9.07287038e-05 -1.58833314e-04 -5.73777729e-05  4.32104925e-04
 -2.00108422e-04  1.41958507e-04  2.95921456e-04  1.59927287e-04
 -3.21082774e-04 -9.15221365e-05  8.11885006e-04  3.01343106e-04
 -2.38041601e-04 -3.75733317e-04  6.76853898e-06 -6.53886866e-04
  3.22935829e-04  2.14708489e-04  5.80989410e-05 -6.11058892e-04
 -7.18568784e-04  3.59909887e-05 -4.83884224e-04 -1.32361788e-04
 -4.92556848e-04 -5.83992583e-04 -1.13349310e-03 -7.37684630e-04
 -9.02406933e-04 -2.66214448e-05 -7.27526073e-04 -1.29091948e-03
 -1.47579476e-03 -1.12257028e-03  5.09563730e-05 -4.95211552e-04
 -1.92252467e-04 -6.04260687e-04 -8.43975533e-04 -1.14042767e-03
 -2.51985070e-05 -4.26439066e-04 -9.91437899e-05 -7.94782503e-04
 -1.10485453e-03 -1.10776545e-03 -1.22465915e-03  2.27139282e-05
 -7.37802623e-04 -9.92155688e-04 -1.32681678e-03 -1.06352969e-03
 -1.11849538e-03  2.71844608e-04 -5.27247875e-04 -8.31418726e-04
 -1.50232161e-03 -1.18445068e-03 -6.40565218e-04 -9.20940075e-04
  1.79902913e-04 -7.00412069e-04 -1.34282749e-03 -1.61402518e-03
 -4.86717523e-04 -1.10068932e-03  1.27962980e-04 -7.16556900e-04
 -7.83139400e-04 -1.74221610e-03 -1.08226627e-03 -2.31954678e-04
 -5.67763528e-04 -1.02899355e-03 -1.52242826e-03 -1.46357250e-03
 -1.63189516e-03 -3.04814369e-04 -1.45435325e-03 -6.21248432e-04
 -1.71741380e-03 -1.68340194e-03 -2.02409413e-03 -1.01330927e-03
 -2.57252940e-04 -8.24976927e-04 -1.47787881e-03 -1.18524123e-03
 -6.93074576e-04 -1.25546907e-03  2.49950893e-05 -5.34610759e-04
 -7.20537627e-04 -1.59054497e-03 -7.87215818e-04 -7.06776216e-04
 -5.83191820e-04 -8.48409694e-04 -8.94789264e-04 -1.43803858e-03
 -1.70509242e-03 -5.42062585e-04 -9.13572411e-04 -3.30250707e-04
 -9.90865190e-04 -1.03799579e-03 -1.20680247e-03 -5.28056839e-04
 -4.20222156e-04 -3.47564244e-04 -5.45348999e-04 -7.76244065e-04
 -8.73401279e-04 -9.69558863e-04 -9.38733709e-05 -4.57673748e-04
 -7.27304119e-04 -8.00640601e-04 -6.36062547e-04 -6.52621178e-04
 -1.90662361e-04 -1.75532864e-04 -2.84476504e-04 -9.84433101e-04
 -8.51874714e-04 -3.99015790e-04 -2.21353829e-04 -3.34874549e-04
 -4.28616985e-04 -7.22628726e-04 -8.49463463e-04 -6.22503302e-04
 -6.85771068e-04 -1.78401067e-04 -5.23124443e-04 -5.10991195e-04
 -7.10040938e-04 -3.92574247e-04  1.20853765e-04 -1.08724025e-04
 -2.88340110e-04 -1.87759167e-04 -2.73867794e-04 -2.01795446e-04
  9.99356913e-05  2.94239856e-04 -6.81158094e-05 -2.17169535e-04
 -1.72914839e-04  8.30893577e-05 -2.46479640e-05  2.21589016e-04
  1.78920939e-04 -5.92048105e-06  3.60274647e-05  1.04677462e-04
  2.60102240e-04  3.84136698e-04  3.55832622e-04  1.43322062e-04
  1.89892885e-04  2.98813882e-04  5.05209613e-04  2.45232523e-04
  4.18826831e-04  3.26426783e-04  2.18177662e-04  2.51801948e-04
  4.90408817e-04  5.81212149e-04  3.47590045e-04  4.32152933e-04
  4.14584180e-04  4.08546586e-04  3.23130355e-04  6.83805596e-04
  5.45484002e-04  4.79406470e-04  4.32753373e-04  5.71295198e-04
  6.29820893e-04  5.07709481e-04  5.93065494e-04  4.67680190e-04
  5.01372888e-04  5.36461003e-04  6.12039127e-04  6.09655609e-04
  7.73072199e-04  6.14435859e-04  5.28570345e-04  6.83514323e-04
  8.00012892e-04  7.68289615e-04  7.07369369e-04  8.63633925e-04
  8.19980301e-04  6.90107288e-04  8.16003969e-04  9.79993122e-04
  7.53602964e-04  7.64617246e-04  8.23764544e-04  8.98868999e-04
  8.52019010e-04  8.49544242e-04  8.73411790e-04  8.83794749e-04
  7.84980381e-04  8.88872172e-04  9.12835004e-04  8.99376972e-04
  8.88611673e-04  8.09678819e-04  8.02912766e-04  9.16242441e-04
  8.61623300e-04  8.51275094e-04  8.89579023e-04  8.31635728e-04
  8.86272534e-04  7.77303224e-04  9.07075044e-04  8.49087312e-04
  7.79048677e-04  7.82831119e-04  8.87008793e-04  7.78612763e-04
  8.10819749e-04  8.89470261e-04  8.15454281e-04  7.90392539e-04
  7.29338459e-04  8.35822297e-04  8.43928306e-04  7.43516426e-04
  8.01948404e-04  7.86852017e-04  7.36493208e-04  7.94545388e-04
  6.87764018e-04  7.24394254e-04  7.31505969e-04  6.85998769e-04
  6.12657888e-04  6.89055043e-04  6.94948014e-04  6.93335106e-04
  6.68119418e-04  6.51483701e-04  7.20909343e-04  5.48364678e-04
  6.77638725e-04  6.99617854e-04  6.51660846e-04  5.82454498e-04
  5.78648583e-04  6.21694065e-04  6.10682944e-04  5.49663201e-04
  5.45482945e-04  5.80813914e-04  4.65301767e-04  4.88080214e-04
  4.78647466e-04  4.91332247e-04  4.98128495e-04  4.20697682e-04
  4.10173556e-04  4.42937948e-04  3.90728960e-04  4.02284879e-04
  3.93341160e-04  3.36476731e-04  2.99551887e-04  2.51334754e-04
  3.58052030e-04  3.07004058e-04  2.38202712e-04  2.31923232e-04
  2.66486754e-04  1.99047254e-04  1.99541084e-04  2.23391043e-04
  1.81506307e-04  2.02932307e-04  1.34977976e-04  1.56786065e-04
  1.43320299e-04  1.48022365e-04  1.29479137e-04  6.20101710e-05
  8.14068912e-05  5.61513260e-05  2.64121010e-05  2.58317681e-05
  6.86254170e-05 -2.50450890e-05 -2.88421979e-05 -1.38660000e-05
 -1.45517727e-05 -6.08580590e-05 -5.49804312e-05 -4.02920121e-05
 -7.05225699e-05 -1.45319614e-04 -1.06159737e-04 -8.69386711e-05
 -1.42151165e-04 -1.26603524e-04 -2.03335400e-04 -1.89296001e-04
 -2.21358440e-04 -2.07369385e-04 -2.30117882e-04 -2.26935591e-04
 -2.41405271e-04 -2.55313737e-04 -2.76530362e-04 -2.47237789e-04
 -2.01027436e-04 -2.93295988e-04 -2.76295857e-04 -3.01014829e-04
 -3.12589201e-04 -3.33682650e-04 -2.96083083e-04 -3.03131779e-04
 -3.74030427e-04 -4.27736012e-04 -3.70416664e-04 -3.64196184e-04
 -4.00370270e-04 -3.91903397e-04 -4.15302445e-04 -4.07986826e-04
 -4.40307296e-04 -4.23339486e-04 -3.95517319e-04 -3.94518168e-04
 -4.47767607e-04 -4.57511379e-04 -4.63312446e-04 -4.24861553e-04
 -4.48928673e-04 -4.51042497e-04 -4.52193318e-04 -4.96586665e-04
 -4.99709802e-04 -4.75897049e-04 -4.37941803e-04 -4.81434492e-04
 -5.01097656e-04 -5.03260365e-04 -4.92453602e-04 -5.27404868e-04
 -4.98224083e-04 -4.80241216e-04 -4.97585788e-04 -5.37313675e-04
 -5.47811576e-04 -5.13110392e-04 -5.03513894e-04 -5.11143125e-04
 -5.27840032e-04 -5.22354383e-04 -5.24806650e-04 -5.14075385e-04
 -5.11865798e-04 -4.68740805e-04 -4.82598776e-04 -5.15946119e-04
 -5.03151849e-04 -4.78718522e-04 -4.80307544e-04 -4.75081712e-04
 -4.63758024e-04 -4.63173694e-04 -5.15386886e-04 -5.14882962e-04
 -4.64211725e-04 -4.63748913e-04 -5.04329350e-04 -5.00762521e-04
 -4.87027267e-04 -4.89664647e-04 -4.71490170e-04 -4.65750780e-04
 -4.50225718e-04 -4.55599868e-04 -4.55636131e-04 -4.44832347e-04
 -4.40908415e-04 -4.09724294e-04 -3.96733888e-04 -4.36435970e-04
 -4.30048119e-04 -3.96037068e-04 -4.18196915e-04 -3.93314699e-04
 -3.84499459e-04 -3.86119636e-04 -3.97726791e-04 -3.91200099e-04
 -3.48802659e-04 -3.63195899e-04 -3.85719609e-04 -3.48421245e-04
 -3.30250305e-04 -3.61769639e-04 -3.36591638e-04 -3.48374132e-04
 -3.24195933e-04 -3.33355239e-04 -3.48100180e-04 -3.08200088e-04
 -2.99192433e-04 -2.86604328e-04 -2.95844043e-04 -2.81675149e-04
 -2.56375648e-04 -2.35816376e-04 -2.69547810e-04 -2.16119343e-04
 -2.23349813e-04 -2.37539246e-04 -2.06876032e-04 -1.96586383e-04
 -1.86184745e-04 -2.20052687e-04 -2.00881012e-04 -1.75244077e-04
 -1.90158727e-04 -2.02347594e-04 -1.44786776e-04 -1.66194983e-04
 -1.71269397e-04 -1.83291847e-04 -1.59783888e-04 -1.20042828e-04
 -1.41781956e-04 -1.33403279e-04 -1.26140935e-04 -1.15612746e-04
 -1.13375856e-04 -9.81932759e-05 -8.74838171e-05 -4.29069326e-05
 -9.60310715e-05 -8.42303605e-05 -5.75282199e-05 -4.84219108e-05
 -4.56055364e-05 -4.10233679e-05 -3.24384523e-05 -5.50960441e-05
 -6.36348949e-05 -2.60720379e-05  1.76253950e-05 -2.46948304e-05
 -3.66151498e-06 -2.68369349e-05 -5.11025354e-06 -1.05157253e-06
  2.56935768e-05  2.76101847e-05  2.75240878e-05  1.39677462e-05
  2.02901302e-05  3.49314442e-05  5.50432461e-05  9.14925873e-05
  3.85760180e-05  5.90172998e-05  4.67456062e-05  8.65093687e-05
  9.31764645e-05  1.12523977e-04  9.81899596e-05  7.06575405e-05
  7.47835762e-05  9.53116231e-05  1.16274316e-04  9.87214063e-05
  1.18932859e-04  9.74383704e-05  9.56926532e-05  8.06258604e-05
  1.24415094e-04  1.35305063e-04  1.25433631e-04  1.05691697e-04
  1.03525108e-04  1.25672237e-04  1.40869490e-04  1.47260751e-04
  1.36396414e-04  1.43641345e-04  1.30720863e-04  1.36427202e-04
  1.50295379e-04  1.78253101e-04  1.70387495e-04  1.44478305e-04
  1.50241819e-04  1.53187406e-04  1.50095601e-04  1.70172542e-04
  1.87968544e-04  1.71251186e-04  1.41633175e-04  1.44291739e-04
  1.78659635e-04  1.83794206e-04  1.73228960e-04  1.73820910e-04
  1.74332659e-04  1.66579137e-04  1.73065847e-04  1.87850775e-04
  2.03326078e-04  1.85911622e-04  1.65889793e-04  1.67572304e-04
  1.84980407e-04  1.94344155e-04  1.93042261e-04  1.95208663e-04
  1.81529626e-04  1.71844536e-04  1.73744218e-04  2.01090427e-04
  2.07724941e-04  1.76807929e-04  1.75626711e-04  1.82494781e-04
  1.86170244e-04  1.74407458e-04  1.86242750e-04  1.90060378e-04
  1.71925354e-04  1.58925434e-04  1.72132796e-04  1.95605817e-04
  1.80441987e-04  1.80757527e-04  1.71438432e-04  1.77964692e-04
  1.74076646e-04  1.82716293e-04  1.87746986e-04  1.93798891e-04
  1.81061058e-04  1.71124616e-04  1.81165807e-04  1.78957573e-04
  1.83004668e-04  1.71385823e-04  1.82259618e-04  1.73881701e-04
  1.68219224e-04  1.71088988e-04  1.85944310e-04  1.79251921e-04
  1.65932388e-04  1.70569431e-04  1.75332962e-04  1.85438096e-04
  1.78945785e-04  1.82069230e-04  1.84175788e-04  1.71261874e-04
  1.67427433e-04  1.68250172e-04  1.83080187e-04  1.85611901e-04
  1.72503217e-04  1.64451286e-04  1.67245179e-04  1.76611714e-04
  1.67828492e-04  1.76922051e-04  1.70661637e-04  1.68787512e-04
  1.48908349e-04  1.72001741e-04  1.81078840e-04  1.62747168e-04
  1.49533250e-04  1.50562223e-04  1.67395897e-04  1.44275240e-04
  1.59250824e-04  1.71454113e-04  1.73846718e-04  1.37280370e-04
  1.47560031e-04  1.62261260e-04  1.81646419e-04  1.68728926e-04
  1.55182910e-04  1.69778094e-04  1.57327040e-04  1.63216791e-04
  1.62715605e-04  1.80598074e-04  1.65117376e-04  1.50256479e-04
  1.47963256e-04  1.81298529e-04  1.60195749e-04  1.60845096e-04
  1.75752913e-04  1.68049043e-04  1.46996179e-04  1.36845548e-04
  1.77707451e-04  1.92205559e-04  1.62455332e-04  1.50753095e-04
  1.73542019e-04  1.60180383e-04  1.65084579e-04  1.68226748e-04
  1.87386815e-04  1.66640897e-04  1.46542134e-04  1.52986476e-04
  1.67293082e-04  1.64388920e-04  1.74021057e-04  1.62039480e-04
  1.40283875e-04  1.46717371e-04  1.42109827e-04  1.83929439e-04
  1.72987724e-04  1.56481827e-04  1.33339367e-04  1.31537172e-04
  1.52654139e-04  1.60774191e-04  1.57191815e-04  1.60542996e-04
  1.52057402e-04  1.18735020e-04  1.46058608e-04  1.53814470e-04
  1.87677741e-04  1.66468051e-04  1.40066426e-04  1.52200947e-04
  1.52112415e-04  1.72031910e-04  1.73078525e-04  1.61852749e-04
  1.43484546e-04  1.33776547e-04  1.17983439e-04  1.66007924e-04
  1.56317988e-04  1.49601348e-04  1.38406624e-04  1.15264992e-04
  1.33316135e-04  1.20195302e-04  1.51178263e-04  1.66484003e-04
  1.36213598e-04  9.35644284e-05  1.24121382e-04  1.28113446e-04
  1.42346843e-04  1.25207454e-04  1.23939791e-04  1.34563952e-04
  8.32139379e-05  1.11893413e-04  1.30272856e-04  1.38943571e-04
  1.13685175e-04  9.08955625e-05  8.00540101e-05  1.02419475e-04
  8.71145065e-05  1.02649597e-04  1.04144203e-04  7.21076419e-05
  4.49534735e-05  4.23982268e-05  1.01703828e-04  8.68816177e-05
  5.21612397e-05  5.08809100e-05  7.53518375e-05  3.33320282e-05
  3.83549943e-05  6.82019372e-05  9.30461214e-05  2.61856031e-05
  1.40965408e-05  4.87910298e-05  4.90930260e-05  5.22084313e-05
  4.30970338e-05  4.27265060e-05 -2.21231976e-08  1.46958984e-05
  1.82334139e-05  3.92543617e-05 -2.06994306e-06  4.29034111e-06
 -2.62431315e-05 -3.04034146e-05 -3.19167529e-05 -4.26699767e-05
 -3.76902260e-05 -3.48293099e-05 -5.30075756e-05 -8.84623760e-05
 -5.17829867e-05 -4.32078843e-05 -4.79746436e-05 -1.01984766e-04
 -6.88318994e-05 -6.39324356e-05 -8.83762568e-05 -9.50991356e-05
 -7.49214278e-05 -8.77383951e-05 -1.25095841e-04 -1.12020825e-04
 -1.22457321e-04 -1.15040606e-04 -1.36821038e-04 -1.39300569e-04
 -1.45302835e-04 -1.63458388e-04 -1.76741152e-04 -1.68806291e-04
 -1.77166266e-04 -1.73329803e-04 -2.07271423e-04 -2.16117018e-04
 -1.78453550e-04 -2.04449921e-04 -2.28213548e-04 -2.22408719e-04
 -2.14474185e-04 -2.14347073e-04 -2.39934970e-04 -2.36265015e-04
 -2.02336180e-04 -2.44181020e-04 -2.59694471e-04 -2.63218906e-04
 -2.49845649e-04 -2.47014299e-04 -2.78786861e-04 -2.96785410e-04
 -2.70051750e-04 -2.98397772e-04 -3.09892927e-04 -2.91576695e-04
 -3.14029355e-04 -3.32428677e-04 -3.77629449e-04 -3.31064941e-04
 -3.24373614e-04 -3.81043868e-04 -3.80116628e-04 -3.43819070e-04
 -3.92241163e-04 -4.04081794e-04 -3.78002185e-04 -3.41413693e-04
 -3.58778116e-04 -4.26716223e-04 -3.76427785e-04 -3.62533625e-04
 -3.85794531e-04 -3.87179602e-04 -3.89341154e-04 -4.13195353e-04
 -4.20121104e-04 -4.34310416e-04 -4.06630413e-04 -4.09503690e-04
 -4.43495573e-04 -4.38512913e-04 -4.59246065e-04 -4.38313384e-04
 -4.32509102e-04 -4.53434905e-04 -4.33688316e-04 -4.33994290e-04
 -5.02730209e-04 -4.77818291e-04 -4.23519468e-04 -4.43574206e-04
 -4.79078652e-04 -5.01356527e-04 -4.36135029e-04 -4.74995178e-04
 -4.98314417e-04 -4.57938521e-04 -4.37899749e-04 -4.85460557e-04
 -4.70950046e-04 -4.73930189e-04 -4.55602559e-04 -4.33688194e-04
 -4.62820668e-04 -4.53053809e-04 -4.86606719e-04 -4.83650527e-04
 -4.72660232e-04 -4.46059717e-04 -4.60355566e-04 -4.65355211e-04
 -5.16607261e-04 -4.57118582e-04 -4.36797660e-04 -4.65881468e-04
 -4.60080102e-04 -4.39383049e-04 -4.18958567e-04 -4.64547057e-04
 -4.27688384e-04 -3.87830980e-04 -3.28282201e-04 -4.36903447e-04
 -4.05469004e-04 -3.88173337e-04 -3.83867947e-04 -3.62807886e-04
 -3.76418776e-04 -3.72451644e-04 -4.00324095e-04 -3.87879312e-04
 -3.61775982e-04 -3.00134904e-04 -3.64556751e-04 -3.66256775e-04
 -3.72700088e-04 -2.99141831e-04 -3.37064301e-04 -3.38454631e-04
 -2.70425449e-04 -2.45290327e-04 -3.72920084e-04 -3.18283207e-04
 -2.26602224e-04 -2.78430589e-04 -2.76779011e-04 -3.13309796e-04
 -2.36111943e-04 -2.83458087e-04 -2.19571974e-04 -2.25322565e-04
 -1.69159307e-04 -2.07256016e-04 -2.17521015e-04 -1.81167589e-04
 -1.35846692e-04 -8.48315243e-05 -1.90433969e-04 -1.20393827e-04
 -7.56768113e-05 -1.07665822e-04 -1.37640142e-04 -5.46401750e-05
  7.93232295e-06 -6.87183405e-05 -7.61353818e-05 -2.13143687e-05
  2.85071544e-05 -6.12223724e-06  7.62134150e-06  1.23028303e-04
  9.59573387e-05  6.98431593e-05  9.92880102e-05  1.30010003e-04
  1.35119132e-04  1.05207244e-04  9.80814122e-05  1.51783547e-04
  1.38609421e-04  1.63713683e-04  1.84733444e-04  2.62948487e-04
  2.52763240e-04  1.69694833e-04  1.74972697e-04  3.01576201e-04
  3.16924280e-04  2.23381686e-04  3.22107936e-04  3.72786202e-04
  2.75950014e-04  2.62394761e-04  3.58329735e-04  4.08527483e-04
  2.67388114e-04  3.00279486e-04  3.19215389e-04  3.44609028e-04
  3.43026894e-04  3.85111408e-04  4.09783195e-04  3.50300429e-04
  3.86760123e-04  3.65282444e-04  4.86060707e-04  5.30992571e-04]
