Frame: 87
temp_s_est shape: (1024,)
temp_s_est dtype: float64
temp_s_est:
[-6.60901638e-02 -6.64113191e-02 -6.65250161e-02 -6.67868116e-02
 -6.69543995e-02 -6.70873321e-02 -6.73132125e-02 -6.73658749e-02
 -6.73067983e-02 -6.73050809e-02 -6.72997508e-02 -6.72095696e-02
 -6.72304150e-02 -6.71057842e-02 -6.70130613e-02 -6.67375926e-02
 -6.65932396e-02 -6.65251584e-02 -6.64094036e-02 -6.60657574e-02
 -6.57921827e-02 -6.54611609e-02 -6.49323406e-02 -6.45594714e-02
 -6.42080272e-02 -6.37345860e-02 -6.30374299e-02 -6.23634536e-02
 -6.19022014e-02 -6.13650839e-02 -6.07295088e-02 -6.02695181e-02
 -5.93812591e-02 -5.87070608e-02 -5.78650499e-02 -5.73626067e-02
 -5.63539788e-02 -5.57419702e-02 -5.46715149e-02 -5.37972136e-02
 -5.27211164e-02 -5.17788691e-02 -5.08303041e-02 -4.99888184e-02
 -4.89297415e-02 -4.77098504e-02 -4.66926057e-02 -4.56743083e-02
 -4.47553210e-02 -4.35143668e-02 -4.22441761e-02 -4.10250722e-02
 -3.96101004e-02 -3.84314442e-02 -3.72230189e-02 -3.58293092e-02
 -3.47342713e-02 -3.29559213e-02 -3.18650908e-02 -3.01874677e-02
 -2.91226087e-02 -2.75776405e-02 -2.63359763e-02 -2.46525085e-02
 -2.30544511e-02 -2.17641483e-02 -2.01820218e-02 -1.87576968e-02
 -1.70595350e-02 -1.58094326e-02 -1.40396586e-02 -1.25237643e-02
 -1.07664585e-02 -9.97303210e-03 -7.98076516e-03 -6.20129611e-03
 -4.55076299e-03 -2.82139327e-03 -1.04656087e-03 -4.75683980e-05
  2.31447873e-03  3.72485765e-03  5.98328362e-03  6.80645360e-03
  8.94331551e-03  1.02582766e-02  1.17869720e-02  1.33756102e-02
  1.54567098e-02  1.69290604e-02  1.85033389e-02  1.99738963e-02
  2.12654109e-02  2.35592097e-02  2.47938265e-02  2.67325773e-02
  2.77541111e-02  2.98381288e-02  3.06567055e-02  3.31045771e-02
  3.41216216e-02  3.60541004e-02  3.73530722e-02  3.92149326e-02
  4.04251543e-02  4.23858719e-02  4.36579133e-02  4.56813964e-02
  4.65255368e-02  4.77333468e-02  4.86417315e-02  5.07920529e-02
  5.16713201e-02  5.30519648e-02  5.40251371e-02  5.55162958e-02
  5.71602738e-02  5.75999235e-02  5.98185304e-02  6.04820762e-02
  6.29770700e-02  6.27225570e-02  6.43461337e-02  6.47843390e-02
  6.68574407e-02  6.68369485e-02  6.81539126e-02  6.89840621e-02
  6.96949592e-02  7.09798757e-02  7.26407840e-02  7.29101933e-02
  7.40873564e-02  7.48384022e-02  7.59283749e-02  7.61502199e-02
  7.67978137e-02  7.77916146e-02  7.75696815e-02  7.84480903e-02
  7.78148591e-02  7.90472964e-02  7.84266547e-02  8.05206287e-02
  7.98443123e-02  8.13163179e-02  8.09749572e-02  8.22279395e-02
  8.14340610e-02  8.27685836e-02  8.27368076e-02  8.28824797e-02
  8.23228375e-02  8.22494340e-02  8.18822441e-02  8.25208174e-02
  8.16835405e-02  8.19029194e-02  8.11428020e-02  8.14492828e-02
  8.19553647e-02  8.14299177e-02  8.13929957e-02  8.06640626e-02
  8.00951127e-02  7.93598520e-02  7.93870402e-02  7.82711298e-02
  7.88608931e-02  7.71883710e-02  7.71969339e-02  7.55240977e-02
  7.60562680e-02  7.50191121e-02  7.51719231e-02  7.37505719e-02
  7.35073911e-02  7.25088498e-02  7.21641485e-02  7.10192109e-02
  6.94259646e-02  6.86146486e-02  6.77492860e-02  6.65541970e-02
  6.48376960e-02  6.52074332e-02  6.37473445e-02  6.28390676e-02
  6.11137368e-02  6.07035914e-02  5.88200110e-02  5.86132642e-02
  5.64214214e-02  5.62488408e-02  5.35176644e-02  5.33643965e-02
  5.11847546e-02  5.02869849e-02  4.87467762e-02  4.79988370e-02
  4.63419633e-02  4.47847865e-02  4.32613729e-02  4.19108966e-02
  4.11066866e-02  3.92449413e-02  3.76591432e-02  3.57988910e-02
  3.45156859e-02  3.28738578e-02  3.11551170e-02  2.90426187e-02
  2.81681227e-02  2.58839247e-02  2.46337985e-02  2.27035905e-02
  2.23148674e-02  1.97186989e-02  1.86977550e-02  1.60878114e-02
  1.48337429e-02  1.31446770e-02  1.21703612e-02  1.02136157e-02
  8.64884106e-03  6.97348268e-03  5.05074367e-03  3.76197367e-03
  1.77677807e-03  5.07843964e-04 -1.38451613e-03 -3.12154890e-03
 -4.97906581e-03 -6.47506009e-03 -7.76150118e-03 -9.18969245e-03
 -1.16387453e-02 -1.25251353e-02 -1.44492643e-02 -1.56884210e-02
 -1.70173800e-02 -1.83340758e-02 -2.03349569e-02 -2.15138238e-02
 -2.33072131e-02 -2.45901872e-02 -2.60137604e-02 -2.73672068e-02
 -2.86615869e-02 -3.05656638e-02 -3.17964102e-02 -3.29804089e-02
 -3.39743848e-02 -3.53379199e-02 -3.64789121e-02 -3.80909341e-02
 -3.91378938e-02 -4.05582306e-02 -4.14248144e-02 -4.30364811e-02
 -4.39734117e-02 -4.54296307e-02 -4.62665512e-02 -4.76589848e-02
 -4.83472020e-02 -4.95620557e-02 -5.03610095e-02 -5.15624934e-02
 -5.21677827e-02 -5.33246542e-02 -5.38239867e-02 -5.46421299e-02
 -5.56181335e-02 -5.65138710e-02 -5.73771556e-02 -5.81501359e-02
 -5.89938205e-02 -5.94718976e-02 -6.01578049e-02 -6.06500507e-02
 -6.16508861e-02 -6.20386471e-02 -6.25982927e-02 -6.29064887e-02
 -6.34446846e-02 -6.39011027e-02 -6.43845573e-02 -6.47846165e-02
 -6.51117524e-02 -6.52902790e-02 -6.56122988e-02 -6.59897680e-02
 -6.62067145e-02 -6.63475342e-02 -6.64766484e-02 -6.65296873e-02
 -6.64351779e-02 -6.66626782e-02 -6.67951908e-02 -6.68765872e-02
 -6.66483139e-02 -6.65915036e-02 -6.64561971e-02 -6.65438713e-02
 -6.63361744e-02 -6.63278203e-02 -6.60078528e-02 -6.56684092e-02
 -6.54363014e-02 -6.51516011e-02 -6.48699239e-02 -6.46074632e-02
 -6.40855927e-02 -6.36587953e-02 -6.32203552e-02 -6.27819112e-02
 -6.24037281e-02 -6.18585661e-02 -6.14226592e-02 -6.07596878e-02
 -6.01346011e-02 -5.96632300e-02 -5.91087163e-02 -5.83502684e-02
 -5.77960077e-02 -5.69905284e-02 -5.62253031e-02 -5.55650493e-02
 -5.49114961e-02 -5.41781001e-02 -5.33571366e-02 -5.25267958e-02
 -5.17323196e-02 -5.08960616e-02 -5.01189183e-02 -4.92564152e-02
 -4.84432205e-02 -4.74773328e-02 -4.65304256e-02 -4.55939507e-02
 -4.47078455e-02 -4.37260747e-02 -4.27523389e-02 -4.17199608e-02
 -4.07098816e-02 -3.96964546e-02 -3.88003960e-02 -3.77230388e-02
 -3.67460418e-02 -3.57208775e-02 -3.46857576e-02 -3.35564842e-02
 -3.26089310e-02 -3.15708816e-02 -3.05749748e-02 -2.94119774e-02
 -2.82654204e-02 -2.72175469e-02 -2.61436300e-02 -2.50221883e-02
 -2.39323782e-02 -2.28343173e-02 -2.16706052e-02 -2.05581224e-02
 -1.95294395e-02 -1.84186398e-02 -1.73483767e-02 -1.62462161e-02
 -1.51433474e-02 -1.39825336e-02 -1.29660701e-02 -1.19446281e-02
 -1.08329760e-02 -9.78736684e-03 -8.63786474e-03 -7.55302734e-03
 -6.54087275e-03 -5.48715868e-03 -4.40499230e-03 -3.34212000e-03
 -2.32998387e-03 -1.23669292e-03 -2.41184024e-04  7.24786935e-04
  1.68323121e-03  2.74742244e-03  3.77234249e-03  4.77739927e-03
  5.69622424e-03  6.65064616e-03  7.59081312e-03  8.55252878e-03
  9.50214080e-03  1.03902313e-02  1.12740069e-02  1.21994539e-02
  1.30170803e-02  1.39255277e-02  1.47532005e-02  1.56327546e-02
  1.64068290e-02  1.72132071e-02  1.79667223e-02  1.87982615e-02
  1.95968807e-02  2.03649493e-02  2.10915250e-02  2.17547738e-02
  2.25437156e-02  2.31966804e-02  2.38805710e-02  2.45596572e-02
  2.51945583e-02  2.58101577e-02  2.64638162e-02  2.70451750e-02
  2.76439670e-02  2.82555454e-02  2.87636693e-02  2.92725128e-02
  2.97922550e-02  3.02949989e-02  3.08259373e-02  3.11938447e-02
  3.16910600e-02  3.21012066e-02  3.25154791e-02  3.29067383e-02
  3.33299334e-02  3.36796956e-02  3.40423797e-02  3.43587459e-02
  3.46746591e-02  3.50366283e-02  3.52995441e-02  3.55903654e-02
  3.58128333e-02  3.60494006e-02  3.62563598e-02  3.64564964e-02
  3.66400840e-02  3.68228846e-02  3.69562934e-02  3.71124480e-02
  3.72424336e-02  3.73570524e-02  3.73954446e-02  3.75254326e-02
  3.75477759e-02  3.75908918e-02  3.76159095e-02  3.76629796e-02
  3.76562824e-02  3.76697883e-02  3.76070550e-02  3.75768414e-02
  3.75572153e-02  3.74478267e-02  3.74240345e-02  3.72995169e-02
  3.72404673e-02  3.70763801e-02  3.69450598e-02  3.67926899e-02
  3.66775293e-02  3.64351567e-02  3.63103912e-02  3.60886820e-02
  3.58924191e-02  3.56841863e-02  3.54882338e-02  3.52229687e-02
  3.49995070e-02  3.47005310e-02  3.44895712e-02  3.41645203e-02
  3.38994171e-02  3.36005775e-02  3.32940224e-02  3.29424176e-02
  3.26404284e-02  3.23370368e-02  3.19721776e-02  3.17020900e-02
  3.12894605e-02  3.09830603e-02  3.05829699e-02  3.02668163e-02
  2.98549802e-02  2.95037219e-02  2.90621638e-02  2.86829253e-02
  2.82498161e-02  2.78372796e-02  2.74271053e-02  2.69896589e-02
  2.65582505e-02  2.61575539e-02  2.56969867e-02  2.53229988e-02
  2.48852142e-02  2.44187206e-02  2.40025980e-02  2.35405214e-02
  2.31021548e-02  2.26385613e-02  2.22026746e-02  2.17113159e-02
  2.12960228e-02  2.07557420e-02  2.03573224e-02  1.98238737e-02
  1.94284173e-02  1.89285651e-02  1.85006148e-02  1.79994573e-02
  1.75693164e-02  1.70690157e-02  1.66301775e-02  1.61294618e-02
  1.56524201e-02  1.51695039e-02  1.47087670e-02  1.42262927e-02
  1.37477762e-02  1.33208417e-02  1.28223776e-02  1.23776722e-02
  1.18965042e-02  1.14816119e-02  1.10166386e-02  1.05670319e-02
  1.00744351e-02  9.69226184e-03  9.14260331e-03  8.74932987e-03
  8.25475375e-03  7.84624005e-03  7.36449343e-03  6.94863103e-03
  6.47984184e-03  6.07843080e-03  5.63033533e-03  5.22403324e-03
  4.82200734e-03  4.34916920e-03  3.96311465e-03  3.51084724e-03
  3.13899694e-03  2.69683661e-03  2.28420584e-03  1.85831157e-03
  1.49973556e-03  1.05653762e-03  7.08517455e-04  3.16203331e-04
 -2.60293950e-05 -4.49807006e-04 -7.82703148e-04 -1.18527033e-03
 -1.48421324e-03 -1.89025099e-03 -2.22941052e-03 -2.60811928e-03
 -2.97122482e-03 -3.31225201e-03 -3.65628111e-03 -3.98515418e-03
 -4.34630914e-03 -4.63454103e-03 -4.99892343e-03 -5.26564247e-03
 -5.61605047e-03 -5.87923440e-03 -6.21254731e-03 -6.48501694e-03
 -6.83446206e-03 -7.06756061e-03 -7.39745272e-03 -7.63489749e-03
 -7.97560314e-03 -8.21915466e-03 -8.50244015e-03 -8.75766972e-03
 -9.03622401e-03 -9.25840940e-03 -9.53426770e-03 -9.76621482e-03
 -1.00094667e-02 -1.02786268e-02 -1.04975638e-02 -1.07284973e-02
 -1.09344524e-02 -1.12028288e-02 -1.14026086e-02 -1.16481692e-02
 -1.18045843e-02 -1.20760860e-02 -1.22300094e-02 -1.24762386e-02
 -1.26369550e-02 -1.28788756e-02 -1.30368807e-02 -1.32253454e-02
 -1.33918808e-02 -1.35764017e-02 -1.37703804e-02 -1.39218800e-02
 -1.40961068e-02 -1.42402768e-02 -1.43989366e-02 -1.45579942e-02
 -1.47406326e-02 -1.48581798e-02 -1.50350022e-02 -1.51461898e-02
 -1.53320893e-02 -1.54298368e-02 -1.56015466e-02 -1.57049652e-02
 -1.58877622e-02 -1.59187271e-02 -1.60826155e-02 -1.61664659e-02
 -1.63218376e-02 -1.64144084e-02 -1.65086277e-02 -1.66166021e-02
 -1.67173609e-02 -1.68232829e-02 -1.69192698e-02 -1.70354632e-02
 -1.70995793e-02 -1.72026071e-02 -1.72482219e-02 -1.73594568e-02
 -1.74153187e-02 -1.75108826e-02 -1.75409591e-02 -1.76535118e-02
 -1.76598564e-02 -1.77791493e-02 -1.78197665e-02 -1.79134078e-02
 -1.79347887e-02 -1.80219546e-02 -1.80449830e-02 -1.81088466e-02
 -1.81426238e-02 -1.82031083e-02 -1.82375051e-02 -1.82466158e-02
 -1.82885076e-02 -1.83034187e-02 -1.83667408e-02 -1.83758497e-02
 -1.84447060e-02 -1.84231168e-02 -1.84952515e-02 -1.84642878e-02
 -1.85286208e-02 -1.85220577e-02 -1.85531090e-02 -1.85345383e-02
 -1.85549129e-02 -1.85321609e-02 -1.85433716e-02 -1.85473917e-02
 -1.85472775e-02 -1.85431088e-02 -1.85283143e-02 -1.85248691e-02
 -1.85474069e-02 -1.85407421e-02 -1.85195809e-02 -1.85168431e-02
 -1.84459496e-02 -1.84586936e-02 -1.83910058e-02 -1.84261334e-02
 -1.83363426e-02 -1.83500641e-02 -1.82459606e-02 -1.82621614e-02
 -1.81844593e-02 -1.81892022e-02 -1.81300452e-02 -1.80957228e-02
 -1.80384020e-02 -1.79963231e-02 -1.79472385e-02 -1.78872033e-02
 -1.78199829e-02 -1.77433133e-02 -1.76907107e-02 -1.75862515e-02
 -1.75327097e-02 -1.74672108e-02 -1.74114516e-02 -1.72896358e-02
 -1.72498421e-02 -1.71244697e-02 -1.70871233e-02 -1.69566445e-02
 -1.69097570e-02 -1.67870418e-02 -1.67038521e-02 -1.65566383e-02
 -1.64871647e-02 -1.63589346e-02 -1.62638688e-02 -1.61455139e-02
 -1.60154096e-02 -1.58993086e-02 -1.57553328e-02 -1.56556682e-02
 -1.55132169e-02 -1.54019513e-02 -1.52111659e-02 -1.51259613e-02
 -1.49412749e-02 -1.48262474e-02 -1.46402431e-02 -1.45176318e-02
 -1.43485117e-02 -1.41873560e-02 -1.39861123e-02 -1.38677084e-02
 -1.36823599e-02 -1.35098639e-02 -1.32998493e-02 -1.31196291e-02
 -1.29160032e-02 -1.27442908e-02 -1.25442413e-02 -1.23499432e-02
 -1.21535952e-02 -1.19145850e-02 -1.17471773e-02 -1.14718915e-02
 -1.13211875e-02 -1.10378334e-02 -1.08633186e-02 -1.05495813e-02
 -1.03636299e-02 -1.00776266e-02 -9.87639018e-03 -9.59152422e-03
 -9.33194845e-03 -9.07557247e-03 -8.82777057e-03 -8.54136487e-03
 -8.29860865e-03 -8.02320489e-03 -7.73537958e-03 -7.45181211e-03
 -7.14609473e-03 -6.85570814e-03 -6.55081047e-03 -6.26232806e-03
 -5.92939711e-03 -5.62104772e-03 -5.27230665e-03 -5.01780119e-03
 -4.64279158e-03 -4.35831336e-03 -3.98768393e-03 -3.69111185e-03
 -3.31139813e-03 -2.98846438e-03 -2.59380054e-03 -2.27786451e-03
 -1.89868977e-03 -1.51625833e-03 -1.14634172e-03 -7.61624953e-04
 -4.12995719e-04 -2.45435370e-05  3.27984671e-04  7.42881161e-04
  1.09209991e-03  1.53313155e-03  1.87029263e-03  2.30125304e-03
  2.70017197e-03  3.14840031e-03  3.54010849e-03  4.01220344e-03
  4.40049396e-03  4.85725475e-03  5.23588725e-03  5.72194192e-03
  6.13591159e-03  6.58290290e-03  6.96206360e-03  7.43955484e-03
  7.86468438e-03  8.31447296e-03  8.78628499e-03  9.20819861e-03
  9.73372817e-03  1.01325251e-02  1.06454322e-02  1.10892746e-02
  1.16007890e-02  1.20083660e-02  1.25317326e-02  1.29261084e-02
  1.34284825e-02  1.38669040e-02  1.43670195e-02  1.48268088e-02
  1.52977464e-02  1.57569368e-02  1.62931285e-02  1.67374318e-02
  1.72510600e-02  1.77261324e-02  1.82212368e-02  1.86878173e-02
  1.91565453e-02  1.96504458e-02  2.01033133e-02  2.05991565e-02
  2.10046575e-02  2.15115677e-02  2.19260742e-02  2.24446256e-02
  2.28675239e-02  2.33740359e-02  2.38022216e-02  2.43061648e-02
  2.47050826e-02  2.51996462e-02  2.56316474e-02  2.60647876e-02
  2.65250193e-02  2.69383952e-02  2.73435701e-02  2.77874299e-02
  2.82088585e-02  2.86170310e-02  2.90293195e-02  2.94131791e-02
  2.98521930e-02  3.02215966e-02  3.06247636e-02  3.10028316e-02
  3.13878637e-02  3.17000976e-02  3.21044653e-02  3.23717504e-02
  3.27933389e-02  3.30620272e-02  3.34266995e-02  3.36875054e-02
  3.40349004e-02  3.42970167e-02  3.46247722e-02  3.48960575e-02
  3.51571633e-02  3.54377202e-02  3.56674550e-02  3.59094208e-02
  3.61287033e-02  3.63655175e-02  3.65544270e-02  3.67345936e-02
  3.68923781e-02  3.71187150e-02  3.72748483e-02  3.74048168e-02
  3.75444908e-02  3.76954559e-02  3.77480865e-02  3.79090972e-02
  3.79395962e-02  3.80610858e-02  3.80476792e-02  3.80965465e-02
  3.81108447e-02  3.81162559e-02  3.80896770e-02  3.81041551e-02
  3.80594337e-02  3.79954266e-02  3.79781117e-02  3.78552573e-02
  3.78271898e-02  3.76957879e-02  3.75501986e-02  3.74261922e-02
  3.72944351e-02  3.71031300e-02  3.69189746e-02  3.66927029e-02
  3.64962869e-02  3.62059223e-02  3.59546056e-02  3.56801695e-02
  3.54329680e-02  3.50662194e-02  3.47632411e-02  3.43879548e-02
  3.40474993e-02  3.36347349e-02  3.32491860e-02  3.28275321e-02
  3.24233276e-02  3.19827637e-02  3.14837246e-02  3.10685799e-02
  3.05285560e-02  3.00605042e-02  2.95051739e-02  2.89465461e-02
  2.83845602e-02  2.78054577e-02  2.72119656e-02  2.66058934e-02
  2.59077504e-02  2.52631413e-02  2.46287647e-02  2.39114693e-02
  2.32160300e-02  2.25476334e-02  2.17596676e-02  2.10538898e-02
  2.02486371e-02  1.95226114e-02  1.86829988e-02  1.79343578e-02
  1.70807662e-02  1.62066502e-02  1.53674797e-02  1.45378501e-02
  1.36867310e-02  1.27310937e-02  1.19023732e-02  1.09478710e-02
  1.00368841e-02  9.11236104e-03  8.18743965e-03  7.20959288e-03
  6.25594921e-03  5.21546161e-03  4.21948871e-03  3.26815328e-03
  2.23661616e-03  1.21947420e-03  1.54624255e-04 -9.29085088e-04
 -1.94539004e-03 -3.01345410e-03 -4.04057595e-03 -5.14417645e-03
 -6.22761555e-03 -7.31648336e-03 -8.35599749e-03 -9.47225286e-03
 -1.05854007e-02 -1.15767762e-02 -1.27645110e-02 -1.38236277e-02
 -1.50041260e-02 -1.60108911e-02 -1.71510772e-02 -1.82637723e-02
 -1.94370159e-02 -2.05471835e-02 -2.16683881e-02 -2.27699276e-02
 -2.39117725e-02 -2.49612244e-02 -2.60825977e-02 -2.72693759e-02
 -2.83688874e-02 -2.93923860e-02 -3.05053628e-02 -3.15847144e-02
 -3.26756921e-02 -3.37635109e-02 -3.48423637e-02 -3.58366488e-02
 -3.68824481e-02 -3.79189498e-02 -3.89368043e-02 -4.00314309e-02
 -4.09599469e-02 -4.20145890e-02 -4.29738654e-02 -4.38965135e-02
 -4.48728927e-02 -4.59134660e-02 -4.68124986e-02 -4.77362306e-02
 -4.86992779e-02 -4.94958966e-02 -5.04016998e-02 -5.13213335e-02
 -5.22279204e-02 -5.28905198e-02 -5.37367255e-02 -5.45168269e-02
 -5.53025133e-02 -5.60629630e-02 -5.68418665e-02 -5.75118112e-02
 -5.82143414e-02 -5.88093594e-02 -5.94521301e-02 -6.01132424e-02
 -6.08317329e-02 -6.12703249e-02 -6.18711035e-02 -6.23840943e-02
 -6.27897524e-02 -6.33854047e-02 -6.38709356e-02 -6.42679635e-02
 -6.46327131e-02 -6.49594541e-02 -6.53224390e-02 -6.57686291e-02]
