Frame: 132
temp_s_est shape: (1024,)
temp_s_est dtype: float64
temp_s_est:
[-1.31728203e-02 -1.30463720e-02 -1.30304704e-02 -1.29383368e-02
 -1.29464666e-02 -1.28118933e-02 -1.26342438e-02 -1.26355479e-02
 -1.24584734e-02 -1.24758460e-02 -1.23169108e-02 -1.21122061e-02
 -1.19746567e-02 -1.19928779e-02 -1.19272748e-02 -1.16407194e-02
 -1.15108440e-02 -1.13242020e-02 -1.12097690e-02 -1.12039185e-02
 -1.09298680e-02 -1.06468503e-02 -1.04329042e-02 -1.04578017e-02
 -1.01138607e-02 -9.82767456e-03 -9.76935874e-03 -9.55068742e-03
 -9.34487969e-03 -9.08995316e-03 -8.87607142e-03 -8.68159077e-03
 -8.54143857e-03 -8.49024465e-03 -8.00590155e-03 -7.70064885e-03
 -7.49264510e-03 -7.22849608e-03 -6.95454841e-03 -6.65020303e-03
 -6.48399286e-03 -5.99497712e-03 -5.89145423e-03 -5.74004518e-03
 -5.25113128e-03 -5.06315280e-03 -4.78773108e-03 -4.60391851e-03
 -4.22209801e-03 -3.98200085e-03 -3.51881234e-03 -3.24303830e-03
 -3.22128123e-03 -2.86793042e-03 -2.37916956e-03 -1.94594019e-03
 -1.67821233e-03 -1.49630906e-03 -1.20327770e-03 -1.08240163e-03
 -3.61787713e-04 -7.65774988e-05 -8.87011062e-05  1.26218289e-04
  5.10540204e-04  1.00084802e-03  1.25047538e-03  1.85068905e-03
  2.29730159e-03  2.31438224e-03  2.93919403e-03  3.02876952e-03
  3.05523766e-03  3.48810819e-03  4.20753371e-03  4.19061725e-03
  4.15268910e-03  4.65521237e-03  4.90618082e-03  5.14751626e-03
  5.91051281e-03  6.23954658e-03  6.69497434e-03  6.50857647e-03
  6.77102993e-03  6.92930689e-03  7.39590152e-03  8.06985469e-03
  8.25820963e-03  8.33617284e-03  8.19654677e-03  8.67182383e-03
  9.05244358e-03  9.56815418e-03  9.81595468e-03  9.59356576e-03
  1.04658608e-02  1.07027515e-02  1.07091452e-02  1.08760845e-02
  1.10236602e-02  1.13928663e-02  1.15838317e-02  1.20027779e-02
  1.15635118e-02  1.13982524e-02  1.26361296e-02  1.29623807e-02
  1.28861283e-02  1.27338117e-02  1.32910888e-02  1.31277936e-02
  1.34997910e-02  1.43895060e-02  1.40575502e-02  1.36186756e-02
  1.37958335e-02  1.42992554e-02  1.40541217e-02  1.37150462e-02
  1.49008667e-02  1.49484223e-02  1.49315259e-02  1.51063577e-02
  1.50577511e-02  1.49110846e-02  1.53756671e-02  1.60078771e-02
  1.54472267e-02  1.51394809e-02  1.51529031e-02  1.50938687e-02
  1.55353972e-02  1.49669825e-02  1.58654374e-02  1.57889577e-02
  1.51326051e-02  1.53535558e-02  1.54708424e-02  1.55440069e-02
  1.56915990e-02  1.59121091e-02  1.60807758e-02  1.53708507e-02
  1.49977212e-02  1.49942350e-02  1.58448898e-02  1.51198770e-02
  1.53760832e-02  1.53645116e-02  1.41611563e-02  1.44195512e-02
  1.46284652e-02  1.46537408e-02  1.45604550e-02  1.46810147e-02
  1.48533932e-02  1.39496898e-02  1.38237065e-02  1.37402107e-02
  1.40171418e-02  1.34550894e-02  1.36272571e-02  1.35888730e-02
  1.22821524e-02  1.27418423e-02  1.29881832e-02  1.25442682e-02
  1.27477874e-02  1.20155104e-02  1.19632823e-02  1.11006030e-02
  1.11585440e-02  1.14394930e-02  1.14460411e-02  1.06824967e-02
  9.98315684e-03  1.02639061e-02  1.01847247e-02  1.03567334e-02
  9.53853296e-03  8.78110769e-03  9.41375048e-03  8.64464606e-03
  8.87850381e-03  8.23468248e-03  7.55499322e-03  7.59420447e-03
  7.80221933e-03  7.22086477e-03  6.16268347e-03  6.01928816e-03
  5.96611043e-03  5.99448356e-03  5.94141845e-03  5.14637109e-03
  5.38162342e-03  4.30413853e-03  5.08693242e-03  4.88712450e-03
  3.67161747e-03  3.17201606e-03  3.13872151e-03  2.76461841e-03
  2.21803755e-03  2.18057323e-03  1.70915989e-03  1.29747156e-03
  1.39732744e-03  9.46286342e-04  1.12787921e-03  1.75303398e-04
  1.39822362e-04 -6.50374512e-06 -5.38204829e-04 -6.64973884e-04
 -1.03778137e-03 -1.44423658e-03 -1.74111598e-03 -2.06366160e-03
 -2.41620922e-03 -2.94861890e-03 -2.94922831e-03 -3.43782383e-03
 -3.37404745e-03 -3.92292666e-03 -4.26313684e-03 -4.33423656e-03
 -4.75040715e-03 -4.96580420e-03 -5.22591053e-03 -5.32529051e-03
 -5.66961227e-03 -6.30694380e-03 -6.23826843e-03 -6.53448461e-03
 -6.64645968e-03 -7.04837836e-03 -7.08941917e-03 -7.60716874e-03
 -8.01846377e-03 -7.97661794e-03 -8.19374256e-03 -8.53047819e-03
 -8.90510774e-03 -8.99962660e-03 -9.19646193e-03 -9.50437819e-03
 -9.31956541e-03 -9.63404630e-03 -9.75370084e-03 -9.99247000e-03
 -1.02030003e-02 -1.05713187e-02 -1.06238745e-02 -1.07031757e-02
 -1.09750596e-02 -1.11502240e-02 -1.13480727e-02 -1.13500637e-02
 -1.13470958e-02 -1.17589597e-02 -1.19126252e-02 -1.20133215e-02
 -1.19063129e-02 -1.19659629e-02 -1.21813208e-02 -1.23864322e-02
 -1.23756739e-02 -1.23435485e-02 -1.23296319e-02 -1.25546317e-02
 -1.28712160e-02 -1.28865347e-02 -1.26314712e-02 -1.27413440e-02
 -1.29414703e-02 -1.30211439e-02 -1.30014229e-02 -1.29655960e-02
 -1.29242075e-02 -1.30645379e-02 -1.31380565e-02 -1.30133279e-02
 -1.27972283e-02 -1.28975329e-02 -1.29781611e-02 -1.29817637e-02
 -1.29125780e-02 -1.28616601e-02 -1.27491019e-02 -1.27228644e-02
 -1.27968699e-02 -1.27380724e-02 -1.26799429e-02 -1.26003152e-02
 -1.24701081e-02 -1.23672654e-02 -1.23278486e-02 -1.23044743e-02
 -1.21333694e-02 -1.20399693e-02 -1.19648265e-02 -1.18067123e-02
 -1.16796430e-02 -1.16700070e-02 -1.15000198e-02 -1.13375215e-02
 -1.12472567e-02 -1.11523082e-02 -1.09127751e-02 -1.07859598e-02
 -1.06951462e-02 -1.05549257e-02 -1.04168491e-02 -1.02775169e-02
 -1.00464938e-02 -9.85518819e-03 -9.74934717e-03 -9.66312507e-03
 -9.47392826e-03 -9.22754289e-03 -8.96110056e-03 -8.77908250e-03
 -8.62923606e-03 -8.52294842e-03 -8.34946465e-03 -8.09205733e-03
 -7.89014359e-03 -7.75160517e-03 -7.55695752e-03 -7.42329523e-03
 -7.14755390e-03 -6.89811990e-03 -6.71375805e-03 -6.52128793e-03
 -6.20291619e-03 -6.03639868e-03 -5.89192160e-03 -5.64957339e-03
 -5.47566434e-03 -5.26165119e-03 -5.00581769e-03 -4.81427386e-03
 -4.62765880e-03 -4.43692567e-03 -4.18501358e-03 -3.90579121e-03
 -3.70732893e-03 -3.50637120e-03 -3.21192650e-03 -3.06234153e-03
 -2.85984710e-03 -2.60034862e-03 -2.40702625e-03 -2.20815575e-03
 -1.94080388e-03 -1.77342893e-03 -1.57079172e-03 -1.35884023e-03
 -1.10977313e-03 -8.75406808e-04 -7.18762529e-04 -5.24573337e-04
 -2.22735612e-04 -1.60516656e-05  1.31872306e-04  3.37165264e-04
  5.48969751e-04  7.30564160e-04  9.82766860e-04  1.12424606e-03
  1.30230835e-03  1.49161272e-03  1.73566649e-03  1.95436300e-03
  2.11748825e-03  2.31453130e-03  2.52259638e-03  2.70603811e-03
  2.81331643e-03  2.98295564e-03  3.15778058e-03  3.32376172e-03
  3.53970503e-03  3.68603581e-03  3.82835129e-03  3.97584725e-03
  4.19838325e-03  4.34875676e-03  4.45867646e-03  4.62866645e-03
  4.76960332e-03  4.89584483e-03  5.04159416e-03  5.19016129e-03
  5.31773920e-03  5.46632841e-03  5.59358346e-03  5.65680136e-03
  5.78600171e-03  5.88170873e-03  6.05991454e-03  6.16179925e-03
  6.27597374e-03  6.37945367e-03  6.44089667e-03  6.52356828e-03
  6.65882273e-03  6.76797488e-03  6.84687445e-03  6.92208200e-03
  6.97309403e-03  7.03653084e-03  7.13455759e-03  7.19285197e-03
  7.27207415e-03  7.32424197e-03  7.37551820e-03  7.41281887e-03
  7.46949682e-03  7.51366884e-03  7.57985889e-03  7.61290229e-03
  7.69344793e-03  7.71466017e-03  7.70852305e-03  7.74494136e-03
  7.78498156e-03  7.79846220e-03  7.84806905e-03  7.83763223e-03
  7.79563697e-03  7.82507247e-03  7.85339115e-03  7.84356885e-03
  7.85920664e-03  7.84339847e-03  7.86034695e-03  7.81941486e-03
  7.80611499e-03  7.80714554e-03  7.75295584e-03  7.72711696e-03
  7.75801520e-03  7.70509474e-03  7.65696773e-03  7.64892774e-03
  7.60773701e-03  7.57228660e-03  7.55704006e-03  7.49356278e-03
  7.44373399e-03  7.37866065e-03  7.33863727e-03  7.29939382e-03
  7.22846884e-03  7.16114312e-03  7.12049502e-03  7.02611510e-03
  6.98568467e-03  6.95129366e-03  6.84777540e-03  6.78437492e-03
  6.73763063e-03  6.65969046e-03  6.60670197e-03  6.51411988e-03
  6.40746707e-03  6.35538224e-03  6.27533594e-03  6.16176142e-03
  6.08192860e-03  5.95962161e-03  5.90487148e-03  5.83537886e-03
  5.75635742e-03  5.67952811e-03  5.56965313e-03  5.48380753e-03
  5.41784005e-03  5.30177127e-03  5.18677668e-03  5.11877671e-03
  5.00433688e-03  4.88605478e-03  4.81559052e-03  4.69468733e-03
  4.59623265e-03  4.49543497e-03  4.41575420e-03  4.31842132e-03
  4.19802611e-03  4.10594703e-03  4.01757139e-03  3.90061374e-03
  3.81160933e-03  3.73751427e-03  3.60148132e-03  3.48107685e-03
  3.40342516e-03  3.28745593e-03  3.19484507e-03  3.07491680e-03
  2.97076244e-03  2.88899710e-03  2.78709765e-03  2.68660144e-03
  2.58649453e-03  2.46764774e-03  2.38291322e-03  2.29612521e-03
  2.17879928e-03  2.06965149e-03  1.97180074e-03  1.88245411e-03
  1.79654056e-03  1.67285682e-03  1.57279614e-03  1.50405828e-03
  1.40588264e-03  1.31623735e-03  1.22628190e-03  1.11129132e-03
  1.01088072e-03  9.41082657e-04  8.59068279e-04  7.48629073e-04
  6.49239170e-04  5.72536902e-04  4.89268854e-04  3.89742427e-04
  3.12601533e-04  2.41221680e-04  1.46708059e-04  7.63274146e-05
 -3.07494588e-06 -1.03823619e-04 -1.77255863e-04 -2.50502427e-04
 -3.19999580e-04 -4.14079507e-04 -4.92502721e-04 -5.66423228e-04
 -6.48806238e-04 -7.24913314e-04 -7.84271193e-04 -8.42154635e-04
 -9.16745471e-04 -9.80437235e-04 -1.06382850e-03 -1.11154923e-03
 -1.15954662e-03 -1.24175764e-03 -1.31230677e-03 -1.37861722e-03
 -1.43696403e-03 -1.49386675e-03 -1.54924189e-03 -1.62140466e-03
 -1.68499879e-03 -1.73046598e-03 -1.77171062e-03 -1.83029044e-03
 -1.90621635e-03 -1.92563958e-03 -1.96083291e-03 -2.02769380e-03
 -2.07359051e-03 -2.12920107e-03 -2.18014846e-03 -2.21499449e-03
 -2.25083241e-03 -2.30823963e-03 -2.35903965e-03 -2.39434509e-03
 -2.43009714e-03 -2.47246425e-03 -2.51585270e-03 -2.53385402e-03
 -2.57815003e-03 -2.62681780e-03 -2.64199387e-03 -2.67349699e-03
 -2.71250538e-03 -2.75184866e-03 -2.78315634e-03 -2.80318044e-03
 -2.83501360e-03 -2.86914422e-03 -2.90114717e-03 -2.92749126e-03
 -2.94981949e-03 -2.97403631e-03 -2.99532720e-03 -3.03195821e-03
 -3.04163272e-03 -3.06784323e-03 -3.08885916e-03 -3.11571187e-03
 -3.15126637e-03 -3.14652316e-03 -3.17354512e-03 -3.18972113e-03
 -3.20847495e-03 -3.23040100e-03 -3.24082949e-03 -3.25909998e-03
 -3.27193990e-03 -3.30141958e-03 -3.30436620e-03 -3.32956184e-03
 -3.33741831e-03 -3.35512372e-03 -3.37318804e-03 -3.35834600e-03
 -3.39048237e-03 -3.40812820e-03 -3.42450771e-03 -3.43079561e-03
 -3.41973486e-03 -3.44212955e-03 -3.44862262e-03 -3.46111039e-03
 -3.46021492e-03 -3.48621572e-03 -3.48836463e-03 -3.49594008e-03
 -3.51051169e-03 -3.50493932e-03 -3.52222265e-03 -3.53285076e-03
 -3.53715174e-03 -3.54505569e-03 -3.53145948e-03 -3.54963111e-03
 -3.55741534e-03 -3.56061724e-03 -3.55931050e-03 -3.57078419e-03
 -3.57204233e-03 -3.58405430e-03 -3.59303126e-03 -3.57724137e-03
 -3.58681867e-03 -3.59527201e-03 -3.59644578e-03 -3.60595649e-03
 -3.58517177e-03 -3.60484178e-03 -3.61721584e-03 -3.61388422e-03
 -3.61281091e-03 -3.61196866e-03 -3.61759747e-03 -3.61391762e-03
 -3.61213018e-03 -3.60308032e-03 -3.61070450e-03 -3.61544548e-03
 -3.61108336e-03 -3.62378300e-03 -3.60204550e-03 -3.61682751e-03
 -3.61470894e-03 -3.60630437e-03 -3.60565199e-03 -3.60644872e-03
 -3.61202241e-03 -3.59941334e-03 -3.59529034e-03 -3.58354709e-03
 -3.59080873e-03 -3.59027475e-03 -3.58251134e-03 -3.58063090e-03
 -3.55382599e-03 -3.56856459e-03 -3.55747789e-03 -3.54890027e-03
 -3.54621049e-03 -3.53314627e-03 -3.53560562e-03 -3.52130899e-03
 -3.51038176e-03 -3.49237015e-03 -3.49684702e-03 -3.48560584e-03
 -3.47062024e-03 -3.46457477e-03 -3.44632377e-03 -3.44339247e-03
 -3.41783512e-03 -3.40663023e-03 -3.40264105e-03 -3.37395643e-03
 -3.36607231e-03 -3.34367804e-03 -3.32557190e-03 -3.31615656e-03
 -3.30434547e-03 -3.28175265e-03 -3.25853905e-03 -3.24816124e-03
 -3.21346204e-03 -3.19709946e-03 -3.16680751e-03 -3.14872496e-03
 -3.13109843e-03 -3.08816765e-03 -3.06928352e-03 -3.03421408e-03
 -3.00494665e-03 -2.99363482e-03 -2.95962686e-03 -2.93883803e-03
 -2.90817218e-03 -2.87482101e-03 -2.83466689e-03 -2.80387605e-03
 -2.75879301e-03 -2.71771730e-03 -2.70578004e-03 -2.64789095e-03
 -2.60618949e-03 -2.55733024e-03 -2.52144748e-03 -2.49655148e-03
 -2.43931205e-03 -2.41203936e-03 -2.36130037e-03 -2.30914003e-03
 -2.26253258e-03 -2.21689799e-03 -2.15621503e-03 -2.10842207e-03
 -2.07268448e-03 -1.98559573e-03 -1.93693560e-03 -1.88682229e-03
 -1.82852673e-03 -1.78329895e-03 -1.70841992e-03 -1.66620959e-03
 -1.59888379e-03 -1.54397676e-03 -1.48811280e-03 -1.40643614e-03
 -1.33622607e-03 -1.27153183e-03 -1.20791360e-03 -1.12225209e-03
 -1.06043981e-03 -9.79801140e-04 -9.01987384e-04 -8.60802808e-04
 -7.63337634e-04 -6.72710943e-04 -6.00705777e-04 -5.45930095e-04
 -4.66885108e-04 -3.63478767e-04 -2.84742543e-04 -2.01284706e-04
 -1.11959831e-04 -2.94410930e-05  5.32747865e-05  1.56047090e-04
  2.40213877e-04  2.99673733e-04  4.21899545e-04  5.14900570e-04
  5.89465971e-04  6.78134504e-04  7.72207131e-04  8.81477388e-04
  9.61150332e-04  1.06944468e-03  1.18058742e-03  1.26763012e-03
  1.38282429e-03  1.48741956e-03  1.58501778e-03  1.67947115e-03
  1.79634497e-03  1.88702708e-03  1.98085514e-03  2.07497306e-03
  2.17364178e-03  2.30222976e-03  2.39157713e-03  2.49474750e-03
  2.62689712e-03  2.73927906e-03  2.84529146e-03  2.92974414e-03
  3.05825868e-03  3.16088142e-03  3.27288627e-03  3.37409190e-03
  3.48337114e-03  3.57470745e-03  3.68035559e-03  3.82728408e-03
  3.90064497e-03  3.99021221e-03  4.13162441e-03  4.23947521e-03
  4.34370276e-03  4.45776660e-03  4.58035065e-03  4.67254626e-03
  4.77224118e-03  4.89010777e-03  5.00227369e-03  5.07590179e-03
  5.18050635e-03  5.29724503e-03  5.36788195e-03  5.47413305e-03
  5.57992773e-03  5.67074007e-03  5.78548507e-03  5.89816151e-03
  6.00611879e-03  6.07512506e-03  6.14899656e-03  6.24165675e-03
  6.35291648e-03  6.45324294e-03  6.52849950e-03  6.59767457e-03
  6.67242006e-03  6.76295889e-03  6.84705143e-03  6.94438774e-03
  7.02193424e-03  7.07391919e-03  7.17327961e-03  7.25534598e-03
  7.27979004e-03  7.33737217e-03  7.43686294e-03  7.50684529e-03
  7.54301481e-03  7.59475982e-03  7.64339322e-03  7.68309796e-03
  7.75319775e-03  7.84574713e-03  7.87846265e-03  7.86186223e-03
  7.94916904e-03  7.99143085e-03  7.98950503e-03  8.06313907e-03
  8.09090351e-03  8.08860719e-03  8.09389989e-03  8.12230968e-03
  8.13069816e-03  8.13976916e-03  8.17085963e-03  8.19603589e-03
  8.18133815e-03  8.16250094e-03  8.20514536e-03  8.16991035e-03
  8.15518679e-03  8.18243943e-03  8.14812079e-03  8.09748589e-03
  8.06584729e-03  8.02436406e-03  8.01500489e-03  8.00756906e-03
  7.95861771e-03  7.89091543e-03  7.84214485e-03  7.80451390e-03
  7.78478369e-03  7.72209708e-03  7.66376932e-03  7.60691563e-03
  7.52782461e-03  7.45059008e-03  7.34832777e-03  7.25221836e-03
  7.22732506e-03  7.14369608e-03  7.02583117e-03  6.94664364e-03
  6.81590229e-03  6.70990074e-03  6.66146346e-03  6.55498639e-03
  6.42538122e-03  6.31182951e-03  6.19897969e-03  6.06587726e-03
  5.93005349e-03  5.80475297e-03  5.73181296e-03  5.55711528e-03
  5.41235287e-03  5.29041474e-03  5.08016490e-03  4.93772070e-03
  4.84372545e-03  4.66368433e-03  4.49558442e-03  4.37826148e-03
  4.18541616e-03  3.97879551e-03  3.83796548e-03  3.69365424e-03
  3.52834245e-03  3.29867602e-03  3.12886917e-03  2.94693330e-03
  2.74732038e-03  2.57833580e-03  2.40608145e-03  2.18466546e-03
  2.00020051e-03  1.82218098e-03  1.57880799e-03  1.37608268e-03
  1.17973811e-03  9.85479729e-04  8.25343859e-04  5.69424884e-04
  3.28982849e-04  8.44107900e-05 -1.05433099e-04 -2.97627173e-04
 -4.69309355e-04 -7.23757166e-04 -9.78744649e-04 -1.19485000e-03
 -1.38231221e-03 -1.59801928e-03 -1.85443560e-03 -2.06304576e-03
 -2.26128228e-03 -2.56820598e-03 -2.77461205e-03 -2.99052915e-03
 -3.23795829e-03 -3.43129501e-03 -3.61323517e-03 -3.85921481e-03
 -4.13708136e-03 -4.33152500e-03 -4.51688576e-03 -4.75182693e-03
 -4.96409244e-03 -5.17978790e-03 -5.46293031e-03 -5.77157321e-03
 -5.91124256e-03 -6.12626665e-03 -6.37868810e-03 -6.55085770e-03
 -6.77269569e-03 -7.04704512e-03 -7.19846160e-03 -7.37379293e-03
 -7.57977211e-03 -7.79311768e-03 -7.97572542e-03 -8.22941091e-03
 -8.42263604e-03 -8.65776174e-03 -8.86093904e-03 -9.00864378e-03
 -9.17292617e-03 -9.35219281e-03 -9.59229915e-03 -9.75120354e-03
 -9.91118706e-03 -1.01070947e-02 -1.02050456e-02 -1.03824876e-02
 -1.05758365e-02 -1.08038310e-02 -1.09143919e-02 -1.10738520e-02
 -1.12401087e-02 -1.13352436e-02 -1.15033090e-02 -1.17085872e-02
 -1.17291155e-02 -1.17246885e-02 -1.19388072e-02 -1.21313163e-02
 -1.21572479e-02 -1.23348283e-02 -1.24662757e-02 -1.24970488e-02
 -1.26440235e-02 -1.27422345e-02 -1.27426202e-02 -1.27917541e-02
 -1.29378537e-02 -1.30856101e-02 -1.30441074e-02 -1.30313932e-02
 -1.31091490e-02 -1.31753320e-02 -1.31605817e-02 -1.32797572e-02
 -1.32906180e-02 -1.32498404e-02 -1.34219722e-02 -1.34033240e-02
 -1.32525272e-02 -1.33322399e-02 -1.32988379e-02 -1.33166070e-02
 -1.32482979e-02 -1.31840021e-02 -1.31032019e-02 -1.31783606e-02]
