Frame: 117
temp_s_est shape: (1024,)
temp_s_est dtype: float64
temp_s_est:
[-4.46274824e-02 -4.43458973e-02 -4.45166464e-02 -4.43979026e-02
 -4.42860142e-02 -4.40881038e-02 -4.41630630e-02 -4.40310118e-02
 -4.37551992e-02 -4.36004434e-02 -4.35576820e-02 -4.32998451e-02
 -4.30303434e-02 -4.27176783e-02 -4.25561468e-02 -4.20392413e-02
 -4.17946629e-02 -4.13311228e-02 -4.11266654e-02 -4.08349009e-02
 -4.03706155e-02 -3.99659934e-02 -3.94909556e-02 -3.87668073e-02
 -3.85111314e-02 -3.78208294e-02 -3.74012887e-02 -3.71135153e-02
 -3.63733431e-02 -3.58987299e-02 -3.52433967e-02 -3.42452258e-02
 -3.37912990e-02 -3.29272885e-02 -3.23308160e-02 -3.17566448e-02
 -3.09738412e-02 -3.01408192e-02 -2.96143192e-02 -2.87798443e-02
 -2.78688112e-02 -2.69887822e-02 -2.60654063e-02 -2.54168114e-02
 -2.43786324e-02 -2.35992989e-02 -2.30404764e-02 -2.19179343e-02
 -2.10918082e-02 -2.01638932e-02 -1.88342678e-02 -1.80549077e-02
 -1.67704247e-02 -1.60868662e-02 -1.57261572e-02 -1.45250870e-02
 -1.35491705e-02 -1.25632800e-02 -1.12062577e-02 -1.00476134e-02
 -9.04779444e-03 -7.97804087e-03 -6.91532642e-03 -6.25273834e-03
 -5.01910552e-03 -3.98853665e-03 -2.63325527e-03 -1.60423807e-03
 -2.09480632e-04  6.35777900e-04  1.83084261e-03  2.94343440e-03
  3.97325979e-03  4.65495463e-03  6.01313960e-03  7.05874804e-03
  8.24429918e-03  9.83048259e-03  1.11133060e-02  1.16377256e-02
  1.29085098e-02  1.38497761e-02  1.42669165e-02  1.55205404e-02
  1.74165130e-02  1.78487950e-02  1.97406293e-02  2.08116427e-02
  2.13008356e-02  2.20382302e-02  2.29812631e-02  2.37184526e-02
  2.53230167e-02  2.60110623e-02  2.77671529e-02  2.89016132e-02
  2.98595245e-02  3.07428582e-02  3.07430375e-02  3.21041026e-02
  3.34314353e-02  3.25486608e-02  3.49791776e-02  3.59200034e-02
  3.64637819e-02  3.80135950e-02  3.89966664e-02  3.89800614e-02
  3.98520171e-02  3.98567591e-02  4.09751621e-02  4.22946002e-02
  4.26398630e-02  4.38562451e-02  4.53168178e-02  4.51081491e-02
  4.59341527e-02  4.53020702e-02  4.63303911e-02  4.71132601e-02
  4.75022438e-02  4.89911422e-02  4.96346223e-02  4.92868311e-02
  5.06287407e-02  4.99410468e-02  5.10694529e-02  5.08277901e-02
  5.13729016e-02  5.19221219e-02  5.26067396e-02  5.28323249e-02
  5.27526815e-02  5.30594834e-02  5.27984945e-02  5.28660848e-02
  5.28455044e-02  5.26851924e-02  5.34082740e-02  5.43304742e-02
  5.42093521e-02  5.40988357e-02  5.45412410e-02  5.33091342e-02
  5.30248592e-02  5.25930661e-02  5.29717675e-02  5.37358415e-02
  5.33652242e-02  5.35631628e-02  5.41443041e-02  5.23687151e-02
  5.24416209e-02  5.19564103e-02  5.11689747e-02  5.20991018e-02
  5.10879436e-02  5.10461738e-02  5.18670382e-02  5.03414057e-02
  5.01088720e-02  4.97426775e-02  4.81435553e-02  4.85262140e-02
  4.72692559e-02  4.68046441e-02  4.70024490e-02  4.59162423e-02
  4.59361352e-02  4.53707518e-02  4.36114907e-02  4.34425499e-02
  4.22813186e-02  4.16763565e-02  4.14663911e-02  4.10273331e-02
  4.00565420e-02  3.91881190e-02  3.82467434e-02  3.71294682e-02
  3.59707291e-02  3.49465217e-02  3.51262235e-02  3.40942471e-02
  3.32270231e-02  3.28203361e-02  3.11439575e-02  3.00213286e-02
  2.91733166e-02  2.81916807e-02  2.71516597e-02  2.68760530e-02
  2.47545108e-02  2.49100176e-02  2.39691595e-02  2.26832823e-02
  2.05053242e-02  2.08470298e-02  1.87395188e-02  1.77299434e-02
  1.70850016e-02  1.62828715e-02  1.55665671e-02  1.46251434e-02
  1.33731967e-02  1.22498936e-02  1.07047776e-02  9.38233409e-03
  8.40830710e-03  7.69204513e-03  6.93356037e-03  5.85323571e-03
  4.34790346e-03  3.96288608e-03  1.79449116e-03  1.07808701e-03
  6.49451793e-05 -8.17098582e-04 -2.40048946e-03 -2.40340367e-03
 -4.47905533e-03 -5.04281286e-03 -6.19109762e-03 -7.54968769e-03
 -8.35427362e-03 -9.53045764e-03 -1.08055085e-02 -1.11712167e-02
 -1.26950752e-02 -1.31801173e-02 -1.43816552e-02 -1.53336034e-02
 -1.59552762e-02 -1.73704325e-02 -1.83695421e-02 -1.88863225e-02
 -2.01330516e-02 -2.00978170e-02 -2.13700277e-02 -2.24949355e-02
 -2.32509533e-02 -2.40521303e-02 -2.53295751e-02 -2.59211656e-02
 -2.63689107e-02 -2.73035301e-02 -2.80078743e-02 -2.86378317e-02
 -2.97212092e-02 -3.01332612e-02 -3.13694455e-02 -3.17290223e-02
 -3.24347221e-02 -3.26072197e-02 -3.39077306e-02 -3.42776071e-02
 -3.46840714e-02 -3.53369595e-02 -3.60096224e-02 -3.64342147e-02
 -3.71022933e-02 -3.75745403e-02 -3.81006690e-02 -3.82719516e-02
 -3.87190006e-02 -3.90898481e-02 -3.92296412e-02 -4.00238639e-02
 -4.02008952e-02 -4.06507018e-02 -4.11287657e-02 -4.10611738e-02
 -4.14388163e-02 -4.16059712e-02 -4.18579636e-02 -4.22186694e-02
 -4.24018403e-02 -4.25134333e-02 -4.27599169e-02 -4.26443180e-02
 -4.27796769e-02 -4.29554073e-02 -4.29307325e-02 -4.31737593e-02
 -4.30305116e-02 -4.30694066e-02 -4.30483505e-02 -4.30866271e-02
 -4.27985482e-02 -4.29813348e-02 -4.28230034e-02 -4.26875095e-02
 -4.24051498e-02 -4.23657790e-02 -4.22981794e-02 -4.19781008e-02
 -4.16751196e-02 -4.17978777e-02 -4.13146673e-02 -4.11163760e-02
 -4.07353996e-02 -4.05464825e-02 -4.03231799e-02 -4.01105216e-02
 -3.95801892e-02 -3.93848334e-02 -3.89169031e-02 -3.85198884e-02
 -3.80024272e-02 -3.79207828e-02 -3.72827733e-02 -3.68753793e-02
 -3.64857712e-02 -3.59528516e-02 -3.54124071e-02 -3.49538925e-02
 -3.44013350e-02 -3.39742573e-02 -3.33698117e-02 -3.29952574e-02
 -3.21598514e-02 -3.17679657e-02 -3.11154288e-02 -3.05798044e-02
 -2.99904570e-02 -2.95086021e-02 -2.86215270e-02 -2.81955605e-02
 -2.75080610e-02 -2.68959678e-02 -2.62563927e-02 -2.57740072e-02
 -2.48920330e-02 -2.44063101e-02 -2.37035740e-02 -2.29513668e-02
 -2.23605788e-02 -2.17799610e-02 -2.09909834e-02 -2.03858282e-02
 -1.95719804e-02 -1.90338883e-02 -1.80832116e-02 -1.75498343e-02
 -1.68008709e-02 -1.61446752e-02 -1.54283288e-02 -1.47387174e-02
 -1.38894355e-02 -1.33505598e-02 -1.25313477e-02 -1.18008369e-02
 -1.11850691e-02 -1.05189270e-02 -9.63403954e-03 -9.04031715e-03
 -8.36222669e-03 -7.61424962e-03 -6.91486969e-03 -6.26194654e-03
 -5.47867174e-03 -4.88973510e-03 -4.10627127e-03 -3.54553589e-03
 -2.81538572e-03 -2.20051704e-03 -1.49842068e-03 -8.17934578e-04
 -1.67167957e-04  5.58120400e-04  1.25264462e-03  1.77976118e-03
  2.40710695e-03  3.05759361e-03  3.67554298e-03  4.26743346e-03
  4.96698510e-03  5.50893787e-03  6.14493701e-03  6.72843893e-03
  7.23802601e-03  7.84060014e-03  8.45851947e-03  8.89093359e-03
  9.51319469e-03  1.00558503e-02  1.05599322e-02  1.11114041e-02
  1.15781255e-02  1.21217828e-02  1.26243097e-02  1.30267996e-02
  1.34985827e-02  1.39853041e-02  1.44296487e-02  1.49340755e-02
  1.53154811e-02  1.57815668e-02  1.62360162e-02  1.65221431e-02
  1.69173185e-02  1.73682839e-02  1.76730406e-02  1.81146115e-02
  1.84896746e-02  1.87886087e-02  1.91683118e-02  1.94459543e-02
  1.96977163e-02  2.00682356e-02  2.02865036e-02  2.05854265e-02
  2.08663964e-02  2.11009314e-02  2.13961063e-02  2.15963206e-02
  2.17761311e-02  2.20709503e-02  2.21750816e-02  2.23812613e-02
  2.25835690e-02  2.27335647e-02  2.29004264e-02  2.31113292e-02
  2.31829949e-02  2.33559414e-02  2.34213953e-02  2.34990783e-02
  2.36078220e-02  2.37406501e-02  2.37854814e-02  2.39289241e-02
  2.39515151e-02  2.40210195e-02  2.40476795e-02  2.40055689e-02
  2.40602414e-02  2.41017902e-02  2.40440965e-02  2.41124176e-02
  2.40814800e-02  2.40464336e-02  2.40183895e-02  2.39441266e-02
  2.38715344e-02  2.38525297e-02  2.37359131e-02  2.36724237e-02
  2.36251254e-02  2.35400412e-02  2.34332164e-02  2.33680319e-02
  2.31589584e-02  2.31211990e-02  2.28955728e-02  2.27573721e-02
  2.26780996e-02  2.24867314e-02  2.23655704e-02  2.22616482e-02
  2.19919608e-02  2.18767676e-02  2.16699350e-02  2.14210187e-02
  2.12893969e-02  2.10715902e-02  2.08746054e-02  2.06972456e-02
  2.04432524e-02  2.02409241e-02  2.00058661e-02  1.97338670e-02
  1.95213944e-02  1.93099393e-02  1.90058537e-02  1.88338393e-02
  1.85536761e-02  1.83031190e-02  1.80813242e-02  1.77561222e-02
  1.75153586e-02  1.72787584e-02  1.69276312e-02  1.67324821e-02
  1.64752669e-02  1.61560826e-02  1.59164251e-02  1.56120376e-02
  1.53085513e-02  1.50335158e-02  1.46891930e-02  1.44312097e-02
  1.41904208e-02  1.38733880e-02  1.35977282e-02  1.33142307e-02
  1.29714808e-02  1.26873092e-02  1.23484189e-02  1.20382449e-02
  1.17911132e-02  1.14286390e-02  1.11714437e-02  1.08881498e-02
  1.05482969e-02  1.02803784e-02  9.94377192e-03  9.62273540e-03
  9.36032842e-03  9.03403267e-03  8.73729774e-03  8.45701186e-03
  8.18304340e-03  7.86656759e-03  7.57079304e-03  7.27247965e-03
  6.95155175e-03  6.66375902e-03  6.36587874e-03  6.08839355e-03
  5.84861908e-03  5.50297933e-03  5.26626428e-03  4.95825795e-03
  4.66019079e-03  4.39086641e-03  4.09235811e-03  3.82617273e-03
  3.59967423e-03  3.24859312e-03  3.03957309e-03  2.77324806e-03
  2.45103468e-03  2.21623752e-03  1.93453809e-03  1.67335415e-03
  1.45811210e-03  1.15946379e-03  9.54613856e-04  7.26768124e-04
  4.33695414e-04  2.09806641e-04 -2.94109068e-05 -3.26149121e-04
 -4.99542890e-04 -7.91051808e-04 -9.78751115e-04 -1.18151349e-03
 -1.42887530e-03 -1.65080119e-03 -1.86300670e-03 -2.12424797e-03
 -2.28837963e-03 -2.54359527e-03 -2.73139053e-03 -2.91367351e-03
 -3.12040074e-03 -3.29840512e-03 -3.51311175e-03 -3.71522738e-03
 -3.89088369e-03 -4.10204280e-03 -4.29077747e-03 -4.45177752e-03
 -4.60539774e-03 -4.81879517e-03 -4.93710402e-03 -5.12069101e-03
 -5.28509232e-03 -5.45481717e-03 -5.62705098e-03 -5.78361433e-03
 -5.90259520e-03 -6.08425619e-03 -6.20224734e-03 -6.33950765e-03
 -6.49869932e-03 -6.65385219e-03 -6.77720480e-03 -6.93711157e-03
 -7.05927012e-03 -7.19012228e-03 -7.29375014e-03 -7.40981536e-03
 -7.54332093e-03 -7.66036624e-03 -7.76295938e-03 -7.90825591e-03
 -7.99898494e-03 -8.11586847e-03 -8.24595359e-03 -8.30024222e-03
 -8.42935247e-03 -8.52525119e-03 -8.57941811e-03 -8.72218871e-03
 -8.80362378e-03 -8.88321903e-03 -8.99997548e-03 -9.05006442e-03
 -9.13004598e-03 -9.21936435e-03 -9.27231837e-03 -9.35903384e-03
 -9.43320069e-03 -9.52882017e-03 -9.60907233e-03 -9.64779978e-03
 -9.72184182e-03 -9.80292947e-03 -9.82858864e-03 -9.89786922e-03
 -9.98144055e-03 -1.00044576e-02 -1.00973445e-02 -1.01302637e-02
 -1.01769173e-02 -1.02560909e-02 -1.02854091e-02 -1.03098376e-02
 -1.03850202e-02 -1.04109401e-02 -1.04597470e-02 -1.05103534e-02
 -1.05683124e-02 -1.05940681e-02 -1.06450082e-02 -1.06629711e-02
 -1.06936167e-02 -1.07212261e-02 -1.07439016e-02 -1.07920418e-02
 -1.08295228e-02 -1.08578930e-02 -1.09122493e-02 -1.09108979e-02
 -1.09394329e-02 -1.09593583e-02 -1.09750045e-02 -1.10087743e-02
 -1.10331895e-02 -1.10253864e-02 -1.10911309e-02 -1.10794438e-02
 -1.11049375e-02 -1.11325312e-02 -1.11225418e-02 -1.11295802e-02
 -1.11586769e-02 -1.11452304e-02 -1.11711827e-02 -1.11824829e-02
 -1.11922969e-02 -1.12214472e-02 -1.12198003e-02 -1.12013221e-02
 -1.12307118e-02 -1.12034405e-02 -1.12132631e-02 -1.12289539e-02
 -1.12303398e-02 -1.12394269e-02 -1.12262734e-02 -1.12058840e-02
 -1.12380944e-02 -1.12034529e-02 -1.11971942e-02 -1.12146489e-02
 -1.12058255e-02 -1.11945817e-02 -1.11886319e-02 -1.11735704e-02
 -1.11615018e-02 -1.11503325e-02 -1.11141215e-02 -1.11151410e-02
 -1.10934999e-02 -1.10518958e-02 -1.10648695e-02 -1.10457351e-02
 -1.10194530e-02 -1.10119750e-02 -1.09607754e-02 -1.09318516e-02
 -1.09098833e-02 -1.08625513e-02 -1.08487361e-02 -1.08364688e-02
 -1.07858604e-02 -1.07730132e-02 -1.07234382e-02 -1.06668749e-02
 -1.06339944e-02 -1.05762399e-02 -1.05459091e-02 -1.05164900e-02
 -1.04517397e-02 -1.04409177e-02 -1.03640972e-02 -1.03150583e-02
 -1.02882560e-02 -1.02059182e-02 -1.01205831e-02 -1.01050231e-02
 -1.00064115e-02 -9.95404375e-03 -9.90983685e-03 -9.82594775e-03
 -9.77718316e-03 -9.69982498e-03 -9.59178283e-03 -9.54210769e-03
 -9.44786271e-03 -9.37160644e-03 -9.28820145e-03 -9.23037344e-03
 -9.13773450e-03 -9.03515789e-03 -8.93118774e-03 -8.83901558e-03
 -8.72350340e-03 -8.62204165e-03 -8.52717015e-03 -8.43884571e-03
 -8.30674224e-03 -8.22077780e-03 -8.08857125e-03 -7.96205589e-03
 -7.86594474e-03 -7.71287159e-03 -7.57760662e-03 -7.48568961e-03
 -7.31975071e-03 -7.21241832e-03 -7.08437129e-03 -6.91050684e-03
 -6.78690791e-03 -6.63414537e-03 -6.44330282e-03 -6.33251148e-03
 -6.15354303e-03 -6.00852099e-03 -5.87262525e-03 -5.69617309e-03
 -5.55941523e-03 -5.35318461e-03 -5.14458760e-03 -5.01903747e-03
 -4.80328910e-03 -4.61606361e-03 -4.47387331e-03 -4.24380665e-03
 -4.07942816e-03 -3.88339710e-03 -3.62853199e-03 -3.48157602e-03
 -3.24832658e-03 -3.00718597e-03 -2.84928471e-03 -2.62281942e-03
 -2.40764833e-03 -2.17942425e-03 -1.95632211e-03 -1.72854754e-03
 -1.47518740e-03 -1.21905414e-03 -9.93764492e-04 -7.50856761e-04
 -5.20945190e-04 -2.89478205e-04 -4.46338674e-05  2.25469568e-04
  4.67408733e-04  7.60190846e-04  1.01498856e-03  1.27380985e-03
  1.54270928e-03  1.79326932e-03  2.04847415e-03  2.34907213e-03
  2.60176723e-03  2.90344503e-03  3.21128018e-03  3.48498576e-03
  3.76283927e-03  4.06685297e-03  4.32492979e-03  4.62941535e-03
  4.90059092e-03  5.19059108e-03  5.53089086e-03  5.81860989e-03
  6.10010346e-03  6.48052288e-03  6.69927575e-03  7.03435109e-03
  7.33765213e-03  7.62171212e-03  7.96950807e-03  8.27483620e-03
  8.57496919e-03  8.95215191e-03  9.19419697e-03  9.52168576e-03
  9.84817765e-03  1.01146116e-02  1.04680894e-02  1.07854944e-02
  1.10993809e-02  1.14770484e-02  1.17531867e-02  1.20624598e-02
  1.24072192e-02  1.26805879e-02  1.29860952e-02  1.33439821e-02
  1.35965197e-02  1.39877559e-02  1.42862461e-02  1.45714688e-02
  1.49178737e-02  1.51922213e-02  1.54532528e-02  1.57810478e-02
  1.60375863e-02  1.63943405e-02  1.66937842e-02  1.69710410e-02
  1.73070962e-02  1.75853506e-02  1.78256198e-02  1.81143633e-02
  1.83608253e-02  1.86368116e-02  1.89459473e-02  1.91832936e-02
  1.94889195e-02  1.97797981e-02  1.99539922e-02  2.02527495e-02
  2.05125699e-02  2.06928769e-02  2.09705115e-02  2.11982453e-02
  2.14252912e-02  2.16927076e-02  2.18787025e-02  2.21023555e-02
  2.23047843e-02  2.24583030e-02  2.26628558e-02  2.28507447e-02
  2.30351381e-02  2.32363600e-02  2.34001389e-02  2.35730514e-02
  2.37415805e-02  2.38210765e-02  2.39359671e-02  2.41155386e-02
  2.42109144e-02  2.43239347e-02  2.45109266e-02  2.45459142e-02
  2.46863092e-02  2.47475368e-02  2.47469242e-02  2.48617059e-02
  2.48935439e-02  2.49080495e-02  2.50272071e-02  2.49990860e-02
  2.50860041e-02  2.50952847e-02  2.50322488e-02  2.50703503e-02
  2.50145678e-02  2.49164531e-02  2.49345210e-02  2.48673522e-02
  2.48107064e-02  2.48063144e-02  2.46617062e-02  2.45861771e-02
  2.45188814e-02  2.42756469e-02  2.42218061e-02  2.40573026e-02
  2.39351831e-02  2.38282003e-02  2.36274328e-02  2.34565190e-02
  2.33063671e-02  2.29937474e-02  2.28355596e-02  2.26071708e-02
  2.23385771e-02  2.21260376e-02  2.18863278e-02  2.15993052e-02
  2.13449074e-02  2.10267199e-02  2.06988240e-02  2.04054689e-02
  2.00573342e-02  1.96761413e-02  1.93982099e-02  1.89749386e-02
  1.86744724e-02  1.82676678e-02  1.78295143e-02  1.74543672e-02
  1.69884295e-02  1.65001924e-02  1.61385423e-02  1.56391226e-02
  1.52448510e-02  1.47680974e-02  1.42606943e-02  1.38017142e-02
  1.32876674e-02  1.26960198e-02  1.22229862e-02  1.16980116e-02
  1.11493905e-02  1.06057127e-02  1.00513444e-02  9.46465106e-03
  8.92017549e-03  8.26743070e-03  7.67450493e-03  7.11604349e-03
  6.45433655e-03  5.83514417e-03  5.23867697e-03  4.57906919e-03
  3.97651488e-03  3.25502254e-03  2.62500731e-03  1.95651999e-03
  1.22099445e-03  5.66033890e-04 -1.03993183e-04 -8.22683646e-04
 -1.44584177e-03 -2.17155888e-03 -2.95170889e-03 -3.59766840e-03
 -4.31355611e-03 -5.14877917e-03 -5.75199940e-03 -6.48243541e-03
 -7.26465724e-03 -7.92248797e-03 -8.71194192e-03 -9.44149662e-03
 -1.01978348e-02 -1.09530568e-02 -1.16442776e-02 -1.24350872e-02
 -1.31676828e-02 -1.39163555e-02 -1.47257947e-02 -1.53145533e-02
 -1.61332391e-02 -1.69120631e-02 -1.75509701e-02 -1.83080509e-02
 -1.91670525e-02 -1.97868778e-02 -2.05137006e-02 -2.13357679e-02
 -2.19570422e-02 -2.26724444e-02 -2.34398911e-02 -2.40974022e-02
 -2.48285131e-02 -2.55137575e-02 -2.61445779e-02 -2.67916109e-02
 -2.75555172e-02 -2.81465933e-02 -2.88072511e-02 -2.94658331e-02
 -3.01654303e-02 -3.06396537e-02 -3.13786328e-02 -3.19933693e-02
 -3.25722072e-02 -3.31878771e-02 -3.38763977e-02 -3.43006946e-02
 -3.48746700e-02 -3.54732724e-02 -3.59105379e-02 -3.64520658e-02
 -3.70918056e-02 -3.73989692e-02 -3.79846960e-02 -3.85038231e-02
 -3.88650084e-02 -3.92534451e-02 -3.98189090e-02 -4.00580314e-02
 -4.05925577e-02 -4.08857983e-02 -4.12162224e-02 -4.14995002e-02
 -4.19189586e-02 -4.22610513e-02 -4.24127122e-02 -4.27276660e-02
 -4.30218318e-02 -4.29469221e-02 -4.34005362e-02 -4.36701109e-02
 -4.37960014e-02 -4.38679906e-02 -4.41951314e-02 -4.41621090e-02
 -4.43030991e-02 -4.42581300e-02 -4.42960767e-02 -4.44865594e-02]
