Frame: 67
temp_s_est shape: (1024,)
temp_s_est dtype: float64
temp_s_est:
[ 4.15056365e-02  4.18146241e-02  4.20977042e-02  4.25710255e-02
  4.28005897e-02  4.29836362e-02  4.34342416e-02  4.36962550e-02
  4.39554836e-02  4.41516441e-02  4.44901576e-02  4.46101521e-02
  4.48177525e-02  4.50088093e-02  4.49879263e-02  4.52397509e-02
  4.52410827e-02  4.54409514e-02  4.55070547e-02  4.53444813e-02
  4.53953699e-02  4.55631208e-02  4.53476429e-02  4.53802194e-02
  4.53386402e-02  4.52787806e-02  4.51036553e-02  4.51067407e-02
  4.49919941e-02  4.47613696e-02  4.46154258e-02  4.44473930e-02
  4.41035939e-02  4.36405092e-02  4.35974429e-02  4.30963268e-02
  4.29112616e-02  4.28568834e-02  4.23721592e-02  4.18062822e-02
  4.16554166e-02  4.10470467e-02  4.07101299e-02  4.02613219e-02
  3.96209789e-02  3.91393336e-02  3.86252880e-02  3.79239146e-02
  3.75013239e-02  3.71605899e-02  3.60670069e-02  3.59826131e-02
  3.50938210e-02  3.43629577e-02  3.37740470e-02  3.30307156e-02
  3.23206645e-02  3.17035058e-02  3.09716789e-02  3.03081768e-02
  2.92608324e-02  2.84307076e-02  2.80452312e-02  2.67390879e-02
  2.59566365e-02  2.50716828e-02  2.41012725e-02  2.31124477e-02
  2.25311537e-02  2.13297180e-02  2.08718849e-02  1.97108047e-02
  1.84605478e-02  1.80756450e-02  1.67973283e-02  1.54316295e-02
  1.48283976e-02  1.36419390e-02  1.23519584e-02  1.20310780e-02
  1.04856442e-02  9.17413762e-03  8.31248508e-03  7.52640344e-03
  6.15263878e-03  5.23254427e-03  3.99217574e-03  3.25038045e-03
  1.91770523e-03  8.65540759e-04  9.56588268e-05 -1.60852084e-03
 -2.48454502e-03 -3.63967475e-03 -5.07262650e-03 -6.23752820e-03
 -7.12696759e-03 -8.59102951e-03 -8.87137605e-03 -1.05694465e-02
 -1.12291039e-02 -1.25892126e-02 -1.37268403e-02 -1.48021019e-02
 -1.56968723e-02 -1.71237566e-02 -1.85334997e-02 -1.88261297e-02
 -2.06470074e-02 -2.15563393e-02 -2.23062822e-02 -2.37130833e-02
 -2.51154698e-02 -2.53672400e-02 -2.67966760e-02 -2.77346692e-02
 -2.89678273e-02 -2.95359139e-02 -3.09668833e-02 -3.17024537e-02
 -3.21550010e-02 -3.37127267e-02 -3.46447164e-02 -3.58157241e-02
 -3.63353840e-02 -3.77174080e-02 -3.80912063e-02 -3.95302267e-02
 -3.97537389e-02 -4.10969505e-02 -4.17551701e-02 -4.24813466e-02
 -4.27771939e-02 -4.43252218e-02 -4.44238892e-02 -4.48485855e-02
 -4.65135782e-02 -4.67317588e-02 -4.74516829e-02 -4.74626845e-02
 -4.90854594e-02 -4.86252236e-02 -5.04662219e-02 -5.08504888e-02
 -5.13949794e-02 -5.16843069e-02 -5.21578545e-02 -5.26168571e-02
 -5.29212285e-02 -5.29196230e-02 -5.32568272e-02 -5.38238440e-02
 -5.40071419e-02 -5.47684006e-02 -5.49122900e-02 -5.57977200e-02
 -5.51553695e-02 -5.63478957e-02 -5.61796981e-02 -5.58666477e-02
 -5.55815351e-02 -5.64955056e-02 -5.58885168e-02 -5.63172007e-02
 -5.70204235e-02 -5.60968425e-02 -5.61642229e-02 -5.64290420e-02
 -5.64972682e-02 -5.55265475e-02 -5.65783434e-02 -5.58104938e-02
 -5.61078168e-02 -5.54745905e-02 -5.58041644e-02 -5.52319058e-02
 -5.50326922e-02 -5.45525078e-02 -5.45169682e-02 -5.37468409e-02
 -5.27619656e-02 -5.29139142e-02 -5.19423769e-02 -5.20329485e-02
 -5.11696351e-02 -5.13632135e-02 -5.04636948e-02 -4.98195620e-02
 -4.95726443e-02 -4.96904264e-02 -4.78077036e-02 -4.80493180e-02
 -4.73848022e-02 -4.59989525e-02 -4.56603244e-02 -4.51132167e-02
 -4.39644561e-02 -4.28611182e-02 -4.29590024e-02 -4.11667318e-02
 -4.12273291e-02 -3.94569630e-02 -3.93172096e-02 -3.83697351e-02
 -3.79048201e-02 -3.66440688e-02 -3.59459961e-02 -3.46812080e-02
 -3.37010594e-02 -3.29880374e-02 -3.14024705e-02 -3.07081303e-02
 -2.91463212e-02 -2.90619624e-02 -2.75021577e-02 -2.66129503e-02
 -2.57425546e-02 -2.49132165e-02 -2.30622502e-02 -2.28947575e-02
 -2.16955986e-02 -1.97392028e-02 -1.94302450e-02 -1.80790399e-02
 -1.68170039e-02 -1.61428220e-02 -1.47410562e-02 -1.31117437e-02
 -1.23817496e-02 -1.06759142e-02 -1.01041363e-02 -8.59352218e-03
 -7.77961758e-03 -6.63518681e-03 -5.89611807e-03 -4.43090691e-03
 -3.17117451e-03 -2.42149459e-03 -8.16285407e-04  1.75937231e-04
  1.38616273e-03  2.44617711e-03  3.97242431e-03  4.86756449e-03
  5.89719858e-03  6.95414406e-03  8.56200789e-03  8.79953764e-03
  1.06304257e-02  1.16051683e-02  1.22050999e-02  1.36364277e-02
  1.45321076e-02  1.54785875e-02  1.64498859e-02  1.77554857e-02
  1.84756919e-02  1.98971837e-02  2.07354177e-02  2.18058299e-02
  2.27794620e-02  2.37006911e-02  2.44713265e-02  2.58557969e-02
  2.62986080e-02  2.70219322e-02  2.79689393e-02  2.88284617e-02
  2.97308489e-02  3.05626480e-02  3.16958528e-02  3.20371225e-02
  3.31404996e-02  3.38152440e-02  3.45811112e-02  3.50738736e-02
  3.60174914e-02  3.66453279e-02  3.71618663e-02  3.79524770e-02
  3.85447996e-02  3.89272907e-02  3.97103413e-02  4.02576371e-02
  4.05610330e-02  4.12673605e-02  4.14842424e-02  4.21981087e-02
  4.26858135e-02  4.31459590e-02  4.35217754e-02  4.40575094e-02
  4.42312297e-02  4.45640846e-02  4.49796068e-02  4.50217034e-02
  4.53328377e-02  4.56960370e-02  4.58917462e-02  4.59502280e-02
  4.63483953e-02  4.64161344e-02  4.65621510e-02  4.66602333e-02
  4.69571655e-02  4.68769397e-02  4.68767420e-02  4.70197008e-02
  4.69875634e-02  4.69012075e-02  4.70300159e-02  4.68158557e-02
  4.66524407e-02  4.67101609e-02  4.63441728e-02  4.63714631e-02
  4.62224294e-02  4.59227676e-02  4.59001961e-02  4.57114413e-02
  4.52973699e-02  4.52357722e-02  4.48905676e-02  4.44659299e-02
  4.42578129e-02  4.39196724e-02  4.35070585e-02  4.31276956e-02
  4.27743960e-02  4.23350771e-02  4.19969121e-02  4.14887580e-02
  4.11118825e-02  4.05887026e-02  4.00677289e-02  3.96955653e-02
  3.90614234e-02  3.85294698e-02  3.81088552e-02  3.74244910e-02
  3.69388613e-02  3.63612828e-02  3.56129835e-02  3.51465416e-02
  3.44385695e-02  3.37697962e-02  3.32896343e-02  3.25278042e-02
  3.17946412e-02  3.13688186e-02  3.05804056e-02  2.98542311e-02
  2.92696956e-02  2.84500936e-02  2.77341738e-02  2.70651280e-02
  2.61918972e-02  2.55256207e-02  2.48028462e-02  2.40032498e-02
  2.33701357e-02  2.24788541e-02  2.17834242e-02  2.10344016e-02
  2.02285409e-02  1.94580699e-02  1.87267684e-02  1.79368734e-02
  1.71480985e-02  1.63801884e-02  1.55126519e-02  1.48553706e-02
  1.39916727e-02  1.31447360e-02  1.24415998e-02  1.15885517e-02
  1.07894715e-02  1.01355535e-02  9.21521864e-03  8.52623062e-03
  7.78124593e-03  6.93344084e-03  6.23737521e-03  5.39734542e-03
  4.60674536e-03  3.85970355e-03  3.09576207e-03  2.29219399e-03
  1.63042204e-03  8.50835675e-04  8.45831438e-05 -5.62785028e-04
 -1.30798345e-03 -2.05839565e-03 -2.72221772e-03 -3.46648152e-03
 -4.13681011e-03 -4.84612683e-03 -5.53782806e-03 -6.16551855e-03
 -6.89648969e-03 -7.52546957e-03 -8.16403849e-03 -8.84437746e-03
 -9.51909618e-03 -1.00759259e-02 -1.07501788e-02 -1.13153045e-02
 -1.19142600e-02 -1.24939969e-02 -1.30574357e-02 -1.36018115e-02
 -1.41557564e-02 -1.46853529e-02 -1.52387792e-02 -1.57877665e-02
 -1.62074139e-02 -1.67898962e-02 -1.72708458e-02 -1.77424408e-02
 -1.82001370e-02 -1.86793381e-02 -1.90759992e-02 -1.95174814e-02
 -1.99497412e-02 -2.03264086e-02 -2.07472910e-02 -2.10937701e-02
 -2.14727089e-02 -2.18294929e-02 -2.21597301e-02 -2.25038185e-02
 -2.28788363e-02 -2.31271229e-02 -2.34634487e-02 -2.37540917e-02
 -2.40072769e-02 -2.42437575e-02 -2.44918355e-02 -2.47358326e-02
 -2.49272212e-02 -2.51363263e-02 -2.53385126e-02 -2.55401660e-02
 -2.56994906e-02 -2.59000476e-02 -2.60662802e-02 -2.61733769e-02
 -2.62920660e-02 -2.64500805e-02 -2.64848363e-02 -2.66327128e-02
 -2.67045141e-02 -2.67563365e-02 -2.68518993e-02 -2.68603667e-02
 -2.69388668e-02 -2.69284629e-02 -2.69106663e-02 -2.69458657e-02
 -2.69559811e-02 -2.68839699e-02 -2.68903068e-02 -2.68536019e-02
 -2.68070131e-02 -2.67575970e-02 -2.67161268e-02 -2.66195007e-02
 -2.65214354e-02 -2.64439139e-02 -2.63170784e-02 -2.62233574e-02
 -2.60551635e-02 -2.59776377e-02 -2.58309390e-02 -2.56528294e-02
 -2.55382511e-02 -2.53583449e-02 -2.51811943e-02 -2.50127260e-02
 -2.48279300e-02 -2.46558833e-02 -2.44389708e-02 -2.41979535e-02
 -2.40324539e-02 -2.37985029e-02 -2.35412447e-02 -2.33388993e-02
 -2.30888536e-02 -2.28034629e-02 -2.26020676e-02 -2.23294334e-02
 -2.20608952e-02 -2.18181329e-02 -2.15274233e-02 -2.12811046e-02
 -2.09882390e-02 -2.06839867e-02 -2.04188087e-02 -2.01065317e-02
 -1.97984464e-02 -1.95269605e-02 -1.91956494e-02 -1.88938450e-02
 -1.85804342e-02 -1.82744408e-02 -1.79583493e-02 -1.76412895e-02
 -1.73216607e-02 -1.69905638e-02 -1.66709413e-02 -1.63183097e-02
 -1.60230667e-02 -1.56603752e-02 -1.53221037e-02 -1.50198391e-02
 -1.46466957e-02 -1.43136913e-02 -1.39930337e-02 -1.36055181e-02
 -1.32807774e-02 -1.29629666e-02 -1.26000835e-02 -1.22821742e-02
 -1.19176545e-02 -1.15933607e-02 -1.12604436e-02 -1.09162960e-02
 -1.05627582e-02 -1.02353724e-02 -9.87807926e-03 -9.54827969e-03
 -9.19914613e-03 -8.86520349e-03 -8.52281711e-03 -8.18324852e-03
 -7.86488938e-03 -7.51701266e-03 -7.18181639e-03 -6.84092558e-03
 -6.54231705e-03 -6.20161486e-03 -5.89714145e-03 -5.57064008e-03
 -5.24216335e-03 -4.91122410e-03 -4.60613942e-03 -4.27973547e-03
 -3.96454484e-03 -3.65589587e-03 -3.32468091e-03 -3.06448739e-03
 -2.73080821e-03 -2.45668897e-03 -2.16168222e-03 -1.88048289e-03
 -1.57142352e-03 -1.29989292e-03 -1.00844280e-03 -7.04771393e-04
 -4.24289575e-04 -1.52924005e-04  1.27130852e-04  4.04207002e-04
  6.53375602e-04  9.43942108e-04  1.18740537e-03  1.44993860e-03
  1.69058594e-03  1.95405484e-03  2.18520528e-03  2.43687531e-03
  2.67417201e-03  2.91081251e-03  3.14533200e-03  3.37805262e-03
  3.60828637e-03  3.82974630e-03  4.06554382e-03  4.27015570e-03
  4.50209913e-03  4.71338757e-03  4.90420995e-03  5.10696048e-03
  5.32179289e-03  5.49143863e-03  5.70961874e-03  5.88535238e-03
  6.06500659e-03  6.25213524e-03  6.44111547e-03  6.62147429e-03
  6.78493090e-03  6.98121050e-03  7.13090892e-03  7.30225221e-03
  7.46326716e-03  7.61851737e-03  7.76449544e-03  7.92331798e-03
  8.05928502e-03  8.21575743e-03  8.33698155e-03  8.47736088e-03
  8.60805414e-03  8.74844522e-03  8.88969748e-03  9.00204217e-03
  9.15009917e-03  9.26209233e-03  9.37559822e-03  9.50809636e-03
  9.60765341e-03  9.70060015e-03  9.82683969e-03  9.92219709e-03
  1.00132908e-02  1.01122682e-02  1.02133019e-02  1.02999773e-02
  1.03983601e-02  1.04900362e-02  1.05705018e-02  1.06598323e-02
  1.07385993e-02  1.08208284e-02  1.08936256e-02  1.09828117e-02
  1.10412006e-02  1.11151007e-02  1.11707684e-02  1.12323635e-02
  1.12910854e-02  1.13583870e-02  1.14118585e-02  1.14651457e-02
  1.15335132e-02  1.15793085e-02  1.16351936e-02  1.16915735e-02
  1.17352595e-02  1.17763337e-02  1.18382459e-02  1.18602038e-02
  1.18937244e-02  1.19442953e-02  1.19662838e-02  1.20052859e-02
  1.20409023e-02  1.20776883e-02  1.20929172e-02  1.21301010e-02
  1.21575833e-02  1.21751026e-02  1.22088948e-02  1.22304059e-02
  1.22483860e-02  1.22712718e-02  1.22899656e-02  1.22974846e-02
  1.23207453e-02  1.23307408e-02  1.23408917e-02  1.23511411e-02
  1.23578540e-02  1.23593612e-02  1.23681746e-02  1.23883434e-02
  1.23807096e-02  1.23921228e-02  1.23984418e-02  1.23922709e-02
  1.23966243e-02  1.23999116e-02  1.23858692e-02  1.23821192e-02
  1.23871484e-02  1.23634689e-02  1.23479983e-02  1.23464849e-02
  1.23316599e-02  1.23186250e-02  1.23221243e-02  1.23005541e-02
  1.22837101e-02  1.22760524e-02  1.22567178e-02  1.22294506e-02
  1.22183624e-02  1.21859481e-02  1.21680930e-02  1.21392832e-02
  1.21059006e-02  1.20781208e-02  1.20563636e-02  1.20269694e-02
  1.19928569e-02  1.19706319e-02  1.19444559e-02  1.18937889e-02
  1.18616118e-02  1.18309947e-02  1.17746395e-02  1.17479487e-02
  1.17045515e-02  1.16434588e-02  1.16041287e-02  1.15536422e-02
  1.15005971e-02  1.14505441e-02  1.14074658e-02  1.13444376e-02
  1.12886914e-02  1.12453215e-02  1.11764194e-02  1.11227717e-02
  1.10655811e-02  1.09890957e-02  1.09240347e-02  1.08493348e-02
  1.07815510e-02  1.06983962e-02  1.06289554e-02  1.05552670e-02
  1.04789009e-02  1.03912688e-02  1.03110646e-02  1.02214121e-02
  1.01544312e-02  1.00479278e-02  9.95177228e-03  9.87675564e-03
  9.76059155e-03  9.66092439e-03  9.56632383e-03  9.46202500e-03
  9.32980274e-03  9.24870258e-03  9.13117877e-03  9.00837463e-03
  8.89340142e-03  8.77882277e-03  8.65110436e-03  8.53369571e-03
  8.41990834e-03  8.28156183e-03  8.15011522e-03  8.01439508e-03
  7.87231400e-03  7.73368402e-03  7.58441310e-03  7.43028966e-03
  7.28641297e-03  7.12452890e-03  6.96991038e-03  6.80120434e-03
  6.65228188e-03  6.48256854e-03  6.31716557e-03  6.16112936e-03
  5.97897995e-03  5.79787367e-03  5.62695886e-03  5.43750213e-03
  5.25187339e-03  5.06475973e-03  4.85909904e-03  4.65848733e-03
  4.44972286e-03  4.26481327e-03  4.03589708e-03  3.86452900e-03
  3.63943093e-03  3.41952939e-03  3.22271444e-03  2.99781476e-03
  2.76631503e-03  2.55045754e-03  2.30050595e-03  2.06665418e-03
  1.84068469e-03  1.57833434e-03  1.34029095e-03  1.09222811e-03
  8.55634246e-04  6.01344571e-04  3.53918612e-04  7.59280245e-05
 -1.77130348e-04 -4.43688250e-04 -6.92414260e-04 -9.73902545e-04
 -1.24940124e-03 -1.49392658e-03 -1.79000055e-03 -2.07131638e-03
 -2.34351357e-03 -2.63153623e-03 -2.94827976e-03 -3.20694958e-03
 -3.51783923e-03 -3.80772432e-03 -4.10715838e-03 -4.40507760e-03
 -4.70345149e-03 -4.97462103e-03 -5.30742771e-03 -5.60452649e-03
 -5.90014639e-03 -6.25184033e-03 -6.51808948e-03 -6.85779942e-03
 -7.17398273e-03 -7.49219254e-03 -7.81702417e-03 -8.13680929e-03
 -8.45043430e-03 -8.78064462e-03 -9.07712144e-03 -9.40857265e-03
 -9.72322624e-03 -1.00212192e-02 -1.03714636e-02 -1.06822667e-02
 -1.10082519e-02 -1.13339181e-02 -1.16620700e-02 -1.19850082e-02
 -1.23412344e-02 -1.26485767e-02 -1.29701784e-02 -1.33088793e-02
 -1.36092299e-02 -1.39311384e-02 -1.42614966e-02 -1.45562696e-02
 -1.48799600e-02 -1.52113780e-02 -1.54953425e-02 -1.58304659e-02
 -1.61513859e-02 -1.64383159e-02 -1.67410915e-02 -1.70609327e-02
 -1.73640964e-02 -1.76700548e-02 -1.79280955e-02 -1.82533025e-02
 -1.85382814e-02 -1.88129940e-02 -1.91218859e-02 -1.93730662e-02
 -1.96533239e-02 -1.99264213e-02 -2.01975942e-02 -2.04614304e-02
 -2.07169555e-02 -2.09830417e-02 -2.12552263e-02 -2.14919748e-02
 -2.17184963e-02 -2.19673229e-02 -2.21958596e-02 -2.24048231e-02
 -2.26348612e-02 -2.28604411e-02 -2.30265237e-02 -2.32330482e-02
 -2.34371231e-02 -2.36288507e-02 -2.38078374e-02 -2.39704302e-02
 -2.41478266e-02 -2.43052894e-02 -2.44615697e-02 -2.46125210e-02
 -2.47643110e-02 -2.48940203e-02 -2.50233026e-02 -2.51455046e-02
 -2.52327985e-02 -2.53106591e-02 -2.54004219e-02 -2.54815271e-02
 -2.55573473e-02 -2.56044357e-02 -2.57071288e-02 -2.57274964e-02
 -2.57588957e-02 -2.58331461e-02 -2.58248554e-02 -2.58267977e-02
 -2.58180744e-02 -2.58189978e-02 -2.57501883e-02 -2.57362591e-02
 -2.57013658e-02 -2.56362954e-02 -2.55825368e-02 -2.55248910e-02
 -2.54355050e-02 -2.53464830e-02 -2.52130059e-02 -2.51201220e-02
 -2.50187737e-02 -2.48115234e-02 -2.47475727e-02 -2.45360787e-02
 -2.43419135e-02 -2.41889067e-02 -2.40045591e-02 -2.37947990e-02
 -2.35657746e-02 -2.33507385e-02 -2.31003407e-02 -2.28561814e-02
 -2.25673097e-02 -2.23393543e-02 -2.20350911e-02 -2.17345348e-02
 -2.14597934e-02 -2.11392861e-02 -2.07382914e-02 -2.04762787e-02
 -2.00829809e-02 -1.97086059e-02 -1.93881557e-02 -1.89315536e-02
 -1.85585018e-02 -1.81530777e-02 -1.76890061e-02 -1.73235961e-02
 -1.68533817e-02 -1.63403903e-02 -1.59863408e-02 -1.55012315e-02
 -1.49811154e-02 -1.45150037e-02 -1.40194574e-02 -1.34652045e-02
 -1.30176447e-02 -1.23923407e-02 -1.18326480e-02 -1.13177606e-02
 -1.06707473e-02 -1.01950255e-02 -9.58937738e-03 -8.97027193e-03
 -8.46167689e-03 -7.83292599e-03 -7.13083360e-03 -6.61266114e-03
 -5.92951072e-03 -5.29870719e-03 -4.63910353e-03 -3.94761075e-03
 -3.33978396e-03 -2.65923965e-03 -1.93237212e-03 -1.31002435e-03
 -6.49823166e-04  1.54245001e-04  7.27394605e-04  1.53921448e-03
  2.25839969e-03  2.85290898e-03  3.64441583e-03  4.36037275e-03
  5.01420761e-03  5.83737012e-03  6.52460029e-03  7.28972362e-03
  8.10337301e-03  8.75478248e-03  9.54813786e-03  1.03262152e-02
  1.09959896e-02  1.17252976e-02  1.25615964e-02  1.32266940e-02
  1.39936031e-02  1.47305651e-02  1.54381006e-02  1.62800510e-02
  1.69884466e-02  1.77457601e-02  1.85143943e-02  1.91590958e-02
  1.99633530e-02  2.07388486e-02  2.14099852e-02  2.22293061e-02
  2.28676445e-02  2.36120567e-02  2.43366988e-02  2.49932287e-02
  2.57132075e-02  2.63757683e-02  2.70475526e-02  2.77406222e-02
  2.84924630e-02  2.90084778e-02  2.97677395e-02  3.04655084e-02
  3.10452500e-02  3.17153393e-02  3.23373971e-02  3.28815077e-02
  3.35406851e-02  3.41078991e-02  3.46469351e-02  3.52621885e-02
  3.57693105e-02  3.64094586e-02  3.68706523e-02  3.74377089e-02
  3.78665103e-02  3.84229810e-02  3.88354337e-02  3.93387003e-02
  3.98534485e-02  4.02422823e-02  4.06619098e-02  4.10058820e-02]
