Frame: 4
temp_s_est shape: (1024,)
temp_s_est dtype: float64
temp_s_est:
[ 1.22790426e-04  1.06644033e-04  1.79737190e-05  8.84472719e-05
  8.24761062e-05  6.16694147e-05 -6.67683540e-05  1.99020012e-05
  1.64542196e-04  9.09299990e-05 -4.38120201e-05 -2.08201182e-05
  1.29247956e-04  5.77170655e-05  3.95870530e-06  2.94480609e-05
  1.52980631e-04  1.82536722e-04  6.86946244e-05 -4.33725499e-05
 -6.86489786e-06  8.58793813e-05  8.36356338e-05  5.98936152e-05
 -1.66572161e-04  1.17168478e-04  1.25214913e-04  2.01592519e-05
  1.35454752e-04 -6.87224018e-05 -3.17378668e-05  1.25827597e-04
  1.31400207e-04  8.19543066e-05 -1.70761170e-05 -1.01523377e-05
 -8.89947786e-05  3.89231308e-05  1.04643098e-04  5.03807588e-05
  1.00434641e-05  1.79769851e-04  1.10606552e-04  2.52445757e-05
  7.88494065e-05  1.50173143e-04  1.02008971e-04  8.75869909e-05
 -6.45591076e-05 -4.96023280e-05 -1.42852973e-05  3.77950600e-05
  1.61422342e-04  1.63086345e-05 -4.83953769e-05  1.68259785e-05
  1.19002255e-04  2.91033387e-04  2.33101914e-04 -2.49533102e-05
  1.46512184e-04  1.69871088e-04  1.20439031e-04  2.26018392e-04
  9.95583310e-05  6.63163158e-05  1.63252267e-04  1.95253716e-04
  5.20819604e-06  1.34258455e-04  1.73147871e-04  1.17836732e-04
  1.82148848e-05  3.82359460e-05  3.84368522e-05  4.18060734e-05
  1.32663798e-04  3.21277201e-05  1.21011430e-04  1.63976376e-04
 -5.89571945e-05  1.66898497e-04  2.99926009e-04  5.44669586e-05
 -2.11159587e-05 -3.69721204e-06  2.77110790e-04  6.96029554e-05
 -4.12845941e-05  8.66533524e-05 -9.67590019e-05  1.33107037e-04
  2.66967256e-04  3.90178807e-05  8.95576112e-05  1.07956878e-04
  1.19872720e-04  5.24005144e-05  1.61662358e-04  2.52731906e-04
  8.81089814e-05 -3.82386737e-05  6.96010642e-05  2.63438711e-04
  1.31330606e-04  1.48056404e-04  2.07707412e-04  7.91395602e-05
  2.15307774e-05  3.20302280e-05  8.00081750e-06  1.93886683e-04
  1.85352875e-04  2.30868789e-05  2.66735919e-05 -8.42634646e-05
 -7.23313337e-05  3.08303856e-04 -4.94661008e-05 -4.89959399e-06
  2.32864022e-04  2.60647317e-05 -5.01139603e-05  5.31361008e-05
  1.47569158e-04  1.18241056e-04 -2.27443311e-04  2.29692355e-05
  8.56291959e-05  3.03176413e-06  1.94480057e-04  1.70740715e-05
 -1.37473458e-04  9.17344677e-05 -3.17420142e-05  1.91152817e-04
  2.64384023e-04 -4.16511948e-05 -9.93936495e-05 -1.73547345e-05
 -5.28811931e-05  1.22692652e-04  1.50780490e-04  2.52943815e-06
  1.16603587e-04  1.31030721e-04 -9.34133425e-05  1.54905961e-04
  1.00853443e-04  2.07393000e-04  2.20482582e-04  1.65768136e-04
 -4.03538664e-05  1.38790241e-04  1.78539861e-04  1.22618423e-04
  1.07257192e-04  1.79509679e-04  1.16522856e-04  2.48025361e-04
  9.27336967e-05  1.59231803e-04 -2.76147506e-07  2.27570537e-04
  4.78438817e-04  1.85578079e-04  2.70663144e-04  1.37528982e-04
  2.52882219e-04  2.96593907e-04  1.42351303e-04  2.61105780e-04
  4.50125917e-04  3.53866272e-04  4.16471583e-04  4.27361896e-05
  1.13526681e-04  2.54457290e-04  5.04481864e-04  2.02197973e-04
  2.52245388e-04  2.35623989e-04  7.84508695e-05  3.01654634e-04
  3.94013020e-04  4.32428003e-04  1.26992642e-04  1.71408711e-04
  2.57675496e-04  3.82200815e-04  5.26728869e-04  2.27374330e-04
 -2.09764341e-05  4.62530326e-05  4.85374984e-04  3.35320603e-04
  1.47353922e-04  3.93968979e-04  5.35490418e-04  1.25767002e-04
  2.37436819e-05  4.14141259e-04  3.11272827e-04  4.84428240e-04
  1.21801321e-04  2.76398624e-04 -1.27154229e-04  4.79463353e-04
  4.09032499e-04  7.13511403e-05  4.71711284e-04  4.30824596e-04
  1.65873717e-04  2.39439135e-04  7.71879759e-04  2.22526181e-04
  3.91481079e-04  3.99695704e-04  3.23684547e-04  2.93771266e-04
  3.62126644e-04  2.76939212e-04  2.32789351e-04  7.74746223e-04
  1.63782326e-04  2.67195061e-04  2.52907378e-04  5.34514636e-04
  4.63467017e-04  3.99643979e-04  7.76502657e-05  2.54877353e-04
  6.60694627e-04  4.80408628e-04  4.48969700e-04  1.95797105e-04
  6.17860277e-04  5.34624673e-04  2.14053305e-04  6.85338815e-04
  2.93348716e-04  3.20713234e-04  3.37538685e-04  3.93971086e-04
  2.22425981e-04  3.39316835e-04  2.28785664e-04  4.26035808e-04
  4.64642303e-04  9.91457261e-05  4.72884364e-04  5.37631139e-04
  2.94206303e-04  2.78383125e-04  7.10819388e-04  2.90911471e-04
  5.96346694e-04  5.34693238e-04  5.81809331e-04  3.75380898e-04
  3.29471913e-04  9.84242173e-04  6.92877954e-04  8.15107334e-04
  7.06883803e-04  3.69476516e-04  3.87033008e-04  7.85089946e-04
  9.54822428e-04  8.24273956e-04  7.79446478e-04  5.95517404e-04
  9.82973087e-04  5.60428812e-04  6.88868331e-04  8.44972322e-04
  1.14119311e-03  1.34103945e-03  7.27934169e-04  5.65551749e-04
  9.93518196e-04  1.00706930e-03  6.01430878e-04  1.17465021e-03
  8.59519467e-04  8.42631021e-04  9.38764952e-04  6.48659500e-04
  9.00601185e-04  7.23321921e-04  8.12216996e-04  4.60822300e-04
  9.43759207e-04  1.15918801e-03  6.80553844e-04  9.98368737e-04
  7.13052529e-04  9.69124488e-04  6.82709782e-04  7.73060740e-04
  9.85457211e-04  1.09902012e-03  7.59698846e-04  6.39175260e-04
  4.38257882e-04  9.21602706e-04  1.22769487e-03  1.03364081e-03
  7.85063986e-04  7.16053162e-04  1.15377922e-03  7.36756632e-04
  8.74608278e-04  8.97682596e-04  1.04505699e-03  9.62535269e-04
  5.31163945e-04  1.20620371e-03  6.44145931e-04  6.11369730e-04
  1.10478601e-03  1.05067900e-03  1.32529744e-03  1.19440859e-03
  9.39588988e-04  6.39946040e-04  1.45581325e-03  1.07854883e-03
  9.36017096e-04  1.04325387e-03  8.27749025e-04  1.33307123e-03
  8.26786804e-04  3.46959000e-04  8.74342196e-04  1.38303217e-03
  8.90000040e-04  1.54206819e-03  9.53255342e-04  6.59336775e-04
  1.07812107e-03  1.48811645e-03  1.12423022e-03  8.88001215e-04
  1.19139332e-03  1.27533794e-03  1.55966337e-03  1.28541419e-03
  8.40151657e-04  7.39542563e-04  1.12338740e-03  1.47810638e-03
  9.99999229e-04  7.56496278e-04  1.08853205e-03  1.26030828e-03
  1.22330245e-03  8.17645726e-04  9.49024782e-04  1.05210727e-03
  1.43925966e-03  1.55694258e-03  7.67877348e-04  8.81060252e-04
  7.56992114e-04  1.05335876e-03  1.50761821e-03  1.18564590e-03
  1.01806602e-03  7.36861464e-04  1.41247815e-03  1.44400048e-03
  1.03810076e-03  1.44974429e-03  1.16411275e-03  1.43214986e-03
  1.93505853e-03  1.72636262e-03  7.43327927e-04  1.57940859e-03
  1.84239218e-03  1.16210203e-03  1.58557920e-03  2.12174770e-03
  1.24179659e-03  1.06084230e-03  1.71260632e-03  1.80121215e-03
  1.87803140e-03  1.63575662e-03  1.59612458e-03  1.24226714e-03
  2.05867746e-03  1.89549807e-03  1.35159665e-03  1.62049717e-03
  1.31226419e-03  1.99199068e-03  1.65411096e-03  1.37662648e-03
  1.71179705e-03  1.50440447e-03  1.69115344e-03  1.13000976e-03
  1.68333412e-03  1.45705766e-03  1.46831201e-03  1.40366385e-03
  1.68820639e-03  1.65643440e-03  1.13216046e-03  1.08725753e-03
  2.32868847e-03  2.04930585e-03  1.10660028e-03  1.55084847e-03
  1.21958961e-03  1.73562114e-03  1.96259147e-03  1.49184166e-03
  1.11407541e-03  1.41362453e-03  1.73951534e-03  1.34389348e-03
  1.60131037e-03  1.36745072e-03  1.94782704e-03  2.09060195e-03
  1.60168347e-03  1.89216590e-03  1.62825270e-03  1.67620527e-03
  1.68011593e-03  2.38280680e-03  1.99619072e-03  1.07100365e-03
  1.92861100e-03  2.25177398e-03  1.52429310e-03  1.92020277e-03
  1.91420159e-03  1.40963134e-03  2.20088238e-03  2.72673775e-03
  1.45883795e-03  9.83081619e-04  1.86890482e-03  1.96982840e-03
  1.93100690e-03  2.39238289e-03  1.29863599e-03  1.85763401e-03
  1.51812300e-03  2.34878155e-03  2.55076465e-03  1.52527237e-03
  1.41943423e-03  2.00113643e-03  2.02121896e-03  1.81207747e-03
  1.56208924e-03  1.05004885e-03  1.78094701e-03  1.76376084e-03
  1.89287876e-03  2.07345361e-03  1.25363075e-03  1.97849081e-03
  1.99529791e-03  1.72201387e-03  1.94703789e-03  1.76738346e-03
  1.79676518e-03  2.29021236e-03  1.82615784e-03  1.63346312e-03
  1.24985908e-03  1.33333782e-03  3.00504106e-03  2.69089989e-03
  1.56256145e-03  1.22625656e-03  2.12387644e-03  2.19016883e-03
  2.13932711e-03  1.94811412e-03  1.75830469e-03  2.21758893e-03
  2.05715821e-03  1.40053006e-03  1.90434001e-03  1.69609747e-03
  1.93020714e-03  2.78412924e-03  2.13929896e-03  2.01734821e-03
  2.35851366e-03  1.92132380e-03  1.98494447e-03  2.40234512e-03
  2.58257236e-03  1.61183308e-03  2.23673517e-03  2.01815313e-03
  2.34982640e-03  1.71916307e-03  1.51048296e-03  1.82825935e-03
  2.32957325e-03  2.37880089e-03  1.77123195e-03  1.97639607e-03
  1.72200618e-03  1.57847779e-03  1.91906012e-03  1.92362396e-03
  2.54057839e-03  2.15321703e-03  1.34411838e-03  1.71940806e-03
  2.38350853e-03  2.45997295e-03  1.15138863e-03  1.25330285e-03
  2.69353497e-03  2.04446808e-03  1.79091456e-03  2.00120973e-03
  8.12965054e-04  1.78643497e-03  2.17559654e-03  2.15433069e-03
  1.61633991e-03  1.88411443e-03  1.66627494e-03  1.96267735e-03
  1.74178182e-03  1.67531294e-03  1.56502157e-03  2.29720942e-03
  2.35487609e-03  2.02257643e-03  1.81949359e-03  1.25571736e-03
  1.70642474e-03  2.46168620e-03  2.91515500e-03  1.39380062e-03
  2.10947469e-03  2.32265353e-03  1.96874054e-03  2.51839953e-03
  2.19152074e-03  1.96948962e-03  1.72299059e-03  2.52357567e-03
  2.59223067e-03  1.65764455e-03  1.61072910e-03  1.95234945e-03
  1.78682352e-03  1.95741087e-03  2.39233152e-03  1.64010166e-03
  1.76907402e-03  2.27010875e-03  2.19924890e-03  1.16168480e-03
  1.60434899e-03  2.00398455e-03  2.53554537e-03  1.99079896e-03
  1.04592198e-03  1.76032381e-03  1.64927526e-03  1.59509153e-03
  1.85678774e-03  2.00746159e-03  1.70345686e-03  9.73632627e-04
  2.10195900e-03  2.27099239e-03  1.96352022e-03  1.44375461e-03
  1.90232618e-03  1.81951815e-03  2.16198766e-03  2.35087854e-03
  1.23814167e-03  1.59751259e-03  2.30392200e-03  2.42456784e-03
  2.01443628e-03  1.91012328e-03  1.72833024e-03  2.30596031e-03
  2.02926978e-03  1.46625365e-03  2.20392564e-03  2.14574053e-03
  1.75284158e-03  1.73100035e-03  2.17448326e-03  1.75378702e-03
  1.60254737e-03  2.04761721e-03  2.38014409e-03  2.29796304e-03
  1.61165887e-03  1.92619160e-03  1.30668537e-03  2.21272914e-03
  2.37884789e-03  1.36055033e-03  1.52367028e-03  1.76737149e-03
  1.70251863e-03  1.36481334e-03  1.61265850e-03  1.36408651e-03
  1.78208913e-03  1.80391722e-03  1.35801250e-03  2.15020983e-03
  1.81504761e-03  1.67107145e-03  1.45876331e-03  1.83501388e-03
  1.40678744e-03  2.01520191e-03  1.54894843e-03  1.66090915e-03
  1.40328141e-03  1.11731410e-03  1.63495318e-03  1.33905796e-03
  1.89973430e-03  1.41016028e-03  1.66593769e-03  1.14591527e-03
  1.50868640e-03  1.68116488e-03  1.30587079e-03  1.83987384e-03
  1.55062283e-03  1.45009576e-03  1.14450054e-03  1.09078022e-03
  1.62358092e-03  1.25315521e-03  1.50489725e-03  1.38483937e-03
  1.88975442e-03  1.45559303e-03  1.42648808e-03  1.43797376e-03
  1.60845160e-03  1.70503503e-03  1.83578712e-03  1.22960458e-03
  1.60308176e-03  1.77879236e-03  1.11552253e-03  1.43725717e-03
  1.46969064e-03  1.56003420e-03  1.44806266e-03  1.83984604e-03
  1.99781752e-03  1.13330655e-03  1.35649124e-03  1.65696118e-03
  1.65245136e-03  1.73879185e-03  1.91951737e-03  1.33052787e-03
  1.24941723e-03  1.84370710e-03  1.39709349e-03  1.10868552e-03
  1.30273291e-03  1.78770867e-03  1.25899936e-03  1.51468874e-03
  1.13711874e-03  1.06646045e-03  1.40317977e-03  7.92777181e-04
  1.19739493e-03  1.74946289e-03  1.36692864e-03  8.86366313e-04
  1.72800175e-03  1.27615463e-03  8.46580548e-04  1.63845146e-03
  1.70775347e-03  1.42169592e-03  1.57044101e-03  1.43256021e-03
  7.33378134e-04  1.05999246e-03  1.70182052e-03  1.62923468e-03
  1.16738687e-03  9.06686947e-04  1.75730139e-03  1.28914070e-03
  1.11038513e-03  1.32389264e-03  1.45957500e-03  1.54483195e-03
  1.32703115e-03  1.26255744e-03  1.35884679e-03  1.17785819e-03
  5.40744074e-04  1.31156649e-03  1.42046682e-03  9.75810353e-04
  1.13987699e-03  1.23303244e-03  1.42581103e-03  1.26437680e-03
  9.05252532e-04  9.16654975e-04  1.09870585e-03  1.19978941e-03
  1.35578151e-03  5.46178844e-04  5.48246486e-04  1.14098965e-03
  1.02915954e-03  8.04440556e-04  1.02269464e-03  9.24241499e-04
  9.50263932e-04  1.08611314e-03  8.17529895e-04  8.44828007e-04
  8.26473946e-04  7.26269068e-04  9.08680183e-04  9.68910092e-04
  7.49443030e-04  5.00259422e-04  7.72326825e-04  8.24637371e-04
  8.57140929e-04  8.81858135e-04  7.88675905e-04  8.01674602e-04
  1.03323693e-03  7.56938102e-04  3.77339721e-04  8.55427919e-04
  8.82591374e-04  8.73699473e-04  7.13031130e-04  5.86892976e-04
  6.50677898e-04  8.04935348e-04  9.23786000e-04  9.62974137e-04
  8.04898331e-04  6.97502404e-04  6.12761626e-04  8.85275270e-04
  1.00859488e-03  4.41671269e-04  6.49149536e-04  8.12484902e-04
  7.74565543e-04  1.12242026e-03  7.05595192e-04  5.52862477e-04
  7.56098274e-04  6.55354048e-04  6.43261412e-04  8.16934962e-04
  1.01552978e-03  6.46085123e-04  6.18725241e-04  6.94287529e-04
  1.01970446e-03  7.53143842e-04  7.43407530e-04  7.86652557e-04
  8.33611574e-04  7.69264333e-04  6.40010464e-04  3.51848871e-04
  5.91598899e-04  8.20719789e-04  8.78343050e-04  4.38207343e-04
  5.61298479e-04  8.68824441e-04  7.24825972e-04  5.18669544e-04
  8.11599151e-04  8.21633157e-04  3.77274802e-04  4.72677092e-04
  9.28434586e-04  6.81330109e-04  4.30404431e-04  4.15511635e-04
  7.46414463e-04  8.17337176e-04  9.09606938e-04  4.55547457e-04
  4.36334583e-04  3.52194151e-04  8.71351067e-04  6.24506165e-04
  4.15774544e-04  5.04258231e-04  4.61342183e-04  4.31861029e-04
  4.03351276e-04  5.20709124e-04  5.53179902e-04  6.02103912e-04
  4.01144673e-04  6.54821773e-04  6.61919940e-04  4.40217171e-04
  3.79189177e-04  4.77380446e-04  8.76775154e-04  4.91701078e-04
  2.20858995e-04  6.01700712e-04  5.14607259e-04  5.11961574e-04
  5.21717279e-04  3.02742056e-04  1.91052650e-04  5.90718073e-04
  7.48614283e-04  3.09338385e-04  1.23087395e-04  4.17317013e-04
  2.37925248e-04  4.38529268e-04  5.32500165e-04  3.77371814e-04
  1.83351795e-04  2.30873136e-04  5.90811498e-04  4.20117425e-04
  2.15500122e-05  2.21763120e-04  4.48442076e-04  4.31152511e-04
  3.94123868e-05  2.66722446e-05  1.85240246e-04  4.51665729e-04
  2.46542709e-04  4.12478411e-04  2.55163088e-04 -6.37692205e-05
  4.95541960e-04  4.20608706e-04  3.21610201e-04  4.18219982e-04
  1.89565388e-04  4.60049695e-04  4.04823720e-04  4.77467897e-04
  3.12467892e-04  2.13452525e-05  3.21325268e-04  5.31860373e-04
  4.28604297e-04  2.72249312e-04  2.94955846e-04  2.99463239e-04
  3.77586689e-04  3.27484336e-04  3.32061299e-04  3.39918365e-04
  4.37265428e-04  2.96341599e-04  3.10130889e-04  4.10792450e-04
  2.34024409e-04  3.05432691e-04  3.01744453e-04  4.09913269e-04
  4.53079323e-04  2.88523754e-04  2.73862060e-04  1.49485964e-04
  4.36202383e-04  2.65674103e-04  1.04714474e-04  2.10874867e-04
  4.71840345e-04  2.65019406e-04  1.88826802e-04  2.17542387e-04
  1.71842036e-04  2.95556437e-04  3.57398174e-04  3.89971612e-04
  3.50142720e-04  2.30274063e-04  1.80157349e-04  1.53700844e-04
  4.07254872e-04  4.11958360e-04  1.24943608e-04  1.72748622e-04
  2.40014195e-04  2.30878201e-04  2.50257438e-04  5.04690546e-05
  2.13089506e-04  3.60167996e-04  2.00312043e-04  1.65384669e-04
  1.81468245e-04  1.84288874e-04  1.70354048e-04  2.67831280e-04
  1.45719660e-04  7.41563424e-05  1.94078932e-04  1.06470161e-04
  1.72967682e-04  5.34758167e-05  5.75471053e-05  8.06289798e-05
  1.07929952e-04  4.19080753e-04  1.91985742e-04  5.67049886e-05
  4.07151217e-05  1.55924605e-04  1.93553858e-04  1.86422420e-04
  1.00941580e-04  6.51648289e-05  1.58330999e-04  1.10257890e-04
  3.96960314e-05  3.36693193e-05  1.77345636e-04  1.27371220e-04
  1.27850815e-04  2.07001955e-04  1.52287634e-04  9.18675979e-05
  4.30366492e-05  2.16596657e-04  1.42038877e-04  7.12697819e-05
 -2.74607206e-06  1.09993796e-04  9.00246120e-05  1.23049522e-04
  7.45302374e-05 -1.20608281e-04  1.67806041e-04  1.62599649e-04
  3.20513729e-05  5.96041144e-05 -3.00946709e-05  9.27636945e-06
  1.48410625e-04  7.60738198e-05  6.50089308e-05 -1.28545691e-05
  2.08014248e-05  1.81197047e-04  1.72216621e-04  1.25778873e-04
  6.64804144e-05  9.12839533e-05  1.09693377e-04  1.96589799e-04
  9.50135023e-05 -1.04719021e-04  1.69576775e-04  2.40907272e-04
  8.49443469e-05  1.06206542e-04  1.51898991e-04  1.41292953e-04
  1.07901493e-04  1.20911125e-04  5.09548114e-05  2.83164989e-05
  1.44185204e-04  7.95687875e-05  1.83143615e-04  1.23361265e-04
  6.78518997e-05  7.24613128e-06  1.90944474e-04  3.02223618e-04
  1.55363275e-04  1.05419540e-04  1.03471647e-04  1.37762457e-04
  1.72325176e-04  1.37227866e-04  6.08293967e-05  1.15401334e-04
  1.53207814e-04  6.67216429e-05 -2.30901234e-05  1.40060823e-04
  2.56574608e-04  1.33160819e-04  1.57963810e-04  7.78830777e-05
  9.31818609e-05  1.59222094e-04  9.21140135e-05  9.38561213e-05]
