Frame: 29
temp_s_est shape: (1024,)
temp_s_est dtype: float64
temp_s_est:
[ 5.86193253e-06  1.89194858e-04  1.16419208e-04  6.57962770e-05
  1.07920938e-04  4.61474972e-05  2.04981874e-04  1.70533546e-05
  1.17839165e-04  1.11666215e-04  4.08674079e-05 -6.80633574e-05
  2.29012239e-04  1.99702606e-04  2.84402158e-04  1.84087676e-05
  1.03689152e-04  2.28872369e-04  1.34666748e-04  2.04014273e-04
  1.86879059e-04 -1.59397879e-05  9.18685805e-05  7.50102151e-06
 -8.90466940e-05  7.12452298e-05  1.48778496e-04  1.90162754e-04
  2.27281765e-04  1.30832975e-04  7.16948637e-07  2.53516245e-04
  1.31684217e-04  1.50475418e-04  8.08139543e-05  1.61547214e-04
  4.98094724e-05  2.70037975e-04  8.94226972e-05  1.26995404e-04
  1.67705417e-04  2.77478336e-04  2.26612163e-04  5.37490025e-05
  1.45000876e-04  6.05129460e-05  8.38099890e-05  2.71715473e-05
  3.14194727e-06 -1.84897961e-04  1.99950858e-04 -7.92590837e-06
  1.32478561e-04  1.42312956e-07  1.67142606e-04  5.18397165e-05
  3.03987554e-04  3.96757059e-05  7.89824511e-05  1.80390655e-04
  3.30665204e-05  1.55018530e-04  3.16262952e-05 -4.30633448e-06
  1.38086895e-04  1.02489613e-04  1.30109931e-04  2.87840058e-04
 -3.75169638e-05 -4.56259538e-05  7.66917899e-06  2.62152631e-07
 -1.47032341e-04  3.06517664e-05  4.92675423e-05  1.35645858e-04
 -9.58700496e-05  6.16307430e-05  2.95671516e-04  2.24299853e-04
  1.27241230e-04  4.40042704e-05 -6.50719866e-05 -1.37570726e-04
 -1.72898881e-04 -6.57784667e-05 -1.23251600e-04 -1.41002383e-04
  1.40292219e-04  1.12728353e-04 -2.25509956e-06 -1.22537498e-04
  1.45434669e-04  9.81419781e-05  9.15038801e-05 -3.51234955e-06
 -3.97407014e-06 -4.90853248e-05 -6.91249169e-05 -1.44161203e-05
  1.28420741e-04  1.13320301e-04 -1.20564607e-04  3.54245264e-04
 -6.04898952e-05 -5.47874250e-06 -1.71308248e-05 -1.72567228e-04
  4.18957819e-05 -2.34822678e-04 -1.64844355e-04  5.16141326e-05
 -6.76695367e-06 -1.49070940e-04 -5.85472318e-05 -1.12540102e-04
  1.84098388e-04 -4.53069077e-05  1.90835730e-04 -1.89244484e-05
  2.45397742e-05 -2.58261462e-05  8.06715576e-05 -5.40348423e-05
 -7.46106146e-05 -4.01836347e-05 -3.45855791e-06 -3.72224772e-05
 -1.09281611e-04 -1.89086280e-04 -2.13260311e-04 -1.29059406e-04
 -2.62451383e-04  1.06570010e-05 -1.76984776e-04 -2.95134790e-04
 -1.31408099e-04 -5.05474022e-05 -2.34980498e-04  1.27361973e-04
 -2.75827274e-05  2.66533320e-04 -2.29104249e-04 -1.35839921e-04
 -1.74886209e-05  1.48041702e-05 -3.04307337e-04 -2.56166803e-04
 -3.34328452e-04 -1.06654650e-04 -1.46118766e-04 -2.02521015e-04
 -1.53218655e-04 -2.57955973e-04 -2.86529314e-05 -1.01162499e-04
  3.43554641e-05 -5.14932672e-04 -1.20060015e-04 -5.02796976e-04
 -2.96109533e-05 -1.49045804e-04 -1.34875388e-04 -3.84435461e-04
  6.91503318e-05 -1.61432433e-04 -9.06759505e-05 -1.57132354e-04
 -3.81349952e-04 -1.97781438e-04 -1.47994361e-04 -1.29434790e-04
 -2.56476693e-04 -2.80215857e-04 -4.18431521e-04 -9.21078718e-05
 -3.62342878e-04 -3.99735095e-05 -3.65974017e-05 -4.06506947e-05
 -1.42764160e-04 -1.68744469e-04 -1.82619099e-04 -1.20912218e-04
 -4.80603244e-04 -1.22168325e-04 -4.21091918e-04 -4.17856503e-04
 -6.00580662e-04 -3.84286923e-04 -6.47059674e-04 -4.29176377e-04
 -1.86923754e-04 -3.77755053e-04 -1.18283374e-04 -4.89885903e-04
 -4.44887728e-04 -4.74321464e-04 -1.99683605e-04 -4.75968628e-04
 -3.03014540e-04 -5.96346636e-04 -9.36019763e-05 -3.91197294e-04
 -2.89586918e-04 -1.31326982e-04 -3.91912307e-04 -4.88936716e-04
 -5.59445292e-04  1.19088919e-04 -5.84992229e-04 -2.75187187e-04
 -7.17726377e-04 -2.31530606e-04 -4.27485374e-04 -3.85502296e-04
 -4.73841069e-04 -4.24637518e-04 -8.63551109e-04 -4.18002465e-04
 -3.81945809e-04 -4.42914214e-04 -5.80964087e-04 -3.66139515e-04
 -4.07085329e-04 -5.68813656e-04 -3.35647268e-04  3.77424369e-05
 -4.42556255e-04 -7.44841997e-04 -4.99940129e-05 -1.99465314e-04
 -3.87906481e-04 -4.68402166e-04 -6.18374987e-04 -6.77466444e-04
 -3.59723704e-04 -8.30597019e-04 -2.59672475e-04 -9.15214282e-04
 -7.32146966e-04 -6.88620031e-04 -1.91208329e-04 -4.78760736e-04
 -3.99686652e-04 -5.75678536e-04 -4.49601740e-04 -2.29511594e-04
 -6.50887232e-04 -4.87973633e-04 -8.68498869e-04 -4.98138192e-04
 -7.56837951e-04 -4.07502917e-04 -5.00225208e-04 -5.41478356e-04
 -6.30906684e-04 -4.22233727e-04 -6.08671871e-04 -4.56585854e-04
 -6.83809908e-04 -5.81642771e-04 -8.31995382e-04 -7.46538413e-04
 -1.15558380e-04 -5.28604459e-04 -5.72701708e-04 -5.64899859e-04
 -6.58614366e-04 -2.87850563e-04 -7.82987504e-04 -5.63665975e-04
 -7.08865705e-04 -1.25599865e-03 -7.95893474e-04 -8.18629155e-04
 -9.11689414e-04 -9.26045021e-04 -8.89127588e-04 -9.29831082e-04
 -1.97283569e-04 -9.65229113e-04 -6.65844925e-04 -5.23628793e-04
 -5.55870492e-04 -3.58986725e-04 -7.16030081e-04 -5.06100521e-04
 -3.12194781e-04 -7.28575387e-04 -8.65154709e-04 -8.81455095e-04
 -1.04350553e-03 -5.06125725e-04 -8.46209199e-04 -9.76352303e-04
 -6.78731765e-04 -9.40493274e-04 -7.18129504e-04 -9.69937065e-04
 -8.92292792e-04 -1.25532291e-03 -9.39471448e-04 -4.52389424e-04
 -1.02013741e-03 -1.27800947e-03 -1.02903476e-03 -1.13405333e-03
 -2.70884228e-04 -6.22510132e-04 -7.90476283e-04 -8.82471119e-04
 -9.03573423e-04 -9.53339539e-04 -9.72211268e-04 -1.27710582e-03
 -1.09743684e-03 -7.20366982e-04 -8.99134998e-04 -4.43140445e-04
 -1.47552230e-03 -1.02608747e-03 -1.27079431e-03 -1.27583482e-03
 -8.47707151e-04 -1.27375064e-03 -1.00847557e-03 -1.21717735e-03
 -1.57867881e-03 -7.87529528e-04 -5.31252046e-04 -1.37697640e-03
 -6.94617385e-04 -1.07465118e-03 -1.38648555e-03 -1.50982172e-03
 -1.13847064e-03 -1.26698454e-03 -1.48408845e-03 -1.81850175e-03
 -1.07927084e-03 -9.80381879e-04 -1.28818696e-03 -1.18782252e-03
 -1.10746541e-03 -8.34426491e-04 -1.06581102e-03 -1.03545901e-03
 -8.51102007e-04 -1.60553418e-03 -1.52247675e-03 -1.26249519e-03
 -1.73996763e-03 -1.37491723e-03 -2.01745800e-03 -7.10171618e-04
 -1.64083621e-03 -7.85074294e-04 -1.23952266e-03 -9.24794143e-04
 -1.63526898e-03 -1.02364964e-03 -1.43796950e-03 -9.13651475e-04
 -1.23654815e-03 -1.75257420e-03 -1.17102587e-03 -1.83953539e-03
 -9.45791905e-04 -7.62730429e-04 -8.23042382e-04 -1.06417858e-03
 -1.45811181e-03 -1.86325134e-03 -7.06879404e-04 -2.11829573e-03
 -1.39564881e-03 -1.71462525e-03 -1.34817616e-03 -1.27983690e-03
 -1.26395947e-03 -2.11973247e-03 -1.20571359e-03 -2.24584421e-03
 -1.04273196e-03 -1.33117323e-03 -1.92022590e-03 -1.67742231e-03
 -1.72989756e-03 -1.17458913e-03 -1.37290203e-03 -1.27142945e-03
 -9.03606750e-04 -1.34513112e-03 -1.23567136e-03 -8.16670828e-04
 -1.81243700e-03 -7.15210626e-04 -2.06571948e-03 -9.62595956e-04
 -1.89398671e-03 -1.22218262e-03 -1.14341687e-03 -1.52345292e-03
 -1.77499800e-03 -1.38242718e-03 -1.62818770e-03 -9.98431360e-04
 -1.44502458e-03 -1.75110939e-03 -1.41649844e-03 -1.68306606e-03
 -1.52538620e-03 -1.57382321e-03 -1.82389970e-03 -1.71435760e-03
 -6.44544944e-04 -1.92306146e-03 -1.01120739e-03 -1.37809594e-03
 -1.06813411e-03 -1.44979425e-03 -1.31366689e-03 -1.01674585e-03
 -1.46304227e-03 -1.70546918e-03 -1.92801681e-03 -1.50630071e-03
 -1.99233474e-03 -1.53308244e-03 -1.25348665e-03 -1.18828475e-03
 -8.06121644e-04 -1.53041173e-03 -1.08561581e-03 -8.93584078e-04
 -1.33736523e-03 -9.76550972e-04 -1.98349105e-03 -1.83953085e-03
 -1.68515145e-03 -1.52012160e-03 -1.76939158e-03 -1.88306262e-03
 -1.37126408e-03 -9.00353095e-04 -1.19597956e-03 -1.32791208e-03
 -1.59177942e-03 -1.67396110e-03 -8.00969989e-04 -1.58984471e-03
 -1.17334799e-03 -1.51632280e-03 -1.14734069e-03 -1.56168320e-03
 -9.37893562e-04 -1.54157436e-03 -1.47679957e-03 -2.54304042e-03
 -4.44450348e-04 -1.20295477e-03 -1.67166611e-03 -1.58813324e-03
 -1.93836017e-03 -9.70061952e-04 -1.92412201e-03 -1.47062127e-03
 -7.60863128e-04 -1.72021825e-03 -1.37905195e-03 -3.17221835e-04
 -1.00365497e-03 -1.21017488e-03 -1.19993364e-03 -1.08903150e-03
 -7.96078611e-04 -1.34104583e-03 -1.67659540e-03 -1.14407643e-03
 -1.68372280e-03 -1.05277575e-03 -1.27106171e-03 -7.59139748e-04
 -9.45093278e-04 -1.21310438e-03 -1.06927041e-03 -1.57083683e-03
 -1.92520221e-03 -1.28725211e-03 -1.32172600e-03 -1.32520987e-03
 -1.63171980e-03 -9.19201160e-04 -8.80935839e-04 -6.68950767e-04
 -6.37353586e-04 -1.00857557e-03 -8.62155030e-04 -1.43003930e-03
 -9.82309402e-04 -1.03611408e-03 -8.73245891e-04 -1.16757625e-03
 -1.09416439e-03 -1.27141334e-05 -1.26664309e-03 -7.35729810e-04
 -1.26765423e-03 -7.38347783e-04 -4.21231498e-04 -1.40620034e-03
 -3.33331104e-04 -1.47053480e-03 -1.41631310e-03 -1.02266195e-03
 -7.98919516e-04 -1.07668503e-03 -7.80981811e-04 -1.55372620e-03
 -1.12765746e-03 -9.58332703e-04 -1.12989547e-03 -9.11024528e-04
 -9.68285557e-04 -1.18887013e-03 -7.14677030e-04 -1.08089443e-03
 -1.04970879e-03 -1.08815932e-03 -1.30481094e-03 -5.58975225e-04
 -1.06114116e-03 -9.38361055e-05 -9.67724631e-04 -9.64580903e-04
 -7.36189852e-05 -6.44849019e-04 -5.01400895e-04 -8.49199478e-04
 -6.85246515e-04 -8.70553706e-04 -1.52593613e-03 -5.64573363e-04
 -1.54714404e-03 -1.02784368e-03 -1.01027913e-03 -7.72995430e-04
 -7.64673380e-04 -6.94133476e-04 -7.19999378e-04 -1.04587433e-03
 -9.68343768e-04 -1.07959803e-03 -1.28692809e-04 -1.08411833e-03
 -1.28993761e-03 -1.10186670e-03 -6.85278708e-04 -4.50699002e-04
 -7.68044762e-04 -7.24592212e-04 -1.80666383e-04 -8.89471965e-04
 -3.26954792e-04 -4.57047432e-04 -1.14084779e-03 -1.04982380e-03
 -9.62537542e-04 -6.36182331e-04 -4.98814920e-04 -6.31666088e-04
 -1.96115168e-03 -7.51403790e-04 -1.41057886e-03 -5.69007177e-04
 -8.56788125e-04 -6.31463807e-04 -9.62788349e-04 -6.49865839e-04
 -6.87033492e-04 -1.03052833e-03 -1.18979135e-03 -5.80397116e-04
 -1.42807735e-04 -7.16063629e-05 -6.26190463e-04 -8.43900567e-04
 -1.34636639e-04 -9.56411806e-04 -1.06709346e-03 -1.50113196e-03
 -4.49657839e-04 -1.08409355e-03 -6.25071151e-04 -1.35413893e-03
 -6.17090637e-04 -1.54577554e-03  1.57495649e-04 -2.30770677e-04
 -7.05644088e-04 -7.25770257e-04 -7.93537371e-04 -6.91595299e-04
 -2.01589474e-04 -1.89778852e-03 -5.99942766e-04 -7.09321281e-04
 -5.92886637e-04  1.72920202e-04 -1.11253150e-03 -4.94443549e-04
 -1.32253998e-03  1.45463742e-04 -4.97338994e-04 -3.60115871e-04
 -8.42167182e-04 -3.46144170e-04 -5.31365316e-04  1.57261857e-04
 -4.96392955e-04 -4.84243509e-04 -6.59208633e-04 -4.55681144e-04
 -7.08863117e-04 -3.04793745e-04 -5.41471666e-04 -7.57544627e-04
 -7.87371067e-04 -1.24599549e-05 -7.54723276e-04 -1.28126740e-03
 -5.42865494e-04 -1.20945888e-03 -3.54949069e-04 -6.67138661e-04
 -3.22593499e-04  1.34470067e-04 -5.53504605e-04  2.37490667e-05
  2.83266238e-04 -4.34391521e-04 -1.98065909e-05 -5.52389454e-04
  3.98631232e-05 -6.93396115e-04 -6.18841081e-04 -3.61061445e-04
 -3.62577180e-04 -4.07997374e-04 -3.98205071e-04 -3.34867448e-05
 -6.12267060e-04 -1.36310504e-04 -4.80596175e-04 -6.04218813e-04
 -6.91993399e-04 -5.83773436e-04 -3.02162042e-04 -1.22683829e-04
  1.27545683e-04 -4.82171350e-04 -2.84851351e-04  1.86168419e-04
 -2.20733381e-04 -2.23534742e-04 -6.83209151e-04 -3.96838636e-04
  2.40614688e-04 -1.09056753e-04  1.52849321e-04 -6.53608858e-04
  3.58078643e-06  5.00067775e-05  4.00779785e-04  1.89521747e-04
 -3.80335639e-04 -2.70685841e-04  1.18275351e-04 -2.81050497e-04
 -5.26528522e-04  1.24413285e-04 -7.18763945e-05 -4.05252197e-04
  2.53670086e-04  1.44473759e-04  1.41488804e-04 -1.16494584e-04
  5.49331908e-05  3.01037527e-04  3.45442480e-05  2.00175078e-06
 -1.52318163e-04  4.43622394e-04 -2.04134128e-04 -4.69599075e-05
 -2.14315068e-04  2.31091768e-04  2.62532987e-04 -2.61825736e-04
  5.34121890e-04  3.56599645e-04  3.23078493e-04  3.08801041e-04
 -3.75517210e-05  6.14410661e-05  1.24693516e-04  1.19101003e-04
  2.45022187e-04 -1.24655067e-05 -7.33773999e-05 -1.01230046e-04
  6.56634877e-04 -1.74814533e-05  1.92781038e-05  9.04330856e-05
 -1.25293835e-05  2.43023352e-04  1.44435537e-04  5.82049412e-04
 -1.74857671e-04  1.93730332e-04  2.02242839e-04  6.44811444e-04
  4.01357150e-04  1.68992148e-04  7.08799019e-04  1.96608717e-04
  4.22296571e-04  1.16211040e-04  3.26877473e-04  1.72995208e-04
 -3.76182993e-05  3.18931616e-04  7.06892672e-04  5.68542470e-05
  6.89374270e-04  1.39695871e-04  2.07935839e-04  3.58043769e-04
  4.27460280e-04  1.36694757e-04  4.43331005e-04  4.79650442e-05
 -1.43857988e-04  5.91557455e-04  6.02095230e-04  6.77579596e-04
  3.70022683e-04  3.65905907e-04  7.18952188e-04  6.07916077e-04
  7.94674873e-04  4.53979048e-04  3.07336235e-04  3.31606870e-04
  3.46595388e-04  3.61061831e-04  3.48704800e-05  4.63331620e-04
  2.84324466e-04  6.60737942e-04  5.42248144e-04  5.81502623e-04
  3.13760970e-04  2.45844069e-04  1.71585123e-04  6.95433523e-04
  4.08204764e-04  2.55255069e-04  5.07498523e-04  3.32638624e-04
  5.38912520e-04  4.36177271e-04  6.49619403e-04  5.78915998e-04
  3.33473300e-04  3.66415834e-04  5.22672023e-04  3.78629091e-05
  2.46505003e-04  3.03598773e-04  2.31755065e-04  3.70563133e-04
  8.04121122e-04  5.83715140e-04  5.66128154e-04  4.30732112e-04
  3.76295867e-04  5.09466242e-04  7.83095854e-05  3.33640070e-04
  5.68824502e-04  4.93763950e-04  3.82918396e-04  5.19874135e-04
  1.51126143e-04  2.38536903e-04  3.38441784e-04  6.96244193e-04
  3.92435787e-04  3.82346313e-04  4.17288011e-04  4.69585713e-04
  2.26182650e-04  4.65097488e-04  7.53532309e-04  5.55452034e-04
  8.12017790e-04  3.25734257e-04  2.65223375e-04  3.62716459e-04
  7.06187061e-04  2.78447125e-04  5.05548901e-04  2.26577934e-04
  5.30949345e-04  3.89630822e-04  1.99012394e-04 -2.32588417e-04
  2.08639926e-04  1.82714370e-04  4.98565410e-04  4.32748430e-04
  4.37802487e-05  4.10418092e-04  2.50813526e-04  6.27622680e-04
  6.42932997e-04  4.96038739e-04  8.67136931e-05  3.19461552e-04
  4.15219688e-04  6.41390620e-04 -1.15946744e-05  2.94641053e-04
  4.62343340e-04  3.77836236e-04  1.30415127e-04  5.01608165e-04
  7.29089050e-05  3.41606971e-04  1.13334462e-04  2.09999347e-04
  2.52121456e-04  8.60431237e-05  2.66591126e-04  1.15010619e-04
  1.46401418e-04  6.82732519e-05  4.03062471e-04  4.23042983e-04
  9.98540510e-05  2.35008194e-04  5.41642029e-04 -1.39791697e-04
  3.02499906e-04 -7.88193704e-05  3.14357028e-04  2.30221544e-04
  2.68376991e-04  5.24756603e-04  2.05506818e-04  5.31172152e-05
  3.27488549e-04  1.55349381e-04  3.14582722e-04  1.93207369e-04
  1.80725575e-04  3.74397977e-04  1.94072794e-04  9.92907965e-05
  2.94868519e-04  2.19441948e-04  2.91694374e-04  3.58513121e-04
 -1.32830513e-05  3.38043372e-04  3.19610183e-04  1.19628808e-04
  1.49193653e-04  3.35146878e-05  2.69399951e-04  1.28637698e-04
  3.16030211e-04  6.78795442e-05 -2.12688428e-05  2.05408808e-04
  2.85873085e-04  2.27527677e-04  3.33747441e-04  1.76773514e-04
  3.26851820e-04  2.64426042e-04  2.55556335e-04  2.78344728e-04
 -5.75190362e-05  2.67664328e-04  2.16867048e-04  2.21984258e-04
  1.79294265e-04 -2.28294914e-05  1.65733996e-04  2.33890831e-04
  6.48529947e-06  1.84096866e-04 -7.61038308e-07  9.93197316e-05
  2.35984027e-04  1.47207634e-04  1.03436931e-04  2.79994416e-04
  1.27647386e-04  2.94791023e-04  1.21082509e-04  2.59280902e-04
  2.69272615e-04  1.80354395e-04  2.27820907e-04  2.78837886e-04
  1.90984857e-04 -2.54560960e-05  2.09108259e-04 -2.28036498e-05
  3.21031317e-05 -5.63607832e-06  2.15312833e-04  1.62300287e-04
  1.64196047e-04 -3.98494263e-05  1.75184836e-04  1.53528218e-04
  1.32116755e-04  1.90198980e-04  5.59186444e-05  1.37651212e-04
  1.56999349e-04  1.93494703e-04  1.67673426e-04  2.62216721e-04
  1.83593154e-04  3.20237386e-04  1.69997008e-04  1.78955604e-04
  1.31510404e-04  9.96919227e-05 -1.10551976e-08  1.37871666e-04
 -6.56799499e-05  1.55519115e-04  1.07890145e-04  4.86520069e-05
  2.26555026e-04  2.24449306e-04  1.01970946e-06  2.18992631e-04
  2.59481957e-04  1.20941176e-04  9.21251469e-05  1.10693810e-04
  1.40995229e-04  6.55629791e-07 -1.06695225e-04  4.95181206e-05
  1.69852642e-04 -9.59384929e-05  1.32134341e-04 -2.37605386e-06
  7.18334276e-05  3.54296722e-05  2.58411410e-05  9.96762888e-05
  2.59962148e-05 -1.53345462e-05  1.45016170e-04  2.69216117e-04
  1.59489101e-04  2.88011403e-04  1.28381354e-04  2.25809459e-04
  1.13981164e-04  1.52853212e-04 -2.56490574e-05 -3.56586709e-05
 -3.48226959e-05  3.86266037e-05  5.92796067e-05 -1.17159457e-04
  1.01887890e-04  1.70620432e-04 -3.48645802e-05  1.54038162e-04
  2.91995012e-04  6.25479812e-05  1.63960772e-04  3.84822664e-05
  1.79219983e-05  1.79035343e-04  4.60345650e-05  1.64358868e-04
  1.84619749e-04  9.45843940e-05  2.26634154e-04  7.34126243e-05
  2.76199597e-04  7.98195660e-05  2.68330726e-05  1.80493327e-05
  1.55724794e-04  3.59431693e-06  9.34579227e-05 -1.37628345e-05
  6.76124517e-05  2.74814347e-04  1.24069905e-04  2.32374883e-04
  2.17285514e-04  2.77074440e-04  1.23365918e-04  1.96072521e-04
 -4.24007513e-05  1.14960649e-04  2.13904926e-04  7.30672831e-05]
