Frame: 131
temp_s_est shape: (1024,)
temp_s_est dtype: float64
temp_s_est:
[-5.03921954e-02 -5.03379732e-02 -5.03539778e-02 -5.02821556e-02
 -5.03630795e-02 -5.01014970e-02 -5.00920796e-02 -5.00973018e-02
 -4.99959929e-02 -4.98655483e-02 -4.94802934e-02 -4.94456124e-02
 -4.93573806e-02 -4.90506939e-02 -4.89594059e-02 -4.87082977e-02
 -4.84270649e-02 -4.80148934e-02 -4.75741149e-02 -4.73229204e-02
 -4.69117952e-02 -4.64166340e-02 -4.59415386e-02 -4.55742615e-02
 -4.51989392e-02 -4.44003089e-02 -4.38519530e-02 -4.34409325e-02
 -4.28627203e-02 -4.22922687e-02 -4.16086840e-02 -4.09081953e-02
 -4.04841772e-02 -3.97161760e-02 -3.90846518e-02 -3.83721207e-02
 -3.76517168e-02 -3.68778386e-02 -3.58591448e-02 -3.51534162e-02
 -3.41204216e-02 -3.35338243e-02 -3.24438276e-02 -3.14979212e-02
 -3.08616150e-02 -2.97252897e-02 -2.87507557e-02 -2.79153600e-02
 -2.68918737e-02 -2.59466140e-02 -2.47887764e-02 -2.38272627e-02
 -2.30055689e-02 -2.17521973e-02 -2.07298808e-02 -1.97139122e-02
 -1.88980803e-02 -1.75849314e-02 -1.63359372e-02 -1.56580892e-02
 -1.42990839e-02 -1.31815824e-02 -1.18336037e-02 -1.04338422e-02
 -9.39581589e-03 -8.05224384e-03 -7.15686387e-03 -6.09451404e-03
 -4.78607981e-03 -3.67202641e-03 -2.34557147e-03 -1.39704741e-03
 -6.06252725e-05  1.63656260e-03  2.57489315e-03  3.58241597e-03
  4.69418012e-03  6.56664489e-03  7.86037154e-03  8.83040508e-03
  9.63384518e-03  1.11086755e-02  1.28662823e-02  1.41680002e-02
  1.49826075e-02  1.62082246e-02  1.77011282e-02  1.89644926e-02
  1.99390207e-02  2.03678965e-02  2.21806567e-02  2.32350483e-02
  2.40338815e-02  2.55077988e-02  2.67914529e-02  2.79052966e-02
  2.87378401e-02  3.02513192e-02  3.16853440e-02  3.24151865e-02
  3.32296967e-02  3.43767925e-02  3.61988927e-02  3.67120511e-02
  3.71248546e-02  3.86837216e-02  3.99037379e-02  4.07840759e-02
  4.16341629e-02  4.24562683e-02  4.42709889e-02  4.45901179e-02
  4.51556159e-02  4.54893388e-02  4.67520336e-02  4.76664028e-02
  4.82017073e-02  4.95733745e-02  5.07881636e-02  5.12297904e-02
  5.14909402e-02  5.19724257e-02  5.35826759e-02  5.45396229e-02
  5.43846750e-02  5.49817945e-02  5.56623884e-02  5.63703847e-02
  5.60393033e-02  5.65566067e-02  5.78627597e-02  5.84657241e-02
  5.78872448e-02  5.76947552e-02  5.89393660e-02  5.99657226e-02
  5.91545801e-02  5.91378918e-02  6.04274312e-02  6.09312090e-02
  6.09169691e-02  6.00850638e-02  6.08414890e-02  6.17294295e-02
  6.10720626e-02  6.14308136e-02  6.09200972e-02  6.16863359e-02
  6.10226271e-02  6.05592488e-02  6.09496989e-02  6.11368184e-02
  6.07602333e-02  6.07168224e-02  6.09206385e-02  6.03900289e-02
  5.95568579e-02  5.88272763e-02  5.90365265e-02  5.96957290e-02
  5.89693389e-02  5.75612610e-02  5.76780838e-02  5.81044098e-02
  5.76636570e-02  5.61929160e-02  5.46930914e-02  5.54196376e-02
  5.52713875e-02  5.41281838e-02  5.34934368e-02  5.27280516e-02
  5.17035938e-02  5.07675137e-02  5.05576863e-02  5.05427591e-02
  4.91751210e-02  4.84208629e-02  4.75842277e-02  4.74883015e-02
  4.61199683e-02  4.42742350e-02  4.42655891e-02  4.42019161e-02
  4.30703862e-02  4.09410776e-02  3.96493530e-02  3.93599164e-02
  3.92795480e-02  3.74518209e-02  3.60396197e-02  3.52451101e-02
  3.44326798e-02  3.36249525e-02  3.17196912e-02  3.12267309e-02
  3.00063387e-02  2.92959397e-02  2.80934876e-02  2.68690171e-02
  2.56540041e-02  2.40332312e-02  2.28878027e-02  2.16745131e-02
  2.13492459e-02  1.96309236e-02  1.78359148e-02  1.67478083e-02
  1.56822527e-02  1.47215899e-02  1.31070928e-02  1.20541304e-02
  1.13747209e-02  9.78022249e-03  8.52895762e-03  7.27363383e-03
  6.17628299e-03  4.72933689e-03  3.47308866e-03  2.59597554e-03
  1.39633456e-03  2.99461752e-04 -6.79046678e-04 -2.04240143e-03
 -3.31239646e-03 -4.74169960e-03 -6.29511317e-03 -7.06763596e-03
 -7.98354173e-03 -9.63286695e-03 -1.08823953e-02 -1.22587493e-02
 -1.30599409e-02 -1.43134238e-02 -1.50165324e-02 -1.62856577e-02
 -1.71883854e-02 -1.84510570e-02 -1.99348095e-02 -2.08657176e-02
 -2.17627769e-02 -2.26622633e-02 -2.37524743e-02 -2.48729688e-02
 -2.59677068e-02 -2.67009160e-02 -2.80152361e-02 -2.88501186e-02
 -2.96721411e-02 -3.06302403e-02 -3.13496895e-02 -3.22293821e-02
 -3.31270128e-02 -3.42488582e-02 -3.48936613e-02 -3.56152373e-02
 -3.62777409e-02 -3.70089404e-02 -3.80472394e-02 -3.86465420e-02
 -3.93182301e-02 -4.00647379e-02 -4.07570160e-02 -4.13389219e-02
 -4.17739745e-02 -4.25003161e-02 -4.31084748e-02 -4.34410780e-02
 -4.41129775e-02 -4.46309609e-02 -4.52197208e-02 -4.56031841e-02
 -4.60919540e-02 -4.65920526e-02 -4.68765501e-02 -4.70508964e-02
 -4.73733753e-02 -4.79495516e-02 -4.82236477e-02 -4.83744904e-02
 -4.84897385e-02 -4.88001951e-02 -4.91299150e-02 -4.94628412e-02
 -4.94118659e-02 -4.95864234e-02 -4.98243298e-02 -4.97757347e-02
 -4.97041139e-02 -4.97551300e-02 -4.99574327e-02 -4.98983839e-02
 -4.97382348e-02 -4.95836224e-02 -4.96449207e-02 -4.94530559e-02
 -4.92460498e-02 -4.92301504e-02 -4.92566268e-02 -4.90306001e-02
 -4.86749834e-02 -4.84549301e-02 -4.82029798e-02 -4.81716690e-02
 -4.77413987e-02 -4.73989145e-02 -4.72728376e-02 -4.69558276e-02
 -4.64262105e-02 -4.59552782e-02 -4.57034134e-02 -4.52029786e-02
 -4.47420843e-02 -4.42857897e-02 -4.38766055e-02 -4.34332018e-02
 -4.28451787e-02 -4.23484694e-02 -4.18605554e-02 -4.12442434e-02
 -4.06382003e-02 -4.00304389e-02 -3.95718692e-02 -3.89917818e-02
 -3.83092944e-02 -3.76130615e-02 -3.69766355e-02 -3.64424455e-02
 -3.56841171e-02 -3.49786629e-02 -3.43932882e-02 -3.37619796e-02
 -3.29531624e-02 -3.21198385e-02 -3.13903094e-02 -3.07620744e-02
 -3.00159846e-02 -2.91482426e-02 -2.84167293e-02 -2.76923459e-02
 -2.69507495e-02 -2.60471815e-02 -2.53207673e-02 -2.46838904e-02
 -2.38606847e-02 -2.30412460e-02 -2.21539130e-02 -2.13452470e-02
 -2.05618075e-02 -1.97156580e-02 -1.88794973e-02 -1.81465355e-02
 -1.72789642e-02 -1.63765408e-02 -1.55849943e-02 -1.48092619e-02
 -1.39967471e-02 -1.31213892e-02 -1.23134284e-02 -1.14789380e-02
 -1.06842995e-02 -9.77137359e-03 -8.94609714e-03 -8.19703817e-03
 -7.34966709e-03 -6.48473625e-03 -5.70188604e-03 -4.95061917e-03
 -4.21790894e-03 -3.35251899e-03 -2.53901302e-03 -1.76725786e-03
 -1.04910618e-03 -2.32738056e-04  5.81082986e-04  1.28278167e-03
  1.99983090e-03  2.76531371e-03  3.57265422e-03  4.29292830e-03
  4.95703757e-03  5.66813548e-03  6.38780179e-03  7.12089023e-03
  7.73844823e-03  8.48948393e-03  9.15774867e-03  9.78524733e-03
  1.04550268e-02  1.10875579e-02  1.17374549e-02  1.23598852e-02
  1.29991564e-02  1.36189776e-02  1.42349159e-02  1.47444766e-02
  1.52823047e-02  1.58400646e-02  1.64150437e-02  1.69640090e-02
  1.74842397e-02  1.80125744e-02  1.84742250e-02  1.89308281e-02
  1.93975208e-02  1.99097749e-02  2.03886745e-02  2.07844677e-02
  2.12050357e-02  2.16210457e-02  2.20575765e-02  2.24305468e-02
  2.27623380e-02  2.31423846e-02  2.35203744e-02  2.38536243e-02
  2.41662451e-02  2.44553396e-02  2.48083974e-02  2.51002177e-02
  2.53527112e-02  2.55861997e-02  2.58285905e-02  2.60869810e-02
  2.63187766e-02  2.65070602e-02  2.67159839e-02  2.68965117e-02
  2.70648565e-02  2.72403772e-02  2.74165270e-02  2.75585346e-02
  2.76492058e-02  2.77998423e-02  2.78926689e-02  2.79786527e-02
  2.80455844e-02  2.81048205e-02  2.82005759e-02  2.82021989e-02
  2.82354053e-02  2.82568560e-02  2.82559101e-02  2.82665797e-02
  2.82595830e-02  2.82310027e-02  2.82216539e-02  2.81569635e-02
  2.80701852e-02  2.80144802e-02  2.79569504e-02  2.79087014e-02
  2.78211558e-02  2.77166794e-02  2.75778491e-02  2.74517961e-02
  2.73204080e-02  2.71981474e-02  2.70561010e-02  2.68784288e-02
  2.67453201e-02  2.65568279e-02  2.63778010e-02  2.61976456e-02
  2.59905802e-02  2.58125668e-02  2.56124026e-02  2.53754711e-02
  2.51207845e-02  2.48772050e-02  2.46629140e-02  2.44484027e-02
  2.41766573e-02  2.39245999e-02  2.36633225e-02  2.34135963e-02
  2.31353125e-02  2.28637485e-02  2.25849785e-02  2.22875281e-02
  2.20064912e-02  2.17029613e-02  2.14023006e-02  2.10962739e-02
  2.07487716e-02  2.04655885e-02  2.01572711e-02  1.98383780e-02
  1.95102673e-02  1.91744124e-02  1.88698431e-02  1.85289315e-02
  1.81875390e-02  1.78451845e-02  1.75017994e-02  1.71630349e-02
  1.68329451e-02  1.65085188e-02  1.61360889e-02  1.57664914e-02
  1.54251578e-02  1.50912070e-02  1.47485911e-02  1.43959437e-02
  1.40376044e-02  1.36987016e-02  1.33374524e-02  1.29784084e-02
  1.26170643e-02  1.22330460e-02  1.19428275e-02  1.15806304e-02
  1.12108948e-02  1.08221380e-02  1.04584679e-02  1.01442968e-02
  9.77424365e-03  9.42769702e-03  9.10151595e-03  8.75331402e-03
  8.38586478e-03  8.01548807e-03  7.69107724e-03  7.37153004e-03
  7.01805003e-03  6.66225142e-03  6.34733482e-03  6.01155289e-03
  5.66022116e-03  5.29610362e-03  5.00586147e-03  4.69827692e-03
  4.37961134e-03  4.04025573e-03  3.72308179e-03  3.41406668e-03
  3.07495769e-03  2.76886540e-03  2.46352856e-03  2.13989541e-03
  1.85338076e-03  1.52991752e-03  1.24938038e-03  9.65236141e-04
  6.46032277e-04  3.59943949e-04  7.52446600e-05 -1.82753339e-04
 -4.47119415e-04 -7.64588680e-04 -1.04484229e-03 -1.28199749e-03
 -1.53777360e-03 -1.83301398e-03 -2.10982995e-03 -2.34273355e-03
 -2.57818018e-03 -2.84130793e-03 -3.10940374e-03 -3.34881883e-03
 -3.57424381e-03 -3.82367499e-03 -4.04783720e-03 -4.25297602e-03
 -4.49329110e-03 -4.74053881e-03 -4.96705361e-03 -5.15082673e-03
 -5.37268175e-03 -5.59743059e-03 -5.80571092e-03 -5.97362096e-03
 -6.18427139e-03 -6.41461434e-03 -6.60920446e-03 -6.76572777e-03
 -6.92641302e-03 -7.11264575e-03 -7.31046608e-03 -7.48638270e-03
 -7.65553981e-03 -7.83945766e-03 -8.00501550e-03 -8.16358996e-03
 -8.30357341e-03 -8.46290193e-03 -8.65374509e-03 -8.76921025e-03
 -8.91731045e-03 -9.06741094e-03 -9.22927306e-03 -9.35565747e-03
 -9.46513526e-03 -9.60665564e-03 -9.77061734e-03 -9.88571939e-03
 -9.99510425e-03 -1.01100983e-02 -1.02545038e-02 -1.03648921e-02
 -1.04461406e-02 -1.05626474e-02 -1.06872960e-02 -1.07926548e-02
 -1.08810236e-02 -1.09719001e-02 -1.10849277e-02 -1.11718593e-02
 -1.12547238e-02 -1.13476739e-02 -1.14451297e-02 -1.15219794e-02
 -1.16028471e-02 -1.17041567e-02 -1.17810842e-02 -1.18486878e-02
 -1.19220726e-02 -1.19900873e-02 -1.20745773e-02 -1.21322121e-02
 -1.21788896e-02 -1.22496260e-02 -1.23159754e-02 -1.23747100e-02
 -1.24219084e-02 -1.24870071e-02 -1.25532196e-02 -1.26145022e-02
 -1.26399122e-02 -1.26790170e-02 -1.27401211e-02 -1.27944035e-02
 -1.28139734e-02 -1.28631046e-02 -1.29079399e-02 -1.29493738e-02
 -1.29816976e-02 -1.29944316e-02 -1.30603037e-02 -1.30935590e-02
 -1.31043765e-02 -1.31262140e-02 -1.31594444e-02 -1.32046997e-02
 -1.32124629e-02 -1.32177992e-02 -1.32498867e-02 -1.32767255e-02
 -1.32840160e-02 -1.33045536e-02 -1.33214046e-02 -1.33407760e-02
 -1.33402547e-02 -1.33488462e-02 -1.33718512e-02 -1.33886066e-02
 -1.33786704e-02 -1.33803305e-02 -1.34055364e-02 -1.34080666e-02
 -1.33969578e-02 -1.33766517e-02 -1.33846638e-02 -1.33997714e-02
 -1.33859077e-02 -1.33700244e-02 -1.33666972e-02 -1.33754087e-02
 -1.33591442e-02 -1.33384294e-02 -1.33250913e-02 -1.33179061e-02
 -1.33091652e-02 -1.32892636e-02 -1.32549181e-02 -1.32408882e-02
 -1.32100300e-02 -1.31780160e-02 -1.31701211e-02 -1.31495993e-02
 -1.31172937e-02 -1.30680899e-02 -1.30406398e-02 -1.30275410e-02
 -1.29804588e-02 -1.29336810e-02 -1.28932371e-02 -1.28717736e-02
 -1.28369995e-02 -1.27596419e-02 -1.27320573e-02 -1.27005566e-02
 -1.26420841e-02 -1.25847422e-02 -1.25159912e-02 -1.24928602e-02
 -1.24350194e-02 -1.23569403e-02 -1.22938949e-02 -1.22495442e-02
 -1.21753382e-02 -1.20937360e-02 -1.20332699e-02 -1.19854004e-02
 -1.19030455e-02 -1.18047298e-02 -1.17232229e-02 -1.16592274e-02
 -1.15843737e-02 -1.14699280e-02 -1.13850303e-02 -1.13094719e-02
 -1.12204039e-02 -1.11253613e-02 -1.09996010e-02 -1.09225385e-02
 -1.08258645e-02 -1.07132090e-02 -1.05888776e-02 -1.04747137e-02
 -1.03765336e-02 -1.02523647e-02 -1.01120991e-02 -9.99889445e-03
 -9.88969512e-03 -9.75417147e-03 -9.61371869e-03 -9.49268479e-03
 -9.36136126e-03 -9.20026000e-03 -9.05849976e-03 -8.91494382e-03
 -8.78623313e-03 -8.60942172e-03 -8.42344039e-03 -8.29815484e-03
 -8.13784487e-03 -7.95244597e-03 -7.78233600e-03 -7.61831518e-03
 -7.45958446e-03 -7.25212455e-03 -7.05706802e-03 -6.90212787e-03
 -6.71447349e-03 -6.49905236e-03 -6.28483127e-03 -6.10474096e-03
 -5.92167975e-03 -5.69499687e-03 -5.48117938e-03 -5.25763993e-03
 -5.05342963e-03 -4.82180861e-03 -4.58254446e-03 -4.35691001e-03
 -4.15430875e-03 -3.91917183e-03 -3.66817426e-03 -3.41037040e-03
 -3.18170747e-03 -2.92326424e-03 -2.66922086e-03 -2.40303082e-03
 -2.15487818e-03 -1.90111154e-03 -1.60095013e-03 -1.33515955e-03
 -1.08342687e-03 -8.02821762e-04 -5.12019816e-04 -2.20072617e-04
  2.28377065e-05  3.17278646e-04  6.46128902e-04  9.60629186e-04
  1.23295873e-03  1.52599081e-03  1.85710024e-03  2.17752182e-03
  2.45309845e-03  2.77474801e-03  3.08682207e-03  3.41715269e-03
  3.74460748e-03  4.05416714e-03  4.41184839e-03  4.71767937e-03
  5.06586788e-03  5.40904644e-03  5.72938768e-03  6.08878952e-03
  6.41063653e-03  6.75481468e-03  7.12106578e-03  7.45124225e-03
  7.80470519e-03  8.14477262e-03  8.50445815e-03  8.89094615e-03
  9.21804253e-03  9.54260760e-03  9.89245925e-03  1.02673049e-02
  1.06452419e-02  1.09980658e-02  1.13619687e-02  1.17209759e-02
  1.20922956e-02  1.24458690e-02  1.28028152e-02  1.31900166e-02
  1.35384137e-02  1.38890483e-02  1.42702909e-02  1.46170097e-02
  1.49653740e-02  1.52911170e-02  1.56844271e-02  1.60810420e-02
  1.64328196e-02  1.67576481e-02  1.70977083e-02  1.74610756e-02
  1.78087311e-02  1.81405857e-02  1.84731930e-02  1.88128522e-02
  1.91804067e-02  1.95080491e-02  1.98236499e-02  2.01496203e-02
  2.04916517e-02  2.08341092e-02  2.11524560e-02  2.14460827e-02
  2.17757418e-02  2.20483880e-02  2.23620408e-02  2.26529563e-02
  2.29499457e-02  2.32471543e-02  2.35043578e-02  2.37848026e-02
  2.40714810e-02  2.43276672e-02  2.45745822e-02  2.48207361e-02
  2.50684027e-02  2.53227548e-02  2.55643220e-02  2.58032515e-02
  2.60215777e-02  2.62105949e-02  2.64147422e-02  2.66342020e-02
  2.68224894e-02  2.69805455e-02  2.71715183e-02  2.73388336e-02
  2.74987811e-02  2.76123456e-02  2.77299271e-02  2.79057065e-02
  2.80210718e-02  2.81648867e-02  2.82655860e-02  2.83279642e-02
  2.84025582e-02  2.84625726e-02  2.85322063e-02  2.86049365e-02
  2.86201734e-02  2.86449756e-02  2.86743725e-02  2.86894907e-02
  2.86685424e-02  2.86474964e-02  2.86353911e-02  2.86315108e-02
  2.85740133e-02  2.84743107e-02  2.83876253e-02  2.83149388e-02
  2.82150701e-02  2.81361954e-02  2.80153182e-02  2.78716300e-02
  2.77427355e-02  2.75562421e-02  2.73949129e-02  2.72358465e-02
  2.70428799e-02  2.68550535e-02  2.65965200e-02  2.63928065e-02
  2.61407091e-02  2.58454866e-02  2.55599190e-02  2.52967825e-02
  2.50162092e-02  2.46672146e-02  2.43410791e-02  2.40126803e-02
  2.36849665e-02  2.33037176e-02  2.29325196e-02  2.25492978e-02
  2.21465586e-02  2.17070745e-02  2.13076800e-02  2.09071093e-02
  2.04341501e-02  1.99445561e-02  1.94334145e-02  1.90065858e-02
  1.84996601e-02  1.79372823e-02  1.74252375e-02  1.69127621e-02
  1.63721740e-02  1.57593477e-02  1.51710980e-02  1.46096266e-02
  1.40491842e-02  1.33968694e-02  1.27483300e-02  1.21717416e-02
  1.15470811e-02  1.08974929e-02  1.02212669e-02  9.55469173e-03
  8.92905051e-03  8.20458657e-03  7.45936160e-03  6.78512267e-03
  6.11477292e-03  5.38792136e-03  4.61524830e-03  3.87532250e-03
  3.13312173e-03  2.34465004e-03  1.55046869e-03  7.65576790e-04
  2.85496097e-05 -7.58361053e-04 -1.57628605e-03 -2.35382939e-03
 -3.12673273e-03 -3.96444163e-03 -4.75544346e-03 -5.56014468e-03
 -6.30340021e-03 -7.18758044e-03 -8.06191943e-03 -8.87576587e-03
 -9.65864560e-03 -1.04971820e-02 -1.14134464e-02 -1.21979163e-02
 -1.29861308e-02 -1.38760930e-02 -1.47354294e-02 -1.55506953e-02
 -1.63709486e-02 -1.71946693e-02 -1.81078998e-02 -1.89350587e-02
 -1.97284154e-02 -2.05211577e-02 -2.13849010e-02 -2.22658296e-02
 -2.29875137e-02 -2.38042319e-02 -2.46535600e-02 -2.54712890e-02
 -2.62873554e-02 -2.70031830e-02 -2.79444013e-02 -2.87718798e-02
 -2.94762200e-02 -3.01915916e-02 -3.09691571e-02 -3.17106202e-02
 -3.24522631e-02 -3.31340889e-02 -3.39539928e-02 -3.46339520e-02
 -3.53410274e-02 -3.59509014e-02 -3.66761165e-02 -3.74062835e-02
 -3.79313507e-02 -3.85551424e-02 -3.92608694e-02 -3.99081023e-02
 -4.04563915e-02 -4.09175155e-02 -4.15762411e-02 -4.23073676e-02
 -4.28340327e-02 -4.32292761e-02 -4.37973301e-02 -4.43900878e-02
 -4.47314004e-02 -4.50987718e-02 -4.55739258e-02 -4.60250959e-02
 -4.64798145e-02 -4.67635849e-02 -4.70718498e-02 -4.75582536e-02
 -4.78829328e-02 -4.82542010e-02 -4.85566444e-02 -4.88663534e-02
 -4.90959719e-02 -4.92374912e-02 -4.94142903e-02 -4.97241454e-02
 -4.98240343e-02 -4.99684339e-02 -5.00453103e-02 -5.03606122e-02]
