Frame: 1
temp_s_est shape: (1024,)
temp_s_est dtype: float64
temp_s_est:
[ 9.65839450e-05 -2.53797981e-05  5.64203511e-06  1.10573441e-04
  1.09590933e-04  1.04338919e-04  2.24857450e-05 -6.11400720e-05
  2.34068902e-05 -2.26691586e-05 -7.47799610e-05  6.56761400e-05
 -1.13718858e-04 -2.72176453e-05 -3.66139594e-05  4.09161147e-06
 -9.38370893e-05  1.39508259e-04  1.00494782e-05 -1.58718634e-04
  7.97608732e-06  4.92787416e-05 -1.58601271e-04 -2.80924862e-05
  2.25643273e-05 -1.18734624e-04 -4.56689350e-05  1.73042517e-04
 -3.79672101e-05 -2.70160603e-05 -9.76819482e-05  9.69895782e-05
 -1.55880625e-04  1.36904497e-04 -3.48555609e-05  3.08997366e-05
 -4.68784280e-05  1.29863023e-04  2.74732404e-05  6.17157288e-05
 -1.35239233e-04 -7.67174931e-07  1.12933857e-05  1.15320651e-04
 -1.41264020e-04 -5.79517611e-05 -1.03190316e-04  6.99767470e-06
  2.13360226e-05 -3.78055576e-06  2.67759363e-06  1.04361552e-04
 -3.31987011e-05  2.70575101e-06 -5.87279882e-05 -9.10647952e-06
 -1.49998913e-04  1.05027869e-04 -7.45651338e-05 -9.06838817e-05
 -4.72046310e-05  2.32606187e-04 -7.64884705e-05  3.28709775e-05
 -2.52531173e-05  9.24587199e-05 -7.32068507e-06 -1.14222941e-05
 -8.17495449e-05 -2.31290230e-04 -7.91948893e-05 -1.03048304e-04
  6.17012708e-05 -6.23282619e-05 -1.09953919e-04  5.80092943e-05
 -5.45460505e-05  5.48737382e-05  1.00047578e-04 -1.04541900e-04
 -1.26379880e-04  6.88705341e-07 -1.78446347e-05 -9.63017354e-05
 -5.27172801e-06 -9.04990914e-05 -4.00067038e-05  7.15207713e-05
  1.05758161e-04 -5.68164826e-05  6.20370163e-05  9.70799458e-05
 -1.07566900e-04 -1.31787582e-04 -1.00479772e-04  1.07479217e-04
 -1.32883951e-04 -4.32898339e-05 -6.19202958e-05  7.37467262e-06
 -1.23700537e-04  2.23099275e-04  1.41454606e-05 -1.38991453e-05
 -6.81847732e-05  2.29930511e-04 -2.60249783e-05  8.67944361e-05
  1.93454557e-05 -2.25454705e-04  1.63311626e-04 -3.44138670e-05
  1.40574829e-04 -1.51683645e-04  4.96109018e-05  5.99261890e-05
  3.27716236e-05  1.29088708e-04  5.79919302e-05 -1.68980521e-05
  5.34992733e-05 -5.35372544e-05 -2.65558033e-05 -3.97790312e-05
 -3.60247853e-05  2.73925090e-05 -2.45103665e-05 -1.65792309e-04
 -2.06625686e-04  3.14172385e-05  1.30861979e-04 -1.97750105e-04
  5.87263882e-05  6.08423913e-05  2.36411605e-04  2.93981301e-05
  1.01869775e-04 -1.56095438e-04 -4.02219311e-05 -1.05784049e-04
  8.73481086e-05 -5.55725326e-07  9.73728734e-05 -5.74553302e-05
  1.07046345e-04 -5.64378269e-05  1.32051112e-04  2.46900541e-04
 -5.78977480e-05  1.45442254e-05  1.74961021e-05  3.25486067e-05
 -1.51139209e-04 -9.47509980e-06 -7.36457571e-05 -1.79589692e-04
  7.41054397e-05 -7.27786583e-05  2.22120353e-04 -1.36695857e-05
  3.73636451e-04 -3.40086918e-04  1.31523177e-04  1.80254812e-04
 -1.19992003e-04 -1.01243868e-04 -1.85429637e-04 -1.78826141e-04
  3.66272143e-05  3.89361394e-05  1.20955680e-04 -3.38806269e-05
  1.56978900e-04  7.23158616e-05  6.83684704e-05  1.45432883e-05
  1.09056559e-04 -1.49204458e-04  1.51386892e-04  1.60082964e-04
 -1.40213639e-04  1.61660454e-04  1.80191809e-04 -1.67805571e-04
  1.46484088e-04  7.77334435e-05  2.48246101e-04 -3.27115370e-05
  7.36256665e-05 -1.07400373e-04 -3.10205571e-04  1.31501273e-04
  4.13223073e-06 -1.75950194e-05  1.98193779e-04 -1.65901339e-04
 -6.00830103e-05 -1.90144290e-04  2.29594255e-04 -4.59141906e-04
  7.96930289e-05 -3.19995351e-04  3.10237540e-04  6.85226221e-05
  8.70149109e-05 -1.30396259e-04  1.19723104e-05  4.19194965e-05
  2.18313790e-04 -1.57474690e-04 -1.99818390e-04  3.38990789e-05
 -1.97396750e-04 -2.69436197e-05 -3.20641119e-04 -7.16287080e-05
 -5.82313763e-05  5.88778588e-05 -3.02546133e-05 -5.65538436e-05
  1.30999693e-04 -1.72395351e-05  4.05618556e-05 -3.10625670e-05
 -1.13915359e-04 -3.77773836e-05 -5.40229211e-05  1.14612099e-04
  8.62938816e-06 -9.60763967e-05  1.81806020e-04  3.66061293e-04
  2.81734375e-04 -1.66589344e-04 -3.33172324e-04 -1.03315326e-04
  8.46058189e-05  7.98511836e-05 -3.19345124e-04  4.49890863e-05
 -3.63489830e-04  2.77790253e-05 -1.71695459e-04  1.30245696e-04
 -2.54820971e-04 -2.24208041e-04  3.56363435e-04 -1.44691054e-04
  4.63876194e-04 -1.10573688e-04  8.70424268e-05 -2.38677453e-04
  2.07690630e-04  5.52476224e-05 -2.94806389e-04  5.58284694e-04
  8.39436212e-05  1.52453972e-04 -2.66353797e-04  2.66507905e-04
  3.98596633e-04 -6.80601163e-05  3.92919610e-04  2.33137822e-04
 -4.14727986e-05  2.70422760e-04  3.26833958e-04  1.80438938e-04
 -5.55718533e-04  5.01462138e-05 -9.43364668e-05 -1.64044645e-04
  2.05562326e-04  4.27227862e-05 -3.59702020e-04  1.93646770e-04
  3.23607730e-04  2.80482764e-04  8.65667745e-06  1.25729960e-04
  7.51596503e-05  4.56255832e-05 -2.91401182e-04 -7.10309661e-05
 -6.00276968e-05  6.98323780e-06 -2.72837124e-04 -1.81941628e-04
  1.70274788e-04  2.79590606e-04  1.59378263e-04  1.41750673e-04
  1.18854223e-04  4.11095089e-06  2.39366992e-05  8.47216701e-05
 -3.78781640e-04 -1.44423658e-04 -1.78900601e-04  2.11421244e-04
 -9.80537096e-05  5.38639987e-04 -3.60693291e-04  1.69145846e-04
 -7.82004039e-05  5.25755440e-04 -1.98917476e-04  2.49224092e-04
 -2.96511845e-04 -2.21466340e-04 -7.75332435e-05  1.17584986e-05
  1.94286970e-04 -5.46742245e-04  3.80989689e-04  5.45165671e-04
 -1.85058442e-04 -6.74344967e-05  6.27239006e-04  1.07555225e-04
 -4.18183664e-04 -1.55310393e-04  3.91143649e-05 -3.64246506e-04
 -1.41182010e-04 -2.20436958e-04 -5.48479760e-04  2.18146602e-05
 -1.24583750e-04  2.60784039e-04 -4.41706000e-04  2.88525766e-04
 -2.52028994e-04  5.75719548e-06  4.22804800e-04 -3.72379107e-04
  2.00913114e-04 -1.98683013e-04  2.48489268e-04 -2.54933840e-06
  4.04823330e-04 -3.14332604e-04 -3.04223020e-04  1.17999152e-04
 -2.32483593e-04 -1.07068480e-04  2.18863518e-04  3.11857089e-04
 -2.22340575e-04 -1.93810959e-04  1.01554897e-05 -1.32331451e-04
  1.66556263e-04 -4.25335007e-05 -7.55450271e-04 -5.31391244e-05
  3.57973876e-04 -2.17874286e-04 -2.54642208e-04  6.58259683e-05
  9.62510815e-05  4.58137360e-05  4.90496474e-04  1.85849130e-04
 -2.56776250e-04 -5.82171736e-04 -1.63652309e-04 -1.89577032e-04
  4.13087552e-04 -3.76822377e-04  5.39142926e-05 -2.18996487e-04
  4.29055677e-04  5.62353700e-04  1.35889662e-05 -3.57585492e-05
  5.21146038e-04  2.20956932e-04  2.96606568e-04  1.92993266e-04
 -7.75484526e-05 -3.15968072e-05  3.41197972e-04  1.51425668e-04
  1.69866772e-04  2.42663930e-04  5.19707798e-04  1.69949857e-04
  1.42140588e-04 -5.85768853e-05  3.04515733e-06  3.44468410e-04
 -1.64969200e-04  1.50815474e-04 -4.51455534e-04 -3.74770691e-05
  3.96497563e-04  4.39643430e-05  7.62331738e-05 -7.43155780e-04
  2.43760280e-04 -2.24475371e-05  8.07186278e-04 -2.87838591e-04
  1.05701153e-04 -2.78681008e-05  4.38640659e-04  4.10318214e-05
  2.43643409e-04 -8.53711607e-05  2.50372871e-04 -1.95974300e-04
 -5.96822482e-05  1.98668807e-04 -3.41842550e-04 -1.32150964e-05
 -5.17491329e-04  5.48902275e-04 -3.59863630e-04 -2.14554813e-04
  2.74994034e-04  5.81283203e-04 -4.42629046e-05 -6.02414309e-04
  6.61035453e-04 -6.46827039e-04 -4.84097426e-04 -4.59216190e-05
 -1.93125236e-04 -7.65355031e-04  3.44389311e-04  3.18068100e-04
 -4.48427544e-04 -5.06545157e-04  3.71436461e-04  5.76119551e-05
 -2.76877282e-04  4.84558162e-04 -3.61008414e-04 -8.20396717e-04
 -2.47384136e-04 -1.80195009e-04 -2.45094241e-04 -2.92208282e-04
  5.99971315e-05 -3.62343239e-04  2.19916619e-04  1.06818459e-04
  2.53874071e-04 -2.00417477e-05  2.20684569e-04 -1.25350072e-04
  1.08555843e-04 -1.00374835e-04  5.68520383e-04 -7.78880807e-05
  2.13563385e-04 -8.02951270e-05  4.00589732e-04 -7.94453233e-05
  6.04420402e-04 -1.48154619e-04 -3.45428627e-04  3.63163029e-05
 -1.78827473e-04  2.30015912e-04 -3.52683047e-04 -1.60211921e-04
 -8.05808680e-04 -4.89397653e-05 -6.92538495e-04 -6.48066791e-04
  2.54215560e-04  4.56110571e-05 -6.69962583e-05 -3.70894607e-04
  3.90482689e-04 -9.57471980e-05 -7.24873181e-04  5.42168540e-04
  7.69174577e-05 -6.29368550e-05 -1.15365780e-04  2.73721994e-04
 -7.11381612e-04 -3.69411889e-04 -5.44923896e-05 -5.24421419e-04
  1.49670455e-05  7.60554660e-04  2.53379177e-04 -2.25825550e-04
  5.20796630e-04  7.05804291e-04  3.05258033e-04 -2.38247822e-04
  8.42747202e-05  1.06385731e-04  2.29438265e-04  2.94552012e-04
  1.07834319e-04  3.29004100e-04 -2.59441635e-04  7.07470694e-04
 -7.30485879e-05  9.88286149e-04 -3.58490929e-04  5.73153552e-04
 -9.35808594e-05 -1.38536800e-04 -2.52503144e-04 -2.95066861e-04
  2.67335966e-05 -6.85205371e-05 -1.15194498e-04 -1.22952708e-04
  6.54846582e-04  5.79574587e-04  1.96315246e-04 -2.64940962e-05
 -1.29413840e-04  2.31170871e-04 -2.98494000e-04 -2.03260761e-04
 -6.88679520e-04 -1.11919507e-04  5.48314288e-05  8.71390786e-05
  3.66494323e-04 -3.19260314e-04 -4.52197651e-04  2.81001122e-04
  2.51189633e-04  6.12940245e-04  2.87824681e-05  2.23297164e-04
 -2.43586792e-04  1.16026707e-04  3.36655795e-04  5.58362427e-05
 -6.57511784e-04  3.98768295e-04  2.43459777e-04 -1.59988321e-04
  1.73224585e-04  3.67337411e-05 -5.00949797e-05 -1.29221208e-04
 -2.04187079e-04 -3.36506105e-04  2.54202330e-04  3.57414427e-04
 -4.15976707e-04  1.77846440e-04 -1.07687727e-03  4.28546465e-04
 -9.36393005e-04  1.69979961e-04 -6.34851086e-04 -6.17853301e-04
  1.59242773e-04 -2.45990227e-05  1.33898434e-04 -1.76243273e-04
  4.37232552e-05 -2.26510046e-04 -4.19936363e-04  5.41711929e-04
 -3.44910044e-04 -3.97429817e-04 -2.63789768e-04  4.98279403e-04
  1.66407762e-04 -2.41112082e-05 -2.40623220e-04 -4.47393696e-05
  6.00330571e-04  1.41810291e-04  1.03970511e-04  3.76738000e-04
  8.24374723e-06 -2.30853123e-04 -1.82025306e-04 -1.18869699e-04
 -1.66817349e-04  1.27908202e-04  1.64478122e-04  6.73659028e-05
 -1.07148261e-04  4.52813567e-04 -5.61825948e-04  2.86110671e-04
 -5.81355989e-07  1.21882449e-04 -1.22428683e-03  7.92864946e-04
 -9.96327820e-05  6.80658643e-05 -4.98972842e-04  1.69116317e-04
 -3.08211386e-04 -3.03389228e-04  7.79687833e-04 -2.54996155e-04
 -4.13524745e-05  3.91866340e-04  2.68030768e-04 -1.06371265e-04
  2.70710844e-05  8.29877151e-04 -7.21266712e-05  2.81655073e-05
  2.89059259e-04  4.12592476e-04  1.31550566e-04  1.92349926e-04
 -2.38678170e-04  2.62951637e-04 -1.93483726e-04  4.06380006e-04
 -1.80670130e-04  2.48552449e-05  2.12958191e-04  1.84697574e-04
  2.00888984e-04  4.77842490e-04 -2.87697607e-05 -3.08032315e-04
 -2.97859997e-05  4.20280086e-04 -2.60808713e-04  2.36580105e-04
  1.04521021e-04 -1.52375918e-04  6.76424316e-04 -2.06902156e-04
  1.31118858e-04 -7.95146051e-05  1.12863548e-04 -5.17370449e-04
 -4.70494259e-04  4.84950725e-04 -6.04427897e-04 -2.11955226e-04
 -6.17771755e-04 -8.22253800e-05 -5.34039788e-04  6.53564325e-04
  5.41354623e-04 -4.18643536e-04  6.81894638e-04  2.44091993e-04
 -4.12747968e-05 -7.21771852e-04  9.36575202e-04 -4.51517554e-04
 -4.77856133e-04  3.85282029e-04  8.72070597e-04  1.98289420e-04
  4.92095991e-05  3.11670626e-05  2.39711081e-04  1.45959843e-04
  1.62562519e-04 -1.34005787e-04 -1.85779500e-04 -1.64454393e-04
  3.93634579e-05 -6.11538030e-04 -6.68897629e-05 -1.39939759e-04
 -3.37257633e-04 -1.18512813e-04  3.96858676e-04  7.11474092e-05
 -2.52420673e-04 -1.46866767e-04  1.38994433e-04 -3.70252133e-04
 -1.69144643e-04  1.51814666e-04 -3.13979296e-04 -1.54106842e-05
 -4.54644822e-04 -3.09956858e-04  7.90186774e-05 -3.54164028e-04
  1.55262369e-04 -4.22054716e-04  1.30341567e-04 -1.95249382e-04
  6.32090941e-04  7.12567226e-05 -1.00094572e-04 -2.05815569e-04
  3.05867527e-04 -2.32758637e-04 -1.96684468e-05 -2.68802532e-04
 -7.09955920e-05 -5.45733842e-04  4.74558274e-04 -5.89183432e-05
 -1.25820192e-04 -4.64204418e-05  2.41109350e-04  2.50241563e-05
  1.95443432e-04 -1.74810781e-05  1.54935318e-04 -4.49883126e-04
  3.81518332e-04 -3.60018007e-04 -2.57784273e-04  1.68215290e-04
  1.98679947e-04  7.84727330e-06  1.46631696e-04  3.57900471e-05
  1.28685675e-04  1.34976188e-04  6.96335144e-04 -4.54248263e-04
 -2.74992829e-04 -2.02337464e-05  5.89522713e-04 -2.98552758e-04
  2.38459773e-04  3.57727806e-04 -3.62775029e-05  2.69863793e-04
  3.81270943e-04  1.96262869e-04 -1.53360970e-04  1.83305893e-05
 -1.63064448e-04 -1.39237224e-04  7.86888559e-05 -3.09046699e-04
 -5.06040931e-05 -1.51292678e-04 -8.27074178e-07 -1.38769522e-04
  2.70929820e-04 -2.44076468e-04  2.36966395e-04  2.63703319e-04
 -3.37602964e-04  1.96452190e-04  1.76757013e-04 -1.23358006e-04
 -1.75933544e-04  9.63912291e-05  9.51181422e-05 -3.19106643e-05
 -1.80935875e-04  1.21365719e-04 -4.20939241e-04 -1.70491636e-04
  1.21108099e-05 -1.30880874e-04  1.64284343e-04  5.57040394e-06
  1.05594670e-04 -1.75554363e-04  3.31908806e-05  3.96390442e-04
 -1.07850585e-04  2.91539295e-04  1.21281520e-04  2.01507160e-04
 -1.96217931e-04  1.94516002e-06  1.14094012e-04 -1.46084317e-04
  1.04244881e-04  6.01620165e-05 -3.05805550e-05 -2.40166177e-04
  1.54580933e-04 -1.72330312e-04 -4.15727107e-04 -2.17252617e-05
  4.26798785e-04 -2.41899271e-04 -8.31734976e-05  5.20659540e-05
 -2.32738476e-05  5.44414912e-05  6.37809293e-05  1.53117652e-04
 -2.01405832e-04  7.98102337e-05 -2.80940221e-06 -4.40722310e-05
 -2.58492426e-04 -7.32628419e-05 -3.18554137e-04  5.96621249e-05
 -1.36806896e-04  8.83850704e-05 -3.79281158e-05  1.18633581e-04
 -7.93381804e-05  2.06852950e-04  6.51424215e-06  5.22542728e-05
 -4.82001216e-05 -6.23916700e-05 -1.75080307e-04 -2.06712954e-04
  1.80888608e-04 -5.68900843e-05 -7.94967315e-05 -1.19397525e-04
  1.07367194e-04 -5.04479884e-05 -2.24660172e-04  1.51217919e-04
 -2.67068213e-04 -8.27109167e-05 -1.48842347e-06  3.29136572e-04
 -4.58944871e-05  1.96020702e-05  7.94280267e-05 -1.07458295e-04
  8.39947071e-05  1.05295152e-04 -5.42142086e-05 -2.47539537e-04
  5.64904353e-05  1.93310783e-04 -1.65310081e-04  9.46101112e-06
  2.74203618e-04 -5.29515978e-05 -3.92151426e-05 -2.39111017e-05
  2.24053660e-05 -1.27781443e-04 -1.22611130e-04 -1.19113564e-04
 -4.80464190e-04  1.98924543e-04  1.64563989e-05  6.13001517e-05
 -9.32506282e-05  7.70463662e-06  9.25755930e-05  5.62828419e-05
  1.65998161e-04  6.85162324e-05 -9.12056219e-05 -5.82487867e-05
 -1.69666375e-04  1.63814332e-04  1.47932885e-06  9.37940526e-05
 -3.32519936e-05  2.30074477e-05  7.97270275e-05  1.52446962e-04
  1.01813956e-04 -1.58435032e-04 -1.77683990e-04  2.40693082e-04
 -1.58633988e-04 -2.77629099e-04  2.53280273e-05 -1.79013494e-05
 -3.56564062e-05  3.45450891e-05  9.52456065e-05  1.96789232e-04
 -1.07663579e-04  1.20231839e-04 -9.29928080e-05  2.88323982e-05
  1.30798146e-05  6.30939093e-05 -1.27412335e-04  1.52996453e-04
 -6.52636961e-05  3.50043451e-05  1.10725898e-04  2.07392311e-04
 -4.49406520e-05 -1.70568465e-04  1.14238963e-04  1.11273270e-04
 -5.73667168e-05 -7.02198315e-05 -2.04643119e-05 -1.30526362e-04
  1.95228367e-05  9.39069753e-05 -8.15382060e-05 -1.83793068e-04
  1.38713558e-04 -1.08092398e-04  5.75976492e-05 -1.47759888e-04
  2.08593011e-04 -5.58238399e-05 -4.78731866e-06  1.20366343e-04
 -2.72132508e-07  3.35715359e-05 -4.21067164e-05 -6.24165082e-06
  8.56737542e-05 -2.28568202e-04  4.18902212e-05  2.24877796e-05
  1.50584912e-05 -1.17538242e-04 -2.69286908e-05  6.15509672e-05
  9.18539014e-05  7.78685831e-05  1.16689951e-06  1.88863858e-05
 -5.43354632e-06 -9.00896704e-05  4.59506075e-05 -1.24775712e-05
  6.83003759e-05  4.86295002e-05 -3.86447864e-05  1.30088536e-04
  9.81374021e-05 -1.05057513e-04 -1.95316588e-05  1.65834138e-05
  4.03348692e-05 -9.67691228e-05 -2.10252457e-05 -1.41851041e-05
 -1.74491169e-04 -4.08500571e-05  1.34212320e-04 -6.21454286e-05
  1.31811116e-04  1.61554569e-04  1.58088040e-04 -1.22919288e-04
  1.56099924e-05  1.14498052e-04 -1.08433029e-04 -1.23142552e-04
  6.81201682e-05 -7.86365683e-05  2.86917682e-05 -5.60639349e-05
 -3.08737777e-05 -6.02063225e-05  7.34023953e-05 -1.26018980e-05
  7.02158077e-05  3.13802372e-05  3.19528958e-05 -9.93015518e-05
  4.21624904e-05 -4.87723406e-05  4.85575337e-05 -6.15128102e-06
  2.43769163e-05  6.43845683e-05  1.03785700e-04  3.32240550e-05
 -7.26175819e-05 -4.03235421e-05  6.63763696e-06 -1.10979822e-04
  6.31948035e-05 -1.64116815e-05  1.13787344e-05 -7.78478999e-05
  2.72114951e-05 -1.69682596e-05  1.11426062e-04  9.26111305e-05
  1.44091754e-04 -1.35163795e-04 -7.43295203e-05  2.47748809e-05
 -2.51044634e-05 -1.07639632e-04  9.65201115e-05 -6.28858784e-05
 -1.82695725e-05  7.86164271e-05  9.22235811e-05 -2.39508656e-06
 -8.99709468e-05  6.36357620e-05  4.97912413e-06  5.30474664e-05
  1.34022565e-04  7.84427520e-05 -4.18064280e-05  4.57913073e-05
  1.03480006e-04  1.08444988e-04  5.51012787e-05  1.02460268e-04
 -7.55142320e-05 -6.91786445e-05  5.94667538e-05  7.55507173e-05
 -6.35606045e-05 -2.73108216e-05 -2.14477438e-05 -5.37410096e-05
  2.08783328e-06  1.62983673e-04  9.68177282e-05 -1.32310403e-04
 -7.44241240e-08 -2.67706623e-05  6.97144474e-05 -8.16485271e-05]
