Frame: 119
temp_s_est shape: (1024,)
temp_s_est dtype: float64
temp_s_est:
[-4.24346535e-04 -4.60692246e-04 -5.13558255e-04 -5.36266652e-04
 -4.10051439e-04 -4.96705562e-04 -4.46055316e-04 -3.95294851e-04
 -5.87056084e-04 -6.45100690e-04 -4.93870731e-04 -5.12430465e-04
 -4.53822170e-04 -4.41081154e-04 -3.43841213e-04 -4.73291697e-04
 -4.30885909e-04 -4.40619547e-04 -4.53841248e-04 -3.87839448e-04
 -3.35651047e-04 -2.54399984e-04 -5.16970023e-04 -4.30096576e-04
 -4.15043948e-04 -2.73819761e-04 -4.29979346e-04 -1.61556964e-04
 -2.42314386e-04 -2.36024330e-04 -2.08548119e-04 -1.47866447e-04
 -3.90572709e-04  3.23862164e-05 -6.62529154e-05 -7.70524260e-05
 -1.30246341e-04 -1.38051646e-04 -2.50359283e-04 -2.71152027e-04
 -2.14684086e-04 -9.61333617e-05 -1.62375592e-04 -2.13545866e-04
 -1.90294464e-04 -3.54583087e-04 -7.55883957e-05 -5.27310863e-04
  2.09091360e-04  2.04102705e-05  3.44729921e-05 -2.63142338e-04
  2.18975626e-05  1.28549118e-04  1.13200386e-04 -1.17904483e-04
  3.95735181e-04  2.45904232e-04  1.12746434e-04 -1.39280874e-04
  1.62707162e-04  1.34088103e-04  1.99364275e-04  4.89419509e-04
  3.72552324e-04  3.89873081e-04 -7.94532563e-05  2.18443243e-04
  1.17671309e-04  6.57881648e-04  3.97315549e-04  3.86387660e-04
  1.97633785e-04  4.82580290e-04 -2.62553010e-04 -5.65203349e-05
  1.50523371e-04  6.26320924e-04  3.88525893e-04 -2.47042541e-04
  4.34193626e-04  3.30169197e-04  3.23025675e-05  5.23821520e-04
  8.32383335e-04  7.67297392e-04  6.77601227e-04  1.11698409e-04
  5.84757334e-04  1.99831636e-04  9.18673828e-04  6.34444818e-04
  1.28122198e-03  5.76160472e-04  2.49868392e-04  2.84835753e-04
  9.16096401e-04  2.82135555e-04  9.10112273e-04  7.54082519e-04
  7.76304638e-04  5.90940875e-04  4.16312163e-04  3.37219401e-04
  6.71376217e-04  8.93221427e-04  1.03088688e-03  4.90579602e-04
  1.54682273e-04  4.26151818e-04  2.57475928e-04  3.20408764e-04
  6.82364894e-04  1.05794925e-03  7.44885291e-05  8.06054573e-04
  3.28765568e-04  7.08434408e-04  3.11165344e-04  1.28851617e-03
  1.09937643e-03  9.26118240e-04  8.64825302e-04  5.17559942e-04
  3.93939057e-04  8.03078824e-04  5.60877373e-04  1.18399633e-03
  6.25120594e-04  5.94602790e-04  1.15150989e-03 -5.52144493e-06
  5.12995308e-04  8.58072973e-04  1.14748311e-03  6.51201418e-04
  5.13155444e-04  2.32209316e-04  1.04054255e-03  1.16538873e-04
  6.16738199e-04  3.81727288e-04  9.52231284e-04  3.80414659e-04
 -5.69365047e-06  1.43857983e-04 -1.74732702e-05  8.62043117e-05
  6.02217645e-04  9.86507167e-04  6.09365716e-04  6.08792565e-04
  2.04277332e-04  7.20994317e-04  6.32013143e-04  1.08918455e-03
  5.17600921e-04  1.06187411e-03  6.31183148e-04  6.44697701e-04
 -6.04464909e-04  6.73315486e-04  5.64051302e-04  3.56533398e-04
 -1.64923303e-04  2.49552493e-04  2.01075633e-04 -2.82383990e-04
 -3.66613769e-04  6.13788296e-04  6.08675673e-04  1.44067842e-04
  5.97338718e-04 -9.90584970e-05  1.07928249e-04 -2.20889845e-04
 -9.07517352e-05  7.08221407e-04  4.76866434e-04 -5.01999880e-04
 -2.52648735e-05 -2.57385877e-04  7.76178489e-05 -2.16090724e-04
  2.06327124e-04  4.36883015e-04  2.66362039e-04  1.36235915e-05
 -2.31480608e-04  2.43176214e-04  3.58388878e-04  2.95270411e-04
  1.86596700e-04  2.15122903e-04 -3.04457495e-04  4.19454372e-06
 -6.18119037e-04 -2.10112096e-04  1.40819287e-04 -4.49037080e-04
 -5.18316151e-04 -7.20355383e-05 -9.33950933e-04 -7.00042268e-04
 -1.92252108e-04  1.49491969e-05  7.56620924e-05 -4.39942496e-04
 -2.73675390e-04 -1.41255184e-04 -5.97873782e-04 -9.33376157e-05
 -9.61135172e-05 -5.67738044e-04 -2.47008600e-04 -3.64023395e-04
 -4.57369128e-04 -7.81498612e-04 -2.57997557e-04  2.45191253e-05
 -3.08929511e-04 -1.24357134e-04 -3.73234700e-04 -4.99178984e-04
 -1.01283123e-04 -4.16465295e-04 -2.90891360e-04 -7.85846063e-05
 -1.89690687e-04 -4.22076440e-04 -5.73333416e-04 -7.14608894e-04
 -2.81636873e-04 -6.11150814e-04 -5.59851389e-04 -5.88407655e-04
 -9.15061214e-04 -5.84418894e-04 -6.12518060e-04 -6.08437588e-04
 -4.14219431e-04 -6.38319815e-04 -4.10268814e-04 -2.24962269e-04
 -5.59604142e-04 -4.76656527e-04 -6.02322158e-04 -2.34273484e-04
 -2.07100268e-04 -6.39812485e-04 -4.40760983e-04 -4.29801931e-04
 -5.74024574e-04 -5.21479812e-04 -3.73495532e-04 -3.31362222e-04
 -4.60334378e-04 -5.45212035e-04 -2.68796992e-04 -6.24999081e-04
 -4.06099184e-04 -5.25537245e-04 -4.40345921e-04 -3.95831162e-04
 -4.35248868e-04 -7.50238898e-04 -4.41948525e-04 -5.81524693e-04
 -5.16469254e-04 -5.59259808e-04 -5.50785118e-04 -3.15424206e-04
 -5.40369186e-04 -7.05593317e-04 -3.72748836e-04 -4.01974874e-04
 -4.24961936e-04 -1.94638042e-04 -4.50858727e-04 -3.80989582e-04
 -3.22875496e-04 -3.78821268e-04 -3.35373617e-04 -2.76543626e-04
 -3.45022668e-04 -2.94457847e-04 -3.15118316e-04 -3.24364333e-04
 -5.20614446e-04 -3.46359257e-04 -1.55622520e-04 -3.68068516e-04
 -2.49674271e-04 -3.96210164e-04 -3.30982017e-04 -3.21561597e-04
 -3.47169753e-04 -2.05530378e-04 -2.50474536e-04 -4.10294145e-04
 -1.59059859e-04 -4.19798524e-04 -4.08905875e-04 -2.70084305e-04
 -2.67069712e-04 -2.11821378e-04 -2.15186052e-04 -2.66905267e-04
 -2.45561522e-04 -1.94213597e-04 -1.44336779e-04 -1.27504817e-04
 -1.37897336e-04 -4.90839874e-05 -1.03262182e-04 -1.64107047e-04
 -1.59494982e-04 -4.89487021e-05 -8.84936801e-05 -1.01282336e-05
 -6.45941877e-05 -2.89864419e-05 -1.81924439e-04 -9.45477227e-05
  1.80575721e-05 -1.22300695e-04 -4.98677259e-05 -2.98522195e-05
 -8.56296197e-05 -2.01147418e-05 -1.46641768e-04 -2.06013877e-05
  5.27083920e-05 -2.12997033e-05 -1.62086190e-06 -5.79469331e-05
 -3.95786241e-05  4.30341922e-06 -6.23685599e-05  8.67055469e-05
  4.72346562e-05  1.36914737e-05  4.45295347e-05  6.29885887e-05
  7.40513208e-05  1.08368649e-04  1.37308527e-04  1.85667389e-04
  1.48033936e-04  1.68961742e-04  7.74152890e-05  1.07709136e-04
  2.04759777e-04  1.72962525e-04  1.20839985e-04  1.19617000e-04
  1.59838416e-04  1.33038364e-04  9.77889136e-05  1.37638619e-04
  1.68868225e-04  1.53311302e-04  1.57573125e-04  1.86410308e-04
  1.15435986e-04  1.59574144e-04  2.15515228e-04  2.29879684e-04
  1.98193253e-04  2.40352468e-04  2.03923566e-04  2.40241430e-04
  1.98580866e-04  2.30271110e-04  2.28525657e-04  2.12474211e-04
  2.27752462e-04  2.09884165e-04  1.92578317e-04  2.32986754e-04
  2.66107790e-04  2.71966754e-04  2.53082103e-04  2.55316980e-04
  2.63087167e-04  2.74312002e-04  2.95422764e-04  2.38385632e-04
  2.73914474e-04  2.82417191e-04  2.65112073e-04  2.48351517e-04
  2.26414767e-04  2.45434930e-04  2.30212208e-04  2.53788868e-04
  2.35783288e-04  2.50001796e-04  2.54677479e-04  2.23685419e-04
  2.72152241e-04  2.85685382e-04  2.50782142e-04  2.59315135e-04
  2.71283446e-04  3.23655811e-04  2.95110117e-04  2.25385589e-04
  2.83292644e-04  2.78919189e-04  2.50320165e-04  2.48323272e-04
  2.49547481e-04  2.74561334e-04  2.41933091e-04  2.25039697e-04
  2.34070830e-04  2.74853582e-04  2.53383527e-04  2.46556817e-04
  2.73710506e-04  2.76963391e-04  2.15712879e-04  2.38297085e-04
  2.47311344e-04  2.45186521e-04  2.24540215e-04  2.26106127e-04
  2.39044665e-04  1.94323003e-04  1.86333746e-04  1.81304936e-04
  2.27858652e-04  2.26781727e-04  2.22484164e-04  1.67903618e-04
  2.22726320e-04  2.13886127e-04  2.10847603e-04  1.89326799e-04
  2.56608049e-04  2.17329929e-04  1.85232422e-04  1.69616700e-04
  1.85722512e-04  1.53030900e-04  1.47349514e-04  1.85413859e-04
  1.82233751e-04  1.34336066e-04  1.21602388e-04  1.49773353e-04
  1.28182959e-04  1.49083160e-04  1.36985051e-04  1.68011310e-04
  1.29856108e-04  1.33914100e-04  1.01704207e-04  1.38740749e-04
  1.28706026e-04  1.37222663e-04  1.18081823e-04  1.11997277e-04
  9.40377223e-05  9.27323360e-05  7.31382498e-05  9.95788448e-05
  9.47967057e-05  8.48886026e-05  1.00211685e-04  8.11493014e-05
  8.51275625e-05  5.37871991e-05  8.42976424e-05  8.14207471e-05
  9.12441544e-05  3.47085678e-05  4.28584781e-05  4.85328428e-05
  5.11163908e-05 -5.99039555e-06  5.15130857e-05  3.19421335e-05
  2.26247759e-05  6.83103604e-06  3.50073969e-05  2.09951137e-05
  2.80500241e-06  1.67191144e-05  4.79473605e-05  9.13633712e-06
 -3.70311496e-06  2.45433726e-05  4.66408334e-06  2.12631075e-06
 -1.29715963e-05  4.14602239e-06 -1.58767143e-05  3.74909013e-06
 -3.50070170e-05 -2.79523373e-05 -3.53612680e-05 -1.04695654e-05
 -4.28281020e-05 -2.28370442e-05 -2.16517849e-05 -1.97374877e-05
 -4.10943663e-05 -3.03957038e-05 -2.55771790e-05 -4.33808778e-05
 -5.18496299e-05 -4.03433862e-05 -3.14209537e-05 -7.32942070e-05
 -6.32839395e-05 -7.04597440e-05 -4.00305361e-05 -7.97690883e-05
 -6.01390077e-05 -6.21046004e-05 -3.61293439e-05 -9.42427765e-05
 -5.95883362e-05 -6.90035437e-05 -4.45876575e-05 -7.08820308e-05
 -5.61201786e-05 -5.98474408e-05 -6.11667506e-05 -8.78749182e-05
 -6.15560203e-05 -6.98876742e-05 -9.00905984e-05 -7.32661887e-05
 -8.23555442e-05 -7.24661701e-05 -8.89371976e-05 -7.80524561e-05
 -9.31324776e-05 -6.35210479e-05 -8.17365521e-05 -6.32415846e-05
 -1.00450495e-04 -6.33575879e-05 -9.06925627e-05 -7.66435421e-05
 -8.59114761e-05 -7.92551858e-05 -8.55810733e-05 -8.20627199e-05
 -8.86563506e-05 -7.46364372e-05 -1.01756899e-04 -8.23304552e-05
 -6.63087699e-05 -9.81240464e-05 -5.60857758e-05 -8.38476595e-05
 -7.00823884e-05 -7.39957141e-05 -7.08188109e-05 -8.27816198e-05
 -5.50534222e-05 -8.57632260e-05 -5.95368711e-05 -9.11613037e-05
 -7.09133734e-05 -9.71909507e-05 -7.84044832e-05 -7.04463683e-05
 -8.17422616e-05 -9.35051077e-05 -7.44084813e-05 -7.10576813e-05
 -8.86918307e-05 -8.12242675e-05 -7.61275412e-05 -3.63090320e-05
 -8.81036738e-05 -6.12904044e-05 -7.50773700e-05 -6.10576873e-05
 -7.99789184e-05 -5.00594274e-05 -8.46745630e-05 -3.66086276e-05
 -8.56484126e-05 -6.16086650e-05 -7.46633857e-05 -6.01365190e-05
 -6.34503662e-05 -6.23270416e-05 -5.07932814e-05 -3.59394526e-05
 -8.02850329e-05 -6.69955210e-05 -4.13113469e-05 -5.55231051e-05
 -4.43722147e-05 -8.20880062e-05 -3.50782220e-05 -6.56436152e-05
 -7.14563306e-05 -7.02290454e-05 -4.91984546e-05 -6.28946306e-05
 -4.03679488e-05 -7.78056718e-05 -4.33577809e-05 -6.51085308e-05
 -6.00663895e-05 -5.37447425e-05 -4.40721049e-05 -3.63476568e-05
 -5.10304029e-05 -5.18165910e-05 -4.81875009e-05 -4.45358112e-05
 -6.32891050e-05 -2.80346350e-05 -5.77819011e-05 -3.94895733e-05
 -7.26251322e-05 -5.63567633e-05 -6.04130508e-05 -3.14833912e-05
 -6.81343218e-05 -2.65140177e-05 -6.04629699e-05 -3.87143441e-05
 -5.32247719e-05 -5.60325617e-05 -5.28420702e-05 -5.12178188e-05
 -4.67191612e-05 -3.75164818e-05 -6.35467605e-05 -6.85575214e-05
 -5.79612075e-05 -6.36583650e-05 -3.40362289e-05 -7.37836746e-05
 -3.56063267e-05 -6.93206360e-05 -5.86257908e-05 -5.45648923e-05
 -4.46749830e-05 -6.43012598e-05 -2.86107439e-05 -6.72578712e-05
 -3.26035336e-05 -6.78601288e-05 -6.30104451e-05 -5.19086279e-05
 -4.86796939e-05 -5.85124235e-05 -5.90651908e-05 -6.89616010e-05
 -6.06202134e-05 -6.76284197e-05 -9.04592715e-05 -5.25053146e-05
 -6.08586543e-05 -5.06904426e-05 -8.52696114e-05 -6.77747715e-05
 -6.95813525e-05 -6.75593138e-05 -8.27222820e-05 -4.72321327e-05
 -8.62125615e-05 -6.20478531e-05 -8.87329468e-05 -8.24289835e-05
 -6.53482129e-05 -8.85289948e-05 -7.61937721e-05 -5.84913388e-05
 -7.14754685e-05 -8.10706115e-05 -8.50550547e-05 -8.79615763e-05
 -4.16733722e-05 -9.50181680e-05 -6.14565331e-05 -8.21420159e-05
 -6.78268453e-05 -9.73335998e-05 -8.84066551e-05 -9.38536666e-05
 -5.94285044e-05 -1.06081413e-04 -6.58698214e-05 -1.06486974e-04
 -9.01600456e-05 -9.30334008e-05 -9.30625435e-05 -8.20087305e-05
 -8.37584827e-05 -9.87914536e-05 -8.89203223e-05 -9.24846853e-05
 -9.64513933e-05 -8.16926048e-05 -1.05254916e-04 -6.44214056e-05
 -9.74181092e-05 -8.99681976e-05 -1.05798917e-04 -9.18289622e-05
 -1.06677355e-04 -6.99193844e-05 -1.00280536e-04 -7.18809454e-05
 -1.02244891e-04 -8.17990952e-05 -8.65066305e-05 -9.83907153e-05
 -7.90547204e-05 -7.02682961e-05 -8.96791386e-05 -9.19529627e-05
 -9.48730493e-05 -1.00590977e-04 -7.33669473e-05 -1.06050593e-04
 -7.53309779e-05 -9.44984283e-05 -7.53605742e-05 -9.92815521e-05
 -7.85410699e-05 -9.52282934e-05 -7.31678858e-05 -9.42954798e-05
 -5.03636539e-05 -7.67190067e-05 -7.69831691e-05 -8.24174480e-05
 -7.69069169e-05 -5.12470789e-05 -6.35331590e-05 -7.79074787e-05
 -6.23124168e-05 -5.12685461e-05 -7.28766928e-05 -5.02590409e-05
 -8.61929992e-05 -2.15615720e-05 -6.19335273e-05 -5.38295087e-05
 -4.84023236e-05 -1.99318410e-05 -6.53441961e-05 -3.50784261e-05
 -5.33771867e-05 -3.88509884e-06 -6.09043855e-05 -3.48188061e-05
 -2.66718353e-05 -3.79877488e-05 -4.33611137e-05 -3.38070251e-05
 -1.75168903e-05 -1.67597266e-05 -2.53142279e-05 -1.79579979e-05
  1.04473276e-06 -2.02899679e-05  1.42468378e-05 -1.66128829e-05
  1.81227170e-05  2.57068235e-05  2.75694250e-05  2.66889742e-07
  3.98858231e-05  7.63566603e-06  3.19488010e-05  2.56069500e-05
  4.61549863e-05  3.69918271e-05  2.26942488e-05  3.78375505e-05
  4.99660716e-05  4.54608464e-05  5.14092616e-05  6.23173150e-05
  6.67062727e-05  8.15046696e-05  3.76701275e-05  8.81523995e-05
  6.72485354e-05  8.66531432e-05  8.29037098e-05  9.87634500e-05
  9.13651800e-05  9.20464281e-05  7.50973251e-05  1.31228163e-04
  7.37118804e-05  1.13142757e-04  1.30746702e-04  1.26897637e-04
  1.26137992e-04  1.17391258e-04  1.49730145e-04  1.49081133e-04
  1.36011381e-04  1.58465738e-04  1.63974645e-04  1.44021520e-04
  1.70265203e-04  1.37719811e-04  1.67806493e-04  1.49058943e-04
  1.75485491e-04  1.65036403e-04  1.86551769e-04  1.69260137e-04
  1.79933752e-04  1.66561316e-04  2.03147533e-04  1.98129672e-04
  2.02085743e-04  2.07471039e-04  2.36812990e-04  2.05463130e-04
  1.93950176e-04  2.10880970e-04  2.32126125e-04  2.41118789e-04
  2.04852690e-04  2.33871220e-04  2.22388085e-04  2.24030155e-04
  2.11559269e-04  2.35736776e-04  2.73047658e-04  2.62751933e-04
  2.29386409e-04  2.88225916e-04  2.50743325e-04  2.44536148e-04
  2.53470233e-04  2.95089929e-04  2.85120849e-04  2.48265851e-04
  2.55551290e-04  2.55660244e-04  2.42283818e-04  2.56294106e-04
  2.66313580e-04  2.70257874e-04  2.78670723e-04  2.54229153e-04
  2.53398788e-04  2.43506039e-04  2.97337772e-04  2.86658587e-04
  2.81756283e-04  3.03741647e-04  2.97855764e-04  2.51210493e-04
  2.82795117e-04  3.02137316e-04  2.89971556e-04  2.66758484e-04
  2.92200563e-04  2.76226972e-04  2.61759872e-04  2.38479964e-04
  2.74351601e-04  3.09067881e-04  2.67130807e-04  2.92933321e-04
  2.80333411e-04  2.61055800e-04  2.69235972e-04  2.62585304e-04
  2.73294455e-04  2.65064904e-04  2.39444379e-04  2.58067961e-04
  2.25170035e-04  2.35837388e-04  2.21026883e-04  2.44797712e-04
  2.52460776e-04  2.17856454e-04  2.25821000e-04  2.22637095e-04
  2.29926874e-04  2.40678859e-04  2.25526171e-04  2.40717440e-04
  2.36668879e-04  2.23573019e-04  2.39161869e-04  1.87022726e-04
  2.16574694e-04  1.76075181e-04  1.81621263e-04  1.99358206e-04
  1.69186672e-04  1.38442274e-04  1.36670994e-04  1.70533754e-04
  1.54221316e-04  9.63643830e-05  1.53288990e-04  1.61489381e-04
  1.26426712e-04  9.09408816e-05  1.32081706e-04  1.41070281e-04
  7.59959893e-05  9.91113827e-05  1.00625426e-04  9.90870039e-05
  8.25923533e-05  3.91536503e-05  6.65688499e-05  6.73798850e-05
  5.91617070e-05  5.41269614e-05  6.31518182e-05  4.95876451e-05
  1.19401694e-05  5.58009138e-06  5.69502698e-05  1.68903302e-05
 -7.12444832e-06 -4.22636726e-05 -1.74213165e-05 -6.74545458e-06
 -7.98046547e-05 -7.72738623e-05 -6.38329177e-05 -6.41653063e-05
 -9.14906887e-05 -1.26925534e-04 -9.39923950e-05 -1.01434266e-04
 -1.22068615e-04 -1.33379968e-04 -8.69944383e-05 -1.12458698e-04
 -2.05692329e-04 -1.73277345e-04 -1.37584591e-04 -1.91954232e-04
 -1.53457939e-04 -1.98289465e-04 -1.40843527e-04 -2.25654775e-04
 -2.50541437e-04 -2.14974277e-04 -2.14644499e-04 -2.26402251e-04
 -2.13488534e-04 -2.65168523e-04 -2.18392749e-04 -2.55408025e-04
 -2.64040195e-04 -2.80071582e-04 -2.84313057e-04 -2.12118349e-04
 -3.19771837e-04 -3.11560159e-04 -4.06394316e-04 -3.92971340e-04
 -3.36073099e-04 -3.38187325e-04 -4.06046026e-04 -4.05711157e-04
 -4.20182540e-04 -4.10153401e-04 -4.39196309e-04 -3.69735663e-04
 -4.22644835e-04 -3.80385129e-04 -3.60472269e-04 -4.37575747e-04
 -4.53658063e-04 -4.21308856e-04 -4.23348953e-04 -4.10224715e-04
 -3.43390341e-04 -3.90893632e-04 -5.00008174e-04 -4.74125207e-04
 -4.07070072e-04 -4.60675492e-04 -4.80613708e-04 -4.24980486e-04
 -4.21205202e-04 -5.59654867e-04 -5.95831541e-04 -4.81969969e-04
 -5.12451596e-04 -4.87414830e-04 -4.88635228e-04 -4.96183204e-04
 -5.48637972e-04 -5.43328707e-04 -6.23262626e-04 -5.29469400e-04
 -4.96826323e-04 -5.56394368e-04 -5.80094804e-04 -5.06273413e-04
 -6.01229921e-04 -5.88240021e-04 -5.86281099e-04 -3.98082448e-04
 -4.17901791e-04 -4.37650174e-04 -6.08295342e-04 -4.69257492e-04
 -3.90578310e-04 -4.84821214e-04 -4.63428975e-04 -3.76783293e-04]
