Frame: 83
temp_s_est shape: (1024,)
temp_s_est dtype: float64
temp_s_est:
[ 6.36549733e-02  6.36411485e-02  6.38076553e-02  6.37271579e-02
  6.38109217e-02  6.37024195e-02  6.36999038e-02  6.36421586e-02
  6.34762099e-02  6.34291889e-02  6.31347347e-02  6.28409496e-02
  6.27148717e-02  6.24246703e-02  6.21964295e-02  6.18141859e-02
  6.15399744e-02  6.09873906e-02  6.05664164e-02  6.01380954e-02
  5.98805790e-02  5.92235257e-02  5.87673572e-02  5.79916736e-02
  5.73379607e-02  5.69879196e-02  5.61606418e-02  5.55901465e-02
  5.48657077e-02  5.39480391e-02  5.31327015e-02  5.24970429e-02
  5.16972842e-02  5.07718574e-02  5.00483542e-02  4.88188153e-02
  4.78954040e-02  4.69481130e-02  4.63690112e-02  4.49693977e-02
  4.41609468e-02  4.28686355e-02  4.16322252e-02  4.08459225e-02
  3.95928894e-02  3.82718686e-02  3.72826025e-02  3.59088451e-02
  3.46558282e-02  3.36379025e-02  3.21506404e-02  3.11325930e-02
  2.95470883e-02  2.81449505e-02  2.68343847e-02  2.55206671e-02
  2.44667851e-02  2.27292898e-02  2.13188239e-02  1.96248721e-02
  1.85118257e-02  1.68095442e-02  1.60096534e-02  1.39478207e-02
  1.27139187e-02  1.08164376e-02  9.36895744e-03  7.91783507e-03
  6.48005729e-03  5.46714879e-03  3.06382693e-03  2.02552614e-03
  2.18077599e-05 -1.35359564e-03 -2.81784805e-03 -4.31819742e-03
 -6.24870104e-03 -7.82071948e-03 -8.77676507e-03 -1.11689659e-02
 -1.19760012e-02 -1.43788043e-02 -1.51870489e-02 -1.70934470e-02
 -1.82552931e-02 -2.03380753e-02 -2.16122899e-02 -2.33727496e-02
 -2.50773593e-02 -2.61948756e-02 -2.78593563e-02 -2.92294989e-02
 -3.12337213e-02 -3.22662731e-02 -3.45027765e-02 -3.47747180e-02
 -3.65131928e-02 -3.80030509e-02 -3.95566433e-02 -4.15133611e-02
 -4.25781396e-02 -4.39697330e-02 -4.46702501e-02 -4.68367711e-02
 -4.73166170e-02 -4.93429225e-02 -5.01155491e-02 -5.18917970e-02
 -5.20987632e-02 -5.41488584e-02 -5.55437815e-02 -5.64342001e-02
 -5.80985428e-02 -5.80226853e-02 -5.99542201e-02 -6.04411522e-02
 -6.24685996e-02 -6.23696250e-02 -6.39935252e-02 -6.43787876e-02
 -6.51589739e-02 -6.64329514e-02 -6.75095880e-02 -6.91357658e-02
 -6.86925349e-02 -7.04618182e-02 -6.96316568e-02 -7.14924202e-02
 -7.16268327e-02 -7.29487450e-02 -7.25920118e-02 -7.28069743e-02
 -7.41431769e-02 -7.42916549e-02 -7.55003529e-02 -7.56712079e-02
 -7.64346099e-02 -7.59529722e-02 -7.72958170e-02 -7.62720859e-02
 -7.73712563e-02 -7.80946655e-02 -7.72150351e-02 -7.75259428e-02
 -7.71194036e-02 -7.78307505e-02 -7.77887108e-02 -7.90984905e-02
 -7.75653899e-02 -7.81824247e-02 -7.73464140e-02 -7.77370855e-02
 -7.66937755e-02 -7.76194512e-02 -7.65985306e-02 -7.58209506e-02
 -7.72583515e-02 -7.48098444e-02 -7.58680296e-02 -7.50738307e-02
 -7.50195354e-02 -7.34673145e-02 -7.43198331e-02 -7.24762395e-02
 -7.22931615e-02 -7.21767469e-02 -7.00456953e-02 -7.05564701e-02
 -6.91711888e-02 -6.96398426e-02 -6.71558023e-02 -6.83082847e-02
 -6.58631855e-02 -6.59354794e-02 -6.49853880e-02 -6.34345541e-02
 -6.25228980e-02 -6.19401658e-02 -6.03638335e-02 -5.89845602e-02
 -5.92158465e-02 -5.66250903e-02 -5.70829445e-02 -5.51936346e-02
 -5.39256529e-02 -5.31452983e-02 -5.16628869e-02 -5.03767463e-02
 -4.90031990e-02 -4.77157924e-02 -4.61899380e-02 -4.55133409e-02
 -4.33111081e-02 -4.25668547e-02 -4.06665509e-02 -4.01413987e-02
 -3.80913549e-02 -3.72544536e-02 -3.58990346e-02 -3.38916869e-02
 -3.29970120e-02 -3.03783726e-02 -2.95659507e-02 -2.83253575e-02
 -2.69079480e-02 -2.50401532e-02 -2.39389017e-02 -2.14987937e-02
 -2.06078116e-02 -1.93935041e-02 -1.69016503e-02 -1.67986653e-02
 -1.38527290e-02 -1.28106075e-02 -1.08501579e-02 -9.96489077e-03
 -7.50071773e-03 -6.93181418e-03 -4.94827807e-03 -3.06643004e-03
 -2.12742935e-03 -5.44036194e-04  1.10106544e-03  2.83993977e-03
  3.83559804e-03  6.40268087e-03  7.26030272e-03  8.82570257e-03
  1.07110042e-02  1.15778745e-02  1.32197777e-02  1.51587355e-02
  1.61683722e-02  1.74032750e-02  1.91244080e-02  2.04030178e-02
  2.20906615e-02  2.32873134e-02  2.48705367e-02  2.60458621e-02
  2.75741676e-02  2.90622208e-02  3.00461599e-02  3.15287242e-02
  3.25440625e-02  3.38019461e-02  3.49474316e-02  3.63068866e-02
  3.73843457e-02  3.86883406e-02  3.97287800e-02  4.09993330e-02
  4.20787342e-02  4.29723915e-02  4.44694605e-02  4.48547309e-02
  4.62381202e-02  4.69816405e-02  4.79884754e-02  4.87538175e-02
  4.98652845e-02  5.04229223e-02  5.14498541e-02  5.24389889e-02
  5.30056022e-02  5.39370501e-02  5.44445426e-02  5.51590279e-02
  5.57872377e-02  5.66011838e-02  5.69752096e-02  5.77234983e-02
  5.82502684e-02  5.85481463e-02  5.92388915e-02  5.97230873e-02
  6.01095639e-02  6.05699048e-02  6.09188914e-02  6.10564700e-02
  6.14564764e-02  6.18044637e-02  6.20139370e-02  6.22826044e-02
  6.24774007e-02  6.24811951e-02  6.26169388e-02  6.28235939e-02
  6.29272324e-02  6.29588436e-02  6.30761791e-02  6.27537593e-02
  6.28676528e-02  6.27792395e-02  6.26326200e-02  6.25536351e-02
  6.24156761e-02  6.21785998e-02  6.20885185e-02  6.17339924e-02
  6.15034781e-02  6.12187935e-02  6.09636891e-02  6.04990422e-02
  6.01699240e-02  5.98647580e-02  5.93239477e-02  5.89386551e-02
  5.84691750e-02  5.78965367e-02  5.74694924e-02  5.69424515e-02
  5.63642046e-02  5.58049161e-02  5.52443388e-02  5.44994170e-02
  5.40012543e-02  5.32196241e-02  5.26400717e-02  5.19548619e-02
  5.11364030e-02  5.04861628e-02  4.96494090e-02  4.89231324e-02
  4.81696527e-02  4.73454764e-02  4.64849145e-02  4.57899346e-02
  4.48398395e-02  4.39166466e-02  4.31551384e-02  4.22290325e-02
  4.13504228e-02  4.04331988e-02  3.95811864e-02  3.84189420e-02
  3.77102905e-02  3.66706665e-02  3.56347047e-02  3.48386887e-02
  3.38449477e-02  3.26780918e-02  3.18382394e-02  3.07815018e-02
  2.97520155e-02  2.88815303e-02  2.77684367e-02  2.67381521e-02
  2.57055523e-02  2.47108547e-02  2.36816156e-02  2.26180225e-02
  2.16441669e-02  2.05755895e-02  1.95367007e-02  1.84436709e-02
  1.74810626e-02  1.63853910e-02  1.54242706e-02  1.43685010e-02
  1.33674718e-02  1.22842967e-02  1.13256793e-02  1.02898556e-02
  9.19902877e-03  8.27292680e-03  7.21483956e-03  6.23026872e-03
  5.22661556e-03  4.25701037e-03  3.18414378e-03  2.33534078e-03
  1.29166752e-03  3.03609107e-04 -5.52954220e-04 -1.56688878e-03
 -2.48848418e-03 -3.45927356e-03 -4.35271954e-03 -5.29671038e-03
 -6.11872189e-03 -7.04419135e-03 -7.93298859e-03 -8.79231204e-03
 -9.64922808e-03 -1.05014929e-02 -1.13214614e-02 -1.21566071e-02
 -1.30041967e-02 -1.37407865e-02 -1.46119981e-02 -1.52990642e-02
 -1.61071032e-02 -1.68054861e-02 -1.75594945e-02 -1.82513914e-02
 -1.90005281e-02 -1.96479342e-02 -2.03243425e-02 -2.10675996e-02
 -2.16464450e-02 -2.23291040e-02 -2.28919897e-02 -2.35522882e-02
 -2.40649710e-02 -2.47114120e-02 -2.51841503e-02 -2.57569024e-02
 -2.62810358e-02 -2.67572604e-02 -2.72917134e-02 -2.77643417e-02
 -2.82833831e-02 -2.86928902e-02 -2.91780451e-02 -2.95393152e-02
 -2.99798567e-02 -3.03342534e-02 -3.06967966e-02 -3.10324336e-02
 -3.13846079e-02 -3.17243375e-02 -3.19943148e-02 -3.23419491e-02
 -3.26028765e-02 -3.29076675e-02 -3.30905855e-02 -3.33703578e-02
 -3.35466689e-02 -3.37740696e-02 -3.39442181e-02 -3.41001949e-02
 -3.42391321e-02 -3.43906910e-02 -3.45489195e-02 -3.45866013e-02
 -3.47775806e-02 -3.48090256e-02 -3.49263309e-02 -3.49677888e-02
 -3.49972602e-02 -3.50001423e-02 -3.50033805e-02 -3.50214956e-02
 -3.49701602e-02 -3.49795878e-02 -3.49129377e-02 -3.49300856e-02
 -3.47652207e-02 -3.47781728e-02 -3.46494859e-02 -3.45713512e-02
 -3.44598823e-02 -3.42982473e-02 -3.41775789e-02 -3.39943456e-02
 -3.38739871e-02 -3.36504359e-02 -3.35271642e-02 -3.33037931e-02
 -3.31313987e-02 -3.28904097e-02 -3.27024707e-02 -3.24551745e-02
 -3.22062571e-02 -3.19977467e-02 -3.16785636e-02 -3.14326766e-02
 -3.11078072e-02 -3.08792528e-02 -3.05524514e-02 -3.02800113e-02
 -2.99565794e-02 -2.96780963e-02 -2.93244992e-02 -2.90218359e-02
 -2.86903290e-02 -2.83149716e-02 -2.80179777e-02 -2.76026685e-02
 -2.72796626e-02 -2.68907171e-02 -2.65378428e-02 -2.61435779e-02
 -2.57625192e-02 -2.54060835e-02 -2.49976404e-02 -2.46249373e-02
 -2.42257999e-02 -2.38402365e-02 -2.33767644e-02 -2.30329615e-02
 -2.25457933e-02 -2.21804469e-02 -2.17489506e-02 -2.13295179e-02
 -2.09399915e-02 -2.04787034e-02 -2.00899742e-02 -1.96324520e-02
 -1.92356887e-02 -1.87803962e-02 -1.83804108e-02 -1.79211368e-02
 -1.75075392e-02 -1.70512890e-02 -1.66175651e-02 -1.62054611e-02
 -1.57419822e-02 -1.53563172e-02 -1.48784986e-02 -1.44941194e-02
 -1.40228559e-02 -1.36225854e-02 -1.31511276e-02 -1.27427022e-02
 -1.23068793e-02 -1.18733659e-02 -1.14318834e-02 -1.10181972e-02
 -1.06188624e-02 -1.01697226e-02 -9.78845006e-03 -9.32855109e-03
 -8.93632378e-03 -8.52289999e-03 -8.10103456e-03 -7.68934898e-03
 -7.28171501e-03 -6.87191453e-03 -6.44718053e-03 -6.06660382e-03
 -5.66360148e-03 -5.29162212e-03 -4.89901241e-03 -4.52645374e-03
 -4.11028831e-03 -3.74638747e-03 -3.36179595e-03 -2.96859810e-03
 -2.63705786e-03 -2.20565411e-03 -1.88544394e-03 -1.49880762e-03
 -1.13214345e-03 -7.92373092e-04 -4.66394439e-04 -1.08410810e-04
  2.38421367e-04  5.90446300e-04  9.42012239e-04  1.23048492e-03
  1.59712216e-03  1.90103947e-03  2.24912912e-03  2.54710459e-03
  2.88564162e-03  3.17414426e-03  3.45850115e-03  3.78723545e-03
  4.05387824e-03  4.37163252e-03  4.66989470e-03  4.95555129e-03
  5.22040094e-03  5.51534875e-03  5.77657903e-03  6.06982513e-03
  6.32775941e-03  6.56161030e-03  6.83804619e-03  7.06572456e-03
  7.35529723e-03  7.57723499e-03  7.82773639e-03  8.07365187e-03
  8.30548946e-03  8.51975232e-03  8.76014152e-03  8.99627989e-03
  9.20252933e-03  9.42584746e-03  9.59749097e-03  9.83686019e-03
  9.99065023e-03  1.02660919e-02  1.04142455e-02  1.06104583e-02
  1.08231341e-02  1.09892361e-02  1.11771884e-02  1.13622053e-02
  1.15387495e-02  1.16831834e-02  1.19007064e-02  1.19971756e-02
  1.22026967e-02  1.23384615e-02  1.25153819e-02  1.26374293e-02
  1.27976823e-02  1.29534347e-02  1.30647110e-02  1.32439754e-02
  1.33581414e-02  1.34899309e-02  1.36215329e-02  1.37581716e-02
  1.38349530e-02  1.39969088e-02  1.41014746e-02  1.42084460e-02
  1.43448904e-02  1.44165173e-02  1.45519765e-02  1.46332867e-02
  1.47542880e-02  1.48206246e-02  1.49483451e-02  1.50322543e-02
  1.51224018e-02  1.51970591e-02  1.52840549e-02  1.53709406e-02
  1.54297128e-02  1.55467291e-02  1.55719438e-02  1.57018517e-02
  1.57180033e-02  1.58108088e-02  1.58623531e-02  1.59321152e-02
  1.59962769e-02  1.60420142e-02  1.61066978e-02  1.61335519e-02
  1.62234567e-02  1.62318474e-02  1.63352757e-02  1.63194498e-02
  1.64089239e-02  1.64176365e-02  1.64715797e-02  1.64951998e-02
  1.65390920e-02  1.65726024e-02  1.65768470e-02  1.66253320e-02
  1.66306050e-02  1.66855906e-02  1.66781020e-02  1.67289270e-02
  1.67229595e-02  1.67597130e-02  1.67628081e-02  1.67625149e-02
  1.67920904e-02  1.67660178e-02  1.67965482e-02  1.67766073e-02
  1.68032417e-02  1.67843190e-02  1.68127541e-02  1.67698953e-02
  1.67846730e-02  1.67818170e-02  1.67509880e-02  1.67767560e-02
  1.67304710e-02  1.67273287e-02  1.66767042e-02  1.67016569e-02
  1.66268907e-02  1.66381047e-02  1.66068236e-02  1.65747864e-02
  1.65516168e-02  1.65202219e-02  1.64914285e-02  1.64247432e-02
  1.64310842e-02  1.63325440e-02  1.63327109e-02  1.62597922e-02
  1.62377341e-02  1.61590222e-02  1.61309467e-02  1.60537947e-02
  1.60017622e-02  1.59729086e-02  1.58790242e-02  1.58351682e-02
  1.57402394e-02  1.57078471e-02  1.55956344e-02  1.55567487e-02
  1.54628928e-02  1.53874884e-02  1.52942913e-02  1.52123700e-02
  1.51332432e-02  1.50340981e-02  1.49734629e-02  1.48402130e-02
  1.47568552e-02  1.46326826e-02  1.45567318e-02  1.44351901e-02
  1.43427501e-02  1.42322432e-02  1.40810109e-02  1.39911099e-02
  1.38435170e-02  1.37410040e-02  1.36028424e-02  1.35112449e-02
  1.33195801e-02  1.32092688e-02  1.30534214e-02  1.29209101e-02
  1.27821358e-02  1.26124272e-02  1.24701843e-02  1.22886628e-02
  1.21628366e-02  1.19489826e-02  1.18327479e-02  1.16387739e-02
  1.14714181e-02  1.12708263e-02  1.11109801e-02  1.09026717e-02
  1.07329748e-02  1.05523953e-02  1.02982988e-02  1.01372644e-02
  9.90445137e-03  9.71042407e-03  9.49562489e-03  9.28766613e-03
  9.05411914e-03  8.84800105e-03  8.61079059e-03  8.36571141e-03
  8.15430967e-03  7.90026397e-03  7.65325224e-03  7.37903233e-03
  7.14930152e-03  6.86860395e-03  6.64407252e-03  6.36495601e-03
  6.07315020e-03  5.83597850e-03  5.52958430e-03  5.26276209e-03
  4.97442575e-03  4.69521490e-03  4.38093590e-03  4.10664536e-03
  3.76038354e-03  3.46563696e-03  3.17150573e-03  2.84770497e-03
  2.55365813e-03  2.19344738e-03  1.91650990e-03  1.53597865e-03
  1.23068722e-03  8.74696443e-04  5.49791942e-04  1.92805504e-04
 -1.40413685e-04 -5.24196870e-04 -8.64706074e-04 -1.22126801e-03
 -1.60392781e-03 -1.93517910e-03 -2.34898451e-03 -2.69599857e-03
 -3.09277690e-03 -3.47495084e-03 -3.83880832e-03 -4.26519505e-03
 -4.64247913e-03 -5.02165570e-03 -5.44486793e-03 -5.84770964e-03
 -6.21735512e-03 -6.63980461e-03 -7.03571507e-03 -7.47259709e-03
 -7.88226411e-03 -8.30847928e-03 -8.72659502e-03 -9.12065183e-03
 -9.59322767e-03 -9.97923546e-03 -1.04318298e-02 -1.08709576e-02
 -1.12845448e-02 -1.17085351e-02 -1.21641833e-02 -1.25728285e-02
 -1.30115653e-02 -1.34918010e-02 -1.38921921e-02 -1.43735735e-02
 -1.47628791e-02 -1.52665982e-02 -1.56600792e-02 -1.61297142e-02
 -1.65605432e-02 -1.70057547e-02 -1.74546302e-02 -1.78747668e-02
 -1.83155228e-02 -1.87636009e-02 -1.92253342e-02 -1.96117177e-02
 -2.01117590e-02 -2.04958716e-02 -2.09679839e-02 -2.13972110e-02
 -2.18063906e-02 -2.22644327e-02 -2.26458217e-02 -2.30946209e-02
 -2.34940722e-02 -2.39269707e-02 -2.43223934e-02 -2.47516267e-02
 -2.51294925e-02 -2.55650778e-02 -2.59490717e-02 -2.63533442e-02
 -2.67451714e-02 -2.70861674e-02 -2.75054869e-02 -2.78198768e-02
 -2.82462279e-02 -2.85686058e-02 -2.89496700e-02 -2.92811304e-02
 -2.96383929e-02 -2.99432925e-02 -3.02886231e-02 -3.06318224e-02
 -3.09156891e-02 -3.12625463e-02 -3.14887595e-02 -3.18351001e-02
 -3.20466757e-02 -3.23688312e-02 -3.25872114e-02 -3.28908755e-02
 -3.31244588e-02 -3.33616023e-02 -3.36053989e-02 -3.37875370e-02
 -3.40288126e-02 -3.41747157e-02 -3.43895486e-02 -3.45098082e-02
 -3.47351192e-02 -3.48242916e-02 -3.49860523e-02 -3.51089563e-02
 -3.52162459e-02 -3.53853314e-02 -3.53997403e-02 -3.55176299e-02
 -3.55504406e-02 -3.56203289e-02 -3.56207241e-02 -3.56910865e-02
 -3.56337223e-02 -3.56499999e-02 -3.56436719e-02 -3.56020062e-02
 -3.55807049e-02 -3.55142859e-02 -3.54945275e-02 -3.53248932e-02
 -3.52741015e-02 -3.50876371e-02 -3.49872729e-02 -3.48372714e-02
 -3.46682898e-02 -3.44720983e-02 -3.42619912e-02 -3.40869787e-02
 -3.38235703e-02 -3.36252199e-02 -3.33177575e-02 -3.31231990e-02
 -3.27282629e-02 -3.24822854e-02 -3.20940952e-02 -3.17821098e-02
 -3.14022000e-02 -3.10364177e-02 -3.06483015e-02 -3.02181749e-02
 -2.98690133e-02 -2.93891358e-02 -2.89746400e-02 -2.84362585e-02
 -2.79917083e-02 -2.74388831e-02 -2.69618907e-02 -2.63951584e-02
 -2.57976036e-02 -2.52851410e-02 -2.46536220e-02 -2.41187579e-02
 -2.34896722e-02 -2.28927554e-02 -2.21983160e-02 -2.15426345e-02
 -2.08249361e-02 -2.01815749e-02 -1.94470426e-02 -1.87316999e-02
 -1.79961377e-02 -1.71789093e-02 -1.64767831e-02 -1.56715539e-02
 -1.49238424e-02 -1.40914379e-02 -1.33265575e-02 -1.24483925e-02
 -1.15898511e-02 -1.07698122e-02 -9.87453487e-03 -8.96756049e-03
 -8.05731306e-03 -7.19048869e-03 -6.21928528e-03 -5.43335885e-03
 -4.37233745e-03 -3.48823447e-03 -2.50091872e-03 -1.58611479e-03
 -5.87321037e-04  3.71143482e-04  1.37516990e-03  2.39857661e-03
  3.38275071e-03  4.44144511e-03  5.39066726e-03  6.43677651e-03
  7.42424274e-03  8.51623340e-03  9.52833711e-03  1.05904053e-02
  1.16098470e-02  1.26236929e-02  1.37513909e-02  1.47585739e-02
  1.58591842e-02  1.68468853e-02  1.80185514e-02  1.90027876e-02
  2.01187735e-02  2.10510334e-02  2.21968073e-02  2.31731444e-02
  2.42716480e-02  2.53696596e-02  2.63572693e-02  2.74061635e-02
  2.84444161e-02  2.94785855e-02  3.05385055e-02  3.16257340e-02
  3.25745337e-02  3.35754714e-02  3.45294188e-02  3.55366005e-02
  3.65363595e-02  3.75310547e-02  3.85373432e-02  3.93737851e-02
  4.03965459e-02  4.12676915e-02  4.22769053e-02  4.31570967e-02
  4.41168119e-02  4.49362524e-02  4.57737023e-02  4.66573861e-02
  4.74940151e-02  4.83152546e-02  4.91094690e-02  4.99027895e-02
  5.06217651e-02  5.14637192e-02  5.22109936e-02  5.29462110e-02
  5.36587103e-02  5.42764999e-02  5.49423770e-02  5.55908239e-02
  5.62489646e-02  5.68294178e-02  5.74071034e-02  5.79153037e-02
  5.84296124e-02  5.89242245e-02  5.95221809e-02  5.99841820e-02
  6.04267374e-02  6.06910734e-02  6.11620513e-02  6.15246550e-02
  6.18399154e-02  6.22545153e-02  6.25132041e-02  6.26619698e-02
  6.29458010e-02  6.31749760e-02  6.32557179e-02  6.35260756e-02]
