Frame: 107
temp_s_est shape: (1024,)
temp_s_est dtype: float64
temp_s_est:
[-6.42843922e-05 -4.58094380e-05 -7.32667883e-05 -7.53219783e-05
  1.25950707e-04  1.64805146e-04 -4.18528363e-05 -9.15783855e-05
  5.26123703e-05  1.57334148e-04 -1.14348975e-04 -9.48201259e-05
 -9.72862640e-05 -8.72544065e-05 -8.61333221e-05  2.36096201e-04
 -7.08086842e-06  2.13936348e-05  7.38764877e-05  1.05199837e-04
 -7.21464568e-05 -8.71127524e-05 -8.62891973e-06  2.05813419e-05
 -1.46923279e-04 -5.34737827e-05  1.00776421e-04  2.38374941e-04
 -1.96687121e-05 -1.02287763e-04  8.20849505e-05  6.02128155e-05
 -6.26066400e-05 -1.14795111e-04  2.40364890e-05 -1.73083134e-04
 -1.03484468e-04  3.34493460e-04  6.79750692e-05 -8.87586315e-05
  1.15560112e-04  7.10120059e-05 -1.48117100e-04  2.01789028e-04
  1.47991790e-04 -8.60959434e-05 -2.22554472e-04 -4.94582491e-05
 -1.16690080e-04  2.39271646e-04  1.14762242e-04 -7.47155770e-05
 -1.58306677e-04  7.00919869e-05 -1.35956886e-04  3.64928913e-04
 -1.45923426e-04 -1.87649131e-04 -2.89416629e-05  4.70088867e-04
 -2.15258418e-04 -1.94710096e-04 -4.21827404e-05  1.03180621e-04
 -1.75596028e-04 -2.06838849e-04 -5.84916582e-05  2.81085285e-04
 -7.73140269e-05 -1.64710643e-04  1.47688382e-04  3.76356763e-05
  2.16740174e-04 -1.24799606e-04 -5.48823966e-04 -2.33962991e-04
  7.16360106e-05  2.21693378e-04  4.10155620e-04 -4.26593436e-04
  3.27652169e-05  1.86874969e-04  3.79460427e-04 -1.80259372e-04
 -2.54967406e-04 -7.67329931e-05 -2.98300853e-04 -4.64697175e-05
  2.44660286e-05  2.34756470e-04  7.92206688e-05  5.83419525e-04
 -1.29884680e-05  1.65928744e-05  1.88602350e-04  7.91795845e-05
 -4.26563274e-04 -1.80424900e-04 -5.35395950e-04  7.33094667e-04
  4.40349655e-04  3.31675066e-04 -1.93806236e-04  2.74474619e-04
  7.05943080e-05  2.78001554e-04 -4.20252387e-04 -4.84370398e-04
 -2.47745318e-04 -4.45891760e-04  4.13727795e-04  6.53190872e-04
 -3.37278030e-04  3.23976050e-04  4.25476334e-04 -5.21785802e-04
 -1.47391416e-04 -1.81847566e-05  2.84788258e-04 -7.82285525e-04
 -1.33966892e-04 -8.38553084e-05  5.65826236e-04  4.38395085e-05
 -2.21898092e-04 -2.43492210e-04  7.20487873e-04 -3.42337277e-04
 -1.95541977e-04  7.84219149e-05 -2.34930204e-04 -5.93820280e-04
  8.88490791e-04  4.08445230e-06 -8.70802393e-05  8.75140611e-05
  5.88269886e-04 -8.57231554e-04  1.79386901e-05  5.10741598e-04
  1.68260041e-04 -5.28037832e-04 -3.91547362e-04  1.34365779e-04
  6.77727740e-04 -6.98939656e-05  3.41475982e-04 -6.31277775e-04
 -2.61372077e-04 -1.04928035e-04  4.23390689e-04 -5.43890093e-05
 -1.21699317e-04 -1.21814449e-04  7.09278912e-04 -1.27343309e-04
  6.98165410e-05 -4.13558486e-04  7.79987002e-04 -5.43960698e-04
 -4.42286129e-04  1.27290779e-04  4.08051890e-04 -1.22889024e-04
  1.98521122e-04 -4.04125258e-04  5.61585986e-04  2.22947065e-04
  4.16973869e-04 -4.93236140e-04 -2.05839890e-04 -9.07961212e-05
  3.51125146e-04  4.58396699e-04 -4.48791669e-05 -5.51452341e-04
  6.62200558e-04  4.12910179e-04 -2.50533846e-04  3.22116067e-05
 -3.48881672e-04  1.09333867e-04 -6.58267544e-04 -8.67353214e-05
  2.70088055e-04  2.90026729e-04 -5.76590967e-05  2.46009280e-04
 -8.78369237e-05  7.47901944e-05  1.68479195e-05 -1.35194861e-05
 -8.27610332e-04 -3.33984260e-04  1.90853625e-04  1.24244214e-04
 -4.52049215e-05 -1.35394707e-04 -1.14328230e-04  1.52785087e-04
 -8.63067422e-05 -1.35213320e-04  2.86218126e-05 -1.00365694e-04
 -5.55184219e-04 -3.54334177e-04  9.24664512e-04 -3.22289762e-04
 -3.20422220e-05  2.54639496e-04 -9.75760476e-05 -2.22947892e-05
  2.06100421e-04  7.91865894e-05 -1.42036987e-04 -4.24267936e-04
  7.78226591e-05  3.72552661e-04  5.75023737e-05 -9.21747037e-05
  1.70462927e-04  2.43190860e-04  1.37975753e-04 -3.29113866e-04
  1.63471782e-04  1.47334868e-04 -3.72261491e-04  1.03085497e-04
  3.44901455e-04 -4.67834325e-05 -1.44468187e-05  3.02697921e-04
 -3.27746285e-04 -2.88511224e-04  2.43221644e-04  2.02869420e-04
 -3.18386603e-04 -2.83392506e-04  1.35333917e-04  2.26113808e-04
 -7.80460866e-05  9.96152628e-05 -2.03350603e-04 -2.64438068e-04
  3.23787516e-05  2.22369397e-05  9.85167134e-05 -4.54062410e-05
 -1.69172117e-04  6.26821170e-05  1.10635055e-04 -2.16708509e-04
 -3.87454465e-05  1.22394608e-04 -2.38077507e-04 -2.54299963e-04
  3.53635337e-05  1.28556388e-04  7.85012010e-06 -1.05624859e-04
  1.00509682e-04 -3.65864677e-06  6.37420699e-05  2.87586619e-05
 -7.02168870e-05 -9.48563997e-05 -2.36884996e-04  7.01378258e-05
  4.94837919e-05  1.74133581e-04 -1.21361278e-04 -2.38656598e-05
  1.78480520e-04  1.34062428e-04 -1.31029646e-04 -5.55246680e-05
 -8.52634000e-05 -6.39112223e-05 -2.73448344e-05  1.04486941e-04
  5.98937229e-05 -4.98512566e-05  5.68571738e-05  1.14921270e-04
 -5.12128752e-05  2.95121739e-05  7.23683128e-05 -9.91595971e-05
 -5.34410479e-05  1.38140235e-06  1.06872245e-04 -1.12123839e-05
  2.49404897e-05 -1.86323605e-05  3.73564593e-05  8.85235730e-06
  7.21535144e-05  4.88700839e-05  4.03992455e-05 -1.52095950e-04
 -3.46586303e-05  1.84335880e-04  7.73646050e-05 -1.33590301e-04
  6.20002250e-05  1.12174428e-04 -6.65217854e-05  5.80469390e-05
  5.60986920e-05 -6.11398984e-05 -4.73094121e-05 -7.24421249e-06
  2.86795044e-05  4.82229543e-05 -3.56254908e-05 -9.18666203e-06
 -1.69017458e-05 -1.22466123e-05 -4.84239221e-06  1.27622108e-05
  4.51085464e-05 -2.42874664e-05 -7.13781745e-05  1.30617153e-04
 -7.41186918e-05 -7.32993312e-05  9.59603106e-06 -3.35728240e-05
 -6.61301470e-05  3.01495511e-05  1.92853708e-05  2.19946763e-05
 -2.08880296e-05  3.66822620e-05  6.99448647e-05 -5.77054110e-05
  3.71669692e-05  3.70097645e-05 -1.05573176e-04 -8.09206020e-06
  9.46564574e-05  2.92138473e-05  4.24552954e-05 -4.08108139e-05
  4.32115564e-05  5.49209678e-05  6.20381020e-05 -6.60576451e-05
  9.96243950e-05 -6.14704042e-05  4.53174308e-06  1.56806959e-05
  3.73328376e-05  4.53798658e-07  4.15920539e-05  4.92175464e-05
  4.26543493e-05 -6.13062503e-05  5.69829033e-05  2.17309381e-05
 -3.78657799e-05 -1.98675266e-05  7.66429064e-06 -4.03641393e-05
  6.58746354e-05  7.42031790e-06 -3.40197409e-05 -7.13796668e-06
  5.91954431e-05  3.14494754e-05 -6.63433548e-05 -4.42845592e-05
  3.25660703e-05 -1.31418080e-06 -3.15883751e-05 -3.15578503e-05
  1.68367537e-05 -8.70253861e-06  1.02787226e-05 -1.67923909e-05
 -5.32072660e-06  3.23262001e-05  7.17813052e-08 -8.65470730e-06
 -1.18284526e-05 -1.42711522e-05  2.26796263e-06  2.32969704e-05
 -3.09501964e-05 -8.67851991e-06  1.09487845e-05  1.92350213e-05
  1.63867346e-05  6.21992858e-06 -1.33518573e-05  1.65555007e-05
  8.45132625e-06 -6.09516050e-06 -4.32157919e-05 -3.99131663e-06
  3.34805968e-05 -1.31601418e-05 -1.67106345e-05  4.06627728e-05
  2.00828260e-05 -1.41731084e-06  1.24773977e-05 -6.20270071e-06
 -1.58341765e-05  1.41829716e-05 -6.92697279e-07 -3.37064864e-05
 -1.06237639e-05  1.31163977e-05  4.55637805e-05  2.07332764e-06
  4.56147726e-06  1.17856678e-05 -3.36649307e-07 -1.10606367e-06
 -4.08849840e-06 -2.38940006e-05  2.99726685e-05 -1.09414245e-05
  3.21597621e-06  5.08344824e-07 -1.86931529e-06  2.07559954e-05
  3.33255830e-05 -3.59542316e-05 -2.28657830e-05  3.92146979e-07
  3.14794131e-05 -3.95266325e-05 -2.27830880e-05  1.76507405e-05
  9.18809088e-06 -7.05367400e-06  6.06667080e-06 -6.12629801e-06
 -1.72474964e-05  1.26219060e-05  1.18482000e-05 -2.01953114e-05
 -1.38435908e-05 -1.09590522e-05 -2.02120591e-06 -1.33173127e-05
 -2.05200049e-05  3.95143800e-06  2.20661775e-05 -1.91226993e-05
 -2.69345039e-05 -1.83278023e-06  3.98171302e-05 -3.32386894e-06
 -9.20940694e-06  8.49111979e-08 -1.56715844e-05 -1.32416339e-05
  3.02945477e-05 -2.76266107e-05 -2.39867422e-05 -5.80996628e-06
  3.44717142e-05 -6.10812442e-06 -3.34723804e-06  1.27476147e-05
  1.82880405e-05  3.14584504e-06 -2.08073238e-05 -1.49228021e-05
  5.96241862e-07  7.74496953e-06 -1.90481628e-05 -1.80378680e-05
  2.31371868e-05  4.52533825e-05 -1.42672149e-05 -9.87803431e-07
 -1.11574255e-05  4.75457167e-06 -4.03787750e-06  1.45976886e-06
 -4.05052343e-05  5.74685809e-06 -1.56797745e-06  2.67025647e-05
  9.53241286e-07  1.31745729e-05 -1.72473408e-05  1.93580297e-05
 -5.22195933e-06 -2.19213779e-05 -1.99568514e-05  2.21260459e-05
 -5.66951817e-06 -3.74137037e-05  1.81307094e-05  4.10633600e-05
 -1.20502187e-05  7.76873627e-06 -2.42278477e-06 -2.84134025e-05
  1.06856518e-05  8.73000591e-06 -1.78519913e-05 -3.70484247e-05
 -1.83970247e-06  3.00526868e-05  1.05896424e-05 -2.41724174e-05
  1.30799049e-06  7.90422512e-06 -1.09919953e-05 -1.54491340e-05
 -1.41807659e-05 -7.22697240e-07 -1.26917192e-05 -8.88363415e-06
 -1.20276760e-05  7.96310179e-06 -3.37796996e-05  4.05648013e-05
 -1.35699929e-05 -3.24311164e-05 -1.09694355e-05  3.67887278e-05
 -1.10077076e-05 -2.20568783e-05 -2.80346638e-05  3.60106097e-05
 -9.61372770e-06 -4.93281466e-06 -2.04188773e-05 -1.05831829e-05
  1.62407592e-05  1.23567253e-05 -2.17339719e-05  1.96965694e-05
  3.29197923e-06 -8.36724876e-06  1.15081652e-05  2.56858754e-06
  2.85322389e-06 -1.40528271e-05  2.17102401e-05 -2.55868483e-05
  3.28784436e-06  7.99589231e-06  3.79719074e-05 -6.60533962e-06
 -8.40716568e-06  4.92023893e-07  2.73270600e-05 -1.21070344e-05
  1.01346810e-06 -1.89601350e-05  6.57681882e-06  4.94857211e-06
  1.07189005e-05  7.76905608e-07  2.89278193e-06 -8.06708804e-06
  1.20455264e-05 -6.32128343e-06 -1.23016981e-05 -1.70999261e-05
  1.56037647e-05 -1.66916438e-07 -3.29523358e-05  1.27729371e-05
  2.80733258e-05 -1.89209973e-05 -1.48759922e-05  3.43244551e-06
  2.79194737e-06 -1.00905587e-05 -1.03577052e-07 -1.66294446e-05
 -2.59309919e-06  1.53280108e-06  1.94918374e-05 -1.46247691e-05
  1.41498325e-05 -2.79919664e-05  2.70569794e-05  3.52448507e-06
 -9.72460773e-06 -2.65522665e-05  2.69177144e-05 -3.38238711e-06
 -1.33628683e-05 -5.68128957e-06  4.35195447e-05 -1.61369095e-05
 -5.92752437e-06 -5.35290340e-06  1.29376926e-05 -2.22555112e-06
  1.42447887e-05 -3.24595163e-06 -8.86810818e-06  3.52986882e-06
  1.52762894e-05  9.42611710e-06 -1.91135756e-05  6.69567697e-06
 -6.95471408e-06  1.95513704e-05 -1.50551593e-05  6.62512288e-06
 -1.18255536e-08  2.03687568e-05 -1.57550623e-05  1.96080706e-05
  3.14656951e-06 -5.80245478e-06 -9.43507939e-06  2.98739020e-05
 -1.52283114e-05 -3.94706455e-06  1.17600828e-05  8.79470531e-06
 -8.50735158e-06  4.35380256e-06  1.21152170e-05  1.63419956e-05
 -2.90208362e-06 -1.70348293e-05 -1.60430381e-06  8.15259855e-06
  1.22572159e-05 -1.00924671e-05  9.23163338e-06  2.42458452e-06
  7.19864543e-06 -1.05188289e-06  1.34539210e-05 -1.32910986e-05
 -1.18331181e-05 -2.70477893e-06  7.58703035e-06 -9.88579133e-07
 -1.07393918e-05  1.53644691e-05  1.77152828e-06 -4.47110712e-06
 -6.17979459e-06  7.71044910e-06 -1.02870863e-05 -4.05890428e-07
 -1.61262992e-05  3.73842818e-06  6.88856312e-06  1.11661594e-05
 -8.55826148e-06  1.12490064e-05 -7.70730205e-06  7.62461417e-06
 -3.42986196e-07 -1.31584926e-06 -1.88847531e-05  6.01878973e-06
  5.48195639e-06  2.18291748e-06  9.15101544e-06  5.17791883e-06
  3.31332030e-06  3.71972853e-06  2.08341656e-05 -1.27821788e-05
 -1.41711042e-05  1.86580692e-06  1.00292723e-05 -1.30563537e-05
  1.23856702e-05  1.07113336e-05  1.18605565e-05 -1.17426701e-05
  1.19736823e-06  2.43860287e-06  5.73837112e-06  6.53912026e-06
 -2.42896426e-05 -7.29400228e-06  1.19995634e-05  1.00365245e-05
 -1.13398872e-05  1.32115020e-05 -1.31723787e-05  7.33234459e-06
 -2.59304435e-06  2.44870699e-06 -2.13301259e-05  2.19248980e-05
 -1.50350256e-05  6.77747737e-07 -7.33466702e-06  1.63161672e-05
 -2.05235589e-05  1.33658665e-05 -5.20515603e-06 -4.46206874e-06
 -4.63496593e-06  1.29267603e-05 -1.28134396e-05 -1.36986498e-05
  8.25833735e-06  7.08049098e-06  8.30680413e-06 -1.50771850e-05
 -1.29027870e-05  3.00442561e-07  2.92690799e-05 -2.24769140e-05
  3.72520477e-06 -3.97800766e-06  1.61046153e-05 -1.43872990e-05
  9.85899308e-06 -9.39781942e-06 -2.44114982e-07 -2.24461224e-05
  2.21209730e-05 -1.18933133e-05 -2.24530445e-06  1.43335867e-05
  2.85519980e-05 -2.03533194e-05 -6.94185633e-07  4.80660241e-06
  1.60707526e-05 -1.40491723e-05 -1.73102639e-05 -1.32056930e-05
  1.91037415e-05  1.92474342e-05 -2.47861704e-06 -1.13836353e-06
  7.42330417e-06  1.38064965e-05  1.08019420e-05 -1.77476450e-05
 -1.63320145e-05 -4.61871215e-06  2.30015800e-05 -1.88251831e-05
 -1.43895361e-05  6.64788450e-06  3.29305796e-05 -1.22368457e-05
  3.50479170e-06 -1.05493591e-05  1.96210932e-05 -1.72979864e-05
 -1.14124095e-05 -2.52324069e-05  9.52557453e-06 -3.73111705e-07
  1.32033142e-05 -2.88324261e-05  3.72285300e-06 -7.89041990e-06
  1.98212202e-05 -6.45196520e-07 -1.54519357e-05 -3.84295122e-05
  1.76712994e-05  1.95564995e-05 -2.86692482e-05 -1.38652558e-05
  2.09816560e-05  7.32105443e-07 -2.77710063e-05  1.14822260e-05
 -8.91215210e-06  1.64335778e-05 -1.25044477e-05  4.00590806e-06
 -1.69824690e-05  1.50848616e-05  9.21655512e-06  7.95930729e-06
 -1.99820823e-05  8.14732047e-06  4.24381186e-06  4.34369197e-05
 -2.90084834e-05 -2.49581449e-05  3.14462592e-05  2.75392901e-05
 -2.29698913e-05  8.49127334e-06 -7.86988846e-07  9.96256212e-08
 -3.83778871e-06  1.26335962e-05  2.67123045e-06 -1.94646058e-05
  3.02971543e-05  1.11476078e-05 -1.65516566e-05  1.25148472e-06
  3.46111499e-05 -4.85595969e-06 -3.24139569e-05 -2.37854848e-05
  3.96965141e-06  2.74263699e-05 -1.02640910e-05 -2.42749271e-05
  2.05213227e-05  3.84917059e-05  9.75512254e-07 -1.87875308e-06
 -1.58474884e-05 -4.87787164e-06 -2.64595228e-05  6.34125583e-07
 -1.65509566e-07 -2.30639977e-05  3.52555248e-07  3.93161242e-05
 -2.25191763e-05  2.51554013e-05  4.52138894e-06  1.59060217e-05
 -1.01141580e-05 -3.30472020e-05 -3.50747014e-05  2.22800934e-05
  7.19738423e-06 -3.83055895e-06 -2.03816640e-05  2.14531326e-05
  3.15832084e-05  8.30598741e-06 -1.10542952e-05 -1.47291291e-05
 -7.46401284e-06  8.67253011e-07  6.43590689e-06 -3.32725687e-05
 -9.89914196e-06  3.31611452e-05  9.84832709e-06  6.47912104e-06
  5.07622249e-06 -4.93846319e-06  1.67915824e-05 -2.11398662e-05
 -1.86080476e-05  4.24602160e-06  2.43567684e-05 -3.84887272e-06
 -2.16025737e-05  6.03862095e-06  2.48183580e-05  1.87950787e-05
  2.13368458e-05 -7.09731462e-07 -3.71937136e-05  7.96567273e-06
  4.10108683e-05 -8.34011948e-06 -3.27614366e-05  3.52973413e-05
  2.03369068e-05 -6.92341695e-06  9.40692344e-07  1.00317119e-05
  2.65671395e-05  1.23213572e-06 -1.04404096e-06  1.05898485e-05
  3.93692203e-06  7.25001214e-06  5.38405458e-06 -1.22350892e-05
 -1.66532522e-05 -1.67115283e-06  2.38986817e-05  7.40562472e-07
 -3.12250686e-05  5.04580865e-06  6.03742701e-05  5.58960250e-07
 -2.10607834e-05 -9.88758899e-06 -2.95687428e-05 -8.66410239e-06
  8.63568392e-06 -3.77672043e-05 -6.22096579e-06  2.18664208e-05
  9.98545141e-06 -4.10341566e-06 -4.88859051e-06  3.39586211e-05
 -6.83593542e-06 -2.78139678e-05 -1.71204534e-05 -3.30343979e-05
 -4.79693613e-06  2.61473667e-05 -1.23390794e-05 -9.64205351e-06
  2.47995840e-05  5.47110159e-05 -1.31158261e-05 -1.96008442e-05
 -6.73678164e-06  2.01687558e-05 -2.06712428e-05 -1.30096688e-05
 -6.79550393e-07  3.60293990e-06 -2.01316060e-06  1.86509900e-05
  1.50203729e-05  2.70890380e-05 -2.08011169e-05  3.48494893e-06
  2.35822196e-05 -3.54001234e-05 -2.66671921e-05  5.11366330e-05
 -6.56209272e-06 -2.54548676e-05  2.17249912e-06  1.94125541e-05
  1.07158715e-05  9.55255868e-07  2.27614498e-05 -2.32355562e-05
 -1.31871351e-05  2.73131989e-05 -2.10858244e-05 -2.78600767e-05
 -5.74897640e-06  1.94938171e-05 -9.67577190e-06 -3.46131232e-05
  2.92816247e-05  1.15472464e-05  2.36788471e-05 -1.48928895e-05
  4.64438218e-05  1.43374184e-05  9.11062342e-06 -3.84980504e-05
 -1.09923536e-05 -5.19698628e-05  2.40016357e-06 -1.99125937e-05
  4.81619122e-05 -2.79649161e-05  1.28979142e-05  2.90564658e-05
  6.33332858e-05 -1.08558883e-04  1.55498145e-05 -4.05339169e-05
 -3.50419870e-05 -5.93227854e-05  5.12961300e-06  2.77599339e-06
  7.57651519e-05 -3.06460920e-05 -5.55083961e-06  2.00669175e-05
  1.43714031e-05 -4.92856851e-05  3.94352844e-06 -8.28339832e-05
 -6.88670815e-06 -2.26135455e-05  5.35525909e-05  1.31847248e-05
 -5.07477708e-06  2.93261766e-05  5.26171959e-05 -1.21137022e-05
 -1.12127330e-05 -6.05067742e-06 -6.88427669e-05  5.16374989e-05
  5.87079981e-06 -7.38465154e-05  4.33025533e-05  3.54063339e-05
  4.61637065e-05  1.10632532e-05 -6.42925368e-05  1.32933212e-04
 -3.89013031e-05 -2.41829075e-05 -3.78243906e-05 -1.38377203e-05
  5.06686271e-05  3.97103049e-05 -1.11219831e-04 -3.04488238e-05
  4.76041084e-05 -2.43036569e-05  1.24731457e-04  2.25314727e-05
 -5.62907121e-05 -7.86397064e-06  1.98231030e-05 -1.54804032e-05
  7.74976536e-06 -1.54336862e-04  8.83624491e-06 -2.97287950e-05
  3.36534910e-05 -4.27070645e-05  7.37403900e-05 -2.43655465e-05
  1.34859598e-04 -1.40600497e-04 -1.90789450e-05  3.28353709e-05]
