Frame: 47
temp_s_est shape: (1024,)
temp_s_est dtype: float64
temp_s_est:
[-3.38731607e-03 -3.21649403e-03 -3.23218738e-03 -3.23597016e-03
 -3.19506050e-03 -3.11797520e-03 -3.01766944e-03 -3.23353205e-03
 -3.05968216e-03 -3.06704311e-03 -3.15573360e-03 -2.94236039e-03
 -2.97325636e-03 -2.81332874e-03 -2.74420271e-03 -2.89691648e-03
 -2.86847763e-03 -2.70540666e-03 -2.68663333e-03 -2.70721984e-03
 -2.81162993e-03 -2.60827929e-03 -2.42588453e-03 -2.64509298e-03
 -2.44192797e-03 -2.26217472e-03 -2.50989285e-03 -2.16635133e-03
 -2.24412628e-03 -2.10039218e-03 -2.04547982e-03 -2.14312702e-03
 -2.05286416e-03 -1.86930927e-03 -1.61749355e-03 -1.71515625e-03
 -1.60195004e-03 -1.44823553e-03 -1.46669801e-03 -1.44115859e-03
 -1.19598128e-03 -1.26491536e-03 -1.16267727e-03 -1.13933261e-03
 -8.43623504e-04 -8.26286722e-04 -8.42905216e-04 -6.86598937e-04
 -5.90031005e-04 -5.35984374e-04 -2.76096489e-04 -4.08382454e-04
 -5.29342232e-04 -7.33584109e-05 -2.99710507e-04 -3.28045838e-04
  2.72486047e-04  2.24404148e-04  2.23626040e-04  2.86747917e-04
  4.92472744e-04  6.51743768e-04  4.64737720e-04  6.47976149e-04
  6.00951617e-04  8.07053151e-04  1.04566758e-03  6.94753284e-04
  1.28090083e-03  1.59571589e-03  9.90308734e-04  1.42142118e-03
  1.50216179e-03  1.40509853e-03  1.59393490e-03  1.06477168e-03
  1.49424719e-03  2.22593924e-03  1.62599495e-03  2.32076743e-03
  2.11466479e-03  1.96960112e-03  2.62821781e-03  2.34847287e-03
  2.29310242e-03  2.66112970e-03  2.54949759e-03  2.69881465e-03
  3.05963671e-03  2.94349332e-03  2.84698300e-03  2.87653126e-03
  3.97655693e-03  3.33670189e-03  3.61408050e-03  3.60074438e-03
  3.12347355e-03  3.35116469e-03  3.25748519e-03  2.97935411e-03
  3.29055961e-03  3.91791945e-03  3.24219383e-03  3.80903325e-03
  3.96320575e-03  3.41642168e-03  3.73425298e-03  3.27850871e-03
  3.79722872e-03  3.24651468e-03  3.48214193e-03  3.91920889e-03
  3.85367861e-03  4.07590064e-03  3.76477194e-03  4.54441582e-03
  4.42863509e-03  4.63700307e-03  4.02656122e-03  4.08603025e-03
  3.78311352e-03  4.65612838e-03  3.76773944e-03  4.21949209e-03
  4.72710177e-03  3.75527193e-03  4.85248948e-03  4.33822501e-03
  4.85777674e-03  4.15782033e-03  3.71730750e-03  4.01334994e-03
  3.97025845e-03  4.12901904e-03  3.56950097e-03  3.56137922e-03
  3.97474517e-03  4.79036860e-03  3.99258404e-03  4.04228541e-03
  4.29055195e-03  3.39693283e-03  4.31170717e-03  3.51071143e-03
  3.72822352e-03  3.19754936e-03  3.46985720e-03  3.90672286e-03
  3.41852703e-03  3.88242524e-03  3.45450248e-03  3.87284408e-03
  3.48040327e-03  3.69323637e-03  2.42573328e-03  3.10498995e-03
  3.21236848e-03  2.02880790e-03  3.74688481e-03  2.57671309e-03
  3.32071976e-03  2.99478970e-03  2.70932599e-03  3.00918311e-03
  2.42658995e-03  2.58415623e-03  2.01996449e-03  3.05259910e-03
  1.90653730e-03  2.67420454e-03  1.42555240e-03  2.68805004e-03
  2.50976035e-03  1.90499127e-03  2.04959001e-03  1.62402283e-03
  2.81913670e-03  7.29755296e-04  1.94374107e-03  9.12524607e-04
  1.26424279e-03  1.36875509e-03  9.49942508e-04  1.26692221e-03
  4.97186672e-04  1.45346367e-03 -2.05696303e-05  1.18699846e-03
  3.97961726e-04 -1.26420125e-04  3.53312716e-04 -2.01872228e-04
  6.09154270e-04 -4.90329275e-04  6.13911154e-04 -5.06676508e-04
  1.25310705e-04  7.23015306e-05 -3.95043573e-04 -9.26732898e-05
 -8.19544308e-04 -1.84556908e-04 -3.99897191e-04  2.47863664e-04
 -8.49912058e-04 -3.09714184e-04 -1.16397296e-03 -5.03622819e-04
 -4.80609678e-04 -1.71786898e-03 -4.66913941e-04 -1.50373907e-03
 -1.28427547e-03 -1.37373323e-03 -1.67805506e-03 -1.34595031e-03
 -1.91395857e-03 -1.66118012e-03 -2.16449831e-03 -1.50144516e-03
 -2.31058595e-03 -2.19435019e-03 -2.45343946e-03 -2.10331388e-03
 -2.19044053e-03 -2.77357576e-03 -1.48812666e-03 -2.69963993e-03
 -2.10909037e-03 -2.70579755e-03 -2.42454614e-03 -2.33927232e-03
 -2.50019119e-03 -2.62797349e-03 -3.01175470e-03 -2.27114044e-03
 -2.91172151e-03 -2.29439717e-03 -3.17043773e-03 -2.56076827e-03
 -2.59866847e-03 -3.17662902e-03 -2.58605762e-03 -3.29697573e-03
 -3.05500648e-03 -3.31967202e-03 -2.92044650e-03 -3.21590172e-03
 -2.92490469e-03 -3.00007650e-03 -3.15956185e-03 -2.89697267e-03
 -3.27438534e-03 -3.05239352e-03 -3.38615207e-03 -3.06066167e-03
 -3.59160164e-03 -3.18041117e-03 -3.16359473e-03 -3.10706462e-03
 -3.33304630e-03 -3.34682295e-03 -2.84741789e-03 -3.36435930e-03
 -3.21481990e-03 -3.35017966e-03 -3.34912204e-03 -3.24712270e-03
 -3.33725231e-03 -3.27191241e-03 -3.29262471e-03 -3.09745453e-03
 -3.26696461e-03 -3.09887611e-03 -2.98124627e-03 -3.04691105e-03
 -3.10612058e-03 -3.18387143e-03 -2.84103631e-03 -3.13869288e-03
 -2.97700474e-03 -2.92976830e-03 -2.90051004e-03 -2.66685588e-03
 -2.69961728e-03 -2.82178748e-03 -2.58883856e-03 -2.63229744e-03
 -2.85524345e-03 -2.59155100e-03 -2.68259721e-03 -2.53890907e-03
 -2.56031523e-03 -2.64055836e-03 -2.32861135e-03 -2.42910731e-03
 -2.41181525e-03 -2.26769900e-03 -2.38935445e-03 -2.39869913e-03
 -2.22481830e-03 -2.26879630e-03 -2.23027315e-03 -2.11953925e-03
 -2.20696520e-03 -1.94703973e-03 -2.00580735e-03 -1.82499341e-03
 -1.92760059e-03 -1.80582993e-03 -1.70252392e-03 -1.78029355e-03
 -1.59046854e-03 -1.51300633e-03 -1.52073208e-03 -1.59303828e-03
 -1.31090834e-03 -1.40967568e-03 -1.17304809e-03 -1.15712659e-03
 -1.26521340e-03 -1.08941673e-03 -1.04672296e-03 -1.01173256e-03
 -1.00887080e-03 -9.23095863e-04 -9.12065644e-04 -7.96435230e-04
 -7.92716246e-04 -6.67322413e-04 -6.14903978e-04 -7.41975201e-04
 -5.95798516e-04 -4.92085346e-04 -4.78234560e-04 -4.40378500e-04
 -3.81803487e-04 -3.61358906e-04 -1.91656111e-04 -2.18852922e-04
 -2.13701455e-04 -9.60008864e-05 -5.16852148e-05  2.88049100e-05
  1.55911878e-05  9.01973215e-05  1.40338281e-04  1.72992433e-04
  2.90082891e-04  2.45341691e-04  3.19796437e-04  4.20958260e-04
  4.06726805e-04  4.31395679e-04  4.96461993e-04  5.50906609e-04
  5.71127074e-04  7.03267499e-04  6.28265450e-04  7.34921745e-04
  7.95075706e-04  7.74219977e-04  8.83244660e-04  8.12700640e-04
  9.22565311e-04  9.47384897e-04  9.95918503e-04  1.00371998e-03
  1.10330757e-03  1.11599035e-03  1.11506233e-03  1.23231101e-03
  1.17301107e-03  1.26327974e-03  1.23217879e-03  1.26277971e-03
  1.27645844e-03  1.34555249e-03  1.33203490e-03  1.35218770e-03
  1.47124745e-03  1.40037904e-03  1.47800686e-03  1.45683044e-03
  1.54538365e-03  1.46935976e-03  1.52157323e-03  1.55104673e-03
  1.52577194e-03  1.62207388e-03  1.56323196e-03  1.63461362e-03
  1.63268676e-03  1.69386551e-03  1.70483699e-03  1.68998582e-03
  1.68044253e-03  1.69809377e-03  1.74999052e-03  1.65860388e-03
  1.73348203e-03  1.69311287e-03  1.75705336e-03  1.80841457e-03
  1.74752528e-03  1.78182470e-03  1.75357265e-03  1.82003409e-03
  1.71793784e-03  1.77407295e-03  1.72899507e-03  1.74904830e-03
  1.78693105e-03  1.71098625e-03  1.80333972e-03  1.75737255e-03
  1.81422783e-03  1.75445354e-03  1.77058806e-03  1.78080090e-03
  1.73333800e-03  1.74539995e-03  1.67570332e-03  1.74676787e-03
  1.66963106e-03  1.71115553e-03  1.69710414e-03  1.71633967e-03
  1.65833998e-03  1.66073993e-03  1.67314974e-03  1.58179008e-03
  1.65520949e-03  1.51369290e-03  1.59852115e-03  1.53781567e-03
  1.54015743e-03  1.51900770e-03  1.48692733e-03  1.53655574e-03
  1.43591428e-03  1.51324939e-03  1.41996253e-03  1.44740001e-03
  1.38259972e-03  1.38669666e-03  1.36894352e-03  1.31929683e-03
  1.36444369e-03  1.29408058e-03  1.35979416e-03  1.27553899e-03
  1.27812381e-03  1.23422353e-03  1.21959921e-03  1.21077444e-03
  1.14259167e-03  1.16679593e-03  1.11581319e-03  1.15303587e-03
  1.03215089e-03  1.08112104e-03  1.02503524e-03  9.92753524e-04
  9.96538546e-04  9.20964188e-04  9.56756566e-04  8.77509878e-04
  8.78196790e-04  8.20582273e-04  8.40825939e-04  8.06307830e-04
  7.36525814e-04  7.76449174e-04  7.11453138e-04  7.31295000e-04
  6.54609081e-04  6.57586119e-04  6.55158762e-04  6.15435867e-04
  6.03172415e-04  5.73687203e-04  5.74359501e-04  4.93469498e-04
  5.44679659e-04  4.49148476e-04  4.97944944e-04  4.29323463e-04
  3.85372270e-04  4.14383709e-04  3.40969022e-04  3.86776271e-04
  2.86843392e-04  3.32343938e-04  2.74066800e-04  2.61462377e-04
  2.32246381e-04  1.89408337e-04  1.84730819e-04  1.21590407e-04
  1.77701872e-04  9.55187671e-05  1.43678394e-04  7.60902547e-05
  5.41081375e-05  9.37227894e-05  1.43716202e-05  2.02151576e-05
 -4.10877024e-05  1.63123242e-07 -6.62354386e-05 -4.37360238e-05
 -1.20100649e-04 -8.22381786e-05 -9.58287796e-05 -1.43232163e-04
 -9.93347025e-05 -1.97075432e-04 -1.34250200e-04 -2.38929545e-04
 -2.09561388e-04 -2.29296092e-04 -2.53845506e-04 -2.56671634e-04
 -2.85213836e-04 -2.33285832e-04 -2.99789844e-04 -2.83204489e-04
 -3.28707072e-04 -2.98487774e-04 -3.21047139e-04 -3.59634640e-04
 -3.42962002e-04 -3.98817473e-04 -3.46071025e-04 -4.16621099e-04
 -3.70361896e-04 -4.03921414e-04 -3.79895657e-04 -3.98933076e-04
 -4.40289291e-04 -3.84806616e-04 -4.76577945e-04 -4.45145516e-04
 -4.94486762e-04 -4.53248118e-04 -4.90152582e-04 -4.77837073e-04
 -4.95450807e-04 -4.92286568e-04 -4.61714858e-04 -5.34200643e-04
 -4.72428948e-04 -5.44330399e-04 -5.04021296e-04 -5.37774854e-04
 -5.45396155e-04 -5.09257230e-04 -5.74212087e-04 -5.10993041e-04
 -5.31961311e-04 -5.13396441e-04 -5.54740811e-04 -5.29986362e-04
 -5.51474022e-04 -5.21543944e-04 -5.44361260e-04 -5.91780009e-04
 -5.04926427e-04 -5.85743837e-04 -5.07743103e-04 -5.77952414e-04
 -5.39585530e-04 -5.27501341e-04 -5.58609590e-04 -5.32510308e-04
 -5.51213198e-04 -5.28144335e-04 -5.79991761e-04 -5.39914267e-04
 -5.65258488e-04 -5.16067685e-04 -5.50478426e-04 -5.54914039e-04
 -5.15186898e-04 -5.46326792e-04 -4.98856081e-04 -5.75744126e-04
 -5.21106005e-04 -5.30437439e-04 -5.43552516e-04 -5.27143020e-04
 -5.41770452e-04 -5.06905085e-04 -5.42617172e-04 -4.98657571e-04
 -5.40658567e-04 -4.99500820e-04 -5.40907066e-04 -5.13477341e-04
 -5.13106341e-04 -5.27909245e-04 -4.91723243e-04 -5.36105856e-04
 -4.61419483e-04 -5.24122829e-04 -4.96497566e-04 -5.08772566e-04
 -4.98456370e-04 -4.80887474e-04 -5.06704372e-04 -4.79979538e-04
 -4.99741130e-04 -4.63454961e-04 -5.02846638e-04 -4.59402423e-04
 -4.80448028e-04 -4.77257028e-04 -4.63362606e-04 -4.97348924e-04
 -4.25181059e-04 -5.04644440e-04 -4.73078900e-04 -4.91810359e-04
 -4.65419026e-04 -4.52006220e-04 -4.79730990e-04 -4.65399987e-04
 -4.65617062e-04 -4.52733923e-04 -4.97030860e-04 -4.47367784e-04
 -5.06121306e-04 -4.56761480e-04 -4.96600690e-04 -4.83970923e-04
 -4.44077549e-04 -4.97821834e-04 -4.62644482e-04 -4.84992725e-04
 -4.56110146e-04 -4.75489058e-04 -4.87879103e-04 -4.86142850e-04
 -4.78897257e-04 -4.83657248e-04 -4.96509592e-04 -4.74617756e-04
 -4.92537124e-04 -4.53129374e-04 -4.95864335e-04 -4.79585004e-04
 -4.69811552e-04 -5.13423513e-04 -4.75862837e-04 -5.17932137e-04
 -4.91862038e-04 -5.06115764e-04 -5.00267462e-04 -4.95148371e-04
 -4.95676535e-04 -5.11642118e-04 -5.15037033e-04 -4.98890358e-04
 -5.15354152e-04 -5.10259101e-04 -5.54959016e-04 -5.16414597e-04
 -5.28697267e-04 -5.44093844e-04 -5.26355959e-04 -5.58326897e-04
 -5.22864269e-04 -5.49301690e-04 -5.51109703e-04 -5.28761470e-04
 -5.65400532e-04 -5.69216283e-04 -5.79539178e-04 -5.62183149e-04
 -5.65196686e-04 -5.72113617e-04 -6.02493778e-04 -5.55091161e-04
 -5.80767404e-04 -5.79571043e-04 -5.82925731e-04 -6.10189142e-04
 -5.66369958e-04 -6.22520913e-04 -5.88669101e-04 -5.99002111e-04
 -5.96498932e-04 -5.91125808e-04 -5.99374088e-04 -5.94048209e-04
 -5.92968208e-04 -6.06119481e-04 -6.23288322e-04 -5.90757701e-04
 -6.17653910e-04 -6.10497055e-04 -6.01320469e-04 -6.06200556e-04
 -5.84886904e-04 -6.26913446e-04 -6.04182751e-04 -6.06846252e-04
 -6.09114899e-04 -6.06364994e-04 -6.27800671e-04 -6.07497106e-04
 -6.12295254e-04 -6.18986987e-04 -6.17681245e-04 -5.86455697e-04
 -6.21906823e-04 -5.92213948e-04 -5.93766948e-04 -5.92766821e-04
 -5.86490039e-04 -6.23845109e-04 -5.85099248e-04 -5.85644551e-04
 -5.73099803e-04 -5.71501248e-04 -5.75047404e-04 -5.35883781e-04
 -5.52477417e-04 -5.37432267e-04 -5.32933026e-04 -5.28637276e-04
 -5.36656707e-04 -5.25296860e-04 -5.14865486e-04 -4.97074423e-04
 -4.89756488e-04 -5.13384728e-04 -4.33305653e-04 -4.68657631e-04
 -4.32544670e-04 -4.59986149e-04 -4.52525737e-04 -4.11009831e-04
 -4.36948328e-04 -4.15510022e-04 -4.15639776e-04 -3.64822006e-04
 -3.79724526e-04 -3.52711810e-04 -3.54083096e-04 -3.10262828e-04
 -3.14671169e-04 -3.13770471e-04 -2.67145035e-04 -3.08755775e-04
 -2.46278460e-04 -2.72561002e-04 -2.36832085e-04 -1.99170385e-04
 -2.16494463e-04 -1.69699090e-04 -1.60780625e-04 -1.23021393e-04
 -1.44958290e-04 -1.02109420e-04 -1.16009625e-04 -6.04550988e-05
 -7.47245917e-05 -4.18317032e-05 -1.07680452e-05 -2.87607489e-05
  5.45908586e-05  2.29760352e-05  1.01404720e-04  8.75320290e-05
  1.04530888e-04  1.27753542e-04  1.63236506e-04  1.89017916e-04
  1.71018175e-04  2.31422250e-04  2.49685769e-04  3.07519976e-04
  2.85482985e-04  3.22126348e-04  3.52887735e-04  3.61448597e-04
  4.03600146e-04  3.79928198e-04  4.69134729e-04  4.34531372e-04
  4.91421855e-04  4.91115924e-04  5.29598432e-04  5.78528862e-04
  5.40326954e-04  6.22187462e-04  6.20463259e-04  6.71882936e-04
  6.36828343e-04  7.13300130e-04  7.17791156e-04  7.72904765e-04
  7.88066857e-04  7.91816422e-04  8.55490917e-04  8.38617635e-04
  9.13764681e-04  8.86633088e-04  9.57331193e-04  9.62303922e-04
  9.82869986e-04  1.03772500e-03  1.03748292e-03  1.07622495e-03
  1.05910591e-03  1.14387628e-03  1.12916060e-03  1.18571782e-03
  1.16810797e-03  1.18430372e-03  1.25115919e-03  1.20726900e-03
  1.29911799e-03  1.27177764e-03  1.35877107e-03  1.35228750e-03
  1.38531232e-03  1.40421002e-03  1.41985466e-03  1.41566770e-03
  1.41749140e-03  1.51601970e-03  1.46605180e-03  1.53461479e-03
  1.52319946e-03  1.57681285e-03  1.60180617e-03  1.58544410e-03
  1.61236907e-03  1.60320624e-03  1.67549906e-03  1.61441258e-03
  1.65484216e-03  1.65660845e-03  1.67993950e-03  1.71047806e-03
  1.69004791e-03  1.77172339e-03  1.72468060e-03  1.79201249e-03
  1.74333117e-03  1.79690926e-03  1.78292609e-03  1.77687449e-03
  1.80225456e-03  1.79338604e-03  1.85985499e-03  1.81756154e-03
  1.88718995e-03  1.83623346e-03  1.92030239e-03  1.86694335e-03
  1.87006508e-03  1.89408648e-03  1.82042864e-03  1.86738695e-03
  1.82151797e-03  1.88838953e-03  1.82888751e-03  1.87380595e-03
  1.85111540e-03  1.85166403e-03  1.90083959e-03  1.77683971e-03
  1.85686316e-03  1.77854622e-03  1.79719432e-03  1.76129244e-03
  1.75750164e-03  1.76289506e-03  1.74881427e-03  1.76163788e-03
  1.74085763e-03  1.78382364e-03  1.68540138e-03  1.72617639e-03
  1.65464865e-03  1.66205750e-03  1.61961990e-03  1.58981128e-03
  1.61574852e-03  1.56659827e-03  1.59998963e-03  1.49313853e-03
  1.55443832e-03  1.50932127e-03  1.46499241e-03  1.45244636e-03
  1.39165497e-03  1.40954314e-03  1.30716641e-03  1.34113364e-03
  1.23920061e-03  1.26212769e-03  1.24900332e-03  1.17479682e-03
  1.20687548e-03  1.12184014e-03  1.10742883e-03  1.02501888e-03
  1.01550037e-03  9.25641149e-04  9.20942885e-04  8.57161727e-04
  8.22235665e-04  8.42415601e-04  7.27519837e-04  7.46580314e-04
  6.64957639e-04  6.47202463e-04  5.72764005e-04  5.44253849e-04
  4.90435144e-04  4.02316512e-04  4.46740757e-04  2.96216782e-04
  3.17292747e-04  2.28934287e-04  1.93322473e-04  1.70260874e-04
  1.05686768e-04  5.36164291e-05 -3.12045023e-05 -3.22886225e-06
 -1.46731580e-04 -1.60283843e-04 -2.71810750e-04 -2.57538644e-04
 -3.32446889e-04 -3.86537832e-04 -4.49913488e-04 -5.23026403e-04
 -4.95794887e-04 -6.46868120e-04 -5.98122337e-04 -7.40562747e-04
 -7.56120276e-04 -7.67496941e-04 -8.91254594e-04 -9.16839064e-04
 -1.01455526e-03 -1.02583642e-03 -1.16367957e-03 -1.10838696e-03
 -1.23464305e-03 -1.29149309e-03 -1.29839692e-03 -1.42023212e-03
 -1.43449300e-03 -1.55070870e-03 -1.57348943e-03 -1.68170511e-03
 -1.68305064e-03 -1.76940376e-03 -1.84889553e-03 -1.86321312e-03
 -1.97100755e-03 -1.98297635e-03 -2.00347056e-03 -2.03754330e-03
 -2.14423228e-03 -2.15181797e-03 -2.23556379e-03 -2.27591186e-03
 -2.31478230e-03 -2.42814635e-03 -2.33423227e-03 -2.50001749e-03
 -2.50438277e-03 -2.47865913e-03 -2.53557923e-03 -2.61887194e-03
 -2.70177159e-03 -2.66146701e-03 -2.77735956e-03 -2.76158172e-03
 -2.91472712e-03 -2.95046279e-03 -2.93374857e-03 -2.88457180e-03
 -3.04940848e-03 -3.00449546e-03 -2.89587168e-03 -3.10921549e-03
 -3.04866834e-03 -3.20231401e-03 -3.16220235e-03 -3.17782202e-03
 -3.21454990e-03 -3.21036053e-03 -3.29535582e-03 -3.14189885e-03
 -3.27872826e-03 -3.27634442e-03 -3.28125595e-03 -3.36682153e-03
 -3.33683833e-03 -3.30351015e-03 -3.36396610e-03 -3.43423659e-03
 -3.50268620e-03 -3.42453551e-03 -3.30149357e-03 -3.52780948e-03
 -3.44123962e-03 -3.30917761e-03 -3.47387351e-03 -3.37372091e-03
 -3.37777679e-03 -3.48641054e-03 -3.33722993e-03 -3.42705240e-03]
