Frame: 113
temp_s_est shape: (1024,)
temp_s_est dtype: float64
temp_s_est:
[ 6.29994753e-03  6.26025557e-03  6.18364412e-03  6.05547372e-03
  5.95368207e-03  5.83689357e-03  5.78869154e-03  5.74752000e-03
  5.51692673e-03  5.40426732e-03  5.31762724e-03  5.22174742e-03
  5.01165050e-03  4.96322769e-03  4.83258857e-03  4.78026298e-03
  4.58391680e-03  4.42860378e-03  4.13661051e-03  4.19763613e-03
  4.09995527e-03  3.93779155e-03  3.50723993e-03  3.43470257e-03
  3.35177716e-03  3.16359791e-03  2.87285562e-03  2.72302071e-03
  2.38197325e-03  2.53929231e-03  2.34572086e-03  1.86671783e-03
  1.61029512e-03  1.59649860e-03  1.57569748e-03  1.19120647e-03
  9.70986659e-04  7.34692713e-04  6.63200760e-04  4.82386410e-04
  3.86969400e-04 -1.74436250e-04 -1.39883383e-04 -8.57800594e-05
 -3.89255611e-04 -6.07323641e-04 -9.32152271e-04 -1.02625331e-03
 -1.21849247e-03 -1.44345158e-03 -1.50427282e-03 -2.10362599e-03
 -2.17894099e-03 -2.18998003e-03 -2.65475131e-03 -2.85852792e-03
 -3.01576730e-03 -3.10123092e-03 -3.33663437e-03 -3.74116219e-03
 -3.83459460e-03 -4.35160797e-03 -4.19776811e-03 -4.34257527e-03
 -4.69054318e-03 -4.84762323e-03 -5.07437732e-03 -4.95077993e-03
 -5.14369760e-03 -5.53856569e-03 -5.63595084e-03 -5.88442227e-03
 -5.53329778e-03 -5.61529826e-03 -6.31420955e-03 -6.45102533e-03
 -6.31940384e-03 -6.74625349e-03 -6.64794387e-03 -7.17864954e-03
 -6.99842546e-03 -7.34867454e-03 -7.15184258e-03 -7.66624806e-03
 -7.94876631e-03 -7.76544013e-03 -8.06849523e-03 -8.03212085e-03
 -8.51451016e-03 -8.46927674e-03 -8.30852684e-03 -8.60922312e-03
 -8.72284856e-03 -8.34340650e-03 -8.95115714e-03 -8.36505130e-03
 -8.85910385e-03 -8.73838666e-03 -8.58729834e-03 -8.71483361e-03
 -8.61698535e-03 -8.62147558e-03 -9.13522297e-03 -8.55660164e-03
 -9.02235216e-03 -9.11183060e-03 -8.95600706e-03 -9.05478452e-03
 -8.86702541e-03 -8.77043639e-03 -9.00307042e-03 -8.89028952e-03
 -9.70319254e-03 -9.25136819e-03 -9.39619342e-03 -9.04514642e-03
 -8.99759408e-03 -9.20154462e-03 -9.14397460e-03 -8.86369937e-03
 -9.32659206e-03 -8.28803664e-03 -9.62607002e-03 -8.37416424e-03
 -8.80287244e-03 -8.16505855e-03 -8.35490627e-03 -8.40565196e-03
 -8.25947014e-03 -7.92644046e-03 -8.22691504e-03 -7.53663350e-03
 -8.36811426e-03 -7.64729667e-03 -7.51534044e-03 -7.35992050e-03
 -7.16842747e-03 -7.83267108e-03 -6.83710390e-03 -7.60008956e-03
 -6.84100069e-03 -6.98686754e-03 -7.48040773e-03 -6.95503888e-03
 -6.52303753e-03 -6.43138704e-03 -5.65553875e-03 -6.88208903e-03
 -5.66277255e-03 -6.21523880e-03 -5.67037316e-03 -4.70571911e-03
 -5.72802948e-03 -4.58218739e-03 -4.51705410e-03 -4.50335667e-03
 -4.14642733e-03 -4.86742986e-03 -3.31632268e-03 -3.37862345e-03
 -3.53535978e-03 -2.70973994e-03 -3.48127271e-03 -2.84702990e-03
 -2.32312740e-03 -2.98409232e-03 -2.70439140e-03 -2.99461037e-03
 -1.30755344e-03 -2.24733047e-03 -1.83304439e-03 -2.01586111e-03
 -1.33162309e-03 -1.28222648e-03 -9.65678787e-04 -9.85689154e-04
 -8.75085976e-04 -5.62086294e-04  5.17776271e-04 -1.48488115e-04
  2.44244296e-04  8.13052856e-04  5.56045802e-04  1.59595188e-03
  8.53292842e-04  1.40803300e-03  1.52808267e-03  2.13944573e-03
  2.46834052e-03  2.26808371e-03  2.25868343e-03  2.90590568e-03
  2.07956585e-03  2.79791217e-03  2.75481102e-03  3.07615069e-03
  3.13407784e-03  3.75317934e-03  3.67471958e-03  3.67511370e-03
  3.64704102e-03  4.38485797e-03  3.76348073e-03  4.45001775e-03
  4.68620657e-03  4.97334720e-03  4.85703663e-03  5.47925555e-03
  5.08357172e-03  5.36646606e-03  5.89821976e-03  6.49212967e-03
  5.99992523e-03  6.07945361e-03  6.38182266e-03  6.93678153e-03
  6.63130991e-03  7.21934027e-03  6.48339805e-03  7.00630159e-03
  7.31160980e-03  7.43823377e-03  6.75278062e-03  7.17052823e-03
  7.51700859e-03  7.96282060e-03  7.40057341e-03  7.40740654e-03
  7.26796996e-03  7.74269338e-03  7.85616540e-03  7.62018278e-03
  7.56635220e-03  7.79334886e-03  8.16000776e-03  7.83836299e-03
  7.97651818e-03  7.71090776e-03  8.16483437e-03  8.15037034e-03
  8.33399125e-03  8.28677320e-03  8.22247899e-03  8.01148428e-03
  8.28549042e-03  7.89657825e-03  8.22301562e-03  8.07137287e-03
  8.03015289e-03  8.05659186e-03  8.04348813e-03  7.69030938e-03
  7.89225679e-03  7.63282101e-03  7.73313503e-03  7.61803993e-03
  7.38150986e-03  7.42657834e-03  7.30289173e-03  7.26436262e-03
  7.28115870e-03  7.11437886e-03  7.09659147e-03  7.18543083e-03
  7.03138688e-03  6.90415652e-03  6.82192218e-03  6.68485711e-03
  6.74506321e-03  6.70691567e-03  6.48934777e-03  6.29007794e-03
  6.32982900e-03  6.08841743e-03  5.98687248e-03  5.89315873e-03
  5.80589326e-03  5.66129106e-03  5.54625794e-03  5.31321281e-03
  5.19904167e-03  4.94039865e-03  4.89687097e-03  4.85135658e-03
  4.53515037e-03  4.53731147e-03  4.28129581e-03  4.14171635e-03
  4.00000114e-03  4.05023799e-03  3.82674246e-03  3.71925982e-03
  3.43831836e-03  3.46709865e-03  3.20055833e-03  3.17046447e-03
  2.83589869e-03  2.84597655e-03  2.65797064e-03  2.61478970e-03
  2.38408398e-03  2.14901426e-03  2.11337983e-03  1.95074840e-03
  1.70254702e-03  1.65234553e-03  1.50992549e-03  1.34690968e-03
  1.14963944e-03  9.54868534e-04  7.39542193e-04  7.33216056e-04
  6.14674215e-04  4.42502243e-04  1.44261239e-04  2.26435280e-04
  6.56797182e-05 -9.03678570e-05 -3.32064002e-04 -3.93721892e-04
 -5.27881929e-04 -5.07352190e-04 -7.68589770e-04 -9.11605131e-04
 -1.11552810e-03 -9.90083427e-04 -1.11791346e-03 -1.35716024e-03
 -1.47869454e-03 -1.51074452e-03 -1.66805295e-03 -1.72504167e-03
 -1.91226666e-03 -2.04747381e-03 -2.19307783e-03 -2.09851126e-03
 -2.31831172e-03 -2.52687816e-03 -2.61485678e-03 -2.69454154e-03
 -2.75129940e-03 -2.82246727e-03 -2.91615307e-03 -3.04638570e-03
 -3.15418784e-03 -3.16763106e-03 -3.24014221e-03 -3.46643239e-03
 -3.44414320e-03 -3.49497512e-03 -3.56281520e-03 -3.56872229e-03
 -3.73681798e-03 -3.78569139e-03 -3.81591112e-03 -3.77799759e-03
 -3.97055877e-03 -4.04628904e-03 -4.03344628e-03 -4.05534434e-03
 -4.13576555e-03 -4.24051859e-03 -4.30629347e-03 -4.27870575e-03
 -4.28643264e-03 -4.38521228e-03 -4.45685537e-03 -4.47928481e-03
 -4.37202940e-03 -4.53072996e-03 -4.52511059e-03 -4.57099560e-03
 -4.51905334e-03 -4.57439372e-03 -4.55609966e-03 -4.65355983e-03
 -4.61253555e-03 -4.56118414e-03 -4.54988682e-03 -4.64857041e-03
 -4.58324052e-03 -4.60663742e-03 -4.55977433e-03 -4.58927677e-03
 -4.59241053e-03 -4.59848640e-03 -4.56649596e-03 -4.51868416e-03
 -4.54483202e-03 -4.55336690e-03 -4.49417487e-03 -4.45626883e-03
 -4.47072228e-03 -4.42018422e-03 -4.38601247e-03 -4.40172613e-03
 -4.34752422e-03 -4.26680469e-03 -4.28685047e-03 -4.22307430e-03
 -4.18028334e-03 -4.12042370e-03 -4.07925222e-03 -4.06227953e-03
 -4.00951491e-03 -3.96301643e-03 -3.86698764e-03 -3.77372265e-03
 -3.82569020e-03 -3.70472988e-03 -3.66990033e-03 -3.59197904e-03
 -3.55821706e-03 -3.49858540e-03 -3.45289824e-03 -3.35149444e-03
 -3.32082439e-03 -3.19900403e-03 -3.25359526e-03 -3.09176666e-03
 -3.05262678e-03 -2.99112044e-03 -2.96745023e-03 -2.86265746e-03
 -2.80500807e-03 -2.73382135e-03 -2.65026638e-03 -2.56940455e-03
 -2.55081738e-03 -2.39070587e-03 -2.35745888e-03 -2.29941497e-03
 -2.22622044e-03 -2.13842783e-03 -2.02859037e-03 -2.00542909e-03
 -1.88782512e-03 -1.81581214e-03 -1.77989759e-03 -1.68491906e-03
 -1.61791147e-03 -1.57805865e-03 -1.47755621e-03 -1.39956351e-03
 -1.32990065e-03 -1.31626403e-03 -1.18893384e-03 -1.15644980e-03
 -1.10498752e-03 -1.02383901e-03 -9.70866776e-04 -8.85986001e-04
 -8.11635184e-04 -7.58599883e-04 -6.82664454e-04 -6.45446706e-04
 -5.32024193e-04 -4.74621557e-04 -4.46928207e-04 -3.53178219e-04
 -2.71614493e-04 -2.32157028e-04 -1.56490846e-04 -1.03242012e-04
 -4.98085687e-05  1.33306019e-05  8.95280782e-05  1.05902850e-04
  1.92220646e-04  2.01735699e-04  2.85779213e-04  3.36213643e-04
  3.74661875e-04  4.31889218e-04  4.52632001e-04  4.69297918e-04
  5.76060404e-04  5.56935756e-04  6.45444540e-04  6.78086289e-04
  7.05308298e-04  7.86408282e-04  7.93771092e-04  8.27517526e-04
  8.62615667e-04  9.01641373e-04  9.61445625e-04  9.78350483e-04
  1.02659607e-03  1.06484706e-03  1.07895091e-03  1.12082596e-03
  1.12927496e-03  1.19132133e-03  1.18716697e-03  1.24647551e-03
  1.24972453e-03  1.26230550e-03  1.30393551e-03  1.30926787e-03
  1.31948725e-03  1.35085581e-03  1.34043367e-03  1.39223363e-03
  1.37223666e-03  1.38900330e-03  1.41069972e-03  1.40957641e-03
  1.46547423e-03  1.44611693e-03  1.44221928e-03  1.46671542e-03
  1.45867459e-03  1.49612096e-03  1.47694327e-03  1.49951027e-03
  1.50785366e-03  1.52209405e-03  1.52775552e-03  1.52182455e-03
  1.49720902e-03  1.55244735e-03  1.49721458e-03  1.54680952e-03
  1.51959072e-03  1.53295483e-03  1.51606970e-03  1.50468775e-03
  1.50758542e-03  1.48756638e-03  1.47516441e-03  1.50965275e-03
  1.47038229e-03  1.46840462e-03  1.47986581e-03  1.44863889e-03
  1.42845679e-03  1.44119519e-03  1.44153599e-03  1.42267915e-03
  1.40153158e-03  1.40391492e-03  1.39519668e-03  1.38032460e-03
  1.37197955e-03  1.37614209e-03  1.33558467e-03  1.34663740e-03
  1.32459434e-03  1.29185427e-03  1.27677425e-03  1.29568061e-03
  1.25180797e-03  1.25211057e-03  1.21753076e-03  1.20032575e-03
  1.19224699e-03  1.16460604e-03  1.15074773e-03  1.13435058e-03
  1.10597818e-03  1.12385136e-03  1.07750240e-03  1.05038861e-03
  1.05868739e-03  9.98707850e-04  1.01099173e-03  9.90846500e-04
  9.83059430e-04  9.47483473e-04  9.39326358e-04  9.13599833e-04
  9.03068993e-04  8.69925486e-04  8.72230008e-04  8.25785623e-04
  8.28557343e-04  8.05336133e-04  7.96718989e-04  7.48867114e-04
  7.40326549e-04  7.31711159e-04  7.16725782e-04  6.89021644e-04
  6.79938042e-04  6.34305310e-04  6.45284095e-04  6.24145549e-04
  6.04554701e-04  5.83912660e-04  5.69163065e-04  5.52966688e-04
  5.37606270e-04  5.09069919e-04  5.13970485e-04  4.82615752e-04
  4.89215206e-04  4.62280056e-04  4.63430655e-04  4.34663493e-04
  4.27241678e-04  4.02779874e-04  3.82475978e-04  3.91550084e-04
  3.86754074e-04  3.56126203e-04  3.51724809e-04  3.34381021e-04
  3.41541699e-04  3.17406907e-04  3.01546705e-04  3.04566406e-04
  2.83731160e-04  2.98412033e-04  2.72908339e-04  2.64675851e-04
  2.54065657e-04  2.65775272e-04  2.44034110e-04  2.52341013e-04
  2.33743232e-04  2.41288371e-04  2.26249394e-04  2.41512574e-04
  2.18380451e-04  2.41099389e-04  2.13656961e-04  2.36023759e-04
  2.13661860e-04  2.29752975e-04  2.15875121e-04  2.21929740e-04
  2.13236300e-04  2.39542793e-04  2.29682241e-04  2.31703524e-04
  2.25907527e-04  2.30521952e-04  2.40469042e-04  2.49376354e-04
  2.39055405e-04  2.54821983e-04  2.59064866e-04  2.72202058e-04
  2.63587542e-04  2.81286638e-04  2.77899510e-04  3.02885290e-04
  3.04010451e-04  3.12889935e-04  3.21814656e-04  3.34855448e-04
  3.44861823e-04  3.61072182e-04  3.50059904e-04  3.75541984e-04
  3.94301604e-04  4.00195304e-04  4.14218432e-04  4.12517140e-04
  4.44895049e-04  4.50989510e-04  4.73425057e-04  4.63692481e-04
  4.93010577e-04  4.93637771e-04  5.26295359e-04  5.23292625e-04
  5.43445868e-04  5.50026624e-04  5.83465632e-04  5.80956080e-04
  6.13845230e-04  6.00871333e-04  6.32426032e-04  6.38755802e-04
  6.67462163e-04  6.64782789e-04  6.99230708e-04  6.93074863e-04
  7.19647637e-04  7.33821369e-04  7.46141624e-04  7.59754240e-04
  7.68246377e-04  7.85124125e-04  8.08046393e-04  8.11323623e-04
  8.30609487e-04  8.33791675e-04  8.47568459e-04  8.62385120e-04
  8.66638678e-04  8.82035452e-04  8.88967619e-04  9.05052049e-04
  9.09547219e-04  9.25151468e-04  9.27569419e-04  9.41634435e-04
  9.49248105e-04  9.50010330e-04  9.55843562e-04  9.75165361e-04
  9.84753179e-04  9.94501036e-04  9.77339008e-04  1.00620535e-03
  1.00264729e-03  1.02535598e-03  1.00845556e-03  1.02641191e-03
  1.01485703e-03  1.04174288e-03  1.02809179e-03  1.03489134e-03
  1.01763013e-03  1.05145387e-03  1.02302804e-03  1.03968942e-03
  1.00490239e-03  1.03084214e-03  1.01983182e-03  1.02563914e-03
  1.00874441e-03  1.00881081e-03  9.91097713e-04  1.00511317e-03
  9.72321094e-04  9.70986241e-04  9.72034148e-04  9.60700056e-04
  9.51225253e-04  9.44360298e-04  9.41829887e-04  9.16734224e-04
  9.09109938e-04  8.95503786e-04  8.72687389e-04  8.70206642e-04
  8.57564686e-04  8.32224061e-04  8.28612447e-04  7.76931365e-04
  7.95508200e-04  7.39397661e-04  7.38925413e-04  7.26369735e-04
  6.71985049e-04  6.67677560e-04  6.37994379e-04  6.10691321e-04
  6.06512119e-04  5.43483734e-04  5.41876917e-04  5.04642260e-04
  4.79761225e-04  4.49655774e-04  4.04074557e-04  3.86604612e-04
  3.78822520e-04  3.33631509e-04  3.13533926e-04  2.34425838e-04
  2.46109528e-04  1.86803326e-04  1.77270609e-04  1.12783854e-04
  8.66865537e-05  4.68500891e-05  3.17666550e-05 -3.55146960e-05
 -5.85506560e-05 -1.39618659e-04 -1.46531648e-04 -1.84250550e-04
 -2.37949572e-04 -2.74420298e-04 -3.33891873e-04 -3.65070048e-04
 -4.15722402e-04 -4.70246715e-04 -4.97836908e-04 -5.48153601e-04
 -5.99039981e-04 -6.26979623e-04 -6.89079551e-04 -7.26008439e-04
 -7.84102128e-04 -8.16968108e-04 -8.76710158e-04 -9.16584123e-04
 -9.70938916e-04 -1.02826985e-03 -1.07682160e-03 -1.11848929e-03
 -1.17445300e-03 -1.21863160e-03 -1.28393410e-03 -1.32611418e-03
 -1.39498965e-03 -1.45442926e-03 -1.49634663e-03 -1.56300138e-03
 -1.61185267e-03 -1.63251884e-03 -1.74543556e-03 -1.76059340e-03
 -1.83195645e-03 -1.88869064e-03 -1.93871690e-03 -1.99127726e-03
 -2.03399144e-03 -2.06231611e-03 -2.16569027e-03 -2.15864447e-03
 -2.26965116e-03 -2.29653525e-03 -2.33791315e-03 -2.40142291e-03
 -2.46190459e-03 -2.49121153e-03 -2.54410684e-03 -2.60918038e-03
 -2.67194846e-03 -2.70073444e-03 -2.76328189e-03 -2.81298218e-03
 -2.87216135e-03 -2.92278058e-03 -2.96971839e-03 -3.01329936e-03
 -3.05180258e-03 -3.12830709e-03 -3.15989451e-03 -3.17038962e-03
 -3.24861524e-03 -3.28207312e-03 -3.32203910e-03 -3.35261274e-03
 -3.38233600e-03 -3.39698520e-03 -3.44617741e-03 -3.49431103e-03
 -3.51598576e-03 -3.53402236e-03 -3.60137050e-03 -3.60668559e-03
 -3.62905692e-03 -3.63682018e-03 -3.68041821e-03 -3.70630420e-03
 -3.71908565e-03 -3.78358565e-03 -3.77896301e-03 -3.78181511e-03
 -3.82590582e-03 -3.82138803e-03 -3.84327516e-03 -3.86395969e-03
 -3.86613927e-03 -3.87419790e-03 -3.85814632e-03 -3.89846747e-03
 -3.87455554e-03 -3.86834300e-03 -3.85066168e-03 -3.86261906e-03
 -3.84140400e-03 -3.83605513e-03 -3.82229473e-03 -3.79122501e-03
 -3.77075713e-03 -3.79342147e-03 -3.71274610e-03 -3.74512530e-03
 -3.67507494e-03 -3.65202423e-03 -3.63693259e-03 -3.58537709e-03
 -3.59859723e-03 -3.52933287e-03 -3.49422422e-03 -3.50277967e-03
 -3.40501247e-03 -3.38705714e-03 -3.33207814e-03 -3.25310459e-03
 -3.26850934e-03 -3.19647873e-03 -3.13578042e-03 -3.06711021e-03
 -2.98764244e-03 -2.95237632e-03 -2.85961944e-03 -2.81179364e-03
 -2.71515047e-03 -2.66215904e-03 -2.58540110e-03 -2.51378323e-03
 -2.40766950e-03 -2.28989953e-03 -2.24500084e-03 -2.17070338e-03
 -2.02731571e-03 -1.99852521e-03 -1.86617235e-03 -1.80386149e-03
 -1.74419832e-03 -1.56935423e-03 -1.53091895e-03 -1.41111967e-03
 -1.33511236e-03 -1.22865464e-03 -1.09859119e-03 -1.00447298e-03
 -9.23921602e-04 -8.07489296e-04 -7.22746418e-04 -5.42182765e-04
 -4.80752391e-04 -3.34997311e-04 -2.65796471e-04 -6.73545849e-05
  5.31305890e-06  1.02820192e-04  2.67930711e-04  3.67395869e-04
  4.97673784e-04  6.79039990e-04  7.25987291e-04  8.60412500e-04
  1.02095517e-03  1.11153199e-03  1.22304379e-03  1.35709321e-03
  1.47245694e-03  1.62028494e-03  1.70387471e-03  1.87635717e-03
  1.97052395e-03  2.07389587e-03  2.19792809e-03  2.40314100e-03
  2.41116085e-03  2.59019711e-03  2.69574114e-03  2.80580913e-03
  2.96470719e-03  3.10110007e-03  3.16926130e-03  3.32996121e-03
  3.47390091e-03  3.61248839e-03  3.68620322e-03  3.78937959e-03
  3.95769054e-03  4.08286473e-03  4.17632674e-03  4.28532093e-03
  4.41525306e-03  4.47023461e-03  4.69712084e-03  4.73508998e-03
  4.81588792e-03  4.93621613e-03  5.12720466e-03  5.13670888e-03
  5.28182549e-03  5.27189194e-03  5.50503760e-03  5.49843625e-03
  5.66712377e-03  5.68743016e-03  5.77409824e-03  5.88435064e-03
  5.98716314e-03  6.04064042e-03  6.13672449e-03  6.22217200e-03
  6.35338124e-03  6.34322549e-03  6.48256104e-03  6.53060688e-03
  6.54499336e-03  6.69955585e-03  6.72912823e-03  6.81527727e-03
  6.86294040e-03  6.88521815e-03  6.95322328e-03  6.97706677e-03
  7.09417743e-03  7.07090419e-03  7.03043326e-03  7.13247356e-03
  7.18104668e-03  7.16992008e-03  7.10812818e-03  7.12725177e-03
  7.15185369e-03  7.22334504e-03  7.21396256e-03  7.23433447e-03
  7.11213011e-03  7.24179217e-03  7.22601888e-03  7.22056704e-03
  7.14941644e-03  7.17012240e-03  7.12150368e-03  7.17005730e-03
  7.06939647e-03  7.10826076e-03  6.98475664e-03  7.09413907e-03
  6.94689867e-03  6.97886520e-03  6.78480593e-03  6.77215695e-03
  6.70565865e-03  6.66900938e-03  6.52348565e-03  6.48373570e-03]
