Frame: 16
temp_s_est shape: (1024,)
temp_s_est dtype: float64
temp_s_est:
[-2.66020815e-07 -8.96244616e-06 -2.07975151e-05  1.14802539e-04
  2.84987348e-04  9.01120438e-05  1.05859105e-04  2.20675745e-04
  8.83814469e-05  1.38400227e-04  1.55265150e-04  1.44606511e-04
  1.67306671e-04  6.52830699e-05  1.16982284e-04  1.18326943e-05
  8.61148222e-05 -2.04658264e-05  1.98363257e-04  1.41071547e-04
  7.05873344e-06  5.76770723e-05  1.47642660e-04  1.49306096e-04
  2.54202594e-04  1.83076058e-04  1.30109301e-04  1.20596633e-05
  8.63997752e-05 -5.47021159e-06  1.86338974e-04  5.50519588e-05
  6.86411799e-05  1.42350200e-04  7.35553636e-05 -9.53702378e-05
 -4.92904646e-05  5.45910209e-05  7.84188825e-05  2.83114501e-05
  1.49263765e-04  8.66160446e-05  2.33142574e-04  1.84591236e-04
  8.73875155e-05  1.87013302e-04  3.76507190e-05 -7.96898769e-05
  1.02108852e-04  1.73355717e-04  1.57740661e-04  2.93015937e-05
  7.96070848e-05 -5.29664997e-05  2.65302388e-05  6.28608271e-05
 -2.91419320e-06  3.72806126e-05  1.30536268e-04  2.20240916e-04
  2.54551530e-04  1.19681070e-04  1.50248877e-04  1.48636539e-04
  8.06881962e-05  1.35168738e-04  1.18815739e-04  3.27203753e-05
  3.26444614e-05 -6.50374461e-06  1.38808791e-04  9.94460241e-05
  2.59730296e-05 -8.14820306e-06 -6.11325414e-05  2.55350978e-05
  3.01714532e-04  1.50243560e-04  2.46632873e-04 -1.08722237e-04
  1.29834129e-04  1.49089196e-04 -5.10802802e-05  1.26921623e-04
 -7.69848415e-05  1.91813701e-04  1.54514505e-05  1.53188883e-04
 -6.55623231e-05  7.69806550e-06 -1.60322817e-04  1.65238263e-04
 -7.74211518e-05  6.15303136e-05 -9.25219793e-05  9.45053918e-05
  2.21346775e-04  1.71222442e-04  1.43602323e-04  1.41026019e-05
 -2.54731748e-04 -6.44284098e-05  3.91228207e-05  8.56328673e-05
 -1.69486616e-04 -4.34098862e-05 -1.55411295e-05  4.53364271e-05
 -2.10317475e-04  1.62457851e-04 -4.65069058e-05  1.94890976e-04
  7.25457795e-05  2.15145248e-04  5.30463250e-05  4.60500574e-05
  1.95116176e-04 -6.95791623e-05  2.17799880e-04 -2.08604413e-04
 -2.30507118e-04 -9.42263230e-05 -2.09783342e-05  1.16424544e-04
  7.54110262e-05 -2.14431831e-04  7.92429776e-05 -2.26761181e-04
  1.84832450e-04  1.23603457e-04 -6.87123272e-05  7.61787220e-05
  7.32818054e-05 -4.80206417e-05 -3.60561354e-05 -3.02818431e-04
  8.64804012e-05 -3.57033938e-05 -7.53567727e-05 -2.92509041e-04
 -2.48397613e-04 -2.17231402e-04 -1.72145355e-05  3.03925044e-05
  1.50685340e-04 -1.10289907e-04 -1.06774403e-04  5.16135694e-05
 -4.86688519e-05  1.28473492e-04 -1.91382404e-04 -3.06211806e-05
 -9.81783896e-05 -1.55301422e-04 -1.00487687e-04 -3.13892649e-04
 -6.93589213e-05 -2.18356399e-04 -1.61116109e-04 -2.46247021e-05
 -4.48799568e-04 -2.52383146e-04 -1.53283880e-04  3.71639235e-05
  1.60947349e-04 -8.74362152e-05 -3.14655592e-05 -6.92763996e-05
 -2.31811079e-04  7.72900814e-05 -1.33214107e-04 -5.41355823e-04
 -5.22954440e-04  5.13942086e-05 -1.18476157e-04 -2.55161574e-04
 -3.37089917e-04 -3.10761343e-04 -1.88817457e-04  3.39416425e-05
 -1.06634239e-04 -9.41239514e-05 -4.39519909e-05 -7.74417700e-05
  2.72142854e-04 -8.83130106e-05 -4.68320291e-04 -4.16594991e-04
 -1.31300661e-04 -2.50203137e-04 -5.36618379e-04 -2.69171011e-04
 -3.51910091e-04 -3.32518731e-04 -5.03977141e-04 -1.05675321e-04
 -3.76312082e-04 -2.66371788e-04 -6.98347740e-04  2.36578138e-04
 -2.69859663e-04 -3.64284613e-04 -3.47902007e-05 -2.21084770e-04
 -2.24111517e-04 -5.47508597e-04 -5.20678739e-04 -6.11117880e-04
 -5.38315160e-04 -3.07369166e-04 -5.83520315e-05 -2.56262263e-04
 -6.20420926e-04 -7.26930341e-05 -3.28192027e-04 -4.05891180e-04
 -4.12168250e-04 -3.28732753e-04 -1.61042249e-04 -1.07050484e-04
 -3.97479392e-04 -3.06646091e-04 -3.48786704e-04 -4.15138041e-04
 -5.46790414e-04 -8.99787892e-04 -5.28449644e-04 -5.82790298e-04
 -2.77798595e-04 -4.52234705e-04  9.34702296e-06 -5.07319472e-04
 -7.15853455e-04 -3.99762140e-04 -6.39428812e-04 -3.42224712e-04
 -1.88942877e-04 -1.58611926e-04 -7.48051296e-04 -5.16050328e-04
 -3.87028893e-04 -5.51115995e-04 -2.04505841e-04 -7.21319674e-04
 -7.08724658e-04 -7.60976806e-04 -7.27048182e-04 -5.39114713e-04
 -2.73571053e-04 -3.60310493e-04 -9.52051872e-04 -4.31455650e-04
 -5.53710255e-04 -6.25934645e-04 -3.21185679e-04 -5.36531402e-04
 -3.09125522e-04 -5.48719015e-04 -9.36351718e-04 -8.55010293e-04
 -8.89684413e-04 -1.02955178e-03 -7.71244167e-04 -6.58511255e-04
 -8.11683238e-04 -1.02520573e-03 -9.22809845e-05 -7.92736455e-04
 -4.18272136e-04 -4.28442048e-04 -7.24876091e-04 -4.65081332e-04
 -8.51321885e-04 -8.77501527e-04 -2.59781316e-04 -6.52707270e-04
 -8.85084662e-04 -9.11486985e-04 -9.70681517e-04 -8.35925534e-04
 -4.56186714e-04 -1.01444534e-03 -9.15055228e-04 -4.83019750e-04
 -4.81595436e-04 -7.65467275e-04 -6.16759274e-04 -6.99090380e-04
 -7.46944106e-04 -5.73344222e-04 -7.37815045e-04 -1.03285010e-03
 -4.98875604e-04 -1.32219444e-03 -4.02021211e-04 -1.21015578e-03
 -1.33169978e-03 -8.06898489e-04 -1.04576313e-03 -3.41007312e-04
 -1.05690400e-03 -8.71988902e-04 -7.49316826e-04 -5.93762068e-04
 -4.66461602e-04 -1.16657598e-03 -9.34182502e-04 -8.32950557e-04
 -9.63669786e-04 -6.10407217e-04 -1.15569474e-03 -1.41154257e-03
 -8.54409205e-04 -1.11762749e-03 -6.26578818e-04 -1.37848218e-03
 -1.20735655e-03 -1.03240657e-03 -1.07045875e-03 -9.67761259e-04
 -1.00864211e-03 -4.79497221e-04 -1.04571951e-03 -7.75858078e-04
 -9.60938440e-04 -8.85451021e-04 -1.14432131e-03 -1.05862282e-03
 -1.37574200e-03 -8.04774432e-04 -1.00272985e-03 -1.44680858e-03
 -9.76187530e-04 -1.12336751e-03 -8.04226853e-04 -1.69808948e-04
 -1.47398885e-03 -6.48540030e-04 -1.54952338e-03 -6.15132416e-04
 -9.35020791e-04 -1.24108207e-03 -1.27718772e-03 -9.10220641e-04
 -9.26384749e-04 -1.05767737e-03 -1.84012400e-03 -5.46761125e-04
 -1.74600636e-03 -1.50382132e-03 -8.15027974e-04 -1.38215863e-03
 -6.26844691e-04 -1.40831646e-03 -7.48662470e-04 -6.62916380e-04
 -1.39640201e-03 -1.20823694e-03 -1.13720138e-03 -7.77832607e-04
 -1.15012471e-03 -1.14347777e-03 -1.32135075e-03 -1.70536717e-03
 -1.02956787e-03 -1.63825130e-03 -5.34012702e-04 -1.70535824e-03
 -1.31839148e-03 -1.04343327e-03 -1.08596103e-04 -1.80630813e-03
 -6.07969053e-04 -1.06361999e-03 -1.09004787e-03 -1.43187870e-03
 -1.09350883e-03 -1.50417516e-03 -6.78694195e-04 -1.79171127e-03
 -1.05297381e-03 -1.56426582e-03 -1.53529904e-03 -1.25608306e-03
 -1.38826637e-03 -9.24231721e-04 -1.87331946e-03 -6.52068820e-04
 -4.08427252e-04 -1.23059057e-03 -3.46347060e-04 -1.32065527e-03
 -1.54538387e-03 -1.39344702e-03 -1.18567810e-03 -1.07795332e-03
 -1.61589119e-03 -9.84551221e-04 -1.52026028e-03 -1.12036376e-03
 -1.31134247e-03 -1.47868543e-03 -1.28484132e-03 -1.15292333e-03
 -1.54566797e-03 -6.22294850e-04 -1.38822264e-03 -6.28989653e-04
 -1.35372298e-03 -1.05851337e-03 -1.49608219e-03 -1.31795039e-03
 -1.97742252e-03 -1.62413561e-03 -1.37078222e-03 -1.40884563e-03
 -8.42400720e-04 -1.45376777e-03 -1.27358123e-03 -2.05312802e-03
 -1.18799393e-03 -8.23978887e-04 -1.02183856e-03 -9.84771275e-04
 -1.00444647e-03 -6.50973283e-04 -8.79573832e-04 -1.12676574e-03
 -1.15746104e-03 -1.75511530e-03 -1.60895717e-03 -1.72083064e-03
 -1.54260760e-03 -7.27300673e-04 -1.29960820e-03 -8.61591950e-04
 -1.26229236e-03 -1.34543609e-03 -1.42510710e-03 -1.61794965e-03
 -8.43944943e-04 -1.26948198e-03 -9.87263572e-04 -1.11327476e-03
 -1.33403437e-03 -2.73763927e-04 -1.75390326e-03 -8.61896085e-04
 -1.81659833e-03 -1.18662533e-03 -1.11432406e-03 -1.31256004e-03
 -1.99402910e-03 -1.16522025e-03 -6.19198042e-04 -7.26427779e-04
 -1.15785244e-03 -1.78405232e-03 -1.34798564e-03 -6.59507400e-04
 -8.79392621e-04 -7.97281047e-04 -1.17220635e-03 -1.25247185e-03
 -1.14855344e-03 -1.72561795e-03 -1.94667483e-03 -1.46827872e-03
 -1.12698531e-03 -1.30768200e-03 -1.76626743e-03 -1.15123528e-03
 -1.10347714e-03 -8.23544403e-04 -5.00555401e-04 -1.80056811e-03
 -1.22557836e-03 -1.43220789e-03 -3.84992925e-04 -1.85548647e-03
 -2.57223644e-04 -1.19269366e-03 -1.46142587e-03 -1.39068901e-03
 -1.48071442e-03 -8.52740264e-04 -1.53339604e-03 -1.25781836e-03
 -1.15993346e-03 -1.20659531e-03 -2.83630917e-04 -7.50202654e-04
 -8.21419533e-04 -5.77004583e-04 -1.41802314e-03 -2.87996751e-04
 -1.91127271e-03 -1.28982367e-03 -1.26477181e-03 -1.03608190e-03
 -9.41905963e-04 -1.12078516e-03 -1.16299631e-03 -1.62396146e-03
 -1.62853615e-03 -6.13953277e-04 -8.67044282e-04 -5.45236518e-04
 -1.40869964e-03 -6.96559693e-04 -1.00761790e-03 -3.39453198e-04
 -7.31830550e-04 -9.04360990e-04 -1.24989176e-03 -8.23031927e-04
 -7.97427714e-04 -1.38141865e-03 -1.28345087e-03 -1.23041782e-03
 -5.04027905e-04 -5.04783751e-04 -1.51594235e-03 -1.45473804e-03
 -4.75118419e-04 -1.18902090e-03 -3.93325865e-04 -1.35368641e-03
  1.00959745e-04 -1.42248887e-03 -3.88623573e-04 -7.05478210e-04
 -1.06447158e-03 -1.41082022e-03 -1.78160939e-03 -1.04302826e-03
 -7.79915348e-04 -1.54437138e-03 -9.90062462e-04 -8.30886665e-04
 -1.71223129e-04 -9.34322655e-04 -6.40553682e-04 -9.95774700e-04
 -1.06883255e-03  3.86612565e-05 -5.18343225e-04 -6.08944889e-04
 -1.66364557e-04 -1.29876589e-03 -6.17045336e-04 -2.41280730e-04
 -1.43982726e-03 -5.62459485e-04 -1.38597389e-03 -1.02843357e-03
 -1.07171869e-03 -1.55922730e-04 -3.49120857e-04 -5.95120088e-05
 -1.11591967e-03 -1.53139878e-04 -8.24346802e-04 -5.13767382e-04
 -6.68943024e-04 -5.34058878e-04 -2.30488082e-04 -1.01418325e-03
 -1.06667714e-03 -6.64485577e-04 -1.65740862e-03 -2.48125079e-04
 -8.26867160e-04 -4.56089538e-04 -1.12753513e-03 -2.82818420e-04
  2.79629617e-04 -4.75284504e-04 -2.00548886e-04 -6.27909745e-04
 -4.91195214e-04 -4.96229470e-04 -7.66650333e-04 -1.69626313e-04
  1.40474200e-04 -9.88012939e-04 -4.69456583e-04 -1.13964250e-03
  5.60507552e-05 -1.33756826e-03 -1.14507605e-03 -3.05041785e-04
 -6.96801664e-05 -2.22788137e-04 -3.67128344e-04 -8.42211201e-05
  1.45974892e-04 -4.68739574e-04 -4.79124591e-04 -6.67922557e-04
 -9.54682876e-04 -5.33691972e-04  1.96058594e-04 -4.33794609e-04
 -2.72468654e-04 -4.83723276e-04 -1.39239449e-04 -8.24008501e-04
 -7.28079439e-04 -3.02312421e-04 -2.55182159e-04 -1.04235160e-05
 -3.28677768e-04 -2.99912753e-04  9.70188300e-04 -2.17977571e-04
 -1.32175446e-04 -4.57799870e-04 -6.61297384e-04 -6.17811940e-05
 -4.37638102e-04 -5.20084019e-04 -9.82934771e-04 -4.55255216e-04
 -1.16247101e-04 -5.67531363e-04  2.36282284e-04 -9.86474362e-04
 -2.23868093e-04  4.02012835e-04 -2.49429084e-04  2.82170509e-04
  4.64422877e-04 -4.67602706e-04 -5.80951168e-05 -2.89117120e-04
 -5.71948495e-04 -4.72860484e-04 -5.23139385e-05 -1.76457898e-04
  1.29208423e-04 -2.60837318e-04 -4.12917607e-04  2.48363286e-04
 -2.73041462e-04 -9.42894040e-05 -9.83048797e-05  3.85755581e-04
  2.72057737e-04 -8.73237450e-05 -1.87159123e-04  1.69225927e-04
  5.98518969e-05 -3.36615403e-04 -1.49393905e-05 -4.33504458e-05
 -3.48365966e-04  4.67973746e-06 -3.41331120e-04  5.21311282e-04
 -5.35459755e-04  3.47581524e-04  3.15438304e-04 -3.49607403e-04
 -7.14937201e-05  4.11926762e-04  5.02996033e-04  1.11467501e-04
 -3.09107940e-04  5.15972412e-04  2.48322925e-04 -1.04420028e-04
 -1.12341189e-04 -1.82443645e-04 -1.51504892e-05 -7.91273316e-05
  2.32474119e-04  1.14755334e-04 -4.75559704e-04  1.04289177e-05
  1.25401669e-04  3.31072990e-04 -1.19359475e-04 -1.55339941e-04
 -1.27301336e-04  2.68361211e-04  7.64905324e-04  3.35981258e-04
 -5.34577867e-05 -5.91182009e-04  2.64531624e-04  2.00493414e-04
  3.47771923e-04 -5.11477908e-04 -2.57222671e-04  1.29321843e-04
  3.78124360e-04  3.25453216e-04  3.21421606e-04  4.23923663e-04
  3.51381726e-04  4.57737434e-04  2.10862155e-04  1.36861630e-04
  1.49181568e-04  3.74823306e-04  3.69616195e-04  2.84461084e-04
 -3.02958585e-05  4.43932664e-04  2.25064567e-04 -6.93563129e-05
  4.90587430e-04 -1.49506655e-04  4.94130955e-05  2.25470376e-04
  4.58002733e-04  3.86477571e-04  4.87553108e-04  2.98537130e-04
 -8.59644171e-05  6.25096004e-04  2.80927162e-04  1.63275215e-04
  9.46083505e-05 -1.79695691e-04  5.77407531e-04  5.64497503e-04
 -5.34213977e-05  3.28456056e-04  2.26928246e-04  3.68696481e-04
  5.27076088e-04  3.04371284e-04  2.50704704e-04  3.37860869e-04
  3.75519914e-04  5.04745682e-04  7.29065198e-04  1.21915253e-04
 -1.75978309e-04 -7.75906321e-05  3.56974024e-04  3.19068816e-04
  3.92734051e-04  2.35635015e-04 -3.85981549e-05  1.75764882e-04
  2.20472928e-04  2.52129967e-04  2.64434614e-04  8.15095790e-05
  6.24742228e-04  7.85638613e-04  4.42611424e-04 -5.07092398e-06
  5.26646153e-04  4.29851363e-04  3.58140566e-04  3.56323542e-04
 -1.20433659e-04  1.84063175e-04  7.22013391e-04  2.98810085e-04
  5.17284128e-04  3.43929580e-04  3.54678688e-04  3.51833696e-04
 -2.50094868e-05  4.40933596e-04  4.61764644e-04  5.09349056e-04
  9.76920059e-04  4.55572861e-04  3.76644234e-04  8.41701542e-05
  3.40795783e-04  2.58618011e-04  1.48948140e-04  1.80997807e-04
  2.89575064e-04  1.57391396e-04  3.40998097e-04  7.25951422e-04
  5.02634632e-04  4.61761511e-04  6.87140566e-05  5.09884174e-04
  2.89799767e-04  6.34984629e-04  5.03402740e-04  4.74576848e-04
  1.93340470e-04  2.85930626e-04  4.38900717e-04  2.91529084e-04
  2.16464371e-04  3.13387957e-04  2.12226946e-04  4.98291272e-04
  3.31551977e-04  3.58748255e-04  6.01022513e-04  2.97103790e-04
  4.23628693e-04  5.08049157e-04 -1.40990678e-04  6.51220420e-04
  3.79626234e-04  5.69589659e-04  3.88752753e-04  2.96127226e-04
  1.69457875e-04  4.66948806e-04 -6.08514933e-06  7.99191781e-05
  4.62899722e-04  5.00700443e-04  3.34610558e-04  3.85159325e-04
  5.26756103e-04  2.97945594e-04  5.49912596e-04  3.48840694e-04
  3.90644510e-04  6.46128617e-04  3.30941963e-04  2.56828636e-04
  4.74323479e-04  4.29655646e-04  3.66545197e-04  2.05570125e-04
  3.00311709e-04  2.52959258e-04  2.43328501e-04  3.79541049e-04
  3.51380406e-04  4.79688313e-04  3.18145003e-04  1.22342229e-04
  5.71846078e-04  1.02508885e-04  3.63444398e-04  5.06483472e-04
  7.70537323e-05  2.64800000e-04  4.92867997e-04  2.73911642e-04
  2.52535250e-04  1.10308015e-04  3.79502843e-04  4.33782805e-04
  4.01662402e-04  8.96757182e-05  2.45519104e-04  4.19789872e-04
  4.96896924e-04  6.30409352e-04  2.31516252e-04  1.55121568e-04
  2.79034314e-04  4.25698862e-04  3.63182478e-04  2.76120002e-04
  3.03251812e-04  2.05846424e-04  1.85325409e-04  2.89660015e-04
  3.56675816e-04  4.19492714e-04  2.05120133e-04  2.21675350e-04
  2.56473438e-04  4.24061439e-04  1.70424212e-04  2.75780479e-04
  4.19996852e-04  3.81486111e-04  4.32539344e-04  2.21888415e-04
  2.93259343e-04  1.52706406e-04  1.55954030e-04  3.93799696e-04
  1.87091218e-04  2.35418915e-04  2.75690515e-04  2.91041633e-04
  3.63613365e-04  2.65247017e-04  2.61873097e-04  2.46397104e-04
  9.12008473e-05  2.78676068e-04  2.43442267e-04  3.64316383e-04
  2.22332216e-04  3.52004716e-04  1.73316617e-04  1.20844802e-04
 -4.56170793e-05  8.05857224e-05  2.53454649e-04  1.40229294e-04
  2.02230752e-04  1.45790296e-04  2.39029023e-04  2.36866176e-04
  3.10550815e-04  2.95779536e-04  3.83309137e-05  1.23563011e-04
  2.38464868e-04  2.81893968e-04  2.35884858e-04  2.35500596e-04
  1.73712950e-04  2.28216493e-04  1.99220909e-04  1.78015212e-04
  3.70912552e-05  8.65679421e-05  2.01332501e-04  4.22084242e-04
  3.96386478e-04  2.61776556e-05  1.92450703e-04  1.89961852e-04
  3.45325583e-04  2.19739570e-04  2.21557786e-04  5.48474211e-05
  2.01264481e-04  2.61165686e-04  2.10391276e-04  7.20691391e-05
  1.09837253e-04  1.02114507e-04  1.05267021e-04  4.04006924e-05
  2.23816187e-04  2.63150605e-04  2.90174408e-04  1.56991814e-04
  2.71650661e-04  1.04775583e-04  1.41613834e-05  2.19877652e-04
  1.11806203e-05  1.75013953e-04  3.04669145e-04  5.12430534e-05
  1.27826611e-04  1.16897925e-05  8.83243445e-05  1.32510244e-04
  1.22864996e-04  2.94554064e-05  8.30583497e-05  1.88060611e-04
  6.96304527e-05  1.95096790e-04  2.15607992e-04  5.05800851e-05
  1.90108555e-04  1.11133086e-04  6.55505278e-05  1.33369494e-04
  1.27690206e-04  1.47202148e-04  5.96225100e-05  5.95337093e-05
  8.38182819e-05  7.99821594e-06  5.23588521e-05  2.76878881e-04
  2.87469920e-04  1.28333411e-04  4.99792805e-05  1.43102642e-04
  3.72098024e-04  1.08710527e-04  6.14853200e-05  1.52241587e-04
 -1.01289407e-04  9.73136550e-05  1.83453022e-04  9.79259298e-05
  1.24967631e-04 -5.03183334e-05  2.04831620e-04  1.36688138e-04
  5.80903602e-05  5.90852058e-05  2.89454916e-04  1.79805330e-04
  1.04396990e-04  2.65143608e-04  1.09812458e-04  3.00267225e-05
  4.47342365e-05  6.70561355e-05  2.35445823e-04  1.22939393e-05
 -8.28084203e-05  1.81806697e-04 -5.06035343e-05  1.43266232e-04
 -4.66948397e-05  1.86213576e-04  1.81419956e-04  2.87027649e-05
  1.77701782e-04  2.25368600e-04  1.04727569e-04  4.46705164e-05
  2.07279558e-04  4.96869835e-05  2.01866216e-05  7.61001083e-05
  2.84766326e-05  1.49309477e-04  1.47883138e-05  2.51383520e-04]
