Frame: 82
temp_s_est shape: (1024,)
temp_s_est dtype: float64
temp_s_est:
[ 6.03214312e-02  6.07678009e-02  6.08600629e-02  6.12020742e-02
  6.14848764e-02  6.17061515e-02  6.20753527e-02  6.18798272e-02
  6.21523007e-02  6.25106919e-02  6.25336511e-02  6.26317073e-02
  6.25029569e-02  6.25516535e-02  6.27274998e-02  6.25121681e-02
  6.25515692e-02  6.21472811e-02  6.23306091e-02  6.23217131e-02
  6.19151545e-02  6.16625280e-02  6.14056349e-02  6.13115082e-02
  6.10310368e-02  6.05342107e-02  6.01980155e-02  5.97763910e-02
  5.95463583e-02  5.92794349e-02  5.85604977e-02  5.78925022e-02
  5.76014962e-02  5.69037660e-02  5.65563644e-02  5.54866370e-02
  5.48349643e-02  5.47421778e-02  5.35682673e-02  5.30915445e-02
  5.22916033e-02  5.10490532e-02  5.08422549e-02  4.96996307e-02
  4.90989622e-02  4.78382845e-02  4.70300057e-02  4.66049615e-02
  4.51056868e-02  4.44929342e-02  4.31050188e-02  4.20644568e-02
  4.14639094e-02  3.98735254e-02  3.92556566e-02  3.72930247e-02
  3.65773641e-02  3.62103985e-02  3.38644849e-02  3.32100429e-02
  3.19867015e-02  3.05525219e-02  2.96610688e-02  2.80984238e-02
  2.66166911e-02  2.52303452e-02  2.41981403e-02  2.32310177e-02
  2.13778670e-02  1.95679039e-02  1.85401186e-02  1.73439329e-02
  1.56938262e-02  1.41233710e-02  1.25798392e-02  1.11723098e-02
  9.98371249e-03  8.91768016e-03  6.64075597e-03  5.08198495e-03
  4.89224403e-03  2.52627410e-03  6.75678204e-04 -3.84250174e-04
 -2.38502056e-03 -3.15410987e-03 -5.11212101e-03 -6.37290624e-03
 -8.27200905e-03 -1.02372860e-02 -1.04079695e-02 -1.28529745e-02
 -1.48722717e-02 -1.57469788e-02 -1.76819526e-02 -1.88249776e-02
 -2.02461266e-02 -2.19345982e-02 -2.33972748e-02 -2.52309704e-02
 -2.61101229e-02 -2.79310613e-02 -3.02057701e-02 -3.06562277e-02
 -3.26624563e-02 -3.30615162e-02 -3.52917696e-02 -3.69156043e-02
 -3.79359800e-02 -3.98117647e-02 -3.98164217e-02 -4.17279157e-02
 -4.42939363e-02 -4.38796209e-02 -4.57446142e-02 -4.70623495e-02
 -4.86043192e-02 -5.03182747e-02 -5.01654224e-02 -5.26454306e-02
 -5.33135739e-02 -5.48293393e-02 -5.67506547e-02 -5.58757811e-02
 -5.82040063e-02 -5.90724961e-02 -6.08976222e-02 -6.13938856e-02
 -6.17860211e-02 -6.33573754e-02 -6.37923573e-02 -6.51505397e-02
 -6.54971324e-02 -6.58737495e-02 -6.74240905e-02 -6.81183947e-02
 -6.91166524e-02 -6.93406541e-02 -6.98870087e-02 -7.09859687e-02
 -7.19157579e-02 -7.21664679e-02 -7.24482571e-02 -7.31659753e-02
 -7.33256324e-02 -7.44833183e-02 -7.49580612e-02 -7.49567699e-02
 -7.59209582e-02 -7.53085403e-02 -7.76128737e-02 -7.63180514e-02
 -7.59918634e-02 -7.75281149e-02 -7.65000496e-02 -7.77712368e-02
 -7.72884288e-02 -7.68156833e-02 -7.72702033e-02 -7.76422720e-02
 -7.81601214e-02 -7.63052328e-02 -7.64967372e-02 -7.64318666e-02
 -7.59172722e-02 -7.68299129e-02 -7.49226501e-02 -7.57048490e-02
 -7.59865545e-02 -7.50605733e-02 -7.59136985e-02 -7.33795652e-02
 -7.31239759e-02 -7.40429173e-02 -7.28773595e-02 -7.22107651e-02
 -7.16576530e-02 -7.15176082e-02 -7.07103333e-02 -7.00576666e-02
 -6.91404347e-02 -6.80019223e-02 -6.69254037e-02 -6.67130960e-02
 -6.56365964e-02 -6.42327332e-02 -6.35700328e-02 -6.33306616e-02
 -6.20766591e-02 -6.07604743e-02 -6.02554548e-02 -5.83868371e-02
 -5.72331002e-02 -5.74623270e-02 -5.53975305e-02 -5.40265296e-02
 -5.35779801e-02 -5.20683580e-02 -5.11425077e-02 -5.00513985e-02
 -4.82925680e-02 -4.75691126e-02 -4.57531920e-02 -4.50317574e-02
 -4.33881152e-02 -4.12860622e-02 -4.05593229e-02 -3.98713523e-02
 -3.79337318e-02 -3.62688779e-02 -3.47707332e-02 -3.34672746e-02
 -3.21398096e-02 -3.06517991e-02 -2.88045163e-02 -2.72141905e-02
 -2.59420518e-02 -2.47633146e-02 -2.26297704e-02 -2.16453593e-02
 -2.01152956e-02 -1.91431956e-02 -1.67250300e-02 -1.50187839e-02
 -1.42503429e-02 -1.20310638e-02 -1.14169234e-02 -9.88053895e-03
 -7.39322781e-03 -6.38261821e-03 -4.63361057e-03 -3.41705699e-03
 -1.27188723e-03  3.09373097e-05  1.38686935e-03  3.04537840e-03
  4.38125723e-03  6.22854751e-03  7.79631348e-03  9.06288510e-03
  1.07708004e-02  1.17543809e-02  1.38046602e-02  1.51242332e-02
  1.63798219e-02  1.77658040e-02  1.90388255e-02  2.07583994e-02
  2.20359134e-02  2.36815615e-02  2.48739080e-02  2.61141353e-02
  2.77425703e-02  2.87546550e-02  2.99356220e-02  3.11449858e-02
  3.29292859e-02  3.39615587e-02  3.51832810e-02  3.63925274e-02
  3.73466637e-02  3.87932895e-02  3.99604702e-02  4.09975626e-02
  4.19394492e-02  4.28357610e-02  4.44624821e-02  4.53590167e-02
  4.60496992e-02  4.71669537e-02  4.80278781e-02  4.91809592e-02
  4.98480848e-02  5.07188987e-02  5.14410470e-02  5.23714221e-02
  5.33497780e-02  5.38601970e-02  5.45928743e-02  5.52955137e-02
  5.61569226e-02  5.67098359e-02  5.71962844e-02  5.79926777e-02
  5.85251285e-02  5.89385970e-02  5.95658030e-02  6.00078396e-02
  6.01382505e-02  6.09470256e-02  6.13154192e-02  6.14906402e-02
  6.17615456e-02  6.21668662e-02  6.23104846e-02  6.26451810e-02
  6.27866041e-02  6.30389781e-02  6.30748657e-02  6.33063042e-02
  6.34875287e-02  6.33857573e-02  6.33580402e-02  6.34775909e-02
  6.34699212e-02  6.33262992e-02  6.33360814e-02  6.31627847e-02
  6.28916078e-02  6.30374231e-02  6.27100700e-02  6.23999035e-02
  6.19881267e-02  6.19542060e-02  6.15722463e-02  6.12862480e-02
  6.08926285e-02  6.06037719e-02  6.01683047e-02  5.96182786e-02
  5.92999697e-02  5.86561757e-02  5.81626032e-02  5.79456228e-02
  5.71723496e-02  5.65626602e-02  5.59896894e-02  5.55228612e-02
  5.48461345e-02  5.42025429e-02  5.34554905e-02  5.26760915e-02
  5.20556525e-02  5.14571626e-02  5.05616155e-02  4.98752359e-02
  4.90645054e-02  4.83534443e-02  4.74077330e-02  4.65339854e-02
  4.57646159e-02  4.48593166e-02  4.40183053e-02  4.32142817e-02
  4.21943052e-02  4.12725708e-02  4.03841811e-02  3.95139023e-02
  3.84688938e-02  3.75718993e-02  3.65790255e-02  3.56137772e-02
  3.46329694e-02  3.36286624e-02  3.26612396e-02  3.16073892e-02
  3.06606390e-02  2.96303924e-02  2.85156533e-02  2.75235324e-02
  2.64814052e-02  2.55111679e-02  2.43824597e-02  2.33528780e-02
  2.22887555e-02  2.11879725e-02  2.02773462e-02  1.91680482e-02
  1.80378546e-02  1.69931127e-02  1.59492647e-02  1.49952960e-02
  1.38546631e-02  1.28348907e-02  1.18149083e-02  1.07207489e-02
  9.74880973e-03  8.61364325e-03  7.62266687e-03  6.62232307e-03
  5.61156160e-03  4.61374759e-03  3.49109968e-03  2.55494565e-03
  1.59526371e-03  5.46021427e-04 -3.95181689e-04 -1.40950296e-03
 -2.36523800e-03 -3.32354433e-03 -4.29982842e-03 -5.20094458e-03
 -6.15064136e-03 -7.00524420e-03 -7.87462120e-03 -8.87960782e-03
 -9.74957467e-03 -1.06328091e-02 -1.14654764e-02 -1.23133621e-02
 -1.31384841e-02 -1.39575516e-02 -1.48268986e-02 -1.56144893e-02
 -1.63417335e-02 -1.71713736e-02 -1.79297362e-02 -1.86552694e-02
 -1.94103102e-02 -2.01404282e-02 -2.08300997e-02 -2.14951841e-02
 -2.21683927e-02 -2.28238536e-02 -2.34225030e-02 -2.41282791e-02
 -2.47402954e-02 -2.52824009e-02 -2.58850229e-02 -2.64578595e-02
 -2.69716945e-02 -2.75513642e-02 -2.80059226e-02 -2.85517996e-02
 -2.90115828e-02 -2.95162031e-02 -3.00045717e-02 -3.03321393e-02
 -3.08109470e-02 -3.12568744e-02 -3.16147387e-02 -3.19933653e-02
 -3.23030597e-02 -3.26819562e-02 -3.29812009e-02 -3.33278716e-02
 -3.36311991e-02 -3.38436569e-02 -3.41429275e-02 -3.44038043e-02
 -3.45551201e-02 -3.48206199e-02 -3.49723121e-02 -3.52097202e-02
 -3.53467072e-02 -3.54348547e-02 -3.56385830e-02 -3.56803580e-02
 -3.58475047e-02 -3.59715305e-02 -3.59499483e-02 -3.60672066e-02
 -3.61050431e-02 -3.61297125e-02 -3.61638724e-02 -3.61547075e-02
 -3.61714185e-02 -3.61442439e-02 -3.60945913e-02 -3.60786091e-02
 -3.59449198e-02 -3.59037863e-02 -3.58215652e-02 -3.57094021e-02
 -3.55878094e-02 -3.54086720e-02 -3.53135956e-02 -3.51428828e-02
 -3.49832141e-02 -3.48444880e-02 -3.45750256e-02 -3.44276246e-02
 -3.42220258e-02 -3.39674805e-02 -3.37809810e-02 -3.35205662e-02
 -3.32894614e-02 -3.30623448e-02 -3.27411872e-02 -3.25053813e-02
 -3.21913333e-02 -3.19095867e-02 -3.16718707e-02 -3.13002571e-02
 -3.09820336e-02 -3.06606537e-02 -3.03336183e-02 -3.00166875e-02
 -2.96335248e-02 -2.92893109e-02 -2.89383234e-02 -2.85652239e-02
 -2.81995020e-02 -2.77699056e-02 -2.73999766e-02 -2.70327734e-02
 -2.66228304e-02 -2.62392006e-02 -2.57756302e-02 -2.53903574e-02
 -2.50211690e-02 -2.45578521e-02 -2.41932375e-02 -2.37278746e-02
 -2.32958034e-02 -2.29163365e-02 -2.24189947e-02 -2.20333587e-02
 -2.15797405e-02 -2.11335633e-02 -2.07506724e-02 -2.02259040e-02
 -1.98064878e-02 -1.93676126e-02 -1.88842169e-02 -1.84600238e-02
 -1.79770239e-02 -1.75413009e-02 -1.70734864e-02 -1.66044107e-02
 -1.61836041e-02 -1.56825195e-02 -1.52520947e-02 -1.48002462e-02
 -1.43375072e-02 -1.39171560e-02 -1.34140317e-02 -1.29843449e-02
 -1.25509689e-02 -1.20710042e-02 -1.16919695e-02 -1.11765029e-02
 -1.07389973e-02 -1.03341060e-02 -9.88183985e-03 -9.43924961e-03
 -8.99782607e-03 -8.55849261e-03 -8.12761897e-03 -7.69223056e-03
 -7.27319551e-03 -6.82239619e-03 -6.39358880e-03 -6.01738155e-03
 -5.57941859e-03 -5.12335765e-03 -4.73333491e-03 -4.33464506e-03
 -3.95022045e-03 -3.50662006e-03 -3.12427322e-03 -2.72030721e-03
 -2.33154357e-03 -1.97630928e-03 -1.57056791e-03 -1.16459499e-03
 -8.41064102e-04 -4.58396474e-04 -8.15466676e-05  2.83421211e-04
  6.65123428e-04  9.74628601e-04  1.35610607e-03  1.69402378e-03
  2.02889788e-03  2.43429645e-03  2.70789811e-03  3.05423343e-03
  3.37767394e-03  3.72168973e-03  4.05175064e-03  4.34640854e-03
  4.68702664e-03  4.97677437e-03  5.26024680e-03  5.60563362e-03
  5.84745345e-03  6.15219990e-03  6.44218445e-03  6.72363240e-03
  7.01144101e-03  7.24176425e-03  7.53963725e-03  7.79853780e-03
  8.05043329e-03  8.33258090e-03  8.53510241e-03  8.79453726e-03
  9.06320062e-03  9.30710166e-03  9.52038775e-03  9.74734750e-03
  9.99511726e-03  1.02205914e-02  1.04319242e-02  1.06378353e-02
  1.08456714e-02  1.10629063e-02  1.12767932e-02  1.14695955e-02
  1.16436716e-02  1.18374217e-02  1.20389318e-02  1.22336864e-02
  1.23971972e-02  1.25506573e-02  1.27552592e-02  1.28991480e-02
  1.30648735e-02  1.32272494e-02  1.33777271e-02  1.35461018e-02
  1.36935297e-02  1.38412916e-02  1.39655346e-02  1.41169941e-02
  1.42707822e-02  1.43805915e-02  1.45155094e-02  1.46469599e-02
  1.47605953e-02  1.49078866e-02  1.50163900e-02  1.51270404e-02
  1.52427027e-02  1.53249631e-02  1.54723056e-02  1.55439924e-02
  1.56412277e-02  1.57373209e-02  1.58323977e-02  1.59326789e-02
  1.60184987e-02  1.60918237e-02  1.61679929e-02  1.62454961e-02
  1.63374446e-02  1.64014638e-02  1.64631452e-02  1.65374701e-02
  1.66172729e-02  1.66781991e-02  1.67349338e-02  1.67857594e-02
  1.68596583e-02  1.68981491e-02  1.69727427e-02  1.69984527e-02
  1.70310060e-02  1.71027821e-02  1.71531144e-02  1.71597542e-02
  1.72089124e-02  1.72370624e-02  1.72820036e-02  1.73230057e-02
  1.73245057e-02  1.73475326e-02  1.73703707e-02  1.74070776e-02
  1.74366947e-02  1.74172025e-02  1.74465024e-02  1.74651000e-02
  1.74822414e-02  1.74938976e-02  1.74700959e-02  1.74871308e-02
  1.74921655e-02  1.74924467e-02  1.75035764e-02  1.74675983e-02
  1.74853095e-02  1.74746606e-02  1.74649873e-02  1.74539945e-02
  1.74199231e-02  1.74191583e-02  1.74002221e-02  1.73649849e-02
  1.73610492e-02  1.73048712e-02  1.72893520e-02  1.72792777e-02
  1.72158180e-02  1.71858602e-02  1.71367222e-02  1.71201180e-02
  1.70788787e-02  1.70258738e-02  1.69830098e-02  1.69164897e-02
  1.68850738e-02  1.68410375e-02  1.67701559e-02  1.67123102e-02
  1.66504789e-02  1.66010690e-02  1.65500600e-02  1.64587951e-02
  1.63733256e-02  1.63249024e-02  1.62280599e-02  1.61791146e-02
  1.60785916e-02  1.59830269e-02  1.59124232e-02  1.58280800e-02
  1.57309789e-02  1.56274582e-02  1.55209955e-02  1.54559120e-02
  1.53219865e-02  1.52232531e-02  1.51131316e-02  1.49878188e-02
  1.49132644e-02  1.47705954e-02  1.46535378e-02  1.45166133e-02
  1.43913080e-02  1.43232810e-02  1.41059679e-02  1.40036434e-02
  1.38769572e-02  1.37010072e-02  1.36032428e-02  1.34148451e-02
  1.32642139e-02  1.31243866e-02  1.29433708e-02  1.28158719e-02
  1.25999451e-02  1.24454466e-02  1.22770398e-02  1.20823772e-02
  1.19207415e-02  1.17225461e-02  1.15399217e-02  1.13387442e-02
  1.11329997e-02  1.09780297e-02  1.07193549e-02  1.05191861e-02
  1.03424852e-02  1.00937190e-02  9.88554118e-03  9.67268912e-03
  9.43121987e-03  9.22421736e-03  8.97373479e-03  8.74261017e-03
  8.47433005e-03  8.21337294e-03  8.01934509e-03  7.73732650e-03
  7.44354283e-03  7.21145294e-03  6.91813754e-03  6.66706831e-03
  6.39378319e-03  6.06948362e-03  5.80429646e-03  5.50170618e-03
  5.25771670e-03  4.91717646e-03  4.58657460e-03  4.34648910e-03
  4.00209726e-03  3.71450730e-03  3.38010247e-03  3.03214009e-03
  2.76322183e-03  2.38212166e-03  2.08894281e-03  1.73399789e-03
  1.34359983e-03  1.07311861e-03  6.88140206e-04  3.29553502e-04
 -8.28946673e-06 -4.13237397e-04 -7.15350756e-04 -1.14328893e-03
 -1.51096799e-03 -1.86737706e-03 -2.29603818e-03 -2.60654431e-03
 -3.03306878e-03 -3.43673211e-03 -3.81251289e-03 -4.24764366e-03
 -4.58991057e-03 -5.02281045e-03 -5.42767919e-03 -5.83439517e-03
 -6.27362546e-03 -6.63592410e-03 -7.04518509e-03 -7.50898438e-03
 -7.88926001e-03 -8.34554041e-03 -8.72755932e-03 -9.17343003e-03
 -9.64640957e-03 -1.00335380e-02 -1.04846300e-02 -1.09086926e-02
 -1.13493063e-02 -1.18291385e-02 -1.22357305e-02 -1.26990103e-02
 -1.31280419e-02 -1.35731362e-02 -1.40546599e-02 -1.44631777e-02
 -1.48833986e-02 -1.53872067e-02 -1.57868180e-02 -1.62589944e-02
 -1.66775200e-02 -1.71025490e-02 -1.75735045e-02 -1.80003609e-02
 -1.84707652e-02 -1.88566354e-02 -1.93010536e-02 -1.97984454e-02
 -2.01759121e-02 -2.06373179e-02 -2.10555962e-02 -2.14745108e-02
 -2.19414918e-02 -2.23202255e-02 -2.27924238e-02 -2.31932531e-02
 -2.35693340e-02 -2.40822994e-02 -2.44145227e-02 -2.48307887e-02
 -2.52646018e-02 -2.56257069e-02 -2.60553818e-02 -2.64143877e-02
 -2.68020994e-02 -2.71869361e-02 -2.75203308e-02 -2.79494907e-02
 -2.82567694e-02 -2.85959252e-02 -2.89937385e-02 -2.92914109e-02
 -2.96501351e-02 -2.99336154e-02 -3.02646142e-02 -3.05867886e-02
 -3.08660590e-02 -3.12478415e-02 -3.14691004e-02 -3.17291490e-02
 -3.20962609e-02 -3.23138933e-02 -3.25829629e-02 -3.28376113e-02
 -3.30346200e-02 -3.33232226e-02 -3.35013164e-02 -3.37346048e-02
 -3.39205931e-02 -3.40620522e-02 -3.43387330e-02 -3.44448853e-02
 -3.45711911e-02 -3.47095418e-02 -3.48543229e-02 -3.49760454e-02
 -3.50800880e-02 -3.51846286e-02 -3.52342718e-02 -3.53136405e-02
 -3.54221146e-02 -3.54282318e-02 -3.54322629e-02 -3.55072881e-02
 -3.55076948e-02 -3.54968374e-02 -3.54459440e-02 -3.54209348e-02
 -3.54068689e-02 -3.53240545e-02 -3.52914018e-02 -3.51576133e-02
 -3.50277712e-02 -3.49598810e-02 -3.48430120e-02 -3.46367491e-02
 -3.45287974e-02 -3.42998541e-02 -3.41118258e-02 -3.39148634e-02
 -3.36561875e-02 -3.34595345e-02 -3.31428228e-02 -3.29193591e-02
 -3.26411444e-02 -3.22609131e-02 -3.19880240e-02 -3.16344438e-02
 -3.13233586e-02 -3.09499590e-02 -3.05523091e-02 -3.01852859e-02
 -2.97327976e-02 -2.93550626e-02 -2.89144326e-02 -2.83939095e-02
 -2.80051867e-02 -2.74632748e-02 -2.69960681e-02 -2.64363533e-02
 -2.58395126e-02 -2.53787501e-02 -2.47724864e-02 -2.42085032e-02
 -2.36223885e-02 -2.29232703e-02 -2.23610069e-02 -2.17123236e-02
 -2.10625680e-02 -2.03608005e-02 -1.96495667e-02 -1.90144895e-02
 -1.82861464e-02 -1.75508704e-02 -1.67961160e-02 -1.60293329e-02
 -1.53306566e-02 -1.45082506e-02 -1.37206906e-02 -1.28513079e-02
 -1.20674749e-02 -1.13133434e-02 -1.04390225e-02 -9.52229325e-03
 -8.72415076e-03 -7.86469058e-03 -6.93442391e-03 -6.01570649e-03
 -5.12665168e-03 -4.19254028e-03 -3.28983306e-03 -2.37337253e-03
 -1.40220744e-03 -4.24914632e-04  5.00838306e-04  1.42338567e-03
  2.45156827e-03  3.42621540e-03  4.41036154e-03  5.45139115e-03
  6.39025757e-03  7.34724482e-03  8.35259286e-03  9.47607291e-03
  1.04057010e-02  1.13904039e-02  1.25687337e-02  1.35248623e-02
  1.45536684e-02  1.56151880e-02  1.65534171e-02  1.76405592e-02
  1.87248046e-02  1.97686912e-02  2.06767325e-02  2.16583803e-02
  2.28676998e-02  2.38628684e-02  2.48246739e-02  2.58528443e-02
  2.69242254e-02  2.78778343e-02  2.88582105e-02  2.99173093e-02
  3.07835815e-02  3.18941723e-02  3.30125645e-02  3.38832382e-02
  3.47262732e-02  3.57701011e-02  3.67560114e-02  3.76620941e-02
  3.86980558e-02  3.94973056e-02  4.03637538e-02  4.13426440e-02
  4.23224496e-02  4.31754232e-02  4.38672433e-02  4.48588240e-02
  4.58447078e-02  4.63860877e-02  4.73230853e-02  4.80554625e-02
  4.88372264e-02  4.96884332e-02  5.03876559e-02  5.10752467e-02
  5.15829069e-02  5.25532028e-02  5.32024628e-02  5.36609696e-02
  5.43939034e-02  5.49555545e-02  5.56134738e-02  5.62318718e-02
  5.68029899e-02  5.71920995e-02  5.77108498e-02  5.83208111e-02
  5.88765310e-02  5.89356753e-02  5.95683330e-02  6.00138018e-02]
