Frame: 129
temp_s_est shape: (1024,)
temp_s_est dtype: float64
temp_s_est:
[-3.82188160e-02 -3.86412406e-02 -3.89809022e-02 -3.93711779e-02
 -3.98344289e-02 -3.99747793e-02 -4.04354960e-02 -4.06223348e-02
 -4.09700665e-02 -4.13009961e-02 -4.14013501e-02 -4.17181779e-02
 -4.16541641e-02 -4.20247438e-02 -4.24724288e-02 -4.23399886e-02
 -4.26551850e-02 -4.24951506e-02 -4.27496601e-02 -4.29572234e-02
 -4.29801860e-02 -4.30325528e-02 -4.28130612e-02 -4.29909141e-02
 -4.29969346e-02 -4.28747867e-02 -4.28769098e-02 -4.26210277e-02
 -4.27525756e-02 -4.26215471e-02 -4.24527877e-02 -4.22838062e-02
 -4.18425440e-02 -4.19856097e-02 -4.16231200e-02 -4.13476935e-02
 -4.09991322e-02 -4.08425629e-02 -4.06079954e-02 -4.03044133e-02
 -3.99557370e-02 -3.95846867e-02 -3.91056287e-02 -3.91246450e-02
 -3.82799315e-02 -3.79130365e-02 -3.73681183e-02 -3.71300162e-02
 -3.64211086e-02 -3.57959591e-02 -3.54112376e-02 -3.50063750e-02
 -3.42942286e-02 -3.38284420e-02 -3.30780711e-02 -3.24105430e-02
 -3.18358612e-02 -3.10437787e-02 -3.02732483e-02 -2.96619611e-02
 -2.92766222e-02 -2.83553646e-02 -2.73988734e-02 -2.63298539e-02
 -2.60567678e-02 -2.53240140e-02 -2.42350048e-02 -2.31627863e-02
 -2.23427009e-02 -2.20786650e-02 -2.14338244e-02 -1.96401696e-02
 -1.91389425e-02 -1.80645467e-02 -1.75899640e-02 -1.62172706e-02
 -1.52014151e-02 -1.41828133e-02 -1.32642562e-02 -1.28138857e-02
 -1.15322847e-02 -1.05581783e-02 -9.39803897e-03 -8.46333676e-03
 -7.99624964e-03 -6.33208008e-03 -5.48122684e-03 -4.36853536e-03
 -3.32522558e-03 -2.57185726e-03 -1.37674320e-03 -9.42530865e-04
  1.32602736e-03  2.07953830e-03  2.98614327e-03  4.11140171e-03
  4.16704875e-03  6.05525946e-03  7.32084217e-03  8.68875353e-03
  9.69875476e-03  1.02064356e-02  1.18164962e-02  1.26338696e-02
  1.40877763e-02  1.48875713e-02  1.51852142e-02  1.63308341e-02
  1.72942138e-02  1.90773825e-02  1.95131101e-02  2.05876658e-02
  2.24161850e-02  2.30551149e-02  2.44703672e-02  2.50304362e-02
  2.54963259e-02  2.69173875e-02  2.79016192e-02  2.84563388e-02
  2.90023632e-02  3.02318208e-02  3.22018615e-02  3.22499532e-02
  3.39211062e-02  3.38807857e-02  3.50704821e-02  3.61160969e-02
  3.67817557e-02  3.74398401e-02  3.84196618e-02  3.93666755e-02
  4.03500609e-02  3.99581290e-02  4.12379250e-02  4.18882706e-02
  4.24480990e-02  4.32715365e-02  4.31501212e-02  4.41784466e-02
  4.45457540e-02  4.64145496e-02  4.63030726e-02  4.74836119e-02
  4.76604814e-02  4.79971978e-02  4.78532652e-02  4.82374246e-02
  4.91307253e-02  4.96086914e-02  4.95069230e-02  4.96928917e-02
  4.99993373e-02  5.16903192e-02  5.19471332e-02  5.17368967e-02
  5.14400232e-02  5.14946453e-02  5.20988720e-02  5.28343191e-02
  5.31610538e-02  5.20118510e-02  5.25245535e-02  5.26897732e-02
  5.25414233e-02  5.30477098e-02  5.22218186e-02  5.28004049e-02
  5.29722425e-02  5.25850740e-02  5.28775861e-02  5.22111957e-02
  5.27423020e-02  5.16956457e-02  5.15465349e-02  5.15023208e-02
  5.02523430e-02  5.08268601e-02  5.05210653e-02  5.06639787e-02
  5.01502750e-02  4.94146247e-02  4.97825527e-02  4.83279963e-02
  4.77446411e-02  4.78303210e-02  4.68846524e-02  4.66055509e-02
  4.61957545e-02  4.60170515e-02  4.56521145e-02  4.53265780e-02
  4.47923781e-02  4.25695291e-02  4.28451823e-02  4.20167414e-02
  4.11836175e-02  4.07500184e-02  3.94275164e-02  3.89637446e-02
  3.88376927e-02  3.80013630e-02  3.70252448e-02  3.55592703e-02
  3.56722483e-02  3.45279351e-02  3.32900420e-02  3.23389028e-02
  3.15578537e-02  3.13086931e-02  3.02853296e-02  2.90153909e-02
  2.79504651e-02  2.69492905e-02  2.65177266e-02  2.49330244e-02
  2.35838484e-02  2.33633187e-02  2.26444087e-02  2.14316794e-02
  2.00422375e-02  1.92631532e-02  1.80327303e-02  1.75125331e-02
  1.60136357e-02  1.46283458e-02  1.36814579e-02  1.30593564e-02
  1.19287762e-02  1.09556628e-02  9.62799990e-03  9.01171142e-03
  7.38845446e-03  6.63059617e-03  5.01755392e-03  4.38893821e-03
  3.59433774e-03  2.32916656e-03  1.07471898e-03 -2.39138129e-05
 -7.65945351e-04 -1.87421510e-03 -2.94107077e-03 -4.46141542e-03
 -5.63538210e-03 -6.05568231e-03 -7.21554943e-03 -8.23689238e-03
 -9.14169378e-03 -1.04206436e-02 -1.09994768e-02 -1.24832959e-02
 -1.32410940e-02 -1.45611058e-02 -1.53994773e-02 -1.59569724e-02
 -1.69637606e-02 -1.79257625e-02 -1.88845743e-02 -1.96216789e-02
 -2.03572717e-02 -2.17041198e-02 -2.25142056e-02 -2.36744591e-02
 -2.41382555e-02 -2.48706672e-02 -2.61055119e-02 -2.65769249e-02
 -2.72632956e-02 -2.81518477e-02 -2.90591421e-02 -2.96663064e-02
 -3.04261564e-02 -3.12151856e-02 -3.16690928e-02 -3.26957382e-02
 -3.33927578e-02 -3.36313058e-02 -3.41312174e-02 -3.48086447e-02
 -3.56950818e-02 -3.62872135e-02 -3.64134957e-02 -3.71688904e-02
 -3.75204473e-02 -3.81967532e-02 -3.84676336e-02 -3.87506141e-02
 -3.93016972e-02 -3.98529947e-02 -4.02111694e-02 -4.03489613e-02
 -4.07191617e-02 -4.12139122e-02 -4.14049316e-02 -4.17366110e-02
 -4.17914181e-02 -4.19353827e-02 -4.24398103e-02 -4.25153319e-02
 -4.27106818e-02 -4.26793881e-02 -4.31352575e-02 -4.30651114e-02
 -4.31643481e-02 -4.30972114e-02 -4.32008869e-02 -4.33334518e-02
 -4.33456919e-02 -4.31337141e-02 -4.32163638e-02 -4.31196809e-02
 -4.33325088e-02 -4.29793758e-02 -4.27706003e-02 -4.26838410e-02
 -4.26298795e-02 -4.24617899e-02 -4.21809113e-02 -4.19497962e-02
 -4.17779266e-02 -4.15942320e-02 -4.12744332e-02 -4.09708532e-02
 -4.06051311e-02 -4.03571846e-02 -4.00746752e-02 -3.97582436e-02
 -3.92994122e-02 -3.90044411e-02 -3.85504903e-02 -3.82865421e-02
 -3.76713807e-02 -3.72651664e-02 -3.68372068e-02 -3.64434256e-02
 -3.59581120e-02 -3.54163484e-02 -3.48696867e-02 -3.44804253e-02
 -3.39346310e-02 -3.33620763e-02 -3.27174166e-02 -3.22743263e-02
 -3.16793940e-02 -3.10903967e-02 -3.04954635e-02 -2.97979807e-02
 -2.92624186e-02 -2.87061952e-02 -2.80154714e-02 -2.73325683e-02
 -2.66925204e-02 -2.60940682e-02 -2.54168898e-02 -2.47125288e-02
 -2.40096429e-02 -2.34473785e-02 -2.28459985e-02 -2.19920744e-02
 -2.12411681e-02 -2.06080660e-02 -2.00161446e-02 -1.93191855e-02
 -1.84913287e-02 -1.77878501e-02 -1.71891672e-02 -1.64393251e-02
 -1.56730142e-02 -1.49172333e-02 -1.42193255e-02 -1.35383618e-02
 -1.28090059e-02 -1.20225005e-02 -1.13357986e-02 -1.06304796e-02
 -1.00028560e-02 -9.20245816e-03 -8.46147117e-03 -7.74119728e-03
 -7.07442262e-03 -6.36060285e-03 -5.57208132e-03 -4.87344345e-03
 -4.21896860e-03 -3.53186625e-03 -2.82643681e-03 -2.09825591e-03
 -1.44913135e-03 -7.84057240e-04 -7.13146080e-05  6.58743242e-04
  1.27136284e-03  1.85654950e-03  2.49293459e-03  3.18803252e-03
  3.88299936e-03  4.48174154e-03  5.05817365e-03  5.71618170e-03
  6.37069759e-03  6.98602487e-03  7.54844231e-03  8.04908700e-03
  8.67468342e-03  9.24908781e-03  9.78173099e-03  1.03259789e-02
  1.08880881e-02  1.14396387e-02  1.20152793e-02  1.24735429e-02
  1.29277751e-02  1.34287305e-02  1.39845720e-02  1.44036203e-02
  1.48142110e-02  1.52610283e-02  1.57828895e-02  1.62281282e-02
  1.66370866e-02  1.70318483e-02  1.74351353e-02  1.78477567e-02
  1.82055395e-02  1.85302551e-02  1.89052546e-02  1.92536681e-02
  1.96024673e-02  1.98894510e-02  2.02092435e-02  2.05207705e-02
  2.07976149e-02  2.11231798e-02  2.13141430e-02  2.15848555e-02
  2.18781806e-02  2.21357327e-02  2.23166366e-02  2.24871160e-02
  2.27103000e-02  2.29624509e-02  2.30928441e-02  2.32584307e-02
  2.33726416e-02  2.35777300e-02  2.37252716e-02  2.38411174e-02
  2.39077444e-02  2.40150909e-02  2.41620447e-02  2.42189150e-02
  2.42887814e-02  2.43156071e-02  2.43415147e-02  2.44759232e-02
  2.44699713e-02  2.44822764e-02  2.44809644e-02  2.44912610e-02
  2.45116525e-02  2.44315074e-02  2.44041176e-02  2.43607879e-02
  2.43494057e-02  2.43163497e-02  2.42137416e-02  2.41505295e-02
  2.41047274e-02  2.40140527e-02  2.39178428e-02  2.37722971e-02
  2.36936840e-02  2.35474343e-02  2.34388841e-02  2.32537397e-02
  2.31172150e-02  2.30013360e-02  2.28628692e-02  2.26865063e-02
  2.24947028e-02  2.23372464e-02  2.21657320e-02  2.19537373e-02
  2.17608609e-02  2.15305140e-02  2.13321147e-02  2.11644260e-02
  2.09245614e-02  2.06661142e-02  2.04466654e-02  2.02511890e-02
  2.00209850e-02  1.97543158e-02  1.94758737e-02  1.92366413e-02
  1.90147143e-02  1.87606983e-02  1.84511597e-02  1.81825910e-02
  1.79419582e-02  1.76860244e-02  1.73772438e-02  1.70986048e-02
  1.67986951e-02  1.65219090e-02  1.62424269e-02  1.59426833e-02
  1.56429316e-02  1.53643444e-02  1.50991707e-02  1.47879196e-02
  1.44603214e-02  1.41717739e-02  1.38814089e-02  1.35843303e-02
  1.32569907e-02  1.29103086e-02  1.26448945e-02  1.23430101e-02
  1.20215328e-02  1.16921999e-02  1.14103374e-02  1.11359787e-02
  1.07871127e-02  1.04950554e-02  1.01660803e-02  9.88664628e-03
  9.57468649e-03  9.25799190e-03  8.93855903e-03  8.61033874e-03
  8.35086624e-03  8.03692566e-03  7.70778010e-03  7.43255282e-03
  7.07873050e-03  6.85896163e-03  6.53979448e-03  6.21804010e-03
  5.94709323e-03  5.65091269e-03  5.38719640e-03  5.03993138e-03
  4.76237237e-03  4.47894086e-03  4.19903803e-03  3.92835807e-03
  3.63583931e-03  3.33102170e-03  3.07354529e-03  2.80456150e-03
  2.56705303e-03  2.24602449e-03  2.02726084e-03  1.73269796e-03
  1.48095899e-03  1.21661850e-03  9.71588105e-04  7.21525910e-04
  4.82210357e-04  2.10055932e-04 -4.57185373e-05 -2.82947996e-04
 -4.97307588e-04 -7.30190317e-04 -9.80599805e-04 -1.19991394e-03
 -1.44010192e-03 -1.62029679e-03 -1.85225742e-03 -2.09014994e-03
 -2.32148515e-03 -2.50204199e-03 -2.72751063e-03 -2.92944905e-03
 -3.15226245e-03 -3.31466492e-03 -3.52096921e-03 -3.70405278e-03
 -3.91314384e-03 -4.09392987e-03 -4.27899619e-03 -4.45194281e-03
 -4.63655326e-03 -4.81928286e-03 -4.99402345e-03 -5.15484842e-03
 -5.30223749e-03 -5.47016864e-03 -5.63283507e-03 -5.78129661e-03
 -5.92761010e-03 -6.09912347e-03 -6.26913078e-03 -6.39494007e-03
 -6.50893819e-03 -6.67872878e-03 -6.80626001e-03 -6.96151968e-03
 -7.06048228e-03 -7.17690289e-03 -7.30130062e-03 -7.43565497e-03
 -7.57398419e-03 -7.66315478e-03 -7.80163647e-03 -7.89577858e-03
 -8.01155221e-03 -8.12171006e-03 -8.21635035e-03 -8.32373265e-03
 -8.42724272e-03 -8.52131385e-03 -8.59218990e-03 -8.66609910e-03
 -8.81087880e-03 -8.87478997e-03 -8.95058023e-03 -9.02117389e-03
 -9.09828985e-03 -9.20964788e-03 -9.26592363e-03 -9.34092029e-03
 -9.39810591e-03 -9.48900771e-03 -9.55290639e-03 -9.60864948e-03
 -9.66426510e-03 -9.73166833e-03 -9.78996401e-03 -9.84950936e-03
 -9.89602101e-03 -9.96418379e-03 -9.99316332e-03 -1.00779379e-02
 -1.00938872e-02 -1.01505826e-02 -1.01949284e-02 -1.02619255e-02
 -1.02755653e-02 -1.03233213e-02 -1.03631008e-02 -1.04086542e-02
 -1.04511310e-02 -1.04727942e-02 -1.04878588e-02 -1.05247461e-02
 -1.05744162e-02 -1.05935222e-02 -1.06200651e-02 -1.06365511e-02
 -1.06727060e-02 -1.07024699e-02 -1.07414314e-02 -1.07278920e-02
 -1.07680352e-02 -1.07639885e-02 -1.08011818e-02 -1.07876040e-02
 -1.08375586e-02 -1.08399691e-02 -1.08607927e-02 -1.08663797e-02
 -1.08793754e-02 -1.08920975e-02 -1.09079064e-02 -1.09074799e-02
 -1.09201967e-02 -1.08942458e-02 -1.09270728e-02 -1.09395877e-02
 -1.09479302e-02 -1.09345059e-02 -1.09311915e-02 -1.09565593e-02
 -1.09390705e-02 -1.09406369e-02 -1.09082019e-02 -1.09341497e-02
 -1.09330107e-02 -1.09176450e-02 -1.09105747e-02 -1.09256424e-02
 -1.09049748e-02 -1.09040609e-02 -1.08815372e-02 -1.08761211e-02
 -1.08506965e-02 -1.08482718e-02 -1.08281029e-02 -1.08143786e-02
 -1.07996515e-02 -1.07917672e-02 -1.07834839e-02 -1.07479400e-02
 -1.07325251e-02 -1.07088211e-02 -1.07146060e-02 -1.06653916e-02
 -1.06369268e-02 -1.06051179e-02 -1.06019844e-02 -1.05652411e-02
 -1.05335858e-02 -1.05096143e-02 -1.04553061e-02 -1.04441473e-02
 -1.04033652e-02 -1.03783092e-02 -1.03374273e-02 -1.02948981e-02
 -1.02553336e-02 -1.02031029e-02 -1.01587291e-02 -1.01382644e-02
 -1.00677171e-02 -1.00370007e-02 -9.95439456e-03 -9.93068789e-03
 -9.87691998e-03 -9.85835133e-03 -9.76817966e-03 -9.69404029e-03
 -9.64152418e-03 -9.58023201e-03 -9.52414059e-03 -9.46299311e-03
 -9.37398408e-03 -9.31927418e-03 -9.26044007e-03 -9.19528717e-03
 -9.10178672e-03 -9.03562721e-03 -8.98427495e-03 -8.86326986e-03
 -8.79281675e-03 -8.66952234e-03 -8.62785934e-03 -8.50973228e-03
 -8.44869047e-03 -8.32355418e-03 -8.24519988e-03 -8.13856782e-03
 -8.04144745e-03 -7.93015035e-03 -7.83192651e-03 -7.71967740e-03
 -7.61973152e-03 -7.48373461e-03 -7.38064448e-03 -7.24969727e-03
 -7.14393686e-03 -7.01603184e-03 -6.85067627e-03 -6.73103534e-03
 -6.59782161e-03 -6.49327230e-03 -6.31898157e-03 -6.18346347e-03
 -6.04952851e-03 -5.91191514e-03 -5.76937002e-03 -5.60420811e-03
 -5.43405718e-03 -5.30921111e-03 -5.10557984e-03 -4.94078840e-03
 -4.75512638e-03 -4.59190557e-03 -4.43127705e-03 -4.27013006e-03
 -4.08914568e-03 -3.87008596e-03 -3.70432369e-03 -3.54514385e-03
 -3.34667563e-03 -3.15043583e-03 -2.92261098e-03 -2.73493425e-03
 -2.53893494e-03 -2.30416333e-03 -2.12122375e-03 -1.88084641e-03
 -1.69271375e-03 -1.46629059e-03 -1.21615194e-03 -1.04038069e-03
 -7.90261189e-04 -5.64138716e-04 -3.33256130e-04 -8.90994048e-05
  1.29491789e-04  3.89416873e-04  6.17914187e-04  8.85987242e-04
  1.15387703e-03  1.35977194e-03  1.63890275e-03  1.90101261e-03
  2.17922679e-03  2.40712922e-03  2.66903965e-03  2.95218833e-03
  3.22298550e-03  3.51884394e-03  3.75338255e-03  4.01224275e-03
  4.31972353e-03  4.59236392e-03  4.89071031e-03  5.15387665e-03
  5.44620793e-03  5.74948612e-03  6.05573739e-03  6.34455401e-03
  6.59318551e-03  6.91677668e-03  7.20761611e-03  7.50970936e-03
  7.77254874e-03  8.08113091e-03  8.36098896e-03  8.69191443e-03
  9.00744192e-03  9.30806848e-03  9.58927679e-03  9.91070597e-03
  1.01989140e-02  1.05162797e-02  1.07745667e-02  1.11038758e-02
  1.13986273e-02  1.17021041e-02  1.20077124e-02  1.22929677e-02
  1.26492201e-02  1.29146284e-02  1.31905873e-02  1.34941588e-02
  1.38331351e-02  1.41334678e-02  1.43919278e-02  1.46885702e-02
  1.49998267e-02  1.52786129e-02  1.56179826e-02  1.58430067e-02
  1.61235134e-02  1.64049079e-02  1.67238340e-02  1.69749434e-02
  1.72222995e-02  1.74866694e-02  1.77879453e-02  1.80814326e-02
  1.83407588e-02  1.85380011e-02  1.88306440e-02  1.90843253e-02
  1.93227742e-02  1.95491078e-02  1.97603947e-02  2.00613300e-02
  2.02417668e-02  2.04718762e-02  2.06886174e-02  2.08914206e-02
  2.11506937e-02  2.13538271e-02  2.15242476e-02  2.17145656e-02
  2.18895786e-02  2.20957228e-02  2.22480746e-02  2.24163489e-02
  2.25542599e-02  2.27288090e-02  2.28860794e-02  2.29847196e-02
  2.31453832e-02  2.32677713e-02  2.34182113e-02  2.34905126e-02
  2.35634942e-02  2.37103861e-02  2.37910104e-02  2.38994471e-02
  2.39122037e-02  2.39539406e-02  2.40648598e-02  2.41174430e-02
  2.41499545e-02  2.41367267e-02  2.41715658e-02  2.42056508e-02
  2.42010197e-02  2.41896417e-02  2.40986039e-02  2.41202538e-02
  2.41130772e-02  2.40607307e-02  2.39579907e-02  2.38841250e-02
  2.38279875e-02  2.37715345e-02  2.36622034e-02  2.35230090e-02
  2.33758447e-02  2.32909717e-02  2.31650815e-02  2.29814834e-02
  2.27998068e-02  2.26416954e-02  2.25008880e-02  2.22350080e-02
  2.20652880e-02  2.18230660e-02  2.16159733e-02  2.13645063e-02
  2.10794814e-02  2.07909910e-02  2.05818080e-02  2.03143455e-02
  2.00142195e-02  1.96455330e-02  1.93644183e-02  1.90402476e-02
  1.87335608e-02  1.83546151e-02  1.79242471e-02  1.75940223e-02
  1.72486986e-02  1.68489603e-02  1.63513921e-02  1.60094731e-02
  1.56700800e-02  1.52374890e-02  1.47219684e-02  1.42178464e-02
  1.38046833e-02  1.33347996e-02  1.28122191e-02  1.22832880e-02
  1.17823094e-02  1.13478044e-02  1.08281650e-02  1.02493935e-02
  9.68880155e-03  9.14661984e-03  8.60252489e-03  8.03982117e-03
  7.40860713e-03  6.81346025e-03  6.27379488e-03  5.67684028e-03
  5.06817097e-03  4.44608672e-03  3.82152840e-03  3.25401575e-03
  2.56391186e-03  1.90999917e-03  1.23903923e-03  6.33994071e-04
 -5.86663300e-05 -7.00137369e-04 -1.38822319e-03 -2.05239009e-03
 -2.73875731e-03 -3.42409254e-03 -4.16064347e-03 -4.84927288e-03
 -5.54524148e-03 -6.16905132e-03 -6.92885142e-03 -7.64738076e-03
 -8.36818368e-03 -9.06875866e-03 -9.76081703e-03 -1.05258125e-02
 -1.12401996e-02 -1.20132683e-02 -1.25997650e-02 -1.33214315e-02
 -1.40614938e-02 -1.48635065e-02 -1.54067104e-02 -1.61284038e-02
 -1.68806569e-02 -1.77425034e-02 -1.83305617e-02 -1.90229348e-02
 -1.97076991e-02 -2.04526115e-02 -2.11143622e-02 -2.17568050e-02
 -2.23540659e-02 -2.31979073e-02 -2.38782587e-02 -2.44458857e-02
 -2.51396016e-02 -2.58638313e-02 -2.65352534e-02 -2.71490182e-02
 -2.77181574e-02 -2.82269756e-02 -2.89890652e-02 -2.96034466e-02
 -3.02929028e-02 -3.06864585e-02 -3.13274674e-02 -3.20407871e-02
 -3.24979846e-02 -3.29754166e-02 -3.34993800e-02 -3.40695505e-02
 -3.46886703e-02 -3.50533383e-02 -3.56818369e-02 -3.60149301e-02
 -3.66113964e-02 -3.70673847e-02 -3.73364994e-02 -3.78820157e-02]
