Frame: 46
temp_s_est shape: (1024,)
temp_s_est dtype: float64
temp_s_est:
[-2.41348157e-02 -2.39784387e-02 -2.40731983e-02 -2.37928510e-02
 -2.38974206e-02 -2.37081581e-02 -2.35534575e-02 -2.36875427e-02
 -2.35665982e-02 -2.32268603e-02 -2.31147191e-02 -2.28674247e-02
 -2.27946139e-02 -2.26082817e-02 -2.24464962e-02 -2.23357410e-02
 -2.20812151e-02 -2.15652024e-02 -2.14768418e-02 -2.12648751e-02
 -2.08983378e-02 -2.09120330e-02 -2.05662504e-02 -2.01783272e-02
 -1.98662359e-02 -1.93112105e-02 -1.93226669e-02 -1.89633446e-02
 -1.85566371e-02 -1.83029876e-02 -1.79524928e-02 -1.74141714e-02
 -1.68008403e-02 -1.65392526e-02 -1.63828926e-02 -1.58159736e-02
 -1.54967303e-02 -1.49474286e-02 -1.44336844e-02 -1.38341701e-02
 -1.35326142e-02 -1.32790549e-02 -1.24936791e-02 -1.24578000e-02
 -1.17816846e-02 -1.10822226e-02 -1.05132135e-02 -9.94750963e-03
 -9.91497767e-03 -9.18302753e-03 -8.60649348e-03 -8.31154174e-03
 -7.35597695e-03 -7.09795659e-03 -6.28162282e-03 -5.51679074e-03
 -5.96019464e-03 -4.76180567e-03 -4.25382841e-03 -3.70941731e-03
 -2.78987458e-03 -2.21833309e-03 -1.75278640e-03 -1.66901067e-03
 -4.58201399e-04 -3.59836473e-04  4.23367832e-04  1.38426344e-03
  1.67878938e-03  2.48766561e-03  2.79658425e-03  2.86867883e-03
  4.17680331e-03  4.39402978e-03  5.31384776e-03  5.83016599e-03
  6.35044369e-03  7.22628988e-03  7.34421130e-03  8.10045511e-03
  8.34507652e-03  9.57884723e-03  1.05832943e-02  1.03078622e-02
  1.12705055e-02  1.15511606e-02  1.18963539e-02  1.27363235e-02
  1.31747001e-02  1.39783804e-02  1.49815840e-02  1.48918757e-02
  1.54124606e-02  1.54573615e-02  1.63734533e-02  1.69236531e-02
  1.77154512e-02  1.79495635e-02  1.85900319e-02  1.87291705e-02
  1.91576368e-02  1.99924174e-02  1.94792744e-02  2.16090002e-02
  2.15934170e-02  2.09553418e-02  2.21444796e-02  2.21431737e-02
  2.25469743e-02  2.34693171e-02  2.36233259e-02  2.42538532e-02
  2.43495397e-02  2.44068664e-02  2.52033498e-02  2.44180529e-02
  2.56034741e-02  2.59609962e-02  2.66353457e-02  2.62994184e-02
  2.60693247e-02  2.69074799e-02  2.69204154e-02  2.77372950e-02
  2.71324146e-02  2.81348162e-02  2.87752590e-02  2.79059980e-02
  2.75235888e-02  2.80512816e-02  2.84014814e-02  2.89239511e-02
  2.82954939e-02  2.92595083e-02  2.84216471e-02  2.78729999e-02
  2.94127558e-02  2.75890040e-02  2.88042409e-02  2.99432835e-02
  2.87315923e-02  2.86068356e-02  2.85190672e-02  2.85244070e-02
  2.88428556e-02  2.87463496e-02  2.84868391e-02  2.91334466e-02
  2.85855912e-02  2.82543943e-02  2.76058432e-02  2.81921304e-02
  2.76009213e-02  2.79942588e-02  2.72287001e-02  2.69370150e-02
  2.69016596e-02  2.60445545e-02  2.60614091e-02  2.54991642e-02
  2.58638891e-02  2.53403407e-02  2.51632054e-02  2.47410933e-02
  2.34782056e-02  2.37274488e-02  2.40623975e-02  2.33200240e-02
  2.36405643e-02  2.31978306e-02  2.25661571e-02  2.26603270e-02
  2.13791835e-02  2.13967134e-02  2.08915343e-02  2.15560067e-02
  2.06338490e-02  1.91814652e-02  1.90048170e-02  1.88103100e-02
  1.79407047e-02  1.71423738e-02  1.75417753e-02  1.65293990e-02
  1.59562875e-02  1.52066075e-02  1.39502035e-02  1.43764647e-02
  1.41496710e-02  1.31735002e-02  1.35182902e-02  1.19973785e-02
  1.14744517e-02  1.13899580e-02  1.02749768e-02  1.06568450e-02
  9.55226859e-03  9.76206251e-03  9.14952703e-03  7.51196720e-03
  7.54769201e-03  6.55908174e-03  6.45223893e-03  5.82340760e-03
  5.22400512e-03  4.48800923e-03  3.14474660e-03  2.83927530e-03
  2.26568998e-03  1.44732485e-03  1.59639815e-03  8.59262108e-04
  2.36317359e-04 -9.36521365e-04 -1.31046999e-03 -1.22618608e-03
 -2.35437384e-03 -2.37940577e-03 -3.13711517e-03 -3.35365843e-03
 -3.71193679e-03 -5.68531223e-03 -5.20372390e-03 -5.37954356e-03
 -6.49484838e-03 -6.69581745e-03 -7.46082030e-03 -8.07546808e-03
 -8.36552525e-03 -9.63816460e-03 -9.77553093e-03 -9.91092534e-03
 -1.06235197e-02 -1.08122107e-02 -1.14790176e-02 -1.24797208e-02
 -1.26137951e-02 -1.29322744e-02 -1.35062816e-02 -1.36077975e-02
 -1.40582719e-02 -1.44325852e-02 -1.49359206e-02 -1.55486374e-02
 -1.59407393e-02 -1.62675054e-02 -1.60576550e-02 -1.65711272e-02
 -1.70962052e-02 -1.75415643e-02 -1.81625528e-02 -1.83845356e-02
 -1.86034811e-02 -1.92535782e-02 -1.91172118e-02 -1.94240743e-02
 -2.00429758e-02 -2.02983380e-02 -2.06598846e-02 -2.06431342e-02
 -2.08596752e-02 -2.10690032e-02 -2.13353306e-02 -2.15912761e-02
 -2.17989827e-02 -2.20182279e-02 -2.20859838e-02 -2.22118145e-02
 -2.22170755e-02 -2.21859784e-02 -2.27601337e-02 -2.28485744e-02
 -2.28548293e-02 -2.31064175e-02 -2.29455582e-02 -2.31067680e-02
 -2.30054648e-02 -2.31537984e-02 -2.35853615e-02 -2.33361700e-02
 -2.34541957e-02 -2.33366812e-02 -2.32356509e-02 -2.34139740e-02
 -2.33041850e-02 -2.34841175e-02 -2.34653561e-02 -2.32077178e-02
 -2.31556298e-02 -2.29752089e-02 -2.29309869e-02 -2.27073622e-02
 -2.28343846e-02 -2.28857856e-02 -2.24343798e-02 -2.23085092e-02
 -2.22093271e-02 -2.20578159e-02 -2.18889407e-02 -2.17569233e-02
 -2.16749247e-02 -2.13745196e-02 -2.13010820e-02 -2.09354576e-02
 -2.06258228e-02 -2.05957312e-02 -2.02961538e-02 -2.02099871e-02
 -1.99561004e-02 -1.94258522e-02 -1.94038828e-02 -1.90918882e-02
 -1.87020315e-02 -1.85162774e-02 -1.82937285e-02 -1.80166418e-02
 -1.78071548e-02 -1.72787405e-02 -1.69878321e-02 -1.68092338e-02
 -1.62853076e-02 -1.61293474e-02 -1.58506818e-02 -1.54096352e-02
 -1.51393674e-02 -1.47201004e-02 -1.43642115e-02 -1.40211110e-02
 -1.37054873e-02 -1.34690221e-02 -1.29681130e-02 -1.26903152e-02
 -1.22287667e-02 -1.17655147e-02 -1.16244385e-02 -1.10334261e-02
 -1.07838908e-02 -1.04257718e-02 -9.97063378e-03 -9.63574090e-03
 -9.10927455e-03 -8.83135275e-03 -8.48535244e-03 -8.05892183e-03
 -7.74894557e-03 -7.28737595e-03 -6.91438991e-03 -6.56043287e-03
 -6.08032414e-03 -5.78771121e-03 -5.44637817e-03 -5.09859215e-03
 -4.59914244e-03 -4.19803140e-03 -3.88561775e-03 -3.41100968e-03
 -3.12781943e-03 -2.73082735e-03 -2.28835506e-03 -1.96465385e-03
 -1.60437703e-03 -1.14046386e-03 -8.37386292e-04 -4.83369033e-04
 -1.13384440e-04  2.43769152e-04  6.77545747e-04  9.68633285e-04
  1.33875784e-03  1.72038324e-03  1.98677880e-03  2.32938831e-03
  2.69786656e-03  2.96825820e-03  3.36589961e-03  3.64090058e-03
  3.97668628e-03  4.30538825e-03  4.56740523e-03  4.93468272e-03
  5.22010075e-03  5.57547586e-03  5.84776150e-03  6.07616995e-03
  6.42837935e-03  6.68533875e-03  6.92052132e-03  7.23847002e-03
  7.49461871e-03  7.76587688e-03  8.03364720e-03  8.22023633e-03
  8.50532153e-03  8.68441115e-03  8.91037582e-03  9.15509837e-03
  9.34280788e-03  9.58614741e-03  9.82676483e-03  9.98642016e-03
  1.01502025e-02  1.03930026e-02  1.05628950e-02  1.07132465e-02
  1.09581248e-02  1.10781358e-02  1.12211040e-02  1.14440036e-02
  1.14892750e-02  1.16825418e-02  1.18555892e-02  1.19113542e-02
  1.21091074e-02  1.21719963e-02  1.23000134e-02  1.23999050e-02
  1.24824571e-02  1.25962813e-02  1.26652523e-02  1.27564602e-02
  1.28133374e-02  1.28696076e-02  1.29669995e-02  1.30069455e-02
  1.31071953e-02  1.31308084e-02  1.31713452e-02  1.32429437e-02
  1.32049204e-02  1.33173283e-02  1.33058363e-02  1.33412687e-02
  1.33712190e-02  1.33124224e-02  1.33634654e-02  1.33057445e-02
  1.33099935e-02  1.33204828e-02  1.32786929e-02  1.32636230e-02
  1.31979089e-02  1.31725510e-02  1.31199481e-02  1.30576386e-02
  1.30486382e-02  1.29897578e-02  1.29405916e-02  1.28891864e-02
  1.27714356e-02  1.27451181e-02  1.26690321e-02  1.26109622e-02
  1.25181735e-02  1.24641180e-02  1.23487537e-02  1.22466204e-02
  1.21651437e-02  1.20058640e-02  1.19980392e-02  1.18578201e-02
  1.17193072e-02  1.16332539e-02  1.14633146e-02  1.13754265e-02
  1.12204072e-02  1.10947111e-02  1.10187631e-02  1.08313522e-02
  1.07067514e-02  1.05807461e-02  1.04256996e-02  1.03168722e-02
  1.01223517e-02  1.00533942e-02  9.88539137e-03  9.71873912e-03
  9.61120466e-03  9.43123573e-03  9.31700027e-03  9.13120281e-03
  8.99006865e-03  8.85508346e-03  8.66762413e-03  8.50944120e-03
  8.32345660e-03  8.17804624e-03  8.01732580e-03  7.82003340e-03
  7.70150208e-03  7.49667275e-03  7.33453882e-03  7.18584350e-03
  6.95679499e-03  6.84738141e-03  6.63871498e-03  6.48218677e-03
  6.35624205e-03  6.12388370e-03  5.99966109e-03  5.83065050e-03
  5.62962418e-03  5.49850422e-03  5.32812325e-03  5.15263117e-03
  5.00696403e-03  4.80064172e-03  4.65858606e-03  4.47885054e-03
  4.31111102e-03  4.14393182e-03  4.00418414e-03  3.81055483e-03
  3.62714845e-03  3.48933545e-03  3.29583586e-03  3.12311418e-03
  2.98083921e-03  2.81579797e-03  2.65618523e-03  2.49143866e-03
  2.32117903e-03  2.16498745e-03  2.03064208e-03  1.88393337e-03
  1.72959685e-03  1.58835890e-03  1.45087699e-03  1.27063584e-03
  1.12975334e-03  9.80738513e-04  8.49814212e-04  7.36676403e-04
  5.81888158e-04  4.08107370e-04  2.92267956e-04  1.52277020e-04
  6.96682380e-06 -1.11375474e-04 -2.63136325e-04 -3.70555926e-04
 -5.00058764e-04 -6.75766713e-04 -7.63269371e-04 -9.17260075e-04
 -1.02349744e-03 -1.11788233e-03 -1.27834802e-03 -1.35825305e-03
 -1.48081440e-03 -1.58185612e-03 -1.68609746e-03 -1.83296540e-03
 -1.88942326e-03 -1.99175975e-03 -2.11552870e-03 -2.19389531e-03
 -2.30995651e-03 -2.38388224e-03 -2.50155650e-03 -2.60381419e-03
 -2.66724479e-03 -2.79258748e-03 -2.85939491e-03 -2.95734215e-03
 -3.06161494e-03 -3.13696778e-03 -3.23768947e-03 -3.27969005e-03
 -3.37392295e-03 -3.45692189e-03 -3.52298343e-03 -3.58901394e-03
 -3.68352557e-03 -3.75101300e-03 -3.81555555e-03 -3.84597252e-03
 -3.93137082e-03 -3.99699501e-03 -4.05584010e-03 -4.11767971e-03
 -4.16939137e-03 -4.23129753e-03 -4.27809885e-03 -4.32723667e-03
 -4.38918434e-03 -4.43778031e-03 -4.50010567e-03 -4.57390969e-03
 -4.58431993e-03 -4.64153240e-03 -4.70842952e-03 -4.72824792e-03
 -4.80012132e-03 -4.82408745e-03 -4.88544210e-03 -4.92769653e-03
 -4.94158454e-03 -4.97163711e-03 -5.00797637e-03 -5.04830970e-03
 -5.08913357e-03 -5.10742012e-03 -5.15490871e-03 -5.15332233e-03
 -5.19052888e-03 -5.23667175e-03 -5.23656284e-03 -5.29082792e-03
 -5.30447318e-03 -5.34056079e-03 -5.36772216e-03 -5.35322887e-03
 -5.39828899e-03 -5.42454381e-03 -5.45481438e-03 -5.46783515e-03
 -5.49481085e-03 -5.51263056e-03 -5.53539287e-03 -5.54453874e-03
 -5.55163339e-03 -5.57734024e-03 -5.62291123e-03 -5.62120046e-03
 -5.61487172e-03 -5.63325471e-03 -5.64266398e-03 -5.66832790e-03
 -5.65288670e-03 -5.68810530e-03 -5.70222097e-03 -5.70837957e-03
 -5.70523751e-03 -5.70525198e-03 -5.73362708e-03 -5.74609551e-03
 -5.74639076e-03 -5.77032008e-03 -5.78585897e-03 -5.77163805e-03
 -5.78949061e-03 -5.78778704e-03 -5.80412145e-03 -5.82147629e-03
 -5.81870228e-03 -5.84330758e-03 -5.82658035e-03 -5.82055452e-03
 -5.83407703e-03 -5.84461811e-03 -5.84952540e-03 -5.87365457e-03
 -5.85912487e-03 -5.87219012e-03 -5.86221827e-03 -5.85482710e-03
 -5.86441068e-03 -5.85952416e-03 -5.88717048e-03 -5.87954211e-03
 -5.86616636e-03 -5.87596855e-03 -5.87053385e-03 -5.87539545e-03
 -5.88036958e-03 -5.87790882e-03 -5.90025175e-03 -5.89466327e-03
 -5.86870432e-03 -5.87481016e-03 -5.85730498e-03 -5.89628959e-03
 -5.86461005e-03 -5.88067465e-03 -5.86532760e-03 -5.84294282e-03
 -5.85107843e-03 -5.83283330e-03 -5.82208231e-03 -5.84260548e-03
 -5.82195359e-03 -5.82272890e-03 -5.79891558e-03 -5.77263079e-03
 -5.79416496e-03 -5.75808153e-03 -5.76858915e-03 -5.75491455e-03
 -5.73361585e-03 -5.73116573e-03 -5.68688103e-03 -5.69659412e-03
 -5.65582533e-03 -5.65923016e-03 -5.66486706e-03 -5.62766731e-03
 -5.59423522e-03 -5.58026220e-03 -5.55031782e-03 -5.54431046e-03
 -5.50954108e-03 -5.47616013e-03 -5.46884304e-03 -5.42652797e-03
 -5.39114749e-03 -5.34597470e-03 -5.33328194e-03 -5.29924704e-03
 -5.27051599e-03 -5.23240681e-03 -5.20017074e-03 -5.15556917e-03
 -5.12131492e-03 -5.08274994e-03 -5.01603984e-03 -5.01381630e-03
 -4.95955351e-03 -4.91963196e-03 -4.86212620e-03 -4.79203747e-03
 -4.77153218e-03 -4.70946271e-03 -4.64728948e-03 -4.60717221e-03
 -4.54592865e-03 -4.48221674e-03 -4.41270110e-03 -4.34299264e-03
 -4.29559346e-03 -4.21903276e-03 -4.18537097e-03 -4.08094495e-03
 -4.01586721e-03 -3.93471952e-03 -3.85327301e-03 -3.78604526e-03
 -3.70155522e-03 -3.63160459e-03 -3.55591598e-03 -3.46672946e-03
 -3.38169361e-03 -3.26608977e-03 -3.21351786e-03 -3.13006046e-03
 -3.02156544e-03 -2.94150567e-03 -2.81701836e-03 -2.72758876e-03
 -2.64057110e-03 -2.50135293e-03 -2.41411965e-03 -2.30847519e-03
 -2.22753025e-03 -2.08068811e-03 -1.95360926e-03 -1.86787236e-03
 -1.74556908e-03 -1.61707449e-03 -1.49467973e-03 -1.36709034e-03
 -1.27285504e-03 -1.13261714e-03 -9.74142301e-04 -8.62732893e-04
 -7.27517652e-04 -5.98110786e-04 -4.77986943e-04 -3.19873821e-04
 -1.80483021e-04 -5.53423001e-05  9.78151193e-05  2.47251013e-04
  3.85714289e-04  5.27265351e-04  6.63901944e-04  8.35463724e-04
  9.92694692e-04  1.14461061e-03  1.29540038e-03  1.46263865e-03
  1.63229736e-03  1.76440044e-03  1.95224609e-03  2.12122851e-03
  2.26859604e-03  2.46598154e-03  2.61555061e-03  2.79406302e-03
  2.94001718e-03  3.09460320e-03  3.32177116e-03  3.46026452e-03
  3.63262007e-03  3.82345775e-03  3.99883189e-03  4.16847341e-03
  4.31192371e-03  4.51260709e-03  4.71713356e-03  4.84376029e-03
  5.08363601e-03  5.21811137e-03  5.40035522e-03  5.60750305e-03
  5.73687712e-03  5.97426509e-03  6.13616294e-03  6.32377818e-03
  6.53000245e-03  6.66112766e-03  6.87742981e-03  7.03877177e-03
  7.22205590e-03  7.43869010e-03  7.58007688e-03  7.76955441e-03
  7.94106250e-03  8.08919330e-03  8.28738722e-03  8.42893760e-03
  8.63104671e-03  8.79069077e-03  8.96650969e-03  9.13840631e-03
  9.28055253e-03  9.47027551e-03  9.63010660e-03  9.79891651e-03
  9.94996497e-03  1.01329710e-02  1.02898736e-02  1.04208602e-02
  1.05928557e-02  1.07318762e-02  1.09097411e-02  1.10646634e-02
  1.11708214e-02  1.13548097e-02  1.14595750e-02  1.15832128e-02
  1.17675278e-02  1.18436435e-02  1.19882303e-02  1.21312866e-02
  1.22296940e-02  1.23284195e-02  1.24595700e-02  1.25675359e-02
  1.26548615e-02  1.28034577e-02  1.28499680e-02  1.29835920e-02
  1.30675960e-02  1.31132514e-02  1.32657826e-02  1.33030038e-02
  1.33888296e-02  1.35138953e-02  1.35199193e-02  1.36507541e-02
  1.36516684e-02  1.36759431e-02  1.37991273e-02  1.37859511e-02
  1.38643021e-02  1.38815597e-02  1.39155181e-02  1.39294569e-02
  1.38887015e-02  1.39685726e-02  1.39266550e-02  1.39736510e-02
  1.39692858e-02  1.39271771e-02  1.39195489e-02  1.38583194e-02
  1.38513315e-02  1.38243257e-02  1.37694220e-02  1.37789948e-02
  1.36836880e-02  1.36337488e-02  1.35717901e-02  1.34595069e-02
  1.34914890e-02  1.33324967e-02  1.32958660e-02  1.32007049e-02
  1.30420305e-02  1.29925065e-02  1.28222033e-02  1.27432061e-02
  1.26464320e-02  1.24681863e-02  1.23360040e-02  1.22065480e-02
  1.20031625e-02  1.18569641e-02  1.16969679e-02  1.15262566e-02
  1.13410952e-02  1.11577363e-02  1.09735267e-02  1.07453647e-02
  1.05659206e-02  1.03435864e-02  1.01744950e-02  9.90971352e-03
  9.71281285e-03  9.47431650e-03  9.20246038e-03  8.99403697e-03
  8.74852612e-03  8.49033609e-03  8.23438066e-03  7.97444355e-03
  7.67496378e-03  7.39302655e-03  7.12195954e-03  6.82792445e-03
  6.51769654e-03  6.25470127e-03  5.86160305e-03  5.57215343e-03
  5.28450835e-03  4.89685014e-03  4.60647015e-03  4.24318700e-03
  3.96764019e-03  3.55395531e-03  3.21892207e-03  2.89598442e-03
  2.54078583e-03  2.17913632e-03  1.83353776e-03  1.48779167e-03
  1.13730825e-03  7.15264702e-04  3.65521731e-04 -5.14077157e-05
 -4.20312780e-04 -7.17950027e-04 -1.24019967e-03 -1.52658423e-03
 -1.94913466e-03 -2.38633598e-03 -2.75951978e-03 -3.23164916e-03
 -3.53509516e-03 -4.00211642e-03 -4.37242670e-03 -4.76987742e-03
 -5.24356669e-03 -5.61559474e-03 -6.03731973e-03 -6.43420614e-03
 -6.81317922e-03 -7.22860946e-03 -7.57585686e-03 -8.08370085e-03
 -8.45771400e-03 -8.87617824e-03 -9.30587747e-03 -9.56308286e-03
 -1.00965906e-02 -1.04451695e-02 -1.08519803e-02 -1.13127702e-02
 -1.16363045e-02 -1.21068951e-02 -1.24413016e-02 -1.28382495e-02
 -1.32457791e-02 -1.36126892e-02 -1.40644698e-02 -1.43986111e-02
 -1.47099528e-02 -1.50890271e-02 -1.54344679e-02 -1.58899155e-02
 -1.60972616e-02 -1.64833745e-02 -1.68793914e-02 -1.71640282e-02
 -1.74055775e-02 -1.77674064e-02 -1.82432493e-02 -1.84430485e-02
 -1.88529589e-02 -1.90570013e-02 -1.93594716e-02 -1.96888604e-02
 -1.98031161e-02 -2.02243932e-02 -2.05436120e-02 -2.07265282e-02
 -2.10374759e-02 -2.12187002e-02 -2.14421165e-02 -2.15847763e-02
 -2.18406107e-02 -2.21650886e-02 -2.22297366e-02 -2.25645708e-02
 -2.26074033e-02 -2.27305551e-02 -2.29961351e-02 -2.29068373e-02
 -2.33462586e-02 -2.33985214e-02 -2.35174292e-02 -2.37144186e-02
 -2.35932164e-02 -2.37600737e-02 -2.38391130e-02 -2.39100244e-02
 -2.40915402e-02 -2.40603642e-02 -2.41901236e-02 -2.41258029e-02
 -2.41315278e-02 -2.41491003e-02 -2.40599550e-02 -2.43169006e-02]
