Frame: 124
temp_s_est shape: (1024,)
temp_s_est dtype: float64
temp_s_est:
[ 3.15217734e-02  3.18483533e-02  3.21976034e-02  3.23430722e-02
  3.28017910e-02  3.29497973e-02  3.32744384e-02  3.34431414e-02
  3.37679218e-02  3.39746236e-02  3.39891185e-02  3.43438171e-02
  3.43971823e-02  3.44527553e-02  3.48328932e-02  3.47622091e-02
  3.50753477e-02  3.49378003e-02  3.50677381e-02  3.51666129e-02
  3.51008141e-02  3.53042979e-02  3.50395198e-02  3.53537318e-02
  3.52029649e-02  3.49910398e-02  3.51285174e-02  3.48830557e-02
  3.49704218e-02  3.47623064e-02  3.47063258e-02  3.46819701e-02
  3.44362615e-02  3.43779712e-02  3.40757738e-02  3.39780105e-02
  3.36339158e-02  3.33740938e-02  3.33441665e-02  3.28844249e-02
  3.27037790e-02  3.23899696e-02  3.22187245e-02  3.19249255e-02
  3.14271866e-02  3.10486417e-02  3.03730825e-02  3.06623484e-02
  2.99886769e-02  2.94034766e-02  2.91537262e-02  2.85346479e-02
  2.79599522e-02  2.77650572e-02  2.70932609e-02  2.66125510e-02
  2.58821212e-02  2.59349069e-02  2.48575957e-02  2.48060855e-02
  2.37173046e-02  2.29065897e-02  2.26608052e-02  2.17477779e-02
  2.12437324e-02  2.06639949e-02  2.00604212e-02  1.93887736e-02
  1.81741938e-02  1.82856740e-02  1.69191316e-02  1.63278232e-02
  1.58591223e-02  1.47813071e-02  1.44396905e-02  1.37056792e-02
  1.26071329e-02  1.20995485e-02  1.10432385e-02  1.03819016e-02
  9.54223174e-03  9.16543503e-03  8.12184495e-03  7.01943520e-03
  6.54714960e-03  5.11117272e-03  4.97261916e-03  3.90931153e-03
  2.70893319e-03  2.31640308e-03  1.03978510e-03  7.99712203e-04
 -7.37146831e-04 -7.89893027e-04 -2.22721577e-03 -2.77721025e-03
 -3.96524838e-03 -4.86458904e-03 -5.86980110e-03 -6.38224262e-03
 -7.35562346e-03 -7.90261045e-03 -9.22928163e-03 -9.92329943e-03
 -1.12725538e-02 -1.15419772e-02 -1.28866860e-02 -1.35524084e-02
 -1.40872941e-02 -1.54972427e-02 -1.60028995e-02 -1.70694825e-02
 -1.81173770e-02 -1.84996380e-02 -1.96968950e-02 -1.99747630e-02
 -2.16937244e-02 -2.15788585e-02 -2.26531762e-02 -2.37382644e-02
 -2.35008751e-02 -2.58305248e-02 -2.54607578e-02 -2.63578825e-02
 -2.72235217e-02 -2.77477338e-02 -2.85597885e-02 -2.88818036e-02
 -3.05819730e-02 -3.04777201e-02 -3.15156632e-02 -3.25372073e-02
 -3.23192018e-02 -3.35141840e-02 -3.41196467e-02 -3.44917263e-02
 -3.53581779e-02 -3.52795256e-02 -3.61227572e-02 -3.61183892e-02
 -3.75779339e-02 -3.74209877e-02 -3.71853250e-02 -3.86827748e-02
 -3.86624373e-02 -3.94540218e-02 -4.02929102e-02 -4.00431359e-02
 -4.08240249e-02 -4.09414011e-02 -4.18464836e-02 -4.13527727e-02
 -4.25259982e-02 -4.16199718e-02 -4.24616418e-02 -4.33611305e-02
 -4.29371515e-02 -4.33512441e-02 -4.26016507e-02 -4.37706363e-02
 -4.35136596e-02 -4.38291940e-02 -4.37871118e-02 -4.40076409e-02
 -4.42880904e-02 -4.40707557e-02 -4.39397265e-02 -4.44560458e-02
 -4.39284306e-02 -4.37220190e-02 -4.40060566e-02 -4.39200032e-02
 -4.39814556e-02 -4.32495612e-02 -4.39309943e-02 -4.25955874e-02
 -4.29666453e-02 -4.24923489e-02 -4.21986710e-02 -4.32536104e-02
 -4.13706909e-02 -4.20529020e-02 -4.15748255e-02 -4.11809870e-02
 -4.04647896e-02 -3.99626064e-02 -3.98127012e-02 -3.94795839e-02
 -3.92414809e-02 -3.86934374e-02 -3.79793184e-02 -3.77224452e-02
 -3.70085341e-02 -3.64862191e-02 -3.69582148e-02 -3.55501491e-02
 -3.51675960e-02 -3.45384773e-02 -3.44023484e-02 -3.35726769e-02
 -3.25568423e-02 -3.24173492e-02 -3.09547040e-02 -3.11082964e-02
 -2.96913845e-02 -2.92133088e-02 -2.86805036e-02 -2.80649442e-02
 -2.69567772e-02 -2.64153113e-02 -2.58418844e-02 -2.45613434e-02
 -2.39706349e-02 -2.38208778e-02 -2.27465637e-02 -2.20677952e-02
 -2.12272561e-02 -2.01889848e-02 -1.93326502e-02 -1.84059799e-02
 -1.76267063e-02 -1.65956518e-02 -1.60100826e-02 -1.48345864e-02
 -1.37832445e-02 -1.35576220e-02 -1.17923840e-02 -1.16599579e-02
 -1.01493156e-02 -9.90567338e-03 -8.80665567e-03 -7.97320650e-03
 -7.08842676e-03 -6.09903469e-03 -5.23811442e-03 -4.42277619e-03
 -3.09785169e-03 -2.79813766e-03 -1.27279833e-03 -9.58601435e-04
 -2.23418860e-05  1.16518652e-03  1.85003008e-03  3.05803586e-03
  3.57934674e-03  4.55997814e-03  5.33642720e-03  6.43679099e-03
  7.46708140e-03  7.75009931e-03  9.13527443e-03  9.52649464e-03
  1.05566309e-02  1.15699046e-02  1.21702084e-02  1.29656418e-02
  1.37235764e-02  1.44383928e-02  1.54287019e-02  1.61491442e-02
  1.70678530e-02  1.75583770e-02  1.84929820e-02  1.91789594e-02
  1.98607734e-02  2.06412418e-02  2.13020316e-02  2.19386727e-02
  2.27221471e-02  2.34942635e-02  2.40786451e-02  2.46117408e-02
  2.55150687e-02  2.55576749e-02  2.65749151e-02  2.69745210e-02
  2.76314192e-02  2.80601920e-02  2.86525617e-02  2.91179094e-02
  2.96772679e-02  3.01641813e-02  3.05022499e-02  3.08979865e-02
  3.15930126e-02  3.18278411e-02  3.23769585e-02  3.27636342e-02
  3.29865055e-02  3.33672444e-02  3.36005377e-02  3.41076607e-02
  3.41933041e-02  3.46000914e-02  3.49265632e-02  3.50964342e-02
  3.54345525e-02  3.54533256e-02  3.55877732e-02  3.58411449e-02
  3.59233482e-02  3.62446824e-02  3.62428114e-02  3.64471087e-02
  3.65056967e-02  3.64393219e-02  3.66868429e-02  3.66249655e-02
  3.67562021e-02  3.66173379e-02  3.66801222e-02  3.66980135e-02
  3.65472990e-02  3.65851150e-02  3.64592423e-02  3.63748794e-02
  3.61997048e-02  3.60386289e-02  3.59638491e-02  3.57727508e-02
  3.56636881e-02  3.54308246e-02  3.52107871e-02  3.50412025e-02
  3.46230562e-02  3.44433393e-02  3.42107032e-02  3.39619763e-02
  3.36603157e-02  3.33567022e-02  3.31119014e-02  3.26821356e-02
  3.23956555e-02  3.20107115e-02  3.15558445e-02  3.13078560e-02
  3.08041201e-02  3.05249198e-02  3.00036230e-02  2.96187469e-02
  2.90769847e-02  2.86910549e-02  2.82854893e-02  2.77764624e-02
  2.72939989e-02  2.68023190e-02  2.62999798e-02  2.58655647e-02
  2.52539803e-02  2.48096292e-02  2.42236182e-02  2.36819556e-02
  2.31952505e-02  2.26608609e-02  2.21227777e-02  2.15426551e-02
  2.09297092e-02  2.04534727e-02  1.98019692e-02  1.92889823e-02
  1.85665203e-02  1.80990858e-02  1.73926670e-02  1.68617384e-02
  1.62529457e-02  1.56553209e-02  1.50352659e-02  1.44318426e-02
  1.37892221e-02  1.32650324e-02  1.26027121e-02  1.20324006e-02
  1.13280283e-02  1.08124840e-02  1.01302573e-02  9.52093906e-03
  8.92420678e-03  8.29521523e-03  7.67278707e-03  7.08242381e-03
  6.44452949e-03  5.89436561e-03  5.20575588e-03  4.65728289e-03
  3.99152693e-03  3.48814494e-03  2.84451475e-03  2.24733641e-03
  1.68431816e-03  1.08477528e-03  5.06372993e-04 -6.93152757e-05
 -6.66480804e-04 -1.16232206e-03 -1.81050981e-03 -2.30691884e-03
 -2.90390397e-03 -3.40092772e-03 -3.97752090e-03 -4.50849908e-03
 -5.01401403e-03 -5.51730955e-03 -6.05803347e-03 -6.52898006e-03
 -7.07288392e-03 -7.50627886e-03 -8.05775339e-03 -8.47012054e-03
 -9.01286706e-03 -9.42718576e-03 -9.92468566e-03 -1.03938739e-02
 -1.07681445e-02 -1.12131342e-02 -1.16566668e-02 -1.20480955e-02
 -1.24548592e-02 -1.28546442e-02 -1.32316260e-02 -1.36007489e-02
 -1.39747525e-02 -1.43371127e-02 -1.46717524e-02 -1.50582845e-02
 -1.53258393e-02 -1.57077289e-02 -1.60139833e-02 -1.63174333e-02
 -1.66171560e-02 -1.68832913e-02 -1.72236258e-02 -1.74091660e-02
 -1.77051971e-02 -1.79757157e-02 -1.81864194e-02 -1.84430509e-02
 -1.86090209e-02 -1.88455016e-02 -1.90375746e-02 -1.92435311e-02
 -1.93854894e-02 -1.95730785e-02 -1.97598565e-02 -1.98840957e-02
 -2.00529481e-02 -2.02113032e-02 -2.03037297e-02 -2.04517166e-02
 -2.05279222e-02 -2.06548635e-02 -2.07576387e-02 -2.07723587e-02
 -2.08872654e-02 -2.09209881e-02 -2.09976322e-02 -2.10239384e-02
 -2.10494870e-02 -2.11047019e-02 -2.10778352e-02 -2.11308898e-02
 -2.10672347e-02 -2.11384562e-02 -2.10875685e-02 -2.10873304e-02
 -2.10218038e-02 -2.10153744e-02 -2.09555258e-02 -2.08878705e-02
 -2.08402726e-02 -2.08165839e-02 -2.06901381e-02 -2.06501335e-02
 -2.05510020e-02 -2.04300236e-02 -2.03477363e-02 -2.02079217e-02
 -2.01119285e-02 -2.00024089e-02 -1.98636593e-02 -1.97026488e-02
 -1.95700222e-02 -1.94700496e-02 -1.92546922e-02 -1.91480817e-02
 -1.89665372e-02 -1.88005606e-02 -1.86327255e-02 -1.84415560e-02
 -1.82916985e-02 -1.80658350e-02 -1.78965434e-02 -1.76888680e-02
 -1.74915055e-02 -1.73092164e-02 -1.70661009e-02 -1.68576933e-02
 -1.66656628e-02 -1.64277145e-02 -1.62033446e-02 -1.59778226e-02
 -1.57451654e-02 -1.54974721e-02 -1.52530573e-02 -1.50420649e-02
 -1.47650617e-02 -1.45640103e-02 -1.42625454e-02 -1.40405104e-02
 -1.37908047e-02 -1.35267069e-02 -1.32769070e-02 -1.30086223e-02
 -1.27681804e-02 -1.24894546e-02 -1.22409569e-02 -1.19857067e-02
 -1.17061493e-02 -1.14460549e-02 -1.11618932e-02 -1.09184794e-02
 -1.06389181e-02 -1.03638823e-02 -1.01119029e-02 -9.80757355e-03
 -9.55103614e-03 -9.26620351e-03 -9.00326981e-03 -8.74549840e-03
 -8.46590951e-03 -8.21773834e-03 -7.92724152e-03 -7.65867814e-03
 -7.40421123e-03 -7.12048106e-03 -6.88398443e-03 -6.58521410e-03
 -6.32451378e-03 -6.05295412e-03 -5.80720048e-03 -5.53006233e-03
 -5.24526881e-03 -5.01554186e-03 -4.73136764e-03 -4.47822479e-03
 -4.25518860e-03 -3.96676088e-03 -3.71967219e-03 -3.46868007e-03
 -3.21303062e-03 -2.98351610e-03 -2.71611470e-03 -2.48951620e-03
 -2.22841525e-03 -2.01471614e-03 -1.77298236e-03 -1.51399261e-03
 -1.30502955e-03 -1.06694341e-03 -8.31391227e-04 -5.95188279e-04
 -3.98472373e-04 -1.58322583e-04  6.04001142e-05  2.76958946e-04
  4.88917909e-04  6.94844002e-04  8.90436294e-04  1.12514777e-03
  1.30391860e-03  1.51784152e-03  1.71405601e-03  1.89861700e-03
  2.08986306e-03  2.28018543e-03  2.48894121e-03  2.66608316e-03
  2.82789284e-03  3.00613877e-03  3.18991747e-03  3.37853841e-03
  3.51397041e-03  3.70880224e-03  3.84928053e-03  4.03672403e-03
  4.19982104e-03  4.35069403e-03  4.51678436e-03  4.63036764e-03
  4.79726636e-03  4.94861349e-03  5.09582303e-03  5.23890291e-03
  5.33769569e-03  5.49912625e-03  5.62647789e-03  5.75004011e-03
  5.87899234e-03  6.00066030e-03  6.12603028e-03  6.23578051e-03
  6.36220501e-03  6.48656376e-03  6.57694477e-03  6.70546146e-03
  6.77297767e-03  6.90857780e-03  7.00825176e-03  7.08507915e-03
  7.19286956e-03  7.27655586e-03  7.38046171e-03  7.44833885e-03
  7.54289913e-03  7.63459894e-03  7.68923996e-03  7.79509004e-03
  7.84953833e-03  7.94993716e-03  8.00690689e-03  8.08085572e-03
  8.13830003e-03  8.21376496e-03  8.28359444e-03  8.32047703e-03
  8.39532639e-03  8.45375532e-03  8.50370536e-03  8.55170090e-03
  8.61715958e-03  8.65990972e-03  8.71992883e-03  8.75586930e-03
  8.80859035e-03  8.84527091e-03  8.90361324e-03  8.93674909e-03
  8.97642120e-03  9.01644115e-03  9.03156894e-03  9.08018406e-03
  9.10146080e-03  9.15547214e-03  9.17248328e-03  9.19113689e-03
  9.23647197e-03  9.25803791e-03  9.29028033e-03  9.30435622e-03
  9.32387509e-03  9.35131224e-03  9.37065748e-03  9.39461551e-03
  9.40732002e-03  9.42079778e-03  9.42993961e-03  9.44051760e-03
  9.46302302e-03  9.47686386e-03  9.49482941e-03  9.49557289e-03
  9.49371632e-03  9.52012019e-03  9.49931541e-03  9.53012755e-03
  9.53513609e-03  9.52469284e-03  9.53946911e-03  9.53180804e-03
  9.55049672e-03  9.54177491e-03  9.54147054e-03  9.52788451e-03
  9.53053814e-03  9.54771851e-03  9.52932642e-03  9.52027761e-03
  9.51495192e-03  9.50280524e-03  9.51605666e-03  9.49175053e-03
  9.50106670e-03  9.46026640e-03  9.46623754e-03  9.47617095e-03
  9.44756021e-03  9.46127651e-03  9.40526770e-03  9.40645360e-03
  9.39228774e-03  9.39114783e-03  9.36364061e-03  9.33793894e-03
  9.32568660e-03  9.30530759e-03  9.29534715e-03  9.27253004e-03
  9.23646171e-03  9.21917923e-03  9.18764280e-03  9.17358553e-03
  9.15350043e-03  9.13028268e-03  9.10142622e-03  9.04873949e-03
  9.03647510e-03  9.00552526e-03  8.97000746e-03  8.94737604e-03
  8.89468266e-03  8.87422260e-03  8.82062090e-03  8.79626248e-03
  8.74775624e-03  8.70240256e-03  8.67132603e-03  8.60357998e-03
  8.59845025e-03  8.51999188e-03  8.50445398e-03  8.43310373e-03
  8.38997041e-03  8.33886919e-03  8.27161027e-03  8.22474294e-03
  8.17455751e-03  8.11613188e-03  8.05485810e-03  7.99387163e-03
  7.92866130e-03  7.86243568e-03  7.79589335e-03  7.74463905e-03
  7.64851434e-03  7.60664618e-03  7.52371652e-03  7.43784178e-03
  7.38034287e-03  7.28224845e-03  7.21897759e-03  7.11800694e-03
  7.06341541e-03  6.96349408e-03  6.86037847e-03  6.78342423e-03
  6.67976190e-03  6.59004884e-03  6.49742929e-03  6.38170161e-03
  6.28500264e-03  6.18680684e-03  6.08383570e-03  5.96366940e-03
  5.87225876e-03  5.75173900e-03  5.62354329e-03  5.51516170e-03
  5.40227323e-03  5.25924710e-03  5.15379620e-03  4.99335688e-03
  4.89380094e-03  4.73327562e-03  4.62429388e-03  4.46942841e-03
  4.34664293e-03  4.19334295e-03  4.04224337e-03  3.91095259e-03
  3.77013428e-03  3.61473269e-03  3.43499726e-03  3.27500228e-03
  3.13452488e-03  2.96214302e-03  2.80003163e-03  2.61713556e-03
  2.45793558e-03  2.29900553e-03  2.09740029e-03  1.95838329e-03
  1.74180264e-03  1.56798738e-03  1.39475833e-03  1.19983638e-03
  1.05148773e-03  8.09720398e-04  6.17220521e-04  4.21105923e-04
  2.44999061e-04  3.22312331e-05 -1.83071417e-04 -3.68233821e-04
 -5.98314411e-04 -8.07850435e-04 -1.00664411e-03 -1.24752101e-03
 -1.43892941e-03 -1.68381584e-03 -1.89353521e-03 -2.10977293e-03
 -2.33487833e-03 -2.56044634e-03 -2.81643703e-03 -3.01910799e-03
 -3.24961052e-03 -3.52894716e-03 -3.71007420e-03 -3.98141851e-03
 -4.20940956e-03 -4.46401193e-03 -4.68722085e-03 -4.93842282e-03
 -5.17299160e-03 -5.41843932e-03 -5.69820058e-03 -5.89973504e-03
 -6.16508539e-03 -6.43245470e-03 -6.67044933e-03 -6.91723248e-03
 -7.18111826e-03 -7.43347179e-03 -7.67259810e-03 -7.92007950e-03
 -8.19442022e-03 -8.42504299e-03 -8.68225553e-03 -8.93131803e-03
 -9.17103016e-03 -9.45128401e-03 -9.68321671e-03 -9.96234312e-03
 -1.02060685e-02 -1.04666856e-02 -1.07008086e-02 -1.09272847e-02
 -1.12245167e-02 -1.14375318e-02 -1.17164091e-02 -1.19481514e-02
 -1.21844077e-02 -1.24464114e-02 -1.26449142e-02 -1.29256440e-02
 -1.31458192e-02 -1.33796130e-02 -1.36168567e-02 -1.38511924e-02
 -1.40903917e-02 -1.42866606e-02 -1.45411758e-02 -1.47462865e-02
 -1.49694743e-02 -1.52167373e-02 -1.54004316e-02 -1.56259350e-02
 -1.58547000e-02 -1.60155966e-02 -1.62566922e-02 -1.64156120e-02
 -1.66418834e-02 -1.67899979e-02 -1.69966407e-02 -1.71721119e-02
 -1.73217042e-02 -1.75462341e-02 -1.76746793e-02 -1.78495367e-02
 -1.80034100e-02 -1.81709789e-02 -1.83240791e-02 -1.84346187e-02
 -1.86219883e-02 -1.86877932e-02 -1.88866645e-02 -1.89916279e-02
 -1.90766197e-02 -1.92164864e-02 -1.93090021e-02 -1.93850483e-02
 -1.95329578e-02 -1.95945405e-02 -1.96760757e-02 -1.97075255e-02
 -1.98204599e-02 -1.98488631e-02 -1.99257192e-02 -1.99552343e-02
 -1.99576015e-02 -2.00362446e-02 -2.00418204e-02 -2.00597368e-02
 -2.00956538e-02 -2.00531983e-02 -2.00994712e-02 -2.00044412e-02
 -2.00741204e-02 -2.00104868e-02 -1.99721709e-02 -1.99385990e-02
 -1.98574762e-02 -1.98135237e-02 -1.97402730e-02 -1.96723917e-02
 -1.95896733e-02 -1.94894107e-02 -1.93674311e-02 -1.92532606e-02
 -1.91655201e-02 -1.90161569e-02 -1.88470125e-02 -1.87287556e-02
 -1.85346502e-02 -1.84302031e-02 -1.82281786e-02 -1.80348632e-02
 -1.78720691e-02 -1.76447404e-02 -1.74611694e-02 -1.72318056e-02
 -1.70364419e-02 -1.67820638e-02 -1.65197734e-02 -1.63054139e-02
 -1.60097670e-02 -1.57676071e-02 -1.54605190e-02 -1.51925835e-02
 -1.48921639e-02 -1.45537458e-02 -1.42650799e-02 -1.39208018e-02
 -1.36390407e-02 -1.32723503e-02 -1.28841864e-02 -1.26110017e-02
 -1.21765106e-02 -1.18365262e-02 -1.14614537e-02 -1.10902000e-02
 -1.07057572e-02 -1.03066968e-02 -9.88072155e-03 -9.47162484e-03
 -9.02116190e-03 -8.63435743e-03 -8.07795511e-03 -7.76951326e-03
 -7.19159204e-03 -6.82421910e-03 -6.29824592e-03 -5.89875636e-03
 -5.37581669e-03 -4.89530519e-03 -4.38311033e-03 -3.94821934e-03
 -3.37888397e-03 -2.97689266e-03 -2.35737741e-03 -1.94243577e-03
 -1.31480980e-03 -8.36313626e-04 -2.58380511e-04  2.41130620e-04
  7.89728025e-04  1.36758868e-03  1.90710923e-03  2.44754347e-03
  3.00585024e-03  3.53990191e-03  4.17955336e-03  4.69793089e-03
  5.37876288e-03  5.85587303e-03  6.39026621e-03  6.96415153e-03
  7.55088050e-03  8.15408004e-03  8.75022000e-03  9.28184281e-03
  9.90885673e-03  1.04135493e-02  1.11475716e-02  1.15959172e-02
  1.22483852e-02  1.27588356e-02  1.33748899e-02  1.39497704e-02
  1.45417713e-02  1.51034232e-02  1.56454716e-02  1.60922838e-02
  1.68066889e-02  1.72100302e-02  1.79328576e-02  1.83656075e-02
  1.90604663e-02  1.94648697e-02  2.00553155e-02  2.06047449e-02
  2.11384654e-02  2.16464380e-02  2.21714293e-02  2.25262148e-02
  2.31988458e-02  2.36397252e-02  2.41521621e-02  2.46599374e-02
  2.51510013e-02  2.55915720e-02  2.60128855e-02  2.65503474e-02
  2.68791594e-02  2.74121669e-02  2.79013381e-02  2.82522722e-02
  2.87653689e-02  2.89980498e-02  2.94740761e-02  2.97802565e-02
  3.02772382e-02  3.06295154e-02  3.08754613e-02  3.13458196e-02]
