Frame: 48
temp_s_est shape: (1024,)
temp_s_est dtype: float64
temp_s_est:
[-2.41719066e-05 -8.96920418e-05 -6.11717284e-05  1.86945696e-05
  2.49734232e-05  2.74015676e-05 -8.01783897e-05  1.75231043e-04
 -1.36924428e-04 -1.53930862e-04  1.69529304e-04  1.63439523e-04
 -8.10485950e-05 -6.34119255e-05  1.04814293e-04  1.17670281e-04
  1.04819370e-04  5.01039379e-05  1.02658842e-04 -8.58832750e-05
  6.35586663e-05  6.14766829e-05 -1.92647278e-04 -2.21963723e-04
  3.47876235e-05  1.27322079e-04  3.46312825e-05 -5.82350465e-05
 -2.17465683e-04  3.46615575e-05 -1.89260966e-04 -2.35967594e-04
 -2.16181850e-04 -3.45907074e-05  3.97154226e-05 -1.14888351e-04
  9.09335628e-05  1.64946924e-05 -1.22182840e-04 -1.38273088e-04
  2.87000844e-04 -6.78943102e-05 -2.85247540e-05  9.90559512e-05
 -2.09359753e-05 -5.20693076e-05 -2.69978162e-05  3.01985601e-04
  3.76967024e-04  4.18905096e-04  7.93709886e-05  9.23936481e-05
 -1.30733895e-04  1.20300546e-04  2.39667126e-04 -2.37302106e-04
  2.39819383e-04  3.03475704e-04  1.30462776e-04 -9.75209949e-05
 -3.10437264e-04  8.12512568e-05 -1.07770765e-04 -1.87836626e-04
 -1.63859418e-04  1.96168559e-04 -3.97364482e-05 -1.29337571e-04
 -5.81914070e-05 -1.87368480e-04 -3.66012082e-04 -7.93042745e-05
  5.83599617e-04 -2.27199765e-04 -2.79944485e-04 -7.84115151e-05
  6.09758898e-05  2.09442147e-04  4.68425221e-04  1.29728762e-04
 -7.18119188e-05  4.51691049e-04  1.60067879e-04  2.06495270e-04
 -4.86592466e-04  3.10875051e-04  6.74188185e-04  2.44148653e-04
  3.52654343e-04  2.96836593e-04 -9.73815072e-05  7.47266251e-05
 -1.27878246e-04 -3.26350954e-04  4.42611710e-04  2.98792830e-04
 -4.48072678e-05  1.00717155e-04  7.76382880e-05 -3.49229299e-04
 -1.10054767e-04  1.17492310e-04 -3.78290769e-04 -4.59650561e-04
 -6.56515027e-05  5.62162538e-04 -9.61787470e-04 -3.22840267e-04
  6.06799045e-04  2.14951191e-04  2.64473515e-04  7.44348446e-05
 -2.48979285e-04 -6.08485924e-04  3.01211124e-04  6.35314427e-05
 -2.76122306e-04 -1.37865815e-04  1.04348322e-03  1.15528291e-03
  3.01764202e-04 -1.03306289e-05 -5.71472293e-04  2.69370152e-04
  8.45079454e-04  1.91751436e-04 -7.08175689e-04  4.35578159e-04
  6.29897008e-04 -1.89630645e-04  1.11772416e-04 -4.76256136e-05
 -5.69420633e-05 -1.26557205e-04  6.13690609e-04 -2.16841796e-04
 -1.13250591e-03 -6.38529408e-04  4.23889552e-04  3.69314801e-04
 -6.24857489e-05 -1.75508831e-04 -2.55848292e-04 -2.17563878e-04
 -1.78542487e-04 -8.74669388e-04 -5.94425449e-04  9.01551953e-06
  5.25860888e-04  4.69312701e-05  1.77612761e-04  4.02276499e-04
  2.53701443e-04  1.66264316e-04 -5.98272961e-05 -3.67223551e-04
  4.30153444e-04  7.40466886e-04  2.52388593e-04  5.98345078e-04
 -3.24372326e-04 -9.98982747e-05  3.87505910e-04  3.83096710e-04
  3.96650713e-04  2.33456725e-06 -1.07813763e-04 -4.67790560e-05
 -5.09198370e-04 -5.09988060e-04  4.38280001e-04  4.76558531e-04
  1.32800955e-04 -6.17617734e-04 -6.37296869e-04 -5.73601399e-04
  1.49162238e-04 -2.49428858e-04 -5.30167045e-04 -1.74585921e-04
 -2.33666303e-04  6.73905543e-04 -1.73865478e-04 -6.91359399e-04
 -7.11854400e-04  3.62117866e-05  2.15465303e-07 -4.52367576e-04
  3.56240043e-04  2.44159821e-04  7.26699174e-05  4.45412360e-04
  5.32851105e-04 -2.64171258e-04 -2.79961470e-04  6.74389275e-04
  4.01808968e-04 -1.19262090e-04 -3.26904183e-04  2.67337130e-04
 -4.22877776e-05  3.13067882e-04  7.35566632e-04 -3.87203224e-05
 -5.85386513e-04 -1.80628891e-04  6.40125096e-05 -3.88088184e-04
 -1.63498257e-04 -9.45094291e-05  1.67624142e-04 -1.25639106e-04
 -7.18636654e-05 -2.67913656e-04 -4.43700271e-04 -3.35508154e-04
 -4.45248583e-04 -1.40561144e-04  2.16430127e-05 -7.44560622e-04
 -4.11051737e-04  2.18018558e-04  3.99538764e-04 -3.02411664e-04
 -5.46222397e-05  3.24640418e-04 -1.50144533e-04  8.15895166e-06
  1.31685038e-05 -5.36207229e-05 -2.97197391e-04  3.15949071e-05
  8.87127463e-04  3.56351419e-04  1.38411945e-04  2.42352319e-04
 -3.80532674e-04 -8.08197628e-05  2.49262921e-04 -1.55501792e-04
 -3.19029082e-05  2.07953363e-04  3.38231837e-04 -1.51544702e-04
 -2.41283634e-04 -1.94240803e-04  6.24809534e-05 -3.37665013e-04
 -1.79402045e-04 -1.41882854e-04 -2.68531203e-04 -1.03983754e-04
  1.22857617e-05 -1.86719834e-04 -2.80555259e-04  1.41071771e-04
 -2.29186743e-04 -5.28754961e-05 -6.79933831e-05 -1.43441557e-04
 -2.10413324e-04  4.17235496e-05  2.36022126e-04  2.85403329e-05
  2.82286549e-04 -5.75894408e-06  4.09658543e-05 -8.75613437e-05
  7.28877767e-05  1.81690171e-04  1.33305309e-05  1.27705247e-04
  1.17212305e-04  1.77591270e-04  6.97427460e-07  1.39775365e-04
 -2.34231373e-05 -2.08357212e-04  1.11135558e-04  7.05008621e-05
 -2.07001413e-05 -9.19327479e-05 -1.04538567e-04 -1.08973065e-05
  4.94272727e-05 -9.11985573e-05 -7.79619849e-05 -1.36624013e-04
 -1.37577139e-04 -9.80069039e-05 -1.34151684e-04 -3.02071351e-06
 -8.89341254e-05  6.78400882e-05  1.58563302e-04  5.87576279e-05
 -3.07843204e-05 -1.08140721e-04 -6.49742954e-05  5.48597890e-05
  1.06392212e-04  9.62507286e-05 -1.43789577e-05  5.45242550e-05
  1.63477642e-04  1.82751345e-04 -1.47645585e-05 -7.65920462e-05
  1.98476202e-04  1.11256768e-04 -3.36791610e-06  2.06110405e-05
  3.15449400e-05  5.93913697e-05 -1.62421776e-05  1.47879896e-04
  1.30302197e-04 -1.03458490e-04 -1.22806775e-04  4.00653268e-05
  6.72168800e-05 -2.21870437e-04 -2.86593513e-05  3.14125100e-05
 -1.19695489e-05  2.91553416e-05  4.54856865e-05  8.09025745e-06
 -1.58082555e-04  6.32038639e-05  2.88212440e-05  2.04035514e-05
 -2.05534991e-05  1.09340890e-04  6.31950139e-05 -1.68898183e-05
  6.66025394e-05  8.98762025e-05  5.21573306e-05  1.61961796e-05
  1.78297195e-04 -5.06732573e-05  2.87021028e-05  5.78278138e-05
  3.77680267e-05  1.05997489e-04  1.38984873e-05  2.36740347e-05
  5.10434596e-05  6.13223573e-05 -3.79458689e-05 -7.62410665e-06
  1.79977702e-05 -2.66350151e-05  3.19375668e-05  2.34035373e-05
  7.95399354e-06 -4.46698317e-05 -4.80246760e-05  4.32924253e-05
  6.41288740e-07 -3.60602481e-05  5.41332735e-05  1.87601737e-05
 -4.21694905e-05  3.60561303e-05  9.48331050e-05 -1.81853496e-05
 -2.14082129e-05  5.61992467e-05  7.78079936e-05  2.50855093e-05
  1.68875543e-05  3.80137015e-05  8.33937593e-06  8.99152445e-05
  6.19756152e-05 -3.16685400e-05  2.63800697e-05  3.21552659e-05
 -1.15436416e-06  1.63991730e-05 -1.47740544e-05  2.11293950e-05
  1.51929152e-05  6.73662272e-06  2.49289975e-05  3.85968579e-06
 -5.66546746e-05  1.49353488e-05 -3.26290675e-06  3.24870973e-06
 -1.14970337e-06 -7.54272772e-06 -5.70928995e-06  8.09787374e-06
 -1.37526549e-05 -5.55411004e-05  3.83328568e-05  4.00134120e-05
 -5.35895540e-06  3.48742013e-05 -9.30889307e-06  4.64623196e-05
 -9.36994015e-06  2.84812872e-06  2.75568285e-05  5.41213459e-05
  5.56253618e-05  5.69124371e-07  1.93597677e-05  1.58095612e-05
  2.21350798e-05 -2.18260606e-05  2.44317574e-05 -1.51483845e-05
 -1.73493896e-05  1.92905988e-05  2.93759461e-05 -5.42629345e-06
 -4.58908367e-05  2.89473596e-05 -8.84821975e-06 -2.40418354e-05
 -1.29526984e-05 -1.44080210e-05 -6.33599324e-05 -2.76395973e-06
  5.24056115e-06 -4.09458100e-05 -1.22245594e-05  1.23134455e-05
  2.84196163e-05 -2.71016423e-05 -3.64263734e-06 -1.20508097e-05
 -6.73154600e-06  1.42091235e-05  7.20840564e-06 -1.79901109e-05
  1.25455946e-05  4.45141525e-05  2.31356538e-05 -2.05689777e-05
  3.71819085e-06  3.21448880e-05 -2.19413974e-06  1.14959238e-05
 -3.31258748e-06 -1.11572156e-05  6.42796353e-06 -5.86463621e-06
  2.87701717e-06 -1.62497276e-05  1.55676261e-05 -3.62847040e-05
 -2.65072707e-05  1.70506661e-05 -5.03399190e-05 -5.03043142e-05
  7.79231214e-07  1.78843899e-05 -4.00065677e-05 -2.79827450e-05
  1.01253545e-06 -8.08414933e-06 -4.54308607e-05 -2.26370015e-05
  1.37624058e-06 -4.71296320e-05 -6.48974313e-06  6.35140785e-06
 -1.25673685e-05 -4.94790853e-06  3.16488141e-05 -5.46238822e-06
 -3.12386190e-05  1.05282514e-05  1.21500959e-05 -9.88161133e-06
 -2.76446452e-06  1.61093384e-05 -3.72589307e-06 -4.62836580e-06
 -5.32999179e-06 -1.23756093e-05 -8.92146373e-06 -5.56675243e-06
  1.12673289e-06 -8.84293492e-06 -6.26202445e-06  5.87701310e-06
 -2.01700358e-05  3.33376357e-06 -1.38228716e-06 -3.61935583e-05
 -4.50094915e-05 -4.25957801e-06 -8.68674223e-06 -3.46641641e-05
 -2.32880623e-05 -1.30575275e-05 -2.54967343e-05 -6.64025412e-06
 -7.47449383e-06 -7.05469911e-06 -1.00844199e-05 -2.08081270e-05
  8.65011442e-06 -2.48126312e-05 -1.73135903e-05  9.38463090e-06
 -5.12212755e-06  2.34672833e-06  1.44813968e-06 -1.42406279e-05
 -7.18290331e-06 -5.82290293e-07 -3.38536065e-07  1.20838632e-05
 -1.68530568e-05 -8.46634951e-06 -1.62621970e-06 -2.30544493e-06
  1.48429624e-06 -7.96255929e-06 -6.39791184e-06 -7.15199238e-06
 -5.36615004e-06 -1.72257835e-05 -9.63265958e-06 -6.78053591e-07
 -1.27284520e-05 -2.34371170e-08 -1.38081715e-05  1.67203766e-06
  4.08509670e-06 -1.02106364e-05 -1.17507328e-05 -1.51406757e-05
 -7.98946087e-06 -8.21581768e-06 -6.42156206e-06 -8.56676678e-06
  2.23694953e-05 -2.07198143e-06 -1.47720695e-05 -1.16734850e-06
  3.03687750e-06  1.32488071e-06  1.67372009e-06  1.81089469e-05
 -9.80136357e-06 -3.44674792e-05 -8.69197451e-06  2.65126025e-05
  2.09728607e-06 -1.49402369e-05  5.33647877e-06  4.97458903e-06
 -3.09748795e-06 -6.64441273e-06  1.26484209e-05 -1.74503530e-05
  8.36093739e-06  2.71692685e-05  4.35136560e-06 -1.73951960e-05
 -1.25472171e-05  1.95058786e-05  4.43498582e-06 -9.55374257e-06
  7.17254258e-06 -4.38874177e-06  4.75549011e-06  2.33867919e-05
  1.19569509e-05 -8.05384350e-06 -1.58257908e-05  1.08560389e-05
  3.60075280e-05  1.15520321e-05 -2.86416804e-06 -1.88175347e-05
  2.07744228e-06  9.21922020e-06 -8.55702265e-06  1.15059972e-05
  1.57842229e-05  1.35541893e-05 -6.16388021e-06  9.34176682e-07
 -4.89298102e-06 -1.17447425e-05  2.70179834e-07  2.47201715e-05
 -4.28635226e-07 -9.55548190e-06  7.30935576e-06 -2.91224272e-07
 -3.59359378e-06  1.26840656e-06  1.53622004e-05 -5.44907921e-06
 -3.44904164e-06  1.49870277e-05  1.53138382e-06  1.66543365e-06
  6.70814630e-06  5.32815261e-06 -2.43984185e-06  2.89382036e-05
  2.81414679e-05  1.04019662e-05 -1.28345908e-05 -8.19220895e-06
  1.20555031e-05  1.44745839e-05  3.05498021e-05  1.40095186e-05
 -9.37343569e-07  1.89197892e-05 -1.58826609e-06 -4.49178962e-06
 -5.42992680e-06  8.84739453e-06  6.67116577e-06  4.97725200e-06
 -5.58247188e-07 -1.58047126e-05 -1.04353629e-05  1.28330149e-05
  9.68952604e-06 -9.73585811e-06 -1.36490669e-07  5.47103321e-06
 -8.77553145e-06 -1.60835150e-05  1.67331638e-06 -1.16924563e-05
  2.75797876e-06  2.07680784e-05  1.34794906e-05 -6.05997755e-07
 -6.72867181e-06 -1.11828805e-06 -1.60254466e-06 -1.01585078e-05
  1.01392755e-05  2.27908994e-05  2.36034291e-05  9.29904294e-06
 -3.30900536e-06 -8.10862616e-06  6.13005319e-06  7.99666311e-06
  8.49182965e-06  8.74279900e-06  5.26424280e-07 -1.27519153e-06
  1.32346122e-06 -6.05154301e-06 -1.81869155e-05  3.57315779e-06
  1.94160888e-05  6.73473397e-06 -1.82252425e-05 -2.07164759e-05
 -8.81283752e-06 -1.57819825e-05 -5.83330289e-06 -7.85169940e-06
 -1.59100777e-06 -7.67332578e-06  1.00469498e-05 -8.88959337e-06
 -3.13473109e-05 -1.67815600e-05 -1.23777211e-05  1.80619982e-05
 -2.54093764e-06 -8.00376342e-06  1.12091528e-06 -4.16496001e-08
 -7.25304329e-06 -6.37897759e-06 -1.78240755e-06  7.52370223e-06
  4.31130404e-06  4.22087683e-06  2.84762870e-07 -1.55527855e-05
 -6.86627947e-06  8.98430459e-06  6.87741794e-06 -1.65732451e-06
 -2.33551282e-06  1.14995082e-06 -1.93603398e-05 -1.78130127e-05
 -1.98946192e-05 -9.99107204e-07  1.29938998e-06 -5.15506203e-06
 -1.08845868e-05 -1.49971697e-05 -1.41632556e-05 -1.73200713e-05
 -1.75924517e-05 -2.23676979e-05 -4.76883820e-06 -5.88390181e-06
 -5.20582786e-06 -1.57192354e-05 -2.77101763e-05 -3.48932436e-07
 -1.15972179e-06 -7.73021645e-06 -1.63376517e-06 -3.21297175e-06
 -1.60678937e-05 -3.78962866e-06  5.53729217e-06  4.43088369e-07
 -1.23954752e-05 -5.26126886e-06  2.24588723e-05 -1.36322452e-05
 -1.20639753e-05 -1.29172274e-05 -1.12478699e-05 -1.37675409e-05
  1.30080800e-06  1.19844171e-05  1.50839164e-06 -4.21386382e-06
 -8.56829591e-06 -2.13591341e-05 -1.28482510e-05 -5.26152338e-06
 -2.45701738e-07 -1.69414559e-05 -1.13543404e-05 -1.09481331e-05
 -1.31838006e-05 -1.55354060e-05 -7.10718937e-06 -9.07570955e-06
  3.55771172e-06 -3.82482411e-06 -1.25359930e-05 -1.03000810e-05
 -1.34463908e-05 -9.52083502e-06 -3.28670933e-06  1.53048769e-05
 -1.40537071e-05 -1.96012998e-05  1.77427852e-05  1.38404651e-05
 -1.43016224e-05 -2.97225182e-05  8.96373214e-06  1.50180221e-05
  8.34814009e-06  1.45681764e-05  1.73788911e-07 -2.50850672e-05
 -8.03766354e-06  2.14474822e-05 -4.31729933e-06 -1.14037143e-05
  2.00686522e-06  3.08324744e-06 -4.47043500e-07 -2.87299083e-06
 -4.54961596e-06 -3.24546304e-06  6.92196916e-06  1.92222421e-05
 -9.02107502e-06 -1.97875343e-05  1.68955977e-06 -7.77717271e-06
  5.28175090e-06  1.48081745e-05 -2.01377341e-05 -1.75347873e-06
  1.45614995e-05  3.41555865e-05 -9.85015053e-06 -3.65466875e-06
  1.72964923e-05  4.55261474e-06 -4.86735110e-06  2.69322709e-05
  1.67102296e-05 -1.12493963e-05  8.02178202e-06  1.37526738e-05
  8.40546111e-07 -7.85779175e-06  1.80034564e-05  7.20225567e-06
  5.68862071e-06  1.38727152e-06  5.34539751e-06  1.61576444e-05
  4.79056917e-06  3.50150656e-05 -6.07567808e-06  2.55296374e-06
  1.08620024e-05 -1.04142856e-05  1.58016084e-07  1.43679164e-05
  9.54185952e-06  1.28763084e-05  2.21981651e-05 -4.41656685e-06
  3.21463556e-05  3.68772073e-05  2.02921691e-05  1.37153400e-05
 -1.23064485e-05  3.01311499e-05  2.21925571e-05  3.16132605e-07
  1.96722207e-05  1.52013225e-05  7.43722129e-06  3.98065828e-05
  1.49862460e-05 -7.56506842e-07  2.67569049e-05  8.48139328e-06
  1.69189992e-05 -5.45176555e-06  1.96850676e-06  9.44390016e-06
  1.07636301e-05  2.58816304e-05  3.27789442e-05 -7.02465696e-06
 -1.91033475e-05  4.61011344e-05  1.70996302e-05 -1.16017836e-05
 -7.25463151e-06  2.31780907e-05  3.37014880e-05  6.52174182e-06
  7.12279462e-06  6.08412102e-05  2.22888319e-05 -1.84718719e-05
  3.22243681e-05  3.58004836e-06  2.50252130e-05  2.19077008e-05
  4.71863720e-05  3.61971972e-05  1.07903142e-05  4.15878080e-05
  4.06403445e-05  2.46739929e-05  2.20232341e-05  3.91745079e-05
  7.54592165e-06  8.49111027e-06  1.47756324e-05 -5.92563990e-06
  1.04885931e-05  2.98681901e-05  3.50710428e-05 -2.13682548e-05
  1.28068600e-06  2.09373496e-05  1.33863085e-05  3.66368743e-06
 -1.12527400e-05 -1.18809889e-05  1.02365439e-05  5.04821154e-05
 -2.20740905e-05 -1.44718197e-05  3.72625480e-06  1.56229416e-05
  5.95053007e-06  8.03158544e-06  2.53506120e-05  2.27334369e-05
  4.43461970e-05  4.52782634e-05  1.17132596e-05 -2.30251974e-05
  5.88632060e-05  4.77267432e-05 -5.91702545e-06  4.91508605e-05
  3.80004773e-05 -3.83852838e-06  2.65826545e-05  3.80038858e-05
  3.36771732e-06 -2.71526931e-06  3.53875688e-05  3.19719221e-05
 -3.54133718e-05 -1.99356674e-05  1.49337621e-06 -1.00235799e-05
  2.60148071e-05 -5.46118217e-06 -4.07557170e-05 -5.62444983e-06
  3.02414425e-05 -4.00686058e-05 -8.53435033e-05  8.13182078e-06
  1.15414618e-05 -2.06511508e-05 -5.23464537e-06  3.72710790e-05
 -1.01162572e-05 -1.97904733e-05  2.39245638e-05 -1.15725532e-05
 -4.78112981e-06  3.47313529e-05  2.76293184e-05 -5.02648845e-05
  5.43815121e-05  3.67757231e-05 -9.11826742e-06  2.00222717e-05
  4.33021759e-05  1.30169777e-05 -4.18806114e-05  4.53490601e-05
 -7.57631389e-06 -4.36618183e-05 -2.82958001e-05  6.90055611e-06
  1.87458089e-05 -4.06134974e-05 -1.96963076e-05 -5.24596523e-05
  7.63637022e-06 -6.27529088e-05 -3.97980846e-05 -7.78676563e-05
 -8.08816318e-06 -1.68853160e-05 -9.40412763e-05 -2.80313659e-06
 -8.78704295e-05 -5.64450159e-05  2.79433896e-05  5.42769410e-06
 -8.65788512e-05  1.19334136e-06  1.30812996e-05 -5.59081386e-05
  6.85960896e-06 -4.28065208e-06  5.07896051e-05 -5.96293772e-05
  4.86662256e-05  3.67621730e-05 -2.79555971e-05 -6.56644107e-05
  4.69610640e-05 -1.09447422e-05 -6.73792172e-05  5.32990110e-05
 -6.29214614e-05 -7.48285359e-05 -6.96803874e-05 -1.73301124e-06
 -7.29727994e-05 -2.97766951e-05 -4.41744813e-05 -3.55257767e-05
 -1.34863293e-04 -7.88274112e-05 -2.79418372e-05 -9.89831003e-05
 -4.85551395e-05 -1.51837361e-04  7.63736628e-06  4.34785749e-05
 -1.16610530e-04 -9.56849709e-05  2.30100818e-06 -2.65406712e-05
 -7.32057724e-05  6.45918124e-05 -3.47195395e-06  3.33791984e-05
 -1.04772043e-04  2.18110238e-05  8.52085553e-05 -1.01366981e-04
  8.65746526e-05  7.32734764e-05 -6.30064141e-05 -3.97945186e-05
  5.95336275e-06 -7.53823716e-05 -9.73115436e-05  5.75618527e-05
 -9.30430885e-05 -9.08454560e-05 -6.81951149e-05  1.10408012e-05
 -1.51997540e-04 -1.40386219e-04 -5.46500208e-05 -9.85744912e-06
  2.08871823e-05 -1.20089368e-04 -1.06075304e-04 -2.24813217e-04]
