Frame: 7
temp_s_est shape: (1024,)
temp_s_est dtype: float64
temp_s_est:
[-6.33717236e-05  2.74242347e-05 -1.07228940e-04 -3.89211064e-05
 -1.97904714e-04 -1.70954876e-04 -8.73974568e-05 -1.13994013e-06
 -6.48463184e-06 -1.33591771e-04 -1.43128735e-04 -1.20128981e-04
  7.86463564e-05 -1.32675337e-04 -3.06708178e-04 -1.80201505e-04
 -2.69610928e-05  9.71575385e-05 -1.48473516e-04 -1.69230388e-04
 -4.52488723e-05 -2.14782344e-04 -4.55605344e-05 -1.87478616e-04
 -1.83582467e-04 -2.59481108e-04  1.00480972e-05 -1.37214228e-04
 -3.85822316e-05 -7.27727667e-05 -2.09650543e-04 -2.04311999e-04
 -1.92262072e-04 -1.08240366e-04 -2.25043981e-04 -1.17063085e-04
 -6.70613357e-05 -1.57291829e-04 -2.48979271e-06 -9.03012343e-05
 -9.96001451e-05 -2.25371768e-04 -1.68887174e-04 -1.51051437e-04
 -1.16668161e-04 -1.17126678e-04 -1.45328719e-04 -2.28406798e-04
 -2.54265514e-04 -1.48921796e-04 -2.96863065e-04 -1.72403628e-04
 -1.66399464e-04 -2.18885812e-04 -2.88146361e-04 -2.07756724e-04
 -1.28282701e-04 -2.12666722e-04 -2.03248657e-04 -2.35040214e-04
 -2.80366560e-04 -1.39114778e-04 -3.83628018e-04 -8.51287056e-05
 -2.74589274e-04  4.43291634e-06 -1.03377949e-04 -2.29735543e-04
 -1.25188488e-04 -1.00828647e-04 -4.57886205e-05 -2.11879492e-04
 -1.51215084e-04 -2.21351030e-04 -1.58733906e-04 -6.18697976e-05
 -2.96380626e-04 -2.47531248e-04 -2.15755316e-04 -1.37567027e-04
 -1.80493567e-04 -2.38031999e-04 -9.75766347e-05 -3.29086855e-04
  3.50028686e-06 -1.34388706e-04 -1.36529767e-04 -1.20940446e-04
 -1.53444668e-04 -2.49677401e-04 -1.64629437e-04 -1.44012171e-04
 -1.81935778e-04 -2.90790410e-04 -3.03985446e-04 -3.48604710e-04
 -1.93538411e-04 -2.29227406e-04 -2.41417056e-04 -3.73193337e-04
 -1.21105377e-04 -1.93639228e-04 -6.44279294e-05 -3.49062636e-04
 -3.06075718e-04 -2.82418201e-04 -3.00947107e-04  1.39889182e-05
 -4.23636042e-04 -2.32532945e-04 -3.28053247e-04 -2.37697068e-04
 -1.54460998e-04 -3.89377334e-04 -2.81644467e-04 -3.34599761e-04
 -3.66721557e-04 -1.63329418e-04 -3.20576810e-04 -2.49811587e-04
 -3.76792864e-04 -2.02163834e-04 -3.04811654e-04 -3.20577910e-04
 -5.30191343e-04 -3.76124688e-04 -3.49766925e-04 -2.01148812e-04
 -3.56690456e-04 -2.13802205e-04 -3.83571407e-04 -3.61413270e-04
 -2.68078375e-04 -4.35048661e-04 -4.15392394e-04 -3.33348293e-04
 -3.90897389e-04 -1.22726096e-04 -4.32201372e-04 -1.61527343e-04
 -2.05336417e-04 -4.06124737e-04 -3.40137105e-04 -4.90770913e-04
 -1.83560332e-04 -3.72649758e-04 -2.78703320e-04 -4.22044574e-04
 -2.26173829e-04 -2.29026127e-04 -1.04923756e-04 -4.15266374e-04
 -3.21360358e-04 -4.80927513e-04 -3.59911242e-04 -5.86771513e-04
 -5.05299507e-04 -4.02604131e-04 -3.54248215e-04 -3.66974015e-04
 -6.53000234e-04 -6.06294064e-04 -4.88138236e-04 -3.70614334e-04
 -5.69184782e-04 -3.50155484e-04 -5.64149605e-04 -5.41800724e-05
 -2.69891058e-04 -1.60560651e-04 -6.43804309e-04 -5.06533196e-04
 -3.31579402e-04 -4.81721183e-04 -5.90131901e-04 -4.79783338e-04
 -5.25732673e-04 -4.54968154e-04 -3.73020101e-04 -4.25369083e-04
 -6.83454795e-04 -5.70868864e-04 -6.65366045e-04 -8.97025437e-04
 -5.66060878e-04 -5.39007106e-04 -5.42858740e-04 -7.44628641e-04
 -8.03179149e-04 -4.38402255e-04 -7.09173872e-04 -5.97818041e-04
 -6.51125126e-04 -5.05942171e-04 -4.06141917e-04 -7.53840002e-04
 -5.30464432e-04 -7.31547443e-04 -5.34699641e-04 -4.54387305e-04
 -7.84987033e-04 -5.77585673e-04 -7.30308279e-04 -5.88431950e-04
 -5.28341679e-04 -6.43820612e-04 -7.57207110e-04 -7.84354595e-04
 -3.66620204e-04 -4.88860410e-04 -5.78225501e-04 -6.00974071e-04
 -6.57246001e-04 -7.47526963e-04 -3.43957840e-04 -6.25590844e-04
 -4.24925913e-04 -9.81065466e-04 -4.88200473e-04 -5.23688821e-04
 -7.16917377e-04 -3.84737472e-04 -9.84774457e-04 -8.23010251e-04
 -7.58144815e-04 -8.12715286e-04 -5.58678579e-04 -1.04763777e-03
 -9.48746425e-04 -9.33231528e-04 -6.27602664e-04 -5.43365318e-04
 -9.54486181e-04 -9.64633007e-04 -1.02485714e-03 -6.27818602e-04
 -8.04539530e-04 -6.88740090e-04 -1.05847169e-03 -9.86187731e-04
 -6.78540918e-04 -5.11950934e-04 -8.29155219e-04 -7.07259835e-04
 -9.50592690e-04 -1.05994962e-03 -6.64203676e-04 -8.98398272e-04
 -6.60845152e-04 -1.20745797e-03 -1.15077647e-03 -8.34682595e-04
 -9.96940178e-04 -9.72550222e-04 -1.12153714e-03 -1.02316791e-03
 -8.62057556e-04 -1.03631942e-03 -1.07511589e-03 -9.23612785e-04
 -9.67320522e-04 -1.03185146e-03 -9.55191201e-04 -1.00925032e-03
 -1.02743823e-03 -1.37860010e-03 -1.57779801e-03 -1.03178140e-03
 -1.00356718e-03 -1.05090542e-03 -1.10949356e-03 -1.16964692e-03
 -1.03048535e-03 -8.50872992e-04 -9.49260139e-04 -1.26702933e-03
 -6.28706179e-04 -1.32735424e-03 -5.91603998e-04 -8.89590885e-04
 -8.50779430e-04 -1.16301997e-03 -1.18005929e-03 -7.51722421e-04
 -1.32929188e-03 -1.39022679e-03 -1.17056642e-03 -9.28351042e-04
 -9.15146454e-04 -1.38968852e-03 -1.09968233e-03 -1.19387978e-03
 -1.09651703e-03 -7.97629641e-04 -1.70051461e-03 -8.01154132e-04
 -1.43527096e-03 -6.92259063e-04 -1.16348364e-03 -8.42721146e-04
 -1.50367349e-03 -1.14106555e-03 -1.25652549e-03 -6.29176777e-04
 -1.56356355e-03 -1.20136055e-03 -1.37119304e-03 -1.48830213e-03
 -8.39644737e-04 -1.28872492e-03 -1.28624937e-03 -1.48075025e-03
 -1.54215229e-03 -1.39670522e-03 -1.42901878e-03 -1.31613476e-03
 -1.52542187e-03 -1.54922229e-03 -8.34867142e-04 -1.35818524e-03
 -5.74468304e-04 -1.71603081e-03 -1.20762872e-03 -1.64738201e-03
 -1.64129206e-03 -1.36718557e-03 -1.12015658e-03 -1.06235133e-03
 -1.54626681e-03 -1.66652440e-03 -1.19613898e-03 -1.40268231e-03
 -1.37175196e-03 -2.09422508e-03 -1.72751658e-03 -1.30982513e-03
 -1.34494803e-03 -1.86016626e-03 -1.45467078e-03 -1.45910192e-03
 -1.18218565e-03 -1.04676197e-03 -1.31096972e-03 -1.80033587e-03
 -1.89976599e-03 -1.18545017e-03 -1.12381018e-03 -1.06194159e-03
 -1.21900293e-03 -1.59778544e-03 -1.14312622e-03 -1.74571643e-03
 -1.44893166e-03 -1.34056692e-03 -1.84341245e-03 -1.06177074e-03
 -1.74575346e-03 -8.32570388e-04 -1.99109465e-03 -1.24234388e-03
 -1.76535355e-03 -1.94970923e-03 -1.51336788e-03 -1.52113689e-03
 -1.85439794e-03 -1.88587451e-03 -1.44647484e-03 -1.33106048e-03
 -1.54802053e-03 -1.42849880e-03 -1.66298338e-03 -1.21714059e-03
 -1.62373576e-03 -1.77389503e-03 -2.09844954e-03 -1.70032802e-03
 -1.55850844e-03 -1.15130421e-03 -1.60099686e-03 -2.30958630e-03
 -1.58961248e-03 -1.55275046e-03 -9.18747183e-04 -1.84719503e-03
 -1.45369244e-03 -1.74390151e-03 -1.54333310e-03 -1.01542292e-03
 -2.03752378e-03 -1.89224318e-03 -2.09862443e-03 -1.65029863e-03
 -1.08394708e-03 -1.86822767e-03 -2.21394878e-03 -2.10183677e-03
 -1.48525141e-03 -1.42542465e-03 -1.67142190e-03 -2.02381268e-03
 -2.35021240e-03 -1.75378918e-03 -1.81451825e-03 -8.94710067e-04
 -1.66196517e-03 -1.93207629e-03 -2.12315978e-03 -1.64207464e-03
 -1.90827072e-03 -1.49167904e-03 -1.83794499e-03 -2.28743328e-03
 -1.05865489e-03 -1.68729426e-03 -1.40682199e-03 -2.14487814e-03
 -1.87897423e-03 -1.68562272e-03 -2.34218360e-03 -1.22997113e-03
 -1.78576484e-03 -1.85403058e-03 -1.91689862e-03 -1.65647123e-03
 -1.50363795e-03 -1.74955676e-03 -1.93132306e-03 -1.68755304e-03
 -1.45317377e-03 -1.45786561e-03 -2.38725162e-03 -1.25769851e-03
 -1.46884527e-03 -8.87068243e-04 -2.17866040e-03 -1.75160349e-03
 -2.83503634e-03 -1.84046031e-03 -2.20600770e-03 -1.20166699e-03
 -2.25153799e-03 -2.58402491e-03 -1.92697128e-03 -2.66269005e-03
 -1.34970079e-03 -2.94169693e-03 -2.06469188e-03 -2.84768318e-03
 -1.97409137e-03 -1.17548968e-03 -1.65996838e-03 -2.15161546e-03
 -2.09042328e-03 -2.04829420e-03 -1.51680853e-03 -2.39657176e-03
 -1.74271992e-03 -3.24952631e-03 -1.98824390e-03 -1.79564923e-03
 -1.38691555e-03 -1.88281019e-03 -2.69213750e-03 -2.35321507e-03
 -1.84082942e-03 -1.96541417e-03 -2.30637794e-03 -2.19803051e-03
 -2.09439959e-03 -1.76483285e-03 -1.76284191e-03 -1.15757511e-03
 -2.69809311e-03 -2.74113390e-03 -1.64931582e-03 -2.04501009e-03
 -1.79321383e-03 -2.18728072e-03 -2.22929196e-03 -1.45903183e-03
 -1.72991004e-03 -1.39189058e-03 -2.54290912e-03 -2.45059152e-03
 -2.99222025e-03 -2.28934630e-03 -1.52338372e-03 -1.98777656e-03
 -2.00674259e-03 -1.97644535e-03 -2.11478261e-03 -1.80467829e-03
 -2.04596155e-03 -2.56381894e-03 -2.23134124e-03 -1.72540475e-03
 -1.80095381e-03 -1.60732151e-03 -1.17661137e-03 -1.87127086e-03
 -1.93869782e-03 -1.91577744e-03 -2.11808719e-03 -1.87059669e-03
 -2.04598133e-03 -2.31845599e-03 -1.53233382e-03 -1.47716130e-03
 -1.54586435e-03 -1.84753448e-03 -2.04425029e-03 -1.77955094e-03
 -1.97132850e-03 -2.32326892e-03 -1.90618865e-03 -2.21361404e-03
 -1.85452001e-03 -1.96270105e-03 -1.60723376e-03 -2.72545711e-03
 -1.93281433e-03 -1.80213643e-03 -2.25495921e-03 -2.41183998e-03
 -2.25160942e-03 -2.10277478e-03 -1.49342916e-03 -1.95775593e-03
 -2.53812748e-03 -2.26646526e-03 -2.48204986e-03 -1.64865572e-03
 -2.34543092e-03 -1.17076730e-03 -2.74923617e-03 -1.63726648e-03
 -2.03553192e-03 -1.47568533e-03 -1.81945408e-03 -1.68255757e-03
 -2.35514909e-03 -2.54554722e-03 -1.51848602e-03 -1.43875621e-03
 -1.72899870e-03 -1.66674935e-03 -2.18105717e-03 -2.10099768e-03
 -1.59599204e-03 -2.11919086e-03 -1.86365060e-03 -2.57876523e-03
 -2.17018166e-03 -1.16092042e-03 -1.39511329e-03 -2.01689023e-03
 -1.87776582e-03 -1.97767033e-03 -1.28071127e-03 -1.98539886e-03
 -1.70277612e-03 -1.44554160e-03 -2.12846602e-03 -1.19392463e-03
 -2.31074134e-03 -1.14935031e-03 -2.28124698e-03 -2.15943267e-03
 -2.35639890e-03 -1.91077438e-03 -2.03595678e-03 -2.17570497e-03
 -1.59059030e-03 -1.55441585e-03 -1.73568027e-03 -1.71447733e-03
 -2.31040510e-03 -2.39945132e-03 -1.26084803e-03 -1.94374236e-03
 -1.11044686e-03 -1.91881673e-03 -1.57914184e-03 -1.35878037e-03
 -1.32596959e-03 -1.84039408e-03 -2.02418791e-03 -2.17041072e-03
 -1.41546497e-03 -1.55953641e-03 -1.34798761e-03 -1.77209129e-03
 -1.42416603e-03 -1.56597749e-03 -1.78829108e-03 -2.01377320e-03
 -2.71900113e-03 -1.66583906e-03 -1.98077990e-03 -1.80517992e-03
 -1.37731786e-03 -1.52389393e-03 -1.50670767e-03 -1.67475411e-03
 -1.99277082e-03 -1.13481944e-03 -1.90340860e-03 -1.55271624e-03
 -2.02156635e-03 -1.67801004e-03 -1.33544202e-03 -1.42448425e-03
 -1.67739947e-03 -2.05508853e-03 -2.32586215e-03 -1.50403200e-03
 -1.37429249e-03 -1.86140666e-03 -1.79301852e-03 -1.41039566e-03
 -1.36657876e-03 -1.83124747e-03 -1.31013909e-03 -1.99445561e-03
 -1.89756144e-03 -1.61717672e-03 -1.36955123e-03 -1.23264078e-03
 -1.45321675e-03 -1.11601759e-03 -1.34062676e-03 -1.26591425e-03
 -1.35842465e-03 -1.96703924e-03 -1.79540946e-03 -1.83051426e-03
 -1.37053841e-03 -5.53328055e-04 -1.61643166e-03 -1.65890230e-03
 -1.38717925e-03 -1.36516600e-03 -1.34047966e-03 -1.39508496e-03
 -2.13644700e-03 -2.25082998e-03 -1.45354551e-03 -9.14358674e-04
 -1.62310351e-03 -2.21881855e-03 -1.29889425e-03 -1.49534733e-03
 -1.42192772e-03 -1.93097436e-03 -1.81138615e-03 -1.36892983e-03
 -1.49300929e-03 -9.55820709e-04 -2.04419955e-03 -1.40338952e-03
 -1.83072758e-03 -1.40446674e-03 -1.27322645e-03 -1.23209515e-03
 -1.87391040e-03 -1.21413232e-03 -1.30307808e-03 -3.47856020e-04
 -1.48968361e-03 -1.03718995e-03 -1.97388130e-03 -1.60528036e-03
 -1.04503459e-03 -1.09656009e-03 -1.05014500e-03 -1.87295341e-03
 -1.19209680e-03 -8.59275836e-04 -9.38733095e-04 -1.34759371e-03
 -1.43147629e-03 -2.00640170e-03 -7.39732616e-04 -1.02789079e-03
 -7.85729275e-04 -1.76638906e-03 -1.29635603e-03 -7.39791481e-04
 -1.05442867e-03 -7.74517627e-04 -1.30944713e-03 -1.74806660e-03
 -7.33003402e-04 -1.31281328e-03 -4.85780718e-04 -1.18200933e-03
 -1.51765295e-03 -1.04736276e-03 -7.85114738e-04 -5.45962178e-04
 -1.42993683e-03 -7.01693028e-04 -1.07845227e-03 -8.66786021e-04
 -1.07299223e-03 -9.68100510e-04 -8.16530297e-04 -1.47240602e-03
 -6.94612602e-04 -8.09967540e-04 -9.48612038e-04 -7.35201303e-04
 -9.36983576e-04 -6.34167010e-04 -7.49727561e-04 -9.05082017e-04
 -8.60113504e-04 -9.95878376e-04 -1.39655053e-03 -1.12002008e-03
 -8.63134477e-04 -8.97117450e-04 -8.22455599e-04 -1.30500577e-03
 -1.05952536e-03 -1.45174748e-03 -8.41642769e-04 -1.17775894e-03
 -1.28177902e-03 -8.39439020e-04 -7.95835022e-04 -2.98003609e-04
 -1.39674658e-03 -4.99634491e-04 -6.14696081e-04 -9.30530934e-04
 -7.76120162e-04 -1.10142415e-03 -8.93739752e-04 -4.74085350e-04
 -6.54428929e-04 -5.65955743e-04 -1.02674267e-03 -1.02075827e-03
 -7.53522345e-04 -4.63677983e-04 -1.04171097e-03 -1.11122410e-03
 -6.96428418e-04 -7.55605266e-04 -7.52398241e-04 -6.66308921e-04
 -8.08592572e-04 -1.21106198e-03 -4.92579221e-04 -1.01902012e-03
 -7.68907520e-04 -9.32501084e-04 -4.20390768e-04 -7.44773488e-04
 -6.36894529e-04 -3.69393966e-04 -1.10663813e-03 -4.60331072e-04
 -7.54209872e-04 -6.93054218e-04 -2.92320807e-04 -7.53266993e-04
 -4.61602998e-04 -5.23668557e-04 -5.87551042e-04 -4.29091499e-04
 -6.33845694e-04 -3.83528108e-04 -7.80965595e-04 -7.77837212e-04
 -4.75462417e-04 -4.57739728e-04 -4.43073123e-04 -2.84152998e-04
 -5.92381075e-04 -2.92221907e-04 -7.65340052e-04 -4.96303320e-04
 -4.23429593e-04 -6.12201118e-04 -6.35761717e-04 -8.13653451e-04
 -3.31233334e-04 -7.49335319e-04 -6.53706722e-04 -2.62975069e-04
 -6.18231151e-04 -1.26714625e-04 -6.66986326e-04 -4.41031757e-04
 -5.07003727e-04 -5.23589545e-04 -6.61091016e-04 -6.43145096e-04
 -5.63922246e-04 -6.57208084e-04 -5.17806463e-04 -3.80369991e-04
 -7.85538582e-04 -3.57382373e-04 -2.65659370e-04 -4.10826856e-04
 -3.08722153e-04 -3.87999914e-04 -3.86228653e-04 -4.62864479e-04
 -5.22395617e-04 -2.36399791e-04 -2.61508350e-04 -5.06317674e-04
 -4.47678853e-05 -5.42763002e-04 -1.01598999e-04 -4.73763601e-04
 -9.90736293e-05 -6.44792565e-04 -4.01420327e-04 -3.33740546e-04
 -4.26003317e-04 -2.15133530e-04 -4.74206285e-04 -6.67672293e-04
 -1.74400357e-05 -3.58407930e-04 -4.00340863e-04 -3.91991230e-04
 -4.04921849e-04 -3.63455021e-04 -3.90921714e-04 -1.94612987e-04
 -6.77221895e-04 -2.48751551e-04 -3.63989012e-04 -1.62027701e-04
 -2.03038471e-04 -1.47105921e-04 -3.03919556e-04 -1.23533705e-04
 -2.70186002e-04 -3.72270315e-05 -3.88150511e-04 -4.14065478e-04
 -3.40529557e-04 -2.63519175e-04  9.56008477e-05 -3.80567050e-04
 -2.04411363e-04 -3.47889706e-04 -3.47640976e-04 -1.92703970e-04
 -2.34950271e-04 -3.67912994e-04 -3.06675074e-04 -2.58835657e-04
 -1.00431867e-04 -3.16313746e-04 -1.79101820e-04 -3.23640778e-04
 -4.08124665e-04 -1.05949797e-04 -3.76435175e-04 -2.02855778e-04
 -3.54533117e-04 -2.14486378e-04 -2.80128629e-04 -8.96356258e-05
 -2.77508785e-04 -2.56906137e-04 -1.49509983e-04 -1.18390109e-04
 -4.19763857e-04 -1.34192901e-04 -1.97597389e-04 -2.47158474e-04
 -1.62629086e-04 -2.28875294e-04 -2.44662441e-04 -3.31572297e-04
 -1.60524514e-04 -9.57911965e-05 -7.25814861e-05 -8.02925014e-05
 -1.44181281e-04 -1.26015100e-04  6.54634589e-05 -1.84059785e-04
 -7.20330530e-05 -6.44269290e-05 -2.13163512e-04 -2.29879743e-04
 -1.96016930e-04  1.57111286e-05 -2.56604474e-04 -9.15559034e-05
 -6.83222651e-05 -1.48116345e-04  3.61045167e-05 -4.72595260e-05
 -2.57335404e-04 -1.63051820e-04 -2.42077445e-04  2.22350542e-04
 -1.91007668e-04 -3.46159543e-04 -2.50077095e-04 -5.36320786e-05
  1.07203104e-04 -1.29451480e-05 -1.46117466e-04 -4.02115618e-04
 -2.16380695e-04  1.04916984e-04 -6.87752527e-05 -1.97156209e-04
 -1.69874554e-04 -1.06328188e-04  8.60297527e-05 -1.78066925e-04
 -8.39609307e-05 -2.15056428e-04 -1.32193352e-04 -1.34351103e-04
 -2.47334713e-04 -1.86467449e-04 -2.36200029e-04 -1.92413328e-04
 -8.00931400e-05 -6.27663579e-05 -1.27575270e-04 -1.62271516e-04
 -2.16996264e-04 -7.56731840e-05 -3.10587589e-04  7.12304762e-05
 -1.01151389e-04 -2.84338639e-04 -1.50057356e-05 -2.61478954e-04
 -1.02375070e-04 -1.52600583e-04 -9.23361418e-05 -1.69121477e-04
 -1.35565438e-04 -3.77830930e-05 -1.41555352e-04 -2.37109716e-04
 -9.75829962e-05 -1.47396017e-04 -4.91515636e-05 -2.52208743e-04
 -1.33637695e-04 -1.00852347e-04 -2.33246829e-05 -1.10606724e-04
 -1.51696612e-04  6.97762766e-06 -8.85237827e-05 -8.35041954e-05
 -1.27924271e-04 -5.63260129e-05 -2.02467570e-04  1.53219971e-06
 -1.66370917e-05  1.58860629e-05 -1.32428276e-04 -1.27457901e-04
  2.00355466e-05  9.29721044e-06 -1.05644151e-04 -2.40223553e-04
 -9.91069256e-05 -1.56388492e-04 -2.51742088e-05 -1.24724187e-05
 -2.91140867e-04 -6.85707971e-05  5.36100621e-05 -1.09887503e-05
 -1.48177725e-05 -1.58636098e-04  6.02286934e-06 -2.19572849e-04
  9.11859536e-06 -1.61685719e-04 -1.32571549e-04 -1.02598904e-04
 -1.01339978e-04 -1.53183126e-04 -1.28342064e-04 -1.33954471e-04
 -1.19577092e-04  2.79006875e-05 -1.14485749e-04 -8.28751790e-05
 -1.80965829e-05 -1.20156380e-04 -1.58315482e-04 -2.17674672e-04
 -1.83269353e-05 -1.22610111e-04 -2.32798660e-04 -2.08776756e-04
 -2.63008643e-04 -1.05151777e-04 -1.73710849e-04 -3.13850650e-05
 -2.65589693e-04 -1.13377242e-04 -7.87196559e-05 -9.02285197e-05
 -7.59968262e-05 -1.84716205e-04 -1.14106252e-04 -1.57318538e-04
 -9.77591684e-05 -6.27801460e-05 -1.17758866e-04 -1.23170107e-04]
