Frame: 78
temp_s_est shape: (1024,)
temp_s_est dtype: float64
temp_s_est:
[-4.81815480e-05 -2.06041073e-05  6.26103592e-05 -2.05633344e-05
 -7.80924183e-05  2.93760883e-05 -1.34684632e-04  8.39535481e-05
  3.69872637e-05 -2.78049556e-05 -6.44030637e-05 -4.79320927e-05
 -5.19384015e-05 -3.01828908e-05 -1.16710050e-05  6.37533200e-05
  4.43313457e-05  9.27508753e-05  9.13276249e-05 -4.62608153e-05
  2.28115086e-05  2.57271243e-05 -5.79847119e-05 -1.11103007e-05
  1.90083073e-04 -1.08968082e-04  3.53515323e-05 -1.43140102e-04
 -1.94193414e-04  5.38979381e-05  3.70793353e-05 -1.76308193e-05
  7.39915791e-05  4.60120659e-06  4.40109574e-06  1.19183367e-04
 -4.95967330e-06  5.34877512e-05  3.31888062e-05  3.86269162e-07
 -4.20634005e-05  3.44402800e-05  1.81528700e-05  3.16495420e-06
  1.18471169e-05 -7.45178541e-06 -8.15359643e-05 -1.45368474e-05
 -1.30300642e-04 -3.46667723e-04 -6.59838803e-05 -3.78824560e-05
  1.18694843e-04 -4.25592490e-05  3.09797197e-05 -1.65807754e-04
  8.42970393e-06  1.92145553e-04  2.03247240e-04  2.24869149e-04
  1.63566205e-04 -1.25769612e-04 -2.51206485e-04  9.77655122e-06
 -7.18002347e-05 -3.72009967e-05  8.65323872e-05  1.60901689e-04
  1.37598131e-04  4.76531575e-05 -2.32652955e-04 -1.89233706e-04
 -1.13830917e-04  3.50137371e-04  1.98346658e-04  1.95319284e-04
  2.10807572e-04 -4.46184762e-04  8.54601387e-05 -2.34860273e-04
 -7.39432570e-05  2.15700324e-04  2.38193985e-04 -2.11342944e-04
  1.39604425e-04 -3.04693758e-04 -1.32531306e-04 -4.85112123e-05
 -4.13903175e-04 -3.15443245e-04  7.43823571e-05  2.47607030e-04
  9.00143456e-05 -1.54703082e-04 -4.84150099e-05  5.57474869e-04
  2.99194963e-04  1.82301711e-04 -8.17859886e-07  8.85234203e-07
 -1.55943608e-04  1.42975178e-04 -1.36566041e-04  6.02844871e-05
 -9.46135387e-05 -1.04327388e-04 -1.01993076e-04 -1.60730665e-04
  2.06200924e-04  8.55721141e-05  4.91721491e-05 -1.84546720e-04
  2.97221615e-04 -1.79449017e-04  3.01722635e-08  1.36979214e-04
  1.61729591e-04 -1.61993506e-05  6.62404818e-04  1.20248895e-04
 -2.61041082e-04  6.05886315e-05 -2.39850331e-04 -1.34405815e-04
 -9.40263673e-07  4.38170410e-05 -4.33129000e-04 -4.85817864e-05
 -4.51466405e-04 -2.73586837e-04  1.95745757e-04  4.52507996e-04
 -1.92953134e-04  3.10468465e-04  3.36319888e-04  3.92781934e-04
  5.99861279e-05 -3.72597541e-04 -6.32413197e-04 -3.22101503e-05
  2.41877811e-04 -2.89673195e-04  1.84935883e-04 -3.66365570e-04
  1.92331808e-04  1.11920953e-04 -1.62190147e-04 -5.39619902e-05
 -1.96507918e-04  1.65405574e-04  2.04973588e-04 -3.15334553e-05
  4.89539244e-04  2.99239754e-04 -2.65502052e-04  1.68220024e-04
  5.60908380e-05  1.73048457e-04  7.83021697e-04  1.66414439e-04
 -7.25539995e-04 -1.34491503e-04 -6.20089854e-04 -2.70350334e-04
 -4.00314568e-04 -3.66341836e-04 -3.26790212e-04  2.73542327e-04
  7.69444905e-05 -1.37466410e-05  2.18197042e-05 -3.66435835e-04
  2.55254127e-04  5.86144540e-04  2.47296838e-04 -1.00091485e-04
 -2.99806598e-04 -4.52107863e-04 -3.18476470e-05  2.84277193e-04
  7.85325241e-05 -4.27838112e-06  1.45482426e-04  9.25899274e-05
 -1.73713150e-04 -8.12203605e-05 -2.13067808e-04 -6.36096756e-05
  8.38728384e-06  4.82544886e-04 -2.34801241e-04  1.56452228e-04
  3.91760733e-04  2.23420032e-04  2.01395963e-04  2.91719928e-04
  3.75964281e-04 -1.78836274e-04 -3.91076032e-04 -4.13405283e-04
 -5.70870045e-04  2.69432181e-04  3.10616004e-04 -3.08333626e-04
 -2.03136297e-04 -1.10206971e-04 -1.83890952e-05  1.78320258e-04
  2.06723523e-04 -6.84836517e-05  4.83171583e-04  1.13564572e-04
 -1.59628599e-04  1.89790715e-04 -5.25752023e-04 -1.01696718e-04
  3.22467834e-04  8.98735086e-05  2.43795737e-05  1.17976621e-04
 -4.76298405e-04 -2.22751982e-04 -1.46156594e-04 -7.97534065e-05
  3.19636961e-04 -1.07110772e-04  2.50356000e-05 -3.33111495e-05
 -1.54612916e-04  1.47966087e-04  2.15382126e-04  2.40121545e-04
  4.50226745e-04  3.58511549e-04  7.04935500e-05 -9.50282040e-05
 -2.14335173e-05 -2.96197495e-04 -2.96760740e-05 -1.94675034e-04
  2.53965178e-04  1.51251027e-04 -2.90998098e-04 -2.11674038e-04
  6.06727314e-05  1.97074770e-04  1.17801293e-06  1.25504106e-04
 -3.49567706e-04 -1.93396347e-05  2.54050543e-04 -9.61866669e-05
 -1.93468430e-04  3.05401153e-05 -8.79530327e-05  2.15773721e-06
  4.26040591e-05 -1.69834152e-04 -2.42449372e-04  1.01455459e-05
  9.15110039e-07 -2.21150546e-04  3.94896318e-05 -2.07659169e-05
 -5.21959364e-05  5.01220425e-05  2.69270744e-05  2.85092945e-05
  3.71368667e-04  1.17108509e-05  1.07995509e-04  1.76215904e-05
  5.46067990e-05  1.87208579e-04 -3.56467867e-05 -1.53486871e-04
 -7.42946912e-05 -1.04906333e-04 -3.51048026e-05  3.87114221e-06
 -9.07377490e-05  4.84005949e-05  2.17794287e-08 -4.57199132e-05
  8.22469671e-05 -1.04707703e-05 -9.23818844e-05  1.30494435e-04
 -3.56607514e-05 -2.38847537e-05  1.35950763e-04 -1.22391907e-04
 -2.98990467e-05  9.21437109e-05 -1.24161567e-05  1.65256319e-05
 -5.21799978e-06 -1.79360019e-04 -4.19980873e-05 -3.21012978e-05
 -3.46558861e-05  5.64677640e-06  6.71017026e-05 -7.43812482e-05
 -4.92058170e-07 -6.63754369e-05 -1.65767938e-05  1.12734424e-04
  1.12048965e-04  6.47273538e-05  4.26904145e-05  4.75183923e-05
 -3.34594694e-05 -7.18152394e-05 -3.22041473e-05 -8.10790589e-07
  4.37840169e-05  9.81929639e-05 -2.11690924e-06 -8.50274593e-05
 -6.02562421e-05  3.70953867e-05  2.55063293e-05  9.21586428e-05
  1.05292656e-04 -1.37559940e-05 -2.68461321e-05  1.78748390e-06
 -4.19393651e-05 -5.10501092e-06  5.45524952e-05  1.03994476e-04
 -5.40150817e-05 -2.61972809e-05 -2.11879314e-05 -1.35305233e-04
 -4.73979377e-05 -1.69231064e-05 -1.85405849e-05  5.38287917e-05
 -4.32216255e-05 -5.83996513e-05 -4.11754092e-06 -7.77205042e-05
  3.33612864e-05  9.69266458e-05  1.24347412e-05  6.40832358e-05
  1.73827525e-05 -3.79623920e-05  5.03619689e-05  4.07283866e-05
  1.61457853e-05  5.15561100e-06  2.59218304e-05 -3.29652050e-05
 -3.77616349e-05 -5.36365929e-05 -1.31384358e-05  5.38598467e-05
  2.40613636e-05  5.90533497e-05 -2.49922952e-06 -1.12570807e-05
 -3.57180594e-05 -1.08453519e-05  3.18258763e-05  1.24255395e-05
  3.15263764e-05  2.00164401e-05 -2.78734759e-05 -3.08799865e-05
 -1.58567438e-05  3.76886363e-05  1.07608607e-05  2.03237095e-05
 -5.37555437e-05 -4.96146676e-05 -1.85541777e-05 -2.95124150e-05
 -2.36372745e-05 -2.67331324e-05  4.57557604e-05  2.19480048e-05
  1.75778800e-06 -2.59465773e-06  5.32424486e-07  1.93096243e-05
  2.57618741e-05  2.75494993e-05 -4.89026259e-06  2.63184475e-05
 -4.20698572e-05 -3.42740983e-05 -6.60968173e-06 -2.60601920e-05
  5.24015284e-06  1.00370398e-05 -2.49883696e-06  1.10246754e-06
  2.01099811e-05  3.70546425e-05 -3.46351548e-06  1.11781617e-05
 -2.49591184e-05  2.34356948e-05  3.07521105e-06  3.38962090e-06
  9.76060202e-06  6.94976509e-07  2.96597393e-05  1.83666149e-05
 -8.87255425e-06 -2.30093642e-05 -2.20410192e-05 -2.11947230e-05
 -4.07307022e-05 -1.74339705e-05 -5.53954620e-06 -3.23942208e-05
 -2.40688100e-05  9.35398239e-07  9.20750216e-07  3.82415908e-05
  3.40418796e-05 -5.51470297e-06  8.08942227e-06 -1.93492012e-05
  9.75221070e-06 -2.79080816e-06 -2.34123492e-05  3.30699782e-06
  1.81850644e-05  8.64964352e-06  1.05655101e-05  4.89154972e-06
 -6.16613867e-06  6.94734917e-06  7.94189155e-06 -3.46978600e-06
  7.89467931e-06 -5.10214549e-06 -8.51937288e-06 -7.74045136e-07
 -1.64335840e-05  3.20504134e-05  1.12073657e-05 -1.07016761e-05
  1.39841068e-05  4.46299690e-06  5.45581243e-06  1.72687293e-05
 -2.15630857e-05 -2.82857237e-05 -1.65945911e-05 -1.25798200e-05
  2.77034454e-06 -3.19863824e-06 -1.20556229e-05  1.33194216e-05
  1.14859010e-05  4.21630928e-06  2.16697201e-05 -1.14537748e-05
  7.17473633e-07  1.97588875e-06 -1.65142095e-05  1.09938920e-05
  4.96736958e-07 -8.47019745e-06 -1.93547276e-06 -5.74635152e-06
  2.55123770e-05  2.09797783e-05 -1.03299722e-05 -4.72914144e-06
 -9.51496060e-06 -2.02352917e-05  6.01064550e-06 -4.90176059e-06
 -1.34812886e-05  1.20126858e-05  1.09653341e-05  1.42479375e-05
  2.59883956e-05 -2.07529175e-06 -6.75229420e-12  6.65099633e-06
 -1.37790570e-05  9.83317314e-06 -7.85233707e-06 -6.96152633e-06
  9.35291664e-06 -2.02523843e-05  6.86836627e-07  1.09785760e-05
 -1.04496121e-05 -9.29158354e-06 -1.48286766e-05 -9.58251602e-06
  2.28972515e-05 -1.10671573e-05 -1.55383559e-05 -1.95196763e-05
 -1.53412794e-05  5.61075962e-06  1.17245430e-05 -5.89486604e-06
  1.05039775e-05  1.25505339e-05 -4.74220858e-06  7.16419489e-06
  6.73710684e-06 -2.08845529e-05  1.26387414e-05  4.11577191e-06
  6.47836644e-06  8.81650272e-06 -3.80889841e-06  4.10807589e-06
 -5.94629457e-06  4.02695118e-06  2.31190427e-05  2.04500772e-05
 -1.25422577e-06 -1.62839424e-07 -2.52174362e-05 -4.96650900e-06
  1.67348716e-05 -1.16438707e-05  4.54803148e-06  9.11484171e-07
 -1.74556104e-06  1.96969596e-05 -1.34209532e-05 -1.76780998e-05
  1.14550060e-05 -2.26637771e-05 -1.60858869e-06  6.39874898e-06
 -1.09543927e-05 -5.86146238e-06 -1.40392136e-06 -5.52909013e-06
  2.12326297e-05  6.74294274e-06  1.01519199e-05 -4.81078225e-06
 -1.44658650e-05  6.21881617e-07  1.33224112e-06  8.19209620e-07
  5.56163416e-07 -1.43716287e-06 -1.41163583e-05  9.89092686e-06
  7.22695590e-06  8.02785235e-07  1.03599550e-05  6.75403612e-06
 -2.61485404e-06  1.90018918e-05 -6.41923957e-06 -6.25206415e-06
 -8.23138539e-06 -9.83998735e-06  1.69692891e-05  1.74556949e-05
  1.02863327e-05 -7.84669963e-06 -8.05744714e-06 -2.94119875e-06
  4.39299286e-06  8.67974920e-06 -5.57257869e-06 -9.04401843e-06
 -4.19068443e-06 -4.15690165e-06 -1.05128322e-05 -6.99539922e-06
  5.29140926e-06 -8.03491177e-06  1.70640176e-05  1.39983221e-05
 -9.16928908e-06 -7.64807300e-06 -2.15342037e-05 -2.00351650e-05
  9.65395179e-08  1.12408413e-05 -5.68204119e-07  7.03733362e-06
 -1.22134226e-05  1.50443394e-06  7.56380597e-06  2.26759749e-06
  9.99605754e-06 -1.66782196e-06 -8.20357910e-06  1.52168764e-05
 -1.84649134e-06  8.19864787e-07 -1.32658334e-06 -1.29503950e-05
  9.70406112e-06  1.88778900e-05  2.82299760e-06  7.14337132e-06
 -1.50204224e-05 -1.22517743e-05  1.68710521e-05 -5.01102065e-07
 -7.34154758e-06  5.93189972e-07 -2.01701345e-05 -3.16820801e-06
  4.10135065e-06  6.75410089e-06  3.66708556e-06  7.83610007e-06
  1.72652397e-06 -8.74030791e-06  8.86656187e-06 -7.66722139e-06
 -1.17836612e-05 -8.21718378e-06 -1.60964911e-05  6.08722620e-06
  1.06813903e-06 -1.29775058e-06 -8.08497295e-06 -7.40769596e-06
  1.01141698e-05  1.69165479e-05  1.09937150e-05 -5.60280134e-06
 -1.25445822e-05 -6.69060063e-06  8.21738820e-06  1.23038847e-06
  6.53171672e-07  9.07858833e-06 -1.30549699e-06  1.07292873e-05
  6.05096310e-06  5.71769576e-07 -3.61565474e-06 -8.95962064e-06
 -9.58338861e-07  1.91539217e-09  1.73474623e-05  5.85486182e-06
 -1.80578387e-05 -5.22838684e-06  2.41416501e-06  2.75782184e-06
  1.56723467e-05  4.72238608e-06 -7.77099358e-06  6.47300089e-06
  2.68819398e-06 -5.34076580e-06  1.47000536e-06 -2.59573211e-05
 -1.40284255e-05  2.56646324e-06  9.43411219e-06  1.00119162e-05
  4.83629674e-07 -1.20844371e-05 -3.38464000e-06  4.07846404e-06
  9.60912377e-06  3.67071095e-06  3.05239206e-06 -9.63276931e-06
  1.42818751e-06 -6.58683542e-07  7.65281488e-06 -2.80674638e-07
 -5.03322979e-06  1.55392216e-05  1.52628495e-05  1.21820707e-05
 -2.80036497e-06 -1.57922027e-05 -1.50207034e-05 -2.67402631e-06
  7.70760216e-06 -2.73640699e-07  5.84548700e-06 -1.84675372e-06
 -1.28010419e-05  1.25161963e-05  9.79856561e-06  4.36008543e-06
  4.57354525e-06 -5.48420626e-06 -6.52416399e-06  5.91225267e-06
 -5.86983093e-06 -1.52795269e-05 -4.51407034e-06 -1.25293569e-05
  8.53549807e-06  1.11099490e-05  1.99948165e-06 -1.90629925e-05
 -7.13406720e-06  8.88734239e-06  1.03541456e-05  1.13658227e-05
 -5.73226168e-06 -2.10148397e-05  3.73555328e-06 -6.24740484e-06
  6.34425467e-06  1.06619316e-05  5.06378325e-06  1.01332582e-05
 -9.95505687e-06  6.23038776e-07  1.63328243e-06 -2.97078516e-06
 -1.30439422e-05  2.36915177e-07 -6.07713620e-06  1.85275799e-05
  2.28476075e-06 -1.91845972e-05 -3.18579919e-06 -2.16825897e-07
  1.30254878e-05  2.70179485e-05 -5.82129157e-06 -1.05197410e-05
 -8.18435096e-06 -1.34803409e-05 -3.59453888e-06 -4.86331510e-06
 -1.91158309e-06 -2.32143853e-06  1.17979652e-05 -6.79221767e-06
 -3.06315053e-06  2.95184759e-06 -1.03346489e-05 -6.28478545e-06
  2.77406791e-06  8.75558889e-06  5.88234622e-06 -3.34592969e-06
 -1.74325802e-05 -7.46814989e-06  9.14098067e-06  1.98091402e-05
  6.38648211e-06  5.96888602e-07  1.62123342e-06  7.92819756e-06
  1.98809756e-06  3.08979870e-06 -1.72811758e-05 -1.79921826e-06
 -6.09291291e-06  7.08694715e-06  9.29059401e-06  5.15295947e-06
  3.88754730e-06 -3.65213573e-06  8.20236599e-06  9.72357473e-06
  3.73686742e-06 -5.11592828e-06 -1.87378963e-05 -1.26268907e-05
 -1.53840455e-06  1.28120494e-05 -1.14976569e-05 -1.80477194e-06
  1.56618808e-06 -1.08085651e-05  1.84095968e-05  8.93369271e-07
 -1.61236636e-05  1.14512873e-05 -8.44785019e-06 -8.56291865e-06
  1.44862932e-05 -3.06408599e-06 -9.63266855e-06  7.57072067e-06
 -3.54081806e-06  1.35667715e-05  1.17305948e-05 -8.14324686e-06
  1.20985048e-06 -1.74080377e-05 -2.47979224e-06  1.92292545e-05
 -1.81085906e-06 -7.30841755e-07  3.88494297e-07 -3.49495414e-06
  1.72527524e-05  1.00752253e-05 -3.60663041e-07  8.89418913e-06
  2.82298429e-06  1.42293179e-05  1.21582102e-05 -1.42413939e-05
 -1.34368210e-05 -2.94723829e-06 -1.18617859e-05  1.62911595e-06
  1.80592473e-05  6.91996152e-06 -1.19480797e-06  4.13339363e-06
 -6.59739003e-06 -1.10563044e-05 -3.89859812e-07 -1.27982974e-05
 -2.99854125e-07 -1.50884722e-05  9.04095755e-06  1.05342536e-05
 -6.00464645e-06  1.03147376e-06 -2.08681184e-05  1.68994960e-07
  2.40973454e-05 -2.79472967e-06 -2.07478345e-06 -1.72408617e-05
 -1.16042002e-05  6.87743633e-06  2.12974070e-06  1.88265359e-06
  2.47901332e-05  9.51002970e-06  1.01993471e-05  1.78639604e-05
 -1.52737544e-07 -3.43865301e-06  2.65035134e-06 -1.17144894e-05
  8.88698596e-06  1.29522539e-05 -4.65769789e-06 -3.94031519e-07
 -1.53856574e-05 -8.30806791e-06  5.10772052e-06  1.72584950e-06
  4.34075819e-06 -1.01647973e-05 -2.85190117e-05 -1.00372157e-07
  5.94762229e-06 -1.80997896e-05 -5.71115368e-07 -1.15211848e-05
  4.75184032e-06  2.03417727e-05 -2.14474226e-06  5.74625462e-06
  1.28855368e-05 -1.22167961e-05  4.63223221e-06 -5.07911091e-06
 -1.78594771e-05 -1.04130967e-05 -1.61494965e-05 -1.46388182e-05
  3.36258158e-05  2.42554842e-06  1.08938821e-05 -2.31479238e-06
 -9.97049145e-06  6.21222752e-06 -5.52393432e-06  1.69999927e-05
  1.37799519e-06 -9.14608058e-06 -9.26381307e-06  1.17638081e-05
  2.70754981e-06  1.04108952e-05  2.29906318e-05  5.17929365e-06
  2.21008543e-05  1.65493830e-05 -3.14896713e-05 -9.64868500e-06
 -2.55839763e-05 -1.46446357e-05  1.23304854e-05 -2.08819836e-06
  2.85877940e-05 -8.24912084e-06 -1.37799231e-05 -2.75901871e-06
  2.72326498e-05  2.67568377e-07  1.93096801e-05 -2.40573802e-05
 -2.05743781e-05 -1.14386473e-05 -6.22109927e-06 -1.13588091e-05
 -2.73884897e-05 -1.47157931e-06  2.10336973e-05  6.96381293e-06
 -7.67055368e-06 -6.01156498e-07 -1.57113994e-05 -8.62352257e-06
  3.96801806e-06 -3.94452362e-08 -8.33919381e-06  2.70554242e-05
 -1.10184771e-07  2.75065500e-05  2.45861832e-05  4.92851850e-05
  2.97308833e-05 -4.47884250e-06 -2.24776201e-05 -1.52694440e-05
  9.96649571e-07 -1.42854677e-05 -1.48184315e-05 -4.13298396e-05
 -3.05953794e-05  2.39480029e-06 -1.35341722e-05 -8.03558527e-06
  9.04095466e-06  4.34525088e-05  4.20283722e-05 -2.08734223e-05
 -8.68872016e-06 -3.51527048e-05 -4.54683615e-06  9.48452195e-06
 -9.68110310e-06  2.75400682e-05  2.18658605e-05 -3.88305774e-05
 -2.42040585e-05 -4.61787781e-06 -1.11643753e-05  3.73435568e-05
 -2.53867684e-05 -4.09675198e-05 -1.27189637e-05 -8.53335713e-06
 -2.67841948e-06  2.89329312e-05  2.12948864e-05  2.99413203e-05
  4.79739616e-05  3.57567996e-05 -1.26897924e-05 -6.74633751e-06
 -2.09779762e-05  4.95435280e-05 -4.95289289e-06 -4.58974131e-06
 -2.73376135e-05 -1.30079457e-05 -7.89731749e-06 -5.09733506e-05
  1.76592677e-05  5.52577707e-05  3.03796069e-05 -2.05887904e-05
 -2.04293447e-05  7.58298251e-06  5.73912037e-05 -1.36322756e-06
  1.54729403e-05 -9.28251436e-06 -9.82506351e-06  3.84472397e-05
 -5.03463065e-05 -3.40784882e-05  4.22037138e-05 -1.93513588e-05
  9.04777058e-06 -1.88558096e-05 -6.26095469e-05 -6.67119768e-05
 -8.53039510e-05  2.88402830e-05  5.76707334e-06  7.42381674e-05
  9.08832054e-06  9.06022626e-05 -5.91827628e-05  5.13992797e-06
  5.03280093e-05  1.01442876e-04  2.21046805e-05  2.25647453e-05
  1.26860867e-05 -1.89599973e-05  2.83317529e-05 -6.54397937e-05
 -1.00584889e-04  2.71801663e-05  1.62008855e-05 -3.34736891e-05
  2.64891051e-05 -2.90704326e-05  3.08144439e-05 -3.61710038e-05
  1.75229877e-05 -1.51740727e-05  6.43485586e-05 -4.59865002e-06]
