Frame: 11
temp_s_est shape: (1024,)
temp_s_est dtype: float64
temp_s_est:
[-3.55182455e-04 -2.61959368e-04 -6.10315745e-05 -4.88798149e-04
 -8.13971660e-05 -8.27825335e-05 -4.18805884e-04 -1.63491742e-04
 -6.65405577e-05 -4.62005289e-04 -1.05092028e-04 -5.80967622e-05
 -9.68408681e-05 -1.06209785e-04 -3.22209262e-04 -2.40990812e-04
 -1.42862432e-04 -2.90930435e-04 -2.48214743e-04 -2.70470181e-04
 -1.85821728e-05 -6.54903367e-05 -2.53388315e-04  8.10326547e-06
 -1.20557538e-04 -1.66978110e-04 -3.27513247e-04 -1.35246729e-04
 -6.50240081e-05 -2.82548798e-04 -1.57410863e-06 -2.18331370e-04
 -5.20873200e-04  7.60435729e-05 -2.68151150e-04 -2.05165464e-04
  6.38466135e-05 -1.65145761e-04 -2.67823211e-04  1.00432129e-04
 -2.61321334e-04 -2.67124073e-04 -1.87998048e-04 -1.74081702e-04
 -1.30521662e-04 -1.63435259e-04 -3.82690969e-05 -2.36518282e-04
 -1.56079869e-04 -3.93070286e-05 -3.31875537e-04 -2.51365258e-04
 -1.77144778e-04 -1.61701236e-04 -1.36252949e-04 -1.53933436e-04
 -1.21158984e-04 -3.22255929e-04 -4.51094915e-05 -2.64275631e-04
  1.24866729e-05 -7.76245719e-05 -8.72177516e-05 -3.80289476e-04
 -1.58724922e-07 -2.67160139e-04 -2.49940890e-04 -1.50783459e-05
 -1.87020198e-04 -3.72941495e-04  3.48309841e-05 -2.31595442e-04
 -1.67710840e-04 -8.02980977e-05 -2.66148633e-04 -1.15626647e-04
 -1.22582449e-04 -2.57501371e-04 -1.57830985e-04 -1.29342063e-04
 -1.16378730e-04 -1.23328352e-04 -3.92062702e-04 -2.47866746e-05
  3.63672004e-06 -2.25506654e-04 -1.19017628e-04  7.47577336e-07
 -3.76570511e-04 -1.49303562e-04 -6.90566384e-06 -3.82526194e-04
 -1.61235587e-04  1.35090418e-05 -3.90351670e-04 -2.15831256e-04
  2.32060529e-05 -9.18727678e-05 -2.29112461e-04 -5.27545674e-05
 -4.43291926e-04 -3.70062021e-04  1.43517975e-04 -2.73773239e-04
 -3.39925070e-04 -1.48889593e-04 -1.36930895e-04 -1.36815160e-04
 -7.09746283e-05 -1.02786684e-04 -2.87516744e-04 -2.05555170e-04
  9.52748439e-05 -1.85305347e-04 -4.47717217e-04  5.35366891e-05
 -3.84646998e-04 -2.48236376e-04  1.30821701e-05 -4.66826061e-04
 -1.10173502e-04  2.43056363e-05 -2.06161281e-04  2.15590508e-06
 -2.87402747e-05 -9.85778656e-05 -4.39371540e-04 -1.77495967e-04
 -2.38298182e-04 -1.68540475e-04 -3.25708040e-04  3.67026687e-05
 -2.19220400e-04 -8.76323550e-05  1.28372878e-05 -1.42376306e-04
 -1.84273070e-05 -2.68542940e-04 -4.68573057e-05 -1.66018917e-04
 -8.04815163e-05  4.72955709e-05 -5.13996031e-04 -1.43508701e-04
 -4.63285655e-05 -6.65581967e-04  1.15462077e-05 -5.28376581e-05
 -5.63486397e-04 -2.30238616e-05 -1.41745162e-04 -4.57978458e-04
 -2.29848503e-04  8.59825385e-05 -3.18712708e-04 -1.56277457e-04
  6.15799035e-05 -3.20732513e-04 -1.99644998e-04  3.49298842e-06
 -6.50153374e-05 -3.95228574e-04 -1.17050521e-04 -3.86998525e-04
 -2.64244091e-04  8.07966102e-05 -2.83244508e-04 -5.39763343e-04
 -1.94288473e-04 -3.35453311e-04 -1.58891942e-04 -2.08860695e-04
 -9.56302851e-05 -1.77742175e-04 -6.65103215e-04  8.50849963e-05
 -3.45475467e-04 -2.21536760e-04 -1.97355964e-04 -2.66642389e-04
 -2.42326265e-04 -1.28721703e-04 -2.68638525e-04 -2.16290918e-04
  7.85416787e-05 -4.78199780e-04 -6.75227219e-04 -1.12854318e-04
 -3.97290931e-04 -1.62407065e-04 -3.56950774e-04 -1.24298481e-04
 -5.17479687e-04 -1.53559320e-04 -2.04069009e-04 -1.95767286e-04
 -5.27533778e-04  3.93040632e-05 -3.00197307e-04 -3.91522556e-04
 -1.27735234e-04 -3.62259027e-04 -3.72788411e-04 -4.02062079e-04
 -2.74629584e-04 -3.37893780e-04 -7.48668360e-05 -5.30156549e-05
 -3.95127637e-04 -1.67929038e-04  1.39292742e-04 -1.02004611e-03
 -8.91863089e-05 -3.73844226e-04 -9.67278028e-04 -1.32777556e-05
 -3.12974485e-04 -3.28694139e-04 -3.26844573e-04 -8.65471018e-05
 -2.71573979e-04 -3.96624098e-05 -2.49006632e-04 -2.23222639e-04
 -5.74480692e-04 -1.89360279e-04 -1.59815138e-04 -5.08137306e-04
 -7.87636078e-05 -5.74961924e-04 -8.96691268e-04  2.80889756e-04
 -3.87786829e-04 -3.43594296e-04 -8.71864537e-05 -1.50610650e-04
 -4.65962294e-04 -7.62075907e-04 -2.17950597e-04 -4.26731632e-04
 -3.22394598e-04 -4.13452640e-04 -5.98814521e-04 -5.58775156e-04
 -1.62440211e-04 -6.56462033e-04 -1.45522396e-04 -5.44509696e-04
 -6.29976728e-04 -2.78950432e-04 -4.40933624e-04 -1.89331001e-04
 -2.81276882e-04 -6.47900828e-04 -2.72013481e-04 -8.03668341e-04
 -4.89570798e-04  6.68944024e-05 -5.50084265e-04 -8.91276656e-04
  9.89177512e-05 -1.05539135e-03 -5.91602146e-04 -9.71082254e-05
 -7.45246443e-04 -7.01611084e-04 -4.97460550e-04 -4.68982104e-04
 -7.39677368e-04  2.20836845e-04 -7.63197063e-04 -1.03978167e-03
 -2.79391737e-04 -3.65091809e-04 -9.32919908e-04 -1.54369520e-04
 -3.64989101e-04 -6.47053783e-04 -6.96937796e-04 -7.24224439e-04
 -6.05445190e-04 -4.62071535e-04 -6.29476425e-04 -4.31794030e-04
 -3.33733865e-04 -5.08567270e-04 -1.07476107e-03 -7.47158014e-04
 -6.27828307e-04 -5.20055467e-04 -1.16843930e-03 -3.14056209e-04
 -5.45238870e-04 -8.12905477e-04 -3.01202056e-04 -2.86560408e-04
 -1.20070183e-03  1.18997162e-05 -7.72796406e-04 -1.04833178e-03
 -3.09901923e-04 -6.85941227e-04 -3.70635618e-04 -1.06876033e-03
 -1.18489421e-04 -5.49054231e-04 -1.03310000e-03 -8.33573933e-04
 -5.10039807e-05 -9.83088106e-04 -7.76640815e-04 -1.12914591e-03
 -9.08635083e-04 -6.11945431e-04 -3.39346352e-04 -1.17834473e-03
 -9.96754295e-04 -1.48385860e-04 -5.71198433e-04 -7.84563174e-04
  3.49804467e-04 -6.78557674e-04 -8.66180741e-04 -4.33056670e-04
 -1.52373440e-03 -6.01183026e-04  2.63419484e-05 -1.50696223e-03
 -8.58544689e-04 -5.27870008e-04 -1.79889690e-03 -4.13913558e-05
 -8.59147818e-04 -7.46032414e-04 -1.03599558e-03 -3.43653356e-04
 -2.85700639e-04 -8.13983717e-04 -1.12344192e-03 -2.75746604e-04
 -1.55474302e-03 -2.84149457e-04 -7.25112260e-04 -5.62202999e-04
 -7.34640988e-04 -2.61738942e-04 -8.02417739e-04 -1.21331273e-03
 -8.36902687e-04 -7.78178943e-04 -8.84677759e-04 -3.80589051e-04
 -8.82349460e-04 -1.03659434e-03 -7.68285479e-04 -8.02897149e-04
 -1.68660104e-03 -1.61845939e-04 -7.62542364e-04 -7.53188271e-04
 -8.97767224e-04 -5.52426609e-04 -6.38944185e-05 -1.25731730e-03
 -7.02972342e-04 -6.98540851e-04 -1.39688784e-03 -4.74323072e-04
 -3.91583287e-04 -1.24785648e-03 -3.51998247e-04 -1.50114683e-03
 -1.66410060e-03 -3.68277388e-04 -1.02913198e-03 -1.58553234e-03
 -4.56371493e-04 -5.17027048e-04 -8.63089835e-04 -8.68576129e-04
 -4.95066844e-04 -1.29414260e-03 -2.09463325e-04 -9.59956629e-04
 -5.53205981e-04 -8.99745907e-04 -1.16016447e-03 -7.49465385e-04
 -1.02483003e-03 -5.48929225e-04 -9.46263013e-04 -9.45351512e-04
 -1.03918850e-03 -8.09518676e-04 -9.97487117e-04 -4.09126180e-04
 -1.58793158e-03 -1.03378054e-03 -1.29800337e-03 -2.54343692e-04
 -8.99342686e-04 -7.27197369e-04 -5.21387247e-04 -1.76224551e-03
 -3.93327392e-04  9.64209864e-05 -1.28454802e-03 -5.58787783e-04
 -1.21071002e-03 -1.68337787e-03 -1.02092727e-03 -7.64430569e-04
 -1.30114731e-03 -9.17657985e-04 -1.07784000e-03 -1.56287765e-03
 -9.59111072e-04 -3.64297247e-04 -7.44849546e-04 -1.12396176e-03
 -1.20577358e-03 -4.27722368e-04 -1.32892067e-03 -1.32860615e-03
 -9.69175569e-04 -1.47971333e-03 -1.10982706e-03 -1.31029671e-03
 -5.94184553e-04 -1.36409815e-03 -1.51452618e-03 -4.77875447e-04
 -1.76064021e-03 -5.82233593e-04 -1.44535061e-03 -1.61305795e-03
 -2.75204846e-04 -1.01770650e-03 -1.82544536e-03  4.45199632e-05
 -1.46200254e-03 -1.28445794e-03 -5.10387164e-04 -1.02160449e-03
 -1.06086586e-03 -5.94476239e-04 -9.13925911e-04 -1.30088902e-03
 -1.24896709e-03 -5.22986500e-04 -1.71172944e-03 -1.89854432e-03
 -1.36646279e-03 -1.74142608e-03 -1.18695028e-03 -7.02037775e-04
 -1.72182399e-03 -1.66923782e-03 -9.33429992e-04 -8.82096381e-04
 -1.76608431e-03 -6.81613422e-04 -7.30019812e-04 -1.12596858e-03
 -6.60066708e-04 -1.55991782e-04 -1.65159030e-03 -1.32172581e-03
 -1.25351253e-03 -1.38098102e-03 -4.82951727e-04 -1.87289386e-03
 -1.85604741e-03 -7.59475477e-04 -1.13252824e-03 -1.49770123e-03
 -1.14391932e-03 -1.23012878e-03 -9.73604243e-04 -1.40039004e-03
 -7.13504475e-04 -1.67863255e-05 -1.34362259e-03 -1.49404608e-03
 -7.91518564e-04 -1.63643810e-03 -5.13787017e-04 -5.32221270e-04
 -1.72103460e-03 -1.75499942e-03 -6.27955165e-04 -1.22391376e-03
 -1.51240047e-03 -1.12535307e-03 -2.13316209e-03 -1.69783039e-03
 -1.25091821e-03 -7.24727038e-04 -1.68190573e-03 -1.26459080e-03
 -1.85492033e-03 -1.91297410e-03 -3.40946138e-04 -7.65798171e-04
 -1.32031186e-03 -7.78483699e-04 -9.59333510e-04 -1.50912765e-03
 -1.44703593e-03 -1.26407921e-03 -1.93341860e-03 -1.45128821e-03
 -1.40606589e-03 -1.16030854e-03 -1.46298127e-03 -1.19131832e-03
 -2.13243362e-03 -1.48461619e-03 -5.40493701e-04 -2.09178931e-03
 -1.58261649e-03 -8.99429232e-04 -1.70836588e-03 -1.43718457e-03
 -1.00732297e-03 -1.62424947e-03 -1.38306845e-03 -1.77297958e-03
 -6.54712206e-04 -6.26133240e-04 -1.65965346e-03 -9.77335495e-04
 -1.78289945e-03 -1.19649046e-03 -1.76906246e-03 -1.42384679e-03
 -1.93099390e-03 -1.61154507e-03 -1.97566459e-03 -1.06897688e-03
 -1.65888546e-03 -1.08356704e-03 -1.73721852e-03 -1.41664644e-03
 -8.90809201e-04 -1.89080686e-03 -1.00982132e-03 -5.75433727e-04
 -2.18820311e-03 -1.03565024e-03 -4.32596491e-04 -2.22199765e-03
 -1.71356781e-03 -1.49150406e-03 -1.92707457e-03 -7.34606305e-04
 -1.39187453e-03 -1.93721782e-03 -2.02356566e-03 -9.73716627e-04
 -1.75399124e-03 -1.32248514e-03 -7.08507343e-04 -1.89619398e-03
 -1.76210663e-03 -9.53985341e-04 -9.69292628e-04 -1.46423853e-03
 -1.42465472e-03 -1.43175083e-03 -1.56793837e-03 -1.78770108e-03
 -1.14067228e-03 -8.04892895e-04 -1.89760815e-03 -1.62059679e-03
 -1.96663420e-03 -1.11908094e-03 -1.06550232e-03 -1.73483706e-03
 -2.01105806e-03 -1.13775832e-03 -2.12620675e-03 -1.28254771e-03
 -8.16800187e-04 -2.12727267e-03 -1.85391636e-03 -6.31434180e-04
 -1.67230488e-03 -8.50559437e-04 -1.37060897e-03 -1.34495511e-03
 -1.37808939e-03 -2.04384803e-03 -1.23908695e-03 -1.73649995e-03
 -2.25667074e-03 -1.16573587e-03 -1.52749730e-03 -1.50065447e-03
 -1.71894478e-03 -1.04965421e-03 -1.50292546e-03 -7.57995592e-04
 -1.55834841e-03 -1.96680622e-03 -3.64578583e-04 -1.43644540e-03
 -2.00448523e-03 -9.54094339e-04 -7.14724988e-04 -1.90734876e-03
 -1.37609074e-03 -1.01930748e-03 -1.83707124e-03 -1.38552860e-03
 -1.06999598e-03 -2.31447910e-03 -1.13602185e-03 -1.91160696e-03
 -1.84260862e-03 -1.29614275e-03 -1.53524030e-03 -1.69486207e-03
 -1.64932355e-03 -6.65380737e-04 -4.61172828e-04 -2.19951274e-03
 -4.18162305e-04 -1.22385006e-03 -1.76356140e-03 -8.65268888e-04
 -1.60480591e-03 -1.41511798e-03 -1.26620537e-03 -1.36103751e-03
 -1.87245343e-03 -1.58317952e-03 -1.97494796e-03 -1.44035041e-03
 -1.68234478e-03 -1.08698565e-03 -9.27408245e-04 -1.03711887e-03
 -1.48474961e-03 -1.50199743e-03 -8.36859585e-04 -7.10763734e-04
 -1.38698448e-03 -1.66825460e-03 -1.11670566e-03 -8.09725499e-04
 -1.45710140e-03 -1.30515677e-03 -1.23877175e-03 -1.50319101e-03
 -2.29498076e-03 -8.52648595e-04 -1.17346941e-03 -1.48740627e-03
 -9.72271993e-04 -2.01371914e-03 -1.44394638e-03 -8.60129547e-04
 -1.74802097e-03 -1.02095048e-03 -6.03413294e-04 -1.58737820e-03
 -1.26791123e-03 -7.45015540e-04 -9.07850625e-04 -2.00865257e-03
 -8.30953476e-04 -1.06515421e-03 -1.40711669e-03 -4.40766409e-04
 -1.19385329e-03 -1.46664429e-03 -1.82673300e-03 -9.04255073e-04
 -1.84813364e-03 -1.56068528e-03 -1.33819705e-03 -9.57784660e-04
 -8.90522982e-04 -1.24343009e-03 -1.27847954e-03 -1.20592837e-03
 -8.60813344e-04 -1.02846890e-03 -1.16990878e-03 -6.20020660e-04
 -9.21134769e-04 -1.64460388e-03 -8.11885914e-04 -1.08989003e-03
 -1.83766061e-03 -9.84151309e-04 -1.26108973e-03 -9.22512652e-04
 -1.17888228e-03 -1.36449816e-03 -9.54628814e-04 -1.00107261e-03
 -1.45038761e-03 -1.08685527e-03 -9.30679829e-04 -1.16142508e-03
 -1.08928508e-03 -1.50902684e-03 -6.21675716e-04 -4.50730335e-04
 -1.52292336e-03 -1.06911004e-03 -4.58306882e-04 -1.27949428e-03
 -7.82943620e-04 -1.05133948e-03 -1.22757500e-03 -1.47527511e-03
 -9.29285838e-04 -1.31288973e-03 -1.19871075e-03 -8.86570159e-04
 -1.59247594e-03 -8.65712910e-04 -2.85202041e-04 -1.67133366e-03
 -6.14564317e-04 -8.52422438e-04 -1.30525841e-03 -8.70089876e-04
 -7.33532911e-04 -1.20716966e-03 -7.97355041e-04 -1.15812484e-03
 -8.81366168e-04 -1.03498826e-03 -9.04230812e-04 -1.47439773e-04
 -1.44524711e-03 -8.77681350e-04 -8.01144439e-04 -8.93946661e-04
 -8.75457596e-04 -8.15976439e-04 -9.98898207e-04 -8.04596561e-04
 -1.12269520e-03 -1.17989927e-03 -7.74433955e-04 -4.81223146e-04
 -1.08659979e-03 -7.92223557e-04 -1.04665207e-03 -7.51481267e-04
 -1.20962941e-03 -7.20214572e-04 -8.80301495e-04 -9.10930120e-04
 -9.78150909e-04 -8.19434279e-04 -7.86017515e-04 -9.74277834e-04
 -9.16620717e-04 -1.04090526e-03 -1.03902395e-03 -7.24432483e-04
 -7.70826474e-04 -1.03731549e-03 -1.45048668e-04 -1.06622864e-03
 -1.07312289e-03 -2.25249018e-04 -9.76238065e-04 -1.06469133e-03
 -4.42212182e-04 -1.05489457e-03 -1.23851093e-03 -3.63535548e-04
 -9.87460988e-04 -1.31819038e-03 -1.06183564e-03 -5.90027325e-04
 -6.59130226e-04 -8.97021495e-04 -6.14818680e-04 -5.89240162e-04
 -3.93653022e-04 -6.03705780e-04 -1.07237195e-03 -8.61505026e-04
 -5.85336552e-04 -1.01451451e-03 -8.37593771e-04 -2.55741250e-04
 -6.11089423e-04 -9.64706696e-04 -5.54694544e-04 -5.52932176e-04
 -1.11644108e-03 -5.00146777e-04 -5.68604221e-04 -4.49153810e-04
 -1.08504124e-03 -6.69283629e-04 -8.17068716e-04 -5.59976291e-04
 -2.75853132e-04 -1.08977000e-03 -4.97642170e-04 -2.70944035e-04
 -6.43655566e-04 -6.36442184e-04 -5.55515810e-04 -6.91058391e-04
 -9.67682806e-04 -7.04154162e-04 -4.09060307e-04 -7.48235420e-04
 -7.52394475e-04 -4.17905438e-04 -9.93060745e-04 -5.62733663e-04
 -4.86854248e-04 -6.72534101e-04 -4.52673388e-04 -5.09368296e-04
 -4.10569326e-04 -7.75824516e-04 -3.60119711e-04 -5.61958979e-04
 -7.09297363e-04 -4.82282274e-04 -5.25374995e-04 -7.52968377e-04
 -5.77301048e-05 -6.12845240e-04 -7.84907547e-04 -3.50639358e-04
 -4.92653167e-04 -8.75934143e-04 -3.66518836e-04 -5.17724263e-04
 -7.18162812e-04 -4.07500347e-04 -7.24755921e-04 -4.86242528e-04
 -6.08485850e-04 -5.26683818e-04 -3.29753657e-04 -6.30934761e-04
 -3.28384869e-04 -5.97414279e-04 -5.41556913e-04 -2.24454749e-04
 -7.15832948e-04 -4.77365281e-04 -4.25104282e-04 -5.70191358e-04
 -5.87555604e-04 -4.14739215e-04 -3.34310204e-04 -7.89898747e-04
 -4.50265043e-04 -4.25485153e-04 -5.83859471e-04 -4.69394403e-04
 -4.21118456e-04 -7.10772443e-04 -1.49497573e-04 -4.84519068e-04
 -3.15710047e-04 -4.49061993e-04 -2.89043590e-04 -4.98213863e-04
 -3.48400612e-04 -4.68879922e-04 -5.87527102e-04 -5.67945354e-04
 -3.46530036e-04 -1.85849921e-04 -5.57134959e-04 -4.05237774e-04
 -1.83667305e-04 -6.92045559e-04 -3.15286458e-04 -1.22899093e-04
 -3.00343330e-04 -4.90588756e-04 -3.87662184e-04 -4.41817884e-04
 -4.65744886e-04 -2.41547311e-04 -5.53142702e-04 -2.49258608e-04
 -3.48360941e-04 -3.96243903e-04 -3.78071023e-04  1.75036696e-05
 -4.86924578e-04 -4.93967467e-04 -2.59699117e-04 -1.51647269e-04
 -5.77665875e-04 -2.75024562e-04 -3.53838165e-04 -3.94775040e-04
 -1.35746605e-04 -3.89783433e-04 -3.40943679e-04 -1.02900524e-04
 -2.00566875e-04 -3.18272994e-04 -3.18050199e-04 -2.11344429e-04
 -3.80601076e-04 -4.30712215e-04 -4.87998319e-05 -4.10166927e-04
 -4.18838034e-04 -1.36819580e-04 -3.38918131e-04 -1.34147099e-04
 -1.57519342e-04 -2.84339179e-04 -2.58669096e-04 -2.54076206e-04
 -1.50538290e-04 -4.35753007e-04 -1.36178067e-04 -2.30917689e-04
 -2.19058124e-04 -3.81122538e-04 -8.13952679e-05 -2.71103167e-04
 -1.52813349e-04 -2.48123355e-04 -3.52647723e-04 -2.21804910e-04
 -1.26238019e-04 -2.87879322e-04 -5.74629426e-04 -2.33096493e-04
 -6.68972553e-05 -3.97184921e-04 -3.29638942e-04  8.00086817e-05
 -3.74672893e-04 -1.44208657e-04  1.73331086e-04 -3.77935794e-04
 -1.72715328e-04 -8.97255726e-05 -4.52106797e-04  3.11234296e-05
 -2.36020196e-04 -3.03465655e-04 -2.42802724e-04 -4.97441929e-05
 -2.75706513e-04 -3.95529360e-04 -1.41603509e-04 -3.05464992e-04
 -3.51018502e-04 -7.14304399e-05 -2.62313312e-04 -1.30728077e-04
 -2.10771322e-04 -1.16629874e-04 -1.95230515e-04 -2.88474407e-04
  1.76736894e-05 -1.49219742e-04 -1.99509915e-04 -8.47310183e-05
 -2.63769956e-04 -4.62624129e-04 -1.19131623e-04 -3.34749184e-04
 -1.56314882e-04 -4.27322601e-05 -3.96492398e-04 -2.18648176e-04
 -2.44207615e-05 -1.48067273e-04 -2.50590477e-04 -1.65806068e-04
 -1.72534304e-04 -2.53393899e-04 -1.86158809e-04 -1.17532656e-04
 -6.06482261e-05 -3.46654469e-04 -1.39148133e-04 -2.95901026e-05
 -3.36949679e-04  1.28464420e-04 -2.52486385e-04 -1.85355534e-04
 -1.17250468e-04 -2.42163879e-04 -5.40891916e-04  8.11718867e-05
 -1.37568198e-04 -4.45787304e-04 -6.89763440e-05 -3.45436380e-05
 -3.13226905e-04 -1.43291426e-04 -1.81017100e-04 -2.42460148e-04
 -6.75977192e-05 -1.31180152e-04 -2.48312275e-04 -1.81135882e-04
 -1.25303560e-04 -1.40456872e-04 -1.73357230e-04 -2.34982326e-04
 -2.06997372e-04 -1.21095751e-04  3.20795750e-05 -1.16425762e-04]
