Frame: 133
temp_s_est shape: (1024,)
temp_s_est dtype: float64
temp_s_est:
[-1.27132216e-03 -1.21056246e-03 -1.00588191e-03 -1.31711076e-03
 -1.25995647e-03 -1.25987737e-03 -1.15976291e-03 -1.30036626e-03
 -1.14410604e-03 -1.23924009e-03 -1.11937057e-03 -9.53345986e-04
 -1.17369618e-03 -1.17696415e-03 -1.15490617e-03 -1.09785440e-03
 -9.73285528e-04 -1.08393315e-03 -1.15471472e-03 -9.17712567e-04
 -8.62604419e-04 -1.04417314e-03 -9.02688229e-04 -1.10917114e-03
 -8.16018549e-04 -6.60400697e-04 -8.61396312e-04 -9.84044916e-04
 -7.02048766e-04 -7.65689653e-04 -7.28791127e-04 -7.02579122e-04
 -9.30751356e-04 -5.63540096e-04 -4.27851996e-04 -7.21245216e-04
 -6.98162513e-04 -7.23090803e-04 -4.95185397e-04 -4.07122631e-04
 -4.53079000e-04 -7.40897339e-04 -2.00888701e-05 -3.93124800e-04
 -3.27227109e-04 -2.65278827e-04 -5.61977097e-04 -2.38290687e-04
 -2.33155280e-05 -2.84699641e-04 -4.54920908e-04  6.58906573e-05
 -1.12089465e-04 -3.15781679e-05 -7.60779357e-05 -2.52508401e-04
  5.24579521e-04  2.45828591e-04  2.06172017e-04  4.66595889e-05
  3.03957788e-04  2.05545155e-04  5.52723848e-04  9.03704293e-05
  1.06876207e-04  7.65577255e-04  5.41393221e-04  4.88792762e-04
  4.47457704e-04  6.49145723e-04  7.04109404e-04  9.51071943e-04
  4.50506761e-04  4.85578876e-04  9.48566172e-04  7.24887944e-04
  7.44208062e-04  5.66812657e-04  8.76906313e-04  9.10933233e-04
  1.22462291e-03  5.35537191e-04  1.11990783e-03  1.16274774e-03
  9.74376886e-04  1.29708122e-03  4.69973095e-04  8.04093957e-04
  1.22632844e-03  1.12187407e-03  3.97501067e-04  1.07822220e-03
  1.16253056e-03  1.10735650e-03  1.45692555e-03  6.85414502e-04
  1.38031761e-03  1.36573706e-03  1.38798392e-03  8.84485799e-04
  9.79523025e-04  1.05449282e-03  1.09747918e-03  1.49874728e-03
  2.58549215e-04  1.65910135e-03  1.83472439e-03  1.36850922e-03
  1.12753963e-03  8.98674534e-04  1.00601904e-03  1.60787003e-03
  1.50418146e-03  4.94300546e-04  1.86582577e-03  1.74776211e-03
  1.34600267e-03  1.31585295e-03  4.08078195e-04  1.30350530e-03
  1.71029681e-03  1.50829957e-03  9.40700931e-04  1.66844271e-03
  1.09769509e-03  1.69515535e-03  1.30344708e-03  1.05768108e-04
  1.62963669e-03  1.78642926e-03  1.20790945e-03  1.17567443e-03
  1.25377254e-03  8.15874767e-04  1.70364595e-03  1.15878621e-03
  3.55345535e-04  1.92803679e-03  1.45903567e-03  2.02718143e-03
  9.80357371e-04  8.20576346e-04  1.07500945e-03  1.88032502e-03
  5.94616835e-04  1.14290769e-03  1.86129665e-03  9.45272923e-04
  2.01916133e-03  8.91687941e-04  5.51868938e-04  1.61751233e-03
  2.14457798e-03  1.28207371e-03  1.66636977e-03  1.80468131e-03
  8.17394580e-04  1.76175916e-03  2.46448607e-04  1.12064218e-03
  1.50735510e-03  1.90966899e-03  1.53503357e-03  1.31033563e-03
  9.80211072e-04  1.19376788e-03  1.48272919e-03  4.53324196e-04
  1.62086723e-03  1.83885402e-03  1.14280066e-03  1.10237425e-03
  6.09687316e-04  1.21061181e-04  1.02657296e-03  1.61881210e-03
  3.15787610e-04  1.60599969e-03  1.21553917e-03  1.07650094e-03
  6.79547242e-04 -4.57330673e-05  4.61195337e-04  1.22446481e-03
  7.35877627e-04  6.23239287e-04  4.04034065e-04 -2.23297080e-05
  1.06086150e-03  3.48625194e-04 -2.42581664e-04  8.49779608e-04
  9.69191140e-04  8.16986938e-04  2.29249527e-05 -1.95259586e-05
 -2.60195638e-04  5.21979052e-04  6.67501599e-05 -1.18260955e-04
  1.37718083e-04  4.72371991e-04  3.86600516e-04 -6.10150709e-04
 -4.27846792e-04 -5.00371069e-04  2.54489328e-04  1.34168709e-04
 -2.01082226e-04 -1.99928599e-04 -4.08743032e-04 -1.18646967e-04
 -8.81303550e-04 -9.21855469e-04 -9.77435360e-04  1.78028891e-04
 -3.84025413e-04 -6.68719878e-04 -4.37241886e-04 -1.13003588e-03
 -7.50688688e-04 -8.33431315e-04 -8.02387823e-04 -9.88646016e-04
 -2.52174143e-04 -8.56870118e-04 -1.12574528e-03 -1.09777191e-03
 -1.42807044e-03 -6.35652574e-04 -1.13245616e-03 -7.85954459e-04
 -8.26509702e-04 -7.19006446e-04 -1.23134014e-03 -1.09391025e-03
 -1.16658749e-03 -1.12128562e-03 -3.91113283e-04 -1.39357199e-03
 -9.49147609e-04 -1.15992480e-03 -1.16847300e-03 -1.15088039e-03
 -1.01818353e-03 -1.09005444e-03 -7.80701917e-04 -6.44310500e-04
 -1.34863615e-03 -1.04059848e-03 -1.33793147e-03 -8.85239979e-04
 -9.90732512e-04 -1.27085343e-03 -1.05322469e-03 -1.10098487e-03
 -1.02034558e-03 -1.43308910e-03 -1.18907502e-03 -1.29538591e-03
 -9.17640692e-04 -9.33044766e-04 -1.18807252e-03 -1.34212620e-03
 -1.13878413e-03 -1.08443203e-03 -1.33577591e-03 -1.19231749e-03
 -1.37844351e-03 -1.06660769e-03 -1.05493843e-03 -1.38493072e-03
 -1.22718199e-03 -1.19902563e-03 -1.06536355e-03 -1.09326728e-03
 -1.13143413e-03 -1.31900427e-03 -1.00726776e-03 -1.13922920e-03
 -1.18672825e-03 -1.20926183e-03 -1.22978769e-03 -1.01874248e-03
 -1.06055253e-03 -1.13531626e-03 -1.14882083e-03 -1.02854454e-03
 -1.00660174e-03 -1.03862508e-03 -1.05044340e-03 -1.11954709e-03
 -9.32931649e-04 -1.07554228e-03 -1.02440220e-03 -1.16666153e-03
 -1.04683034e-03 -1.01650091e-03 -1.00002556e-03 -1.00307950e-03
 -1.01671724e-03 -8.94657830e-04 -9.62282292e-04 -9.63954591e-04
 -1.00453430e-03 -9.14478131e-04 -9.36511170e-04 -9.00455375e-04
 -9.24299100e-04 -1.00728033e-03 -8.92953522e-04 -9.18044873e-04
 -8.12458725e-04 -8.38046642e-04 -7.48911429e-04 -7.82739628e-04
 -7.27014608e-04 -8.08236975e-04 -7.91762984e-04 -6.92261458e-04
 -7.04084219e-04 -6.36309436e-04 -6.26603222e-04 -6.10301569e-04
 -6.76073357e-04 -5.32153289e-04 -6.28049676e-04 -5.26310749e-04
 -4.15970595e-04 -4.68953033e-04 -3.52672266e-04 -4.91024894e-04
 -4.44691398e-04 -3.93748060e-04 -3.27718844e-04 -3.87947523e-04
 -2.79359589e-04 -2.66804817e-04 -2.64376178e-04 -2.04714686e-04
 -3.44707474e-04 -1.79035139e-04 -2.09013051e-04 -1.23733584e-04
 -1.03336757e-04 -1.14403545e-04 -1.41819900e-04 -8.60507314e-05
 -4.19117807e-05 -1.14274614e-04 -7.75173452e-06 -3.05694191e-07
  3.28705559e-05  5.30450593e-05 -2.98880612e-06  6.14688865e-05
  1.06709559e-04  1.34689758e-04  1.40640554e-04  1.78243615e-04
  1.27411562e-04  2.39545644e-04  2.40638022e-04  1.65700138e-04
  2.60074555e-04  2.97210662e-04  2.98448397e-04  3.61113454e-04
  2.86206190e-04  3.15006299e-04  4.22027479e-04  4.21827092e-04
  3.79475698e-04  4.63741598e-04  4.58117911e-04  4.87673956e-04
  4.56943033e-04  4.27521114e-04  4.83729261e-04  5.36700786e-04
  5.50842981e-04  5.80316314e-04  5.43267752e-04  5.76243827e-04
  6.37501822e-04  5.84458121e-04  5.34169650e-04  6.12747928e-04
  6.52537712e-04  6.64573932e-04  6.37889118e-04  6.23892157e-04
  6.16261437e-04  7.05759516e-04  6.91456497e-04  6.54251663e-04
  6.68085869e-04  7.48394910e-04  7.46481661e-04  7.28992269e-04
  6.57731304e-04  6.91850643e-04  7.48192488e-04  7.43693429e-04
  7.46456045e-04  7.26170332e-04  7.40473870e-04  8.10015927e-04
  7.78793749e-04  7.04263907e-04  7.55759959e-04  8.01737510e-04
  7.68257706e-04  7.76220979e-04  7.38916568e-04  7.48145953e-04
  7.82220764e-04  8.00727604e-04  7.25543113e-04  7.67460212e-04
  7.91262805e-04  7.83476031e-04  7.57801582e-04  7.16719961e-04
  7.43956610e-04  7.65994574e-04  7.39725821e-04  7.19579430e-04
  7.44117659e-04  7.34544573e-04  7.52886879e-04  7.23290756e-04
  6.60492397e-04  7.09062999e-04  7.36683447e-04  7.05488344e-04
  6.75806630e-04  6.91188450e-04  6.78523447e-04  6.88331221e-04
  6.49916311e-04  5.98082666e-04  6.37436389e-04  6.86179107e-04
  6.57879065e-04  6.15740545e-04  5.84652862e-04  6.08466383e-04
  6.29076761e-04  5.59733232e-04  5.51986777e-04  5.78499451e-04
  5.95127914e-04  5.82426967e-04  5.37650251e-04  4.85211391e-04
  5.16839948e-04  5.46514470e-04  5.03393351e-04  4.75079859e-04
  4.80430707e-04  5.05408043e-04  4.80055775e-04  4.45230580e-04
  4.01098075e-04  4.39224953e-04  4.83996222e-04  4.27392840e-04
  4.00219970e-04  3.79266453e-04  4.05431273e-04  3.86489719e-04
  3.64691292e-04  3.19188211e-04  3.61754561e-04  3.86947466e-04
  3.47086808e-04  3.12226976e-04  2.99237647e-04  3.13011307e-04
  3.33089902e-04  2.97010204e-04  2.34930943e-04  2.96426125e-04
  2.88105225e-04  2.44848026e-04  2.45390971e-04  1.83040659e-04
  2.35512549e-04  2.63298422e-04  1.99384517e-04  1.83368680e-04
  2.27425346e-04  1.84807659e-04  2.12319314e-04  1.46951349e-04
  8.91624423e-05  1.69636922e-04  1.53209437e-04  1.27689354e-04
  1.05226320e-04  9.91102031e-05  1.21681094e-04  1.19812562e-04
  5.54465826e-05  4.75865616e-05  1.06052436e-04  5.71675295e-05
  8.03294325e-05  1.70573681e-05  3.82553057e-06  4.15138755e-05
  2.72016164e-05 -2.28484083e-05 -2.27644852e-05  1.45625187e-05
  6.11699299e-08  5.82007987e-06 -6.08787854e-05 -4.78138048e-05
 -1.41568685e-05 -3.97836021e-05 -5.39267685e-05 -1.01087104e-04
 -5.44654834e-05 -6.36307903e-05 -7.23966298e-05 -1.25127971e-04
 -1.12104752e-04 -7.88498008e-05 -9.37144090e-05 -1.07851649e-04
 -1.37109172e-04 -1.14141578e-04 -1.17286387e-04 -1.06029154e-04
 -1.84630041e-04 -1.64313706e-04 -1.31390112e-04 -1.48964757e-04
 -1.64161517e-04 -1.99921105e-04 -1.65989379e-04 -1.66558274e-04
 -1.59781527e-04 -2.21168025e-04 -1.97942488e-04 -1.77706384e-04
 -1.70595464e-04 -1.91533076e-04 -2.44924677e-04 -2.09294079e-04
 -2.01592258e-04 -2.05204861e-04 -2.58053575e-04 -2.11652797e-04
 -2.21733152e-04 -2.06280335e-04 -2.08052319e-04 -2.75740685e-04
 -2.24025733e-04 -2.22765808e-04 -2.13619882e-04 -2.46808643e-04
 -2.43007602e-04 -2.28535830e-04 -2.18684469e-04 -2.43109153e-04
 -2.87091508e-04 -2.32011781e-04 -2.49792063e-04 -2.08821648e-04
 -2.55203072e-04 -2.61460972e-04 -2.34874580e-04 -2.25311771e-04
 -2.42527865e-04 -2.74124414e-04 -2.39052301e-04 -2.47532938e-04
 -2.24527528e-04 -2.60651263e-04 -2.80841640e-04 -2.53412085e-04
 -2.40105981e-04 -2.39110156e-04 -2.77760701e-04 -2.43208346e-04
 -2.44065190e-04 -2.27116797e-04 -2.71796988e-04 -2.70706979e-04
 -2.50822470e-04 -2.43088165e-04 -2.45242116e-04 -2.71394568e-04
 -2.61717136e-04 -2.63275227e-04 -2.25375016e-04 -2.70395880e-04
 -2.60945979e-04 -2.39877214e-04 -2.38635175e-04 -2.29885155e-04
 -2.67367248e-04 -2.49584647e-04 -2.49350219e-04 -2.22004840e-04
 -2.68544423e-04 -2.45257862e-04 -2.52421169e-04 -2.38720392e-04
 -2.30067028e-04 -2.61999318e-04 -2.31160367e-04 -2.34621828e-04
 -2.05453789e-04 -2.44741697e-04 -2.41230881e-04 -2.47545723e-04
 -2.29380931e-04 -2.12374608e-04 -2.62573628e-04 -2.31283291e-04
 -2.34435746e-04 -2.16703998e-04 -2.41019810e-04 -2.41476794e-04
 -2.43245831e-04 -2.08920297e-04 -2.10432145e-04 -2.40671077e-04
 -2.17759733e-04 -2.51280197e-04 -2.18587562e-04 -2.39364791e-04
 -2.48971062e-04 -2.37536463e-04 -2.12866108e-04 -2.19678759e-04
 -2.28298154e-04 -2.37819898e-04 -2.42630195e-04 -2.10502666e-04
 -2.35080998e-04 -2.30950863e-04 -2.32112740e-04 -2.18321127e-04
 -2.24311536e-04 -2.37920916e-04 -2.51697714e-04 -2.54363724e-04
 -2.10600910e-04 -2.32793618e-04 -2.19413964e-04 -2.37018835e-04
 -2.25419967e-04 -2.25212970e-04 -2.42105394e-04 -2.48879484e-04
 -2.42056184e-04 -2.11196171e-04 -2.36063707e-04 -2.27353907e-04
 -2.62726180e-04 -2.49407985e-04 -2.35579791e-04 -2.54098026e-04
 -2.36726648e-04 -2.39223837e-04 -2.07762579e-04 -2.38652683e-04
 -2.41329566e-04 -2.79694810e-04 -2.59273970e-04 -2.37507465e-04
 -2.45123415e-04 -2.37300445e-04 -2.55054796e-04 -2.37415754e-04
 -2.51903630e-04 -2.59075908e-04 -2.77061376e-04 -2.48540847e-04
 -2.27413307e-04 -2.37005121e-04 -2.38961148e-04 -2.77814653e-04
 -2.53553320e-04 -2.59401867e-04 -2.58299656e-04 -2.74170054e-04
 -2.39532718e-04 -2.34556966e-04 -2.42145028e-04 -2.48520231e-04
 -2.86309507e-04 -2.47191808e-04 -2.44883510e-04 -2.32686174e-04
 -2.63178258e-04 -2.39249304e-04 -2.43563126e-04 -2.36443235e-04
 -2.61947332e-04 -2.84574079e-04 -2.24758890e-04 -2.40270220e-04
 -2.15776429e-04 -2.45587326e-04 -2.37610881e-04 -2.36529323e-04
 -2.25523883e-04 -2.37120506e-04 -2.56258111e-04 -2.04104232e-04
 -2.26388421e-04 -1.95316956e-04 -2.44235722e-04 -2.39577254e-04
 -2.17439367e-04 -2.01830925e-04 -2.14827166e-04 -2.25182353e-04
 -1.84190071e-04 -1.98916795e-04 -1.67806578e-04 -2.31218580e-04
 -2.18835410e-04 -1.82330841e-04 -1.84063027e-04 -1.73189918e-04
 -1.97302000e-04 -1.76846210e-04 -1.77011977e-04 -1.48556271e-04
 -2.05942056e-04 -1.71918963e-04 -1.53322008e-04 -1.29894321e-04
 -1.38080842e-04 -1.70911236e-04 -1.49864754e-04 -1.33773231e-04
 -1.20617880e-04 -1.62208093e-04 -1.25097338e-04 -1.15361122e-04
 -1.06063007e-04 -9.47657514e-05 -1.39057719e-04 -1.03974712e-04
 -7.43733427e-05 -4.97373276e-05 -9.70012402e-05 -7.34222524e-05
 -7.85891751e-05 -4.07456154e-05 -5.35506002e-05 -9.10331879e-05
 -3.64928955e-05 -3.10911312e-05  3.73790820e-06 -3.57088227e-05
 -2.53324684e-05 -6.53707350e-06  3.11168320e-05  3.27684728e-05
 -1.38447585e-05  3.63213954e-05  2.99777775e-05  6.55527368e-05
  2.09883459e-05  3.00684571e-05  4.80841169e-05  1.04399880e-04
  1.03414949e-04  5.31411585e-05  1.02075202e-04  1.07136084e-04
  1.48090939e-04  1.09009407e-04  1.11171702e-04  1.41338995e-04
  1.72279988e-04  1.60806684e-04  1.25261947e-04  1.64740271e-04
  1.61354928e-04  2.35124280e-04  2.00543513e-04  1.89525935e-04
  2.32940649e-04  2.63493189e-04  2.46430278e-04  2.25918558e-04
  2.44046575e-04  2.57634168e-04  3.32055386e-04  2.73844158e-04
  2.77936492e-04  2.98711179e-04  3.30955374e-04  3.53524109e-04
  3.23187647e-04  3.29923680e-04  3.77005897e-04  4.30029391e-04
  3.68523407e-04  3.73799086e-04  3.87452491e-04  4.01797968e-04
  4.45263420e-04  4.12250843e-04  4.18787727e-04  4.62659117e-04
  5.07900080e-04  4.47333608e-04  4.64443814e-04  4.63173886e-04
  5.07040365e-04  5.50400900e-04  4.86142698e-04  5.15725582e-04
  5.33553307e-04  5.60138587e-04  5.52832167e-04  5.24491054e-04
  5.43693752e-04  6.06092659e-04  6.25347792e-04  5.57776175e-04
  5.89926084e-04  5.93111396e-04  6.37956268e-04  6.22489281e-04
  6.24175717e-04  6.28196815e-04  6.80151843e-04  7.01191571e-04
  6.37203271e-04  6.45133236e-04  6.55554291e-04  7.02746727e-04
  7.04523987e-04  6.64309995e-04  6.96329098e-04  7.36836002e-04
  7.46299245e-04  7.05016749e-04  7.10851688e-04  7.06463572e-04
  7.84947547e-04  7.62962682e-04  7.28259588e-04  7.13393767e-04
  7.59783093e-04  7.69493912e-04  7.29753474e-04  7.23819821e-04
  7.32196656e-04  7.98091127e-04  7.98198335e-04  7.47831484e-04
  7.42249033e-04  7.69655838e-04  7.76333695e-04  7.43840867e-04
  7.24013398e-04  7.10885077e-04  7.84963594e-04  7.59881505e-04
  7.23090697e-04  7.17903692e-04  7.37608460e-04  7.46581000e-04
  7.49224821e-04  6.93589571e-04  6.86251019e-04  7.47107461e-04
  7.23825070e-04  6.61897690e-04  6.63363272e-04  6.60150454e-04
  6.94609780e-04  6.77319904e-04  6.19796419e-04  6.51315716e-04
  6.70560069e-04  6.42520663e-04  6.16202223e-04  5.73777418e-04
  5.78968510e-04  6.15772127e-04  5.93098603e-04  5.19494887e-04
  5.34506803e-04  5.37165786e-04  5.38905174e-04  5.00694646e-04
  4.69585125e-04  4.74841271e-04  5.12189856e-04  4.94990106e-04
  3.89306076e-04  4.02828095e-04  3.82802385e-04  4.03035344e-04
  3.89120116e-04  3.13257354e-04  3.42330773e-04  3.74398098e-04
  3.06768847e-04  2.62201025e-04  2.61446383e-04  2.17747922e-04
  2.67831550e-04  2.49338360e-04  1.46430481e-04  1.96887863e-04
  2.00514869e-04  1.40823529e-04  1.14576651e-04  8.10105941e-05
  7.19262501e-05  1.29850956e-04  4.24045223e-05 -6.42192746e-08
  1.45831212e-05 -1.33286853e-05 -1.38019375e-05 -1.85916574e-05
 -1.31374987e-04 -6.74117900e-05 -5.12097959e-05 -1.31824863e-04
 -1.59872913e-04 -1.68933268e-04 -2.09130390e-04 -1.59510892e-04
 -2.31915054e-04 -2.99995590e-04 -2.71271966e-04 -2.42638154e-04
 -3.02354583e-04 -3.34195679e-04 -3.71462620e-04 -3.50472419e-04
 -3.33773064e-04 -4.10745952e-04 -4.54982162e-04 -4.49456656e-04
 -4.83994170e-04 -4.41095086e-04 -5.21139269e-04 -5.64948290e-04
 -5.36608658e-04 -4.42122636e-04 -5.90641299e-04 -6.13537871e-04
 -6.49197403e-04 -6.57640779e-04 -6.34941144e-04 -6.46956316e-04
 -7.14159827e-04 -7.06065699e-04 -6.85519729e-04 -7.43011607e-04
 -7.71971382e-04 -7.81875943e-04 -8.43418345e-04 -7.24463607e-04
 -8.12709262e-04 -8.38249788e-04 -8.46379744e-04 -8.64873311e-04
 -9.06438659e-04 -9.07538482e-04 -1.00367922e-03 -9.47098799e-04
 -8.93594100e-04 -9.76969378e-04 -9.82733139e-04 -9.64936174e-04
 -1.04552826e-03 -9.68542394e-04 -1.02916682e-03 -1.07829244e-03
 -1.09603823e-03 -1.02982735e-03 -1.06281039e-03 -1.11015847e-03
 -1.13424334e-03 -1.12333221e-03 -1.06043242e-03 -1.15586639e-03
 -1.12519188e-03 -1.14448456e-03 -1.16269968e-03 -1.13625497e-03
 -1.16524251e-03 -1.15641918e-03 -1.24698847e-03 -1.11314521e-03
 -1.25704947e-03 -1.19177513e-03 -1.22409456e-03 -1.20046482e-03
 -1.16299820e-03 -1.20039878e-03 -1.19977946e-03 -1.24451511e-03
 -1.08486070e-03 -1.30767170e-03 -1.22032770e-03 -1.25910457e-03
 -1.25221848e-03 -1.16190172e-03 -1.29825988e-03 -1.25668024e-03
 -1.28748206e-03 -1.21005361e-03 -1.27473600e-03 -1.16269647e-03]
