Frame: 39
temp_s_est shape: (1024,)
temp_s_est dtype: float64
temp_s_est:
[-1.59933465e-04  5.82011092e-05  1.54209874e-04  1.54062698e-04
  1.47006972e-04  1.58898225e-05  8.97143999e-05  1.34106063e-04
 -1.15094445e-05  4.71901177e-05  2.15356653e-04  2.52047924e-04
  3.54507990e-04  3.00030777e-04  8.65999876e-05 -5.21619327e-05
  2.59189207e-04  3.54631562e-04  2.11884164e-04  1.39516991e-04
  1.49158169e-05  2.71610400e-04  2.21090572e-04  9.80566735e-05
  2.66673920e-04  2.39474778e-05  2.13841897e-04  4.25647358e-04
  1.72730041e-04  1.67353733e-04  2.43229353e-04  2.24860804e-04
  1.90652473e-04  3.45649035e-04  2.21642354e-04  4.69144000e-05
  2.16960247e-04  9.08054909e-05  1.67481178e-04  1.31769074e-04
  3.48091613e-05  7.94019351e-05  2.36896157e-04  8.60018794e-05
  8.24361352e-05  1.49150055e-04 -9.47301026e-06  2.20054984e-04
  1.46543920e-04  2.64661015e-04  1.76316172e-04  2.04036005e-04
  1.99477207e-04  1.88600719e-04  7.20773171e-05  8.79402287e-05
  3.45342171e-04  2.84863010e-04  1.20975967e-04  4.60798966e-04
 -8.45401134e-05  1.48595340e-04  2.73756611e-04  2.86518047e-04
  2.44122402e-04  6.87965475e-05  1.63243126e-04  1.45942705e-04
  4.03820828e-04  3.86411084e-04  3.38828084e-04  2.83641686e-04
  2.51607157e-04  3.57367412e-04  2.44315960e-04 -1.89555999e-05
  3.30981157e-05 -1.96083554e-05  4.01795562e-04  2.03951526e-04
  2.42699824e-04  2.52889709e-04  3.80512736e-04  2.14806802e-04
  3.40780486e-04  2.80025953e-04  1.72422415e-04  3.01646121e-04
  3.54000242e-04  2.06980931e-04  1.75589366e-04  3.46863764e-04
  3.02072957e-04  2.77917741e-04  2.12288047e-04  2.24473290e-04
  1.83045200e-04 -1.40769033e-05  2.88262343e-04  3.70851688e-04
 -2.37813041e-05  2.75720946e-04  5.85446969e-05  1.91944076e-04
  4.31759580e-04  2.72120476e-04  2.12624607e-04  1.89125197e-04
  4.40086372e-04  4.65985462e-04  5.41129203e-04  2.47074533e-04
  9.22160242e-05  3.27964030e-04  2.46811828e-04  2.14552552e-04
  3.22009366e-04  3.50780345e-04  3.49566609e-04  4.26403634e-04
  3.13210740e-04  3.34780679e-04  2.55120461e-04  4.28755173e-04
  5.54319739e-04  5.16871161e-04  1.83440313e-04  5.77753983e-04
  3.45565888e-04  1.80677962e-04  4.36360722e-04  4.45904874e-04
  2.30795031e-04  3.88360833e-04  1.84822338e-04  1.92989611e-04
  3.36609851e-04  1.48134158e-04  2.66596770e-04  5.16480603e-04
  3.94838242e-04  6.13491660e-04  2.42717500e-04  3.24155444e-04
  2.31180383e-04  3.35125784e-04  2.98150689e-04  2.92271845e-04
  4.68953912e-04  2.39203052e-04  6.94969722e-04  5.00847421e-04
  2.39723593e-04  3.86600287e-04  1.97111836e-04  5.02181284e-04
  5.54836061e-04  1.36032943e-04  2.56458907e-04  3.99940899e-04
  8.00353698e-04  6.57360806e-04  6.05519194e-04  2.68768561e-04
  6.60509909e-04  6.62691046e-04  4.76761527e-04  5.05220893e-04
  3.95064499e-04  4.88939819e-04  7.03643927e-04  5.34122578e-04
  3.98726870e-04  5.39740923e-04  4.28632031e-04  5.13930759e-04
  5.43319282e-04  1.70365618e-04  6.20540047e-04  4.15926927e-04
  4.50174731e-04  5.75300915e-04  4.95929805e-04  7.89215410e-04
  6.34558268e-04  9.19685216e-04  6.82884791e-04  5.89226613e-04
  4.91124727e-04 -1.92272350e-05  2.99908805e-04  3.84950003e-04
  6.62605755e-04  7.41248741e-04  2.36392299e-04  7.44346441e-04
  8.34295183e-04  7.30653700e-04  7.27205638e-04  3.89966818e-04
  5.31122599e-04  5.73523971e-04  6.79476056e-04  2.23090973e-04
  4.26768536e-04  8.74238964e-04  9.58492920e-04  1.08147957e-03
  7.62717980e-04  3.21337839e-04  7.38581945e-04  7.04315368e-04
  3.82500466e-04  5.81341094e-04  4.35843299e-04  1.24876327e-03
  9.77004513e-04  8.32708871e-04  7.24105864e-04  9.33002874e-04
  8.84777911e-04  9.03418350e-04  6.56391373e-04  9.49352264e-04
  9.00439757e-04  9.36671672e-04  2.89619443e-04  7.02308374e-04
  9.17941580e-04  6.02301771e-04  1.00669180e-03  4.98107944e-04
  5.53607591e-04  4.63433492e-04  5.82130926e-04  5.42497256e-04
  8.90625642e-04  9.13206877e-04  1.12553059e-03  9.66409989e-04
  8.01648818e-04  8.20751353e-04  9.44844820e-04  5.33071865e-04
  5.60396332e-04  4.26722483e-04  8.32007281e-04  1.09710534e-03
  8.83081127e-04  7.24746514e-04  9.05411417e-04  7.01963423e-04
  1.38416576e-03  1.53795310e-03  8.21857306e-04  1.02087822e-03
  8.29317118e-04  9.35464545e-04  1.19907021e-03  6.54977834e-04
  1.07951764e-03  1.28034291e-03  1.12848021e-03  1.06429280e-03
  1.13177451e-03  1.21353786e-03  5.32688566e-04  9.56217558e-04
  7.18294276e-04  3.31667987e-04  7.82714338e-04  5.80580735e-04
  1.28962250e-03  1.16420563e-03  9.48984756e-04  1.38984706e-03
  7.68778412e-04  5.41014561e-04  8.21710376e-04  5.83226683e-04
  5.09171867e-04  1.36670318e-03  1.53250025e-03  1.53173231e-03
  1.56853751e-03  1.26875952e-03  4.00600344e-04  1.12556113e-03
  8.15938540e-04  8.36222962e-04  1.05508605e-03  5.28925879e-04
  8.52417069e-04  1.40370674e-03  1.27104150e-03  1.20688771e-03
  1.17020613e-03  1.56358345e-03  1.69261138e-03  1.07955402e-03
  8.33778583e-04  9.34230634e-04  1.13020337e-03  1.09525618e-03
  9.40417969e-04  1.17469651e-03  1.31877646e-03  1.44998582e-03
  8.80410476e-04  5.01055989e-04  1.65320701e-03  1.47045487e-03
  1.27261345e-03  1.19720381e-03  1.18722768e-03  1.45726714e-03
  1.59901885e-03  1.24928329e-03  9.62070652e-04  9.87674335e-04
  1.60490938e-03  1.51395136e-03  1.41849113e-03  8.57038287e-04
  1.57234914e-03  9.42575501e-04  1.24922773e-03  8.21283078e-04
  8.02301985e-04  1.86455147e-03  1.83117667e-03  9.49369915e-04
  1.04810366e-03  1.27033031e-03  1.74625037e-03  1.80432434e-03
  1.00057378e-03  7.13573390e-04  1.22341419e-03  1.38708987e-03
  1.09576759e-03  1.28394862e-03  1.32658199e-03  1.45235378e-03
  1.30889870e-03  1.16647733e-03  7.18711981e-04  1.11317263e-03
  1.02893114e-03  1.94487981e-03  1.83946975e-03  1.70575311e-03
  2.15866244e-03  2.52258117e-03  1.55280332e-03  1.83165698e-03
  1.64209346e-03  1.65595881e-03  1.96118670e-03  1.20577106e-03
  1.02616996e-03  1.37824716e-03  1.47896281e-03  1.57017240e-03
  2.00429494e-03  1.35092207e-03  1.27058443e-03  1.58641855e-03
  1.05358776e-03  8.96146830e-04  1.35797697e-03  1.65706112e-03
  1.99016476e-03  1.13513347e-03  1.30891462e-03  1.60412990e-03
  9.98253664e-04  1.39884585e-03  1.02431687e-03  1.65899691e-03
  1.10866123e-03  2.16481908e-03  1.84839708e-03  9.08207132e-04
  1.25321064e-03  1.54140065e-03  1.99635148e-03  1.91903683e-03
  1.49226700e-03  2.03237873e-03  1.85483400e-03  1.47529725e-03
  1.25449515e-03  1.23451778e-03  1.32173392e-03  1.96412831e-03
  1.87445054e-03  1.82287379e-03  2.37391560e-03  1.65319055e-03
  1.87232536e-03  1.53281292e-03  1.15022777e-03  1.38539479e-03
  1.74925350e-03  1.40449730e-03  1.25884471e-03  1.38467401e-03
  1.73463185e-03  2.24714041e-03  2.19121939e-03  1.93667426e-03
  2.14664961e-03  1.70874971e-03  1.68430119e-03  1.05572311e-03
  9.73993342e-04  1.25922502e-03  1.53931056e-03  1.39493579e-03
  1.01295318e-03  2.23083079e-03  1.71340985e-03  1.77032771e-03
  1.88032406e-03  7.30428731e-04  1.52707843e-03  1.73462661e-03
  1.38769864e-03  1.77832921e-03  2.11677482e-03  2.17786482e-03
  2.38902347e-03  1.94640249e-03  1.14973526e-03  8.97123229e-04
  1.12266970e-03  1.42883156e-03  1.65555520e-03  1.45609712e-03
  1.48284811e-03  2.37364677e-03  1.61513062e-03  2.00445032e-03
  1.71730863e-03  1.45028797e-03  2.08154632e-03  2.28982768e-03
  1.46358173e-03  1.89542363e-03  1.74743358e-03  2.08716183e-03
  2.10703305e-03  1.64532471e-03  1.84713908e-03  1.87719969e-03
  2.21841184e-03  1.47170491e-03  1.04543072e-03  1.05818191e-03
  4.02794075e-04  1.32748958e-03  1.44373867e-03  1.78902182e-03
  2.40277403e-03  1.97023899e-03  2.29138219e-03  1.47323704e-03
  1.20046365e-03  1.66463613e-03  1.37203955e-03  1.40380190e-03
  1.10641528e-03  1.18039577e-03  1.85181655e-03  1.67902084e-03
  1.25732818e-03  1.51126079e-03  2.44063862e-03  1.97664103e-03
  1.75193048e-03  1.02005974e-03  1.34874289e-03  1.94715892e-03
  2.64880500e-03  2.16254788e-03  2.23044497e-03  2.07349154e-03
  2.43853174e-03  2.20725784e-03  8.32716732e-04  1.11853094e-03
  1.65074294e-03  1.04936000e-03  1.36102986e-03  1.39530987e-03
  1.73181858e-03  1.63002147e-03  2.00054607e-03  2.14789341e-03
  1.56840092e-03  1.66241440e-03  1.02554935e-03  2.00762293e-03
  1.43797417e-03  7.76736590e-04  1.66906392e-03  1.61661635e-03
  1.53593455e-03  1.99623246e-03  1.56945544e-03  2.19624203e-03
  1.62707315e-03  1.68708823e-03  6.98812903e-04  1.27919052e-03
  1.00343524e-03  1.06184105e-03  1.85526999e-03  1.92313755e-03
  1.82795663e-03  1.71817243e-03  1.56618499e-03  2.35526502e-03
  2.50653660e-03  1.63075602e-03  1.92065608e-03  1.66417182e-03
  1.81509950e-03  1.49957633e-03  1.44590433e-03  1.78412112e-03
  2.05365924e-03  1.22361054e-03  7.38570100e-04  1.24265914e-03
  1.82238654e-03  1.14540529e-03  1.33834596e-03  1.68639210e-03
  1.49345966e-03  1.87270203e-03  1.02402479e-03  1.68608548e-03
  2.15650054e-03  1.43179496e-03  2.18923434e-03  1.19315142e-03
  1.60460590e-03  1.18426934e-03  8.96014041e-04  1.51514729e-03
  1.75633641e-03  1.55601509e-03  2.03632502e-03  2.26631858e-03
  1.43705177e-03  9.55631772e-04  9.12639800e-04  8.18583223e-04
  1.80543432e-03  1.87410836e-03  1.17034144e-03  1.46170893e-03
  2.14183701e-03  2.24612507e-03  1.69217059e-03  5.27424737e-04
  1.32342640e-03  1.88436647e-03  1.46277419e-03  1.40833195e-03
  1.17407320e-03  6.48232358e-04  9.18594135e-04  1.50585972e-03
  1.76175805e-03  1.27233581e-03  1.78318683e-03  1.72586774e-03
  2.16046374e-03  1.61664067e-03  7.27613674e-04  1.88121633e-03
  2.23665165e-03  1.54984996e-03  1.10004153e-03  9.59208908e-04
  1.15660910e-03  1.87263531e-03  1.16739948e-03  1.01671159e-03
  1.38120310e-03  1.32428903e-03  1.50260690e-03  1.01560336e-03
  1.53463844e-03  1.61801894e-03  1.89844654e-03  1.67816011e-03
  1.54247423e-03  1.55959390e-03  1.29931006e-03  1.39620275e-03
  6.77915345e-04  1.32033660e-03  1.42264475e-03  8.50656312e-04
  4.27223231e-04  4.03873037e-04  1.34274074e-03  1.25530034e-03
  1.43111401e-03  1.45265578e-03  9.84991066e-04  1.45543893e-03
  1.35475510e-03  9.98723556e-04  6.72467074e-04  6.53895849e-04
  1.71658173e-03  1.58397941e-03  1.72056974e-03  2.14487082e-03
  1.57713917e-03  1.71703890e-03  1.36309588e-03  6.12887580e-04
  9.55638460e-04  1.61919123e-03  1.02022014e-03  8.34733567e-04
  6.36094808e-04  9.85685214e-04  1.07578989e-03  1.74055275e-03
  1.47760340e-03  1.52734031e-03  1.16172634e-03  6.51611250e-04
  8.16181533e-04  7.21325707e-04  1.19154108e-03  1.47033914e-03
  1.19673745e-03  7.57669612e-04  1.21935292e-03  5.88282394e-04
  9.65040053e-04  8.91096516e-04  5.08180641e-04  1.10036572e-03
  1.78407650e-03  1.38826291e-03  1.04255782e-03  1.05224893e-03
  9.52599040e-04  1.26561988e-03  1.44615056e-03  5.21645671e-04
  5.73338457e-04  9.41337761e-04  9.17340918e-04  8.58761593e-04
  3.82318208e-04  8.80082314e-04  9.85996416e-04  1.11344684e-03
  1.54052677e-03  1.20727881e-03  5.28599612e-04  8.03597563e-04
  9.58630709e-04  5.03953535e-04  2.54539256e-04  1.18314690e-03
  1.18659170e-03  1.45887416e-03  1.13111765e-03  9.08004987e-04
  9.79519622e-04  1.34817875e-03  1.36060139e-03  7.32555883e-04
  2.61347973e-04  4.35908210e-04  6.42348664e-04  7.02497553e-04
  4.98100046e-04  9.87449017e-04  1.19789024e-03  5.95001985e-04
  8.88530730e-04  8.72444124e-04  9.63344846e-04  1.07149221e-03
  6.68862034e-04  1.37707585e-03  7.61808308e-04  4.01497723e-04
  6.57706979e-04  8.62161614e-04  9.84614090e-04  9.59647445e-04
  7.48139590e-04  2.48075702e-04  1.57823611e-04  3.23633504e-05
  3.72804318e-04  6.81555707e-04  1.13066735e-03  1.14961822e-03
  1.15944287e-03  1.00692207e-03  9.01553169e-04  6.94984276e-04
  5.72335117e-04  8.69991964e-04  8.09420043e-04  1.56985938e-04
  9.00449122e-04  9.25553806e-04  8.54141418e-04  1.11342111e-03
  6.10311325e-04  8.56952419e-04  4.94485426e-04  5.08139939e-04
  7.13994924e-04  9.43058991e-04  7.24459761e-04  5.36977964e-05
  6.19351115e-04  8.29796647e-04  1.31720429e-03  9.14920088e-04
  2.03281297e-04  8.75083082e-04  5.46107611e-04  6.01131794e-04
  4.85401181e-04  8.01382769e-05  5.54452235e-04  9.34198665e-04
  5.85913823e-04  3.29530409e-04  3.21198245e-04  4.17240093e-04
  5.46869563e-04  9.50524665e-04  5.04055392e-04  8.30512329e-04
  5.45685787e-04  9.65157107e-04  9.74075514e-04  7.29875667e-04
  2.99080126e-04  6.39708564e-04  6.29526899e-04  2.08799988e-04
  2.49861507e-04  1.54904659e-04  3.71724182e-04  5.91009028e-04
  3.62833527e-04  9.31322588e-04  5.52556836e-04  6.90973928e-04
  6.58097057e-04  7.33801605e-04  7.53668568e-04  4.99925040e-04
  6.83088874e-04  3.54113421e-04  6.14461050e-04  3.43991323e-04
  1.18742858e-04  4.78160216e-04  5.30929947e-04  6.46678247e-04
  5.93073124e-04  3.21494037e-04  6.46828714e-04  3.20355246e-04
  2.81756379e-04  2.21021384e-04  5.83977096e-04  5.16750782e-04
  2.05321361e-04  6.52944515e-04  5.87597043e-04  8.38690225e-04
  4.27726425e-04  4.35319028e-04  4.94600456e-04  4.63217816e-04
  4.00549034e-04  4.93968527e-04 -3.24719837e-05 -4.74789586e-05
  5.00822181e-04  1.97881289e-04  3.71931385e-04  4.90134060e-04
  4.51185656e-04  3.79833025e-04  3.25198365e-04  2.20679051e-04
  1.38026132e-04  5.03113094e-04  5.69215430e-04  4.44019386e-04
  6.28060659e-04 -6.66347217e-05  6.55999608e-04  6.28494268e-04
  2.86975797e-04  2.90634219e-04  1.83647495e-04  4.40599707e-04
  5.18076229e-04  1.40897975e-04  2.16886287e-04  4.10342475e-04
  6.09435983e-04  5.91399160e-04  6.01544678e-04  3.64894559e-04
  2.99040732e-04  4.09781904e-04  2.41012973e-04  3.18961035e-04
  2.60474414e-04  6.24490789e-05  2.36187421e-04  4.11550611e-04
 -1.33847096e-05  2.67142236e-04  2.92306792e-04  2.14419090e-04
  2.18892123e-04  1.58136516e-04  2.73217798e-04  2.50813317e-04
  2.54701954e-04  1.08857418e-04  2.33083407e-04  3.91748311e-04
  5.53990699e-04  2.66159220e-04  1.56199384e-04  4.06139218e-04
  4.29544911e-04  2.68549006e-05  2.69327406e-04  1.77919847e-04
  1.94407356e-04  4.41104402e-04  3.79325974e-05  1.92530522e-04
  2.60907441e-04  5.12200454e-04  3.23045890e-04  3.10345369e-04
  4.60175125e-04  3.40231203e-04  5.70338528e-04  2.29032224e-04
  3.89242020e-04  2.58118225e-04  3.84711407e-04  6.08731250e-04
  2.27682593e-04 -2.67078853e-05  3.78729813e-05 -9.97796804e-05
  3.62365402e-05  3.41516678e-04  2.46621467e-04  2.37735482e-04
  3.88051564e-04  1.08123002e-05  5.13162713e-05  3.05989075e-04
  3.74009889e-04  1.61135680e-04  2.09223841e-04  2.03782143e-04
  1.28911074e-04  2.26253535e-04 -6.75533442e-05  2.17470579e-04
  4.19258676e-04  2.74732878e-04  5.02809088e-04 -1.18085900e-04
  1.17783505e-04  2.85493016e-04  7.68506497e-05  9.20939552e-05
  2.04302539e-04  3.03272163e-04  3.65929445e-04  4.13753682e-04
  9.32152443e-05  9.39378640e-05  4.11705467e-04  4.23191479e-04
  2.33168128e-04  9.97266441e-05 -8.79328008e-05  2.52058038e-04
  2.11876100e-04  1.54323585e-04  1.63379245e-04  1.48522828e-04
  2.92583452e-04  3.35904135e-04  1.37182904e-04  2.67223158e-04
  1.62903818e-04  1.68901240e-04  1.90455161e-04  4.14750977e-04
  1.50256407e-04  2.17586526e-04  2.68466113e-04 -1.34765376e-05
  8.71793456e-05  1.78198545e-04  7.19429187e-05  1.18484528e-04
 -6.77382875e-05  9.56805970e-07  1.28094290e-04  2.94310940e-05
  1.60873405e-04  5.96549729e-05  2.77301445e-04  1.57860940e-04
  2.77806354e-04 -1.11310682e-05  8.57831881e-05  1.11435727e-04
  2.77059961e-04  2.46539836e-04  2.81365134e-04  1.69835890e-04
  3.10977595e-04  1.80718673e-04 -1.23173812e-04  1.64042227e-04
  2.38083545e-04  1.71282955e-04  2.99169230e-04  2.48105687e-04
  1.03126889e-04  1.34192382e-04  2.06643393e-04  2.69651391e-04
  2.36406436e-04  2.51001387e-04  1.60677365e-04  1.20467494e-04
  1.60215562e-04  2.32539485e-04  2.83193634e-04  4.41335431e-05
  2.34011609e-04  1.72119712e-04  7.32762007e-05  1.35714117e-04
 -5.12834559e-05 -3.06722494e-06  1.45635363e-04  1.86471977e-04
  2.26172510e-04  8.03393813e-05  2.88620749e-05 -1.04316181e-05
  3.56116723e-04  2.27056831e-04  4.89082732e-05  3.18074435e-04
  1.93231641e-04  1.62339052e-04 -1.06218326e-06 -1.29812430e-04
  8.49549613e-05  1.81248572e-04  1.16034369e-04  1.73167334e-04
 -3.93990007e-05  3.01238841e-04  4.22854044e-04  2.29790191e-04
  3.68057427e-05  2.09082155e-04  2.57304406e-04  2.69140541e-04
  1.05479405e-04  1.13820565e-04 -1.46634111e-05  2.89539910e-04
  2.37291363e-04  3.67466495e-04  4.23595953e-04  6.73231993e-05
  1.96467405e-04  9.83700452e-05 -5.24072844e-05  7.37471554e-05
  1.69291729e-04  1.74723202e-04  1.63860722e-04  1.58509917e-04
  2.65576581e-04  2.64459072e-04  1.65986666e-04  1.13726112e-04
  1.70836969e-04  1.10668128e-04  2.11202003e-04  1.15670758e-04]
