Frame: 14
temp_s_est shape: (1024,)
temp_s_est dtype: float64
temp_s_est:
[-1.06283332e-04 -9.96195464e-05  2.31963961e-04 -1.19032412e-04
 -1.35232456e-04  1.40413290e-04 -1.61032126e-04  1.42086195e-04
  9.65126083e-05 -1.53461890e-04  1.30742990e-04  7.34305721e-05
 -1.89698449e-04  1.93774968e-04  1.19708738e-04 -1.12370538e-05
  2.61754800e-04  1.02537609e-04 -6.75388253e-05  2.25913884e-04
 -1.08104485e-04 -5.47118861e-06  5.09815930e-05 -1.20526015e-04
  9.46717793e-05 -2.51357039e-06  8.26686101e-05 -8.54138366e-05
 -6.62977451e-05 -9.95594546e-06 -2.61771049e-04 -1.44876496e-04
 -7.23280586e-06  4.78251903e-05 -1.38336649e-04 -1.95571619e-04
 -7.40851619e-05 -1.83789504e-04 -6.33355779e-05  7.50869624e-05
 -5.87325183e-05 -6.33064201e-05  1.53320491e-06  1.56294438e-04
 -1.44906050e-04  4.26204706e-05  1.20252762e-04 -2.14744856e-04
  1.86843090e-04  2.60353124e-04 -1.88288325e-04  2.60193813e-04
  8.68383347e-05 -9.32295969e-05  2.27905288e-04 -1.45289189e-04
 -4.29901577e-05 -2.21534437e-04  2.62779636e-05 -2.06074335e-05
 -1.06203291e-06 -1.56175546e-05 -3.57799114e-05 -1.97560868e-05
 -2.37505338e-04  6.59309458e-05 -2.20907495e-04 -2.49720512e-04
  4.19096118e-05 -1.96418603e-04 -5.62040993e-05 -1.89476165e-05
  9.17966895e-05 -2.37176750e-04  8.21159174e-06  3.48456117e-05
 -1.19038815e-04 -1.28564302e-04  1.75349832e-04 -3.85227714e-05
 -2.46955175e-04  8.50430834e-05 -1.13350862e-04  1.52189718e-04
  1.95733663e-04  3.24148885e-05  8.81353930e-05 -7.19570688e-06
  3.30965254e-05 -7.78739393e-06 -7.06614693e-06 -2.10130152e-04
  2.98221308e-04 -3.85902069e-05  1.36379258e-04  2.22975538e-04
 -3.65652691e-04  8.51645527e-05  4.38030741e-05 -3.08594149e-04
  1.75825820e-04 -1.85125702e-04 -2.09202711e-04  9.27116410e-05
 -2.38203258e-05 -2.72722004e-04 -3.26385421e-04 -1.20877173e-04
 -6.02783955e-05 -5.38465340e-05 -1.48784239e-04 -2.00558335e-04
  1.70674037e-05 -1.65212030e-04 -3.47499473e-04  1.49571728e-04
 -1.11740830e-04  6.49635536e-05  3.54897960e-05  1.30724482e-04
 -4.78129719e-06 -6.17888019e-05  3.53170785e-04 -4.90222227e-05
  2.71758180e-04  2.14891068e-04  1.39199518e-04  1.15175726e-04
 -6.62035112e-05  4.29344890e-05  3.56748370e-04  2.25319316e-05
  7.09643670e-05  9.68051531e-05 -2.27861632e-04  2.11106052e-04
 -4.83050395e-05 -3.05622840e-04 -1.73521282e-04 -1.20114887e-04
 -4.52267898e-04 -4.33804291e-05 -2.95111873e-05 -3.22444317e-04
 -1.71309925e-04 -2.63244307e-04 -6.33752727e-05 -2.65323070e-04
 -2.09056916e-04  2.95945302e-05 -2.23739835e-04 -6.65044098e-05
  1.46536723e-04  3.38037917e-05  5.38148950e-05  2.23026246e-04
  1.50682780e-04  1.79179407e-04 -4.99634448e-05  2.44668377e-04
  8.18832716e-06  2.27496203e-04  4.27987163e-04  7.45624224e-05
  2.34802818e-04  2.51222776e-04  9.43319445e-05 -1.82777248e-04
  2.53309987e-04 -2.25775488e-05 -1.84256026e-05  1.00685988e-04
 -6.26137782e-04 -6.99189535e-05  7.90755068e-05 -5.24885481e-05
  1.17444389e-04 -1.59018048e-04 -2.87130683e-04  3.07266744e-05
 -3.95872153e-04 -1.13945271e-04 -3.22506232e-05 -2.04341293e-04
 -9.81273463e-05  1.79945415e-04  1.39386046e-04 -1.58833800e-04
 -4.43170847e-06  3.58249470e-05  8.60687131e-05  1.21437477e-04
 -1.61069203e-04  2.85902326e-04  8.34046762e-05  1.43357812e-05
  1.58736857e-04  4.03122729e-05  2.25687632e-04  8.79591966e-05
  2.70793730e-04  1.47001257e-04  1.51394048e-04  1.15800075e-04
 -3.78299254e-04  1.30462323e-04  1.94939882e-04 -2.77535125e-04
  2.64984541e-04  1.69933928e-04 -4.70485660e-04  5.39788063e-05
 -1.10850766e-04 -2.49093332e-04 -2.60619772e-04 -1.30109313e-04
 -4.19807620e-04  5.40654501e-05 -2.40163241e-04 -9.65321872e-05
  1.34116985e-04 -5.44702069e-04  3.63300072e-04  4.71977945e-05
 -2.69127957e-04  2.45693811e-04  2.46236235e-05  1.39310893e-04
  3.84515822e-04  7.44897550e-05 -1.31431378e-04  4.15683312e-04
  6.87623053e-04  2.13824518e-04  1.62628437e-04  5.61813097e-04
  8.23085862e-05  1.00551008e-04  3.14148779e-04 -1.48824115e-04
 -6.28279789e-05  1.59352936e-04 -2.09828284e-05 -5.70340058e-06
  2.33193079e-04  1.00948584e-04 -1.15393111e-04 -1.36868724e-04
 -6.40502436e-04 -1.00482092e-04 -5.18789054e-04 -6.04754548e-05
  1.19485751e-04 -2.12263883e-04 -3.46647275e-04  7.47029984e-05
 -1.06775399e-04  1.10522468e-04  1.71672519e-04 -3.44175883e-04
 -1.37435338e-04  5.51998996e-04 -1.46468891e-04  9.25907753e-05
  3.06550609e-04 -7.20633575e-06  4.45475190e-04  4.96921134e-04
  4.54773896e-04  4.53032215e-04 -4.44905186e-04  2.72955626e-05
  3.64946794e-04  9.43411570e-05  6.99579822e-05 -2.49349105e-04
  4.86917020e-04  3.96672960e-04  2.19659359e-05  1.94532043e-04
 -2.60164783e-04  1.17190570e-04  6.40992960e-05  1.51319051e-04
 -1.81576616e-04 -2.41660109e-04 -5.16510384e-04  4.25910480e-06
 -3.42256402e-04  4.44778249e-05 -2.16920060e-05  1.03182976e-05
  2.57314885e-04 -1.42294530e-04 -4.84834692e-04 -4.57052242e-04
  1.79492258e-04 -7.22472956e-04  6.47143652e-04  1.47824078e-04
 -2.43581915e-04  6.52496714e-04  2.24226949e-04  2.59501697e-04
 -6.54497039e-05  3.32789276e-04  3.47779919e-05  4.87233724e-04
 -1.11968720e-04  6.57641042e-04 -1.46967691e-04  4.68838913e-04
  7.18102123e-04  2.08874078e-04  1.35897771e-04  1.11608059e-04
  4.44825189e-04 -5.63419064e-04  2.08426312e-04 -1.92880392e-04
 -1.63421105e-04 -5.81526393e-05 -9.24199183e-05  5.43980317e-05
 -9.91460855e-04  3.98250445e-04 -8.83207066e-04 -1.62694223e-04
 -7.41754418e-05 -5.95877892e-04 -1.86486352e-04 -3.59288239e-04
 -6.47559709e-05 -4.16294185e-04  4.73627102e-04 -3.06417003e-04
  1.56284176e-04  2.66708268e-04 -7.14207032e-05  1.56954968e-04
 -4.87997690e-04  1.67271279e-04  9.86033016e-04  1.16755736e-03
  1.56865293e-04  7.88539932e-04 -4.17395746e-04  5.94678331e-04
  5.54775486e-04 -3.07923200e-04  5.01819279e-04  1.18445480e-04
  1.72033139e-04  6.40507613e-05 -3.44527569e-04  6.81106357e-05
 -6.79418189e-04 -2.55567526e-04 -4.27499140e-04  1.97897255e-04
 -3.97959605e-04 -8.34754277e-04 -1.47536691e-04 -1.66914879e-04
 -8.38869651e-04 -4.89426344e-04  7.20070254e-04 -3.55180357e-04
 -9.60547758e-07 -7.05906467e-05 -1.46487688e-04 -1.29540916e-04
  5.37512834e-04 -1.65635212e-04  2.93959575e-05  4.92050725e-04
  8.10915244e-05  8.98928510e-04 -8.13023086e-04  5.92570245e-04
  6.48440866e-04  2.89660891e-04  4.04533366e-04  5.71040371e-04
 -1.53988979e-04 -4.13314590e-05  3.68823953e-05 -5.21485035e-04
  5.91127064e-04 -1.30764901e-06 -2.50560867e-04 -3.32322143e-06
  1.16200318e-06 -5.70365522e-04 -3.41179211e-04  2.50771775e-05
 -3.92393323e-04 -6.28993137e-04 -5.67684757e-04  6.49384594e-04
 -1.31929602e-03 -3.49710537e-04  4.51199775e-04 -9.44970287e-05
  3.79862888e-04 -4.28348231e-05  1.40378108e-04 -9.53632007e-04
  1.80532923e-04 -2.70450758e-05 -3.53271031e-04 -1.66176839e-04
  7.77784201e-04  1.14137539e-03  3.48368543e-04  4.10055547e-04
 -5.05040080e-04  2.89545062e-04  7.53911404e-04  1.33483429e-04
 -7.85743388e-04  7.38878616e-04  1.84728576e-04 -3.54120134e-04
  3.91057713e-04  7.71108829e-05  2.44181082e-04 -6.17748483e-04
  2.77053653e-04 -2.63552612e-04 -7.91751567e-04 -9.98216022e-04
  5.04207961e-05  1.55408502e-04 -3.10507984e-04 -2.39318082e-06
 -2.95716618e-04 -6.61473505e-04 -4.11069383e-04 -8.61565050e-04
 -5.11174945e-04 -8.63774449e-05  3.48635802e-04 -2.92611676e-04
  2.57186571e-04  4.27747724e-04  1.20952602e-04  1.88220968e-04
  2.01759313e-04 -1.92863200e-04  7.95963009e-04  6.85734231e-04
  6.79824071e-05  1.08588225e-03 -7.58742934e-04  1.43132368e-04
  4.88441163e-04  1.56536187e-04  6.47556384e-04  1.70678845e-04
 -2.89551315e-04 -3.20496464e-04 -2.39798241e-04 -7.32229862e-04
  6.54812357e-04  1.37663631e-04 -1.99437168e-05 -5.63512177e-04
 -5.84249434e-04 -7.91427952e-04  3.08506807e-04 -7.28847742e-04
 -3.92999953e-04  1.39493551e-04 -6.35075382e-04  6.66061053e-04
 -5.28746869e-04 -9.28193120e-04 -5.09176955e-04  4.56917707e-05
 -1.51432606e-04 -4.06385889e-04  9.61286201e-04  2.21470019e-05
  2.74819149e-04  6.26842169e-04  4.65896576e-04 -2.43430487e-04
 -1.51724238e-04  6.07820399e-04  9.69328841e-05  2.27524465e-04
 -7.81840971e-05  4.69260254e-04  1.18024413e-04  3.76430397e-04
  7.66520735e-04 -3.08861366e-04 -5.94206111e-04 -2.58020558e-04
  2.33183313e-04 -3.82964779e-04  3.44644133e-04 -3.95620052e-04
  3.91191613e-04 -4.71084627e-04 -2.06842248e-04 -4.03497983e-04
 -6.30065570e-04 -4.12167732e-04 -3.83592533e-04  1.60853575e-04
 -3.08520751e-04 -1.23458684e-03 -4.81333163e-04  9.99946506e-05
  6.97425254e-04 -5.03910018e-04  2.11612202e-04  5.49015326e-04
 -4.08535714e-04  1.31483589e-04 -1.70224002e-04 -4.60235011e-05
  8.75496214e-05  1.80377080e-04  1.51384149e-03  4.01368931e-04
  3.76561909e-04  6.32109230e-04 -6.96630853e-04  1.92212739e-04
  6.55671191e-04 -2.77450587e-04  5.00554275e-04  3.63121036e-04
  7.39489792e-04 -4.69318715e-04 -4.22995997e-04 -6.57654505e-04
  6.89932559e-04 -8.74229602e-04 -7.81482288e-04 -1.84213124e-04
 -5.50342533e-04 -3.18416886e-04  1.70178148e-04 -5.98972054e-04
 -7.03544529e-04  8.26739773e-04 -8.82327354e-04 -1.50768710e-04
  2.66738784e-04 -3.72019680e-04 -9.43803654e-05  5.23017671e-04
  8.15095272e-04 -7.69632210e-05  7.34674533e-04 -6.87789609e-04
  5.75715410e-04 -1.29700916e-05  7.75195450e-04  4.18689461e-04
  3.85690810e-05  6.90020383e-04  5.38227749e-04  3.29655318e-04
 -3.98820709e-04  1.97086018e-04 -8.47402172e-05 -1.75051536e-04
  7.94938264e-04 -7.54585209e-04 -2.55755390e-04 -1.10841988e-04
 -3.87328402e-04 -6.68380785e-04  3.55456349e-04 -1.60553822e-03
 -2.43962586e-04 -4.44755605e-04 -1.10320192e-04 -2.44093462e-04
 -6.56566686e-04  5.73234534e-04  4.57680027e-04  4.57396325e-04
 -5.07385288e-04  3.46598972e-04 -2.55871894e-04 -2.86120829e-04
  6.39803770e-04 -1.86825669e-04  8.19481111e-04  3.60195866e-04
  4.09804616e-04  5.82897630e-04  5.30164106e-04 -4.67826689e-04
  3.08426189e-04  3.19210539e-04  6.93738690e-04 -3.74158829e-04
 -2.33378796e-04  5.70358104e-04  7.72060008e-05  4.61213998e-05
  5.25340103e-04 -1.45704879e-04 -6.55027083e-05 -6.44544301e-04
 -1.01116076e-04 -7.23043069e-04 -3.12863216e-04 -2.00814286e-04
  5.67820899e-04 -1.95777138e-05 -5.99869029e-04  3.92134252e-04
 -4.57848637e-04 -4.91360748e-04 -3.04555009e-04  2.26922518e-04
 -1.36636848e-05 -1.54921264e-05  6.05899796e-04 -1.04298509e-04
 -3.70726592e-04 -4.48790152e-04  4.19727822e-04  3.11973840e-04
  8.15131559e-04  1.17906518e-04  2.79496372e-04 -1.51139097e-04
  3.55514112e-04 -3.40354551e-04  7.77350008e-04  6.76833004e-04
 -3.69423008e-05  3.55647114e-04  5.43608684e-04  4.22008104e-05
 -6.80808693e-04 -1.22029547e-05  3.02901535e-04 -6.58365275e-04
  6.41547820e-04 -2.23530743e-04 -2.97396393e-04  6.91268647e-05
 -8.24302637e-05 -1.63767386e-04  3.05399912e-05 -6.72242698e-04
  1.85747317e-04 -1.88740330e-04 -7.77232677e-04  7.01616031e-04
 -5.61745875e-04 -5.34797979e-04  4.58543812e-04  1.98826836e-04
 -4.26860697e-04  3.48678119e-04  3.77624360e-04 -2.24128715e-04
  1.16939947e-03 -5.19298688e-04  4.74865542e-04  5.08774924e-04
  3.82115517e-04  4.00428315e-05 -2.77984360e-05  1.83120344e-04
  7.85117733e-04  3.57020417e-04  2.37324213e-04 -2.37811606e-04
 -2.15510520e-04 -4.35320041e-04 -2.74407491e-04 -1.21985726e-05
  1.30122186e-06  6.72576756e-04 -2.36760443e-05 -1.49812199e-04
 -6.56212593e-05 -5.40367236e-04 -2.76884510e-04 -1.55766959e-05
  4.61368701e-05 -3.52040584e-04 -4.41077599e-04 -3.06656307e-05
 -2.03707897e-04  1.84521108e-04 -3.69258880e-04 -1.14055588e-04
  4.83242444e-04 -3.61690053e-04  7.60305682e-05 -1.02668072e-05
 -3.39793573e-04  4.56635019e-05  3.81685884e-04 -1.06082849e-04
  6.17263475e-04  5.93611401e-04  5.15243812e-04 -5.92263591e-04
  2.22765809e-04  8.53328937e-05 -2.85529036e-05  1.33594588e-06
  1.83133004e-04  3.70014268e-04 -3.19565711e-04  5.24644400e-05
 -3.07736681e-04 -1.79125974e-04  2.26829358e-04  2.22164585e-07
 -1.12760183e-04 -2.10097594e-04 -2.22583531e-04 -1.59232703e-04
 -2.93994074e-04  1.11060425e-05  3.45141637e-06 -7.33475727e-04
 -1.46852761e-05  9.54710928e-05 -3.71075785e-04  1.60065256e-05
  1.66833831e-04 -3.71123793e-04  3.35274975e-04  3.45668049e-04
 -2.35370338e-04  3.08401137e-05  2.83419150e-04 -8.51091513e-06
  2.80146152e-04 -2.19065530e-04  8.59930799e-04  3.52765202e-04
 -2.58017308e-04  2.76112067e-04 -3.17444688e-04 -1.54433247e-04
  5.45729044e-04  1.46613381e-04  8.53625753e-05  2.48159417e-04
 -2.75582431e-04 -4.20523829e-04 -1.62369928e-04 -2.54040973e-04
 -9.46170211e-04  1.57481806e-04  5.41732617e-05 -4.32433819e-04
 -3.12448885e-04 -2.83474523e-04 -1.53633646e-04 -3.25751505e-04
  3.39749090e-05  7.92987444e-05 -3.11419466e-04 -1.88358395e-04
  9.16415463e-05  3.86695623e-04  3.17534038e-04 -3.64899069e-05
  8.78437670e-04 -2.19031938e-04  1.59989024e-04  3.68284259e-04
 -2.93509577e-04  1.52269340e-04 -1.32607527e-05  1.05692052e-04
  4.66700214e-04  3.30498285e-05 -1.06778578e-04  2.15040049e-04
  5.60905968e-05 -3.22739130e-04  7.73235012e-05 -2.78045758e-05
 -1.73683888e-04  1.93492995e-04 -5.89866493e-04 -1.52353175e-04
 -4.89998725e-04 -3.91136556e-04  1.53299314e-04  1.46092404e-04
 -2.34996321e-04 -3.55401934e-04 -2.74220510e-04 -2.81975547e-04
 -7.83861242e-05 -3.09463765e-04  1.74582583e-04  1.20374374e-04
  6.43131972e-05  4.18573493e-05  1.01906544e-04  3.67153766e-05
 -5.03514094e-05  1.04751113e-04 -2.52665869e-06  2.58707214e-04
 -8.32275537e-06  8.25808542e-05 -1.19572083e-04 -6.62739702e-06
  1.86178935e-04 -3.03213935e-04  4.45783987e-04  2.12396309e-04
 -3.60471243e-04  5.44073564e-04 -1.40521191e-04 -5.60721299e-05
 -1.34184885e-04  1.51580662e-04 -1.38128368e-04 -1.90740037e-04
 -1.32174731e-06  7.31013407e-05 -2.63914594e-04  7.87029896e-06
  2.38795888e-05 -4.47901605e-05 -4.30232436e-04  9.63342994e-05
  1.16245065e-04 -4.29346140e-04 -2.82405029e-04 -1.08622276e-04
  3.40748367e-05  1.12024349e-04 -7.02284302e-05 -2.00640605e-04
 -3.38862453e-05  2.46038680e-04  4.62407771e-05 -6.37338315e-05
 -2.27081724e-05  4.12893979e-05  5.77791448e-05  7.83406925e-05
 -5.65696256e-05  3.56539774e-04  8.40882155e-05  3.20937345e-04
  1.74520221e-04 -8.44751832e-05 -2.69371750e-04  4.63153458e-05
 -1.74807066e-04 -1.04447563e-05  2.45808494e-04 -1.14917331e-04
 -7.69759826e-05  2.25317740e-04 -3.42026356e-04 -8.27056705e-05
 -6.82693097e-05 -2.63759055e-04  8.11481939e-05 -1.30542594e-04
  3.80570677e-05  6.73282689e-05 -9.10638991e-05 -6.70490706e-05
 -1.38056572e-04 -1.28225166e-04 -1.02745266e-04  1.69686291e-04
 -5.89556542e-05  7.33119279e-05  2.66157329e-04 -1.36291257e-04
 -1.24548215e-04  2.51237650e-04  1.20524784e-04  1.74079793e-04
  7.31271814e-05  2.47297267e-04 -1.72669222e-04  2.58641305e-04
  1.69409693e-04 -3.72810974e-05  9.00189813e-06  3.74279970e-05
 -1.02568085e-04  4.08761137e-05 -1.83628461e-04  9.25045392e-05
  4.55042897e-05 -1.46341042e-04  1.82271524e-04 -4.19136872e-06
 -1.73867612e-04  3.30575826e-05  1.72335634e-05 -1.24164273e-04
 -3.80104621e-05 -1.05382845e-04 -1.71317656e-04  2.78428390e-04
  1.24620171e-05 -8.27424036e-05  1.53445096e-04 -5.85931655e-05
 -1.11056748e-05  1.18610438e-04 -5.51456446e-05 -8.35539778e-06
 -9.01096659e-05  2.66220518e-04  6.86498000e-05  1.63672948e-04
  9.47021151e-05  1.23178734e-04  3.53460814e-05  8.85539488e-05
 -8.88226104e-06  1.29337395e-04 -4.50249987e-06  2.10415129e-04
  9.55566509e-05  8.84004125e-05 -1.08077286e-04 -8.32466684e-05
 -1.73295291e-05  3.92553705e-06  2.17498056e-04 -2.43298606e-04
 -2.02264712e-04  1.82005210e-05 -2.51048203e-04  1.26567604e-04
 -8.09575373e-05 -2.19265157e-04  1.94996770e-04 -1.62455425e-04
 -8.05730845e-05  1.05135419e-04 -1.79472647e-04  8.45128428e-05
  1.17717498e-04 -2.55674005e-06  6.35436190e-05  2.45673323e-04
  1.99719149e-04  1.45302754e-04  1.85836435e-05  1.36446588e-04
  7.04118418e-05  1.84152556e-04  8.02326810e-05  3.23423765e-04
 -8.60697810e-06  9.21448353e-05  5.85659105e-05  4.64818162e-05
  1.35999608e-04  3.51094554e-05  8.94222152e-05 -1.21389271e-04
  2.78479537e-06 -8.57059690e-05 -2.86975642e-04  9.59260470e-05
  1.18084836e-05 -1.33165004e-04  1.03063063e-04 -4.59219766e-05
 -3.01152298e-04 -4.29632625e-05  1.32650893e-04 -1.47442951e-04
 -9.19250057e-05  7.03147791e-05 -1.64377614e-04  2.08123118e-04
 -1.89462315e-06  1.33621056e-04  1.43522280e-04 -1.30857832e-04
  2.28266618e-04  9.11060448e-05 -7.76306842e-05  1.64903689e-04
 -2.87330817e-05  4.29293642e-05  1.59405049e-04 -4.70128848e-05
 -5.75265883e-05  2.94023735e-04  1.18671270e-04 -3.22421158e-05
  1.80852956e-04  4.36827701e-05 -2.23831357e-04 -7.57974537e-07
  8.00579417e-05 -7.94668951e-05 -8.22026475e-05 -3.87079407e-05
  1.16758898e-04 -1.87296025e-05  4.08095982e-05 -3.73912684e-05
 -6.51299820e-05 -1.23838391e-04 -2.30823514e-04  2.25191175e-05]
