Frame: 118
temp_s_est shape: (1024,)
temp_s_est dtype: float64
temp_s_est:
[-9.88374955e-03 -9.81573765e-03 -9.65445010e-03 -9.85434948e-03
 -9.57915477e-03 -9.56753379e-03 -9.59237212e-03 -9.36531309e-03
 -9.39741252e-03 -9.11044207e-03 -9.28252753e-03 -9.07117010e-03
 -9.00015587e-03 -8.98280215e-03 -8.64074512e-03 -8.79357191e-03
 -8.61043187e-03 -8.29427010e-03 -8.51628871e-03 -8.19800681e-03
 -8.14843061e-03 -7.95700603e-03 -7.96819372e-03 -7.93396855e-03
 -7.41392906e-03 -7.63059663e-03 -7.48737548e-03 -7.25722880e-03
 -7.12332754e-03 -6.86682574e-03 -6.76653036e-03 -6.51014530e-03
 -6.27656857e-03 -6.17909483e-03 -6.20225136e-03 -5.74937811e-03
 -5.50770021e-03 -5.46451746e-03 -5.50111685e-03 -5.02059051e-03
 -4.68974606e-03 -4.69087233e-03 -4.72124046e-03 -4.13064515e-03
 -3.99852352e-03 -3.79562951e-03 -3.61973250e-03 -3.38274370e-03
 -2.80879882e-03 -2.86007270e-03 -3.02172731e-03 -2.30277534e-03
 -2.13426288e-03 -2.10526613e-03 -2.15297863e-03 -1.30913183e-03
 -1.03222242e-03 -1.08690570e-03 -7.29377390e-04 -4.84427257e-04
 -4.15247483e-04  2.13894431e-04  3.70056322e-05  7.13848688e-04
  4.74183564e-04  1.13576822e-03  1.08724634e-03  1.16506736e-03
  1.69243981e-03  1.53905139e-03  2.23302232e-03  2.29230961e-03
  2.08883507e-03  3.06079833e-03  2.96245036e-03  3.12752587e-03
  3.20766357e-03  3.57173315e-03  4.40024269e-03  3.94162480e-03
  4.34715598e-03  4.56619254e-03  4.98154305e-03  5.87814103e-03
  5.05027631e-03  5.65068297e-03  6.42942494e-03  6.51146217e-03
  6.14295364e-03  6.44239328e-03  7.49688386e-03  6.98535160e-03
  6.82955371e-03  7.21289953e-03  7.38243416e-03  7.90782628e-03
  7.35533107e-03  7.92517674e-03  8.13223528e-03  8.93825903e-03
  7.96372080e-03  8.38214805e-03  9.16891183e-03  8.89711930e-03
  9.01352755e-03  9.25854260e-03  9.30195283e-03  9.97065271e-03
  9.04269354e-03  1.01945853e-02  9.99283536e-03  1.05699892e-02
  1.10137732e-02  1.02066734e-02  1.12992757e-02  1.09546164e-02
  1.05344376e-02  1.16209802e-02  1.11651904e-02  1.12008980e-02
  1.13971178e-02  1.14437940e-02  1.13368287e-02  1.07991354e-02
  1.17077833e-02  1.16501823e-02  1.11116743e-02  1.18210772e-02
  1.17272684e-02  1.15777670e-02  1.11440512e-02  1.15480291e-02
  1.16532174e-02  1.18985726e-02  1.15721826e-02  1.12589717e-02
  1.21399113e-02  1.21731865e-02  1.13348862e-02  1.15875468e-02
  1.22032807e-02  1.21292843e-02  1.15487166e-02  1.12745737e-02
  1.18838880e-02  1.21579899e-02  1.11640734e-02  1.06576914e-02
  1.12370910e-02  1.18727724e-02  1.08836679e-02  1.03143812e-02
  1.10898402e-02  1.14143950e-02  1.03397500e-02  1.05379777e-02
  1.08520644e-02  1.03640478e-02  1.03397269e-02  1.01670052e-02
  9.65675070e-03  9.86789772e-03  9.66269282e-03  9.50463550e-03
  8.92520954e-03  9.72499169e-03  9.74140148e-03  8.56900755e-03
  8.98091426e-03  8.37899375e-03  8.58995170e-03  8.75422145e-03
  7.28134939e-03  7.81435787e-03  7.18450851e-03  7.93733637e-03
  7.30017977e-03  6.31859772e-03  6.85822315e-03  6.53166634e-03
  6.69439796e-03  6.42245186e-03  5.29645689e-03  6.67057773e-03
  6.04091214e-03  4.80630474e-03  5.07946131e-03  5.55206028e-03
  5.06676242e-03  3.90218304e-03  4.38373635e-03  4.88781961e-03
  3.87514607e-03  3.31655459e-03  3.20488726e-03  3.13974299e-03
  2.78356322e-03  2.68096649e-03  1.75100212e-03  1.92942635e-03
  2.03560994e-03  7.43623208e-04  1.39913417e-03  7.19277120e-04
  4.03130453e-04  3.61762707e-04  2.68746853e-04  4.71936836e-04
 -3.11167319e-04 -2.76671163e-04 -3.58410888e-04 -1.05052399e-03
 -7.19737483e-04 -1.53950076e-03 -1.36776913e-03 -1.45765073e-03
 -2.17884387e-03 -2.07670596e-03 -2.25506875e-03 -2.10892445e-03
 -3.32851065e-03 -3.02523289e-03 -2.95351150e-03 -3.59946851e-03
 -3.66883877e-03 -3.84867524e-03 -4.45651224e-03 -4.33462251e-03
 -5.02133986e-03 -4.97732797e-03 -5.30021472e-03 -5.24685011e-03
 -5.30465125e-03 -6.12880278e-03 -5.40963825e-03 -5.93475376e-03
 -6.48168951e-03 -6.05175657e-03 -6.21206050e-03 -6.52188693e-03
 -6.66973775e-03 -6.88173989e-03 -6.94284343e-03 -7.40398288e-03
 -7.14008613e-03 -7.17432931e-03 -7.23268957e-03 -7.76525505e-03
 -8.02115851e-03 -7.84285256e-03 -7.80287697e-03 -8.50682072e-03
 -8.43194626e-03 -8.18357061e-03 -8.55509323e-03 -8.91758168e-03
 -8.70973522e-03 -8.86496906e-03 -8.97862665e-03 -9.04544797e-03
 -8.94254245e-03 -9.05887231e-03 -9.25604357e-03 -9.15223767e-03
 -9.46707628e-03 -9.35396972e-03 -9.15198505e-03 -9.73650555e-03
 -9.56213306e-03 -9.36561093e-03 -9.74196476e-03 -9.53737825e-03
 -9.73735169e-03 -9.40092409e-03 -9.67635610e-03 -9.75044290e-03
 -9.36700697e-03 -9.76433678e-03 -9.49530802e-03 -9.66181030e-03
 -9.61803405e-03 -9.39022805e-03 -9.70083950e-03 -9.56050725e-03
 -9.41285328e-03 -9.37442712e-03 -9.50112623e-03 -9.31800821e-03
 -9.07364452e-03 -9.30293431e-03 -9.15962695e-03 -9.01504511e-03
 -9.09672823e-03 -8.93261257e-03 -8.89959850e-03 -8.79239531e-03
 -8.85587652e-03 -8.74457767e-03 -8.57451954e-03 -8.66014331e-03
 -8.33370740e-03 -8.38341829e-03 -8.36660886e-03 -8.08473566e-03
 -8.03121097e-03 -8.00964089e-03 -7.90681300e-03 -7.58035628e-03
 -7.60670864e-03 -7.50333798e-03 -7.24051370e-03 -7.19662510e-03
 -6.94291399e-03 -6.97039728e-03 -6.78826422e-03 -6.49570908e-03
 -6.43556115e-03 -6.30515512e-03 -6.33347918e-03 -5.94188510e-03
 -5.88111732e-03 -5.98726365e-03 -5.55375938e-03 -5.62580837e-03
 -5.32853346e-03 -5.23223123e-03 -5.05927218e-03 -4.89964341e-03
 -4.74841065e-03 -4.62992664e-03 -4.53579580e-03 -4.31854393e-03
 -4.04667546e-03 -4.07825710e-03 -3.83471128e-03 -3.62350739e-03
 -3.54899215e-03 -3.31923081e-03 -3.20882982e-03 -2.98749446e-03
 -2.91677702e-03 -2.59842003e-03 -2.42380090e-03 -2.35622636e-03
 -2.14796092e-03 -1.94620667e-03 -1.80874938e-03 -1.63039852e-03
 -1.58266208e-03 -1.29390386e-03 -1.15206675e-03 -1.04773385e-03
 -9.33072840e-04 -6.64352690e-04 -5.23286027e-04 -5.35281261e-04
 -3.03100022e-04 -8.32478211e-05  4.36224163e-05  1.54504077e-04
  3.20933893e-04  4.50046490e-04  5.93140142e-04  7.68442751e-04
  9.23979544e-04  1.00973107e-03  1.26551620e-03  1.31847437e-03
  1.47383163e-03  1.61919803e-03  1.73620770e-03  1.87410837e-03
  2.05422804e-03  2.12672035e-03  2.28163436e-03  2.38065174e-03
  2.54176447e-03  2.60208592e-03  2.73387463e-03  2.92247427e-03
  2.98545164e-03  3.12138725e-03  3.13641112e-03  3.30468929e-03
  3.41919491e-03  3.56010752e-03  3.55583131e-03  3.68156409e-03
  3.84112780e-03  3.87189464e-03  3.86861165e-03  4.06543031e-03
  4.15569373e-03  4.21508550e-03  4.24606119e-03  4.39241562e-03
  4.46625406e-03  4.52285945e-03  4.55483762e-03  4.66005958e-03
  4.75954140e-03  4.81293883e-03  4.82144832e-03  4.90732099e-03
  4.94915032e-03  5.00846754e-03  5.01713303e-03  5.13532060e-03
  5.13741354e-03  5.13622443e-03  5.23759692e-03  5.25407219e-03
  5.28473581e-03  5.32041564e-03  5.31488239e-03  5.40208114e-03
  5.41503056e-03  5.38193692e-03  5.44894977e-03  5.48122279e-03
  5.50405158e-03  5.45903406e-03  5.49643780e-03  5.55671983e-03
  5.51304288e-03  5.45744228e-03  5.54787748e-03  5.56375069e-03
  5.48626836e-03  5.48758134e-03  5.47802342e-03  5.50350330e-03
  5.46087095e-03  5.42443802e-03  5.45704098e-03  5.44327068e-03
  5.40050257e-03  5.36391081e-03  5.36542635e-03  5.36023352e-03
  5.29583657e-03  5.28351902e-03  5.27140992e-03  5.22781477e-03
  5.17399640e-03  5.14173219e-03  5.14753797e-03  5.07304161e-03
  5.02907260e-03  5.00903809e-03  4.94851475e-03  4.93741181e-03
  4.81282458e-03  4.81474380e-03  4.82416601e-03  4.69497450e-03
  4.63731128e-03  4.60617092e-03  4.57718792e-03  4.48450627e-03
  4.36922525e-03  4.40404278e-03  4.34389177e-03  4.20783872e-03
  4.19730097e-03  4.14475904e-03  4.11130813e-03  4.00934494e-03
  3.95059366e-03  3.91643933e-03  3.84554121e-03  3.76238273e-03
  3.69008897e-03  3.64651836e-03  3.60786946e-03  3.48283645e-03
  3.42629158e-03  3.38195179e-03  3.28297631e-03  3.22074484e-03
  3.14102417e-03  3.07562043e-03  3.01715628e-03  2.91420118e-03
  2.84442854e-03  2.78467575e-03  2.70409152e-03  2.63670234e-03
  2.55173022e-03  2.51015022e-03  2.44962669e-03  2.32558731e-03
  2.31056313e-03  2.25589917e-03  2.11808299e-03  2.09401785e-03
  2.02351933e-03  1.94975903e-03  1.87274884e-03  1.78816532e-03
  1.77169758e-03  1.65502537e-03  1.56850812e-03  1.53196849e-03
  1.43609836e-03  1.39187214e-03  1.29704808e-03  1.21716896e-03
  1.21670099e-03  1.08887184e-03  1.00842973e-03  9.56815100e-04
  9.14338800e-04  8.28783177e-04  7.36343873e-04  7.19826021e-04
  6.46756122e-04  5.74211046e-04  5.09601828e-04  4.43599481e-04
  4.37774081e-04  3.51474776e-04  2.75372247e-04  2.53541906e-04
  1.87720228e-04  1.42184277e-04  1.70470747e-05  1.14044544e-05
 -1.10267474e-05 -1.29784463e-04 -1.69045139e-04 -2.22533659e-04
 -2.89276067e-04 -3.23823121e-04 -3.95403326e-04 -4.33188425e-04
 -4.76725788e-04 -5.33183155e-04 -5.68207903e-04 -6.34493694e-04
 -6.70517396e-04 -7.17800258e-04 -7.53866770e-04 -7.84637661e-04
 -8.30278981e-04 -8.86280781e-04 -8.83021515e-04 -9.46567664e-04
 -1.01124588e-03 -1.00594406e-03 -1.03591644e-03 -1.10334058e-03
 -1.15199966e-03 -1.17706725e-03 -1.16403758e-03 -1.25021779e-03
 -1.28546668e-03 -1.31961089e-03 -1.33376961e-03 -1.34037981e-03
 -1.44188642e-03 -1.44322402e-03 -1.42770123e-03 -1.48482625e-03
 -1.51493894e-03 -1.54625048e-03 -1.54309352e-03 -1.56604930e-03
 -1.63584297e-03 -1.61042692e-03 -1.65784180e-03 -1.64914821e-03
 -1.67156179e-03 -1.72239985e-03 -1.70554596e-03 -1.71562147e-03
 -1.75701241e-03 -1.76817094e-03 -1.78791271e-03 -1.78753300e-03
 -1.81242325e-03 -1.82908287e-03 -1.85551104e-03 -1.88749351e-03
 -1.87397617e-03 -1.90601976e-03 -1.92026474e-03 -1.92787559e-03
 -1.92648455e-03 -1.94251172e-03 -1.95988921e-03 -1.96684670e-03
 -1.96888024e-03 -1.96157933e-03 -1.97257534e-03 -2.01691049e-03
 -1.99415884e-03 -1.97593435e-03 -2.01815208e-03 -2.03566403e-03
 -2.01041262e-03 -2.00374897e-03 -2.03994433e-03 -2.04554363e-03
 -2.03819114e-03 -2.03191126e-03 -2.06086202e-03 -2.06351946e-03
 -2.06087083e-03 -2.06285589e-03 -2.08407512e-03 -2.09067837e-03
 -2.08102154e-03 -2.06597807e-03 -2.11768471e-03 -2.08222217e-03
 -2.08820511e-03 -2.09120912e-03 -2.09167855e-03 -2.09259851e-03
 -2.08326564e-03 -2.10193301e-03 -2.10640461e-03 -2.08567496e-03
 -2.10518836e-03 -2.09225336e-03 -2.10955539e-03 -2.10962411e-03
 -2.07744574e-03 -2.12211401e-03 -2.10844104e-03 -2.11581404e-03
 -2.10024368e-03 -2.11481630e-03 -2.12404460e-03 -2.10821015e-03
 -2.12703234e-03 -2.13715402e-03 -2.12488693e-03 -2.13882961e-03
 -2.13719219e-03 -2.14563522e-03 -2.12706152e-03 -2.11584588e-03
 -2.13174505e-03 -2.13073604e-03 -2.13364715e-03 -2.10951206e-03
 -2.13046174e-03 -2.13563121e-03 -2.12311011e-03 -2.12673240e-03
 -2.14524802e-03 -2.14901247e-03 -2.13358354e-03 -2.13071697e-03
 -2.16212137e-03 -2.15253725e-03 -2.15271901e-03 -2.13601583e-03
 -2.16841877e-03 -2.17562820e-03 -2.15502120e-03 -2.15624235e-03
 -2.17043745e-03 -2.19215802e-03 -2.16586002e-03 -2.16173089e-03
 -2.17904158e-03 -2.17052820e-03 -2.16577066e-03 -2.16472837e-03
 -2.16476715e-03 -2.17517052e-03 -2.14981680e-03 -2.16858870e-03
 -2.14749143e-03 -2.17365608e-03 -2.16900436e-03 -2.15936097e-03
 -2.17396393e-03 -2.15683140e-03 -2.16852133e-03 -2.16985757e-03
 -2.15758825e-03 -2.16681450e-03 -2.16039505e-03 -2.17534688e-03
 -2.17450576e-03 -2.13927958e-03 -2.17406875e-03 -2.15307600e-03
 -2.16393723e-03 -2.14028998e-03 -2.14900160e-03 -2.16183423e-03
 -2.13644529e-03 -2.10116215e-03 -2.11116508e-03 -2.11867605e-03
 -2.10007125e-03 -2.06064866e-03 -2.08565117e-03 -2.09415935e-03
 -2.07059400e-03 -2.04493693e-03 -2.04431394e-03 -2.06122199e-03
 -2.03782567e-03 -2.02065165e-03 -2.01595420e-03 -2.01980363e-03
 -1.99266372e-03 -1.96449473e-03 -1.96252923e-03 -1.97128456e-03
 -1.92858216e-03 -1.91470120e-03 -1.90623527e-03 -1.89835018e-03
 -1.86112800e-03 -1.85673920e-03 -1.82449923e-03 -1.80582774e-03
 -1.78032352e-03 -1.75547810e-03 -1.73803880e-03 -1.69821976e-03
 -1.68005143e-03 -1.67086919e-03 -1.64672280e-03 -1.60936499e-03
 -1.57434500e-03 -1.56334597e-03 -1.54897123e-03 -1.48439971e-03
 -1.49311946e-03 -1.45279041e-03 -1.41783804e-03 -1.37410574e-03
 -1.34531123e-03 -1.33361071e-03 -1.26854555e-03 -1.23690959e-03
 -1.20797026e-03 -1.16879469e-03 -1.14853581e-03 -1.05777290e-03
 -1.02882907e-03 -1.03192175e-03 -9.40568758e-04 -9.02687592e-04
 -8.41308275e-04 -8.30365271e-04 -7.71388432e-04 -6.90915895e-04
 -6.74099182e-04 -6.41328646e-04 -5.73989210e-04 -5.32524006e-04
 -4.67848188e-04 -4.63071647e-04 -3.97004733e-04 -3.12241332e-04
 -2.72620884e-04 -2.43517342e-04 -1.67007995e-04 -1.00175360e-04
 -4.73100802e-05  1.26321278e-05  6.84773965e-05  1.43156700e-04
  2.05585178e-04  2.68795498e-04  3.21892689e-04  3.76807565e-04
  4.61981402e-04  5.25298288e-04  5.75977715e-04  6.66852011e-04
  7.08084928e-04  8.11411453e-04  8.61959926e-04  9.17120355e-04
  9.68798126e-04  1.06545978e-03  1.15150580e-03  1.16264531e-03
  1.24477020e-03  1.36198670e-03  1.40437027e-03  1.46814671e-03
  1.51417354e-03  1.62584784e-03  1.73173438e-03  1.74154111e-03
  1.84598176e-03  1.92325479e-03  2.02813628e-03  2.07220321e-03
  2.11366297e-03  2.26969817e-03  2.32706031e-03  2.36368606e-03
  2.46181793e-03  2.54134189e-03  2.63467931e-03  2.67594416e-03
  2.75413408e-03  2.84730684e-03  2.90173772e-03  2.99528726e-03
  3.03265209e-03  3.12539020e-03  3.20581411e-03  3.23985403e-03
  3.34955793e-03  3.42080645e-03  3.45643867e-03  3.55411391e-03
  3.63314184e-03  3.72659908e-03  3.75870024e-03  3.84484717e-03
  3.96197441e-03  3.99999726e-03  4.04916641e-03  4.15925299e-03
  4.19608094e-03  4.27742565e-03  4.31518193e-03  4.37748500e-03
  4.49771647e-03  4.51905221e-03  4.53895803e-03  4.64272629e-03
  4.69827135e-03  4.75264186e-03  4.78767273e-03  4.83521447e-03
  4.93887671e-03  4.92454304e-03  4.99649579e-03  5.06422514e-03
  5.07762872e-03  5.16786909e-03  5.18561872e-03  5.22497416e-03
  5.30070233e-03  5.30449933e-03  5.34674014e-03  5.42299658e-03
  5.46783900e-03  5.48946731e-03  5.47884699e-03  5.57840449e-03
  5.55913650e-03  5.57937318e-03  5.61311443e-03  5.65602406e-03
  5.68709824e-03  5.64079680e-03  5.66479395e-03  5.72529093e-03
  5.68409837e-03  5.69402688e-03  5.69003210e-03  5.75727359e-03
  5.74034558e-03  5.65495840e-03  5.72640245e-03  5.74180709e-03
  5.68472573e-03  5.68067118e-03  5.68475393e-03  5.71069366e-03
  5.64779229e-03  5.63790339e-03  5.63507811e-03  5.61028715e-03
  5.58062736e-03  5.53647994e-03  5.51267429e-03  5.48060760e-03
  5.42652468e-03  5.37079308e-03  5.35200940e-03  5.30479289e-03
  5.22148275e-03  5.18321651e-03  5.16148266e-03  5.09410889e-03
  4.99761743e-03  4.97113491e-03  4.91815999e-03  4.82006969e-03
  4.72701257e-03  4.69304351e-03  4.62845551e-03  4.54917081e-03
  4.37519769e-03  4.40600688e-03  4.30700403e-03  4.16852683e-03
  4.08386218e-03  4.01446530e-03  3.97371128e-03  3.80371435e-03
  3.65873485e-03  3.67380980e-03  3.50482977e-03  3.37119514e-03
  3.28390533e-03  3.18222556e-03  3.09244667e-03  2.90873557e-03
  2.78972010e-03  2.69884362e-03  2.58001404e-03  2.43562281e-03
  2.28556827e-03  2.18696868e-03  2.07038352e-03  1.88431157e-03
  1.74687632e-03  1.66087109e-03  1.52112507e-03  1.31509613e-03
  1.21823708e-03  1.06494295e-03  9.18585412e-04  7.45537383e-04
  6.20209092e-04  4.81453013e-04  3.08381637e-04  1.28856350e-04
  8.46262727e-06 -1.81513004e-04 -3.32146954e-04 -5.09855741e-04
 -6.11866012e-04 -7.84066896e-04 -1.01165872e-03 -1.15260568e-03
 -1.26871331e-03 -1.43349898e-03 -1.64425459e-03 -1.73573982e-03
 -1.89306590e-03 -2.14140050e-03 -2.27594533e-03 -2.44172849e-03
 -2.57873383e-03 -2.74907063e-03 -2.96953705e-03 -3.12664680e-03
 -3.24802715e-03 -3.45811692e-03 -3.69861521e-03 -3.83221483e-03
 -3.85647169e-03 -4.13252109e-03 -4.36420536e-03 -4.42794185e-03
 -4.61746115e-03 -4.78283352e-03 -5.02270796e-03 -5.07997963e-03
 -5.22088897e-03 -5.40202777e-03 -5.61717343e-03 -5.77212118e-03
 -5.81047875e-03 -6.01495677e-03 -6.20600741e-03 -6.24415425e-03
 -6.44596532e-03 -6.61384756e-03 -6.71529576e-03 -6.83865841e-03
 -6.95768903e-03 -7.20155609e-03 -7.10347885e-03 -7.46147644e-03
 -7.52314979e-03 -7.62579573e-03 -7.78971211e-03 -7.87660561e-03
 -8.06161956e-03 -8.11220817e-03 -8.25138628e-03 -8.39634071e-03
 -8.54315632e-03 -8.70608291e-03 -8.57769865e-03 -8.76666166e-03
 -9.04853762e-03 -8.91374446e-03 -9.10800093e-03 -9.08515399e-03
 -9.28294231e-03 -9.24449008e-03 -9.20124924e-03 -9.38568001e-03
 -9.37433205e-03 -9.57448242e-03 -9.47186852e-03 -9.43797052e-03
 -9.77222012e-03 -9.53401437e-03 -9.62932802e-03 -9.66465935e-03
 -9.84076728e-03 -9.73692980e-03 -9.72950195e-03 -9.86814724e-03
 -9.73492916e-03 -9.78162599e-03 -9.80627962e-03 -9.85061411e-03
 -9.95302797e-03 -9.81543762e-03 -9.88870466e-03 -9.77408052e-03]
