Frame: 73
temp_s_est shape: (1024,)
temp_s_est dtype: float64
temp_s_est:
[-6.39361049e-02 -6.40961817e-02 -6.42745148e-02 -6.44181473e-02
 -6.44860552e-02 -6.44792536e-02 -6.44738246e-02 -6.44418507e-02
 -6.45430296e-02 -6.44818060e-02 -6.44241613e-02 -6.43145551e-02
 -6.40917125e-02 -6.39373911e-02 -6.36770138e-02 -6.33929705e-02
 -6.32215532e-02 -6.30255427e-02 -6.25054869e-02 -6.22611290e-02
 -6.17145513e-02 -6.13812251e-02 -6.08716330e-02 -6.04352195e-02
 -6.00247915e-02 -5.94571512e-02 -5.87231811e-02 -5.81554819e-02
 -5.74979024e-02 -5.69454620e-02 -5.62739901e-02 -5.56718378e-02
 -5.48992034e-02 -5.40585379e-02 -5.31561403e-02 -5.24389318e-02
 -5.15375922e-02 -5.07391725e-02 -4.97401311e-02 -4.88837199e-02
 -4.78800360e-02 -4.67894329e-02 -4.58756420e-02 -4.48747995e-02
 -4.39023901e-02 -4.26886751e-02 -4.16254825e-02 -4.02003635e-02
 -3.92038016e-02 -3.77438685e-02 -3.67103689e-02 -3.55450158e-02
 -3.46828165e-02 -3.33385763e-02 -3.17945396e-02 -3.04351084e-02
 -2.91684921e-02 -2.76677662e-02 -2.63093269e-02 -2.50035546e-02
 -2.38473602e-02 -2.25423090e-02 -2.09869888e-02 -1.93928831e-02
 -1.81139231e-02 -1.64955608e-02 -1.50494618e-02 -1.35616459e-02
 -1.21041649e-02 -1.06122884e-02 -9.12141669e-03 -7.63001560e-03
 -6.00453392e-03 -4.41386230e-03 -2.61272239e-03 -1.15145958e-03
  3.89561659e-04  1.66192212e-03  3.64120559e-03  4.99506569e-03
  6.66982811e-03  8.30305675e-03  9.91667258e-03  1.14591904e-02
  1.29714840e-02  1.45155575e-02  1.60020326e-02  1.75480334e-02
  1.93650444e-02  2.08519566e-02  2.24951667e-02  2.38853960e-02
  2.50716320e-02  2.64790226e-02  2.84887929e-02  2.96799046e-02
  3.20574369e-02  3.30567314e-02  3.44246883e-02  3.55977676e-02
  3.69222408e-02  3.85092540e-02  4.01292239e-02  4.15323369e-02
  4.28800952e-02  4.45784453e-02  4.59049804e-02  4.69825911e-02
  4.77647636e-02  4.95699438e-02  5.10830633e-02  5.23074237e-02
  5.32455194e-02  5.46463910e-02  5.56186168e-02  5.69496736e-02
  5.76834217e-02  5.91190730e-02  6.02932957e-02  6.09763389e-02
  6.16972101e-02  6.30328717e-02  6.37680864e-02  6.51212768e-02
  6.55738679e-02  6.72022163e-02  6.73080397e-02  6.88445913e-02
  6.89966863e-02  6.96278130e-02  7.06027793e-02  7.12018130e-02
  7.15868879e-02  7.22285273e-02  7.32985517e-02  7.41026765e-02
  7.47094371e-02  7.48976340e-02  7.55742534e-02  7.56341847e-02
  7.56183933e-02  7.58853459e-02  7.66081105e-02  7.70359064e-02
  7.77206269e-02  7.78623520e-02  7.81978442e-02  7.78021701e-02
  7.77168891e-02  7.79198723e-02  7.80972841e-02  7.74474425e-02
  7.80214640e-02  7.77944119e-02  7.81889868e-02  7.75633327e-02
  7.78301444e-02  7.73331019e-02  7.73488638e-02  7.66277788e-02
  7.63296044e-02  7.58664369e-02  7.60752283e-02  7.56713520e-02
  7.50755524e-02  7.50362503e-02  7.42381677e-02  7.39072569e-02
  7.26412346e-02  7.18571232e-02  7.18708684e-02  7.12060232e-02
  7.04521586e-02  6.95629315e-02  6.88955274e-02  6.79695311e-02
  6.69663830e-02  6.65831609e-02  6.55981188e-02  6.48915342e-02
  6.35430868e-02  6.26512445e-02  6.12606866e-02  6.05470107e-02
  5.87045967e-02  5.84889697e-02  5.76075644e-02  5.67571118e-02
  5.51624280e-02  5.41048823e-02  5.22574627e-02  5.16180482e-02
  4.98081615e-02  4.88461896e-02  4.79339083e-02  4.69768078e-02
  4.56079768e-02  4.41665816e-02  4.27190060e-02  4.11498272e-02
  3.96633150e-02  3.84452576e-02  3.67944700e-02  3.58428000e-02
  3.44101116e-02  3.31625122e-02  3.17454161e-02  2.97232788e-02
  2.81932398e-02  2.65133675e-02  2.51846572e-02  2.35936781e-02
  2.29396346e-02  2.10344744e-02  2.00142872e-02  1.78314908e-02
  1.61575446e-02  1.44485692e-02  1.33324728e-02  1.16287072e-02
  1.01726026e-02  8.37625764e-03  7.62077584e-03  5.51893902e-03
  3.88942315e-03  2.41837798e-03  1.03261509e-03 -5.23266649e-04
 -2.00000615e-03 -3.75793646e-03 -5.22472973e-03 -6.81325066e-03
 -8.29065370e-03 -9.51542529e-03 -1.08795408e-02 -1.26254548e-02
 -1.43330378e-02 -1.58071545e-02 -1.71751577e-02 -1.84521546e-02
 -2.00484605e-02 -2.12557194e-02 -2.28743002e-02 -2.39184946e-02
 -2.57481864e-02 -2.69022558e-02 -2.82174917e-02 -2.91723138e-02
 -3.08026396e-02 -3.19626373e-02 -3.33255944e-02 -3.43085963e-02
 -3.57045993e-02 -3.68315605e-02 -3.79935036e-02 -3.90348949e-02
 -4.02795057e-02 -4.13425520e-02 -4.25679046e-02 -4.34708986e-02
 -4.46814926e-02 -4.54780398e-02 -4.63847638e-02 -4.75191835e-02
 -4.83762079e-02 -4.92309999e-02 -5.01314225e-02 -5.09222072e-02
 -5.19154417e-02 -5.27808103e-02 -5.35534318e-02 -5.43633058e-02
 -5.49341863e-02 -5.56323464e-02 -5.61190773e-02 -5.68460994e-02
 -5.74514326e-02 -5.81995437e-02 -5.85674020e-02 -5.93268300e-02
 -5.96306020e-02 -6.01391810e-02 -6.04073264e-02 -6.08302762e-02
 -6.12031646e-02 -6.16866590e-02 -6.18556807e-02 -6.22433039e-02
 -6.24213639e-02 -6.27491727e-02 -6.27662972e-02 -6.31187568e-02
 -6.32002418e-02 -6.32418188e-02 -6.32418206e-02 -6.33350069e-02
 -6.34055980e-02 -6.35394839e-02 -6.33831090e-02 -6.33010274e-02
 -6.32601355e-02 -6.30670431e-02 -6.28631597e-02 -6.25753570e-02
 -6.24561892e-02 -6.23118769e-02 -6.21576934e-02 -6.17924819e-02
 -6.15126239e-02 -6.09830140e-02 -6.07184542e-02 -6.02423338e-02
 -5.99416124e-02 -5.94832912e-02 -5.90793614e-02 -5.85170475e-02
 -5.80605371e-02 -5.74192795e-02 -5.69233523e-02 -5.63471979e-02
 -5.57947138e-02 -5.51862023e-02 -5.45910772e-02 -5.38889876e-02
 -5.32435596e-02 -5.25334189e-02 -5.18104444e-02 -5.10645102e-02
 -5.03405085e-02 -4.95281850e-02 -4.87760870e-02 -4.80610445e-02
 -4.71735043e-02 -4.64286982e-02 -4.55162966e-02 -4.46512415e-02
 -4.37882506e-02 -4.28917871e-02 -4.19752184e-02 -4.11749263e-02
 -4.01994076e-02 -3.92979333e-02 -3.83177620e-02 -3.73491754e-02
 -3.63765813e-02 -3.54477764e-02 -3.44415102e-02 -3.35646249e-02
 -3.25823112e-02 -3.14983043e-02 -3.04610874e-02 -2.94536915e-02
 -2.85091191e-02 -2.74857106e-02 -2.64389922e-02 -2.54351990e-02
 -2.43493002e-02 -2.33423758e-02 -2.23435831e-02 -2.12886732e-02
 -2.02708662e-02 -1.92573176e-02 -1.81763868e-02 -1.71390475e-02
 -1.60960737e-02 -1.50418640e-02 -1.40108629e-02 -1.29791607e-02
 -1.19869149e-02 -1.09744238e-02 -9.94633292e-03 -8.90248027e-03
 -7.86838752e-03 -6.89132812e-03 -5.87984900e-03 -4.86856323e-03
 -3.86937815e-03 -2.87070570e-03 -1.87369982e-03 -8.98693452e-04
  4.80640373e-05  1.01303795e-03  1.94159588e-03  2.90422232e-03
  3.84953866e-03  4.79175102e-03  5.66701129e-03  6.59411880e-03
  7.49289232e-03  8.42859702e-03  9.26964885e-03  1.01178323e-02
  1.09648939e-02  1.18403831e-02  1.26320357e-02  1.34755132e-02
  1.43038531e-02  1.50683709e-02  1.58345993e-02  1.66233859e-02
  1.73611806e-02  1.80971577e-02  1.88030685e-02  1.95329479e-02
  2.02473625e-02  2.09717854e-02  2.16259907e-02  2.22500831e-02
  2.28781254e-02  2.35123824e-02  2.41159138e-02  2.46960261e-02
  2.53060968e-02  2.59094688e-02  2.64737566e-02  2.69796633e-02
  2.75043978e-02  2.80079255e-02  2.84964207e-02  2.89445550e-02
  2.94055190e-02  2.98661936e-02  3.02996025e-02  3.07216614e-02
  3.11074814e-02  3.14826897e-02  3.18474020e-02  3.22271482e-02
  3.25564052e-02  3.28464889e-02  3.31505757e-02  3.34335736e-02
  3.37085038e-02  3.39756291e-02  3.42237310e-02  3.44291356e-02
  3.46569570e-02  3.48407141e-02  3.50329101e-02  3.51543022e-02
  3.53109760e-02  3.54656149e-02  3.55766488e-02  3.56810498e-02
  3.57942249e-02  3.58709852e-02  3.59242534e-02  3.59682999e-02
  3.60062432e-02  3.59883410e-02  3.59892191e-02  3.59835851e-02
  3.59717150e-02  3.59368402e-02  3.59041942e-02  3.58363559e-02
  3.57558946e-02  3.56349490e-02  3.55293395e-02  3.54256454e-02
  3.53023889e-02  3.51867384e-02  3.50327724e-02  3.48734790e-02
  3.46854656e-02  3.45221340e-02  3.42989182e-02  3.41009493e-02
  3.38921311e-02  3.37056739e-02  3.34436307e-02  3.31940958e-02
  3.29348351e-02  3.26821820e-02  3.24016411e-02  3.21257332e-02
  3.18488920e-02  3.15601912e-02  3.12459698e-02  3.09430460e-02
  3.06138769e-02  3.02794401e-02  2.99325658e-02  2.96072380e-02
  2.92478033e-02  2.88903168e-02  2.85193690e-02  2.81710588e-02
  2.77910207e-02  2.73983085e-02  2.70279750e-02  2.66054304e-02
  2.62113203e-02  2.58276773e-02  2.54425452e-02  2.50147929e-02
  2.46139484e-02  2.41860397e-02  2.37606515e-02  2.33205188e-02
  2.29045555e-02  2.24732571e-02  2.20485878e-02  2.16085497e-02
  2.11893611e-02  2.07356158e-02  2.02768864e-02  1.98296970e-02
  1.93857744e-02  1.89437373e-02  1.84985227e-02  1.80400202e-02
  1.76031681e-02  1.71238326e-02  1.66932755e-02  1.62421658e-02
  1.57880872e-02  1.53244533e-02  1.48780720e-02  1.44147806e-02
  1.39653453e-02  1.35145392e-02  1.30728675e-02  1.26288148e-02
  1.21712956e-02  1.17270029e-02  1.12754169e-02  1.08383029e-02
  1.03952838e-02  9.95015305e-03  9.51403872e-03  9.08070144e-03
  8.65106474e-03  8.22378688e-03  7.78576956e-03  7.37175866e-03
  6.93895253e-03  6.52181649e-03  6.08263093e-03  5.66376514e-03
  5.25386875e-03  4.84740358e-03  4.44220916e-03  4.05826886e-03
  3.63572688e-03  3.25100042e-03  2.84242388e-03  2.43497175e-03
  2.05469897e-03  1.68678597e-03  1.30016038e-03  9.35520129e-04
  5.37892946e-04  1.75742590e-04 -1.91032237e-04 -5.50315572e-04
 -9.05584240e-04 -1.27233941e-03 -1.61126403e-03 -1.95418475e-03
 -2.30057230e-03 -2.64675104e-03 -2.98531727e-03 -3.30573560e-03
 -3.62531759e-03 -3.95637166e-03 -4.25941411e-03 -4.58071130e-03
 -4.89550401e-03 -5.21166850e-03 -5.49953221e-03 -5.79069784e-03
 -6.08080727e-03 -6.38531967e-03 -6.65557611e-03 -6.93276698e-03
 -7.21599926e-03 -7.48645764e-03 -7.75741054e-03 -8.02459463e-03
 -8.27550912e-03 -8.54196280e-03 -8.77232934e-03 -9.03251883e-03
 -9.26094690e-03 -9.50099310e-03 -9.74477083e-03 -9.96760100e-03
 -1.01955111e-02 -1.04222482e-02 -1.06444660e-02 -1.08526086e-02
 -1.10595058e-02 -1.12684158e-02 -1.14777538e-02 -1.16615830e-02
 -1.18536564e-02 -1.20565754e-02 -1.22351602e-02 -1.24262997e-02
 -1.26087951e-02 -1.27914597e-02 -1.29590671e-02 -1.31122387e-02
 -1.32750917e-02 -1.34294272e-02 -1.35967158e-02 -1.37691466e-02
 -1.39262856e-02 -1.40711408e-02 -1.42108383e-02 -1.43317474e-02
 -1.44770404e-02 -1.46037015e-02 -1.47398023e-02 -1.48791814e-02
 -1.50127287e-02 -1.51285332e-02 -1.52518261e-02 -1.53452188e-02
 -1.54674327e-02 -1.55763398e-02 -1.56752605e-02 -1.57919619e-02
 -1.58913811e-02 -1.59890423e-02 -1.60812469e-02 -1.61547724e-02
 -1.62673391e-02 -1.63487854e-02 -1.64451254e-02 -1.65089441e-02
 -1.65850674e-02 -1.66664314e-02 -1.67420539e-02 -1.68041883e-02
 -1.68758524e-02 -1.69385786e-02 -1.70007798e-02 -1.70722255e-02
 -1.71224850e-02 -1.71838114e-02 -1.72358159e-02 -1.72753511e-02
 -1.73312041e-02 -1.73732506e-02 -1.74211377e-02 -1.74617829e-02
 -1.74976471e-02 -1.75512439e-02 -1.75674527e-02 -1.76100631e-02
 -1.76306850e-02 -1.76575790e-02 -1.76889589e-02 -1.77075101e-02
 -1.77279522e-02 -1.77592274e-02 -1.77604663e-02 -1.77788164e-02
 -1.77800402e-02 -1.77973402e-02 -1.78117486e-02 -1.78208273e-02
 -1.78099415e-02 -1.78145114e-02 -1.78033040e-02 -1.78180517e-02
 -1.78094993e-02 -1.77980304e-02 -1.77953492e-02 -1.77732837e-02
 -1.77560845e-02 -1.77416463e-02 -1.77096276e-02 -1.77115059e-02
 -1.76855231e-02 -1.76635190e-02 -1.76384517e-02 -1.75987749e-02
 -1.75639856e-02 -1.75230264e-02 -1.74903623e-02 -1.74596739e-02
 -1.74268961e-02 -1.73813034e-02 -1.73403531e-02 -1.72684775e-02
 -1.72227894e-02 -1.71699383e-02 -1.71141242e-02 -1.70732370e-02
 -1.70007489e-02 -1.69341546e-02 -1.68694361e-02 -1.67935010e-02
 -1.67379426e-02 -1.66528803e-02 -1.65862769e-02 -1.65001235e-02
 -1.64250127e-02 -1.63330569e-02 -1.62395894e-02 -1.61466358e-02
 -1.60596303e-02 -1.59582088e-02 -1.58710512e-02 -1.57701391e-02
 -1.56598169e-02 -1.55396618e-02 -1.54359079e-02 -1.53076410e-02
 -1.51960873e-02 -1.50691971e-02 -1.49520539e-02 -1.48300225e-02
 -1.46905131e-02 -1.45693675e-02 -1.44263618e-02 -1.42732496e-02
 -1.41245739e-02 -1.39605951e-02 -1.38297945e-02 -1.36765760e-02
 -1.35155979e-02 -1.33563780e-02 -1.31798661e-02 -1.30112419e-02
 -1.28310674e-02 -1.26541622e-02 -1.24724855e-02 -1.23017277e-02
 -1.20983861e-02 -1.19146898e-02 -1.17062438e-02 -1.15124843e-02
 -1.12989208e-02 -1.10800596e-02 -1.08860549e-02 -1.06766124e-02
 -1.04419442e-02 -1.02130127e-02 -9.96587029e-03 -9.75583854e-03
 -9.52035977e-03 -9.27475892e-03 -9.03087267e-03 -8.78879814e-03
 -8.52235539e-03 -8.25163157e-03 -7.98221077e-03 -7.72656658e-03
 -7.45665970e-03 -7.18334402e-03 -6.90146529e-03 -6.60930171e-03
 -6.33038164e-03 -6.03546849e-03 -5.72273698e-03 -5.43112609e-03
 -5.11039883e-03 -4.79682179e-03 -4.49306535e-03 -4.15458215e-03
 -3.84199075e-03 -3.50772525e-03 -3.18631274e-03 -2.84794974e-03
 -2.49462728e-03 -2.14799223e-03 -1.79570933e-03 -1.43633406e-03
 -1.08622029e-03 -7.20505807e-04 -3.61657717e-04  1.44336452e-05
  3.89791734e-04  7.69166513e-04  1.14608497e-03  1.53941955e-03
  1.92566595e-03  2.33566818e-03  2.73830131e-03  3.12243506e-03
  3.52545329e-03  3.92852562e-03  4.34467182e-03  4.76379678e-03
  5.17653242e-03  5.62986180e-03  6.03395381e-03  6.47000228e-03
  6.89696748e-03  7.33149976e-03  7.75735527e-03  8.19487460e-03
  8.65134126e-03  9.10554493e-03  9.53739514e-03  9.98286589e-03
  1.04433669e-02  1.08837622e-02  1.13417772e-02  1.18055451e-02
  1.22624395e-02  1.27205950e-02  1.31762895e-02  1.36339100e-02
  1.40945106e-02  1.45519250e-02  1.50253468e-02  1.54980318e-02
  1.59502623e-02  1.64169513e-02  1.69035573e-02  1.73493315e-02
  1.78199856e-02  1.82776979e-02  1.87492781e-02  1.91967933e-02
  1.96726253e-02  2.01340418e-02  2.06083650e-02  2.10444500e-02
  2.15167436e-02  2.19503939e-02  2.24036191e-02  2.28480404e-02
  2.32997259e-02  2.37495379e-02  2.41809267e-02  2.46448446e-02
  2.50711455e-02  2.54776656e-02  2.58849968e-02  2.63012663e-02
  2.67449612e-02  2.71532615e-02  2.75679077e-02  2.79685170e-02
  2.83514033e-02  2.87366079e-02  2.91225640e-02  2.94943396e-02
  2.98614061e-02  3.02417561e-02  3.06005992e-02  3.09673831e-02
  3.12856697e-02  3.16444894e-02  3.19548947e-02  3.22797708e-02
  3.26005735e-02  3.29061958e-02  3.31823087e-02  3.34778074e-02
  3.37533691e-02  3.40148434e-02  3.42770290e-02  3.45280415e-02
  3.47624254e-02  3.49714517e-02  3.51870213e-02  3.54014527e-02
  3.55956810e-02  3.57650873e-02  3.59245245e-02  3.60905804e-02
  3.62277340e-02  3.63792219e-02  3.65009187e-02  3.66135843e-02
  3.66887109e-02  3.67794227e-02  3.68256957e-02  3.68672444e-02
  3.69193214e-02  3.69520636e-02  3.69973009e-02  3.69840412e-02
  3.69842628e-02  3.69264121e-02  3.68639669e-02  3.68147968e-02
  3.67367857e-02  3.66376774e-02  3.65486867e-02  3.64273508e-02
  3.62954298e-02  3.61112297e-02  3.59504589e-02  3.57670125e-02
  3.55702294e-02  3.53330924e-02  3.51027349e-02  3.48398604e-02
  3.45760635e-02  3.42584036e-02  3.40025856e-02  3.36653471e-02
  3.33351286e-02  3.29790095e-02  3.26269082e-02  3.22353460e-02
  3.18385392e-02  3.14089757e-02  3.09626339e-02  3.05242978e-02
  3.00627713e-02  2.95763696e-02  2.90576079e-02  2.85679654e-02
  2.80381264e-02  2.74852339e-02  2.68642461e-02  2.63120975e-02
  2.57039346e-02  2.50885869e-02  2.44761671e-02  2.38670938e-02
  2.32067577e-02  2.25140112e-02  2.17799742e-02  2.10798360e-02
  2.03277825e-02  1.96062866e-02  1.88580335e-02  1.81158859e-02
  1.73223670e-02  1.65437041e-02  1.57317230e-02  1.48985473e-02
  1.40557573e-02  1.32255165e-02  1.23706299e-02  1.14871918e-02
  1.06148348e-02  9.72581937e-03  8.79637681e-03  7.87753787e-03
  6.96976408e-03  6.02724971e-03  5.08141893e-03  4.11448894e-03
  3.14413113e-03  2.15321000e-03  1.16369957e-03  1.94272800e-04
 -8.20337640e-04 -1.80749498e-03 -2.81772506e-03 -3.84275631e-03
 -4.89710325e-03 -5.93910852e-03 -6.95310555e-03 -7.98239529e-03
 -9.08211245e-03 -1.01311443e-02 -1.11367120e-02 -1.21803138e-02
 -1.32818836e-02 -1.43805240e-02 -1.54421490e-02 -1.65188668e-02
 -1.75651705e-02 -1.86308342e-02 -1.97237107e-02 -2.07590660e-02
 -2.18134080e-02 -2.29272965e-02 -2.39613421e-02 -2.50220617e-02
 -2.61121394e-02 -2.72010780e-02 -2.82033916e-02 -2.92359801e-02
 -3.02699185e-02 -3.13542421e-02 -3.23898341e-02 -3.34196173e-02
 -3.43829817e-02 -3.53829269e-02 -3.63464759e-02 -3.73203759e-02
 -3.83351088e-02 -3.93741220e-02 -4.02842350e-02 -4.12352725e-02
 -4.21807803e-02 -4.30529224e-02 -4.39914862e-02 -4.48215641e-02
 -4.57282846e-02 -4.66376100e-02 -4.75640030e-02 -4.83670071e-02
 -4.91216897e-02 -4.98547706e-02 -5.07209305e-02 -5.15009860e-02
 -5.23368085e-02 -5.30618217e-02 -5.37218438e-02 -5.43950072e-02
 -5.50826585e-02 -5.57015566e-02 -5.63965554e-02 -5.69899936e-02
 -5.75731609e-02 -5.82295553e-02 -5.86985028e-02 -5.91984274e-02
 -5.97680424e-02 -6.01794329e-02 -6.06798727e-02 -6.11602243e-02
 -6.15756089e-02 -6.18981837e-02 -6.21920002e-02 -6.25980207e-02
 -6.28866947e-02 -6.31898058e-02 -6.34006337e-02 -6.36347293e-02]
