Frame: 60
temp_s_est shape: (1024,)
temp_s_est dtype: float64
temp_s_est:
[-3.36784688e-02 -3.36553804e-02 -3.35103181e-02 -3.33639634e-02
 -3.33333240e-02 -3.32317778e-02 -3.31481273e-02 -3.29048058e-02
 -3.27745703e-02 -3.26622607e-02 -3.24238024e-02 -3.21295141e-02
 -3.20553600e-02 -3.17831824e-02 -3.17265647e-02 -3.11603222e-02
 -3.09957794e-02 -3.06758287e-02 -3.05077041e-02 -2.99121901e-02
 -2.96109028e-02 -2.92985736e-02 -2.89976194e-02 -2.85741378e-02
 -2.80503855e-02 -2.77936434e-02 -2.72555444e-02 -2.67394447e-02
 -2.61808983e-02 -2.57105145e-02 -2.53459060e-02 -2.47666071e-02
 -2.42869634e-02 -2.36091495e-02 -2.33082447e-02 -2.26055199e-02
 -2.19983377e-02 -2.13426511e-02 -2.08911643e-02 -2.03284898e-02
 -1.93968422e-02 -1.88552398e-02 -1.84441385e-02 -1.78117507e-02
 -1.69692283e-02 -1.64260253e-02 -1.56079665e-02 -1.49493940e-02
 -1.41390221e-02 -1.34375864e-02 -1.28722834e-02 -1.21370117e-02
 -1.13877700e-02 -1.05560108e-02 -9.63429740e-03 -9.19540069e-03
 -8.22654558e-03 -7.47433255e-03 -6.51767011e-03 -6.04925176e-03
 -4.78119770e-03 -4.09303537e-03 -3.38383865e-03 -2.84876060e-03
 -1.75518751e-03 -8.20882956e-04 -1.79043253e-04  6.05729804e-04
  1.57993647e-03  2.34504761e-03  3.17329734e-03  3.63791574e-03
  4.85511104e-03  5.39486702e-03  6.50722386e-03  6.75055945e-03
  7.99240590e-03  8.67249639e-03  9.70210702e-03  1.01017597e-02
  1.10751161e-02  1.19854894e-02  1.29827580e-02  1.32723856e-02
  1.41083936e-02  1.53766776e-02  1.60803707e-02  1.67075965e-02
  1.75510474e-02  1.85537649e-02  1.96217553e-02  1.97676950e-02
  2.04598433e-02  2.13659369e-02  2.23716809e-02  2.28380577e-02
  2.36154733e-02  2.40281780e-02  2.50372243e-02  2.56873504e-02
  2.58736925e-02  2.67174693e-02  2.78071069e-02  2.82725821e-02
  2.84355072e-02  2.87593064e-02  2.99850179e-02  3.07431249e-02
  3.09385394e-02  3.12264698e-02  3.21077158e-02  3.27276722e-02
  3.27969306e-02  3.34321707e-02  3.35156582e-02  3.48711425e-02
  3.50536225e-02  3.55023260e-02  3.55087061e-02  3.64039091e-02
  3.69680862e-02  3.72075803e-02  3.72309492e-02  3.78307178e-02
  3.81548647e-02  3.77453220e-02  3.83122261e-02  3.91517890e-02
  3.92833374e-02  3.92559604e-02  3.88375435e-02  3.95671595e-02
  3.94630520e-02  3.99712229e-02  3.95514099e-02  3.99660486e-02
  3.94721874e-02  4.04889148e-02  3.99621564e-02  4.02201556e-02
  4.02085672e-02  3.99880109e-02  3.98259794e-02  3.99673170e-02
  3.99401504e-02  4.00717306e-02  3.96006223e-02  4.02292171e-02
  3.99504520e-02  3.97473962e-02  3.91266402e-02  3.96779525e-02
  3.90471198e-02  3.86729937e-02  3.83191455e-02  3.84921282e-02
  3.81592770e-02  3.75201230e-02  3.70356580e-02  3.72243747e-02
  3.69455686e-02  3.60401458e-02  3.52970102e-02  3.52405406e-02
  3.52447422e-02  3.51650872e-02  3.34748265e-02  3.33973230e-02
  3.31009754e-02  3.30772621e-02  3.19555796e-02  3.11900721e-02
  3.14030296e-02  3.04863246e-02  2.95984043e-02  2.88204329e-02
  2.94224203e-02  2.85937274e-02  2.76901346e-02  2.66981284e-02
  2.63708551e-02  2.60349157e-02  2.52366347e-02  2.42363952e-02
  2.38023543e-02  2.32276917e-02  2.23128008e-02  2.13835668e-02
  2.04166554e-02  2.06735847e-02  1.98750787e-02  1.82520833e-02
  1.78059250e-02  1.69750385e-02  1.68804431e-02  1.51233012e-02
  1.48775809e-02  1.41253832e-02  1.36209360e-02  1.24300511e-02
  1.13070310e-02  1.08043892e-02  1.01571657e-02  9.37920568e-03
  8.85454342e-03  7.25593120e-03  7.07061188e-03  6.06635663e-03
  5.46147824e-03  4.77429492e-03  4.02214101e-03  3.12249568e-03
  2.08934379e-03  1.34535142e-03  8.81904724e-04 -2.13800212e-04
 -9.17662531e-04 -1.73415998e-03 -2.27878200e-03 -3.34366398e-03
 -4.04506389e-03 -4.81860486e-03 -5.64561078e-03 -6.50965897e-03
 -7.14922813e-03 -8.10613541e-03 -8.36812766e-03 -9.75622053e-03
 -1.01603469e-02 -1.10541921e-02 -1.14925599e-02 -1.20261164e-02
 -1.33518170e-02 -1.38121362e-02 -1.46159401e-02 -1.49296200e-02
 -1.57633959e-02 -1.62977338e-02 -1.68596049e-02 -1.73871617e-02
 -1.81996197e-02 -1.90013141e-02 -1.94334704e-02 -1.99498367e-02
 -2.07645062e-02 -2.11440058e-02 -2.16800698e-02 -2.20509555e-02
 -2.27897653e-02 -2.34727941e-02 -2.38755318e-02 -2.40706949e-02
 -2.47952955e-02 -2.53109072e-02 -2.60584626e-02 -2.61181028e-02
 -2.63568145e-02 -2.69682388e-02 -2.74808557e-02 -2.76025512e-02
 -2.81191362e-02 -2.84895360e-02 -2.90466105e-02 -2.90961006e-02
 -2.93753823e-02 -2.96189949e-02 -3.01956885e-02 -3.00995763e-02
 -3.05324668e-02 -3.05918609e-02 -3.10999171e-02 -3.12016617e-02
 -3.11996607e-02 -3.14462355e-02 -3.17545485e-02 -3.18902554e-02
 -3.17753013e-02 -3.19294545e-02 -3.21290016e-02 -3.22612881e-02
 -3.21936262e-02 -3.21614035e-02 -3.25250960e-02 -3.23411585e-02
 -3.24587144e-02 -3.22944022e-02 -3.24420130e-02 -3.23590496e-02
 -3.23274066e-02 -3.21137415e-02 -3.21803126e-02 -3.21680957e-02
 -3.19254930e-02 -3.18079553e-02 -3.16484094e-02 -3.17071045e-02
 -3.14372443e-02 -3.11494945e-02 -3.09903530e-02 -3.08956407e-02
 -3.05827938e-02 -3.03420455e-02 -3.01999589e-02 -2.99523239e-02
 -2.96998553e-02 -2.93433155e-02 -2.90050870e-02 -2.88419828e-02
 -2.84752799e-02 -2.81727827e-02 -2.78064486e-02 -2.75542535e-02
 -2.71712879e-02 -2.67838508e-02 -2.63800088e-02 -2.61610905e-02
 -2.57300633e-02 -2.53048819e-02 -2.48340212e-02 -2.44752133e-02
 -2.40752254e-02 -2.36569316e-02 -2.31822747e-02 -2.28709575e-02
 -2.23991858e-02 -2.19350723e-02 -2.13167091e-02 -2.10048900e-02
 -2.05050300e-02 -2.00915614e-02 -1.95161246e-02 -1.90491753e-02
 -1.86062434e-02 -1.80393433e-02 -1.75518407e-02 -1.70560673e-02
 -1.65924735e-02 -1.60623533e-02 -1.54398112e-02 -1.48853933e-02
 -1.44798070e-02 -1.40009124e-02 -1.33653397e-02 -1.28808317e-02
 -1.23988347e-02 -1.18723263e-02 -1.12456988e-02 -1.06506380e-02
 -1.02130445e-02 -9.73261271e-03 -9.15578385e-03 -8.62106715e-03
 -8.08809778e-03 -7.58026982e-03 -7.08073065e-03 -6.43966773e-03
 -5.96524687e-03 -5.48732998e-03 -4.94222440e-03 -4.30993226e-03
 -3.80513774e-03 -3.38030586e-03 -2.89692493e-03 -2.29465858e-03
 -1.73498575e-03 -1.29751024e-03 -7.86445785e-04 -2.10368326e-04
  2.45342118e-04  7.70490607e-04  1.17893391e-03  1.70149369e-03
  2.20411883e-03  2.67987166e-03  3.14750732e-03  3.60460296e-03
  4.09098884e-03  4.52637848e-03  4.95477319e-03  5.39895741e-03
  5.90578100e-03  6.30847880e-03  6.67620970e-03  7.11004346e-03
  7.54123846e-03  7.94169172e-03  8.34976504e-03  8.73170857e-03
  9.14167205e-03  9.51993341e-03  9.84475284e-03  1.02755005e-02
  1.05749632e-02  1.09410364e-02  1.13064686e-02  1.16122438e-02
  1.19683287e-02  1.22679494e-02  1.25956687e-02  1.29128355e-02
  1.32045287e-02  1.34947937e-02  1.37828340e-02  1.40412145e-02
  1.43112524e-02  1.45939511e-02  1.48204593e-02  1.50546781e-02
  1.53319979e-02  1.55308484e-02  1.57327062e-02  1.59339299e-02
  1.61695418e-02  1.63321934e-02  1.64971452e-02  1.66568825e-02
  1.68927280e-02  1.69937861e-02  1.71646360e-02  1.73177711e-02
  1.74355040e-02  1.75766088e-02  1.76747256e-02  1.77973159e-02
  1.78849742e-02  1.80228354e-02  1.81124545e-02  1.81732231e-02
  1.82330896e-02  1.83261722e-02  1.84188541e-02  1.84126042e-02
  1.84735448e-02  1.85212446e-02  1.85125881e-02  1.85428143e-02
  1.85498987e-02  1.85724492e-02  1.85695857e-02  1.85534557e-02
  1.85207795e-02  1.85132382e-02  1.84366537e-02  1.84609563e-02
  1.83710248e-02  1.83370918e-02  1.82908222e-02  1.82424553e-02
  1.81568207e-02  1.80712275e-02  1.80103524e-02  1.79218463e-02
  1.78206859e-02  1.77286194e-02  1.76149274e-02  1.75417636e-02
  1.73740488e-02  1.73188562e-02  1.71681021e-02  1.70439569e-02
  1.69208675e-02  1.67655897e-02  1.66118014e-02  1.64607205e-02
  1.63206844e-02  1.61760775e-02  1.59985388e-02  1.58292825e-02
  1.56795663e-02  1.55068787e-02  1.52998818e-02  1.51432184e-02
  1.49479377e-02  1.47683949e-02  1.45862269e-02  1.43954995e-02
  1.41720520e-02  1.40017620e-02  1.37843643e-02  1.35889321e-02
  1.33757644e-02  1.31472044e-02  1.29963280e-02  1.27097705e-02
  1.25090613e-02  1.23095532e-02  1.21131022e-02  1.18836482e-02
  1.16422807e-02  1.14212669e-02  1.12036272e-02  1.09776056e-02
  1.07383879e-02  1.05129817e-02  1.02889363e-02  1.00418651e-02
  9.83277708e-03  9.55582949e-03  9.35428184e-03  9.11850734e-03
  8.89655248e-03  8.62047163e-03  8.43210640e-03  8.16549061e-03
  7.94769649e-03  7.68741971e-03  7.46708496e-03  7.26316682e-03
  6.99354322e-03  6.74921392e-03  6.53204211e-03  6.28207606e-03
  6.07940499e-03  5.82855324e-03  5.60710520e-03  5.35712986e-03
  5.16334744e-03  4.89856926e-03  4.70958266e-03  4.45660728e-03
  4.26129297e-03  4.02521884e-03  3.78372188e-03  3.56284767e-03
  3.36034187e-03  3.13053066e-03  2.92173186e-03  2.71701891e-03
  2.48666810e-03  2.28987027e-03  2.07225400e-03  1.86630699e-03
  1.67971745e-03  1.43677442e-03  1.27122070e-03  1.05139655e-03
  8.51312138e-04  6.61897650e-04  4.70187439e-04  2.81595874e-04
  7.02285158e-05 -1.07177998e-04 -3.07075553e-04 -4.61807943e-04
 -6.63133602e-04 -8.33310316e-04 -1.01091090e-03 -1.18021962e-03
 -1.33595413e-03 -1.51254804e-03 -1.70775310e-03 -1.84544338e-03
 -2.00925152e-03 -2.18169371e-03 -2.34384755e-03 -2.49196332e-03
 -2.63536767e-03 -2.77005214e-03 -2.97108469e-03 -3.06904671e-03
 -3.23930953e-03 -3.35828786e-03 -3.52298932e-03 -3.64145478e-03
 -3.78053646e-03 -3.89672862e-03 -4.05943451e-03 -4.18927320e-03
 -4.28748448e-03 -4.40465197e-03 -4.53854224e-03 -4.67401178e-03
 -4.80064207e-03 -4.86189123e-03 -5.00603613e-03 -5.10396932e-03
 -5.21759989e-03 -5.29407951e-03 -5.42639988e-03 -5.51519349e-03
 -5.63737405e-03 -5.69042931e-03 -5.79561576e-03 -5.89939303e-03
 -6.00239956e-03 -6.07959411e-03 -6.15476245e-03 -6.23500274e-03
 -6.33220119e-03 -6.40319270e-03 -6.47396153e-03 -6.55671791e-03
 -6.64763892e-03 -6.69550647e-03 -6.78016142e-03 -6.82903694e-03
 -6.91726846e-03 -6.98030684e-03 -7.03852151e-03 -7.10953405e-03
 -7.16439190e-03 -7.22528460e-03 -7.27925269e-03 -7.33874810e-03
 -7.38274898e-03 -7.44992103e-03 -7.49357199e-03 -7.53943695e-03
 -7.59052242e-03 -7.62470584e-03 -7.68873366e-03 -7.73197717e-03
 -7.76669198e-03 -7.81319909e-03 -7.84720870e-03 -7.89440431e-03
 -7.93038082e-03 -7.96560016e-03 -7.98676616e-03 -8.04575495e-03
 -8.05393539e-03 -8.10901196e-03 -8.12282001e-03 -8.17102620e-03
 -8.18841582e-03 -8.21571811e-03 -8.23727737e-03 -8.27821674e-03
 -8.31224062e-03 -8.32121266e-03 -8.34584975e-03 -8.36729788e-03
 -8.39833459e-03 -8.43883437e-03 -8.42556207e-03 -8.46470261e-03
 -8.46375358e-03 -8.49691542e-03 -8.50638525e-03 -8.52818417e-03
 -8.53860208e-03 -8.57139738e-03 -8.56345086e-03 -8.58439571e-03
 -8.59411099e-03 -8.60989789e-03 -8.62049313e-03 -8.62701550e-03
 -8.62784786e-03 -8.65710614e-03 -8.65778718e-03 -8.66758455e-03
 -8.66321092e-03 -8.67903429e-03 -8.67661745e-03 -8.70264056e-03
 -8.67399408e-03 -8.70046616e-03 -8.69856160e-03 -8.70330971e-03
 -8.70965480e-03 -8.70323979e-03 -8.70812357e-03 -8.70435406e-03
 -8.69390732e-03 -8.69695569e-03 -8.69900867e-03 -8.70155818e-03
 -8.68137991e-03 -8.68664840e-03 -8.66610490e-03 -8.67870660e-03
 -8.65709882e-03 -8.64597762e-03 -8.63651331e-03 -8.63089420e-03
 -8.62062141e-03 -8.60888316e-03 -8.58539630e-03 -8.57247293e-03
 -8.56527773e-03 -8.53552520e-03 -8.52800019e-03 -8.50587771e-03
 -8.48074924e-03 -8.46678138e-03 -8.42982301e-03 -8.42263350e-03
 -8.40228067e-03 -8.37960499e-03 -8.34187728e-03 -8.31161553e-03
 -8.28180202e-03 -8.26508925e-03 -8.23801767e-03 -8.18532279e-03
 -8.16501379e-03 -8.11363984e-03 -8.08949528e-03 -8.04330878e-03
 -8.00232557e-03 -7.95881774e-03 -7.91564877e-03 -7.86742192e-03
 -7.81463683e-03 -7.77194258e-03 -7.71777935e-03 -7.67371671e-03
 -7.61125461e-03 -7.54435631e-03 -7.50904547e-03 -7.43301836e-03
 -7.38052076e-03 -7.29830064e-03 -7.24888794e-03 -7.17052918e-03
 -7.11967540e-03 -7.02244517e-03 -6.96817446e-03 -6.88394410e-03
 -6.81139035e-03 -6.73283754e-03 -6.64114654e-03 -6.56024872e-03
 -6.49315185e-03 -6.38087091e-03 -6.29176726e-03 -6.19468435e-03
 -6.11560211e-03 -6.00178468e-03 -5.90422064e-03 -5.78218916e-03
 -5.72298136e-03 -5.57912589e-03 -5.46949727e-03 -5.34894814e-03
 -5.24968783e-03 -5.14413320e-03 -5.01737775e-03 -4.87188808e-03
 -4.76073586e-03 -4.63313209e-03 -4.50487881e-03 -4.35674697e-03
 -4.23435802e-03 -4.08876219e-03 -3.96042645e-03 -3.77006864e-03
 -3.65944109e-03 -3.52194893e-03 -3.37926484e-03 -3.19487471e-03
 -3.04160911e-03 -2.88147531e-03 -2.73126257e-03 -2.56671428e-03
 -2.38187109e-03 -2.23602022e-03 -2.04680822e-03 -1.88052810e-03
 -1.69918010e-03 -1.50068261e-03 -1.34145694e-03 -1.14447454e-03
 -9.56186747e-04 -7.66069826e-04 -5.86810827e-04 -3.78930035e-04
 -1.91617835e-04  1.12756056e-05  2.11790867e-04  4.14421655e-04
  6.50489215e-04  8.29931314e-04  1.06564259e-03  1.27053295e-03
  1.48407038e-03  1.68702560e-03  1.93596338e-03  2.14481518e-03
  2.37283851e-03  2.58022558e-03  2.81948140e-03  3.06647443e-03
  3.28112190e-03  3.50855544e-03  3.75366707e-03  3.97016418e-03
  4.24014231e-03  4.44901750e-03  4.71005130e-03  4.93712434e-03
  5.21426435e-03  5.41240327e-03  5.66830409e-03  5.91496366e-03
  6.18186277e-03  6.41718389e-03  6.63745996e-03  6.90194983e-03
  7.17951684e-03  7.40659176e-03  7.66949514e-03  7.91821598e-03
  8.18816259e-03  8.42637922e-03  8.68411479e-03  8.90390166e-03
  9.20829322e-03  9.42878416e-03  9.69906870e-03  9.91640320e-03
  1.01704389e-02  1.04437710e-02  1.06859910e-02  1.09096216e-02
  1.11636931e-02  1.14295922e-02  1.16445931e-02  1.18907014e-02
  1.21210717e-02  1.23826985e-02  1.26304898e-02  1.28273067e-02
  1.30910932e-02  1.32963661e-02  1.35334585e-02  1.37607431e-02
  1.39881265e-02  1.42111850e-02  1.44447576e-02  1.46660595e-02
  1.48402175e-02  1.50948924e-02  1.52932497e-02  1.55252802e-02
  1.56876584e-02  1.58865823e-02  1.60939884e-02  1.62758693e-02
  1.64377193e-02  1.66521951e-02  1.68290521e-02  1.69792292e-02
  1.71563154e-02  1.73130507e-02  1.74630705e-02  1.76282067e-02
  1.77544740e-02  1.79423897e-02  1.80316906e-02  1.81895026e-02
  1.83110737e-02  1.84486677e-02  1.85300847e-02  1.86779289e-02
  1.87531467e-02  1.88524308e-02  1.89663447e-02  1.90304282e-02
  1.91259796e-02  1.91944978e-02  1.92745069e-02  1.93561658e-02
  1.93503152e-02  1.94348471e-02  1.94721014e-02  1.94839626e-02
  1.94838082e-02  1.95453522e-02  1.95345484e-02  1.95437467e-02
  1.95113881e-02  1.95100563e-02  1.94989309e-02  1.94481052e-02
  1.94077927e-02  1.93579342e-02  1.93113126e-02  1.92476772e-02
  1.91864047e-02  1.90756639e-02  1.89922506e-02  1.89354153e-02
  1.87878049e-02  1.86884212e-02  1.85564579e-02  1.84321008e-02
  1.82964072e-02  1.81091366e-02  1.80145459e-02  1.78460399e-02
  1.76592482e-02  1.74544169e-02  1.72939101e-02  1.70686275e-02
  1.68904982e-02  1.66532377e-02  1.64263592e-02  1.61778899e-02
  1.59371355e-02  1.57032954e-02  1.54207417e-02  1.51296143e-02
  1.48836166e-02  1.45862612e-02  1.42518925e-02  1.39520292e-02
  1.36582531e-02  1.32889268e-02  1.30018380e-02  1.26270755e-02
  1.23183756e-02  1.19279434e-02  1.15740051e-02  1.12187909e-02
  1.08087702e-02  1.04318544e-02  1.00646458e-02  9.64947502e-03
  9.20977798e-03  8.81675612e-03  8.41794924e-03  7.96511285e-03
  7.52739025e-03  7.06831998e-03  6.61968917e-03  6.14974702e-03
  5.68503623e-03  5.21031259e-03  4.72845888e-03  4.23243138e-03
  3.78086204e-03  3.24855855e-03  2.73221206e-03  2.28335201e-03
  1.73782781e-03  1.18583502e-03  6.56738024e-04  1.49990746e-04
 -3.42828868e-04 -9.32790618e-04 -1.46141072e-03 -1.97743671e-03
 -2.50897950e-03 -3.08900444e-03 -3.65236994e-03 -4.22252558e-03
 -4.74312981e-03 -5.29253339e-03 -5.89470713e-03 -6.44453010e-03
 -6.98052564e-03 -7.50669233e-03 -8.14432466e-03 -8.71180084e-03
 -9.24184155e-03 -9.77384144e-03 -1.04317716e-02 -1.09991344e-02
 -1.14969364e-02 -1.20467797e-02 -1.26269116e-02 -1.32570922e-02
 -1.37491573e-02 -1.43154461e-02 -1.49111199e-02 -1.55022993e-02
 -1.60245746e-02 -1.65441880e-02 -1.71030501e-02 -1.76456510e-02
 -1.82138261e-02 -1.87189755e-02 -1.91959565e-02 -1.97803761e-02
 -2.02986476e-02 -2.07534155e-02 -2.12879749e-02 -2.18100342e-02
 -2.23101063e-02 -2.27526501e-02 -2.31876799e-02 -2.37667167e-02
 -2.41651222e-02 -2.45946289e-02 -2.50829584e-02 -2.55600782e-02
 -2.59943312e-02 -2.63704860e-02 -2.67969847e-02 -2.71607584e-02
 -2.75866022e-02 -2.79698515e-02 -2.83189245e-02 -2.87255039e-02
 -2.90506633e-02 -2.94027772e-02 -2.96554337e-02 -3.01160537e-02
 -3.04050028e-02 -3.05960119e-02 -3.08540632e-02 -3.11663925e-02
 -3.15053961e-02 -3.16890653e-02 -3.19193205e-02 -3.21440415e-02
 -3.24401150e-02 -3.25400043e-02 -3.27215798e-02 -3.28656674e-02
 -3.30657207e-02 -3.31682663e-02 -3.32838435e-02 -3.33235029e-02
 -3.35543785e-02 -3.36024484e-02 -3.35188105e-02 -3.36097219e-02
 -3.37468842e-02 -3.36804110e-02 -3.36835415e-02 -3.34398006e-02]
