Frame: 6
temp_s_est shape: (1024,)
temp_s_est dtype: float64
temp_s_est:
[-1.28580180e-05 -2.51185748e-05 -1.53596439e-05 -1.80029288e-05
  5.30348185e-05  1.37238403e-04 -2.09095071e-05 -2.04277232e-04
 -3.54334971e-05  1.87764347e-04 -2.23560498e-05 -6.41183637e-06
  2.22841404e-05  2.27976006e-04 -1.34430494e-04 -1.94769976e-04
 -8.73528365e-05 -4.65344984e-05  1.07598405e-04 -1.41555440e-05
  3.65625731e-05 -1.63275005e-06 -6.54539161e-05 -8.68381055e-05
 -1.75169575e-04  2.62487410e-05  2.02725217e-05 -7.93691906e-05
 -5.18290144e-05 -3.96315072e-05 -1.34973269e-04 -9.63513812e-05
 -5.68628316e-05  2.12945089e-04 -1.52675778e-04 -4.06751398e-05
  2.20922006e-04 -1.14809381e-04 -2.32581901e-04 -1.57854015e-04
  1.37832413e-04 -4.68663342e-05  6.42551078e-06 -5.55492852e-05
  1.67696619e-05 -2.59739275e-05 -2.13726393e-04  6.38721700e-05
  8.16250581e-05 -9.06388040e-05  8.75495423e-05  4.25704335e-05
  9.34562150e-06  1.43112121e-04 -2.41246787e-04 -1.39002354e-04
  6.42463127e-05 -1.12635957e-05 -9.53989123e-05 -8.66047504e-06
  2.60958742e-05 -4.68004404e-05  6.77779156e-05 -2.11446606e-04
  4.11988259e-06  1.20489514e-04  1.60587417e-04 -4.73067158e-05
 -1.98348367e-04  8.89411951e-06  7.05608685e-05 -1.92576517e-04
 -1.83989789e-04  6.42050621e-05  7.90877019e-05  2.52504206e-05
  1.12594388e-04 -1.36689116e-04 -2.31541633e-04  4.74151262e-05
  7.38529150e-05 -1.87056164e-04  6.78586393e-05  8.31626404e-05
  5.41698082e-05 -7.34219674e-05 -8.15714743e-05  2.15391999e-05
 -9.28392274e-05 -6.35375306e-05 -7.58096540e-05  4.73025542e-05
 -1.93569976e-04  2.41407885e-04 -8.36309688e-05 -1.85038039e-04
 -7.34785060e-06  9.28520900e-05 -1.42191012e-04  2.78787576e-05
 -4.92401593e-05 -1.36833064e-05  8.29404904e-05 -7.51103940e-05
 -4.80429225e-05 -2.14949281e-05  1.55521810e-05 -4.72806545e-05
  8.03861306e-05 -9.84437997e-05  4.44840759e-05 -1.07442688e-04
 -1.95867989e-04  3.03003104e-05 -4.72421491e-05  1.08261278e-04
  2.12013849e-04 -1.14836958e-04 -4.20116761e-04  2.61555925e-04
 -5.15074846e-05 -3.35814658e-04 -1.01696883e-04 -1.28888449e-04
 -3.60071582e-05 -2.66691847e-05 -1.50671385e-04  4.92773789e-05
 -5.56565582e-05  3.84831593e-06 -2.83597694e-05  2.62136916e-04
 -1.12933157e-04 -8.43904409e-06 -1.02601469e-04 -9.06368817e-05
  1.32066095e-04  1.06469557e-04  4.01315276e-05  1.86458617e-04
 -5.31544882e-05 -2.12269821e-04  2.54152794e-06 -1.30354537e-05
 -5.32654301e-05 -1.06269367e-04 -5.02802549e-05  1.70547021e-05
 -6.38711459e-05 -1.97370169e-04  1.36235918e-04 -1.83539864e-04
 -2.47767467e-04 -7.95951932e-05  7.83861912e-05 -2.28822972e-04
 -2.04706700e-04 -1.46975609e-04 -1.27298176e-04  1.28596176e-04
 -5.56853462e-05 -2.81695246e-04  5.57981891e-05  8.22540412e-05
  5.85148989e-05 -3.85642144e-05  9.23387788e-05  1.02041218e-04
  1.28922077e-04 -2.53223935e-04  1.69723848e-04  3.39928023e-04
  6.73049149e-06  8.13901213e-05 -2.46958772e-04 -2.07002820e-04
 -2.65233345e-05  8.01815411e-05 -4.22881521e-04  2.56574431e-04
  2.66648534e-04 -1.94328417e-04  1.81046449e-05 -2.16970451e-04
 -1.90863577e-04 -4.82930634e-06  2.54505715e-04  9.88946365e-05
 -3.93952392e-05 -1.87566240e-04 -4.56971627e-05 -5.96264907e-05
 -4.19805680e-04  1.85816431e-04  3.56860353e-04  5.43440862e-05
 -2.47720661e-05  1.26448234e-04 -1.24791415e-05  5.97640373e-04
 -2.42297495e-04  1.44854737e-04  6.00912079e-05  5.46431436e-04
  1.24300203e-04 -2.76284717e-04  9.99636657e-05 -1.33865120e-04
 -1.52849838e-05 -1.97171719e-04  1.46741452e-04  2.98315619e-04
 -1.63966835e-04  1.35060626e-05 -2.00706324e-05 -1.87692514e-04
  1.28806489e-04  7.82436151e-05  5.38207359e-05  1.25089037e-04
  5.96420480e-05  2.16560156e-04  5.14243909e-05  1.70612177e-04
 -2.80721332e-04 -3.07578516e-04  1.09001116e-04  2.50640574e-04
  2.18458353e-04 -1.44780121e-04  2.85200363e-04  3.05268434e-04
 -2.85082975e-04  5.29979969e-04  3.62846999e-04  6.37906483e-05
  9.68722061e-06  1.79480217e-04  4.55903699e-05  1.10608039e-04
 -4.08374642e-04  5.06738726e-05 -8.65968551e-05  3.64718319e-04
 -1.06523077e-04 -1.41555561e-04  1.16243909e-05  7.24009823e-05
  1.49469215e-04 -5.22704711e-04  5.06856387e-04  1.56809003e-05
 -2.57142338e-04 -3.71265011e-04  5.52739943e-04 -5.60876387e-05
 -2.32198883e-04  4.74962753e-05 -2.42722923e-06 -7.78994920e-05
  7.77861136e-05 -2.68527861e-04  3.26133870e-04  3.22252327e-04
 -2.28811573e-05  7.18077691e-05  4.94047602e-04  1.46484921e-04
 -7.61619269e-05  5.17739262e-05  4.86039816e-04 -4.24367663e-04
 -3.21724443e-04  2.35721769e-04  4.42616378e-04 -3.31764060e-04
 -1.99493799e-04  7.11079143e-04  1.60305312e-04 -6.66055204e-04
 -5.85093049e-04  1.96092918e-04  5.05092481e-04  5.19500593e-05
 -8.78122931e-05 -1.53653205e-04 -3.47278057e-04  4.06347607e-06
  2.42826954e-06 -5.11941076e-04  8.04036099e-04  7.08174422e-05
  1.56639218e-04 -3.66576387e-04 -3.06875396e-04  2.80824901e-05
  8.24760691e-05  2.72700598e-04  2.67487302e-04  3.03430928e-05
 -1.37114628e-04  4.80543609e-04 -5.06476833e-04  8.86183258e-05
 -1.05178275e-04  4.42222180e-04  4.58085671e-05  2.17504450e-04
 -3.30780191e-04 -7.81676162e-05  2.86522788e-05 -1.37819934e-04
 -2.59038675e-04  9.36826624e-05 -1.11649578e-05 -3.39712028e-04
 -1.46456870e-04 -5.51254105e-05 -3.66474688e-05 -2.56503198e-04
 -4.87759944e-04 -2.78308189e-04  2.47048117e-05  5.88629510e-04
 -2.61737743e-04 -9.96206121e-05  1.92794975e-04  4.42892210e-05
 -4.13223101e-04 -4.76576067e-04  5.81816270e-04  6.06443612e-04
 -5.33341208e-04 -3.17225524e-04  5.11590452e-04 -2.75510690e-04
 -9.18454922e-05 -2.32349097e-04  5.59958861e-04  4.11804942e-04
 -6.34920225e-05  3.49357870e-04  2.38982147e-04 -4.05952240e-04
 -4.51749158e-04  7.43732270e-05  8.15130804e-05  1.26519611e-04
 -3.35084223e-04 -3.21231781e-04  2.15265911e-04 -2.49007549e-04
  4.01730307e-04 -2.40939327e-04  1.47212537e-04  1.23771279e-04
  5.96211944e-04  5.12947547e-06  4.18887169e-04 -2.17296364e-04
 -7.95437374e-05  8.48315709e-05  3.05567392e-04 -9.15434174e-04
  3.20895806e-04  1.22995674e-04  5.84041042e-05  4.82042343e-04
 -4.64547998e-04  5.31985639e-05  8.95605534e-04 -3.03036963e-04
 -1.16804688e-04 -1.53621715e-04  2.97166010e-04  1.34294801e-04
 -7.03518776e-04 -9.24948389e-05 -7.80416581e-05  8.82867602e-05
 -5.42731074e-05  1.55136017e-04 -6.49144762e-04  9.64465306e-05
  7.79673874e-05  4.54791330e-04  9.21640894e-05  5.79933395e-04
  1.60418265e-05  2.79007154e-04  1.57127064e-04 -2.31434653e-05
  3.66774756e-04  4.51160462e-04  4.03517181e-04 -7.10897335e-04
 -2.67858849e-04  3.75692281e-05  1.12709631e-04 -4.81559123e-04
 -3.96162584e-04  8.88823169e-04  5.72343636e-04 -6.22158915e-04
 -1.85525529e-04 -8.25686829e-05 -2.74962749e-04 -1.74096766e-04
 -5.03763106e-04 -2.63280814e-04  3.60648171e-04 -3.15417130e-04
 -1.41494257e-03  6.01757926e-04  2.81589828e-04 -2.72369154e-04
 -1.20117341e-04 -5.64234896e-04  6.42446320e-04  5.35320302e-04
 -2.25340829e-04  8.36193597e-04  7.56959079e-05 -6.56255962e-04
 -1.28790777e-05  2.50615877e-04 -8.47505397e-05 -5.63555474e-05
 -2.07102896e-04  1.21605511e-04 -6.84295980e-05 -7.06153266e-04
 -4.32812178e-04 -1.32091361e-04  4.05547101e-04 -7.66905113e-04
  5.44157290e-04  4.44568434e-04 -5.04282611e-05 -1.25956672e-03
 -5.18691270e-04  2.01589633e-04 -1.93354097e-04 -4.87491750e-04
  4.00252951e-04  2.10665128e-04 -6.13917169e-04 -6.02152949e-04
 -1.76691123e-04  7.54179866e-05  5.96671384e-06 -1.23561224e-04
 -1.49790379e-04  7.86381783e-04  2.96926397e-04 -4.24242769e-04
 -1.35540606e-04 -1.64331040e-04  6.97818536e-04 -2.40768959e-05
 -1.40244848e-04  1.57644949e-04  3.53868754e-05 -9.10335934e-04
  2.09243950e-04  9.75604180e-05 -5.37136787e-05 -6.13498734e-05
  3.43502418e-04 -4.20134825e-04  6.61046356e-04 -7.80418442e-04
 -7.56408431e-06  3.00820032e-04 -5.78048218e-04 -5.09176273e-05
  6.23090449e-04 -5.86442197e-04  1.54349131e-04 -1.09409311e-03
 -4.59032550e-04  9.16940124e-04 -2.09727250e-04 -8.67751527e-04
  5.81072685e-05  1.06927488e-03 -8.62409641e-04 -4.49773397e-04
  5.35697035e-04  7.41506991e-04  1.02662750e-05 -3.35920540e-04
  4.47595516e-04  8.79622557e-04  1.00309686e-04 -2.76384753e-04
 -3.26366154e-05 -1.03352678e-06  2.06228230e-04  5.17275750e-04
 -2.70275851e-05 -5.15428981e-04  4.20566502e-04 -1.01596541e-04
  3.53467882e-04  5.24155669e-04 -5.71090753e-04  6.19357300e-05
  1.32083581e-04 -7.19640443e-04 -1.87970344e-04  8.39513892e-04
 -7.57234841e-04  6.49664334e-05  1.90354393e-04 -1.66895167e-05
  2.21974225e-04 -3.02925653e-04 -4.09114031e-05 -9.96565718e-05
 -7.60167198e-04  9.07350946e-04  6.96999469e-04 -4.22573049e-04
  2.53007200e-04  7.80580689e-04 -6.20878367e-05  2.88133500e-04
 -8.51201638e-05  3.68706018e-04  3.26447422e-04 -1.77000091e-04
 -4.43038803e-04  3.59239490e-04 -4.35144958e-04 -6.05075202e-04
 -3.43164042e-04 -2.94086856e-04  1.17490692e-03  2.43849992e-04
  3.76358599e-04 -4.18023076e-04  2.17823016e-04 -7.80167034e-04
 -1.60220387e-04 -1.13912384e-04  4.23233177e-04 -1.15970354e-04
  3.97985011e-04  1.58195367e-04  3.87489962e-04 -8.17970208e-04
  1.81388685e-04  4.64470100e-04 -1.92308930e-04  4.05530175e-04
  4.27532983e-04  8.79948229e-05 -5.94707125e-04 -2.84004139e-04
  6.54492323e-04  3.49218778e-05  4.80103312e-04 -5.05968797e-04
 -4.91765992e-05  4.69578107e-04 -1.00728321e-03 -3.97729100e-04
  3.09564852e-04 -2.57561490e-04 -2.41327910e-04 -5.27045150e-05
  3.62973226e-04  5.22515125e-04 -4.90877833e-04 -5.90450644e-04
  3.48704136e-04  2.75782609e-04 -3.06902636e-04  9.99809567e-05
 -7.76316159e-04  8.44046637e-05  8.62482538e-04 -7.00098839e-04
 -2.94055816e-04  3.39847301e-04 -7.69459299e-04 -4.08465410e-05
  2.67525834e-04 -2.16025280e-04 -1.01315965e-06  1.92980973e-04
 -1.52385039e-04  1.09943254e-04 -4.65758784e-04  4.63365997e-04
  1.33690271e-04 -5.00269907e-05 -4.54117605e-04 -1.17781461e-04
 -3.10410275e-04 -1.66683819e-05 -3.86667168e-04 -6.51341084e-04
  2.13405110e-04  2.79075514e-04  1.81121673e-05 -4.96735168e-04
  2.12516270e-04  3.02270983e-04 -8.34311728e-05 -3.36017887e-04
  1.64034020e-04  2.47488932e-04  5.91519787e-05 -9.92642680e-04
 -4.10925897e-06  8.83476988e-04 -1.54784708e-04 -3.17127340e-04
  3.23896274e-05  9.00651742e-05  4.09956643e-04 -5.87640384e-04
  1.17372274e-04  3.64315327e-04 -1.35736808e-04 -7.09800284e-05
  4.89703912e-04  1.39191228e-04 -5.96152011e-04  2.33731586e-04
 -1.50806107e-04 -1.27598024e-04 -2.85148093e-04 -1.55074185e-04
  4.08461780e-04 -1.52139277e-04 -8.56298701e-04  1.35960066e-04
  1.74580083e-05  3.43785448e-04  2.44054175e-04 -2.83827613e-04
  9.39237153e-04  5.68609438e-05  9.03550562e-05 -3.84296936e-04
  3.11581603e-04  6.34333194e-05  2.90953862e-04  2.51147836e-04
  3.93170557e-04 -2.45774196e-04 -5.94111575e-04 -1.35407340e-05
  3.34217446e-04 -1.39123530e-04  2.74902422e-04  4.24600968e-04
 -2.78031148e-04 -2.43943095e-04 -5.54394070e-05 -5.14238346e-05
 -3.28898258e-04  3.02260046e-04  1.69984160e-04 -2.12394485e-04
 -3.64149177e-04 -4.71327724e-04 -1.45432952e-04 -4.07708448e-04
 -8.09501635e-05 -4.22031840e-05  6.94026654e-04  4.16015203e-04
  9.26594129e-05 -1.67434066e-05 -6.09396719e-05  5.08732321e-04
 -2.14606440e-04 -7.78178293e-04 -6.44718665e-05  4.71692269e-05
  1.52046864e-04  3.20391302e-04 -4.07459066e-04 -6.77447178e-04
  3.06493820e-04 -4.03001223e-04 -5.85405036e-04  1.11826405e-04
  3.44016944e-04  3.41126360e-05 -4.55715337e-04 -2.72253792e-04
 -6.76386948e-05 -4.57014228e-04 -4.20063845e-04  1.97395584e-04
 -1.69479182e-04  5.37290239e-05 -3.52481175e-04 -3.06994177e-04
 -8.45457460e-04 -2.44963434e-04  3.34268290e-04 -2.86339474e-04
 -2.27910410e-04  2.71133854e-04  4.32165377e-05 -3.25422391e-05
 -3.44510879e-04 -4.77474416e-04  6.64293775e-05  5.31668080e-04
 -2.91056066e-04 -4.86767802e-04  1.26269142e-04  6.38285102e-05
 -2.37056815e-04 -1.27270843e-04 -9.87014991e-05  1.94932417e-04
 -4.05011912e-04  3.38721203e-05  3.69012673e-05 -5.56634679e-04
  5.91203450e-05 -5.89555503e-05 -2.30158447e-04 -3.62837510e-04
 -3.22711439e-04  1.75129158e-05 -6.33072523e-04 -5.85286563e-04
 -3.69170676e-04 -1.01125539e-04 -3.01338821e-04 -1.20092874e-04
 -2.77801873e-04 -3.11235469e-04  9.68408201e-06 -3.03537015e-04
 -1.33912742e-04 -1.24097159e-04  8.25786782e-05  1.32394438e-04
  1.01598972e-04 -3.08994229e-04  8.99836395e-05 -2.07529110e-04
  4.44866765e-05 -2.55649111e-05  1.05891600e-04  1.29213712e-06
 -8.57390884e-05 -5.34941232e-04 -3.29234449e-04 -2.20848801e-04
 -2.66861069e-04 -1.82948262e-04 -2.60608493e-04  2.25859409e-04
 -1.99917768e-04 -6.24581136e-04 -1.43682206e-04  9.41483494e-06
 -3.12542662e-04 -5.36246519e-05 -1.39846841e-04 -9.99344566e-05
 -1.22161168e-04 -4.21617687e-04 -4.90625095e-04  1.81641701e-04
 -3.38739370e-05 -2.16607647e-04 -1.41007070e-04  2.50491218e-04
  2.51169058e-04 -7.66888566e-05 -2.04900253e-04  3.82317919e-04
 -5.29088679e-04 -6.23910136e-05  2.15240240e-04  5.28739427e-05
 -6.62142461e-05 -1.39548256e-04  8.73586398e-05 -5.79288114e-04
 -2.88410403e-04 -2.05124277e-04  2.96253012e-04  8.05585624e-05
 -2.35065794e-04 -2.55105144e-05  3.58352432e-06 -1.56092422e-04
 -1.12665782e-04 -3.24586922e-04  3.59655871e-04  3.46601634e-04
 -3.18915818e-05 -1.64124892e-04 -3.41575240e-04 -9.32271839e-05
 -3.46127647e-04  1.68277801e-05  2.40387208e-04 -1.15093750e-04
  3.09449315e-04  1.08942698e-05 -3.81188495e-04 -9.57791106e-05
 -1.04919172e-05  3.59036555e-05 -1.18125265e-04 -1.08932820e-04
 -5.51957025e-05  1.30894567e-04 -1.43181187e-04 -3.48743606e-04
  4.16418076e-05  1.26081892e-06  3.59773516e-05  2.54716467e-05
 -2.29248275e-04  1.39886499e-04  5.72851011e-05 -3.10467926e-04
  3.41491099e-05  8.61332954e-05  1.10937080e-04  1.01191337e-04
 -2.54186263e-04 -1.81415524e-04  5.10790017e-05  6.93498912e-05
 -4.09436168e-04 -2.70055602e-04 -4.49373798e-05  2.60819187e-04
 -2.28072229e-04 -2.03369892e-04  1.23259822e-04  1.75013828e-04
 -1.84219888e-04 -4.51713528e-06  2.31137696e-05 -2.66625452e-04
 -2.35094501e-04 -9.20883889e-05  1.25771779e-04 -5.41904350e-05
 -2.06596919e-05 -1.92592503e-04  8.26945630e-05 -6.57105340e-05
 -9.86668557e-05 -1.32917480e-04  1.08417477e-04 -5.63022751e-05
 -9.12426437e-05 -7.74265500e-05  1.42244594e-04  1.09016002e-04
 -3.67646166e-04 -2.95567079e-05  7.18421346e-05 -2.37318800e-04
 -5.87887018e-05  5.71681039e-05  9.10891000e-05 -6.69616989e-05
  7.75947191e-05  2.41282350e-05  2.53577647e-04 -6.06977220e-05
 -2.86507208e-04  3.14994039e-05  1.41220508e-04  3.52784313e-05
 -4.07900394e-05 -1.38415238e-04  3.21281910e-05 -3.03009815e-05
 -2.80770098e-04  2.06188345e-04  5.60640968e-05 -3.42014352e-05
  5.18791524e-05 -1.68166238e-05 -6.64276185e-05 -2.97631972e-04
  5.13189068e-05 -1.57715442e-04  4.33178041e-05  1.85457098e-04
  2.02738884e-04 -1.72384780e-05 -1.68470630e-04 -3.22365401e-05
  2.37112021e-05  1.16116695e-04  1.72118079e-04  2.00948504e-04
 -8.10812680e-05  1.15892188e-04  1.64766811e-04 -3.98091195e-05
 -1.29135233e-04  3.35663921e-04  6.46737479e-05  2.33489325e-05
  1.11676638e-04  4.00470439e-05  9.37092473e-05  2.26886005e-05
 -1.99193262e-04  1.09038002e-04  2.33950546e-04  6.07180269e-05
 -3.50103220e-05 -1.32479952e-04  1.25415533e-04  1.93104846e-04
 -2.53065044e-04  2.77778624e-05  2.16153948e-04  2.68967584e-05
  2.70810309e-05  2.04925190e-04 -1.77595860e-05  1.68788984e-05
  1.52436731e-04  1.04858147e-04  1.71950468e-04  1.69798296e-04
  3.70382804e-04  1.05803699e-04 -4.03878880e-06 -1.14330410e-04
  7.18991428e-05  5.50325520e-05  1.36751174e-04  4.68785086e-05
  4.17240537e-06  2.02785348e-04  1.28189647e-04  2.69611466e-05
 -4.67124471e-05  1.16932104e-04  1.76473926e-05 -7.97486705e-05
  9.87638297e-05  1.29859729e-04  8.81156239e-06 -1.09630696e-04
 -8.03990325e-06  5.73198050e-05  1.06430088e-04  9.31180847e-05
  3.87087875e-05  5.31155170e-05  1.27617223e-04  1.46608181e-04
 -6.62181984e-05  7.64144274e-05  2.36882335e-04  1.72978193e-04
 -6.52841128e-05  3.33234859e-04 -1.97382832e-05 -1.25647669e-04
 -1.64423988e-05 -5.30134197e-05  1.69018696e-04 -1.69140060e-05
  2.05532962e-04 -3.24387963e-05  1.75908378e-05 -7.95763577e-06
  5.15887252e-05 -1.15724510e-05  3.71641503e-05  5.14864053e-05
 -4.04668393e-05 -8.25070358e-05 -1.68784820e-05 -1.84648013e-04
 -1.18114630e-04  2.86775074e-04  7.66482635e-05 -1.42988304e-04
  9.82840463e-05  1.68704970e-04 -7.51761189e-05 -2.07226481e-04
  2.10423030e-04  2.12832311e-04  2.24059823e-04  4.16058710e-05
  2.32042572e-07  1.64549716e-05  1.06174762e-04 -1.39190053e-04
 -4.41177622e-05 -1.03297614e-06  4.17451407e-05  4.20124385e-05
 -1.17954122e-04  1.40838474e-04 -1.95727097e-04 -7.38093335e-05
  2.18541004e-05  1.15089893e-04 -2.18637813e-04 -4.87736570e-05
  1.00483909e-04 -9.37217105e-05 -2.08551242e-04 -8.80730270e-05]
