Frame: 42
temp_s_est shape: (1024,)
temp_s_est dtype: float64
temp_s_est:
[ 2.00162522e-03  1.79492809e-03  1.71515951e-03  1.55989492e-03
  1.59523017e-03  1.37259526e-03  1.32240983e-03  1.33393988e-03
  1.08934092e-03  1.01342744e-03  1.05380252e-03  9.65082667e-04
  6.54226090e-04  6.23402227e-04  4.77074476e-04  2.80853054e-04
  2.69945987e-04  1.04113348e-04  7.69709991e-05 -1.98625131e-04
 -2.00687343e-04 -2.95329770e-04 -4.55360286e-04 -5.13763122e-04
 -4.72383595e-04 -7.51191236e-04 -1.00142132e-03 -1.02927961e-03
 -1.09062437e-03 -1.40821216e-03 -1.38074359e-03 -1.52714406e-03
 -1.74759441e-03 -1.87199294e-03 -1.67764820e-03 -2.08583061e-03
 -2.17668102e-03 -1.99445358e-03 -2.24164023e-03 -2.37924566e-03
 -2.68071813e-03 -2.57108679e-03 -2.73835583e-03 -3.03816985e-03
 -3.06119216e-03 -3.13718503e-03 -3.34978208e-03 -3.58747545e-03
 -3.17491716e-03 -3.62202279e-03 -3.99799560e-03 -3.49610700e-03
 -3.83747093e-03 -3.95878533e-03 -4.19581649e-03 -3.91616488e-03
 -4.25127451e-03 -4.41376034e-03 -4.37892548e-03 -4.63171694e-03
 -4.65450740e-03 -4.96004079e-03 -4.51793932e-03 -4.79088896e-03
 -5.03274107e-03 -4.73759387e-03 -4.92719452e-03 -5.31711092e-03
 -5.57601074e-03 -4.94334916e-03 -5.57863899e-03 -5.79551926e-03
 -5.35231157e-03 -6.08224380e-03 -5.94527539e-03 -5.74512007e-03
 -5.46997287e-03 -5.86027327e-03 -5.98563512e-03 -5.80233873e-03
 -5.59488267e-03 -5.72736733e-03 -6.01961630e-03 -5.49255334e-03
 -5.84287016e-03 -6.37261347e-03 -5.68760207e-03 -6.22016064e-03
 -5.99482852e-03 -5.60208470e-03 -5.48615920e-03 -5.68929273e-03
 -5.87455923e-03 -5.47531375e-03 -5.75561863e-03 -5.34614670e-03
 -5.84384599e-03 -5.70530805e-03 -5.25651071e-03 -6.01181339e-03
 -5.31609330e-03 -5.38888977e-03 -5.54221018e-03 -5.52805234e-03
 -4.67035544e-03 -5.42429675e-03 -5.39105339e-03 -4.45563285e-03
 -5.20851170e-03 -5.35158049e-03 -4.60299564e-03 -5.55368197e-03
 -4.90529811e-03 -4.69043670e-03 -4.70629630e-03 -4.94498826e-03
 -4.19147602e-03 -4.11821865e-03 -3.92347827e-03 -4.01150627e-03
 -4.21873048e-03 -3.50158397e-03 -3.46174497e-03 -4.26724766e-03
 -2.97299901e-03 -3.60313763e-03 -3.89174527e-03 -2.73038833e-03
 -3.02403745e-03 -3.10780245e-03 -3.20630525e-03 -1.70994393e-03
 -2.71967092e-03 -2.35867671e-03 -1.80042612e-03 -1.76174655e-03
 -1.58787689e-03 -2.22781833e-03 -1.91156522e-03 -1.08546885e-03
 -1.76418926e-03 -9.44807230e-04 -5.87365004e-04 -6.54850142e-04
 -1.07670872e-03  5.01633022e-04  1.21493868e-04 -3.83754067e-04
  4.04640054e-04  1.10763533e-03 -2.32942790e-04  4.81140866e-04
  3.15167884e-05  9.66610745e-04  7.69619772e-04  9.40275625e-04
  1.28820819e-03  7.79372158e-04  1.52629078e-03  2.34639811e-03
  1.83237742e-03  2.07096784e-03  1.63181810e-03  2.98761629e-03
  1.93738728e-03  2.38688587e-03  2.53442885e-03  2.55713854e-03
  3.06309911e-03  2.61697065e-03  3.27228955e-03  3.24570572e-03
  3.18481578e-03  4.51059611e-03  3.43661390e-03  4.09409914e-03
  3.53431873e-03  4.94830933e-03  4.31899916e-03  3.86071513e-03
  5.10896530e-03  4.27583684e-03  4.82861893e-03  4.77968368e-03
  4.74482974e-03  5.15883021e-03  4.91245752e-03  6.21358507e-03
  4.78987968e-03  5.79421842e-03  5.54317729e-03  5.63601363e-03
  5.85436613e-03  5.10462115e-03  6.11856238e-03  4.99167391e-03
  5.69087790e-03  5.82172680e-03  5.55565976e-03  5.96970715e-03
  6.17737206e-03  6.53828368e-03  6.02405226e-03  5.97763982e-03
  6.57961705e-03  6.08491312e-03  6.37291112e-03  6.23979551e-03
  6.26964200e-03  5.83734758e-03  5.99823392e-03  6.20505919e-03
  6.18660743e-03  6.11276786e-03  6.54811483e-03  6.33486674e-03
  6.13283184e-03  5.93750835e-03  6.43368043e-03  6.04603373e-03
  5.45216094e-03  5.93710488e-03  5.96841099e-03  5.50925732e-03
  5.86621768e-03  5.98465969e-03  6.02256960e-03  5.31705610e-03
  5.97686906e-03  5.93650561e-03  5.25360643e-03  5.33479501e-03
  5.65699559e-03  5.33454090e-03  4.69700069e-03  4.97192636e-03
  5.18204667e-03  4.50448130e-03  5.00110198e-03  4.72358907e-03
  4.88144158e-03  4.41827189e-03  4.65227807e-03  4.76189176e-03
  4.26123971e-03  4.15636151e-03  3.84285505e-03  4.03260551e-03
  3.68618032e-03  3.41955224e-03  3.89026860e-03  3.26800733e-03
  3.34026355e-03  3.26644516e-03  3.08245224e-03  2.65962589e-03
  2.88177510e-03  2.92968372e-03  2.32825690e-03  2.45829815e-03
  2.22277859e-03  2.01076422e-03  2.02907728e-03  1.67323307e-03
  1.75734108e-03  1.55556379e-03  1.53007199e-03  1.50056737e-03
  1.14181095e-03  1.09649090e-03  1.11118916e-03  9.42524215e-04
  5.14098507e-04  4.55384011e-04  3.77186438e-04 -1.21600742e-05
  1.22830996e-04 -5.01275958e-05 -3.36450145e-04 -3.66860351e-04
 -3.78696856e-04 -5.32178890e-04 -7.98497673e-04 -6.89685295e-04
 -8.41229742e-04 -9.71359439e-04 -1.14628536e-03 -1.42368210e-03
 -1.31649850e-03 -1.62197143e-03 -1.64264446e-03 -1.67700244e-03
 -1.93848014e-03 -2.05644924e-03 -1.97955436e-03 -2.04757041e-03
 -2.38751394e-03 -2.28409891e-03 -2.37309764e-03 -2.61027036e-03
 -2.75727830e-03 -2.82359041e-03 -2.76059591e-03 -3.03971286e-03
 -3.09571706e-03 -3.02747372e-03 -3.28108659e-03 -3.35407684e-03
 -3.24370363e-03 -3.31871113e-03 -3.62936466e-03 -3.47678341e-03
 -3.49404241e-03 -3.77817240e-03 -3.82083976e-03 -3.80246898e-03
 -3.86816315e-03 -4.04899200e-03 -4.04088372e-03 -4.06627613e-03
 -4.17957343e-03 -4.14651535e-03 -4.12505288e-03 -4.06555092e-03
 -4.21927856e-03 -4.25447258e-03 -4.12492220e-03 -4.27737346e-03
 -4.39775779e-03 -4.31026596e-03 -4.28843617e-03 -4.41611746e-03
 -4.37065036e-03 -4.33756057e-03 -4.38706359e-03 -4.36252280e-03
 -4.35435093e-03 -4.28043305e-03 -4.40189583e-03 -4.32727369e-03
 -4.31215300e-03 -4.31603663e-03 -4.37739635e-03 -4.30974766e-03
 -4.30802029e-03 -4.30954849e-03 -4.23047145e-03 -4.21882517e-03
 -4.19063623e-03 -4.07499934e-03 -4.04944793e-03 -4.02804200e-03
 -4.09588660e-03 -3.93738304e-03 -3.99050308e-03 -3.95922786e-03
 -3.92211383e-03 -3.84798288e-03 -3.82335807e-03 -3.75010049e-03
 -3.65327854e-03 -3.65019353e-03 -3.61912941e-03 -3.49685924e-03
 -3.43656963e-03 -3.40248922e-03 -3.39869040e-03 -3.20628866e-03
 -3.22828038e-03 -3.19590002e-03 -3.11698339e-03 -3.02440188e-03
 -3.00083312e-03 -2.90144642e-03 -2.76159436e-03 -2.70849275e-03
 -2.72794505e-03 -2.58238402e-03 -2.46718338e-03 -2.48058517e-03
 -2.49061339e-03 -2.28409299e-03 -2.24640707e-03 -2.20941307e-03
 -2.14048331e-03 -1.98025168e-03 -1.93946719e-03 -1.88046378e-03
 -1.74290299e-03 -1.70849777e-03 -1.64180256e-03 -1.53795778e-03
 -1.44242600e-03 -1.40153384e-03 -1.35359341e-03 -1.19947326e-03
 -1.16908732e-03 -1.10105053e-03 -1.05810040e-03 -9.30497140e-04
 -8.30787739e-04 -8.31665204e-04 -6.36994657e-04 -6.59212848e-04
 -5.74179681e-04 -4.74044613e-04 -4.05887413e-04 -3.57168664e-04
 -3.21462086e-04 -1.57002657e-04 -1.33406232e-04 -1.08059293e-04
 -8.49076244e-06  6.46319850e-05  1.64449353e-04  1.44878317e-04
  2.98855756e-04  3.18794719e-04  3.68867123e-04  4.88915193e-04
  5.25275266e-04  5.57499936e-04  6.22333897e-04  7.18191851e-04
  7.60933096e-04  7.57623600e-04  8.79707072e-04  9.11912842e-04
  9.60181355e-04  1.01699367e-03  1.07079031e-03  1.10722962e-03
  1.15136964e-03  1.22620546e-03  1.26206791e-03  1.26685020e-03
  1.32443420e-03  1.39286968e-03  1.42360223e-03  1.40785428e-03
  1.47345254e-03  1.54621584e-03  1.54124817e-03  1.59229322e-03
  1.64002078e-03  1.65339474e-03  1.68201097e-03  1.72106643e-03
  1.76253090e-03  1.73321973e-03  1.76432021e-03  1.83489120e-03
  1.80418081e-03  1.83095929e-03  1.87777894e-03  1.92577507e-03
  1.90804772e-03  1.93651104e-03  1.99495767e-03  1.94959783e-03
  1.99526217e-03  2.00939168e-03  2.02538643e-03  1.99259885e-03
  2.01087309e-03  2.06044042e-03  1.99072106e-03  2.03781193e-03
  2.04113758e-03  2.07255805e-03  2.04002820e-03  2.02583106e-03
  2.08085149e-03  2.03231370e-03  2.01763886e-03  2.04502327e-03
  2.04394195e-03  2.00636204e-03  1.98336082e-03  2.05709822e-03
  1.98489364e-03  1.98214182e-03  2.00484343e-03  1.99184805e-03
  1.96011394e-03  1.92477111e-03  1.96118441e-03  1.92227673e-03
  1.87793392e-03  1.90422341e-03  1.87411489e-03  1.85051057e-03
  1.80382963e-03  1.82344218e-03  1.79035415e-03  1.73908651e-03
  1.77424617e-03  1.72367214e-03  1.71752483e-03  1.67828508e-03
  1.69293875e-03  1.64931753e-03  1.61496031e-03  1.61012269e-03
  1.57522590e-03  1.54949828e-03  1.51700707e-03  1.47944160e-03
  1.48172104e-03  1.40040859e-03  1.40323424e-03  1.37847447e-03
  1.34691270e-03  1.31877302e-03  1.31874096e-03  1.27654428e-03
  1.23312215e-03  1.21801922e-03  1.19439201e-03  1.12588447e-03
  1.11140234e-03  1.08257445e-03  1.04601893e-03  1.00783420e-03
  9.93599275e-04  9.50457321e-04  9.27515681e-04  9.14249059e-04
  8.82569995e-04  8.24711060e-04  8.02730699e-04  7.71981381e-04
  7.46131876e-04  6.82854249e-04  6.67543548e-04  6.28709329e-04
  5.95238605e-04  5.54992489e-04  5.52429414e-04  4.94802984e-04
  5.02193528e-04  4.72088842e-04  4.55955039e-04  3.97581774e-04
  3.79790995e-04  3.56552465e-04  3.12839354e-04  2.76519422e-04
  2.37803940e-04  2.20228754e-04  1.90020998e-04  1.32585080e-04
  1.54956803e-04  1.00162846e-04  8.40004427e-05  6.59261372e-05
  4.12721805e-05  9.59302718e-06 -4.23225501e-05  3.31108563e-06
 -9.31802225e-05 -1.13469814e-04 -1.28540971e-04 -1.55046949e-04
 -1.75322591e-04 -2.10755834e-04 -2.12579728e-04 -2.41590000e-04
 -2.74447662e-04 -2.65191015e-04 -3.14640263e-04 -3.07566706e-04
 -3.74917180e-04 -3.42138351e-04 -4.03829027e-04 -4.39211311e-04
 -4.35043175e-04 -4.45177679e-04 -4.70831903e-04 -4.90696613e-04
 -4.96462540e-04 -4.95855555e-04 -5.39304913e-04 -5.28638121e-04
 -5.60352377e-04 -5.54876142e-04 -5.94071113e-04 -5.83922575e-04
 -6.05880852e-04 -6.37319114e-04 -6.38486784e-04 -6.30154753e-04
 -6.59258740e-04 -6.79929283e-04 -6.70528477e-04 -6.64115684e-04
 -6.97906783e-04 -6.82598114e-04 -7.10220577e-04 -6.90811134e-04
 -7.17166968e-04 -7.01502032e-04 -7.32202871e-04 -7.21188542e-04
 -7.31605521e-04 -7.24457715e-04 -7.17672624e-04 -7.32439107e-04
 -7.30855933e-04 -7.30773017e-04 -7.27827365e-04 -7.20475652e-04
 -7.41432755e-04 -7.04563967e-04 -7.29686469e-04 -7.08470191e-04
 -7.22029947e-04 -7.12954740e-04 -7.05635733e-04 -7.20591743e-04
 -6.81170754e-04 -7.07878201e-04 -6.65443865e-04 -6.70825688e-04
 -6.58032325e-04 -6.41707653e-04 -6.45742983e-04 -6.28963882e-04
 -6.29904545e-04 -6.17229412e-04 -6.07628665e-04 -6.17913471e-04
 -5.63463914e-04 -5.99325743e-04 -5.55704601e-04 -5.53018854e-04
 -5.27782453e-04 -5.17182545e-04 -5.09131566e-04 -4.72196879e-04
 -4.84601307e-04 -4.50413703e-04 -4.40367975e-04 -4.39797406e-04
 -4.14767318e-04 -4.22571119e-04 -3.77821911e-04 -3.78637300e-04
 -3.45338772e-04 -3.27294918e-04 -3.16349314e-04 -2.82857680e-04
 -2.90149947e-04 -2.39737740e-04 -2.49016429e-04 -2.28832076e-04
 -2.14365785e-04 -2.04896247e-04 -1.67621491e-04 -1.81971989e-04
 -1.34887864e-04 -1.28918480e-04 -1.01703843e-04 -8.82120043e-05
 -6.11951191e-05 -3.32796906e-05 -3.05479258e-05  2.21178631e-06
  1.05764865e-05  1.66835475e-05  4.70214541e-05  4.20239799e-05
  7.49403130e-05  7.17107301e-05  1.05501024e-04  1.11820627e-04
  1.49017804e-04  1.56962045e-04  1.72286903e-04  2.10057438e-04
  2.09913839e-04  2.26408658e-04  2.40871207e-04  2.46451857e-04
  2.61735408e-04  2.69117860e-04  2.91449913e-04  2.91791586e-04
  3.17584941e-04  3.33940710e-04  3.53764506e-04  3.72639909e-04
  3.65739582e-04  3.99405242e-04  4.03109947e-04  4.12550988e-04
  4.25140198e-04  4.18863857e-04  4.32967267e-04  4.37413014e-04
  4.70532343e-04  4.43653880e-04  4.80930011e-04  4.83097923e-04
  4.93038468e-04  5.14528838e-04  5.17020483e-04  5.16636842e-04
  5.27069433e-04  5.26595418e-04  5.22496520e-04  5.16544493e-04
  5.41572575e-04  5.11693495e-04  5.48667028e-04  5.26968211e-04
  5.37361551e-04  5.34235732e-04  5.41532404e-04  5.31956026e-04
  5.33921751e-04  5.44424497e-04  5.17993923e-04  5.40857199e-04
  5.21855399e-04  5.11878978e-04  5.10396030e-04  5.06561696e-04
  5.01727165e-04  4.82482039e-04  4.89770806e-04  4.93866955e-04
  4.66521847e-04  4.81120125e-04  4.43446197e-04  4.64756771e-04
  4.23701105e-04  4.38122809e-04  4.16780914e-04  3.89893958e-04
  3.91549415e-04  3.89593646e-04  3.80106984e-04  3.47215466e-04
  3.37387811e-04  3.53905421e-04  2.99776062e-04  3.24743542e-04
  2.75253379e-04  2.91367768e-04  2.56954529e-04  2.32604767e-04
  2.30051900e-04  1.85483002e-04  1.76991443e-04  1.58203043e-04
  1.44801244e-04  1.19599322e-04  8.22958838e-05  1.24807072e-04
  4.82786532e-05  4.55117059e-05  1.63889418e-05  7.96445929e-06
 -2.75459905e-05 -4.65777503e-05 -6.25853457e-05 -1.03390711e-04
 -1.22286774e-04 -1.30250477e-04 -1.73547093e-04 -1.76510583e-04
 -2.25016914e-04 -2.04243666e-04 -2.53745615e-04 -2.74230304e-04
 -3.12551151e-04 -3.13319766e-04 -3.48755867e-04 -3.74739407e-04
 -4.06615184e-04 -4.37525501e-04 -4.59359803e-04 -4.77620782e-04
 -5.08299234e-04 -5.11008528e-04 -5.43633943e-04 -5.59882616e-04
 -5.79863241e-04 -6.15679038e-04 -6.34278842e-04 -6.58777351e-04
 -6.86535616e-04 -7.27399015e-04 -7.40975794e-04 -7.91284638e-04
 -7.96969142e-04 -8.29652924e-04 -8.44949441e-04 -8.81332268e-04
 -8.69280505e-04 -8.96375837e-04 -9.45627473e-04 -9.42601941e-04
 -9.51905895e-04 -1.00487273e-03 -1.01910784e-03 -1.06214262e-03
 -1.06478686e-03 -1.13562805e-03 -1.11054232e-03 -1.14218766e-03
 -1.17352057e-03 -1.18019852e-03 -1.19579135e-03 -1.19443464e-03
 -1.25487928e-03 -1.24645275e-03 -1.26145699e-03 -1.32190894e-03
 -1.31366251e-03 -1.36715816e-03 -1.33670707e-03 -1.39536875e-03
 -1.38830386e-03 -1.38291772e-03 -1.41088795e-03 -1.43002980e-03
 -1.42044044e-03 -1.42029037e-03 -1.44854032e-03 -1.46342755e-03
 -1.43025532e-03 -1.50348146e-03 -1.50721429e-03 -1.50847527e-03
 -1.50189404e-03 -1.54948582e-03 -1.53107530e-03 -1.51759619e-03
 -1.54318424e-03 -1.56336109e-03 -1.52759446e-03 -1.55504167e-03
 -1.55179482e-03 -1.55763709e-03 -1.53362489e-03 -1.56428490e-03
 -1.57284163e-03 -1.54901397e-03 -1.53275323e-03 -1.57332150e-03
 -1.55620587e-03 -1.52373782e-03 -1.54033560e-03 -1.54773306e-03
 -1.52388132e-03 -1.48532610e-03 -1.50326314e-03 -1.48024850e-03
 -1.46477723e-03 -1.46314576e-03 -1.47291391e-03 -1.42192660e-03
 -1.39679950e-03 -1.42611066e-03 -1.38930013e-03 -1.34167072e-03
 -1.33569842e-03 -1.32287079e-03 -1.30373121e-03 -1.23872072e-03
 -1.26997454e-03 -1.20965557e-03 -1.19156550e-03 -1.17766096e-03
 -1.15272113e-03 -1.10679444e-03 -1.09785659e-03 -1.10090954e-03
 -1.03474508e-03 -9.93795602e-04 -9.77505014e-04 -9.30594853e-04
 -9.10662371e-04 -8.35363073e-04 -8.31406737e-04 -7.66308765e-04
 -7.34693879e-04 -7.13447556e-04 -6.53354647e-04 -6.08957032e-04
 -5.83394626e-04 -5.60073485e-04 -4.95513158e-04 -4.22006724e-04
 -4.29627061e-04 -3.72429563e-04 -3.27468206e-04 -2.42706572e-04
 -2.21272525e-04 -1.85977028e-04 -9.02188160e-05 -9.85899946e-05
 -6.65776321e-06  5.16828641e-05  7.10807318e-05  1.03438801e-04
  1.83861734e-04  2.96743035e-04  2.66940764e-04  3.49150914e-04
  4.66107506e-04  4.66832292e-04  5.39354429e-04  5.93781012e-04
  6.62368589e-04  6.93633040e-04  7.62043313e-04  8.53965445e-04
  8.79285364e-04  9.03089890e-04  9.96458687e-04  1.12190332e-03
  1.11911454e-03  1.11537269e-03  1.31341254e-03  1.32060992e-03
  1.37129807e-03  1.45079856e-03  1.49093108e-03  1.54870017e-03
  1.59404509e-03  1.67005798e-03  1.71084422e-03  1.75802932e-03
  1.87838223e-03  1.92046888e-03  1.98886588e-03  1.96362136e-03
  2.12176817e-03  2.19781545e-03  2.15551120e-03  2.28423559e-03
  2.34328054e-03  2.35225246e-03  2.40912174e-03  2.52820707e-03
  2.51689057e-03  2.52749413e-03  2.69586450e-03  2.70730982e-03
  2.71378342e-03  2.81952670e-03  2.85461796e-03  2.99720587e-03
  2.93880156e-03  3.00329575e-03  3.09315713e-03  3.06881875e-03
  3.08381555e-03  3.21695664e-03  3.22834769e-03  3.21148821e-03
  3.34933900e-03  3.37773931e-03  3.27079703e-03  3.40853407e-03
  3.43580314e-03  3.51289192e-03  3.49818342e-03  3.52691179e-03
  3.57881668e-03  3.54356091e-03  3.51273798e-03  3.59094503e-03
  3.62470635e-03  3.55746983e-03  3.64675580e-03  3.74134776e-03
  3.56911847e-03  3.66304189e-03  3.77677667e-03  3.71385667e-03
  3.61477670e-03  3.71041010e-03  3.59566557e-03  3.63564046e-03
  3.66759622e-03  3.60819748e-03  3.63528807e-03  3.61117603e-03
  3.55617369e-03  3.67246106e-03  3.50703227e-03  3.53347478e-03
  3.62916083e-03  3.55198799e-03  3.38552296e-03  3.51526032e-03
  3.37581816e-03  3.20168605e-03  3.37539834e-03  3.28342172e-03
  3.16130175e-03  3.22284331e-03  3.21864321e-03  3.16563571e-03
  2.98589550e-03  2.99448322e-03  2.98129081e-03  2.84317863e-03
  2.70767412e-03  2.71358132e-03  2.72206061e-03  2.42118033e-03
  2.55986303e-03  2.57227392e-03  2.28190799e-03  2.23591103e-03
  2.40249890e-03  2.27441805e-03  1.98108306e-03  2.13542062e-03]
